[2026-04-21T18:52:03.019+0530] {local_task_job_runner.py:123} INFO - ::group::Pre task execution logs
[2026-04-21T18:52:03.026+0530] {taskinstance.py:2613} INFO - Dependencies all met for dep_context=non-requeueable deps ti=<TaskInstance: latency_experiment.measure_latency scheduled__2026-04-21T13:21:00+00:00 [queued]>
[2026-04-21T18:52:03.031+0530] {taskinstance.py:2613} INFO - Dependencies all met for dep_context=requeueable deps ti=<TaskInstance: latency_experiment.measure_latency scheduled__2026-04-21T13:21:00+00:00 [queued]>
[2026-04-21T18:52:03.031+0530] {taskinstance.py:2866} INFO - Starting attempt 1 of 1
[2026-04-21T18:52:03.041+0530] {taskinstance.py:2889} INFO - Executing <Task(PythonOperator): measure_latency> on 2026-04-21 13:21:00+00:00
[2026-04-21T18:52:03.044+0530] {standard_task_runner.py:72} INFO - Started process 5942 to run task
[2026-04-21T18:52:03.048+0530] {standard_task_runner.py:104} INFO - Running: ['airflow', 'tasks', 'run', 'latency_experiment', 'measure_latency', 'scheduled__2026-04-21T13:21:00+00:00', '--job-id', '35', '--raw', '--subdir', 'DAGS_FOLDER/latency_experiment.py', '--cfg-path', '/tmp/tmprmdwopxk']
[2026-04-21T18:52:03.048+0530] {standard_task_runner.py:105} INFO - Job 35: Subtask measure_latency
[2026-04-21T18:52:03.080+0530] {task_command.py:467} INFO - Running <TaskInstance: latency_experiment.measure_latency scheduled__2026-04-21T13:21:00+00:00 [running]> on host ubantu-Victus-by-HP-Gaming-Laptop-15-fa1xxx
[2026-04-21T18:52:03.134+0530] {taskinstance.py:3132} INFO - Exporting env vars: AIRFLOW_CTX_DAG_OWNER='airflow' AIRFLOW_CTX_DAG_ID='latency_experiment' AIRFLOW_CTX_TASK_ID='measure_latency' AIRFLOW_CTX_EXECUTION_DATE='2026-04-21T13:21:00+00:00' AIRFLOW_CTX_TRY_NUMBER='1' AIRFLOW_CTX_DAG_RUN_ID='scheduled__2026-04-21T13:21:00+00:00'
[2026-04-21T18:52:03.135+0530] {logging_mixin.py:190} INFO - Task instance is in running state
[2026-04-21T18:52:03.135+0530] {logging_mixin.py:190} INFO -  Previous state of the Task instance: queued
[2026-04-21T18:52:03.135+0530] {logging_mixin.py:190} INFO - Current task name:measure_latency state:running start_date:2026-04-21 13:22:03.026980+00:00
[2026-04-21T18:52:03.135+0530] {logging_mixin.py:190} INFO - Dag name:latency_experiment and current dag run status:running
[2026-04-21T18:52:03.135+0530] {taskinstance.py:731} INFO - ::endgroup::
[2026-04-21T18:52:03.136+0530] {logging_mixin.py:190} INFO - SCHEDULING_LAG_SECONDS=63.14
[2026-04-21T18:52:03.136+0530] {logging_mixin.py:190} INFO - Scheduled for: 2026-04-21 13:21:00+00:00
[2026-04-21T18:52:03.136+0530] {logging_mixin.py:190} INFO - Actually started: 2026-04-21 13:22:03.136432+00:00
[2026-04-21T18:52:03.137+0530] {python.py:240} INFO - Done. Returned value was: None
[2026-04-21T18:52:03.141+0530] {taskinstance.py:340} INFO - ::group::Post task execution logs
[2026-04-21T18:52:03.141+0530] {taskinstance.py:352} INFO - Marking task as SUCCESS. dag_id=latency_experiment, task_id=measure_latency, run_id=scheduled__2026-04-21T13:21:00+00:00, execution_date=20260421T132100, start_date=20260421T132203, end_date=20260421T132203
[2026-04-21T18:52:03.149+0530] {logging_mixin.py:190} INFO - Task instance in success state
[2026-04-21T18:52:03.150+0530] {logging_mixin.py:190} INFO -  Previous state of the Task instance: running
[2026-04-21T18:52:03.150+0530] {logging_mixin.py:190} INFO - Dag name:latency_experiment queued_at:2026-04-21 13:22:01.489848+00:00
[2026-04-21T18:52:03.150+0530] {logging_mixin.py:190} INFO - Task hostname:ubantu-Victus-by-HP-Gaming-Laptop-15-fa1xxx operator:PythonOperator
[2026-04-21T18:52:03.180+0530] {local_task_job_runner.py:266} INFO - Task exited with return code 0
[2026-04-21T18:52:03.194+0530] {taskinstance.py:3895} INFO - 0 downstream tasks scheduled from follow-on schedule check
[2026-04-21T18:52:03.195+0530] {local_task_job_runner.py:245} INFO - ::endgroup::
