[2026-04-07T04:46:02.626+0530] {local_task_job_runner.py:123} INFO - ::group::Pre task execution logs
[2026-04-07T04:46:02.633+0530] {taskinstance.py:2613} INFO - Dependencies all met for dep_context=non-requeueable deps ti=<TaskInstance: latency_experiment.measure_latency scheduled__2026-04-06T23:15:00+00:00 [queued]>
[2026-04-07T04:46:02.641+0530] {taskinstance.py:2613} INFO - Dependencies all met for dep_context=requeueable deps ti=<TaskInstance: latency_experiment.measure_latency scheduled__2026-04-06T23:15:00+00:00 [queued]>
[2026-04-07T04:46:02.641+0530] {taskinstance.py:2866} INFO - Starting attempt 1 of 1
[2026-04-07T04:46:02.652+0530] {taskinstance.py:2889} INFO - Executing <Task(PythonOperator): measure_latency> on 2026-04-06 23:15:00+00:00
[2026-04-07T04:46:02.656+0530] {standard_task_runner.py:72} INFO - Started process 9543 to run task
[2026-04-07T04:46:02.659+0530] {standard_task_runner.py:104} INFO - Running: ['airflow', 'tasks', 'run', 'latency_experiment', 'measure_latency', 'scheduled__2026-04-06T23:15:00+00:00', '--job-id', '14', '--raw', '--subdir', 'DAGS_FOLDER/latency_experiment.py', '--cfg-path', '/tmp/tmpbd37l78m']
[2026-04-07T04:46:02.660+0530] {standard_task_runner.py:105} INFO - Job 14: Subtask measure_latency
[2026-04-07T04:46:02.688+0530] {task_command.py:467} INFO - Running <TaskInstance: latency_experiment.measure_latency scheduled__2026-04-06T23:15:00+00:00 [running]> on host ubantu-Victus-by-HP-Gaming-Laptop-15-fa1xxx
[2026-04-07T04:46:02.736+0530] {taskinstance.py:3132} INFO - Exporting env vars: AIRFLOW_CTX_DAG_OWNER='airflow' AIRFLOW_CTX_DAG_ID='latency_experiment' AIRFLOW_CTX_TASK_ID='measure_latency' AIRFLOW_CTX_EXECUTION_DATE='2026-04-06T23:15:00+00:00' AIRFLOW_CTX_TRY_NUMBER='1' AIRFLOW_CTX_DAG_RUN_ID='scheduled__2026-04-06T23:15:00+00:00'
[2026-04-07T04:46:02.737+0530] {logging_mixin.py:190} INFO - Task instance is in running state
[2026-04-07T04:46:02.737+0530] {logging_mixin.py:190} INFO -  Previous state of the Task instance: queued
[2026-04-07T04:46:02.737+0530] {logging_mixin.py:190} INFO - Current task name:measure_latency state:running start_date:2026-04-06 23:16:02.633482+00:00
[2026-04-07T04:46:02.737+0530] {logging_mixin.py:190} INFO - Dag name:latency_experiment and current dag run status:running
[2026-04-07T04:46:02.737+0530] {taskinstance.py:731} INFO - ::endgroup::
[2026-04-07T04:46:02.738+0530] {logging_mixin.py:190} INFO - SCHEDULING_LAG_SECONDS=62.74
[2026-04-07T04:46:02.738+0530] {logging_mixin.py:190} INFO - Scheduled for: 2026-04-06 23:15:00+00:00
[2026-04-07T04:46:02.738+0530] {logging_mixin.py:190} INFO - Actually started: 2026-04-06 23:16:02.738323+00:00
[2026-04-07T04:46:02.738+0530] {python.py:240} INFO - Done. Returned value was: None
[2026-04-07T04:46:02.741+0530] {taskinstance.py:340} INFO - ::group::Post task execution logs
[2026-04-07T04:46:02.742+0530] {taskinstance.py:352} INFO - Marking task as SUCCESS. dag_id=latency_experiment, task_id=measure_latency, run_id=scheduled__2026-04-06T23:15:00+00:00, execution_date=20260406T231500, start_date=20260406T231602, end_date=20260406T231602
[2026-04-07T04:46:02.749+0530] {logging_mixin.py:190} INFO - Task instance in success state
[2026-04-07T04:46:02.749+0530] {logging_mixin.py:190} INFO -  Previous state of the Task instance: running
[2026-04-07T04:46:02.749+0530] {logging_mixin.py:190} INFO - Dag name:latency_experiment queued_at:2026-04-06 23:16:01.104515+00:00
[2026-04-07T04:46:02.749+0530] {logging_mixin.py:190} INFO - Task hostname:ubantu-Victus-by-HP-Gaming-Laptop-15-fa1xxx operator:PythonOperator
[2026-04-07T04:46:02.792+0530] {local_task_job_runner.py:266} INFO - Task exited with return code 0
[2026-04-07T04:46:02.805+0530] {taskinstance.py:3895} INFO - 0 downstream tasks scheduled from follow-on schedule check
[2026-04-07T04:46:02.806+0530] {local_task_job_runner.py:245} INFO - ::endgroup::
