[2026-04-07T05:16:26.870+0530] {processor.py:186} INFO - Started process (PID=11461) to work on /home/ubantu/airflow/dags/generated/dag_43.py
[2026-04-07T05:16:26.871+0530] {processor.py:914} INFO - Processing file /home/ubantu/airflow/dags/generated/dag_43.py for tasks to queue
[2026-04-07T05:16:26.874+0530] {logging_mixin.py:190} INFO - [2026-04-07T05:16:26.873+0530] {dagbag.py:588} INFO - Filling up the DagBag from /home/ubantu/airflow/dags/generated/dag_43.py
[2026-04-07T05:16:26.884+0530] {processor.py:925} INFO - DAG(s) 'dag_43' retrieved from /home/ubantu/airflow/dags/generated/dag_43.py
[2026-04-07T05:16:26.978+0530] {logging_mixin.py:190} INFO - [2026-04-07T05:16:26.977+0530] {override.py:1911} INFO - Created Permission View: can read on DAG:dag_43
[2026-04-07T05:16:26.988+0530] {logging_mixin.py:190} INFO - [2026-04-07T05:16:26.988+0530] {override.py:1911} INFO - Created Permission View: can delete on DAG:dag_43
[2026-04-07T05:16:26.998+0530] {logging_mixin.py:190} INFO - [2026-04-07T05:16:26.997+0530] {override.py:1911} INFO - Created Permission View: can edit on DAG:dag_43
[2026-04-07T05:16:27.009+0530] {logging_mixin.py:190} INFO - [2026-04-07T05:16:27.009+0530] {override.py:1911} INFO - Created Permission View: can read on DAG Run:dag_43
[2026-04-07T05:16:27.017+0530] {logging_mixin.py:190} INFO - [2026-04-07T05:16:27.017+0530] {override.py:1911} INFO - Created Permission View: can create on DAG Run:dag_43
[2026-04-07T05:16:27.026+0530] {logging_mixin.py:190} INFO - [2026-04-07T05:16:27.025+0530] {override.py:1911} INFO - Created Permission View: can delete on DAG Run:dag_43
[2026-04-07T05:16:27.034+0530] {logging_mixin.py:190} INFO - [2026-04-07T05:16:27.033+0530] {override.py:1911} INFO - Created Permission View: menu access on DAG Run:dag_43
[2026-04-07T05:16:27.034+0530] {logging_mixin.py:190} INFO - [2026-04-07T05:16:27.034+0530] {dag.py:3239} INFO - Sync 1 DAGs
[2026-04-07T05:16:27.046+0530] {logging_mixin.py:190} INFO - [2026-04-07T05:16:27.045+0530] {dag.py:3262} INFO - Creating ORM DAG for dag_43
[2026-04-07T05:16:27.046+0530] {logging_mixin.py:190} INFO - [2026-04-07T05:16:27.046+0530] {dag.py:4180} INFO - Setting next_dagrun for dag_43 to None, run_after=None
[2026-04-07T05:16:27.061+0530] {processor.py:208} INFO - Processing /home/ubantu/airflow/dags/generated/dag_43.py took 0.197 seconds
[2026-04-07T05:18:21.679+0530] {processor.py:186} INFO - Started process (PID=12105) to work on /home/ubantu/airflow/dags/generated/dag_43.py
[2026-04-07T05:18:21.680+0530] {processor.py:914} INFO - Processing file /home/ubantu/airflow/dags/generated/dag_43.py for tasks to queue
[2026-04-07T05:18:21.683+0530] {logging_mixin.py:190} INFO - [2026-04-07T05:18:21.682+0530] {dagbag.py:588} INFO - Filling up the DagBag from /home/ubantu/airflow/dags/generated/dag_43.py
[2026-04-07T05:18:21.689+0530] {processor.py:925} INFO - DAG(s) 'dag_43' retrieved from /home/ubantu/airflow/dags/generated/dag_43.py
[2026-04-07T05:18:21.703+0530] {logging_mixin.py:190} INFO - [2026-04-07T05:18:21.702+0530] {dag.py:3239} INFO - Sync 1 DAGs
[2026-04-07T05:18:21.715+0530] {logging_mixin.py:190} INFO - [2026-04-07T05:18:21.714+0530] {dag.py:4180} INFO - Setting next_dagrun for dag_43 to None, run_after=None
[2026-04-07T05:18:21.732+0530] {processor.py:208} INFO - Processing /home/ubantu/airflow/dags/generated/dag_43.py took 0.057 seconds
