[2026-04-21T18:45:31.595+0530] {local_task_job_runner.py:123} INFO - ::group::Pre task execution logs
[2026-04-21T18:45:31.603+0530] {taskinstance.py:2613} INFO - Dependencies all met for dep_context=non-requeueable deps ti=<TaskInstance: latency_experiment.measure_latency manual__2026-04-17T09:09:14.203129+00:00 [queued]>
[2026-04-21T18:45:31.607+0530] {taskinstance.py:2613} INFO - Dependencies all met for dep_context=requeueable deps ti=<TaskInstance: latency_experiment.measure_latency manual__2026-04-17T09:09:14.203129+00:00 [queued]>
[2026-04-21T18:45:31.608+0530] {taskinstance.py:2866} INFO - Starting attempt 1 of 1
[2026-04-21T18:45:31.618+0530] {taskinstance.py:2889} INFO - Executing <Task(PythonOperator): measure_latency> on 2026-04-17 09:09:14.203129+00:00
[2026-04-21T18:45:31.621+0530] {standard_task_runner.py:72} INFO - Started process 5308 to run task
[2026-04-21T18:45:31.624+0530] {standard_task_runner.py:104} INFO - Running: ['airflow', 'tasks', 'run', 'latency_experiment', 'measure_latency', 'manual__2026-04-17T09:09:14.203129+00:00', '--job-id', '24', '--raw', '--subdir', 'DAGS_FOLDER/latency_experiment.py', '--cfg-path', '/tmp/tmprlo_ixkf']
[2026-04-21T18:45:31.625+0530] {standard_task_runner.py:105} INFO - Job 24: Subtask measure_latency
[2026-04-21T18:45:31.651+0530] {task_command.py:467} INFO - Running <TaskInstance: latency_experiment.measure_latency manual__2026-04-17T09:09:14.203129+00:00 [running]> on host ubantu-Victus-by-HP-Gaming-Laptop-15-fa1xxx
[2026-04-21T18:45:31.694+0530] {taskinstance.py:3132} INFO - Exporting env vars: AIRFLOW_CTX_DAG_OWNER='airflow' AIRFLOW_CTX_DAG_ID='latency_experiment' AIRFLOW_CTX_TASK_ID='measure_latency' AIRFLOW_CTX_EXECUTION_DATE='2026-04-17T09:09:14.203129+00:00' AIRFLOW_CTX_TRY_NUMBER='1' AIRFLOW_CTX_DAG_RUN_ID='manual__2026-04-17T09:09:14.203129+00:00'
[2026-04-21T18:45:31.694+0530] {logging_mixin.py:190} INFO - Task instance is in running state
[2026-04-21T18:45:31.694+0530] {logging_mixin.py:190} INFO -  Previous state of the Task instance: queued
[2026-04-21T18:45:31.695+0530] {logging_mixin.py:190} INFO - Current task name:measure_latency state:running start_date:2026-04-21 13:15:31.603638+00:00
[2026-04-21T18:45:31.695+0530] {logging_mixin.py:190} INFO - Dag name:latency_experiment and current dag run status:running
[2026-04-21T18:45:31.695+0530] {taskinstance.py:731} INFO - ::endgroup::
[2026-04-21T18:45:31.696+0530] {logging_mixin.py:190} INFO - SCHEDULING_LAG_SECONDS=360451.70
[2026-04-21T18:45:31.696+0530] {logging_mixin.py:190} INFO - Scheduled for: 2026-04-17 09:08:00+00:00
[2026-04-21T18:45:31.696+0530] {logging_mixin.py:190} INFO - Actually started: 2026-04-21 13:15:31.695834+00:00
[2026-04-21T18:45:31.696+0530] {python.py:240} INFO - Done. Returned value was: None
[2026-04-21T18:45:31.699+0530] {taskinstance.py:340} INFO - ::group::Post task execution logs
[2026-04-21T18:45:31.699+0530] {taskinstance.py:352} INFO - Marking task as SUCCESS. dag_id=latency_experiment, task_id=measure_latency, run_id=manual__2026-04-17T09:09:14.203129+00:00, execution_date=20260417T090914, start_date=20260421T131531, end_date=20260421T131531
[2026-04-21T18:45:31.706+0530] {logging_mixin.py:190} INFO - Task instance in success state
[2026-04-21T18:45:31.706+0530] {logging_mixin.py:190} INFO -  Previous state of the Task instance: running
[2026-04-21T18:45:31.706+0530] {logging_mixin.py:190} INFO - Dag name:latency_experiment queued_at:2026-04-17 09:09:14.221849+00:00
[2026-04-21T18:45:31.707+0530] {logging_mixin.py:190} INFO - Task hostname:ubantu-Victus-by-HP-Gaming-Laptop-15-fa1xxx operator:PythonOperator
[2026-04-21T18:45:31.716+0530] {local_task_job_runner.py:266} INFO - Task exited with return code 0
[2026-04-21T18:45:31.725+0530] {taskinstance.py:3895} INFO - 0 downstream tasks scheduled from follow-on schedule check
[2026-04-21T18:45:31.726+0530] {local_task_job_runner.py:245} INFO - ::endgroup::
