[2026-04-07T04:07:16.507+0530] {processor.py:186} INFO - Started process (PID=5621) to work on /home/ubantu/miniconda3/envs/airflow-env/lib/python3.11/site-packages/airflow/example_dags/subdags/subdag.py
[2026-04-07T04:07:16.507+0530] {processor.py:914} INFO - Processing file /home/ubantu/miniconda3/envs/airflow-env/lib/python3.11/site-packages/airflow/example_dags/subdags/subdag.py for tasks to queue
[2026-04-07T04:07:16.509+0530] {logging_mixin.py:190} INFO - [2026-04-07T04:07:16.509+0530] {dagbag.py:588} INFO - Filling up the DagBag from /home/ubantu/miniconda3/envs/airflow-env/lib/python3.11/site-packages/airflow/example_dags/subdags/subdag.py
[2026-04-07T04:07:16.511+0530] {processor.py:927} WARNING - No viable dags retrieved from /home/ubantu/miniconda3/envs/airflow-env/lib/python3.11/site-packages/airflow/example_dags/subdags/subdag.py
[2026-04-07T04:07:16.520+0530] {processor.py:208} INFO - Processing /home/ubantu/miniconda3/envs/airflow-env/lib/python3.11/site-packages/airflow/example_dags/subdags/subdag.py took 0.018 seconds
[2026-04-07T04:08:22.433+0530] {processor.py:186} INFO - Started process (PID=5889) to work on /home/ubantu/miniconda3/envs/airflow-env/lib/python3.11/site-packages/airflow/example_dags/subdags/subdag.py
[2026-04-07T04:08:22.434+0530] {processor.py:914} INFO - Processing file /home/ubantu/miniconda3/envs/airflow-env/lib/python3.11/site-packages/airflow/example_dags/subdags/subdag.py for tasks to queue
[2026-04-07T04:08:22.436+0530] {logging_mixin.py:190} INFO - [2026-04-07T04:08:22.436+0530] {dagbag.py:588} INFO - Filling up the DagBag from /home/ubantu/miniconda3/envs/airflow-env/lib/python3.11/site-packages/airflow/example_dags/subdags/subdag.py
[2026-04-07T04:08:22.438+0530] {processor.py:927} WARNING - No viable dags retrieved from /home/ubantu/miniconda3/envs/airflow-env/lib/python3.11/site-packages/airflow/example_dags/subdags/subdag.py
[2026-04-07T04:08:22.450+0530] {processor.py:208} INFO - Processing /home/ubantu/miniconda3/envs/airflow-env/lib/python3.11/site-packages/airflow/example_dags/subdags/subdag.py took 0.025 seconds
[2026-04-07T04:08:55.919+0530] {processor.py:186} INFO - Started process (PID=5988) to work on /home/ubantu/miniconda3/envs/airflow-env/lib/python3.11/site-packages/airflow/example_dags/subdags/subdag.py
[2026-04-07T04:08:55.920+0530] {processor.py:914} INFO - Processing file /home/ubantu/miniconda3/envs/airflow-env/lib/python3.11/site-packages/airflow/example_dags/subdags/subdag.py for tasks to queue
[2026-04-07T04:08:55.922+0530] {logging_mixin.py:190} INFO - [2026-04-07T04:08:55.922+0530] {dagbag.py:588} INFO - Filling up the DagBag from /home/ubantu/miniconda3/envs/airflow-env/lib/python3.11/site-packages/airflow/example_dags/subdags/subdag.py
[2026-04-07T04:08:55.925+0530] {processor.py:927} WARNING - No viable dags retrieved from /home/ubantu/miniconda3/envs/airflow-env/lib/python3.11/site-packages/airflow/example_dags/subdags/subdag.py
[2026-04-07T04:08:55.938+0530] {processor.py:208} INFO - Processing /home/ubantu/miniconda3/envs/airflow-env/lib/python3.11/site-packages/airflow/example_dags/subdags/subdag.py took 0.025 seconds
[2026-04-07T04:09:51.078+0530] {processor.py:186} INFO - Started process (PID=6154) to work on /home/ubantu/miniconda3/envs/airflow-env/lib/python3.11/site-packages/airflow/example_dags/subdags/subdag.py
[2026-04-07T04:09:51.079+0530] {processor.py:914} INFO - Processing file /home/ubantu/miniconda3/envs/airflow-env/lib/python3.11/site-packages/airflow/example_dags/subdags/subdag.py for tasks to queue
[2026-04-07T04:09:51.082+0530] {logging_mixin.py:190} INFO - [2026-04-07T04:09:51.082+0530] {dagbag.py:588} INFO - Filling up the DagBag from /home/ubantu/miniconda3/envs/airflow-env/lib/python3.11/site-packages/airflow/example_dags/subdags/subdag.py
[2026-04-07T04:09:51.084+0530] {processor.py:927} WARNING - No viable dags retrieved from /home/ubantu/miniconda3/envs/airflow-env/lib/python3.11/site-packages/airflow/example_dags/subdags/subdag.py
[2026-04-07T04:09:51.096+0530] {processor.py:208} INFO - Processing /home/ubantu/miniconda3/envs/airflow-env/lib/python3.11/site-packages/airflow/example_dags/subdags/subdag.py took 0.024 seconds
[2026-04-07T04:10:45.867+0530] {processor.py:186} INFO - Started process (PID=6224) to work on /home/ubantu/miniconda3/envs/airflow-env/lib/python3.11/site-packages/airflow/example_dags/subdags/subdag.py
[2026-04-07T04:10:45.868+0530] {processor.py:914} INFO - Processing file /home/ubantu/miniconda3/envs/airflow-env/lib/python3.11/site-packages/airflow/example_dags/subdags/subdag.py for tasks to queue
[2026-04-07T04:10:45.871+0530] {logging_mixin.py:190} INFO - [2026-04-07T04:10:45.870+0530] {dagbag.py:588} INFO - Filling up the DagBag from /home/ubantu/miniconda3/envs/airflow-env/lib/python3.11/site-packages/airflow/example_dags/subdags/subdag.py
[2026-04-07T04:10:45.873+0530] {processor.py:927} WARNING - No viable dags retrieved from /home/ubantu/miniconda3/envs/airflow-env/lib/python3.11/site-packages/airflow/example_dags/subdags/subdag.py
[2026-04-07T04:10:45.885+0530] {processor.py:208} INFO - Processing /home/ubantu/miniconda3/envs/airflow-env/lib/python3.11/site-packages/airflow/example_dags/subdags/subdag.py took 0.024 seconds
[2026-04-07T04:11:36.127+0530] {processor.py:186} INFO - Started process (PID=6280) to work on /home/ubantu/miniconda3/envs/airflow-env/lib/python3.11/site-packages/airflow/example_dags/subdags/subdag.py
[2026-04-07T04:11:36.128+0530] {processor.py:914} INFO - Processing file /home/ubantu/miniconda3/envs/airflow-env/lib/python3.11/site-packages/airflow/example_dags/subdags/subdag.py for tasks to queue
[2026-04-07T04:11:36.131+0530] {logging_mixin.py:190} INFO - [2026-04-07T04:11:36.130+0530] {dagbag.py:588} INFO - Filling up the DagBag from /home/ubantu/miniconda3/envs/airflow-env/lib/python3.11/site-packages/airflow/example_dags/subdags/subdag.py
[2026-04-07T04:11:36.133+0530] {processor.py:927} WARNING - No viable dags retrieved from /home/ubantu/miniconda3/envs/airflow-env/lib/python3.11/site-packages/airflow/example_dags/subdags/subdag.py
[2026-04-07T04:11:36.144+0530] {processor.py:208} INFO - Processing /home/ubantu/miniconda3/envs/airflow-env/lib/python3.11/site-packages/airflow/example_dags/subdags/subdag.py took 0.022 seconds
[2026-04-07T04:12:28.007+0530] {processor.py:186} INFO - Started process (PID=6348) to work on /home/ubantu/miniconda3/envs/airflow-env/lib/python3.11/site-packages/airflow/example_dags/subdags/subdag.py
[2026-04-07T04:12:28.008+0530] {processor.py:914} INFO - Processing file /home/ubantu/miniconda3/envs/airflow-env/lib/python3.11/site-packages/airflow/example_dags/subdags/subdag.py for tasks to queue
[2026-04-07T04:12:28.010+0530] {logging_mixin.py:190} INFO - [2026-04-07T04:12:28.010+0530] {dagbag.py:588} INFO - Filling up the DagBag from /home/ubantu/miniconda3/envs/airflow-env/lib/python3.11/site-packages/airflow/example_dags/subdags/subdag.py
[2026-04-07T04:12:28.013+0530] {processor.py:927} WARNING - No viable dags retrieved from /home/ubantu/miniconda3/envs/airflow-env/lib/python3.11/site-packages/airflow/example_dags/subdags/subdag.py
[2026-04-07T04:12:28.024+0530] {processor.py:208} INFO - Processing /home/ubantu/miniconda3/envs/airflow-env/lib/python3.11/site-packages/airflow/example_dags/subdags/subdag.py took 0.024 seconds
[2026-04-07T04:13:21.013+0530] {processor.py:186} INFO - Started process (PID=6408) to work on /home/ubantu/miniconda3/envs/airflow-env/lib/python3.11/site-packages/airflow/example_dags/subdags/subdag.py
[2026-04-07T04:13:21.014+0530] {processor.py:914} INFO - Processing file /home/ubantu/miniconda3/envs/airflow-env/lib/python3.11/site-packages/airflow/example_dags/subdags/subdag.py for tasks to queue
[2026-04-07T04:13:21.016+0530] {logging_mixin.py:190} INFO - [2026-04-07T04:13:21.016+0530] {dagbag.py:588} INFO - Filling up the DagBag from /home/ubantu/miniconda3/envs/airflow-env/lib/python3.11/site-packages/airflow/example_dags/subdags/subdag.py
[2026-04-07T04:13:21.018+0530] {processor.py:927} WARNING - No viable dags retrieved from /home/ubantu/miniconda3/envs/airflow-env/lib/python3.11/site-packages/airflow/example_dags/subdags/subdag.py
[2026-04-07T04:13:21.030+0530] {processor.py:208} INFO - Processing /home/ubantu/miniconda3/envs/airflow-env/lib/python3.11/site-packages/airflow/example_dags/subdags/subdag.py took 0.024 seconds
[2026-04-07T04:14:16.115+0530] {processor.py:186} INFO - Started process (PID=6476) to work on /home/ubantu/miniconda3/envs/airflow-env/lib/python3.11/site-packages/airflow/example_dags/subdags/subdag.py
[2026-04-07T04:14:16.116+0530] {processor.py:914} INFO - Processing file /home/ubantu/miniconda3/envs/airflow-env/lib/python3.11/site-packages/airflow/example_dags/subdags/subdag.py for tasks to queue
[2026-04-07T04:14:16.118+0530] {logging_mixin.py:190} INFO - [2026-04-07T04:14:16.118+0530] {dagbag.py:588} INFO - Filling up the DagBag from /home/ubantu/miniconda3/envs/airflow-env/lib/python3.11/site-packages/airflow/example_dags/subdags/subdag.py
[2026-04-07T04:14:16.121+0530] {processor.py:927} WARNING - No viable dags retrieved from /home/ubantu/miniconda3/envs/airflow-env/lib/python3.11/site-packages/airflow/example_dags/subdags/subdag.py
[2026-04-07T04:14:16.131+0530] {processor.py:208} INFO - Processing /home/ubantu/miniconda3/envs/airflow-env/lib/python3.11/site-packages/airflow/example_dags/subdags/subdag.py took 0.022 seconds
[2026-04-07T04:15:07.757+0530] {processor.py:186} INFO - Started process (PID=6537) to work on /home/ubantu/miniconda3/envs/airflow-env/lib/python3.11/site-packages/airflow/example_dags/subdags/subdag.py
[2026-04-07T04:15:07.758+0530] {processor.py:914} INFO - Processing file /home/ubantu/miniconda3/envs/airflow-env/lib/python3.11/site-packages/airflow/example_dags/subdags/subdag.py for tasks to queue
[2026-04-07T04:15:07.761+0530] {logging_mixin.py:190} INFO - [2026-04-07T04:15:07.760+0530] {dagbag.py:588} INFO - Filling up the DagBag from /home/ubantu/miniconda3/envs/airflow-env/lib/python3.11/site-packages/airflow/example_dags/subdags/subdag.py
[2026-04-07T04:15:07.763+0530] {processor.py:927} WARNING - No viable dags retrieved from /home/ubantu/miniconda3/envs/airflow-env/lib/python3.11/site-packages/airflow/example_dags/subdags/subdag.py
[2026-04-07T04:15:07.773+0530] {processor.py:208} INFO - Processing /home/ubantu/miniconda3/envs/airflow-env/lib/python3.11/site-packages/airflow/example_dags/subdags/subdag.py took 0.022 seconds
[2026-04-07T04:15:59.161+0530] {processor.py:186} INFO - Started process (PID=6595) to work on /home/ubantu/miniconda3/envs/airflow-env/lib/python3.11/site-packages/airflow/example_dags/subdags/subdag.py
[2026-04-07T04:15:59.162+0530] {processor.py:914} INFO - Processing file /home/ubantu/miniconda3/envs/airflow-env/lib/python3.11/site-packages/airflow/example_dags/subdags/subdag.py for tasks to queue
[2026-04-07T04:15:59.164+0530] {logging_mixin.py:190} INFO - [2026-04-07T04:15:59.164+0530] {dagbag.py:588} INFO - Filling up the DagBag from /home/ubantu/miniconda3/envs/airflow-env/lib/python3.11/site-packages/airflow/example_dags/subdags/subdag.py
[2026-04-07T04:15:59.166+0530] {processor.py:927} WARNING - No viable dags retrieved from /home/ubantu/miniconda3/envs/airflow-env/lib/python3.11/site-packages/airflow/example_dags/subdags/subdag.py
[2026-04-07T04:15:59.178+0530] {processor.py:208} INFO - Processing /home/ubantu/miniconda3/envs/airflow-env/lib/python3.11/site-packages/airflow/example_dags/subdags/subdag.py took 0.024 seconds
[2026-04-07T04:16:50.578+0530] {processor.py:186} INFO - Started process (PID=6654) to work on /home/ubantu/miniconda3/envs/airflow-env/lib/python3.11/site-packages/airflow/example_dags/subdags/subdag.py
[2026-04-07T04:16:50.579+0530] {processor.py:914} INFO - Processing file /home/ubantu/miniconda3/envs/airflow-env/lib/python3.11/site-packages/airflow/example_dags/subdags/subdag.py for tasks to queue
[2026-04-07T04:16:50.581+0530] {logging_mixin.py:190} INFO - [2026-04-07T04:16:50.581+0530] {dagbag.py:588} INFO - Filling up the DagBag from /home/ubantu/miniconda3/envs/airflow-env/lib/python3.11/site-packages/airflow/example_dags/subdags/subdag.py
[2026-04-07T04:16:50.584+0530] {processor.py:927} WARNING - No viable dags retrieved from /home/ubantu/miniconda3/envs/airflow-env/lib/python3.11/site-packages/airflow/example_dags/subdags/subdag.py
[2026-04-07T04:16:50.594+0530] {processor.py:208} INFO - Processing /home/ubantu/miniconda3/envs/airflow-env/lib/python3.11/site-packages/airflow/example_dags/subdags/subdag.py took 0.022 seconds
[2026-04-07T04:17:38.496+0530] {processor.py:186} INFO - Started process (PID=6715) to work on /home/ubantu/miniconda3/envs/airflow-env/lib/python3.11/site-packages/airflow/example_dags/subdags/subdag.py
[2026-04-07T04:17:38.497+0530] {processor.py:914} INFO - Processing file /home/ubantu/miniconda3/envs/airflow-env/lib/python3.11/site-packages/airflow/example_dags/subdags/subdag.py for tasks to queue
[2026-04-07T04:17:38.499+0530] {logging_mixin.py:190} INFO - [2026-04-07T04:17:38.499+0530] {dagbag.py:588} INFO - Filling up the DagBag from /home/ubantu/miniconda3/envs/airflow-env/lib/python3.11/site-packages/airflow/example_dags/subdags/subdag.py
[2026-04-07T04:17:38.502+0530] {processor.py:927} WARNING - No viable dags retrieved from /home/ubantu/miniconda3/envs/airflow-env/lib/python3.11/site-packages/airflow/example_dags/subdags/subdag.py
[2026-04-07T04:17:38.514+0530] {processor.py:208} INFO - Processing /home/ubantu/miniconda3/envs/airflow-env/lib/python3.11/site-packages/airflow/example_dags/subdags/subdag.py took 0.025 seconds
[2026-04-07T04:18:30.840+0530] {processor.py:186} INFO - Started process (PID=6778) to work on /home/ubantu/miniconda3/envs/airflow-env/lib/python3.11/site-packages/airflow/example_dags/subdags/subdag.py
[2026-04-07T04:18:30.841+0530] {processor.py:914} INFO - Processing file /home/ubantu/miniconda3/envs/airflow-env/lib/python3.11/site-packages/airflow/example_dags/subdags/subdag.py for tasks to queue
[2026-04-07T04:18:30.844+0530] {logging_mixin.py:190} INFO - [2026-04-07T04:18:30.843+0530] {dagbag.py:588} INFO - Filling up the DagBag from /home/ubantu/miniconda3/envs/airflow-env/lib/python3.11/site-packages/airflow/example_dags/subdags/subdag.py
[2026-04-07T04:18:30.846+0530] {processor.py:927} WARNING - No viable dags retrieved from /home/ubantu/miniconda3/envs/airflow-env/lib/python3.11/site-packages/airflow/example_dags/subdags/subdag.py
[2026-04-07T04:18:30.858+0530] {processor.py:208} INFO - Processing /home/ubantu/miniconda3/envs/airflow-env/lib/python3.11/site-packages/airflow/example_dags/subdags/subdag.py took 0.025 seconds
[2026-04-07T04:19:23.409+0530] {processor.py:186} INFO - Started process (PID=6883) to work on /home/ubantu/miniconda3/envs/airflow-env/lib/python3.11/site-packages/airflow/example_dags/subdags/subdag.py
[2026-04-07T04:19:23.411+0530] {processor.py:914} INFO - Processing file /home/ubantu/miniconda3/envs/airflow-env/lib/python3.11/site-packages/airflow/example_dags/subdags/subdag.py for tasks to queue
[2026-04-07T04:19:23.413+0530] {logging_mixin.py:190} INFO - [2026-04-07T04:19:23.413+0530] {dagbag.py:588} INFO - Filling up the DagBag from /home/ubantu/miniconda3/envs/airflow-env/lib/python3.11/site-packages/airflow/example_dags/subdags/subdag.py
[2026-04-07T04:19:23.415+0530] {processor.py:927} WARNING - No viable dags retrieved from /home/ubantu/miniconda3/envs/airflow-env/lib/python3.11/site-packages/airflow/example_dags/subdags/subdag.py
[2026-04-07T04:19:23.426+0530] {processor.py:208} INFO - Processing /home/ubantu/miniconda3/envs/airflow-env/lib/python3.11/site-packages/airflow/example_dags/subdags/subdag.py took 0.023 seconds
[2026-04-07T04:20:13.685+0530] {processor.py:186} INFO - Started process (PID=6943) to work on /home/ubantu/miniconda3/envs/airflow-env/lib/python3.11/site-packages/airflow/example_dags/subdags/subdag.py
[2026-04-07T04:20:13.686+0530] {processor.py:914} INFO - Processing file /home/ubantu/miniconda3/envs/airflow-env/lib/python3.11/site-packages/airflow/example_dags/subdags/subdag.py for tasks to queue
[2026-04-07T04:20:13.688+0530] {logging_mixin.py:190} INFO - [2026-04-07T04:20:13.688+0530] {dagbag.py:588} INFO - Filling up the DagBag from /home/ubantu/miniconda3/envs/airflow-env/lib/python3.11/site-packages/airflow/example_dags/subdags/subdag.py
[2026-04-07T04:20:13.691+0530] {processor.py:927} WARNING - No viable dags retrieved from /home/ubantu/miniconda3/envs/airflow-env/lib/python3.11/site-packages/airflow/example_dags/subdags/subdag.py
[2026-04-07T04:20:13.702+0530] {processor.py:208} INFO - Processing /home/ubantu/miniconda3/envs/airflow-env/lib/python3.11/site-packages/airflow/example_dags/subdags/subdag.py took 0.023 seconds
[2026-04-07T04:21:07.507+0530] {processor.py:186} INFO - Started process (PID=7001) to work on /home/ubantu/miniconda3/envs/airflow-env/lib/python3.11/site-packages/airflow/example_dags/subdags/subdag.py
[2026-04-07T04:21:07.509+0530] {processor.py:914} INFO - Processing file /home/ubantu/miniconda3/envs/airflow-env/lib/python3.11/site-packages/airflow/example_dags/subdags/subdag.py for tasks to queue
[2026-04-07T04:21:07.511+0530] {logging_mixin.py:190} INFO - [2026-04-07T04:21:07.510+0530] {dagbag.py:588} INFO - Filling up the DagBag from /home/ubantu/miniconda3/envs/airflow-env/lib/python3.11/site-packages/airflow/example_dags/subdags/subdag.py
[2026-04-07T04:21:07.513+0530] {processor.py:927} WARNING - No viable dags retrieved from /home/ubantu/miniconda3/envs/airflow-env/lib/python3.11/site-packages/airflow/example_dags/subdags/subdag.py
[2026-04-07T04:21:07.524+0530] {processor.py:208} INFO - Processing /home/ubantu/miniconda3/envs/airflow-env/lib/python3.11/site-packages/airflow/example_dags/subdags/subdag.py took 0.023 seconds
[2026-04-07T04:22:01.436+0530] {processor.py:186} INFO - Started process (PID=7063) to work on /home/ubantu/miniconda3/envs/airflow-env/lib/python3.11/site-packages/airflow/example_dags/subdags/subdag.py
[2026-04-07T04:22:01.437+0530] {processor.py:914} INFO - Processing file /home/ubantu/miniconda3/envs/airflow-env/lib/python3.11/site-packages/airflow/example_dags/subdags/subdag.py for tasks to queue
[2026-04-07T04:22:01.440+0530] {logging_mixin.py:190} INFO - [2026-04-07T04:22:01.439+0530] {dagbag.py:588} INFO - Filling up the DagBag from /home/ubantu/miniconda3/envs/airflow-env/lib/python3.11/site-packages/airflow/example_dags/subdags/subdag.py
[2026-04-07T04:22:01.442+0530] {processor.py:927} WARNING - No viable dags retrieved from /home/ubantu/miniconda3/envs/airflow-env/lib/python3.11/site-packages/airflow/example_dags/subdags/subdag.py
[2026-04-07T04:22:01.453+0530] {processor.py:208} INFO - Processing /home/ubantu/miniconda3/envs/airflow-env/lib/python3.11/site-packages/airflow/example_dags/subdags/subdag.py took 0.022 seconds
[2026-04-07T04:22:56.294+0530] {processor.py:186} INFO - Started process (PID=7144) to work on /home/ubantu/miniconda3/envs/airflow-env/lib/python3.11/site-packages/airflow/example_dags/subdags/subdag.py
[2026-04-07T04:22:56.295+0530] {processor.py:914} INFO - Processing file /home/ubantu/miniconda3/envs/airflow-env/lib/python3.11/site-packages/airflow/example_dags/subdags/subdag.py for tasks to queue
[2026-04-07T04:22:56.298+0530] {logging_mixin.py:190} INFO - [2026-04-07T04:22:56.297+0530] {dagbag.py:588} INFO - Filling up the DagBag from /home/ubantu/miniconda3/envs/airflow-env/lib/python3.11/site-packages/airflow/example_dags/subdags/subdag.py
[2026-04-07T04:22:56.300+0530] {processor.py:927} WARNING - No viable dags retrieved from /home/ubantu/miniconda3/envs/airflow-env/lib/python3.11/site-packages/airflow/example_dags/subdags/subdag.py
[2026-04-07T04:22:56.314+0530] {processor.py:208} INFO - Processing /home/ubantu/miniconda3/envs/airflow-env/lib/python3.11/site-packages/airflow/example_dags/subdags/subdag.py took 0.028 seconds
[2026-04-07T04:23:47.577+0530] {processor.py:186} INFO - Started process (PID=7237) to work on /home/ubantu/miniconda3/envs/airflow-env/lib/python3.11/site-packages/airflow/example_dags/subdags/subdag.py
[2026-04-07T04:23:47.579+0530] {processor.py:914} INFO - Processing file /home/ubantu/miniconda3/envs/airflow-env/lib/python3.11/site-packages/airflow/example_dags/subdags/subdag.py for tasks to queue
[2026-04-07T04:23:47.581+0530] {logging_mixin.py:190} INFO - [2026-04-07T04:23:47.581+0530] {dagbag.py:588} INFO - Filling up the DagBag from /home/ubantu/miniconda3/envs/airflow-env/lib/python3.11/site-packages/airflow/example_dags/subdags/subdag.py
[2026-04-07T04:23:47.584+0530] {processor.py:927} WARNING - No viable dags retrieved from /home/ubantu/miniconda3/envs/airflow-env/lib/python3.11/site-packages/airflow/example_dags/subdags/subdag.py
[2026-04-07T04:23:47.599+0530] {processor.py:208} INFO - Processing /home/ubantu/miniconda3/envs/airflow-env/lib/python3.11/site-packages/airflow/example_dags/subdags/subdag.py took 0.030 seconds
[2026-04-07T04:24:39.230+0530] {processor.py:186} INFO - Started process (PID=7335) to work on /home/ubantu/miniconda3/envs/airflow-env/lib/python3.11/site-packages/airflow/example_dags/subdags/subdag.py
[2026-04-07T04:24:39.231+0530] {processor.py:914} INFO - Processing file /home/ubantu/miniconda3/envs/airflow-env/lib/python3.11/site-packages/airflow/example_dags/subdags/subdag.py for tasks to queue
[2026-04-07T04:24:39.233+0530] {logging_mixin.py:190} INFO - [2026-04-07T04:24:39.233+0530] {dagbag.py:588} INFO - Filling up the DagBag from /home/ubantu/miniconda3/envs/airflow-env/lib/python3.11/site-packages/airflow/example_dags/subdags/subdag.py
[2026-04-07T04:24:39.236+0530] {processor.py:927} WARNING - No viable dags retrieved from /home/ubantu/miniconda3/envs/airflow-env/lib/python3.11/site-packages/airflow/example_dags/subdags/subdag.py
[2026-04-07T04:24:39.247+0530] {processor.py:208} INFO - Processing /home/ubantu/miniconda3/envs/airflow-env/lib/python3.11/site-packages/airflow/example_dags/subdags/subdag.py took 0.023 seconds
[2026-04-07T04:25:33.189+0530] {processor.py:186} INFO - Started process (PID=7425) to work on /home/ubantu/miniconda3/envs/airflow-env/lib/python3.11/site-packages/airflow/example_dags/subdags/subdag.py
[2026-04-07T04:25:33.191+0530] {processor.py:914} INFO - Processing file /home/ubantu/miniconda3/envs/airflow-env/lib/python3.11/site-packages/airflow/example_dags/subdags/subdag.py for tasks to queue
[2026-04-07T04:25:33.193+0530] {logging_mixin.py:190} INFO - [2026-04-07T04:25:33.193+0530] {dagbag.py:588} INFO - Filling up the DagBag from /home/ubantu/miniconda3/envs/airflow-env/lib/python3.11/site-packages/airflow/example_dags/subdags/subdag.py
[2026-04-07T04:25:33.196+0530] {processor.py:927} WARNING - No viable dags retrieved from /home/ubantu/miniconda3/envs/airflow-env/lib/python3.11/site-packages/airflow/example_dags/subdags/subdag.py
[2026-04-07T04:25:33.208+0530] {processor.py:208} INFO - Processing /home/ubantu/miniconda3/envs/airflow-env/lib/python3.11/site-packages/airflow/example_dags/subdags/subdag.py took 0.029 seconds
[2026-04-07T04:26:28.781+0530] {processor.py:186} INFO - Started process (PID=7493) to work on /home/ubantu/miniconda3/envs/airflow-env/lib/python3.11/site-packages/airflow/example_dags/subdags/subdag.py
[2026-04-07T04:26:28.782+0530] {processor.py:914} INFO - Processing file /home/ubantu/miniconda3/envs/airflow-env/lib/python3.11/site-packages/airflow/example_dags/subdags/subdag.py for tasks to queue
[2026-04-07T04:26:28.784+0530] {logging_mixin.py:190} INFO - [2026-04-07T04:26:28.783+0530] {dagbag.py:588} INFO - Filling up the DagBag from /home/ubantu/miniconda3/envs/airflow-env/lib/python3.11/site-packages/airflow/example_dags/subdags/subdag.py
[2026-04-07T04:26:28.786+0530] {processor.py:927} WARNING - No viable dags retrieved from /home/ubantu/miniconda3/envs/airflow-env/lib/python3.11/site-packages/airflow/example_dags/subdags/subdag.py
[2026-04-07T04:26:28.796+0530] {processor.py:208} INFO - Processing /home/ubantu/miniconda3/envs/airflow-env/lib/python3.11/site-packages/airflow/example_dags/subdags/subdag.py took 0.021 seconds
[2026-04-07T04:27:23.132+0530] {processor.py:186} INFO - Started process (PID=7560) to work on /home/ubantu/miniconda3/envs/airflow-env/lib/python3.11/site-packages/airflow/example_dags/subdags/subdag.py
[2026-04-07T04:27:23.133+0530] {processor.py:914} INFO - Processing file /home/ubantu/miniconda3/envs/airflow-env/lib/python3.11/site-packages/airflow/example_dags/subdags/subdag.py for tasks to queue
[2026-04-07T04:27:23.135+0530] {logging_mixin.py:190} INFO - [2026-04-07T04:27:23.135+0530] {dagbag.py:588} INFO - Filling up the DagBag from /home/ubantu/miniconda3/envs/airflow-env/lib/python3.11/site-packages/airflow/example_dags/subdags/subdag.py
[2026-04-07T04:27:23.137+0530] {processor.py:927} WARNING - No viable dags retrieved from /home/ubantu/miniconda3/envs/airflow-env/lib/python3.11/site-packages/airflow/example_dags/subdags/subdag.py
[2026-04-07T04:27:23.148+0530] {processor.py:208} INFO - Processing /home/ubantu/miniconda3/envs/airflow-env/lib/python3.11/site-packages/airflow/example_dags/subdags/subdag.py took 0.022 seconds
[2026-04-07T04:28:14.818+0530] {processor.py:186} INFO - Started process (PID=7622) to work on /home/ubantu/miniconda3/envs/airflow-env/lib/python3.11/site-packages/airflow/example_dags/subdags/subdag.py
[2026-04-07T04:28:14.818+0530] {processor.py:914} INFO - Processing file /home/ubantu/miniconda3/envs/airflow-env/lib/python3.11/site-packages/airflow/example_dags/subdags/subdag.py for tasks to queue
[2026-04-07T04:28:14.820+0530] {logging_mixin.py:190} INFO - [2026-04-07T04:28:14.820+0530] {dagbag.py:588} INFO - Filling up the DagBag from /home/ubantu/miniconda3/envs/airflow-env/lib/python3.11/site-packages/airflow/example_dags/subdags/subdag.py
[2026-04-07T04:28:14.822+0530] {processor.py:927} WARNING - No viable dags retrieved from /home/ubantu/miniconda3/envs/airflow-env/lib/python3.11/site-packages/airflow/example_dags/subdags/subdag.py
[2026-04-07T04:28:14.833+0530] {processor.py:208} INFO - Processing /home/ubantu/miniconda3/envs/airflow-env/lib/python3.11/site-packages/airflow/example_dags/subdags/subdag.py took 0.021 seconds
[2026-04-07T04:29:07.029+0530] {processor.py:186} INFO - Started process (PID=7692) to work on /home/ubantu/miniconda3/envs/airflow-env/lib/python3.11/site-packages/airflow/example_dags/subdags/subdag.py
[2026-04-07T04:29:07.032+0530] {processor.py:914} INFO - Processing file /home/ubantu/miniconda3/envs/airflow-env/lib/python3.11/site-packages/airflow/example_dags/subdags/subdag.py for tasks to queue
[2026-04-07T04:29:07.033+0530] {logging_mixin.py:190} INFO - [2026-04-07T04:29:07.033+0530] {dagbag.py:588} INFO - Filling up the DagBag from /home/ubantu/miniconda3/envs/airflow-env/lib/python3.11/site-packages/airflow/example_dags/subdags/subdag.py
[2026-04-07T04:29:07.035+0530] {processor.py:927} WARNING - No viable dags retrieved from /home/ubantu/miniconda3/envs/airflow-env/lib/python3.11/site-packages/airflow/example_dags/subdags/subdag.py
[2026-04-07T04:29:07.045+0530] {processor.py:208} INFO - Processing /home/ubantu/miniconda3/envs/airflow-env/lib/python3.11/site-packages/airflow/example_dags/subdags/subdag.py took 0.021 seconds
[2026-04-07T04:30:04.817+0530] {processor.py:186} INFO - Started process (PID=7756) to work on /home/ubantu/miniconda3/envs/airflow-env/lib/python3.11/site-packages/airflow/example_dags/subdags/subdag.py
[2026-04-07T04:30:04.820+0530] {processor.py:914} INFO - Processing file /home/ubantu/miniconda3/envs/airflow-env/lib/python3.11/site-packages/airflow/example_dags/subdags/subdag.py for tasks to queue
[2026-04-07T04:30:04.822+0530] {logging_mixin.py:190} INFO - [2026-04-07T04:30:04.822+0530] {dagbag.py:588} INFO - Filling up the DagBag from /home/ubantu/miniconda3/envs/airflow-env/lib/python3.11/site-packages/airflow/example_dags/subdags/subdag.py
[2026-04-07T04:30:04.825+0530] {processor.py:927} WARNING - No viable dags retrieved from /home/ubantu/miniconda3/envs/airflow-env/lib/python3.11/site-packages/airflow/example_dags/subdags/subdag.py
[2026-04-07T04:30:04.837+0530] {processor.py:208} INFO - Processing /home/ubantu/miniconda3/envs/airflow-env/lib/python3.11/site-packages/airflow/example_dags/subdags/subdag.py took 0.027 seconds
[2026-04-07T04:31:02.971+0530] {processor.py:186} INFO - Started process (PID=7827) to work on /home/ubantu/miniconda3/envs/airflow-env/lib/python3.11/site-packages/airflow/example_dags/subdags/subdag.py
[2026-04-07T04:31:02.975+0530] {processor.py:914} INFO - Processing file /home/ubantu/miniconda3/envs/airflow-env/lib/python3.11/site-packages/airflow/example_dags/subdags/subdag.py for tasks to queue
[2026-04-07T04:31:02.978+0530] {logging_mixin.py:190} INFO - [2026-04-07T04:31:02.977+0530] {dagbag.py:588} INFO - Filling up the DagBag from /home/ubantu/miniconda3/envs/airflow-env/lib/python3.11/site-packages/airflow/example_dags/subdags/subdag.py
[2026-04-07T04:31:02.981+0530] {processor.py:927} WARNING - No viable dags retrieved from /home/ubantu/miniconda3/envs/airflow-env/lib/python3.11/site-packages/airflow/example_dags/subdags/subdag.py
[2026-04-07T04:31:02.996+0530] {processor.py:208} INFO - Processing /home/ubantu/miniconda3/envs/airflow-env/lib/python3.11/site-packages/airflow/example_dags/subdags/subdag.py took 0.032 seconds
[2026-04-07T04:32:02.183+0530] {processor.py:186} INFO - Started process (PID=7893) to work on /home/ubantu/miniconda3/envs/airflow-env/lib/python3.11/site-packages/airflow/example_dags/subdags/subdag.py
[2026-04-07T04:32:02.185+0530] {processor.py:914} INFO - Processing file /home/ubantu/miniconda3/envs/airflow-env/lib/python3.11/site-packages/airflow/example_dags/subdags/subdag.py for tasks to queue
[2026-04-07T04:32:02.187+0530] {logging_mixin.py:190} INFO - [2026-04-07T04:32:02.187+0530] {dagbag.py:588} INFO - Filling up the DagBag from /home/ubantu/miniconda3/envs/airflow-env/lib/python3.11/site-packages/airflow/example_dags/subdags/subdag.py
[2026-04-07T04:32:02.189+0530] {processor.py:927} WARNING - No viable dags retrieved from /home/ubantu/miniconda3/envs/airflow-env/lib/python3.11/site-packages/airflow/example_dags/subdags/subdag.py
[2026-04-07T04:32:02.198+0530] {processor.py:208} INFO - Processing /home/ubantu/miniconda3/envs/airflow-env/lib/python3.11/site-packages/airflow/example_dags/subdags/subdag.py took 0.021 seconds
[2026-04-07T04:32:58.123+0530] {processor.py:186} INFO - Started process (PID=7967) to work on /home/ubantu/miniconda3/envs/airflow-env/lib/python3.11/site-packages/airflow/example_dags/subdags/subdag.py
[2026-04-07T04:32:58.124+0530] {processor.py:914} INFO - Processing file /home/ubantu/miniconda3/envs/airflow-env/lib/python3.11/site-packages/airflow/example_dags/subdags/subdag.py for tasks to queue
[2026-04-07T04:32:58.126+0530] {logging_mixin.py:190} INFO - [2026-04-07T04:32:58.126+0530] {dagbag.py:588} INFO - Filling up the DagBag from /home/ubantu/miniconda3/envs/airflow-env/lib/python3.11/site-packages/airflow/example_dags/subdags/subdag.py
[2026-04-07T04:32:58.128+0530] {processor.py:927} WARNING - No viable dags retrieved from /home/ubantu/miniconda3/envs/airflow-env/lib/python3.11/site-packages/airflow/example_dags/subdags/subdag.py
[2026-04-07T04:32:58.139+0530] {processor.py:208} INFO - Processing /home/ubantu/miniconda3/envs/airflow-env/lib/python3.11/site-packages/airflow/example_dags/subdags/subdag.py took 0.023 seconds
[2026-04-07T04:33:51.640+0530] {processor.py:186} INFO - Started process (PID=8147) to work on /home/ubantu/miniconda3/envs/airflow-env/lib/python3.11/site-packages/airflow/example_dags/subdags/subdag.py
[2026-04-07T04:33:51.641+0530] {processor.py:914} INFO - Processing file /home/ubantu/miniconda3/envs/airflow-env/lib/python3.11/site-packages/airflow/example_dags/subdags/subdag.py for tasks to queue
[2026-04-07T04:33:51.644+0530] {logging_mixin.py:190} INFO - [2026-04-07T04:33:51.643+0530] {dagbag.py:588} INFO - Filling up the DagBag from /home/ubantu/miniconda3/envs/airflow-env/lib/python3.11/site-packages/airflow/example_dags/subdags/subdag.py
[2026-04-07T04:33:51.646+0530] {processor.py:927} WARNING - No viable dags retrieved from /home/ubantu/miniconda3/envs/airflow-env/lib/python3.11/site-packages/airflow/example_dags/subdags/subdag.py
[2026-04-07T04:33:51.659+0530] {processor.py:208} INFO - Processing /home/ubantu/miniconda3/envs/airflow-env/lib/python3.11/site-packages/airflow/example_dags/subdags/subdag.py took 0.026 seconds
[2026-04-07T04:34:47.586+0530] {processor.py:186} INFO - Started process (PID=8217) to work on /home/ubantu/miniconda3/envs/airflow-env/lib/python3.11/site-packages/airflow/example_dags/subdags/subdag.py
[2026-04-07T04:34:47.587+0530] {processor.py:914} INFO - Processing file /home/ubantu/miniconda3/envs/airflow-env/lib/python3.11/site-packages/airflow/example_dags/subdags/subdag.py for tasks to queue
[2026-04-07T04:34:47.589+0530] {logging_mixin.py:190} INFO - [2026-04-07T04:34:47.589+0530] {dagbag.py:588} INFO - Filling up the DagBag from /home/ubantu/miniconda3/envs/airflow-env/lib/python3.11/site-packages/airflow/example_dags/subdags/subdag.py
[2026-04-07T04:34:47.592+0530] {processor.py:927} WARNING - No viable dags retrieved from /home/ubantu/miniconda3/envs/airflow-env/lib/python3.11/site-packages/airflow/example_dags/subdags/subdag.py
[2026-04-07T04:34:47.606+0530] {processor.py:208} INFO - Processing /home/ubantu/miniconda3/envs/airflow-env/lib/python3.11/site-packages/airflow/example_dags/subdags/subdag.py took 0.028 seconds
[2026-04-07T04:35:39.482+0530] {processor.py:186} INFO - Started process (PID=8290) to work on /home/ubantu/miniconda3/envs/airflow-env/lib/python3.11/site-packages/airflow/example_dags/subdags/subdag.py
[2026-04-07T04:35:39.483+0530] {processor.py:914} INFO - Processing file /home/ubantu/miniconda3/envs/airflow-env/lib/python3.11/site-packages/airflow/example_dags/subdags/subdag.py for tasks to queue
[2026-04-07T04:35:39.485+0530] {logging_mixin.py:190} INFO - [2026-04-07T04:35:39.485+0530] {dagbag.py:588} INFO - Filling up the DagBag from /home/ubantu/miniconda3/envs/airflow-env/lib/python3.11/site-packages/airflow/example_dags/subdags/subdag.py
[2026-04-07T04:35:39.487+0530] {processor.py:927} WARNING - No viable dags retrieved from /home/ubantu/miniconda3/envs/airflow-env/lib/python3.11/site-packages/airflow/example_dags/subdags/subdag.py
[2026-04-07T04:35:39.499+0530] {processor.py:208} INFO - Processing /home/ubantu/miniconda3/envs/airflow-env/lib/python3.11/site-packages/airflow/example_dags/subdags/subdag.py took 0.023 seconds
[2026-04-07T04:36:35.027+0530] {processor.py:186} INFO - Started process (PID=8365) to work on /home/ubantu/miniconda3/envs/airflow-env/lib/python3.11/site-packages/airflow/example_dags/subdags/subdag.py
[2026-04-07T04:36:35.028+0530] {processor.py:914} INFO - Processing file /home/ubantu/miniconda3/envs/airflow-env/lib/python3.11/site-packages/airflow/example_dags/subdags/subdag.py for tasks to queue
[2026-04-07T04:36:35.031+0530] {logging_mixin.py:190} INFO - [2026-04-07T04:36:35.030+0530] {dagbag.py:588} INFO - Filling up the DagBag from /home/ubantu/miniconda3/envs/airflow-env/lib/python3.11/site-packages/airflow/example_dags/subdags/subdag.py
[2026-04-07T04:36:35.033+0530] {processor.py:927} WARNING - No viable dags retrieved from /home/ubantu/miniconda3/envs/airflow-env/lib/python3.11/site-packages/airflow/example_dags/subdags/subdag.py
[2026-04-07T04:36:35.046+0530] {processor.py:208} INFO - Processing /home/ubantu/miniconda3/envs/airflow-env/lib/python3.11/site-packages/airflow/example_dags/subdags/subdag.py took 0.026 seconds
[2026-04-07T04:37:27.916+0530] {processor.py:186} INFO - Started process (PID=8449) to work on /home/ubantu/miniconda3/envs/airflow-env/lib/python3.11/site-packages/airflow/example_dags/subdags/subdag.py
[2026-04-07T04:37:27.917+0530] {processor.py:914} INFO - Processing file /home/ubantu/miniconda3/envs/airflow-env/lib/python3.11/site-packages/airflow/example_dags/subdags/subdag.py for tasks to queue
[2026-04-07T04:37:27.919+0530] {logging_mixin.py:190} INFO - [2026-04-07T04:37:27.918+0530] {dagbag.py:588} INFO - Filling up the DagBag from /home/ubantu/miniconda3/envs/airflow-env/lib/python3.11/site-packages/airflow/example_dags/subdags/subdag.py
[2026-04-07T04:37:27.921+0530] {processor.py:927} WARNING - No viable dags retrieved from /home/ubantu/miniconda3/envs/airflow-env/lib/python3.11/site-packages/airflow/example_dags/subdags/subdag.py
[2026-04-07T04:37:27.934+0530] {processor.py:208} INFO - Processing /home/ubantu/miniconda3/envs/airflow-env/lib/python3.11/site-packages/airflow/example_dags/subdags/subdag.py took 0.024 seconds
[2026-04-07T04:37:59.736+0530] {processor.py:186} INFO - Started process (PID=8514) to work on /home/ubantu/miniconda3/envs/airflow-env/lib/python3.11/site-packages/airflow/example_dags/subdags/subdag.py
[2026-04-07T04:37:59.736+0530] {processor.py:914} INFO - Processing file /home/ubantu/miniconda3/envs/airflow-env/lib/python3.11/site-packages/airflow/example_dags/subdags/subdag.py for tasks to queue
[2026-04-07T04:37:59.737+0530] {logging_mixin.py:190} INFO - [2026-04-07T04:37:59.737+0530] {dagbag.py:588} INFO - Filling up the DagBag from /home/ubantu/miniconda3/envs/airflow-env/lib/python3.11/site-packages/airflow/example_dags/subdags/subdag.py
[2026-04-07T04:37:59.739+0530] {processor.py:927} WARNING - No viable dags retrieved from /home/ubantu/miniconda3/envs/airflow-env/lib/python3.11/site-packages/airflow/example_dags/subdags/subdag.py
[2026-04-07T04:37:59.749+0530] {processor.py:208} INFO - Processing /home/ubantu/miniconda3/envs/airflow-env/lib/python3.11/site-packages/airflow/example_dags/subdags/subdag.py took 0.019 seconds
[2026-04-07T04:38:32.236+0530] {processor.py:186} INFO - Started process (PID=8554) to work on /home/ubantu/miniconda3/envs/airflow-env/lib/python3.11/site-packages/airflow/example_dags/subdags/subdag.py
[2026-04-07T04:38:32.237+0530] {processor.py:914} INFO - Processing file /home/ubantu/miniconda3/envs/airflow-env/lib/python3.11/site-packages/airflow/example_dags/subdags/subdag.py for tasks to queue
[2026-04-07T04:38:32.239+0530] {logging_mixin.py:190} INFO - [2026-04-07T04:38:32.239+0530] {dagbag.py:588} INFO - Filling up the DagBag from /home/ubantu/miniconda3/envs/airflow-env/lib/python3.11/site-packages/airflow/example_dags/subdags/subdag.py
[2026-04-07T04:38:32.242+0530] {processor.py:927} WARNING - No viable dags retrieved from /home/ubantu/miniconda3/envs/airflow-env/lib/python3.11/site-packages/airflow/example_dags/subdags/subdag.py
[2026-04-07T04:38:32.253+0530] {processor.py:208} INFO - Processing /home/ubantu/miniconda3/envs/airflow-env/lib/python3.11/site-packages/airflow/example_dags/subdags/subdag.py took 0.024 seconds
[2026-04-07T04:39:04.535+0530] {processor.py:186} INFO - Started process (PID=8599) to work on /home/ubantu/miniconda3/envs/airflow-env/lib/python3.11/site-packages/airflow/example_dags/subdags/subdag.py
[2026-04-07T04:39:04.537+0530] {processor.py:914} INFO - Processing file /home/ubantu/miniconda3/envs/airflow-env/lib/python3.11/site-packages/airflow/example_dags/subdags/subdag.py for tasks to queue
[2026-04-07T04:39:04.538+0530] {logging_mixin.py:190} INFO - [2026-04-07T04:39:04.538+0530] {dagbag.py:588} INFO - Filling up the DagBag from /home/ubantu/miniconda3/envs/airflow-env/lib/python3.11/site-packages/airflow/example_dags/subdags/subdag.py
[2026-04-07T04:39:04.541+0530] {processor.py:927} WARNING - No viable dags retrieved from /home/ubantu/miniconda3/envs/airflow-env/lib/python3.11/site-packages/airflow/example_dags/subdags/subdag.py
[2026-04-07T04:39:04.552+0530] {processor.py:208} INFO - Processing /home/ubantu/miniconda3/envs/airflow-env/lib/python3.11/site-packages/airflow/example_dags/subdags/subdag.py took 0.024 seconds
[2026-04-07T04:40:00.028+0530] {processor.py:186} INFO - Started process (PID=8677) to work on /home/ubantu/miniconda3/envs/airflow-env/lib/python3.11/site-packages/airflow/example_dags/subdags/subdag.py
[2026-04-07T04:40:00.029+0530] {processor.py:914} INFO - Processing file /home/ubantu/miniconda3/envs/airflow-env/lib/python3.11/site-packages/airflow/example_dags/subdags/subdag.py for tasks to queue
[2026-04-07T04:40:00.031+0530] {logging_mixin.py:190} INFO - [2026-04-07T04:40:00.031+0530] {dagbag.py:588} INFO - Filling up the DagBag from /home/ubantu/miniconda3/envs/airflow-env/lib/python3.11/site-packages/airflow/example_dags/subdags/subdag.py
[2026-04-07T04:40:00.033+0530] {processor.py:927} WARNING - No viable dags retrieved from /home/ubantu/miniconda3/envs/airflow-env/lib/python3.11/site-packages/airflow/example_dags/subdags/subdag.py
[2026-04-07T04:40:00.045+0530] {processor.py:208} INFO - Processing /home/ubantu/miniconda3/envs/airflow-env/lib/python3.11/site-packages/airflow/example_dags/subdags/subdag.py took 0.024 seconds
[2026-04-07T04:40:57.829+0530] {processor.py:186} INFO - Started process (PID=8795) to work on /home/ubantu/miniconda3/envs/airflow-env/lib/python3.11/site-packages/airflow/example_dags/subdags/subdag.py
[2026-04-07T04:40:57.830+0530] {processor.py:914} INFO - Processing file /home/ubantu/miniconda3/envs/airflow-env/lib/python3.11/site-packages/airflow/example_dags/subdags/subdag.py for tasks to queue
[2026-04-07T04:40:57.831+0530] {logging_mixin.py:190} INFO - [2026-04-07T04:40:57.830+0530] {dagbag.py:588} INFO - Filling up the DagBag from /home/ubantu/miniconda3/envs/airflow-env/lib/python3.11/site-packages/airflow/example_dags/subdags/subdag.py
[2026-04-07T04:40:57.833+0530] {processor.py:927} WARNING - No viable dags retrieved from /home/ubantu/miniconda3/envs/airflow-env/lib/python3.11/site-packages/airflow/example_dags/subdags/subdag.py
[2026-04-07T04:40:57.842+0530] {processor.py:208} INFO - Processing /home/ubantu/miniconda3/envs/airflow-env/lib/python3.11/site-packages/airflow/example_dags/subdags/subdag.py took 0.019 seconds
[2026-04-07T04:41:00.698+0530] {processor.py:186} INFO - Started process (PID=8803) to work on /home/ubantu/miniconda3/envs/airflow-env/lib/python3.11/site-packages/airflow/example_dags/subdags/subdag.py
[2026-04-07T04:41:00.699+0530] {processor.py:914} INFO - Processing file /home/ubantu/miniconda3/envs/airflow-env/lib/python3.11/site-packages/airflow/example_dags/subdags/subdag.py for tasks to queue
[2026-04-07T04:41:00.702+0530] {logging_mixin.py:190} INFO - [2026-04-07T04:41:00.701+0530] {dagbag.py:588} INFO - Filling up the DagBag from /home/ubantu/miniconda3/envs/airflow-env/lib/python3.11/site-packages/airflow/example_dags/subdags/subdag.py
[2026-04-07T04:41:00.705+0530] {processor.py:927} WARNING - No viable dags retrieved from /home/ubantu/miniconda3/envs/airflow-env/lib/python3.11/site-packages/airflow/example_dags/subdags/subdag.py
[2026-04-07T04:41:00.716+0530] {processor.py:208} INFO - Processing /home/ubantu/miniconda3/envs/airflow-env/lib/python3.11/site-packages/airflow/example_dags/subdags/subdag.py took 0.024 seconds
[2026-04-07T04:41:54.177+0530] {processor.py:186} INFO - Started process (PID=8937) to work on /home/ubantu/miniconda3/envs/airflow-env/lib/python3.11/site-packages/airflow/example_dags/subdags/subdag.py
[2026-04-07T04:41:54.178+0530] {processor.py:914} INFO - Processing file /home/ubantu/miniconda3/envs/airflow-env/lib/python3.11/site-packages/airflow/example_dags/subdags/subdag.py for tasks to queue
[2026-04-07T04:41:54.181+0530] {logging_mixin.py:190} INFO - [2026-04-07T04:41:54.180+0530] {dagbag.py:588} INFO - Filling up the DagBag from /home/ubantu/miniconda3/envs/airflow-env/lib/python3.11/site-packages/airflow/example_dags/subdags/subdag.py
[2026-04-07T04:41:54.183+0530] {processor.py:927} WARNING - No viable dags retrieved from /home/ubantu/miniconda3/envs/airflow-env/lib/python3.11/site-packages/airflow/example_dags/subdags/subdag.py
[2026-04-07T04:41:54.196+0530] {processor.py:208} INFO - Processing /home/ubantu/miniconda3/envs/airflow-env/lib/python3.11/site-packages/airflow/example_dags/subdags/subdag.py took 0.026 seconds
[2026-04-07T04:41:56.239+0530] {processor.py:186} INFO - Started process (PID=8941) to work on /home/ubantu/miniconda3/envs/airflow-env/lib/python3.11/site-packages/airflow/example_dags/subdags/subdag.py
[2026-04-07T04:41:56.240+0530] {processor.py:914} INFO - Processing file /home/ubantu/miniconda3/envs/airflow-env/lib/python3.11/site-packages/airflow/example_dags/subdags/subdag.py for tasks to queue
[2026-04-07T04:41:56.242+0530] {logging_mixin.py:190} INFO - [2026-04-07T04:41:56.241+0530] {dagbag.py:588} INFO - Filling up the DagBag from /home/ubantu/miniconda3/envs/airflow-env/lib/python3.11/site-packages/airflow/example_dags/subdags/subdag.py
[2026-04-07T04:41:56.245+0530] {processor.py:927} WARNING - No viable dags retrieved from /home/ubantu/miniconda3/envs/airflow-env/lib/python3.11/site-packages/airflow/example_dags/subdags/subdag.py
[2026-04-07T04:41:56.259+0530] {processor.py:208} INFO - Processing /home/ubantu/miniconda3/envs/airflow-env/lib/python3.11/site-packages/airflow/example_dags/subdags/subdag.py took 0.028 seconds
[2026-04-07T04:42:49.413+0530] {processor.py:186} INFO - Started process (PID=9091) to work on /home/ubantu/miniconda3/envs/airflow-env/lib/python3.11/site-packages/airflow/example_dags/subdags/subdag.py
[2026-04-07T04:42:49.413+0530] {processor.py:914} INFO - Processing file /home/ubantu/miniconda3/envs/airflow-env/lib/python3.11/site-packages/airflow/example_dags/subdags/subdag.py for tasks to queue
[2026-04-07T04:42:49.414+0530] {logging_mixin.py:190} INFO - [2026-04-07T04:42:49.414+0530] {dagbag.py:588} INFO - Filling up the DagBag from /home/ubantu/miniconda3/envs/airflow-env/lib/python3.11/site-packages/airflow/example_dags/subdags/subdag.py
[2026-04-07T04:42:49.416+0530] {processor.py:927} WARNING - No viable dags retrieved from /home/ubantu/miniconda3/envs/airflow-env/lib/python3.11/site-packages/airflow/example_dags/subdags/subdag.py
[2026-04-07T04:42:49.425+0530] {processor.py:208} INFO - Processing /home/ubantu/miniconda3/envs/airflow-env/lib/python3.11/site-packages/airflow/example_dags/subdags/subdag.py took 0.017 seconds
[2026-04-07T04:42:52.112+0530] {processor.py:186} INFO - Started process (PID=9099) to work on /home/ubantu/miniconda3/envs/airflow-env/lib/python3.11/site-packages/airflow/example_dags/subdags/subdag.py
[2026-04-07T04:42:52.112+0530] {processor.py:914} INFO - Processing file /home/ubantu/miniconda3/envs/airflow-env/lib/python3.11/site-packages/airflow/example_dags/subdags/subdag.py for tasks to queue
[2026-04-07T04:42:52.114+0530] {logging_mixin.py:190} INFO - [2026-04-07T04:42:52.114+0530] {dagbag.py:588} INFO - Filling up the DagBag from /home/ubantu/miniconda3/envs/airflow-env/lib/python3.11/site-packages/airflow/example_dags/subdags/subdag.py
[2026-04-07T04:42:52.116+0530] {processor.py:927} WARNING - No viable dags retrieved from /home/ubantu/miniconda3/envs/airflow-env/lib/python3.11/site-packages/airflow/example_dags/subdags/subdag.py
[2026-04-07T04:42:52.127+0530] {processor.py:208} INFO - Processing /home/ubantu/miniconda3/envs/airflow-env/lib/python3.11/site-packages/airflow/example_dags/subdags/subdag.py took 0.021 seconds
[2026-04-07T04:43:40.394+0530] {processor.py:186} INFO - Started process (PID=9219) to work on /home/ubantu/miniconda3/envs/airflow-env/lib/python3.11/site-packages/airflow/example_dags/subdags/subdag.py
[2026-04-07T04:43:40.395+0530] {processor.py:914} INFO - Processing file /home/ubantu/miniconda3/envs/airflow-env/lib/python3.11/site-packages/airflow/example_dags/subdags/subdag.py for tasks to queue
[2026-04-07T04:43:40.397+0530] {logging_mixin.py:190} INFO - [2026-04-07T04:43:40.396+0530] {dagbag.py:588} INFO - Filling up the DagBag from /home/ubantu/miniconda3/envs/airflow-env/lib/python3.11/site-packages/airflow/example_dags/subdags/subdag.py
[2026-04-07T04:43:40.399+0530] {processor.py:927} WARNING - No viable dags retrieved from /home/ubantu/miniconda3/envs/airflow-env/lib/python3.11/site-packages/airflow/example_dags/subdags/subdag.py
[2026-04-07T04:43:40.414+0530] {processor.py:208} INFO - Processing /home/ubantu/miniconda3/envs/airflow-env/lib/python3.11/site-packages/airflow/example_dags/subdags/subdag.py took 0.029 seconds
[2026-04-07T04:43:46.340+0530] {processor.py:186} INFO - Started process (PID=9231) to work on /home/ubantu/miniconda3/envs/airflow-env/lib/python3.11/site-packages/airflow/example_dags/subdags/subdag.py
[2026-04-07T04:43:46.340+0530] {processor.py:914} INFO - Processing file /home/ubantu/miniconda3/envs/airflow-env/lib/python3.11/site-packages/airflow/example_dags/subdags/subdag.py for tasks to queue
[2026-04-07T04:43:46.342+0530] {logging_mixin.py:190} INFO - [2026-04-07T04:43:46.342+0530] {dagbag.py:588} INFO - Filling up the DagBag from /home/ubantu/miniconda3/envs/airflow-env/lib/python3.11/site-packages/airflow/example_dags/subdags/subdag.py
[2026-04-07T04:43:46.344+0530] {processor.py:927} WARNING - No viable dags retrieved from /home/ubantu/miniconda3/envs/airflow-env/lib/python3.11/site-packages/airflow/example_dags/subdags/subdag.py
[2026-04-07T04:43:46.354+0530] {processor.py:208} INFO - Processing /home/ubantu/miniconda3/envs/airflow-env/lib/python3.11/site-packages/airflow/example_dags/subdags/subdag.py took 0.020 seconds
[2026-04-07T04:44:39.537+0530] {processor.py:186} INFO - Started process (PID=9353) to work on /home/ubantu/miniconda3/envs/airflow-env/lib/python3.11/site-packages/airflow/example_dags/subdags/subdag.py
[2026-04-07T04:44:39.538+0530] {processor.py:914} INFO - Processing file /home/ubantu/miniconda3/envs/airflow-env/lib/python3.11/site-packages/airflow/example_dags/subdags/subdag.py for tasks to queue
[2026-04-07T04:44:39.539+0530] {logging_mixin.py:190} INFO - [2026-04-07T04:44:39.539+0530] {dagbag.py:588} INFO - Filling up the DagBag from /home/ubantu/miniconda3/envs/airflow-env/lib/python3.11/site-packages/airflow/example_dags/subdags/subdag.py
[2026-04-07T04:44:39.541+0530] {processor.py:927} WARNING - No viable dags retrieved from /home/ubantu/miniconda3/envs/airflow-env/lib/python3.11/site-packages/airflow/example_dags/subdags/subdag.py
[2026-04-07T04:44:39.550+0530] {processor.py:208} INFO - Processing /home/ubantu/miniconda3/envs/airflow-env/lib/python3.11/site-packages/airflow/example_dags/subdags/subdag.py took 0.018 seconds
[2026-04-07T04:44:48.348+0530] {processor.py:186} INFO - Started process (PID=9372) to work on /home/ubantu/miniconda3/envs/airflow-env/lib/python3.11/site-packages/airflow/example_dags/subdags/subdag.py
[2026-04-07T04:44:48.349+0530] {processor.py:914} INFO - Processing file /home/ubantu/miniconda3/envs/airflow-env/lib/python3.11/site-packages/airflow/example_dags/subdags/subdag.py for tasks to queue
[2026-04-07T04:44:48.351+0530] {logging_mixin.py:190} INFO - [2026-04-07T04:44:48.351+0530] {dagbag.py:588} INFO - Filling up the DagBag from /home/ubantu/miniconda3/envs/airflow-env/lib/python3.11/site-packages/airflow/example_dags/subdags/subdag.py
[2026-04-07T04:44:48.353+0530] {processor.py:927} WARNING - No viable dags retrieved from /home/ubantu/miniconda3/envs/airflow-env/lib/python3.11/site-packages/airflow/example_dags/subdags/subdag.py
[2026-04-07T04:44:48.365+0530] {processor.py:208} INFO - Processing /home/ubantu/miniconda3/envs/airflow-env/lib/python3.11/site-packages/airflow/example_dags/subdags/subdag.py took 0.023 seconds
[2026-04-07T04:45:32.807+0530] {processor.py:186} INFO - Started process (PID=9475) to work on /home/ubantu/miniconda3/envs/airflow-env/lib/python3.11/site-packages/airflow/example_dags/subdags/subdag.py
[2026-04-07T04:45:32.808+0530] {processor.py:914} INFO - Processing file /home/ubantu/miniconda3/envs/airflow-env/lib/python3.11/site-packages/airflow/example_dags/subdags/subdag.py for tasks to queue
[2026-04-07T04:45:32.810+0530] {logging_mixin.py:190} INFO - [2026-04-07T04:45:32.809+0530] {dagbag.py:588} INFO - Filling up the DagBag from /home/ubantu/miniconda3/envs/airflow-env/lib/python3.11/site-packages/airflow/example_dags/subdags/subdag.py
[2026-04-07T04:45:32.812+0530] {processor.py:927} WARNING - No viable dags retrieved from /home/ubantu/miniconda3/envs/airflow-env/lib/python3.11/site-packages/airflow/example_dags/subdags/subdag.py
[2026-04-07T04:45:32.823+0530] {processor.py:208} INFO - Processing /home/ubantu/miniconda3/envs/airflow-env/lib/python3.11/site-packages/airflow/example_dags/subdags/subdag.py took 0.021 seconds
[2026-04-07T04:45:45.564+0530] {processor.py:186} INFO - Started process (PID=9503) to work on /home/ubantu/miniconda3/envs/airflow-env/lib/python3.11/site-packages/airflow/example_dags/subdags/subdag.py
[2026-04-07T04:45:45.564+0530] {processor.py:914} INFO - Processing file /home/ubantu/miniconda3/envs/airflow-env/lib/python3.11/site-packages/airflow/example_dags/subdags/subdag.py for tasks to queue
[2026-04-07T04:45:45.566+0530] {logging_mixin.py:190} INFO - [2026-04-07T04:45:45.566+0530] {dagbag.py:588} INFO - Filling up the DagBag from /home/ubantu/miniconda3/envs/airflow-env/lib/python3.11/site-packages/airflow/example_dags/subdags/subdag.py
[2026-04-07T04:45:45.569+0530] {processor.py:927} WARNING - No viable dags retrieved from /home/ubantu/miniconda3/envs/airflow-env/lib/python3.11/site-packages/airflow/example_dags/subdags/subdag.py
[2026-04-07T04:45:45.579+0530] {processor.py:208} INFO - Processing /home/ubantu/miniconda3/envs/airflow-env/lib/python3.11/site-packages/airflow/example_dags/subdags/subdag.py took 0.021 seconds
[2026-04-07T04:46:24.409+0530] {processor.py:186} INFO - Started process (PID=9591) to work on /home/ubantu/miniconda3/envs/airflow-env/lib/python3.11/site-packages/airflow/example_dags/subdags/subdag.py
[2026-04-07T04:46:24.410+0530] {processor.py:914} INFO - Processing file /home/ubantu/miniconda3/envs/airflow-env/lib/python3.11/site-packages/airflow/example_dags/subdags/subdag.py for tasks to queue
[2026-04-07T04:46:24.412+0530] {logging_mixin.py:190} INFO - [2026-04-07T04:46:24.411+0530] {dagbag.py:588} INFO - Filling up the DagBag from /home/ubantu/miniconda3/envs/airflow-env/lib/python3.11/site-packages/airflow/example_dags/subdags/subdag.py
[2026-04-07T04:46:24.414+0530] {processor.py:927} WARNING - No viable dags retrieved from /home/ubantu/miniconda3/envs/airflow-env/lib/python3.11/site-packages/airflow/example_dags/subdags/subdag.py
[2026-04-07T04:46:24.425+0530] {processor.py:208} INFO - Processing /home/ubantu/miniconda3/envs/airflow-env/lib/python3.11/site-packages/airflow/example_dags/subdags/subdag.py took 0.021 seconds
[2026-04-07T04:46:39.840+0530] {processor.py:186} INFO - Started process (PID=9622) to work on /home/ubantu/miniconda3/envs/airflow-env/lib/python3.11/site-packages/airflow/example_dags/subdags/subdag.py
[2026-04-07T04:46:39.840+0530] {processor.py:914} INFO - Processing file /home/ubantu/miniconda3/envs/airflow-env/lib/python3.11/site-packages/airflow/example_dags/subdags/subdag.py for tasks to queue
[2026-04-07T04:46:39.843+0530] {logging_mixin.py:190} INFO - [2026-04-07T04:46:39.842+0530] {dagbag.py:588} INFO - Filling up the DagBag from /home/ubantu/miniconda3/envs/airflow-env/lib/python3.11/site-packages/airflow/example_dags/subdags/subdag.py
[2026-04-07T04:46:39.845+0530] {processor.py:927} WARNING - No viable dags retrieved from /home/ubantu/miniconda3/envs/airflow-env/lib/python3.11/site-packages/airflow/example_dags/subdags/subdag.py
[2026-04-07T04:46:39.858+0530] {processor.py:208} INFO - Processing /home/ubantu/miniconda3/envs/airflow-env/lib/python3.11/site-packages/airflow/example_dags/subdags/subdag.py took 0.024 seconds
[2026-04-07T04:47:17.708+0530] {processor.py:186} INFO - Started process (PID=9711) to work on /home/ubantu/miniconda3/envs/airflow-env/lib/python3.11/site-packages/airflow/example_dags/subdags/subdag.py
[2026-04-07T04:47:17.709+0530] {processor.py:914} INFO - Processing file /home/ubantu/miniconda3/envs/airflow-env/lib/python3.11/site-packages/airflow/example_dags/subdags/subdag.py for tasks to queue
[2026-04-07T04:47:17.710+0530] {logging_mixin.py:190} INFO - [2026-04-07T04:47:17.710+0530] {dagbag.py:588} INFO - Filling up the DagBag from /home/ubantu/miniconda3/envs/airflow-env/lib/python3.11/site-packages/airflow/example_dags/subdags/subdag.py
[2026-04-07T04:47:17.712+0530] {processor.py:927} WARNING - No viable dags retrieved from /home/ubantu/miniconda3/envs/airflow-env/lib/python3.11/site-packages/airflow/example_dags/subdags/subdag.py
[2026-04-07T04:47:17.723+0530] {processor.py:208} INFO - Processing /home/ubantu/miniconda3/envs/airflow-env/lib/python3.11/site-packages/airflow/example_dags/subdags/subdag.py took 0.021 seconds
[2026-04-07T04:47:36.603+0530] {processor.py:186} INFO - Started process (PID=9765) to work on /home/ubantu/miniconda3/envs/airflow-env/lib/python3.11/site-packages/airflow/example_dags/subdags/subdag.py
[2026-04-07T04:47:36.604+0530] {processor.py:914} INFO - Processing file /home/ubantu/miniconda3/envs/airflow-env/lib/python3.11/site-packages/airflow/example_dags/subdags/subdag.py for tasks to queue
[2026-04-07T04:47:36.606+0530] {logging_mixin.py:190} INFO - [2026-04-07T04:47:36.606+0530] {dagbag.py:588} INFO - Filling up the DagBag from /home/ubantu/miniconda3/envs/airflow-env/lib/python3.11/site-packages/airflow/example_dags/subdags/subdag.py
[2026-04-07T04:47:36.609+0530] {processor.py:927} WARNING - No viable dags retrieved from /home/ubantu/miniconda3/envs/airflow-env/lib/python3.11/site-packages/airflow/example_dags/subdags/subdag.py
[2026-04-07T04:47:36.622+0530] {processor.py:208} INFO - Processing /home/ubantu/miniconda3/envs/airflow-env/lib/python3.11/site-packages/airflow/example_dags/subdags/subdag.py took 0.028 seconds
[2026-04-07T04:48:11.617+0530] {processor.py:186} INFO - Started process (PID=9845) to work on /home/ubantu/miniconda3/envs/airflow-env/lib/python3.11/site-packages/airflow/example_dags/subdags/subdag.py
[2026-04-07T04:48:11.618+0530] {processor.py:914} INFO - Processing file /home/ubantu/miniconda3/envs/airflow-env/lib/python3.11/site-packages/airflow/example_dags/subdags/subdag.py for tasks to queue
[2026-04-07T04:48:11.619+0530] {logging_mixin.py:190} INFO - [2026-04-07T04:48:11.618+0530] {dagbag.py:588} INFO - Filling up the DagBag from /home/ubantu/miniconda3/envs/airflow-env/lib/python3.11/site-packages/airflow/example_dags/subdags/subdag.py
[2026-04-07T04:48:11.621+0530] {processor.py:927} WARNING - No viable dags retrieved from /home/ubantu/miniconda3/envs/airflow-env/lib/python3.11/site-packages/airflow/example_dags/subdags/subdag.py
[2026-04-07T04:48:11.630+0530] {processor.py:208} INFO - Processing /home/ubantu/miniconda3/envs/airflow-env/lib/python3.11/site-packages/airflow/example_dags/subdags/subdag.py took 0.019 seconds
[2026-04-07T05:09:41.291+0530] {processor.py:186} INFO - Started process (PID=10941) to work on /home/ubantu/miniconda3/envs/airflow-env/lib/python3.11/site-packages/airflow/example_dags/subdags/subdag.py
[2026-04-07T05:09:41.291+0530] {processor.py:914} INFO - Processing file /home/ubantu/miniconda3/envs/airflow-env/lib/python3.11/site-packages/airflow/example_dags/subdags/subdag.py for tasks to queue
[2026-04-07T05:09:41.294+0530] {logging_mixin.py:190} INFO - [2026-04-07T05:09:41.293+0530] {dagbag.py:588} INFO - Filling up the DagBag from /home/ubantu/miniconda3/envs/airflow-env/lib/python3.11/site-packages/airflow/example_dags/subdags/subdag.py
[2026-04-07T05:09:41.296+0530] {processor.py:927} WARNING - No viable dags retrieved from /home/ubantu/miniconda3/envs/airflow-env/lib/python3.11/site-packages/airflow/example_dags/subdags/subdag.py
[2026-04-07T05:09:41.310+0530] {processor.py:208} INFO - Processing /home/ubantu/miniconda3/envs/airflow-env/lib/python3.11/site-packages/airflow/example_dags/subdags/subdag.py took 0.025 seconds
[2026-04-07T05:10:34.006+0530] {processor.py:186} INFO - Started process (PID=11020) to work on /home/ubantu/miniconda3/envs/airflow-env/lib/python3.11/site-packages/airflow/example_dags/subdags/subdag.py
[2026-04-07T05:10:34.008+0530] {processor.py:914} INFO - Processing file /home/ubantu/miniconda3/envs/airflow-env/lib/python3.11/site-packages/airflow/example_dags/subdags/subdag.py for tasks to queue
[2026-04-07T05:10:34.010+0530] {logging_mixin.py:190} INFO - [2026-04-07T05:10:34.009+0530] {dagbag.py:588} INFO - Filling up the DagBag from /home/ubantu/miniconda3/envs/airflow-env/lib/python3.11/site-packages/airflow/example_dags/subdags/subdag.py
[2026-04-07T05:10:34.013+0530] {processor.py:927} WARNING - No viable dags retrieved from /home/ubantu/miniconda3/envs/airflow-env/lib/python3.11/site-packages/airflow/example_dags/subdags/subdag.py
[2026-04-07T05:10:34.024+0530] {processor.py:208} INFO - Processing /home/ubantu/miniconda3/envs/airflow-env/lib/python3.11/site-packages/airflow/example_dags/subdags/subdag.py took 0.025 seconds
[2026-04-07T05:11:12.872+0530] {processor.py:186} INFO - Started process (PID=11059) to work on /home/ubantu/miniconda3/envs/airflow-env/lib/python3.11/site-packages/airflow/example_dags/subdags/subdag.py
[2026-04-07T05:11:12.873+0530] {processor.py:914} INFO - Processing file /home/ubantu/miniconda3/envs/airflow-env/lib/python3.11/site-packages/airflow/example_dags/subdags/subdag.py for tasks to queue
[2026-04-07T05:11:12.876+0530] {logging_mixin.py:190} INFO - [2026-04-07T05:11:12.875+0530] {dagbag.py:588} INFO - Filling up the DagBag from /home/ubantu/miniconda3/envs/airflow-env/lib/python3.11/site-packages/airflow/example_dags/subdags/subdag.py
[2026-04-07T05:11:12.878+0530] {processor.py:927} WARNING - No viable dags retrieved from /home/ubantu/miniconda3/envs/airflow-env/lib/python3.11/site-packages/airflow/example_dags/subdags/subdag.py
[2026-04-07T05:11:12.891+0530] {processor.py:208} INFO - Processing /home/ubantu/miniconda3/envs/airflow-env/lib/python3.11/site-packages/airflow/example_dags/subdags/subdag.py took 0.026 seconds
[2026-04-07T05:12:10.474+0530] {processor.py:186} INFO - Started process (PID=11182) to work on /home/ubantu/miniconda3/envs/airflow-env/lib/python3.11/site-packages/airflow/example_dags/subdags/subdag.py
[2026-04-07T05:12:10.475+0530] {processor.py:914} INFO - Processing file /home/ubantu/miniconda3/envs/airflow-env/lib/python3.11/site-packages/airflow/example_dags/subdags/subdag.py for tasks to queue
[2026-04-07T05:12:10.478+0530] {logging_mixin.py:190} INFO - [2026-04-07T05:12:10.477+0530] {dagbag.py:588} INFO - Filling up the DagBag from /home/ubantu/miniconda3/envs/airflow-env/lib/python3.11/site-packages/airflow/example_dags/subdags/subdag.py
[2026-04-07T05:12:10.480+0530] {processor.py:927} WARNING - No viable dags retrieved from /home/ubantu/miniconda3/envs/airflow-env/lib/python3.11/site-packages/airflow/example_dags/subdags/subdag.py
[2026-04-07T05:12:10.490+0530] {processor.py:208} INFO - Processing /home/ubantu/miniconda3/envs/airflow-env/lib/python3.11/site-packages/airflow/example_dags/subdags/subdag.py took 0.024 seconds
[2026-04-07T05:13:09.284+0530] {processor.py:186} INFO - Started process (PID=11271) to work on /home/ubantu/miniconda3/envs/airflow-env/lib/python3.11/site-packages/airflow/example_dags/subdags/subdag.py
[2026-04-07T05:13:09.285+0530] {processor.py:914} INFO - Processing file /home/ubantu/miniconda3/envs/airflow-env/lib/python3.11/site-packages/airflow/example_dags/subdags/subdag.py for tasks to queue
[2026-04-07T05:13:09.287+0530] {logging_mixin.py:190} INFO - [2026-04-07T05:13:09.287+0530] {dagbag.py:588} INFO - Filling up the DagBag from /home/ubantu/miniconda3/envs/airflow-env/lib/python3.11/site-packages/airflow/example_dags/subdags/subdag.py
[2026-04-07T05:13:09.289+0530] {processor.py:927} WARNING - No viable dags retrieved from /home/ubantu/miniconda3/envs/airflow-env/lib/python3.11/site-packages/airflow/example_dags/subdags/subdag.py
[2026-04-07T05:13:09.298+0530] {processor.py:208} INFO - Processing /home/ubantu/miniconda3/envs/airflow-env/lib/python3.11/site-packages/airflow/example_dags/subdags/subdag.py took 0.019 seconds
[2026-04-07T05:14:16.386+0530] {processor.py:186} INFO - Started process (PID=11352) to work on /home/ubantu/miniconda3/envs/airflow-env/lib/python3.11/site-packages/airflow/example_dags/subdags/subdag.py
[2026-04-07T05:14:16.387+0530] {processor.py:914} INFO - Processing file /home/ubantu/miniconda3/envs/airflow-env/lib/python3.11/site-packages/airflow/example_dags/subdags/subdag.py for tasks to queue
[2026-04-07T05:14:16.390+0530] {logging_mixin.py:190} INFO - [2026-04-07T05:14:16.390+0530] {dagbag.py:588} INFO - Filling up the DagBag from /home/ubantu/miniconda3/envs/airflow-env/lib/python3.11/site-packages/airflow/example_dags/subdags/subdag.py
[2026-04-07T05:14:16.393+0530] {processor.py:927} WARNING - No viable dags retrieved from /home/ubantu/miniconda3/envs/airflow-env/lib/python3.11/site-packages/airflow/example_dags/subdags/subdag.py
[2026-04-07T05:14:16.533+0530] {processor.py:208} INFO - Processing /home/ubantu/miniconda3/envs/airflow-env/lib/python3.11/site-packages/airflow/example_dags/subdags/subdag.py took 0.154 seconds
[2026-04-07T05:17:20.327+0530] {processor.py:186} INFO - Started process (PID=11532) to work on /home/ubantu/miniconda3/envs/airflow-env/lib/python3.11/site-packages/airflow/example_dags/subdags/subdag.py
[2026-04-07T05:17:20.328+0530] {processor.py:914} INFO - Processing file /home/ubantu/miniconda3/envs/airflow-env/lib/python3.11/site-packages/airflow/example_dags/subdags/subdag.py for tasks to queue
[2026-04-07T05:17:20.329+0530] {logging_mixin.py:190} INFO - [2026-04-07T05:17:20.329+0530] {dagbag.py:588} INFO - Filling up the DagBag from /home/ubantu/miniconda3/envs/airflow-env/lib/python3.11/site-packages/airflow/example_dags/subdags/subdag.py
[2026-04-07T05:17:20.331+0530] {processor.py:927} WARNING - No viable dags retrieved from /home/ubantu/miniconda3/envs/airflow-env/lib/python3.11/site-packages/airflow/example_dags/subdags/subdag.py
[2026-04-07T05:17:20.340+0530] {processor.py:208} INFO - Processing /home/ubantu/miniconda3/envs/airflow-env/lib/python3.11/site-packages/airflow/example_dags/subdags/subdag.py took 0.019 seconds
