[2026-04-21T18:53:03.309+0530] {local_task_job_runner.py:123} INFO - ::group::Pre task execution logs
[2026-04-21T18:53:03.316+0530] {taskinstance.py:2613} INFO - Dependencies all met for dep_context=non-requeueable deps ti=<TaskInstance: latency_experiment.measure_latency scheduled__2026-04-21T13:22:00+00:00 [queued]>
[2026-04-21T18:53:03.321+0530] {taskinstance.py:2613} INFO - Dependencies all met for dep_context=requeueable deps ti=<TaskInstance: latency_experiment.measure_latency scheduled__2026-04-21T13:22:00+00:00 [queued]>
[2026-04-21T18:53:03.321+0530] {taskinstance.py:2866} INFO - Starting attempt 1 of 1
[2026-04-21T18:53:03.332+0530] {taskinstance.py:2889} INFO - Executing <Task(PythonOperator): measure_latency> on 2026-04-21 13:22:00+00:00
[2026-04-21T18:53:03.335+0530] {standard_task_runner.py:72} INFO - Started process 6034 to run task
[2026-04-21T18:53:03.339+0530] {standard_task_runner.py:104} INFO - Running: ['airflow', 'tasks', 'run', 'latency_experiment', 'measure_latency', 'scheduled__2026-04-21T13:22:00+00:00', '--job-id', '36', '--raw', '--subdir', 'DAGS_FOLDER/latency_experiment.py', '--cfg-path', '/tmp/tmprd6ytzza']
[2026-04-21T18:53:03.340+0530] {standard_task_runner.py:105} INFO - Job 36: Subtask measure_latency
[2026-04-21T18:53:03.373+0530] {task_command.py:467} INFO - Running <TaskInstance: latency_experiment.measure_latency scheduled__2026-04-21T13:22:00+00:00 [running]> on host ubantu-Victus-by-HP-Gaming-Laptop-15-fa1xxx
[2026-04-21T18:53:03.428+0530] {taskinstance.py:3132} INFO - Exporting env vars: AIRFLOW_CTX_DAG_OWNER='airflow' AIRFLOW_CTX_DAG_ID='latency_experiment' AIRFLOW_CTX_TASK_ID='measure_latency' AIRFLOW_CTX_EXECUTION_DATE='2026-04-21T13:22:00+00:00' AIRFLOW_CTX_TRY_NUMBER='1' AIRFLOW_CTX_DAG_RUN_ID='scheduled__2026-04-21T13:22:00+00:00'
[2026-04-21T18:53:03.429+0530] {logging_mixin.py:190} INFO - Task instance is in running state
[2026-04-21T18:53:03.429+0530] {logging_mixin.py:190} INFO -  Previous state of the Task instance: queued
[2026-04-21T18:53:03.430+0530] {logging_mixin.py:190} INFO - Current task name:measure_latency state:running start_date:2026-04-21 13:23:03.316620+00:00
[2026-04-21T18:53:03.430+0530] {logging_mixin.py:190} INFO - Dag name:latency_experiment and current dag run status:running
[2026-04-21T18:53:03.430+0530] {taskinstance.py:731} INFO - ::endgroup::
[2026-04-21T18:53:03.431+0530] {logging_mixin.py:190} INFO - SCHEDULING_LAG_SECONDS=63.43
[2026-04-21T18:53:03.431+0530] {logging_mixin.py:190} INFO - Scheduled for: 2026-04-21 13:22:00+00:00
[2026-04-21T18:53:03.431+0530] {logging_mixin.py:190} INFO - Actually started: 2026-04-21 13:23:03.430917+00:00
[2026-04-21T18:53:03.431+0530] {python.py:240} INFO - Done. Returned value was: None
[2026-04-21T18:53:03.434+0530] {taskinstance.py:340} INFO - ::group::Post task execution logs
[2026-04-21T18:53:03.435+0530] {taskinstance.py:352} INFO - Marking task as SUCCESS. dag_id=latency_experiment, task_id=measure_latency, run_id=scheduled__2026-04-21T13:22:00+00:00, execution_date=20260421T132200, start_date=20260421T132303, end_date=20260421T132303
[2026-04-21T18:53:03.442+0530] {logging_mixin.py:190} INFO - Task instance in success state
[2026-04-21T18:53:03.443+0530] {logging_mixin.py:190} INFO -  Previous state of the Task instance: running
[2026-04-21T18:53:03.443+0530] {logging_mixin.py:190} INFO - Dag name:latency_experiment queued_at:2026-04-21 13:23:01.708360+00:00
[2026-04-21T18:53:03.443+0530] {logging_mixin.py:190} INFO - Task hostname:ubantu-Victus-by-HP-Gaming-Laptop-15-fa1xxx operator:PythonOperator
[2026-04-21T18:53:03.471+0530] {local_task_job_runner.py:266} INFO - Task exited with return code 0
[2026-04-21T18:53:03.484+0530] {taskinstance.py:3895} INFO - 0 downstream tasks scheduled from follow-on schedule check
[2026-04-21T18:53:03.485+0530] {local_task_job_runner.py:245} INFO - ::endgroup::
