[2026-04-21T18:47:18.439+0530] {processor.py:186} INFO - Started process (PID=5550) to work on /home/ubantu/airflow/dags/generated/dag_15.py
[2026-04-21T18:47:18.441+0530] {processor.py:914} INFO - Processing file /home/ubantu/airflow/dags/generated/dag_15.py for tasks to queue
[2026-04-21T18:47:18.445+0530] {logging_mixin.py:190} INFO - [2026-04-21T18:47:18.444+0530] {dagbag.py:588} INFO - Filling up the DagBag from /home/ubantu/airflow/dags/generated/dag_15.py
[2026-04-21T18:47:18.459+0530] {processor.py:925} INFO - DAG(s) 'dag_15' retrieved from /home/ubantu/airflow/dags/generated/dag_15.py
[2026-04-21T18:47:18.487+0530] {logging_mixin.py:190} INFO - [2026-04-21T18:47:18.487+0530] {dag.py:3239} INFO - Sync 1 DAGs
[2026-04-21T18:47:18.501+0530] {logging_mixin.py:190} INFO - [2026-04-21T18:47:18.501+0530] {dag.py:4180} INFO - Setting next_dagrun for dag_15 to None, run_after=None
[2026-04-21T18:47:18.518+0530] {processor.py:208} INFO - Processing /home/ubantu/airflow/dags/generated/dag_15.py took 0.091 seconds
[2026-04-21T18:50:05.406+0530] {processor.py:186} INFO - Started process (PID=5789) to work on /home/ubantu/airflow/dags/generated/dag_15.py
[2026-04-21T18:50:05.408+0530] {processor.py:914} INFO - Processing file /home/ubantu/airflow/dags/generated/dag_15.py for tasks to queue
[2026-04-21T18:50:05.411+0530] {logging_mixin.py:190} INFO - [2026-04-21T18:50:05.411+0530] {dagbag.py:588} INFO - Filling up the DagBag from /home/ubantu/airflow/dags/generated/dag_15.py
[2026-04-21T18:50:05.424+0530] {processor.py:925} INFO - DAG(s) 'dag_15' retrieved from /home/ubantu/airflow/dags/generated/dag_15.py
[2026-04-21T18:50:05.445+0530] {logging_mixin.py:190} INFO - [2026-04-21T18:50:05.445+0530] {dag.py:3239} INFO - Sync 1 DAGs
[2026-04-21T18:50:05.461+0530] {logging_mixin.py:190} INFO - [2026-04-21T18:50:05.461+0530] {dag.py:4180} INFO - Setting next_dagrun for dag_15 to None, run_after=None
[2026-04-21T18:50:05.486+0530] {processor.py:208} INFO - Processing /home/ubantu/airflow/dags/generated/dag_15.py took 0.091 seconds
[2026-04-21T18:52:40.955+0530] {processor.py:186} INFO - Started process (PID=6000) to work on /home/ubantu/airflow/dags/generated/dag_15.py
[2026-04-21T18:52:40.956+0530] {processor.py:914} INFO - Processing file /home/ubantu/airflow/dags/generated/dag_15.py for tasks to queue
[2026-04-21T18:52:40.958+0530] {logging_mixin.py:190} INFO - [2026-04-21T18:52:40.958+0530] {dagbag.py:588} INFO - Filling up the DagBag from /home/ubantu/airflow/dags/generated/dag_15.py
[2026-04-21T18:52:40.964+0530] {processor.py:925} INFO - DAG(s) 'dag_15' retrieved from /home/ubantu/airflow/dags/generated/dag_15.py
[2026-04-21T18:52:40.977+0530] {logging_mixin.py:190} INFO - [2026-04-21T18:52:40.977+0530] {dag.py:3239} INFO - Sync 1 DAGs
[2026-04-21T18:52:40.992+0530] {logging_mixin.py:190} INFO - [2026-04-21T18:52:40.992+0530] {dag.py:4180} INFO - Setting next_dagrun for dag_15 to None, run_after=None
[2026-04-21T18:52:41.011+0530] {processor.py:208} INFO - Processing /home/ubantu/airflow/dags/generated/dag_15.py took 0.062 seconds
[2026-04-21T18:55:21.056+0530] {processor.py:186} INFO - Started process (PID=6230) to work on /home/ubantu/airflow/dags/generated/dag_15.py
[2026-04-21T18:55:21.057+0530] {processor.py:914} INFO - Processing file /home/ubantu/airflow/dags/generated/dag_15.py for tasks to queue
[2026-04-21T18:55:21.059+0530] {logging_mixin.py:190} INFO - [2026-04-21T18:55:21.058+0530] {dagbag.py:588} INFO - Filling up the DagBag from /home/ubantu/airflow/dags/generated/dag_15.py
[2026-04-21T18:55:21.066+0530] {processor.py:925} INFO - DAG(s) 'dag_15' retrieved from /home/ubantu/airflow/dags/generated/dag_15.py
[2026-04-21T18:55:21.080+0530] {logging_mixin.py:190} INFO - [2026-04-21T18:55:21.080+0530] {dag.py:3239} INFO - Sync 1 DAGs
[2026-04-21T18:55:21.092+0530] {logging_mixin.py:190} INFO - [2026-04-21T18:55:21.092+0530] {dag.py:4180} INFO - Setting next_dagrun for dag_15 to None, run_after=None
[2026-04-21T18:55:21.108+0530] {processor.py:208} INFO - Processing /home/ubantu/airflow/dags/generated/dag_15.py took 0.058 seconds
[2026-04-21T19:02:06.600+0530] {processor.py:186} INFO - Started process (PID=6617) to work on /home/ubantu/airflow/dags/generated/dag_15.py
[2026-04-21T19:02:06.601+0530] {processor.py:914} INFO - Processing file /home/ubantu/airflow/dags/generated/dag_15.py for tasks to queue
[2026-04-21T19:02:06.603+0530] {logging_mixin.py:190} INFO - [2026-04-21T19:02:06.602+0530] {dagbag.py:588} INFO - Filling up the DagBag from /home/ubantu/airflow/dags/generated/dag_15.py
[2026-04-21T19:02:06.608+0530] {processor.py:925} INFO - DAG(s) 'dag_15' retrieved from /home/ubantu/airflow/dags/generated/dag_15.py
[2026-04-21T19:02:06.625+0530] {logging_mixin.py:190} INFO - [2026-04-21T19:02:06.624+0530] {dag.py:3239} INFO - Sync 1 DAGs
[2026-04-21T19:02:06.638+0530] {logging_mixin.py:190} INFO - [2026-04-21T19:02:06.638+0530] {dag.py:4180} INFO - Setting next_dagrun for dag_15 to None, run_after=None
[2026-04-21T19:02:06.659+0530] {processor.py:208} INFO - Processing /home/ubantu/airflow/dags/generated/dag_15.py took 0.066 seconds
[2026-04-21T19:06:38.620+0530] {processor.py:186} INFO - Started process (PID=6918) to work on /home/ubantu/airflow/dags/generated/dag_15.py
[2026-04-21T19:06:38.621+0530] {processor.py:914} INFO - Processing file /home/ubantu/airflow/dags/generated/dag_15.py for tasks to queue
[2026-04-21T19:06:38.622+0530] {logging_mixin.py:190} INFO - [2026-04-21T19:06:38.622+0530] {dagbag.py:588} INFO - Filling up the DagBag from /home/ubantu/airflow/dags/generated/dag_15.py
[2026-04-21T19:06:38.628+0530] {processor.py:925} INFO - DAG(s) 'dag_15' retrieved from /home/ubantu/airflow/dags/generated/dag_15.py
[2026-04-21T19:06:38.642+0530] {logging_mixin.py:190} INFO - [2026-04-21T19:06:38.642+0530] {dag.py:3239} INFO - Sync 1 DAGs
[2026-04-21T19:06:38.654+0530] {logging_mixin.py:190} INFO - [2026-04-21T19:06:38.654+0530] {dag.py:4180} INFO - Setting next_dagrun for dag_15 to None, run_after=None
[2026-04-21T19:06:38.671+0530] {processor.py:208} INFO - Processing /home/ubantu/airflow/dags/generated/dag_15.py took 0.058 seconds
[2026-04-21T19:09:17.580+0530] {processor.py:186} INFO - Started process (PID=7137) to work on /home/ubantu/airflow/dags/generated/dag_15.py
[2026-04-21T19:09:17.582+0530] {processor.py:914} INFO - Processing file /home/ubantu/airflow/dags/generated/dag_15.py for tasks to queue
[2026-04-21T19:09:17.583+0530] {logging_mixin.py:190} INFO - [2026-04-21T19:09:17.583+0530] {dagbag.py:588} INFO - Filling up the DagBag from /home/ubantu/airflow/dags/generated/dag_15.py
[2026-04-21T19:09:17.588+0530] {processor.py:925} INFO - DAG(s) 'dag_15' retrieved from /home/ubantu/airflow/dags/generated/dag_15.py
[2026-04-21T19:09:17.604+0530] {logging_mixin.py:190} INFO - [2026-04-21T19:09:17.603+0530] {dag.py:3239} INFO - Sync 1 DAGs
[2026-04-21T19:09:17.615+0530] {logging_mixin.py:190} INFO - [2026-04-21T19:09:17.615+0530] {dag.py:4180} INFO - Setting next_dagrun for dag_15 to None, run_after=None
[2026-04-21T19:09:17.638+0530] {processor.py:208} INFO - Processing /home/ubantu/airflow/dags/generated/dag_15.py took 0.064 seconds
[2026-04-21T19:11:51.345+0530] {processor.py:186} INFO - Started process (PID=7335) to work on /home/ubantu/airflow/dags/generated/dag_15.py
[2026-04-21T19:11:51.346+0530] {processor.py:914} INFO - Processing file /home/ubantu/airflow/dags/generated/dag_15.py for tasks to queue
[2026-04-21T19:11:51.347+0530] {logging_mixin.py:190} INFO - [2026-04-21T19:11:51.347+0530] {dagbag.py:588} INFO - Filling up the DagBag from /home/ubantu/airflow/dags/generated/dag_15.py
[2026-04-21T19:11:51.353+0530] {processor.py:925} INFO - DAG(s) 'dag_15' retrieved from /home/ubantu/airflow/dags/generated/dag_15.py
[2026-04-21T19:11:51.367+0530] {logging_mixin.py:190} INFO - [2026-04-21T19:11:51.366+0530] {dag.py:3239} INFO - Sync 1 DAGs
[2026-04-21T19:11:51.378+0530] {logging_mixin.py:190} INFO - [2026-04-21T19:11:51.378+0530] {dag.py:4180} INFO - Setting next_dagrun for dag_15 to None, run_after=None
[2026-04-21T19:11:51.394+0530] {processor.py:208} INFO - Processing /home/ubantu/airflow/dags/generated/dag_15.py took 0.056 seconds
[2026-04-21T19:14:34.671+0530] {processor.py:186} INFO - Started process (PID=7566) to work on /home/ubantu/airflow/dags/generated/dag_15.py
[2026-04-21T19:14:34.672+0530] {processor.py:914} INFO - Processing file /home/ubantu/airflow/dags/generated/dag_15.py for tasks to queue
[2026-04-21T19:14:34.674+0530] {logging_mixin.py:190} INFO - [2026-04-21T19:14:34.674+0530] {dagbag.py:588} INFO - Filling up the DagBag from /home/ubantu/airflow/dags/generated/dag_15.py
[2026-04-21T19:14:34.680+0530] {processor.py:925} INFO - DAG(s) 'dag_15' retrieved from /home/ubantu/airflow/dags/generated/dag_15.py
[2026-04-21T19:14:34.699+0530] {logging_mixin.py:190} INFO - [2026-04-21T19:14:34.699+0530] {dag.py:3239} INFO - Sync 1 DAGs
[2026-04-21T19:14:34.710+0530] {logging_mixin.py:190} INFO - [2026-04-21T19:14:34.710+0530] {dag.py:4180} INFO - Setting next_dagrun for dag_15 to None, run_after=None
[2026-04-21T19:14:34.726+0530] {processor.py:208} INFO - Processing /home/ubantu/airflow/dags/generated/dag_15.py took 0.062 seconds
[2026-04-21T19:17:11.842+0530] {processor.py:186} INFO - Started process (PID=7884) to work on /home/ubantu/airflow/dags/generated/dag_15.py
[2026-04-21T19:17:11.843+0530] {processor.py:914} INFO - Processing file /home/ubantu/airflow/dags/generated/dag_15.py for tasks to queue
[2026-04-21T19:17:11.844+0530] {logging_mixin.py:190} INFO - [2026-04-21T19:17:11.844+0530] {dagbag.py:588} INFO - Filling up the DagBag from /home/ubantu/airflow/dags/generated/dag_15.py
[2026-04-21T19:17:11.848+0530] {processor.py:925} INFO - DAG(s) 'dag_15' retrieved from /home/ubantu/airflow/dags/generated/dag_15.py
[2026-04-21T19:17:11.861+0530] {logging_mixin.py:190} INFO - [2026-04-21T19:17:11.859+0530] {dagbag.py:698} ERROR - Failed to write serialized DAG: /home/ubantu/airflow/dags/generated/dag_15.py
Traceback (most recent call last):
  File "/home/ubantu/miniconda3/envs/airflow-dev/lib/python3.11/site-packages/airflow/models/dagbag.py", line 686, in _serialize_dag_capturing_errors
  File "/home/ubantu/miniconda3/envs/airflow-dev/lib/python3.11/site-packages/airflow/utils/session.py", line 94, in wrapper
  File "/home/ubantu/miniconda3/envs/airflow-dev/lib/python3.11/site-packages/airflow/models/serialized_dag.py", line 169, in write_dag
  File "<string>", line 4, in __init__
  File "/home/ubantu/miniconda3/envs/airflow-dev/lib/python3.11/site-packages/sqlalchemy/orm/state.py", line 481, in _initialize_instance
    with util.safe_reraise():
  File "/home/ubantu/miniconda3/envs/airflow-dev/lib/python3.11/site-packages/sqlalchemy/util/langhelpers.py", line 70, in __exit__
    compat.raise_(
  File "/home/ubantu/miniconda3/envs/airflow-dev/lib/python3.11/site-packages/sqlalchemy/util/compat.py", line 211, in raise_
    raise exception
  File "/home/ubantu/miniconda3/envs/airflow-dev/lib/python3.11/site-packages/sqlalchemy/orm/state.py", line 479, in _initialize_instance
    return manager.original_init(*mixed[1:], **kwargs)
           ^^^^^^^^^^^^^^^^^^^^^^^^^^^^^^^^^^^^^^^^^^^
  File "/home/ubantu/miniconda3/envs/airflow-dev/lib/python3.11/site-packages/airflow/models/serialized_dag.py", line 116, in __init__
  File "/home/ubantu/miniconda3/envs/airflow-dev/lib/python3.11/site-packages/airflow/serialization/serialized_objects.py", line 1776, in to_dict
  File "/home/ubantu/miniconda3/envs/airflow-dev/lib/python3.11/site-packages/airflow/serialization/serialized_objects.py", line 561, in validate_schema
  File "/home/ubantu/miniconda3/envs/airflow-dev/lib/python3.11/site-packages/airflow/serialization/json_schema.py", line 71, in load_dag_schema
  File "/home/ubantu/miniconda3/envs/airflow-dev/lib/python3.11/site-packages/airflow/serialization/json_schema.py", line 58, in load_dag_schema_dict
  File "/home/ubantu/miniconda3/envs/airflow-dev/lib/python3.11/pkgutil.py", line 640, in get_data
    return loader.get_data(resource_name)
           ^^^^^^^^^^^^^^^^^^^^^^^^^^^^^^
  File "<frozen importlib._bootstrap_external>", line 1130, in get_data
FileNotFoundError: [Errno 2] No such file or directory: '/home/ubantu/miniconda3/envs/airflow-dev/lib/python3.11/site-packages/airflow/serialization/schema.json'
[2026-04-21T19:17:11.861+0530] {logging_mixin.py:190} INFO - [2026-04-21T19:17:11.861+0530] {dag.py:3239} INFO - Sync 1 DAGs
[2026-04-21T19:17:11.872+0530] {logging_mixin.py:190} INFO - [2026-04-21T19:17:11.872+0530] {dag.py:4180} INFO - Setting next_dagrun for dag_15 to None, run_after=None
[2026-04-21T19:17:11.897+0530] {processor.py:208} INFO - Processing /home/ubantu/airflow/dags/generated/dag_15.py took 0.064 seconds
[2026-04-21T19:18:01.453+0530] {processor.py:186} INFO - Started process (PID=8000) to work on /home/ubantu/airflow/dags/generated/dag_15.py
[2026-04-21T19:18:01.454+0530] {processor.py:914} INFO - Processing file /home/ubantu/airflow/dags/generated/dag_15.py for tasks to queue
[2026-04-21T19:18:01.455+0530] {logging_mixin.py:190} INFO - [2026-04-21T19:18:01.454+0530] {dagbag.py:588} INFO - Filling up the DagBag from /home/ubantu/airflow/dags/generated/dag_15.py
[2026-04-21T19:18:01.460+0530] {processor.py:925} INFO - DAG(s) 'dag_15' retrieved from /home/ubantu/airflow/dags/generated/dag_15.py
[2026-04-21T19:18:01.472+0530] {logging_mixin.py:190} INFO - [2026-04-21T19:18:01.470+0530] {dagbag.py:698} ERROR - Failed to write serialized DAG: /home/ubantu/airflow/dags/generated/dag_15.py
Traceback (most recent call last):
  File "/home/ubantu/miniconda3/envs/airflow-dev/lib/python3.11/site-packages/airflow/models/dagbag.py", line 686, in _serialize_dag_capturing_errors
  File "/home/ubantu/miniconda3/envs/airflow-dev/lib/python3.11/site-packages/airflow/utils/session.py", line 94, in wrapper
  File "/home/ubantu/miniconda3/envs/airflow-dev/lib/python3.11/site-packages/airflow/models/serialized_dag.py", line 169, in write_dag
  File "<string>", line 4, in __init__
  File "/home/ubantu/miniconda3/envs/airflow-dev/lib/python3.11/site-packages/sqlalchemy/orm/state.py", line 481, in _initialize_instance
    with util.safe_reraise():
  File "/home/ubantu/miniconda3/envs/airflow-dev/lib/python3.11/site-packages/sqlalchemy/util/langhelpers.py", line 70, in __exit__
    compat.raise_(
  File "/home/ubantu/miniconda3/envs/airflow-dev/lib/python3.11/site-packages/sqlalchemy/util/compat.py", line 211, in raise_
    raise exception
  File "/home/ubantu/miniconda3/envs/airflow-dev/lib/python3.11/site-packages/sqlalchemy/orm/state.py", line 479, in _initialize_instance
    return manager.original_init(*mixed[1:], **kwargs)
           ^^^^^^^^^^^^^^^^^^^^^^^^^^^^^^^^^^^^^^^^^^^
  File "/home/ubantu/miniconda3/envs/airflow-dev/lib/python3.11/site-packages/airflow/models/serialized_dag.py", line 116, in __init__
  File "/home/ubantu/miniconda3/envs/airflow-dev/lib/python3.11/site-packages/airflow/serialization/serialized_objects.py", line 1776, in to_dict
  File "/home/ubantu/miniconda3/envs/airflow-dev/lib/python3.11/site-packages/airflow/serialization/serialized_objects.py", line 561, in validate_schema
  File "/home/ubantu/miniconda3/envs/airflow-dev/lib/python3.11/site-packages/airflow/serialization/json_schema.py", line 71, in load_dag_schema
  File "/home/ubantu/miniconda3/envs/airflow-dev/lib/python3.11/site-packages/airflow/serialization/json_schema.py", line 58, in load_dag_schema_dict
  File "/home/ubantu/miniconda3/envs/airflow-dev/lib/python3.11/pkgutil.py", line 640, in get_data
    return loader.get_data(resource_name)
           ^^^^^^^^^^^^^^^^^^^^^^^^^^^^^^
  File "<frozen importlib._bootstrap_external>", line 1130, in get_data
FileNotFoundError: [Errno 2] No such file or directory: '/home/ubantu/miniconda3/envs/airflow-dev/lib/python3.11/site-packages/airflow/serialization/schema.json'
[2026-04-21T19:18:01.473+0530] {logging_mixin.py:190} INFO - [2026-04-21T19:18:01.473+0530] {dag.py:3239} INFO - Sync 1 DAGs
[2026-04-21T19:18:01.485+0530] {logging_mixin.py:190} INFO - [2026-04-21T19:18:01.484+0530] {dag.py:4180} INFO - Setting next_dagrun for dag_15 to None, run_after=None
[2026-04-21T19:18:01.513+0530] {processor.py:208} INFO - Processing /home/ubantu/airflow/dags/generated/dag_15.py took 0.069 seconds
[2026-04-21T19:18:52.916+0530] {processor.py:186} INFO - Started process (PID=8125) to work on /home/ubantu/airflow/dags/generated/dag_15.py
[2026-04-21T19:18:52.917+0530] {processor.py:914} INFO - Processing file /home/ubantu/airflow/dags/generated/dag_15.py for tasks to queue
[2026-04-21T19:18:52.919+0530] {logging_mixin.py:190} INFO - [2026-04-21T19:18:52.918+0530] {dagbag.py:588} INFO - Filling up the DagBag from /home/ubantu/airflow/dags/generated/dag_15.py
[2026-04-21T19:18:52.924+0530] {processor.py:925} INFO - DAG(s) 'dag_15' retrieved from /home/ubantu/airflow/dags/generated/dag_15.py
[2026-04-21T19:18:52.938+0530] {logging_mixin.py:190} INFO - [2026-04-21T19:18:52.936+0530] {dagbag.py:698} ERROR - Failed to write serialized DAG: /home/ubantu/airflow/dags/generated/dag_15.py
Traceback (most recent call last):
  File "/home/ubantu/miniconda3/envs/airflow-dev/lib/python3.11/site-packages/airflow/models/dagbag.py", line 686, in _serialize_dag_capturing_errors
  File "/home/ubantu/miniconda3/envs/airflow-dev/lib/python3.11/site-packages/airflow/utils/session.py", line 94, in wrapper
  File "/home/ubantu/miniconda3/envs/airflow-dev/lib/python3.11/site-packages/airflow/models/serialized_dag.py", line 169, in write_dag
  File "<string>", line 4, in __init__
  File "/home/ubantu/miniconda3/envs/airflow-dev/lib/python3.11/site-packages/sqlalchemy/orm/state.py", line 481, in _initialize_instance
    with util.safe_reraise():
  File "/home/ubantu/miniconda3/envs/airflow-dev/lib/python3.11/site-packages/sqlalchemy/util/langhelpers.py", line 70, in __exit__
    compat.raise_(
  File "/home/ubantu/miniconda3/envs/airflow-dev/lib/python3.11/site-packages/sqlalchemy/util/compat.py", line 211, in raise_
    raise exception
  File "/home/ubantu/miniconda3/envs/airflow-dev/lib/python3.11/site-packages/sqlalchemy/orm/state.py", line 479, in _initialize_instance
    return manager.original_init(*mixed[1:], **kwargs)
           ^^^^^^^^^^^^^^^^^^^^^^^^^^^^^^^^^^^^^^^^^^^
  File "/home/ubantu/miniconda3/envs/airflow-dev/lib/python3.11/site-packages/airflow/models/serialized_dag.py", line 116, in __init__
  File "/home/ubantu/miniconda3/envs/airflow-dev/lib/python3.11/site-packages/airflow/serialization/serialized_objects.py", line 1776, in to_dict
  File "/home/ubantu/miniconda3/envs/airflow-dev/lib/python3.11/site-packages/airflow/serialization/serialized_objects.py", line 561, in validate_schema
  File "/home/ubantu/miniconda3/envs/airflow-dev/lib/python3.11/site-packages/airflow/serialization/json_schema.py", line 71, in load_dag_schema
  File "/home/ubantu/miniconda3/envs/airflow-dev/lib/python3.11/site-packages/airflow/serialization/json_schema.py", line 58, in load_dag_schema_dict
  File "/home/ubantu/miniconda3/envs/airflow-dev/lib/python3.11/pkgutil.py", line 640, in get_data
    return loader.get_data(resource_name)
           ^^^^^^^^^^^^^^^^^^^^^^^^^^^^^^
  File "<frozen importlib._bootstrap_external>", line 1130, in get_data
FileNotFoundError: [Errno 2] No such file or directory: '/home/ubantu/miniconda3/envs/airflow-dev/lib/python3.11/site-packages/airflow/serialization/schema.json'
[2026-04-21T19:18:52.939+0530] {logging_mixin.py:190} INFO - [2026-04-21T19:18:52.939+0530] {dag.py:3239} INFO - Sync 1 DAGs
[2026-04-21T19:18:52.952+0530] {logging_mixin.py:190} INFO - [2026-04-21T19:18:52.951+0530] {dag.py:4180} INFO - Setting next_dagrun for dag_15 to None, run_after=None
[2026-04-21T19:18:52.980+0530] {processor.py:208} INFO - Processing /home/ubantu/airflow/dags/generated/dag_15.py took 0.073 seconds
[2026-04-21T19:21:47.795+0530] {processor.py:186} INFO - Started process (PID=8271) to work on /home/ubantu/airflow/dags/generated/dag_15.py
[2026-04-21T19:21:47.797+0530] {processor.py:914} INFO - Processing file /home/ubantu/airflow/dags/generated/dag_15.py for tasks to queue
[2026-04-21T19:21:47.799+0530] {logging_mixin.py:190} INFO - [2026-04-21T19:21:47.799+0530] {dagbag.py:588} INFO - Filling up the DagBag from /home/ubantu/airflow/dags/generated/dag_15.py
[2026-04-21T19:21:47.808+0530] {processor.py:925} INFO - DAG(s) 'dag_15' retrieved from /home/ubantu/airflow/dags/generated/dag_15.py
[2026-04-21T19:21:47.845+0530] {logging_mixin.py:190} INFO - [2026-04-21T19:21:47.845+0530] {dag.py:3239} INFO - Sync 1 DAGs
[2026-04-21T19:21:47.856+0530] {logging_mixin.py:190} INFO - [2026-04-21T19:21:47.855+0530] {dag.py:4180} INFO - Setting next_dagrun for dag_15 to None, run_after=None
[2026-04-21T19:21:47.876+0530] {processor.py:208} INFO - Processing /home/ubantu/airflow/dags/generated/dag_15.py took 0.093 seconds
[2026-04-21T19:23:39.525+0530] {processor.py:186} INFO - Started process (PID=8419) to work on /home/ubantu/airflow/dags/generated/dag_15.py
[2026-04-21T19:23:39.526+0530] {processor.py:914} INFO - Processing file /home/ubantu/airflow/dags/generated/dag_15.py for tasks to queue
[2026-04-21T19:23:39.527+0530] {logging_mixin.py:190} INFO - [2026-04-21T19:23:39.527+0530] {dagbag.py:588} INFO - Filling up the DagBag from /home/ubantu/airflow/dags/generated/dag_15.py
[2026-04-21T19:23:39.532+0530] {processor.py:925} INFO - DAG(s) 'dag_15' retrieved from /home/ubantu/airflow/dags/generated/dag_15.py
[2026-04-21T19:23:39.548+0530] {logging_mixin.py:190} INFO - [2026-04-21T19:23:39.548+0530] {dag.py:3239} INFO - Sync 1 DAGs
[2026-04-21T19:23:39.559+0530] {logging_mixin.py:190} INFO - [2026-04-21T19:23:39.559+0530] {dag.py:4180} INFO - Setting next_dagrun for dag_15 to None, run_after=None
[2026-04-21T19:23:39.575+0530] {processor.py:208} INFO - Processing /home/ubantu/airflow/dags/generated/dag_15.py took 0.056 seconds
[2026-04-21T19:25:06.207+0530] {processor.py:186} INFO - Started process (PID=8543) to work on /home/ubantu/airflow/dags/generated/dag_15.py
[2026-04-21T19:25:06.208+0530] {processor.py:914} INFO - Processing file /home/ubantu/airflow/dags/generated/dag_15.py for tasks to queue
[2026-04-21T19:25:06.210+0530] {logging_mixin.py:190} INFO - [2026-04-21T19:25:06.209+0530] {dagbag.py:588} INFO - Filling up the DagBag from /home/ubantu/airflow/dags/generated/dag_15.py
[2026-04-21T19:25:06.214+0530] {processor.py:925} INFO - DAG(s) 'dag_15' retrieved from /home/ubantu/airflow/dags/generated/dag_15.py
[2026-04-21T19:25:06.230+0530] {logging_mixin.py:190} INFO - [2026-04-21T19:25:06.230+0530] {dag.py:3239} INFO - Sync 1 DAGs
[2026-04-21T19:25:06.242+0530] {logging_mixin.py:190} INFO - [2026-04-21T19:25:06.242+0530] {dag.py:4180} INFO - Setting next_dagrun for dag_15 to None, run_after=None
[2026-04-21T19:25:06.260+0530] {processor.py:208} INFO - Processing /home/ubantu/airflow/dags/generated/dag_15.py took 0.061 seconds
[2026-04-21T19:26:25.061+0530] {processor.py:186} INFO - Started process (PID=8650) to work on /home/ubantu/airflow/dags/generated/dag_15.py
[2026-04-21T19:26:25.063+0530] {processor.py:914} INFO - Processing file /home/ubantu/airflow/dags/generated/dag_15.py for tasks to queue
[2026-04-21T19:26:25.064+0530] {logging_mixin.py:190} INFO - [2026-04-21T19:26:25.064+0530] {dagbag.py:588} INFO - Filling up the DagBag from /home/ubantu/airflow/dags/generated/dag_15.py
[2026-04-21T19:26:25.069+0530] {processor.py:925} INFO - DAG(s) 'dag_15' retrieved from /home/ubantu/airflow/dags/generated/dag_15.py
[2026-04-21T19:26:25.083+0530] {logging_mixin.py:190} INFO - [2026-04-21T19:26:25.083+0530] {dag.py:3239} INFO - Sync 1 DAGs
[2026-04-21T19:26:25.094+0530] {logging_mixin.py:190} INFO - [2026-04-21T19:26:25.093+0530] {dag.py:4180} INFO - Setting next_dagrun for dag_15 to None, run_after=None
[2026-04-21T19:26:25.111+0530] {processor.py:208} INFO - Processing /home/ubantu/airflow/dags/generated/dag_15.py took 0.056 seconds
