[2026-04-21T18:47:00.242+0530] {processor.py:186} INFO - Started process (PID=5491) to work on /home/ubantu/airflow/dags/generated/dag_31.py
[2026-04-21T18:47:00.243+0530] {processor.py:914} INFO - Processing file /home/ubantu/airflow/dags/generated/dag_31.py for tasks to queue
[2026-04-21T18:47:00.246+0530] {logging_mixin.py:190} INFO - [2026-04-21T18:47:00.245+0530] {dagbag.py:588} INFO - Filling up the DagBag from /home/ubantu/airflow/dags/generated/dag_31.py
[2026-04-21T18:47:00.255+0530] {processor.py:925} INFO - DAG(s) 'dag_31' retrieved from /home/ubantu/airflow/dags/generated/dag_31.py
[2026-04-21T18:47:00.271+0530] {logging_mixin.py:190} INFO - [2026-04-21T18:47:00.271+0530] {dag.py:3239} INFO - Sync 1 DAGs
[2026-04-21T18:47:00.285+0530] {logging_mixin.py:190} INFO - [2026-04-21T18:47:00.284+0530] {dag.py:4180} INFO - Setting next_dagrun for dag_31 to None, run_after=None
[2026-04-21T18:47:00.305+0530] {processor.py:208} INFO - Processing /home/ubantu/airflow/dags/generated/dag_31.py took 0.070 seconds
[2026-04-21T18:48:54.167+0530] {processor.py:186} INFO - Started process (PID=5677) to work on /home/ubantu/airflow/dags/generated/dag_31.py
[2026-04-21T18:48:54.168+0530] {processor.py:914} INFO - Processing file /home/ubantu/airflow/dags/generated/dag_31.py for tasks to queue
[2026-04-21T18:48:54.170+0530] {logging_mixin.py:190} INFO - [2026-04-21T18:48:54.170+0530] {dagbag.py:588} INFO - Filling up the DagBag from /home/ubantu/airflow/dags/generated/dag_31.py
[2026-04-21T18:48:54.178+0530] {processor.py:925} INFO - DAG(s) 'dag_31' retrieved from /home/ubantu/airflow/dags/generated/dag_31.py
[2026-04-21T18:48:54.193+0530] {logging_mixin.py:190} INFO - [2026-04-21T18:48:54.193+0530] {dag.py:3239} INFO - Sync 1 DAGs
[2026-04-21T18:48:54.320+0530] {logging_mixin.py:190} INFO - [2026-04-21T18:48:54.319+0530] {dag.py:4180} INFO - Setting next_dagrun for dag_31 to None, run_after=None
[2026-04-21T18:48:54.336+0530] {processor.py:208} INFO - Processing /home/ubantu/airflow/dags/generated/dag_31.py took 0.175 seconds
[2026-04-21T18:51:35.449+0530] {processor.py:186} INFO - Started process (PID=5905) to work on /home/ubantu/airflow/dags/generated/dag_31.py
[2026-04-21T18:51:35.450+0530] {processor.py:914} INFO - Processing file /home/ubantu/airflow/dags/generated/dag_31.py for tasks to queue
[2026-04-21T18:51:35.453+0530] {logging_mixin.py:190} INFO - [2026-04-21T18:51:35.452+0530] {dagbag.py:588} INFO - Filling up the DagBag from /home/ubantu/airflow/dags/generated/dag_31.py
[2026-04-21T18:51:35.461+0530] {processor.py:925} INFO - DAG(s) 'dag_31' retrieved from /home/ubantu/airflow/dags/generated/dag_31.py
[2026-04-21T18:51:35.475+0530] {logging_mixin.py:190} INFO - [2026-04-21T18:51:35.475+0530] {dag.py:3239} INFO - Sync 1 DAGs
[2026-04-21T18:51:35.487+0530] {logging_mixin.py:190} INFO - [2026-04-21T18:51:35.487+0530] {dag.py:4180} INFO - Setting next_dagrun for dag_31 to None, run_after=None
[2026-04-21T18:51:35.505+0530] {processor.py:208} INFO - Processing /home/ubantu/airflow/dags/generated/dag_31.py took 0.063 seconds
[2026-04-21T18:54:15.368+0530] {processor.py:186} INFO - Started process (PID=6135) to work on /home/ubantu/airflow/dags/generated/dag_31.py
[2026-04-21T18:54:15.369+0530] {processor.py:914} INFO - Processing file /home/ubantu/airflow/dags/generated/dag_31.py for tasks to queue
[2026-04-21T18:54:15.371+0530] {logging_mixin.py:190} INFO - [2026-04-21T18:54:15.371+0530] {dagbag.py:588} INFO - Filling up the DagBag from /home/ubantu/airflow/dags/generated/dag_31.py
[2026-04-21T18:54:15.378+0530] {processor.py:925} INFO - DAG(s) 'dag_31' retrieved from /home/ubantu/airflow/dags/generated/dag_31.py
[2026-04-21T18:54:15.389+0530] {logging_mixin.py:190} INFO - [2026-04-21T18:54:15.389+0530] {dag.py:3239} INFO - Sync 1 DAGs
[2026-04-21T18:54:15.399+0530] {logging_mixin.py:190} INFO - [2026-04-21T18:54:15.399+0530] {dag.py:4180} INFO - Setting next_dagrun for dag_31 to None, run_after=None
[2026-04-21T18:54:15.418+0530] {processor.py:208} INFO - Processing /home/ubantu/airflow/dags/generated/dag_31.py took 0.057 seconds
[2026-04-21T18:56:51.337+0530] {processor.py:186} INFO - Started process (PID=6359) to work on /home/ubantu/airflow/dags/generated/dag_31.py
[2026-04-21T18:56:51.339+0530] {processor.py:914} INFO - Processing file /home/ubantu/airflow/dags/generated/dag_31.py for tasks to queue
[2026-04-21T18:56:51.341+0530] {logging_mixin.py:190} INFO - [2026-04-21T18:56:51.340+0530] {dagbag.py:588} INFO - Filling up the DagBag from /home/ubantu/airflow/dags/generated/dag_31.py
[2026-04-21T18:56:51.348+0530] {processor.py:925} INFO - DAG(s) 'dag_31' retrieved from /home/ubantu/airflow/dags/generated/dag_31.py
[2026-04-21T18:56:51.361+0530] {logging_mixin.py:190} INFO - [2026-04-21T18:56:51.361+0530] {dag.py:3239} INFO - Sync 1 DAGs
[2026-04-21T18:56:51.373+0530] {logging_mixin.py:190} INFO - [2026-04-21T18:56:51.373+0530] {dag.py:4180} INFO - Setting next_dagrun for dag_31 to None, run_after=None
[2026-04-21T18:56:51.390+0530] {processor.py:208} INFO - Processing /home/ubantu/airflow/dags/generated/dag_31.py took 0.058 seconds
[2026-04-21T19:01:50.293+0530] {processor.py:186} INFO - Started process (PID=6590) to work on /home/ubantu/airflow/dags/generated/dag_31.py
[2026-04-21T19:01:50.294+0530] {processor.py:914} INFO - Processing file /home/ubantu/airflow/dags/generated/dag_31.py for tasks to queue
[2026-04-21T19:01:50.295+0530] {logging_mixin.py:190} INFO - [2026-04-21T19:01:50.295+0530] {dagbag.py:588} INFO - Filling up the DagBag from /home/ubantu/airflow/dags/generated/dag_31.py
[2026-04-21T19:01:50.300+0530] {processor.py:925} INFO - DAG(s) 'dag_31' retrieved from /home/ubantu/airflow/dags/generated/dag_31.py
[2026-04-21T19:01:50.317+0530] {logging_mixin.py:190} INFO - [2026-04-21T19:01:50.317+0530] {dag.py:3239} INFO - Sync 1 DAGs
[2026-04-21T19:01:50.328+0530] {logging_mixin.py:190} INFO - [2026-04-21T19:01:50.328+0530] {dag.py:4180} INFO - Setting next_dagrun for dag_31 to None, run_after=None
[2026-04-21T19:01:50.345+0530] {processor.py:208} INFO - Processing /home/ubantu/airflow/dags/generated/dag_31.py took 0.059 seconds
[2026-04-21T19:03:39.156+0530] {processor.py:186} INFO - Started process (PID=6739) to work on /home/ubantu/airflow/dags/generated/dag_31.py
[2026-04-21T19:03:39.157+0530] {processor.py:914} INFO - Processing file /home/ubantu/airflow/dags/generated/dag_31.py for tasks to queue
[2026-04-21T19:03:39.159+0530] {logging_mixin.py:190} INFO - [2026-04-21T19:03:39.158+0530] {dagbag.py:588} INFO - Filling up the DagBag from /home/ubantu/airflow/dags/generated/dag_31.py
[2026-04-21T19:03:39.163+0530] {processor.py:925} INFO - DAG(s) 'dag_31' retrieved from /home/ubantu/airflow/dags/generated/dag_31.py
[2026-04-21T19:03:39.178+0530] {logging_mixin.py:190} INFO - [2026-04-21T19:03:39.178+0530] {dag.py:3239} INFO - Sync 1 DAGs
[2026-04-21T19:03:39.189+0530] {logging_mixin.py:190} INFO - [2026-04-21T19:03:39.189+0530] {dag.py:4180} INFO - Setting next_dagrun for dag_31 to None, run_after=None
[2026-04-21T19:03:39.207+0530] {processor.py:208} INFO - Processing /home/ubantu/airflow/dags/generated/dag_31.py took 0.057 seconds
[2026-04-21T19:06:23.150+0530] {processor.py:186} INFO - Started process (PID=6901) to work on /home/ubantu/airflow/dags/generated/dag_31.py
[2026-04-21T19:06:23.151+0530] {processor.py:914} INFO - Processing file /home/ubantu/airflow/dags/generated/dag_31.py for tasks to queue
[2026-04-21T19:06:23.152+0530] {logging_mixin.py:190} INFO - [2026-04-21T19:06:23.152+0530] {dagbag.py:588} INFO - Filling up the DagBag from /home/ubantu/airflow/dags/generated/dag_31.py
[2026-04-21T19:06:23.157+0530] {processor.py:925} INFO - DAG(s) 'dag_31' retrieved from /home/ubantu/airflow/dags/generated/dag_31.py
[2026-04-21T19:06:23.173+0530] {logging_mixin.py:190} INFO - [2026-04-21T19:06:23.172+0530] {dag.py:3239} INFO - Sync 1 DAGs
[2026-04-21T19:06:23.185+0530] {logging_mixin.py:190} INFO - [2026-04-21T19:06:23.185+0530] {dag.py:4180} INFO - Setting next_dagrun for dag_31 to None, run_after=None
[2026-04-21T19:06:23.203+0530] {processor.py:208} INFO - Processing /home/ubantu/airflow/dags/generated/dag_31.py took 0.060 seconds
[2026-04-21T19:08:12.594+0530] {processor.py:186} INFO - Started process (PID=7051) to work on /home/ubantu/airflow/dags/generated/dag_31.py
[2026-04-21T19:08:12.595+0530] {processor.py:914} INFO - Processing file /home/ubantu/airflow/dags/generated/dag_31.py for tasks to queue
[2026-04-21T19:08:12.597+0530] {logging_mixin.py:190} INFO - [2026-04-21T19:08:12.596+0530] {dagbag.py:588} INFO - Filling up the DagBag from /home/ubantu/airflow/dags/generated/dag_31.py
[2026-04-21T19:08:12.602+0530] {processor.py:925} INFO - DAG(s) 'dag_31' retrieved from /home/ubantu/airflow/dags/generated/dag_31.py
[2026-04-21T19:08:12.620+0530] {logging_mixin.py:190} INFO - [2026-04-21T19:08:12.620+0530] {dag.py:3239} INFO - Sync 1 DAGs
[2026-04-21T19:08:12.636+0530] {logging_mixin.py:190} INFO - [2026-04-21T19:08:12.635+0530] {dag.py:4180} INFO - Setting next_dagrun for dag_31 to None, run_after=None
[2026-04-21T19:08:12.657+0530] {processor.py:208} INFO - Processing /home/ubantu/airflow/dags/generated/dag_31.py took 0.071 seconds
[2026-04-21T19:10:48.715+0530] {processor.py:186} INFO - Started process (PID=7246) to work on /home/ubantu/airflow/dags/generated/dag_31.py
[2026-04-21T19:10:48.717+0530] {processor.py:914} INFO - Processing file /home/ubantu/airflow/dags/generated/dag_31.py for tasks to queue
[2026-04-21T19:10:48.718+0530] {logging_mixin.py:190} INFO - [2026-04-21T19:10:48.718+0530] {dagbag.py:588} INFO - Filling up the DagBag from /home/ubantu/airflow/dags/generated/dag_31.py
[2026-04-21T19:10:48.723+0530] {processor.py:925} INFO - DAG(s) 'dag_31' retrieved from /home/ubantu/airflow/dags/generated/dag_31.py
[2026-04-21T19:10:48.737+0530] {logging_mixin.py:190} INFO - [2026-04-21T19:10:48.737+0530] {dag.py:3239} INFO - Sync 1 DAGs
[2026-04-21T19:10:48.748+0530] {logging_mixin.py:190} INFO - [2026-04-21T19:10:48.748+0530] {dag.py:4180} INFO - Setting next_dagrun for dag_31 to None, run_after=None
[2026-04-21T19:10:48.766+0530] {processor.py:208} INFO - Processing /home/ubantu/airflow/dags/generated/dag_31.py took 0.057 seconds
[2026-04-21T19:13:27.532+0530] {processor.py:186} INFO - Started process (PID=7477) to work on /home/ubantu/airflow/dags/generated/dag_31.py
[2026-04-21T19:13:27.533+0530] {processor.py:914} INFO - Processing file /home/ubantu/airflow/dags/generated/dag_31.py for tasks to queue
[2026-04-21T19:13:27.535+0530] {logging_mixin.py:190} INFO - [2026-04-21T19:13:27.535+0530] {dagbag.py:588} INFO - Filling up the DagBag from /home/ubantu/airflow/dags/generated/dag_31.py
[2026-04-21T19:13:27.540+0530] {processor.py:925} INFO - DAG(s) 'dag_31' retrieved from /home/ubantu/airflow/dags/generated/dag_31.py
[2026-04-21T19:13:27.555+0530] {logging_mixin.py:190} INFO - [2026-04-21T19:13:27.554+0530] {dag.py:3239} INFO - Sync 1 DAGs
[2026-04-21T19:13:27.565+0530] {logging_mixin.py:190} INFO - [2026-04-21T19:13:27.565+0530] {dag.py:4180} INFO - Setting next_dagrun for dag_31 to None, run_after=None
[2026-04-21T19:13:27.581+0530] {processor.py:208} INFO - Processing /home/ubantu/airflow/dags/generated/dag_31.py took 0.055 seconds
[2026-04-21T19:16:06.700+0530] {processor.py:186} INFO - Started process (PID=7695) to work on /home/ubantu/airflow/dags/generated/dag_31.py
[2026-04-21T19:16:06.702+0530] {processor.py:914} INFO - Processing file /home/ubantu/airflow/dags/generated/dag_31.py for tasks to queue
[2026-04-21T19:16:06.703+0530] {logging_mixin.py:190} INFO - [2026-04-21T19:16:06.702+0530] {dagbag.py:588} INFO - Filling up the DagBag from /home/ubantu/airflow/dags/generated/dag_31.py
[2026-04-21T19:16:06.707+0530] {processor.py:925} INFO - DAG(s) 'dag_31' retrieved from /home/ubantu/airflow/dags/generated/dag_31.py
[2026-04-21T19:16:06.725+0530] {logging_mixin.py:190} INFO - [2026-04-21T19:16:06.724+0530] {dag.py:3239} INFO - Sync 1 DAGs
[2026-04-21T19:16:06.737+0530] {logging_mixin.py:190} INFO - [2026-04-21T19:16:06.737+0530] {dag.py:4180} INFO - Setting next_dagrun for dag_31 to None, run_after=None
[2026-04-21T19:16:06.752+0530] {processor.py:208} INFO - Processing /home/ubantu/airflow/dags/generated/dag_31.py took 0.058 seconds
[2026-04-21T19:17:48.051+0530] {processor.py:186} INFO - Started process (PID=7983) to work on /home/ubantu/airflow/dags/generated/dag_31.py
[2026-04-21T19:17:48.052+0530] {processor.py:914} INFO - Processing file /home/ubantu/airflow/dags/generated/dag_31.py for tasks to queue
[2026-04-21T19:17:48.054+0530] {logging_mixin.py:190} INFO - [2026-04-21T19:17:48.053+0530] {dagbag.py:588} INFO - Filling up the DagBag from /home/ubantu/airflow/dags/generated/dag_31.py
[2026-04-21T19:17:48.059+0530] {processor.py:925} INFO - DAG(s) 'dag_31' retrieved from /home/ubantu/airflow/dags/generated/dag_31.py
[2026-04-21T19:17:48.072+0530] {logging_mixin.py:190} INFO - [2026-04-21T19:17:48.070+0530] {dagbag.py:698} ERROR - Failed to write serialized DAG: /home/ubantu/airflow/dags/generated/dag_31.py
Traceback (most recent call last):
  File "/home/ubantu/miniconda3/envs/airflow-dev/lib/python3.11/site-packages/airflow/models/dagbag.py", line 686, in _serialize_dag_capturing_errors
  File "/home/ubantu/miniconda3/envs/airflow-dev/lib/python3.11/site-packages/airflow/utils/session.py", line 94, in wrapper
  File "/home/ubantu/miniconda3/envs/airflow-dev/lib/python3.11/site-packages/airflow/models/serialized_dag.py", line 169, in write_dag
  File "<string>", line 4, in __init__
  File "/home/ubantu/miniconda3/envs/airflow-dev/lib/python3.11/site-packages/sqlalchemy/orm/state.py", line 481, in _initialize_instance
    with util.safe_reraise():
  File "/home/ubantu/miniconda3/envs/airflow-dev/lib/python3.11/site-packages/sqlalchemy/util/langhelpers.py", line 70, in __exit__
    compat.raise_(
  File "/home/ubantu/miniconda3/envs/airflow-dev/lib/python3.11/site-packages/sqlalchemy/util/compat.py", line 211, in raise_
    raise exception
  File "/home/ubantu/miniconda3/envs/airflow-dev/lib/python3.11/site-packages/sqlalchemy/orm/state.py", line 479, in _initialize_instance
    return manager.original_init(*mixed[1:], **kwargs)
           ^^^^^^^^^^^^^^^^^^^^^^^^^^^^^^^^^^^^^^^^^^^
  File "/home/ubantu/miniconda3/envs/airflow-dev/lib/python3.11/site-packages/airflow/models/serialized_dag.py", line 116, in __init__
  File "/home/ubantu/miniconda3/envs/airflow-dev/lib/python3.11/site-packages/airflow/serialization/serialized_objects.py", line 1776, in to_dict
  File "/home/ubantu/miniconda3/envs/airflow-dev/lib/python3.11/site-packages/airflow/serialization/serialized_objects.py", line 561, in validate_schema
  File "/home/ubantu/miniconda3/envs/airflow-dev/lib/python3.11/site-packages/airflow/serialization/json_schema.py", line 71, in load_dag_schema
  File "/home/ubantu/miniconda3/envs/airflow-dev/lib/python3.11/site-packages/airflow/serialization/json_schema.py", line 58, in load_dag_schema_dict
  File "/home/ubantu/miniconda3/envs/airflow-dev/lib/python3.11/pkgutil.py", line 640, in get_data
    return loader.get_data(resource_name)
           ^^^^^^^^^^^^^^^^^^^^^^^^^^^^^^
  File "<frozen importlib._bootstrap_external>", line 1130, in get_data
FileNotFoundError: [Errno 2] No such file or directory: '/home/ubantu/miniconda3/envs/airflow-dev/lib/python3.11/site-packages/airflow/serialization/schema.json'
[2026-04-21T19:17:48.073+0530] {logging_mixin.py:190} INFO - [2026-04-21T19:17:48.073+0530] {dag.py:3239} INFO - Sync 1 DAGs
[2026-04-21T19:17:48.086+0530] {logging_mixin.py:190} INFO - [2026-04-21T19:17:48.086+0530] {dag.py:4180} INFO - Setting next_dagrun for dag_31 to None, run_after=None
[2026-04-21T19:17:48.110+0530] {processor.py:208} INFO - Processing /home/ubantu/airflow/dags/generated/dag_31.py took 0.067 seconds
[2026-04-21T19:18:37.440+0530] {processor.py:186} INFO - Started process (PID=8078) to work on /home/ubantu/airflow/dags/generated/dag_31.py
[2026-04-21T19:18:37.441+0530] {processor.py:914} INFO - Processing file /home/ubantu/airflow/dags/generated/dag_31.py for tasks to queue
[2026-04-21T19:18:37.443+0530] {logging_mixin.py:190} INFO - [2026-04-21T19:18:37.442+0530] {dagbag.py:588} INFO - Filling up the DagBag from /home/ubantu/airflow/dags/generated/dag_31.py
[2026-04-21T19:18:37.448+0530] {processor.py:925} INFO - DAG(s) 'dag_31' retrieved from /home/ubantu/airflow/dags/generated/dag_31.py
[2026-04-21T19:18:37.462+0530] {logging_mixin.py:190} INFO - [2026-04-21T19:18:37.460+0530] {dagbag.py:698} ERROR - Failed to write serialized DAG: /home/ubantu/airflow/dags/generated/dag_31.py
Traceback (most recent call last):
  File "/home/ubantu/miniconda3/envs/airflow-dev/lib/python3.11/site-packages/airflow/models/dagbag.py", line 686, in _serialize_dag_capturing_errors
  File "/home/ubantu/miniconda3/envs/airflow-dev/lib/python3.11/site-packages/airflow/utils/session.py", line 94, in wrapper
  File "/home/ubantu/miniconda3/envs/airflow-dev/lib/python3.11/site-packages/airflow/models/serialized_dag.py", line 169, in write_dag
  File "<string>", line 4, in __init__
  File "/home/ubantu/miniconda3/envs/airflow-dev/lib/python3.11/site-packages/sqlalchemy/orm/state.py", line 481, in _initialize_instance
    with util.safe_reraise():
  File "/home/ubantu/miniconda3/envs/airflow-dev/lib/python3.11/site-packages/sqlalchemy/util/langhelpers.py", line 70, in __exit__
    compat.raise_(
  File "/home/ubantu/miniconda3/envs/airflow-dev/lib/python3.11/site-packages/sqlalchemy/util/compat.py", line 211, in raise_
    raise exception
  File "/home/ubantu/miniconda3/envs/airflow-dev/lib/python3.11/site-packages/sqlalchemy/orm/state.py", line 479, in _initialize_instance
    return manager.original_init(*mixed[1:], **kwargs)
           ^^^^^^^^^^^^^^^^^^^^^^^^^^^^^^^^^^^^^^^^^^^
  File "/home/ubantu/miniconda3/envs/airflow-dev/lib/python3.11/site-packages/airflow/models/serialized_dag.py", line 116, in __init__
  File "/home/ubantu/miniconda3/envs/airflow-dev/lib/python3.11/site-packages/airflow/serialization/serialized_objects.py", line 1776, in to_dict
  File "/home/ubantu/miniconda3/envs/airflow-dev/lib/python3.11/site-packages/airflow/serialization/serialized_objects.py", line 561, in validate_schema
  File "/home/ubantu/miniconda3/envs/airflow-dev/lib/python3.11/site-packages/airflow/serialization/json_schema.py", line 71, in load_dag_schema
  File "/home/ubantu/miniconda3/envs/airflow-dev/lib/python3.11/site-packages/airflow/serialization/json_schema.py", line 58, in load_dag_schema_dict
  File "/home/ubantu/miniconda3/envs/airflow-dev/lib/python3.11/pkgutil.py", line 640, in get_data
    return loader.get_data(resource_name)
           ^^^^^^^^^^^^^^^^^^^^^^^^^^^^^^
  File "<frozen importlib._bootstrap_external>", line 1130, in get_data
FileNotFoundError: [Errno 2] No such file or directory: '/home/ubantu/miniconda3/envs/airflow-dev/lib/python3.11/site-packages/airflow/serialization/schema.json'
[2026-04-21T19:18:37.463+0530] {logging_mixin.py:190} INFO - [2026-04-21T19:18:37.462+0530] {dag.py:3239} INFO - Sync 1 DAGs
[2026-04-21T19:18:37.475+0530] {logging_mixin.py:190} INFO - [2026-04-21T19:18:37.474+0530] {dag.py:4180} INFO - Setting next_dagrun for dag_31 to None, run_after=None
[2026-04-21T19:18:37.499+0530] {processor.py:208} INFO - Processing /home/ubantu/airflow/dags/generated/dag_31.py took 0.070 seconds
[2026-04-21T19:19:23.747+0530] {processor.py:186} INFO - Started process (PID=8161) to work on /home/ubantu/airflow/dags/generated/dag_31.py
[2026-04-21T19:19:23.748+0530] {processor.py:914} INFO - Processing file /home/ubantu/airflow/dags/generated/dag_31.py for tasks to queue
[2026-04-21T19:19:23.750+0530] {logging_mixin.py:190} INFO - [2026-04-21T19:19:23.749+0530] {dagbag.py:588} INFO - Filling up the DagBag from /home/ubantu/airflow/dags/generated/dag_31.py
[2026-04-21T19:19:23.755+0530] {processor.py:925} INFO - DAG(s) 'dag_31' retrieved from /home/ubantu/airflow/dags/generated/dag_31.py
[2026-04-21T19:19:23.768+0530] {logging_mixin.py:190} INFO - [2026-04-21T19:19:23.766+0530] {dagbag.py:698} ERROR - Failed to write serialized DAG: /home/ubantu/airflow/dags/generated/dag_31.py
Traceback (most recent call last):
  File "/home/ubantu/miniconda3/envs/airflow-dev/lib/python3.11/site-packages/airflow/models/dagbag.py", line 686, in _serialize_dag_capturing_errors
  File "/home/ubantu/miniconda3/envs/airflow-dev/lib/python3.11/site-packages/airflow/utils/session.py", line 94, in wrapper
  File "/home/ubantu/miniconda3/envs/airflow-dev/lib/python3.11/site-packages/airflow/models/serialized_dag.py", line 169, in write_dag
  File "<string>", line 4, in __init__
  File "/home/ubantu/miniconda3/envs/airflow-dev/lib/python3.11/site-packages/sqlalchemy/orm/state.py", line 481, in _initialize_instance
    with util.safe_reraise():
  File "/home/ubantu/miniconda3/envs/airflow-dev/lib/python3.11/site-packages/sqlalchemy/util/langhelpers.py", line 70, in __exit__
    compat.raise_(
  File "/home/ubantu/miniconda3/envs/airflow-dev/lib/python3.11/site-packages/sqlalchemy/util/compat.py", line 211, in raise_
    raise exception
  File "/home/ubantu/miniconda3/envs/airflow-dev/lib/python3.11/site-packages/sqlalchemy/orm/state.py", line 479, in _initialize_instance
    return manager.original_init(*mixed[1:], **kwargs)
           ^^^^^^^^^^^^^^^^^^^^^^^^^^^^^^^^^^^^^^^^^^^
  File "/home/ubantu/miniconda3/envs/airflow-dev/lib/python3.11/site-packages/airflow/models/serialized_dag.py", line 116, in __init__
  File "/home/ubantu/miniconda3/envs/airflow-dev/lib/python3.11/site-packages/airflow/serialization/serialized_objects.py", line 1776, in to_dict
  File "/home/ubantu/miniconda3/envs/airflow-dev/lib/python3.11/site-packages/airflow/serialization/serialized_objects.py", line 561, in validate_schema
  File "/home/ubantu/miniconda3/envs/airflow-dev/lib/python3.11/site-packages/airflow/serialization/json_schema.py", line 71, in load_dag_schema
  File "/home/ubantu/miniconda3/envs/airflow-dev/lib/python3.11/site-packages/airflow/serialization/json_schema.py", line 58, in load_dag_schema_dict
  File "/home/ubantu/miniconda3/envs/airflow-dev/lib/python3.11/pkgutil.py", line 640, in get_data
    return loader.get_data(resource_name)
           ^^^^^^^^^^^^^^^^^^^^^^^^^^^^^^
  File "<frozen importlib._bootstrap_external>", line 1130, in get_data
FileNotFoundError: [Errno 2] No such file or directory: '/home/ubantu/miniconda3/envs/airflow-dev/lib/python3.11/site-packages/airflow/serialization/schema.json'
[2026-04-21T19:19:23.769+0530] {logging_mixin.py:190} INFO - [2026-04-21T19:19:23.768+0530] {dag.py:3239} INFO - Sync 1 DAGs
[2026-04-21T19:19:23.780+0530] {logging_mixin.py:190} INFO - [2026-04-21T19:19:23.780+0530] {dag.py:4180} INFO - Setting next_dagrun for dag_31 to None, run_after=None
[2026-04-21T19:19:23.807+0530] {processor.py:208} INFO - Processing /home/ubantu/airflow/dags/generated/dag_31.py took 0.069 seconds
[2026-04-21T19:21:33.689+0530] {processor.py:186} INFO - Started process (PID=8254) to work on /home/ubantu/airflow/dags/generated/dag_31.py
[2026-04-21T19:21:33.690+0530] {processor.py:914} INFO - Processing file /home/ubantu/airflow/dags/generated/dag_31.py for tasks to queue
[2026-04-21T19:21:33.692+0530] {logging_mixin.py:190} INFO - [2026-04-21T19:21:33.691+0530] {dagbag.py:588} INFO - Filling up the DagBag from /home/ubantu/airflow/dags/generated/dag_31.py
[2026-04-21T19:21:33.697+0530] {processor.py:925} INFO - DAG(s) 'dag_31' retrieved from /home/ubantu/airflow/dags/generated/dag_31.py
[2026-04-21T19:21:33.721+0530] {logging_mixin.py:190} INFO - [2026-04-21T19:21:33.720+0530] {dag.py:3239} INFO - Sync 1 DAGs
[2026-04-21T19:21:33.732+0530] {logging_mixin.py:190} INFO - [2026-04-21T19:21:33.731+0530] {dag.py:4180} INFO - Setting next_dagrun for dag_31 to None, run_after=None
[2026-04-21T19:21:33.756+0530] {processor.py:208} INFO - Processing /home/ubantu/airflow/dags/generated/dag_31.py took 0.074 seconds
[2026-04-21T19:23:23.069+0530] {processor.py:186} INFO - Started process (PID=8402) to work on /home/ubantu/airflow/dags/generated/dag_31.py
[2026-04-21T19:23:23.070+0530] {processor.py:914} INFO - Processing file /home/ubantu/airflow/dags/generated/dag_31.py for tasks to queue
[2026-04-21T19:23:23.072+0530] {logging_mixin.py:190} INFO - [2026-04-21T19:23:23.071+0530] {dagbag.py:588} INFO - Filling up the DagBag from /home/ubantu/airflow/dags/generated/dag_31.py
[2026-04-21T19:23:23.077+0530] {processor.py:925} INFO - DAG(s) 'dag_31' retrieved from /home/ubantu/airflow/dags/generated/dag_31.py
[2026-04-21T19:23:23.091+0530] {logging_mixin.py:190} INFO - [2026-04-21T19:23:23.090+0530] {dag.py:3239} INFO - Sync 1 DAGs
[2026-04-21T19:23:23.102+0530] {logging_mixin.py:190} INFO - [2026-04-21T19:23:23.102+0530] {dag.py:4180} INFO - Setting next_dagrun for dag_31 to None, run_after=None
[2026-04-21T19:23:23.121+0530] {processor.py:208} INFO - Processing /home/ubantu/airflow/dags/generated/dag_31.py took 0.057 seconds
[2026-04-21T19:24:49.298+0530] {processor.py:186} INFO - Started process (PID=8519) to work on /home/ubantu/airflow/dags/generated/dag_31.py
[2026-04-21T19:24:49.299+0530] {processor.py:914} INFO - Processing file /home/ubantu/airflow/dags/generated/dag_31.py for tasks to queue
[2026-04-21T19:24:49.300+0530] {logging_mixin.py:190} INFO - [2026-04-21T19:24:49.300+0530] {dagbag.py:588} INFO - Filling up the DagBag from /home/ubantu/airflow/dags/generated/dag_31.py
[2026-04-21T19:24:49.304+0530] {processor.py:925} INFO - DAG(s) 'dag_31' retrieved from /home/ubantu/airflow/dags/generated/dag_31.py
[2026-04-21T19:24:49.317+0530] {logging_mixin.py:190} INFO - [2026-04-21T19:24:49.317+0530] {dag.py:3239} INFO - Sync 1 DAGs
[2026-04-21T19:24:49.327+0530] {logging_mixin.py:190} INFO - [2026-04-21T19:24:49.327+0530] {dag.py:4180} INFO - Setting next_dagrun for dag_31 to None, run_after=None
[2026-04-21T19:24:49.348+0530] {processor.py:208} INFO - Processing /home/ubantu/airflow/dags/generated/dag_31.py took 0.055 seconds
[2026-04-21T19:26:09.592+0530] {processor.py:186} INFO - Started process (PID=8632) to work on /home/ubantu/airflow/dags/generated/dag_31.py
[2026-04-21T19:26:09.593+0530] {processor.py:914} INFO - Processing file /home/ubantu/airflow/dags/generated/dag_31.py for tasks to queue
[2026-04-21T19:26:09.594+0530] {logging_mixin.py:190} INFO - [2026-04-21T19:26:09.594+0530] {dagbag.py:588} INFO - Filling up the DagBag from /home/ubantu/airflow/dags/generated/dag_31.py
[2026-04-21T19:26:09.599+0530] {processor.py:925} INFO - DAG(s) 'dag_31' retrieved from /home/ubantu/airflow/dags/generated/dag_31.py
[2026-04-21T19:26:09.615+0530] {logging_mixin.py:190} INFO - [2026-04-21T19:26:09.614+0530] {dag.py:3239} INFO - Sync 1 DAGs
[2026-04-21T19:26:09.626+0530] {logging_mixin.py:190} INFO - [2026-04-21T19:26:09.626+0530] {dag.py:4180} INFO - Setting next_dagrun for dag_31 to None, run_after=None
[2026-04-21T19:26:09.644+0530] {processor.py:208} INFO - Processing /home/ubantu/airflow/dags/generated/dag_31.py took 0.059 seconds
