[2026-04-21T18:47:07.117+0530] {processor.py:186} INFO - Started process (PID=5502) to work on /home/ubantu/airflow/dags/generated/dag_26.py
[2026-04-21T18:47:07.118+0530] {processor.py:914} INFO - Processing file /home/ubantu/airflow/dags/generated/dag_26.py for tasks to queue
[2026-04-21T18:47:07.120+0530] {logging_mixin.py:190} INFO - [2026-04-21T18:47:07.119+0530] {dagbag.py:588} INFO - Filling up the DagBag from /home/ubantu/airflow/dags/generated/dag_26.py
[2026-04-21T18:47:07.127+0530] {processor.py:925} INFO - DAG(s) 'dag_26' retrieved from /home/ubantu/airflow/dags/generated/dag_26.py
[2026-04-21T18:47:07.142+0530] {logging_mixin.py:190} INFO - [2026-04-21T18:47:07.142+0530] {dag.py:3239} INFO - Sync 1 DAGs
[2026-04-21T18:47:07.154+0530] {logging_mixin.py:190} INFO - [2026-04-21T18:47:07.154+0530] {dag.py:4180} INFO - Setting next_dagrun for dag_26 to None, run_after=None
[2026-04-21T18:47:07.172+0530] {processor.py:208} INFO - Processing /home/ubantu/airflow/dags/generated/dag_26.py took 0.061 seconds
[2026-04-21T18:49:53.478+0530] {processor.py:186} INFO - Started process (PID=5770) to work on /home/ubantu/airflow/dags/generated/dag_26.py
[2026-04-21T18:49:53.480+0530] {processor.py:914} INFO - Processing file /home/ubantu/airflow/dags/generated/dag_26.py for tasks to queue
[2026-04-21T18:49:53.484+0530] {logging_mixin.py:190} INFO - [2026-04-21T18:49:53.483+0530] {dagbag.py:588} INFO - Filling up the DagBag from /home/ubantu/airflow/dags/generated/dag_26.py
[2026-04-21T18:49:53.498+0530] {processor.py:925} INFO - DAG(s) 'dag_26' retrieved from /home/ubantu/airflow/dags/generated/dag_26.py
[2026-04-21T18:49:53.520+0530] {logging_mixin.py:190} INFO - [2026-04-21T18:49:53.520+0530] {dag.py:3239} INFO - Sync 1 DAGs
[2026-04-21T18:49:53.532+0530] {logging_mixin.py:190} INFO - [2026-04-21T18:49:53.531+0530] {dag.py:4180} INFO - Setting next_dagrun for dag_26 to None, run_after=None
[2026-04-21T18:49:53.549+0530] {processor.py:208} INFO - Processing /home/ubantu/airflow/dags/generated/dag_26.py took 0.083 seconds
[2026-04-21T18:52:29.280+0530] {processor.py:186} INFO - Started process (PID=5981) to work on /home/ubantu/airflow/dags/generated/dag_26.py
[2026-04-21T18:52:29.281+0530] {processor.py:914} INFO - Processing file /home/ubantu/airflow/dags/generated/dag_26.py for tasks to queue
[2026-04-21T18:52:29.283+0530] {logging_mixin.py:190} INFO - [2026-04-21T18:52:29.282+0530] {dagbag.py:588} INFO - Filling up the DagBag from /home/ubantu/airflow/dags/generated/dag_26.py
[2026-04-21T18:52:29.290+0530] {processor.py:925} INFO - DAG(s) 'dag_26' retrieved from /home/ubantu/airflow/dags/generated/dag_26.py
[2026-04-21T18:52:29.303+0530] {logging_mixin.py:190} INFO - [2026-04-21T18:52:29.302+0530] {dag.py:3239} INFO - Sync 1 DAGs
[2026-04-21T18:52:29.314+0530] {logging_mixin.py:190} INFO - [2026-04-21T18:52:29.314+0530] {dag.py:4180} INFO - Setting next_dagrun for dag_26 to None, run_after=None
[2026-04-21T18:52:29.332+0530] {processor.py:208} INFO - Processing /home/ubantu/airflow/dags/generated/dag_26.py took 0.058 seconds
[2026-04-21T18:55:10.502+0530] {processor.py:186} INFO - Started process (PID=6218) to work on /home/ubantu/airflow/dags/generated/dag_26.py
[2026-04-21T18:55:10.503+0530] {processor.py:914} INFO - Processing file /home/ubantu/airflow/dags/generated/dag_26.py for tasks to queue
[2026-04-21T18:55:10.505+0530] {logging_mixin.py:190} INFO - [2026-04-21T18:55:10.505+0530] {dagbag.py:588} INFO - Filling up the DagBag from /home/ubantu/airflow/dags/generated/dag_26.py
[2026-04-21T18:55:10.513+0530] {processor.py:925} INFO - DAG(s) 'dag_26' retrieved from /home/ubantu/airflow/dags/generated/dag_26.py
[2026-04-21T18:55:10.526+0530] {logging_mixin.py:190} INFO - [2026-04-21T18:55:10.526+0530] {dag.py:3239} INFO - Sync 1 DAGs
[2026-04-21T18:55:10.539+0530] {logging_mixin.py:190} INFO - [2026-04-21T18:55:10.539+0530] {dag.py:4180} INFO - Setting next_dagrun for dag_26 to None, run_after=None
[2026-04-21T18:55:10.558+0530] {processor.py:208} INFO - Processing /home/ubantu/airflow/dags/generated/dag_26.py took 0.062 seconds
[2026-04-21T19:01:55.225+0530] {processor.py:186} INFO - Started process (PID=6597) to work on /home/ubantu/airflow/dags/generated/dag_26.py
[2026-04-21T19:01:55.227+0530] {processor.py:914} INFO - Processing file /home/ubantu/airflow/dags/generated/dag_26.py for tasks to queue
[2026-04-21T19:01:55.228+0530] {logging_mixin.py:190} INFO - [2026-04-21T19:01:55.228+0530] {dagbag.py:588} INFO - Filling up the DagBag from /home/ubantu/airflow/dags/generated/dag_26.py
[2026-04-21T19:01:55.236+0530] {processor.py:925} INFO - DAG(s) 'dag_26' retrieved from /home/ubantu/airflow/dags/generated/dag_26.py
[2026-04-21T19:01:55.266+0530] {logging_mixin.py:190} INFO - [2026-04-21T19:01:55.266+0530] {dag.py:3239} INFO - Sync 1 DAGs
[2026-04-21T19:01:55.280+0530] {logging_mixin.py:190} INFO - [2026-04-21T19:01:55.279+0530] {dag.py:4180} INFO - Setting next_dagrun for dag_26 to None, run_after=None
[2026-04-21T19:01:55.308+0530] {processor.py:208} INFO - Processing /home/ubantu/airflow/dags/generated/dag_26.py took 0.091 seconds
[2026-04-21T19:06:28.307+0530] {processor.py:186} INFO - Started process (PID=6907) to work on /home/ubantu/airflow/dags/generated/dag_26.py
[2026-04-21T19:06:28.308+0530] {processor.py:914} INFO - Processing file /home/ubantu/airflow/dags/generated/dag_26.py for tasks to queue
[2026-04-21T19:06:28.309+0530] {logging_mixin.py:190} INFO - [2026-04-21T19:06:28.309+0530] {dagbag.py:588} INFO - Filling up the DagBag from /home/ubantu/airflow/dags/generated/dag_26.py
[2026-04-21T19:06:28.314+0530] {processor.py:925} INFO - DAG(s) 'dag_26' retrieved from /home/ubantu/airflow/dags/generated/dag_26.py
[2026-04-21T19:06:28.328+0530] {logging_mixin.py:190} INFO - [2026-04-21T19:06:28.328+0530] {dag.py:3239} INFO - Sync 1 DAGs
[2026-04-21T19:06:28.339+0530] {logging_mixin.py:190} INFO - [2026-04-21T19:06:28.339+0530] {dag.py:4180} INFO - Setting next_dagrun for dag_26 to None, run_after=None
[2026-04-21T19:06:28.357+0530] {processor.py:208} INFO - Processing /home/ubantu/airflow/dags/generated/dag_26.py took 0.056 seconds
[2026-04-21T19:09:07.443+0530] {processor.py:186} INFO - Started process (PID=7124) to work on /home/ubantu/airflow/dags/generated/dag_26.py
[2026-04-21T19:09:07.444+0530] {processor.py:914} INFO - Processing file /home/ubantu/airflow/dags/generated/dag_26.py for tasks to queue
[2026-04-21T19:09:07.445+0530] {logging_mixin.py:190} INFO - [2026-04-21T19:09:07.445+0530] {dagbag.py:588} INFO - Filling up the DagBag from /home/ubantu/airflow/dags/generated/dag_26.py
[2026-04-21T19:09:07.449+0530] {processor.py:925} INFO - DAG(s) 'dag_26' retrieved from /home/ubantu/airflow/dags/generated/dag_26.py
[2026-04-21T19:09:07.463+0530] {logging_mixin.py:190} INFO - [2026-04-21T19:09:07.463+0530] {dag.py:3239} INFO - Sync 1 DAGs
[2026-04-21T19:09:07.476+0530] {logging_mixin.py:190} INFO - [2026-04-21T19:09:07.476+0530] {dag.py:4180} INFO - Setting next_dagrun for dag_26 to None, run_after=None
[2026-04-21T19:09:07.492+0530] {processor.py:208} INFO - Processing /home/ubantu/airflow/dags/generated/dag_26.py took 0.055 seconds
[2026-04-21T19:11:41.030+0530] {processor.py:186} INFO - Started process (PID=7324) to work on /home/ubantu/airflow/dags/generated/dag_26.py
[2026-04-21T19:11:41.031+0530] {processor.py:914} INFO - Processing file /home/ubantu/airflow/dags/generated/dag_26.py for tasks to queue
[2026-04-21T19:11:41.032+0530] {logging_mixin.py:190} INFO - [2026-04-21T19:11:41.032+0530] {dagbag.py:588} INFO - Filling up the DagBag from /home/ubantu/airflow/dags/generated/dag_26.py
[2026-04-21T19:11:41.037+0530] {processor.py:925} INFO - DAG(s) 'dag_26' retrieved from /home/ubantu/airflow/dags/generated/dag_26.py
[2026-04-21T19:11:41.051+0530] {logging_mixin.py:190} INFO - [2026-04-21T19:11:41.051+0530] {dag.py:3239} INFO - Sync 1 DAGs
[2026-04-21T19:11:41.061+0530] {logging_mixin.py:190} INFO - [2026-04-21T19:11:41.061+0530] {dag.py:4180} INFO - Setting next_dagrun for dag_26 to None, run_after=None
[2026-04-21T19:11:41.079+0530] {processor.py:208} INFO - Processing /home/ubantu/airflow/dags/generated/dag_26.py took 0.055 seconds
[2026-04-21T19:14:23.343+0530] {processor.py:186} INFO - Started process (PID=7551) to work on /home/ubantu/airflow/dags/generated/dag_26.py
[2026-04-21T19:14:23.344+0530] {processor.py:914} INFO - Processing file /home/ubantu/airflow/dags/generated/dag_26.py for tasks to queue
[2026-04-21T19:14:23.346+0530] {logging_mixin.py:190} INFO - [2026-04-21T19:14:23.345+0530] {dagbag.py:588} INFO - Filling up the DagBag from /home/ubantu/airflow/dags/generated/dag_26.py
[2026-04-21T19:14:23.351+0530] {processor.py:925} INFO - DAG(s) 'dag_26' retrieved from /home/ubantu/airflow/dags/generated/dag_26.py
[2026-04-21T19:14:23.370+0530] {logging_mixin.py:190} INFO - [2026-04-21T19:14:23.370+0530] {dag.py:3239} INFO - Sync 1 DAGs
[2026-04-21T19:14:23.385+0530] {logging_mixin.py:190} INFO - [2026-04-21T19:14:23.385+0530] {dag.py:4180} INFO - Setting next_dagrun for dag_26 to None, run_after=None
[2026-04-21T19:14:23.405+0530] {processor.py:208} INFO - Processing /home/ubantu/airflow/dags/generated/dag_26.py took 0.069 seconds
[2026-04-21T19:17:00.381+0530] {processor.py:186} INFO - Started process (PID=7865) to work on /home/ubantu/airflow/dags/generated/dag_26.py
[2026-04-21T19:17:00.383+0530] {processor.py:914} INFO - Processing file /home/ubantu/airflow/dags/generated/dag_26.py for tasks to queue
[2026-04-21T19:17:00.384+0530] {logging_mixin.py:190} INFO - [2026-04-21T19:17:00.384+0530] {dagbag.py:588} INFO - Filling up the DagBag from /home/ubantu/airflow/dags/generated/dag_26.py
[2026-04-21T19:17:00.389+0530] {processor.py:925} INFO - DAG(s) 'dag_26' retrieved from /home/ubantu/airflow/dags/generated/dag_26.py
[2026-04-21T19:17:00.402+0530] {logging_mixin.py:190} INFO - [2026-04-21T19:17:00.400+0530] {dagbag.py:698} ERROR - Failed to write serialized DAG: /home/ubantu/airflow/dags/generated/dag_26.py
Traceback (most recent call last):
  File "/home/ubantu/miniconda3/envs/airflow-dev/lib/python3.11/site-packages/airflow/models/dagbag.py", line 686, in _serialize_dag_capturing_errors
  File "/home/ubantu/miniconda3/envs/airflow-dev/lib/python3.11/site-packages/airflow/utils/session.py", line 94, in wrapper
  File "/home/ubantu/miniconda3/envs/airflow-dev/lib/python3.11/site-packages/airflow/models/serialized_dag.py", line 169, in write_dag
  File "<string>", line 4, in __init__
  File "/home/ubantu/miniconda3/envs/airflow-dev/lib/python3.11/site-packages/sqlalchemy/orm/state.py", line 481, in _initialize_instance
    with util.safe_reraise():
  File "/home/ubantu/miniconda3/envs/airflow-dev/lib/python3.11/site-packages/sqlalchemy/util/langhelpers.py", line 70, in __exit__
    compat.raise_(
  File "/home/ubantu/miniconda3/envs/airflow-dev/lib/python3.11/site-packages/sqlalchemy/util/compat.py", line 211, in raise_
    raise exception
  File "/home/ubantu/miniconda3/envs/airflow-dev/lib/python3.11/site-packages/sqlalchemy/orm/state.py", line 479, in _initialize_instance
    return manager.original_init(*mixed[1:], **kwargs)
           ^^^^^^^^^^^^^^^^^^^^^^^^^^^^^^^^^^^^^^^^^^^
  File "/home/ubantu/miniconda3/envs/airflow-dev/lib/python3.11/site-packages/airflow/models/serialized_dag.py", line 116, in __init__
  File "/home/ubantu/miniconda3/envs/airflow-dev/lib/python3.11/site-packages/airflow/serialization/serialized_objects.py", line 1776, in to_dict
  File "/home/ubantu/miniconda3/envs/airflow-dev/lib/python3.11/site-packages/airflow/serialization/serialized_objects.py", line 561, in validate_schema
  File "/home/ubantu/miniconda3/envs/airflow-dev/lib/python3.11/site-packages/airflow/serialization/json_schema.py", line 71, in load_dag_schema
  File "/home/ubantu/miniconda3/envs/airflow-dev/lib/python3.11/site-packages/airflow/serialization/json_schema.py", line 58, in load_dag_schema_dict
  File "/home/ubantu/miniconda3/envs/airflow-dev/lib/python3.11/pkgutil.py", line 640, in get_data
    return loader.get_data(resource_name)
           ^^^^^^^^^^^^^^^^^^^^^^^^^^^^^^
  File "<frozen importlib._bootstrap_external>", line 1130, in get_data
FileNotFoundError: [Errno 2] No such file or directory: '/home/ubantu/miniconda3/envs/airflow-dev/lib/python3.11/site-packages/airflow/serialization/schema.json'
[2026-04-21T19:17:00.403+0530] {logging_mixin.py:190} INFO - [2026-04-21T19:17:00.403+0530] {dag.py:3239} INFO - Sync 1 DAGs
[2026-04-21T19:17:00.414+0530] {logging_mixin.py:190} INFO - [2026-04-21T19:17:00.414+0530] {dag.py:4180} INFO - Setting next_dagrun for dag_26 to None, run_after=None
[2026-04-21T19:17:00.438+0530] {processor.py:208} INFO - Processing /home/ubantu/airflow/dags/generated/dag_26.py took 0.066 seconds
[2026-04-21T19:17:52.453+0530] {processor.py:186} INFO - Started process (PID=7988) to work on /home/ubantu/airflow/dags/generated/dag_26.py
[2026-04-21T19:17:52.454+0530] {processor.py:914} INFO - Processing file /home/ubantu/airflow/dags/generated/dag_26.py for tasks to queue
[2026-04-21T19:17:52.455+0530] {logging_mixin.py:190} INFO - [2026-04-21T19:17:52.455+0530] {dagbag.py:588} INFO - Filling up the DagBag from /home/ubantu/airflow/dags/generated/dag_26.py
[2026-04-21T19:17:52.460+0530] {processor.py:925} INFO - DAG(s) 'dag_26' retrieved from /home/ubantu/airflow/dags/generated/dag_26.py
[2026-04-21T19:17:52.472+0530] {logging_mixin.py:190} INFO - [2026-04-21T19:17:52.471+0530] {dagbag.py:698} ERROR - Failed to write serialized DAG: /home/ubantu/airflow/dags/generated/dag_26.py
Traceback (most recent call last):
  File "/home/ubantu/miniconda3/envs/airflow-dev/lib/python3.11/site-packages/airflow/models/dagbag.py", line 686, in _serialize_dag_capturing_errors
  File "/home/ubantu/miniconda3/envs/airflow-dev/lib/python3.11/site-packages/airflow/utils/session.py", line 94, in wrapper
  File "/home/ubantu/miniconda3/envs/airflow-dev/lib/python3.11/site-packages/airflow/models/serialized_dag.py", line 169, in write_dag
  File "<string>", line 4, in __init__
  File "/home/ubantu/miniconda3/envs/airflow-dev/lib/python3.11/site-packages/sqlalchemy/orm/state.py", line 481, in _initialize_instance
    with util.safe_reraise():
  File "/home/ubantu/miniconda3/envs/airflow-dev/lib/python3.11/site-packages/sqlalchemy/util/langhelpers.py", line 70, in __exit__
    compat.raise_(
  File "/home/ubantu/miniconda3/envs/airflow-dev/lib/python3.11/site-packages/sqlalchemy/util/compat.py", line 211, in raise_
    raise exception
  File "/home/ubantu/miniconda3/envs/airflow-dev/lib/python3.11/site-packages/sqlalchemy/orm/state.py", line 479, in _initialize_instance
    return manager.original_init(*mixed[1:], **kwargs)
           ^^^^^^^^^^^^^^^^^^^^^^^^^^^^^^^^^^^^^^^^^^^
  File "/home/ubantu/miniconda3/envs/airflow-dev/lib/python3.11/site-packages/airflow/models/serialized_dag.py", line 116, in __init__
  File "/home/ubantu/miniconda3/envs/airflow-dev/lib/python3.11/site-packages/airflow/serialization/serialized_objects.py", line 1776, in to_dict
  File "/home/ubantu/miniconda3/envs/airflow-dev/lib/python3.11/site-packages/airflow/serialization/serialized_objects.py", line 561, in validate_schema
  File "/home/ubantu/miniconda3/envs/airflow-dev/lib/python3.11/site-packages/airflow/serialization/json_schema.py", line 71, in load_dag_schema
  File "/home/ubantu/miniconda3/envs/airflow-dev/lib/python3.11/site-packages/airflow/serialization/json_schema.py", line 58, in load_dag_schema_dict
  File "/home/ubantu/miniconda3/envs/airflow-dev/lib/python3.11/pkgutil.py", line 640, in get_data
    return loader.get_data(resource_name)
           ^^^^^^^^^^^^^^^^^^^^^^^^^^^^^^
  File "<frozen importlib._bootstrap_external>", line 1130, in get_data
FileNotFoundError: [Errno 2] No such file or directory: '/home/ubantu/miniconda3/envs/airflow-dev/lib/python3.11/site-packages/airflow/serialization/schema.json'
[2026-04-21T19:17:52.473+0530] {logging_mixin.py:190} INFO - [2026-04-21T19:17:52.473+0530] {dag.py:3239} INFO - Sync 1 DAGs
[2026-04-21T19:17:52.484+0530] {logging_mixin.py:190} INFO - [2026-04-21T19:17:52.484+0530] {dag.py:4180} INFO - Setting next_dagrun for dag_26 to None, run_after=None
[2026-04-21T19:17:52.510+0530] {processor.py:208} INFO - Processing /home/ubantu/airflow/dags/generated/dag_26.py took 0.066 seconds
[2026-04-21T19:18:42.596+0530] {processor.py:186} INFO - Started process (PID=8105) to work on /home/ubantu/airflow/dags/generated/dag_26.py
[2026-04-21T19:18:42.597+0530] {processor.py:914} INFO - Processing file /home/ubantu/airflow/dags/generated/dag_26.py for tasks to queue
[2026-04-21T19:18:42.599+0530] {logging_mixin.py:190} INFO - [2026-04-21T19:18:42.598+0530] {dagbag.py:588} INFO - Filling up the DagBag from /home/ubantu/airflow/dags/generated/dag_26.py
[2026-04-21T19:18:42.604+0530] {processor.py:925} INFO - DAG(s) 'dag_26' retrieved from /home/ubantu/airflow/dags/generated/dag_26.py
[2026-04-21T19:18:42.617+0530] {logging_mixin.py:190} INFO - [2026-04-21T19:18:42.615+0530] {dagbag.py:698} ERROR - Failed to write serialized DAG: /home/ubantu/airflow/dags/generated/dag_26.py
Traceback (most recent call last):
  File "/home/ubantu/miniconda3/envs/airflow-dev/lib/python3.11/site-packages/airflow/models/dagbag.py", line 686, in _serialize_dag_capturing_errors
  File "/home/ubantu/miniconda3/envs/airflow-dev/lib/python3.11/site-packages/airflow/utils/session.py", line 94, in wrapper
  File "/home/ubantu/miniconda3/envs/airflow-dev/lib/python3.11/site-packages/airflow/models/serialized_dag.py", line 169, in write_dag
  File "<string>", line 4, in __init__
  File "/home/ubantu/miniconda3/envs/airflow-dev/lib/python3.11/site-packages/sqlalchemy/orm/state.py", line 481, in _initialize_instance
    with util.safe_reraise():
  File "/home/ubantu/miniconda3/envs/airflow-dev/lib/python3.11/site-packages/sqlalchemy/util/langhelpers.py", line 70, in __exit__
    compat.raise_(
  File "/home/ubantu/miniconda3/envs/airflow-dev/lib/python3.11/site-packages/sqlalchemy/util/compat.py", line 211, in raise_
    raise exception
  File "/home/ubantu/miniconda3/envs/airflow-dev/lib/python3.11/site-packages/sqlalchemy/orm/state.py", line 479, in _initialize_instance
    return manager.original_init(*mixed[1:], **kwargs)
           ^^^^^^^^^^^^^^^^^^^^^^^^^^^^^^^^^^^^^^^^^^^
  File "/home/ubantu/miniconda3/envs/airflow-dev/lib/python3.11/site-packages/airflow/models/serialized_dag.py", line 116, in __init__
  File "/home/ubantu/miniconda3/envs/airflow-dev/lib/python3.11/site-packages/airflow/serialization/serialized_objects.py", line 1776, in to_dict
  File "/home/ubantu/miniconda3/envs/airflow-dev/lib/python3.11/site-packages/airflow/serialization/serialized_objects.py", line 561, in validate_schema
  File "/home/ubantu/miniconda3/envs/airflow-dev/lib/python3.11/site-packages/airflow/serialization/json_schema.py", line 71, in load_dag_schema
  File "/home/ubantu/miniconda3/envs/airflow-dev/lib/python3.11/site-packages/airflow/serialization/json_schema.py", line 58, in load_dag_schema_dict
  File "/home/ubantu/miniconda3/envs/airflow-dev/lib/python3.11/pkgutil.py", line 640, in get_data
    return loader.get_data(resource_name)
           ^^^^^^^^^^^^^^^^^^^^^^^^^^^^^^
  File "<frozen importlib._bootstrap_external>", line 1130, in get_data
FileNotFoundError: [Errno 2] No such file or directory: '/home/ubantu/miniconda3/envs/airflow-dev/lib/python3.11/site-packages/airflow/serialization/schema.json'
[2026-04-21T19:18:42.618+0530] {logging_mixin.py:190} INFO - [2026-04-21T19:18:42.618+0530] {dag.py:3239} INFO - Sync 1 DAGs
[2026-04-21T19:18:42.630+0530] {logging_mixin.py:190} INFO - [2026-04-21T19:18:42.630+0530] {dag.py:4180} INFO - Setting next_dagrun for dag_26 to None, run_after=None
[2026-04-21T19:18:42.653+0530] {processor.py:208} INFO - Processing /home/ubantu/airflow/dags/generated/dag_26.py took 0.065 seconds
[2026-04-21T19:19:28.900+0530] {processor.py:186} INFO - Started process (PID=8166) to work on /home/ubantu/airflow/dags/generated/dag_26.py
[2026-04-21T19:19:28.901+0530] {processor.py:914} INFO - Processing file /home/ubantu/airflow/dags/generated/dag_26.py for tasks to queue
[2026-04-21T19:19:28.903+0530] {logging_mixin.py:190} INFO - [2026-04-21T19:19:28.902+0530] {dagbag.py:588} INFO - Filling up the DagBag from /home/ubantu/airflow/dags/generated/dag_26.py
[2026-04-21T19:19:28.907+0530] {processor.py:925} INFO - DAG(s) 'dag_26' retrieved from /home/ubantu/airflow/dags/generated/dag_26.py
[2026-04-21T19:19:28.919+0530] {logging_mixin.py:190} INFO - [2026-04-21T19:19:28.918+0530] {dagbag.py:698} ERROR - Failed to write serialized DAG: /home/ubantu/airflow/dags/generated/dag_26.py
Traceback (most recent call last):
  File "/home/ubantu/miniconda3/envs/airflow-dev/lib/python3.11/site-packages/airflow/models/dagbag.py", line 686, in _serialize_dag_capturing_errors
  File "/home/ubantu/miniconda3/envs/airflow-dev/lib/python3.11/site-packages/airflow/utils/session.py", line 94, in wrapper
  File "/home/ubantu/miniconda3/envs/airflow-dev/lib/python3.11/site-packages/airflow/models/serialized_dag.py", line 169, in write_dag
  File "<string>", line 4, in __init__
  File "/home/ubantu/miniconda3/envs/airflow-dev/lib/python3.11/site-packages/sqlalchemy/orm/state.py", line 481, in _initialize_instance
    with util.safe_reraise():
  File "/home/ubantu/miniconda3/envs/airflow-dev/lib/python3.11/site-packages/sqlalchemy/util/langhelpers.py", line 70, in __exit__
    compat.raise_(
  File "/home/ubantu/miniconda3/envs/airflow-dev/lib/python3.11/site-packages/sqlalchemy/util/compat.py", line 211, in raise_
    raise exception
  File "/home/ubantu/miniconda3/envs/airflow-dev/lib/python3.11/site-packages/sqlalchemy/orm/state.py", line 479, in _initialize_instance
    return manager.original_init(*mixed[1:], **kwargs)
           ^^^^^^^^^^^^^^^^^^^^^^^^^^^^^^^^^^^^^^^^^^^
  File "/home/ubantu/miniconda3/envs/airflow-dev/lib/python3.11/site-packages/airflow/models/serialized_dag.py", line 116, in __init__
  File "/home/ubantu/miniconda3/envs/airflow-dev/lib/python3.11/site-packages/airflow/serialization/serialized_objects.py", line 1776, in to_dict
  File "/home/ubantu/miniconda3/envs/airflow-dev/lib/python3.11/site-packages/airflow/serialization/serialized_objects.py", line 561, in validate_schema
  File "/home/ubantu/miniconda3/envs/airflow-dev/lib/python3.11/site-packages/airflow/serialization/json_schema.py", line 71, in load_dag_schema
  File "/home/ubantu/miniconda3/envs/airflow-dev/lib/python3.11/site-packages/airflow/serialization/json_schema.py", line 58, in load_dag_schema_dict
  File "/home/ubantu/miniconda3/envs/airflow-dev/lib/python3.11/pkgutil.py", line 640, in get_data
    return loader.get_data(resource_name)
           ^^^^^^^^^^^^^^^^^^^^^^^^^^^^^^
  File "<frozen importlib._bootstrap_external>", line 1130, in get_data
FileNotFoundError: [Errno 2] No such file or directory: '/home/ubantu/miniconda3/envs/airflow-dev/lib/python3.11/site-packages/airflow/serialization/schema.json'
[2026-04-21T19:19:28.920+0530] {logging_mixin.py:190} INFO - [2026-04-21T19:19:28.920+0530] {dag.py:3239} INFO - Sync 1 DAGs
[2026-04-21T19:19:28.931+0530] {logging_mixin.py:190} INFO - [2026-04-21T19:19:28.931+0530] {dag.py:4180} INFO - Setting next_dagrun for dag_26 to None, run_after=None
[2026-04-21T19:19:28.958+0530] {processor.py:208} INFO - Processing /home/ubantu/airflow/dags/generated/dag_26.py took 0.066 seconds
[2026-04-21T19:21:37.698+0530] {processor.py:186} INFO - Started process (PID=8259) to work on /home/ubantu/airflow/dags/generated/dag_26.py
[2026-04-21T19:21:37.699+0530] {processor.py:914} INFO - Processing file /home/ubantu/airflow/dags/generated/dag_26.py for tasks to queue
[2026-04-21T19:21:37.701+0530] {logging_mixin.py:190} INFO - [2026-04-21T19:21:37.700+0530] {dagbag.py:588} INFO - Filling up the DagBag from /home/ubantu/airflow/dags/generated/dag_26.py
[2026-04-21T19:21:37.706+0530] {processor.py:925} INFO - DAG(s) 'dag_26' retrieved from /home/ubantu/airflow/dags/generated/dag_26.py
[2026-04-21T19:21:37.727+0530] {logging_mixin.py:190} INFO - [2026-04-21T19:21:37.726+0530] {dag.py:3239} INFO - Sync 1 DAGs
[2026-04-21T19:21:37.737+0530] {logging_mixin.py:190} INFO - [2026-04-21T19:21:37.737+0530] {dag.py:4180} INFO - Setting next_dagrun for dag_26 to None, run_after=None
[2026-04-21T19:21:37.757+0530] {processor.py:208} INFO - Processing /home/ubantu/airflow/dags/generated/dag_26.py took 0.066 seconds
[2026-04-21T19:23:28.226+0530] {processor.py:186} INFO - Started process (PID=8407) to work on /home/ubantu/airflow/dags/generated/dag_26.py
[2026-04-21T19:23:28.227+0530] {processor.py:914} INFO - Processing file /home/ubantu/airflow/dags/generated/dag_26.py for tasks to queue
[2026-04-21T19:23:28.229+0530] {logging_mixin.py:190} INFO - [2026-04-21T19:23:28.228+0530] {dagbag.py:588} INFO - Filling up the DagBag from /home/ubantu/airflow/dags/generated/dag_26.py
[2026-04-21T19:23:28.233+0530] {processor.py:925} INFO - DAG(s) 'dag_26' retrieved from /home/ubantu/airflow/dags/generated/dag_26.py
[2026-04-21T19:23:28.248+0530] {logging_mixin.py:190} INFO - [2026-04-21T19:23:28.248+0530] {dag.py:3239} INFO - Sync 1 DAGs
[2026-04-21T19:23:28.260+0530] {logging_mixin.py:190} INFO - [2026-04-21T19:23:28.260+0530] {dag.py:4180} INFO - Setting next_dagrun for dag_26 to None, run_after=None
[2026-04-21T19:23:28.279+0530] {processor.py:208} INFO - Processing /home/ubantu/airflow/dags/generated/dag_26.py took 0.059 seconds
[2026-04-21T19:24:53.525+0530] {processor.py:186} INFO - Started process (PID=8524) to work on /home/ubantu/airflow/dags/generated/dag_26.py
[2026-04-21T19:24:53.526+0530] {processor.py:914} INFO - Processing file /home/ubantu/airflow/dags/generated/dag_26.py for tasks to queue
[2026-04-21T19:24:53.527+0530] {logging_mixin.py:190} INFO - [2026-04-21T19:24:53.527+0530] {dagbag.py:588} INFO - Filling up the DagBag from /home/ubantu/airflow/dags/generated/dag_26.py
[2026-04-21T19:24:53.532+0530] {processor.py:925} INFO - DAG(s) 'dag_26' retrieved from /home/ubantu/airflow/dags/generated/dag_26.py
[2026-04-21T19:24:53.546+0530] {logging_mixin.py:190} INFO - [2026-04-21T19:24:53.546+0530] {dag.py:3239} INFO - Sync 1 DAGs
[2026-04-21T19:24:53.557+0530] {logging_mixin.py:190} INFO - [2026-04-21T19:24:53.556+0530] {dag.py:4180} INFO - Setting next_dagrun for dag_26 to None, run_after=None
[2026-04-21T19:24:53.573+0530] {processor.py:208} INFO - Processing /home/ubantu/airflow/dags/generated/dag_26.py took 0.054 seconds
[2026-04-21T19:26:14.750+0530] {processor.py:186} INFO - Started process (PID=8637) to work on /home/ubantu/airflow/dags/generated/dag_26.py
[2026-04-21T19:26:14.751+0530] {processor.py:914} INFO - Processing file /home/ubantu/airflow/dags/generated/dag_26.py for tasks to queue
[2026-04-21T19:26:14.753+0530] {logging_mixin.py:190} INFO - [2026-04-21T19:26:14.752+0530] {dagbag.py:588} INFO - Filling up the DagBag from /home/ubantu/airflow/dags/generated/dag_26.py
[2026-04-21T19:26:14.757+0530] {processor.py:925} INFO - DAG(s) 'dag_26' retrieved from /home/ubantu/airflow/dags/generated/dag_26.py
[2026-04-21T19:26:14.772+0530] {logging_mixin.py:190} INFO - [2026-04-21T19:26:14.772+0530] {dag.py:3239} INFO - Sync 1 DAGs
[2026-04-21T19:26:14.784+0530] {logging_mixin.py:190} INFO - [2026-04-21T19:26:14.784+0530] {dag.py:4180} INFO - Setting next_dagrun for dag_26 to None, run_after=None
[2026-04-21T19:26:14.801+0530] {processor.py:208} INFO - Processing /home/ubantu/airflow/dags/generated/dag_26.py took 0.057 seconds
