[2026-04-07T04:37:47.893+0530] {local_task_job_runner.py:123} INFO - ::group::Pre task execution logs
[2026-04-07T04:37:47.901+0530] {taskinstance.py:2613} INFO - Dependencies all met for dep_context=non-requeueable deps ti=<TaskInstance: latency_experiment.measure_latency scheduled__2026-04-06T23:06:00+00:00 [queued]>
[2026-04-07T04:37:47.905+0530] {taskinstance.py:2613} INFO - Dependencies all met for dep_context=requeueable deps ti=<TaskInstance: latency_experiment.measure_latency scheduled__2026-04-06T23:06:00+00:00 [queued]>
[2026-04-07T04:37:47.905+0530] {taskinstance.py:2866} INFO - Starting attempt 1 of 1
[2026-04-07T04:37:47.916+0530] {taskinstance.py:2889} INFO - Executing <Task(PythonOperator): measure_latency> on 2026-04-06 23:06:00+00:00
[2026-04-07T04:37:47.920+0530] {standard_task_runner.py:72} INFO - Started process 8480 to run task
[2026-04-07T04:37:47.923+0530] {standard_task_runner.py:104} INFO - Running: ['airflow', 'tasks', 'run', 'latency_experiment', 'measure_latency', 'scheduled__2026-04-06T23:06:00+00:00', '--job-id', '2', '--raw', '--subdir', 'DAGS_FOLDER/latency_experiment.py', '--cfg-path', '/tmp/tmpd3308hm5']
[2026-04-07T04:37:47.923+0530] {standard_task_runner.py:105} INFO - Job 2: Subtask measure_latency
[2026-04-07T04:37:47.954+0530] {task_command.py:467} INFO - Running <TaskInstance: latency_experiment.measure_latency scheduled__2026-04-06T23:06:00+00:00 [running]> on host ubantu-Victus-by-HP-Gaming-Laptop-15-fa1xxx
[2026-04-07T04:37:48.014+0530] {taskinstance.py:3132} INFO - Exporting env vars: AIRFLOW_CTX_DAG_OWNER='airflow' AIRFLOW_CTX_DAG_ID='latency_experiment' AIRFLOW_CTX_TASK_ID='measure_latency' AIRFLOW_CTX_EXECUTION_DATE='2026-04-06T23:06:00+00:00' AIRFLOW_CTX_TRY_NUMBER='1' AIRFLOW_CTX_DAG_RUN_ID='scheduled__2026-04-06T23:06:00+00:00'
[2026-04-07T04:37:48.015+0530] {logging_mixin.py:190} INFO - Task instance is in running state
[2026-04-07T04:37:48.016+0530] {logging_mixin.py:190} INFO -  Previous state of the Task instance: queued
[2026-04-07T04:37:48.016+0530] {logging_mixin.py:190} INFO - Current task name:measure_latency state:running start_date:2026-04-06 23:07:47.901424+00:00
[2026-04-07T04:37:48.016+0530] {logging_mixin.py:190} INFO - Dag name:latency_experiment and current dag run status:running
[2026-04-07T04:37:48.016+0530] {taskinstance.py:731} INFO - ::endgroup::
[2026-04-07T04:37:48.017+0530] {logging_mixin.py:190} INFO - SCHEDULING_LAG_SECONDS=108.02
[2026-04-07T04:37:48.018+0530] {logging_mixin.py:190} INFO - Scheduled for: 2026-04-06 23:06:00+00:00
[2026-04-07T04:37:48.018+0530] {logging_mixin.py:190} INFO - Actually started: 2026-04-06 23:07:48.017505+00:00
[2026-04-07T04:37:48.018+0530] {python.py:240} INFO - Done. Returned value was: None
[2026-04-07T04:37:48.023+0530] {taskinstance.py:340} INFO - ::group::Post task execution logs
[2026-04-07T04:37:48.023+0530] {taskinstance.py:352} INFO - Marking task as SUCCESS. dag_id=latency_experiment, task_id=measure_latency, run_id=scheduled__2026-04-06T23:06:00+00:00, execution_date=20260406T230600, start_date=20260406T230747, end_date=20260406T230748
[2026-04-07T04:37:48.032+0530] {logging_mixin.py:190} INFO - Task instance in success state
[2026-04-07T04:37:48.032+0530] {logging_mixin.py:190} INFO -  Previous state of the Task instance: running
[2026-04-07T04:37:48.033+0530] {logging_mixin.py:190} INFO - Dag name:latency_experiment queued_at:2026-04-06 23:07:46.285723+00:00
[2026-04-07T04:37:48.033+0530] {logging_mixin.py:190} INFO - Task hostname:ubantu-Victus-by-HP-Gaming-Laptop-15-fa1xxx operator:PythonOperator
[2026-04-07T04:37:48.055+0530] {local_task_job_runner.py:266} INFO - Task exited with return code 0
[2026-04-07T04:37:48.069+0530] {taskinstance.py:3895} INFO - 0 downstream tasks scheduled from follow-on schedule check
[2026-04-07T04:37:48.070+0530] {local_task_job_runner.py:245} INFO - ::endgroup::
