[2026-04-21T18:46:08.281+0530] {processor.py:186} INFO - Started process (PID=5436) to work on /home/ubantu/miniconda3/envs/airflow-dev/lib/python3.11/site-packages/airflow/example_dags/example_python_operator.py
[2026-04-21T18:46:08.282+0530] {processor.py:914} INFO - Processing file /home/ubantu/miniconda3/envs/airflow-dev/lib/python3.11/site-packages/airflow/example_dags/example_python_operator.py for tasks to queue
[2026-04-21T18:46:08.283+0530] {logging_mixin.py:190} INFO - [2026-04-21T18:46:08.283+0530] {dagbag.py:588} INFO - Filling up the DagBag from /home/ubantu/miniconda3/envs/airflow-dev/lib/python3.11/site-packages/airflow/example_dags/example_python_operator.py
[2026-04-21T18:46:08.289+0530] {logging_mixin.py:190} INFO - [2026-04-21T18:46:08.289+0530] {example_python_operator.py:93} WARNING - The virtalenv_python example task requires virtualenv, please install it.
[2026-04-21T18:46:08.291+0530] {processor.py:925} INFO - DAG(s) 'example_python_operator' retrieved from /home/ubantu/miniconda3/envs/airflow-dev/lib/python3.11/site-packages/airflow/example_dags/example_python_operator.py
[2026-04-21T18:46:08.371+0530] {logging_mixin.py:190} INFO - [2026-04-21T18:46:08.371+0530] {dag.py:3239} INFO - Sync 1 DAGs
[2026-04-21T18:46:08.380+0530] {logging_mixin.py:190} INFO - [2026-04-21T18:46:08.380+0530] {dag.py:4180} INFO - Setting next_dagrun for example_python_operator to None, run_after=None
[2026-04-21T18:46:08.400+0530] {processor.py:208} INFO - Processing /home/ubantu/miniconda3/envs/airflow-dev/lib/python3.11/site-packages/airflow/example_dags/example_python_operator.py took 0.124 seconds
[2026-04-21T18:48:04.646+0530] {processor.py:186} INFO - Started process (PID=5626) to work on /home/ubantu/miniconda3/envs/airflow-dev/lib/python3.11/site-packages/airflow/example_dags/example_python_operator.py
[2026-04-21T18:48:04.647+0530] {processor.py:914} INFO - Processing file /home/ubantu/miniconda3/envs/airflow-dev/lib/python3.11/site-packages/airflow/example_dags/example_python_operator.py for tasks to queue
[2026-04-21T18:48:04.650+0530] {logging_mixin.py:190} INFO - [2026-04-21T18:48:04.649+0530] {dagbag.py:588} INFO - Filling up the DagBag from /home/ubantu/miniconda3/envs/airflow-dev/lib/python3.11/site-packages/airflow/example_dags/example_python_operator.py
[2026-04-21T18:48:04.657+0530] {logging_mixin.py:190} INFO - [2026-04-21T18:48:04.657+0530] {example_python_operator.py:93} WARNING - The virtalenv_python example task requires virtualenv, please install it.
[2026-04-21T18:48:04.659+0530] {processor.py:925} INFO - DAG(s) 'example_python_operator' retrieved from /home/ubantu/miniconda3/envs/airflow-dev/lib/python3.11/site-packages/airflow/example_dags/example_python_operator.py
[2026-04-21T18:48:04.674+0530] {logging_mixin.py:190} INFO - [2026-04-21T18:48:04.673+0530] {dag.py:3239} INFO - Sync 1 DAGs
[2026-04-21T18:48:04.684+0530] {logging_mixin.py:190} INFO - [2026-04-21T18:48:04.684+0530] {dag.py:4180} INFO - Setting next_dagrun for example_python_operator to None, run_after=None
[2026-04-21T18:48:04.702+0530] {processor.py:208} INFO - Processing /home/ubantu/miniconda3/envs/airflow-dev/lib/python3.11/site-packages/airflow/example_dags/example_python_operator.py took 0.064 seconds
[2026-04-21T18:49:29.302+0530] {processor.py:186} INFO - Started process (PID=5733) to work on /home/ubantu/miniconda3/envs/airflow-dev/lib/python3.11/site-packages/airflow/example_dags/example_python_operator.py
[2026-04-21T18:49:29.303+0530] {processor.py:914} INFO - Processing file /home/ubantu/miniconda3/envs/airflow-dev/lib/python3.11/site-packages/airflow/example_dags/example_python_operator.py for tasks to queue
[2026-04-21T18:49:29.305+0530] {logging_mixin.py:190} INFO - [2026-04-21T18:49:29.304+0530] {dagbag.py:588} INFO - Filling up the DagBag from /home/ubantu/miniconda3/envs/airflow-dev/lib/python3.11/site-packages/airflow/example_dags/example_python_operator.py
[2026-04-21T18:49:29.443+0530] {logging_mixin.py:190} INFO - [2026-04-21T18:49:29.443+0530] {example_python_operator.py:93} WARNING - The virtalenv_python example task requires virtualenv, please install it.
[2026-04-21T18:49:29.445+0530] {processor.py:925} INFO - DAG(s) 'example_python_operator' retrieved from /home/ubantu/miniconda3/envs/airflow-dev/lib/python3.11/site-packages/airflow/example_dags/example_python_operator.py
[2026-04-21T18:49:29.458+0530] {logging_mixin.py:190} INFO - [2026-04-21T18:49:29.458+0530] {dag.py:3239} INFO - Sync 1 DAGs
[2026-04-21T18:49:29.468+0530] {logging_mixin.py:190} INFO - [2026-04-21T18:49:29.468+0530] {dag.py:4180} INFO - Setting next_dagrun for example_python_operator to None, run_after=None
[2026-04-21T18:49:29.486+0530] {processor.py:208} INFO - Processing /home/ubantu/miniconda3/envs/airflow-dev/lib/python3.11/site-packages/airflow/example_dags/example_python_operator.py took 0.190 seconds
[2026-04-21T18:50:48.521+0530] {processor.py:186} INFO - Started process (PID=5850) to work on /home/ubantu/miniconda3/envs/airflow-dev/lib/python3.11/site-packages/airflow/example_dags/example_python_operator.py
[2026-04-21T18:50:48.522+0530] {processor.py:914} INFO - Processing file /home/ubantu/miniconda3/envs/airflow-dev/lib/python3.11/site-packages/airflow/example_dags/example_python_operator.py for tasks to queue
[2026-04-21T18:50:48.524+0530] {logging_mixin.py:190} INFO - [2026-04-21T18:50:48.524+0530] {dagbag.py:588} INFO - Filling up the DagBag from /home/ubantu/miniconda3/envs/airflow-dev/lib/python3.11/site-packages/airflow/example_dags/example_python_operator.py
[2026-04-21T18:50:48.531+0530] {logging_mixin.py:190} INFO - [2026-04-21T18:50:48.531+0530] {example_python_operator.py:93} WARNING - The virtalenv_python example task requires virtualenv, please install it.
[2026-04-21T18:50:48.534+0530] {processor.py:925} INFO - DAG(s) 'example_python_operator' retrieved from /home/ubantu/miniconda3/envs/airflow-dev/lib/python3.11/site-packages/airflow/example_dags/example_python_operator.py
[2026-04-21T18:50:48.551+0530] {logging_mixin.py:190} INFO - [2026-04-21T18:50:48.551+0530] {dag.py:3239} INFO - Sync 1 DAGs
[2026-04-21T18:50:48.562+0530] {logging_mixin.py:190} INFO - [2026-04-21T18:50:48.561+0530] {dag.py:4180} INFO - Setting next_dagrun for example_python_operator to None, run_after=None
[2026-04-21T18:50:48.578+0530] {processor.py:208} INFO - Processing /home/ubantu/miniconda3/envs/airflow-dev/lib/python3.11/site-packages/airflow/example_dags/example_python_operator.py took 0.064 seconds
[2026-04-21T18:52:10.471+0530] {processor.py:186} INFO - Started process (PID=5953) to work on /home/ubantu/miniconda3/envs/airflow-dev/lib/python3.11/site-packages/airflow/example_dags/example_python_operator.py
[2026-04-21T18:52:10.472+0530] {processor.py:914} INFO - Processing file /home/ubantu/miniconda3/envs/airflow-dev/lib/python3.11/site-packages/airflow/example_dags/example_python_operator.py for tasks to queue
[2026-04-21T18:52:10.474+0530] {logging_mixin.py:190} INFO - [2026-04-21T18:52:10.474+0530] {dagbag.py:588} INFO - Filling up the DagBag from /home/ubantu/miniconda3/envs/airflow-dev/lib/python3.11/site-packages/airflow/example_dags/example_python_operator.py
[2026-04-21T18:52:10.481+0530] {logging_mixin.py:190} INFO - [2026-04-21T18:52:10.481+0530] {example_python_operator.py:93} WARNING - The virtalenv_python example task requires virtualenv, please install it.
[2026-04-21T18:52:10.484+0530] {processor.py:925} INFO - DAG(s) 'example_python_operator' retrieved from /home/ubantu/miniconda3/envs/airflow-dev/lib/python3.11/site-packages/airflow/example_dags/example_python_operator.py
[2026-04-21T18:52:10.501+0530] {logging_mixin.py:190} INFO - [2026-04-21T18:52:10.501+0530] {dag.py:3239} INFO - Sync 1 DAGs
[2026-04-21T18:52:10.513+0530] {logging_mixin.py:190} INFO - [2026-04-21T18:52:10.513+0530] {dag.py:4180} INFO - Setting next_dagrun for example_python_operator to None, run_after=None
[2026-04-21T18:52:10.533+0530] {processor.py:208} INFO - Processing /home/ubantu/miniconda3/envs/airflow-dev/lib/python3.11/site-packages/airflow/example_dags/example_python_operator.py took 0.068 seconds
[2026-04-21T18:53:27.981+0530] {processor.py:186} INFO - Started process (PID=6067) to work on /home/ubantu/miniconda3/envs/airflow-dev/lib/python3.11/site-packages/airflow/example_dags/example_python_operator.py
[2026-04-21T18:53:27.982+0530] {processor.py:914} INFO - Processing file /home/ubantu/miniconda3/envs/airflow-dev/lib/python3.11/site-packages/airflow/example_dags/example_python_operator.py for tasks to queue
[2026-04-21T18:53:27.984+0530] {logging_mixin.py:190} INFO - [2026-04-21T18:53:27.984+0530] {dagbag.py:588} INFO - Filling up the DagBag from /home/ubantu/miniconda3/envs/airflow-dev/lib/python3.11/site-packages/airflow/example_dags/example_python_operator.py
[2026-04-21T18:53:27.992+0530] {logging_mixin.py:190} INFO - [2026-04-21T18:53:27.992+0530] {example_python_operator.py:93} WARNING - The virtalenv_python example task requires virtualenv, please install it.
[2026-04-21T18:53:27.995+0530] {processor.py:925} INFO - DAG(s) 'example_python_operator' retrieved from /home/ubantu/miniconda3/envs/airflow-dev/lib/python3.11/site-packages/airflow/example_dags/example_python_operator.py
[2026-04-21T18:53:28.012+0530] {logging_mixin.py:190} INFO - [2026-04-21T18:53:28.012+0530] {dag.py:3239} INFO - Sync 1 DAGs
[2026-04-21T18:53:28.023+0530] {logging_mixin.py:190} INFO - [2026-04-21T18:53:28.022+0530] {dag.py:4180} INFO - Setting next_dagrun for example_python_operator to None, run_after=None
[2026-04-21T18:53:28.040+0530] {processor.py:208} INFO - Processing /home/ubantu/miniconda3/envs/airflow-dev/lib/python3.11/site-packages/airflow/example_dags/example_python_operator.py took 0.066 seconds
[2026-04-21T18:54:46.791+0530] {processor.py:186} INFO - Started process (PID=6185) to work on /home/ubantu/miniconda3/envs/airflow-dev/lib/python3.11/site-packages/airflow/example_dags/example_python_operator.py
[2026-04-21T18:54:46.792+0530] {processor.py:914} INFO - Processing file /home/ubantu/miniconda3/envs/airflow-dev/lib/python3.11/site-packages/airflow/example_dags/example_python_operator.py for tasks to queue
[2026-04-21T18:54:46.795+0530] {logging_mixin.py:190} INFO - [2026-04-21T18:54:46.794+0530] {dagbag.py:588} INFO - Filling up the DagBag from /home/ubantu/miniconda3/envs/airflow-dev/lib/python3.11/site-packages/airflow/example_dags/example_python_operator.py
[2026-04-21T18:54:46.802+0530] {logging_mixin.py:190} INFO - [2026-04-21T18:54:46.802+0530] {example_python_operator.py:93} WARNING - The virtalenv_python example task requires virtualenv, please install it.
[2026-04-21T18:54:46.805+0530] {processor.py:925} INFO - DAG(s) 'example_python_operator' retrieved from /home/ubantu/miniconda3/envs/airflow-dev/lib/python3.11/site-packages/airflow/example_dags/example_python_operator.py
[2026-04-21T18:54:46.823+0530] {logging_mixin.py:190} INFO - [2026-04-21T18:54:46.823+0530] {dag.py:3239} INFO - Sync 1 DAGs
[2026-04-21T18:54:46.835+0530] {logging_mixin.py:190} INFO - [2026-04-21T18:54:46.835+0530] {dag.py:4180} INFO - Setting next_dagrun for example_python_operator to None, run_after=None
[2026-04-21T18:54:46.852+0530] {processor.py:208} INFO - Processing /home/ubantu/miniconda3/envs/airflow-dev/lib/python3.11/site-packages/airflow/example_dags/example_python_operator.py took 0.068 seconds
[2026-04-21T18:56:06.522+0530] {processor.py:186} INFO - Started process (PID=6293) to work on /home/ubantu/miniconda3/envs/airflow-dev/lib/python3.11/site-packages/airflow/example_dags/example_python_operator.py
[2026-04-21T18:56:06.523+0530] {processor.py:914} INFO - Processing file /home/ubantu/miniconda3/envs/airflow-dev/lib/python3.11/site-packages/airflow/example_dags/example_python_operator.py for tasks to queue
[2026-04-21T18:56:06.526+0530] {logging_mixin.py:190} INFO - [2026-04-21T18:56:06.525+0530] {dagbag.py:588} INFO - Filling up the DagBag from /home/ubantu/miniconda3/envs/airflow-dev/lib/python3.11/site-packages/airflow/example_dags/example_python_operator.py
[2026-04-21T18:56:06.534+0530] {logging_mixin.py:190} INFO - [2026-04-21T18:56:06.533+0530] {example_python_operator.py:93} WARNING - The virtalenv_python example task requires virtualenv, please install it.
[2026-04-21T18:56:06.536+0530] {processor.py:925} INFO - DAG(s) 'example_python_operator' retrieved from /home/ubantu/miniconda3/envs/airflow-dev/lib/python3.11/site-packages/airflow/example_dags/example_python_operator.py
[2026-04-21T18:56:06.555+0530] {logging_mixin.py:190} INFO - [2026-04-21T18:56:06.555+0530] {dag.py:3239} INFO - Sync 1 DAGs
[2026-04-21T18:56:06.568+0530] {logging_mixin.py:190} INFO - [2026-04-21T18:56:06.568+0530] {dag.py:4180} INFO - Setting next_dagrun for example_python_operator to None, run_after=None
[2026-04-21T18:56:06.587+0530] {processor.py:208} INFO - Processing /home/ubantu/miniconda3/envs/airflow-dev/lib/python3.11/site-packages/airflow/example_dags/example_python_operator.py took 0.072 seconds
[2026-04-21T18:57:24.581+0530] {processor.py:186} INFO - Started process (PID=6401) to work on /home/ubantu/miniconda3/envs/airflow-dev/lib/python3.11/site-packages/airflow/example_dags/example_python_operator.py
[2026-04-21T18:57:24.582+0530] {processor.py:914} INFO - Processing file /home/ubantu/miniconda3/envs/airflow-dev/lib/python3.11/site-packages/airflow/example_dags/example_python_operator.py for tasks to queue
[2026-04-21T18:57:24.584+0530] {logging_mixin.py:190} INFO - [2026-04-21T18:57:24.583+0530] {dagbag.py:588} INFO - Filling up the DagBag from /home/ubantu/miniconda3/envs/airflow-dev/lib/python3.11/site-packages/airflow/example_dags/example_python_operator.py
[2026-04-21T18:57:24.590+0530] {logging_mixin.py:190} INFO - [2026-04-21T18:57:24.590+0530] {example_python_operator.py:93} WARNING - The virtalenv_python example task requires virtualenv, please install it.
[2026-04-21T18:57:24.592+0530] {processor.py:925} INFO - DAG(s) 'example_python_operator' retrieved from /home/ubantu/miniconda3/envs/airflow-dev/lib/python3.11/site-packages/airflow/example_dags/example_python_operator.py
[2026-04-21T18:57:24.606+0530] {logging_mixin.py:190} INFO - [2026-04-21T18:57:24.606+0530] {dag.py:3239} INFO - Sync 1 DAGs
[2026-04-21T18:57:24.617+0530] {logging_mixin.py:190} INFO - [2026-04-21T18:57:24.617+0530] {dag.py:4180} INFO - Setting next_dagrun for example_python_operator to None, run_after=None
[2026-04-21T18:57:24.634+0530] {processor.py:208} INFO - Processing /home/ubantu/miniconda3/envs/airflow-dev/lib/python3.11/site-packages/airflow/example_dags/example_python_operator.py took 0.058 seconds
[2026-04-21T19:01:03.597+0530] {processor.py:186} INFO - Started process (PID=6537) to work on /home/ubantu/miniconda3/envs/airflow-dev/lib/python3.11/site-packages/airflow/example_dags/example_python_operator.py
[2026-04-21T19:01:03.598+0530] {processor.py:914} INFO - Processing file /home/ubantu/miniconda3/envs/airflow-dev/lib/python3.11/site-packages/airflow/example_dags/example_python_operator.py for tasks to queue
[2026-04-21T19:01:03.600+0530] {logging_mixin.py:190} INFO - [2026-04-21T19:01:03.600+0530] {dagbag.py:588} INFO - Filling up the DagBag from /home/ubantu/miniconda3/envs/airflow-dev/lib/python3.11/site-packages/airflow/example_dags/example_python_operator.py
[2026-04-21T19:01:03.608+0530] {logging_mixin.py:190} INFO - [2026-04-21T19:01:03.608+0530] {example_python_operator.py:93} WARNING - The virtalenv_python example task requires virtualenv, please install it.
[2026-04-21T19:01:03.609+0530] {processor.py:925} INFO - DAG(s) 'example_python_operator' retrieved from /home/ubantu/miniconda3/envs/airflow-dev/lib/python3.11/site-packages/airflow/example_dags/example_python_operator.py
[2026-04-21T19:01:03.626+0530] {logging_mixin.py:190} INFO - [2026-04-21T19:01:03.626+0530] {dag.py:3239} INFO - Sync 1 DAGs
[2026-04-21T19:01:03.635+0530] {logging_mixin.py:190} INFO - [2026-04-21T19:01:03.635+0530] {dag.py:4180} INFO - Setting next_dagrun for example_python_operator to None, run_after=None
[2026-04-21T19:01:03.651+0530] {processor.py:208} INFO - Processing /home/ubantu/miniconda3/envs/airflow-dev/lib/python3.11/site-packages/airflow/example_dags/example_python_operator.py took 0.061 seconds
[2026-04-21T19:02:53.275+0530] {processor.py:186} INFO - Started process (PID=6672) to work on /home/ubantu/miniconda3/envs/airflow-dev/lib/python3.11/site-packages/airflow/example_dags/example_python_operator.py
[2026-04-21T19:02:53.276+0530] {processor.py:914} INFO - Processing file /home/ubantu/miniconda3/envs/airflow-dev/lib/python3.11/site-packages/airflow/example_dags/example_python_operator.py for tasks to queue
[2026-04-21T19:02:53.277+0530] {logging_mixin.py:190} INFO - [2026-04-21T19:02:53.277+0530] {dagbag.py:588} INFO - Filling up the DagBag from /home/ubantu/miniconda3/envs/airflow-dev/lib/python3.11/site-packages/airflow/example_dags/example_python_operator.py
[2026-04-21T19:02:53.283+0530] {logging_mixin.py:190} INFO - [2026-04-21T19:02:53.283+0530] {example_python_operator.py:93} WARNING - The virtalenv_python example task requires virtualenv, please install it.
[2026-04-21T19:02:53.283+0530] {processor.py:925} INFO - DAG(s) 'example_python_operator' retrieved from /home/ubantu/miniconda3/envs/airflow-dev/lib/python3.11/site-packages/airflow/example_dags/example_python_operator.py
[2026-04-21T19:02:53.298+0530] {logging_mixin.py:190} INFO - [2026-04-21T19:02:53.298+0530] {dag.py:3239} INFO - Sync 1 DAGs
[2026-04-21T19:02:53.309+0530] {logging_mixin.py:190} INFO - [2026-04-21T19:02:53.309+0530] {dag.py:4180} INFO - Setting next_dagrun for example_python_operator to None, run_after=None
[2026-04-21T19:02:53.330+0530] {processor.py:208} INFO - Processing /home/ubantu/miniconda3/envs/airflow-dev/lib/python3.11/site-packages/airflow/example_dags/example_python_operator.py took 0.061 seconds
[2026-04-21T19:05:35.741+0530] {processor.py:186} INFO - Started process (PID=6830) to work on /home/ubantu/miniconda3/envs/airflow-dev/lib/python3.11/site-packages/airflow/example_dags/example_python_operator.py
[2026-04-21T19:05:35.743+0530] {processor.py:914} INFO - Processing file /home/ubantu/miniconda3/envs/airflow-dev/lib/python3.11/site-packages/airflow/example_dags/example_python_operator.py for tasks to queue
[2026-04-21T19:05:35.744+0530] {logging_mixin.py:190} INFO - [2026-04-21T19:05:35.744+0530] {dagbag.py:588} INFO - Filling up the DagBag from /home/ubantu/miniconda3/envs/airflow-dev/lib/python3.11/site-packages/airflow/example_dags/example_python_operator.py
[2026-04-21T19:05:35.751+0530] {logging_mixin.py:190} INFO - [2026-04-21T19:05:35.751+0530] {example_python_operator.py:93} WARNING - The virtalenv_python example task requires virtualenv, please install it.
[2026-04-21T19:05:35.752+0530] {processor.py:925} INFO - DAG(s) 'example_python_operator' retrieved from /home/ubantu/miniconda3/envs/airflow-dev/lib/python3.11/site-packages/airflow/example_dags/example_python_operator.py
[2026-04-21T19:05:35.773+0530] {logging_mixin.py:190} INFO - [2026-04-21T19:05:35.773+0530] {dag.py:3239} INFO - Sync 1 DAGs
[2026-04-21T19:05:35.783+0530] {logging_mixin.py:190} INFO - [2026-04-21T19:05:35.783+0530] {dag.py:4180} INFO - Setting next_dagrun for example_python_operator to None, run_after=None
[2026-04-21T19:05:35.799+0530] {processor.py:208} INFO - Processing /home/ubantu/miniconda3/envs/airflow-dev/lib/python3.11/site-packages/airflow/example_dags/example_python_operator.py took 0.064 seconds
[2026-04-21T19:07:26.060+0530] {processor.py:186} INFO - Started process (PID=6988) to work on /home/ubantu/miniconda3/envs/airflow-dev/lib/python3.11/site-packages/airflow/example_dags/example_python_operator.py
[2026-04-21T19:07:26.062+0530] {processor.py:914} INFO - Processing file /home/ubantu/miniconda3/envs/airflow-dev/lib/python3.11/site-packages/airflow/example_dags/example_python_operator.py for tasks to queue
[2026-04-21T19:07:26.063+0530] {logging_mixin.py:190} INFO - [2026-04-21T19:07:26.063+0530] {dagbag.py:588} INFO - Filling up the DagBag from /home/ubantu/miniconda3/envs/airflow-dev/lib/python3.11/site-packages/airflow/example_dags/example_python_operator.py
[2026-04-21T19:07:26.072+0530] {logging_mixin.py:190} INFO - [2026-04-21T19:07:26.072+0530] {example_python_operator.py:93} WARNING - The virtalenv_python example task requires virtualenv, please install it.
[2026-04-21T19:07:26.073+0530] {processor.py:925} INFO - DAG(s) 'example_python_operator' retrieved from /home/ubantu/miniconda3/envs/airflow-dev/lib/python3.11/site-packages/airflow/example_dags/example_python_operator.py
[2026-04-21T19:07:26.097+0530] {logging_mixin.py:190} INFO - [2026-04-21T19:07:26.096+0530] {dag.py:3239} INFO - Sync 1 DAGs
[2026-04-21T19:07:26.112+0530] {logging_mixin.py:190} INFO - [2026-04-21T19:07:26.112+0530] {dag.py:4180} INFO - Setting next_dagrun for example_python_operator to None, run_after=None
[2026-04-21T19:07:26.132+0530] {processor.py:208} INFO - Processing /home/ubantu/miniconda3/envs/airflow-dev/lib/python3.11/site-packages/airflow/example_dags/example_python_operator.py took 0.080 seconds
[2026-04-21T19:08:43.537+0530] {processor.py:186} INFO - Started process (PID=7093) to work on /home/ubantu/miniconda3/envs/airflow-dev/lib/python3.11/site-packages/airflow/example_dags/example_python_operator.py
[2026-04-21T19:08:43.538+0530] {processor.py:914} INFO - Processing file /home/ubantu/miniconda3/envs/airflow-dev/lib/python3.11/site-packages/airflow/example_dags/example_python_operator.py for tasks to queue
[2026-04-21T19:08:43.539+0530] {logging_mixin.py:190} INFO - [2026-04-21T19:08:43.539+0530] {dagbag.py:588} INFO - Filling up the DagBag from /home/ubantu/miniconda3/envs/airflow-dev/lib/python3.11/site-packages/airflow/example_dags/example_python_operator.py
[2026-04-21T19:08:43.546+0530] {logging_mixin.py:190} INFO - [2026-04-21T19:08:43.546+0530] {example_python_operator.py:93} WARNING - The virtalenv_python example task requires virtualenv, please install it.
[2026-04-21T19:08:43.546+0530] {processor.py:925} INFO - DAG(s) 'example_python_operator' retrieved from /home/ubantu/miniconda3/envs/airflow-dev/lib/python3.11/site-packages/airflow/example_dags/example_python_operator.py
[2026-04-21T19:08:43.562+0530] {logging_mixin.py:190} INFO - [2026-04-21T19:08:43.562+0530] {dag.py:3239} INFO - Sync 1 DAGs
[2026-04-21T19:08:43.573+0530] {logging_mixin.py:190} INFO - [2026-04-21T19:08:43.573+0530] {dag.py:4180} INFO - Setting next_dagrun for example_python_operator to None, run_after=None
[2026-04-21T19:08:43.592+0530] {processor.py:208} INFO - Processing /home/ubantu/miniconda3/envs/airflow-dev/lib/python3.11/site-packages/airflow/example_dags/example_python_operator.py took 0.060 seconds
[2026-04-21T19:10:01.162+0530] {processor.py:186} INFO - Started process (PID=7191) to work on /home/ubantu/miniconda3/envs/airflow-dev/lib/python3.11/site-packages/airflow/example_dags/example_python_operator.py
[2026-04-21T19:10:01.163+0530] {processor.py:914} INFO - Processing file /home/ubantu/miniconda3/envs/airflow-dev/lib/python3.11/site-packages/airflow/example_dags/example_python_operator.py for tasks to queue
[2026-04-21T19:10:01.165+0530] {logging_mixin.py:190} INFO - [2026-04-21T19:10:01.164+0530] {dagbag.py:588} INFO - Filling up the DagBag from /home/ubantu/miniconda3/envs/airflow-dev/lib/python3.11/site-packages/airflow/example_dags/example_python_operator.py
[2026-04-21T19:10:01.171+0530] {logging_mixin.py:190} INFO - [2026-04-21T19:10:01.171+0530] {example_python_operator.py:93} WARNING - The virtalenv_python example task requires virtualenv, please install it.
[2026-04-21T19:10:01.172+0530] {processor.py:925} INFO - DAG(s) 'example_python_operator' retrieved from /home/ubantu/miniconda3/envs/airflow-dev/lib/python3.11/site-packages/airflow/example_dags/example_python_operator.py
[2026-04-21T19:10:01.188+0530] {logging_mixin.py:190} INFO - [2026-04-21T19:10:01.188+0530] {dag.py:3239} INFO - Sync 1 DAGs
[2026-04-21T19:10:01.198+0530] {logging_mixin.py:190} INFO - [2026-04-21T19:10:01.198+0530] {dag.py:4180} INFO - Setting next_dagrun for example_python_operator to None, run_after=None
[2026-04-21T19:10:01.213+0530] {processor.py:208} INFO - Processing /home/ubantu/miniconda3/envs/airflow-dev/lib/python3.11/site-packages/airflow/example_dags/example_python_operator.py took 0.057 seconds
[2026-04-21T19:11:20.299+0530] {processor.py:186} INFO - Started process (PID=7299) to work on /home/ubantu/miniconda3/envs/airflow-dev/lib/python3.11/site-packages/airflow/example_dags/example_python_operator.py
[2026-04-21T19:11:20.300+0530] {processor.py:914} INFO - Processing file /home/ubantu/miniconda3/envs/airflow-dev/lib/python3.11/site-packages/airflow/example_dags/example_python_operator.py for tasks to queue
[2026-04-21T19:11:20.301+0530] {logging_mixin.py:190} INFO - [2026-04-21T19:11:20.301+0530] {dagbag.py:588} INFO - Filling up the DagBag from /home/ubantu/miniconda3/envs/airflow-dev/lib/python3.11/site-packages/airflow/example_dags/example_python_operator.py
[2026-04-21T19:11:20.307+0530] {logging_mixin.py:190} INFO - [2026-04-21T19:11:20.307+0530] {example_python_operator.py:93} WARNING - The virtalenv_python example task requires virtualenv, please install it.
[2026-04-21T19:11:20.308+0530] {processor.py:925} INFO - DAG(s) 'example_python_operator' retrieved from /home/ubantu/miniconda3/envs/airflow-dev/lib/python3.11/site-packages/airflow/example_dags/example_python_operator.py
[2026-04-21T19:11:20.323+0530] {logging_mixin.py:190} INFO - [2026-04-21T19:11:20.322+0530] {dag.py:3239} INFO - Sync 1 DAGs
[2026-04-21T19:11:20.333+0530] {logging_mixin.py:190} INFO - [2026-04-21T19:11:20.333+0530] {dag.py:4180} INFO - Setting next_dagrun for example_python_operator to None, run_after=None
[2026-04-21T19:11:20.349+0530] {processor.py:208} INFO - Processing /home/ubantu/miniconda3/envs/airflow-dev/lib/python3.11/site-packages/airflow/example_dags/example_python_operator.py took 0.055 seconds
[2026-04-21T19:12:37.912+0530] {processor.py:186} INFO - Started process (PID=7390) to work on /home/ubantu/miniconda3/envs/airflow-dev/lib/python3.11/site-packages/airflow/example_dags/example_python_operator.py
[2026-04-21T19:12:37.914+0530] {processor.py:914} INFO - Processing file /home/ubantu/miniconda3/envs/airflow-dev/lib/python3.11/site-packages/airflow/example_dags/example_python_operator.py for tasks to queue
[2026-04-21T19:12:37.915+0530] {logging_mixin.py:190} INFO - [2026-04-21T19:12:37.915+0530] {dagbag.py:588} INFO - Filling up the DagBag from /home/ubantu/miniconda3/envs/airflow-dev/lib/python3.11/site-packages/airflow/example_dags/example_python_operator.py
[2026-04-21T19:12:37.922+0530] {logging_mixin.py:190} INFO - [2026-04-21T19:12:37.922+0530] {example_python_operator.py:93} WARNING - The virtalenv_python example task requires virtualenv, please install it.
[2026-04-21T19:12:37.923+0530] {processor.py:925} INFO - DAG(s) 'example_python_operator' retrieved from /home/ubantu/miniconda3/envs/airflow-dev/lib/python3.11/site-packages/airflow/example_dags/example_python_operator.py
[2026-04-21T19:12:37.940+0530] {logging_mixin.py:190} INFO - [2026-04-21T19:12:37.940+0530] {dag.py:3239} INFO - Sync 1 DAGs
[2026-04-21T19:12:37.951+0530] {logging_mixin.py:190} INFO - [2026-04-21T19:12:37.951+0530] {dag.py:4180} INFO - Setting next_dagrun for example_python_operator to None, run_after=None
[2026-04-21T19:12:37.969+0530] {processor.py:208} INFO - Processing /home/ubantu/miniconda3/envs/airflow-dev/lib/python3.11/site-packages/airflow/example_dags/example_python_operator.py took 0.064 seconds
[2026-04-21T19:13:58.619+0530] {processor.py:186} INFO - Started process (PID=7517) to work on /home/ubantu/miniconda3/envs/airflow-dev/lib/python3.11/site-packages/airflow/example_dags/example_python_operator.py
[2026-04-21T19:13:58.620+0530] {processor.py:914} INFO - Processing file /home/ubantu/miniconda3/envs/airflow-dev/lib/python3.11/site-packages/airflow/example_dags/example_python_operator.py for tasks to queue
[2026-04-21T19:13:58.622+0530] {logging_mixin.py:190} INFO - [2026-04-21T19:13:58.621+0530] {dagbag.py:588} INFO - Filling up the DagBag from /home/ubantu/miniconda3/envs/airflow-dev/lib/python3.11/site-packages/airflow/example_dags/example_python_operator.py
[2026-04-21T19:13:58.629+0530] {logging_mixin.py:190} INFO - [2026-04-21T19:13:58.628+0530] {example_python_operator.py:93} WARNING - The virtalenv_python example task requires virtualenv, please install it.
[2026-04-21T19:13:58.629+0530] {processor.py:925} INFO - DAG(s) 'example_python_operator' retrieved from /home/ubantu/miniconda3/envs/airflow-dev/lib/python3.11/site-packages/airflow/example_dags/example_python_operator.py
[2026-04-21T19:13:58.646+0530] {logging_mixin.py:190} INFO - [2026-04-21T19:13:58.646+0530] {dag.py:3239} INFO - Sync 1 DAGs
[2026-04-21T19:13:58.657+0530] {logging_mixin.py:190} INFO - [2026-04-21T19:13:58.656+0530] {dag.py:4180} INFO - Setting next_dagrun for example_python_operator to None, run_after=None
[2026-04-21T19:13:58.673+0530] {processor.py:208} INFO - Processing /home/ubantu/miniconda3/envs/airflow-dev/lib/python3.11/site-packages/airflow/example_dags/example_python_operator.py took 0.060 seconds
[2026-04-21T19:15:21.527+0530] {processor.py:186} INFO - Started process (PID=7629) to work on /home/ubantu/miniconda3/envs/airflow-dev/lib/python3.11/site-packages/airflow/example_dags/example_python_operator.py
[2026-04-21T19:15:21.529+0530] {processor.py:914} INFO - Processing file /home/ubantu/miniconda3/envs/airflow-dev/lib/python3.11/site-packages/airflow/example_dags/example_python_operator.py for tasks to queue
[2026-04-21T19:15:21.530+0530] {logging_mixin.py:190} INFO - [2026-04-21T19:15:21.530+0530] {dagbag.py:588} INFO - Filling up the DagBag from /home/ubantu/miniconda3/envs/airflow-dev/lib/python3.11/site-packages/airflow/example_dags/example_python_operator.py
[2026-04-21T19:15:21.539+0530] {logging_mixin.py:190} INFO - [2026-04-21T19:15:21.539+0530] {example_python_operator.py:93} WARNING - The virtalenv_python example task requires virtualenv, please install it.
[2026-04-21T19:15:21.540+0530] {processor.py:925} INFO - DAG(s) 'example_python_operator' retrieved from /home/ubantu/miniconda3/envs/airflow-dev/lib/python3.11/site-packages/airflow/example_dags/example_python_operator.py
[2026-04-21T19:15:21.562+0530] {logging_mixin.py:190} INFO - [2026-04-21T19:15:21.562+0530] {dag.py:3239} INFO - Sync 1 DAGs
[2026-04-21T19:15:21.577+0530] {logging_mixin.py:190} INFO - [2026-04-21T19:15:21.577+0530] {dag.py:4180} INFO - Setting next_dagrun for example_python_operator to None, run_after=None
[2026-04-21T19:15:21.602+0530] {processor.py:208} INFO - Processing /home/ubantu/miniconda3/envs/airflow-dev/lib/python3.11/site-packages/airflow/example_dags/example_python_operator.py took 0.083 seconds
[2026-04-21T19:16:39.852+0530] {processor.py:186} INFO - Started process (PID=7785) to work on /home/ubantu/miniconda3/envs/airflow-dev/lib/python3.11/site-packages/airflow/example_dags/example_python_operator.py
[2026-04-21T19:16:39.853+0530] {processor.py:914} INFO - Processing file /home/ubantu/miniconda3/envs/airflow-dev/lib/python3.11/site-packages/airflow/example_dags/example_python_operator.py for tasks to queue
[2026-04-21T19:16:39.854+0530] {logging_mixin.py:190} INFO - [2026-04-21T19:16:39.854+0530] {dagbag.py:588} INFO - Filling up the DagBag from /home/ubantu/miniconda3/envs/airflow-dev/lib/python3.11/site-packages/airflow/example_dags/example_python_operator.py
[2026-04-21T19:16:39.861+0530] {logging_mixin.py:190} INFO - [2026-04-21T19:16:39.861+0530] {example_python_operator.py:93} WARNING - The virtalenv_python example task requires virtualenv, please install it.
[2026-04-21T19:16:39.862+0530] {processor.py:925} INFO - DAG(s) 'example_python_operator' retrieved from /home/ubantu/miniconda3/envs/airflow-dev/lib/python3.11/site-packages/airflow/example_dags/example_python_operator.py
[2026-04-21T19:16:39.878+0530] {logging_mixin.py:190} INFO - [2026-04-21T19:16:39.878+0530] {dag.py:3239} INFO - Sync 1 DAGs
[2026-04-21T19:16:39.888+0530] {logging_mixin.py:190} INFO - [2026-04-21T19:16:39.888+0530] {dag.py:4180} INFO - Setting next_dagrun for example_python_operator to None, run_after=None
[2026-04-21T19:16:39.904+0530] {processor.py:208} INFO - Processing /home/ubantu/miniconda3/envs/airflow-dev/lib/python3.11/site-packages/airflow/example_dags/example_python_operator.py took 0.058 seconds
[2026-04-21T19:22:39.385+0530] {processor.py:186} INFO - Started process (PID=8349) to work on /home/ubantu/airflow-src/airflow/example_dags/example_python_operator.py
[2026-04-21T19:22:39.386+0530] {processor.py:914} INFO - Processing file /home/ubantu/airflow-src/airflow/example_dags/example_python_operator.py for tasks to queue
[2026-04-21T19:22:39.387+0530] {logging_mixin.py:190} INFO - [2026-04-21T19:22:39.387+0530] {dagbag.py:588} INFO - Filling up the DagBag from /home/ubantu/airflow-src/airflow/example_dags/example_python_operator.py
[2026-04-21T19:22:39.394+0530] {logging_mixin.py:190} INFO - [2026-04-21T19:22:39.394+0530] {example_python_operator.py:93} WARNING - The virtalenv_python example task requires virtualenv, please install it.
[2026-04-21T19:22:39.395+0530] {processor.py:925} INFO - DAG(s) 'example_python_operator' retrieved from /home/ubantu/airflow-src/airflow/example_dags/example_python_operator.py
[2026-04-21T19:22:39.452+0530] {logging_mixin.py:190} INFO - [2026-04-21T19:22:39.452+0530] {dag.py:3239} INFO - Sync 1 DAGs
[2026-04-21T19:22:39.460+0530] {logging_mixin.py:190} INFO - [2026-04-21T19:22:39.460+0530] {dag.py:4180} INFO - Setting next_dagrun for example_python_operator to None, run_after=None
[2026-04-21T19:22:39.477+0530] {processor.py:208} INFO - Processing /home/ubantu/airflow-src/airflow/example_dags/example_python_operator.py took 0.099 seconds
[2026-04-21T19:25:29.795+0530] {processor.py:186} INFO - Started process (PID=8584) to work on /home/ubantu/airflow-src/airflow/example_dags/example_python_operator.py
[2026-04-21T19:25:29.796+0530] {processor.py:914} INFO - Processing file /home/ubantu/airflow-src/airflow/example_dags/example_python_operator.py for tasks to queue
[2026-04-21T19:25:29.797+0530] {logging_mixin.py:190} INFO - [2026-04-21T19:25:29.797+0530] {dagbag.py:588} INFO - Filling up the DagBag from /home/ubantu/airflow-src/airflow/example_dags/example_python_operator.py
[2026-04-21T19:25:29.806+0530] {logging_mixin.py:190} INFO - [2026-04-21T19:25:29.806+0530] {example_python_operator.py:93} WARNING - The virtalenv_python example task requires virtualenv, please install it.
[2026-04-21T19:25:29.807+0530] {processor.py:925} INFO - DAG(s) 'example_python_operator' retrieved from /home/ubantu/airflow-src/airflow/example_dags/example_python_operator.py
[2026-04-21T19:25:29.827+0530] {logging_mixin.py:190} INFO - [2026-04-21T19:25:29.827+0530] {dag.py:3239} INFO - Sync 1 DAGs
[2026-04-21T19:25:29.837+0530] {logging_mixin.py:190} INFO - [2026-04-21T19:25:29.837+0530] {dag.py:4180} INFO - Setting next_dagrun for example_python_operator to None, run_after=None
[2026-04-21T19:25:29.853+0530] {processor.py:208} INFO - Processing /home/ubantu/airflow-src/airflow/example_dags/example_python_operator.py took 0.065 seconds
