[2026-04-21T18:45:57.151+0530] {processor.py:186} INFO - Started process (PID=5410) to work on /home/ubantu/miniconda3/envs/airflow-dev/lib/python3.11/site-packages/airflow/example_dags/example_task_group_decorator.py
[2026-04-21T18:45:57.152+0530] {processor.py:914} INFO - Processing file /home/ubantu/miniconda3/envs/airflow-dev/lib/python3.11/site-packages/airflow/example_dags/example_task_group_decorator.py for tasks to queue
[2026-04-21T18:45:57.155+0530] {logging_mixin.py:190} INFO - [2026-04-21T18:45:57.154+0530] {dagbag.py:588} INFO - Filling up the DagBag from /home/ubantu/miniconda3/envs/airflow-dev/lib/python3.11/site-packages/airflow/example_dags/example_task_group_decorator.py
[2026-04-21T18:45:57.175+0530] {processor.py:925} INFO - DAG(s) 'example_task_group_decorator' retrieved from /home/ubantu/miniconda3/envs/airflow-dev/lib/python3.11/site-packages/airflow/example_dags/example_task_group_decorator.py
[2026-04-21T18:45:57.265+0530] {logging_mixin.py:190} INFO - [2026-04-21T18:45:57.264+0530] {dag.py:3239} INFO - Sync 1 DAGs
[2026-04-21T18:45:57.274+0530] {logging_mixin.py:190} INFO - [2026-04-21T18:45:57.274+0530] {dag.py:4180} INFO - Setting next_dagrun for example_task_group_decorator to None, run_after=None
[2026-04-21T18:45:57.292+0530] {processor.py:208} INFO - Processing /home/ubantu/miniconda3/envs/airflow-dev/lib/python3.11/site-packages/airflow/example_dags/example_task_group_decorator.py took 0.148 seconds
[2026-04-21T18:47:52.105+0530] {processor.py:186} INFO - Started process (PID=5605) to work on /home/ubantu/miniconda3/envs/airflow-dev/lib/python3.11/site-packages/airflow/example_dags/example_task_group_decorator.py
[2026-04-21T18:47:52.106+0530] {processor.py:914} INFO - Processing file /home/ubantu/miniconda3/envs/airflow-dev/lib/python3.11/site-packages/airflow/example_dags/example_task_group_decorator.py for tasks to queue
[2026-04-21T18:47:52.110+0530] {logging_mixin.py:190} INFO - [2026-04-21T18:47:52.109+0530] {dagbag.py:588} INFO - Filling up the DagBag from /home/ubantu/miniconda3/envs/airflow-dev/lib/python3.11/site-packages/airflow/example_dags/example_task_group_decorator.py
[2026-04-21T18:47:52.129+0530] {processor.py:925} INFO - DAG(s) 'example_task_group_decorator' retrieved from /home/ubantu/miniconda3/envs/airflow-dev/lib/python3.11/site-packages/airflow/example_dags/example_task_group_decorator.py
[2026-04-21T18:47:52.149+0530] {logging_mixin.py:190} INFO - [2026-04-21T18:47:52.148+0530] {dag.py:3239} INFO - Sync 1 DAGs
[2026-04-21T18:47:52.159+0530] {logging_mixin.py:190} INFO - [2026-04-21T18:47:52.159+0530] {dag.py:4180} INFO - Setting next_dagrun for example_task_group_decorator to None, run_after=None
[2026-04-21T18:47:52.176+0530] {processor.py:208} INFO - Processing /home/ubantu/miniconda3/envs/airflow-dev/lib/python3.11/site-packages/airflow/example_dags/example_task_group_decorator.py took 0.078 seconds
[2026-04-21T18:49:17.744+0530] {processor.py:186} INFO - Started process (PID=5718) to work on /home/ubantu/miniconda3/envs/airflow-dev/lib/python3.11/site-packages/airflow/example_dags/example_task_group_decorator.py
[2026-04-21T18:49:17.745+0530] {processor.py:914} INFO - Processing file /home/ubantu/miniconda3/envs/airflow-dev/lib/python3.11/site-packages/airflow/example_dags/example_task_group_decorator.py for tasks to queue
[2026-04-21T18:49:17.749+0530] {logging_mixin.py:190} INFO - [2026-04-21T18:49:17.748+0530] {dagbag.py:588} INFO - Filling up the DagBag from /home/ubantu/miniconda3/envs/airflow-dev/lib/python3.11/site-packages/airflow/example_dags/example_task_group_decorator.py
[2026-04-21T18:49:17.775+0530] {processor.py:925} INFO - DAG(s) 'example_task_group_decorator' retrieved from /home/ubantu/miniconda3/envs/airflow-dev/lib/python3.11/site-packages/airflow/example_dags/example_task_group_decorator.py
[2026-04-21T18:49:17.907+0530] {logging_mixin.py:190} INFO - [2026-04-21T18:49:17.907+0530] {dag.py:3239} INFO - Sync 1 DAGs
[2026-04-21T18:49:17.916+0530] {logging_mixin.py:190} INFO - [2026-04-21T18:49:17.916+0530] {dag.py:4180} INFO - Setting next_dagrun for example_task_group_decorator to None, run_after=None
[2026-04-21T18:49:17.932+0530] {processor.py:208} INFO - Processing /home/ubantu/miniconda3/envs/airflow-dev/lib/python3.11/site-packages/airflow/example_dags/example_task_group_decorator.py took 0.196 seconds
[2026-04-21T18:50:37.514+0530] {processor.py:186} INFO - Started process (PID=5839) to work on /home/ubantu/miniconda3/envs/airflow-dev/lib/python3.11/site-packages/airflow/example_dags/example_task_group_decorator.py
[2026-04-21T18:50:37.515+0530] {processor.py:914} INFO - Processing file /home/ubantu/miniconda3/envs/airflow-dev/lib/python3.11/site-packages/airflow/example_dags/example_task_group_decorator.py for tasks to queue
[2026-04-21T18:50:37.519+0530] {logging_mixin.py:190} INFO - [2026-04-21T18:50:37.518+0530] {dagbag.py:588} INFO - Filling up the DagBag from /home/ubantu/miniconda3/envs/airflow-dev/lib/python3.11/site-packages/airflow/example_dags/example_task_group_decorator.py
[2026-04-21T18:50:37.536+0530] {processor.py:925} INFO - DAG(s) 'example_task_group_decorator' retrieved from /home/ubantu/miniconda3/envs/airflow-dev/lib/python3.11/site-packages/airflow/example_dags/example_task_group_decorator.py
[2026-04-21T18:50:37.555+0530] {logging_mixin.py:190} INFO - [2026-04-21T18:50:37.555+0530] {dag.py:3239} INFO - Sync 1 DAGs
[2026-04-21T18:50:37.565+0530] {logging_mixin.py:190} INFO - [2026-04-21T18:50:37.565+0530] {dag.py:4180} INFO - Setting next_dagrun for example_task_group_decorator to None, run_after=None
[2026-04-21T18:50:37.582+0530] {processor.py:208} INFO - Processing /home/ubantu/miniconda3/envs/airflow-dev/lib/python3.11/site-packages/airflow/example_dags/example_task_group_decorator.py took 0.074 seconds
[2026-04-21T18:51:58.036+0530] {processor.py:186} INFO - Started process (PID=5936) to work on /home/ubantu/miniconda3/envs/airflow-dev/lib/python3.11/site-packages/airflow/example_dags/example_task_group_decorator.py
[2026-04-21T18:51:58.037+0530] {processor.py:914} INFO - Processing file /home/ubantu/miniconda3/envs/airflow-dev/lib/python3.11/site-packages/airflow/example_dags/example_task_group_decorator.py for tasks to queue
[2026-04-21T18:51:58.040+0530] {logging_mixin.py:190} INFO - [2026-04-21T18:51:58.039+0530] {dagbag.py:588} INFO - Filling up the DagBag from /home/ubantu/miniconda3/envs/airflow-dev/lib/python3.11/site-packages/airflow/example_dags/example_task_group_decorator.py
[2026-04-21T18:51:58.057+0530] {processor.py:925} INFO - DAG(s) 'example_task_group_decorator' retrieved from /home/ubantu/miniconda3/envs/airflow-dev/lib/python3.11/site-packages/airflow/example_dags/example_task_group_decorator.py
[2026-04-21T18:51:58.077+0530] {logging_mixin.py:190} INFO - [2026-04-21T18:51:58.077+0530] {dag.py:3239} INFO - Sync 1 DAGs
[2026-04-21T18:51:58.088+0530] {logging_mixin.py:190} INFO - [2026-04-21T18:51:58.088+0530] {dag.py:4180} INFO - Setting next_dagrun for example_task_group_decorator to None, run_after=None
[2026-04-21T18:51:58.104+0530] {processor.py:208} INFO - Processing /home/ubantu/miniconda3/envs/airflow-dev/lib/python3.11/site-packages/airflow/example_dags/example_task_group_decorator.py took 0.074 seconds
[2026-04-21T18:53:16.955+0530] {processor.py:186} INFO - Started process (PID=6049) to work on /home/ubantu/miniconda3/envs/airflow-dev/lib/python3.11/site-packages/airflow/example_dags/example_task_group_decorator.py
[2026-04-21T18:53:16.956+0530] {processor.py:914} INFO - Processing file /home/ubantu/miniconda3/envs/airflow-dev/lib/python3.11/site-packages/airflow/example_dags/example_task_group_decorator.py for tasks to queue
[2026-04-21T18:53:16.958+0530] {logging_mixin.py:190} INFO - [2026-04-21T18:53:16.958+0530] {dagbag.py:588} INFO - Filling up the DagBag from /home/ubantu/miniconda3/envs/airflow-dev/lib/python3.11/site-packages/airflow/example_dags/example_task_group_decorator.py
[2026-04-21T18:53:16.975+0530] {processor.py:925} INFO - DAG(s) 'example_task_group_decorator' retrieved from /home/ubantu/miniconda3/envs/airflow-dev/lib/python3.11/site-packages/airflow/example_dags/example_task_group_decorator.py
[2026-04-21T18:53:16.994+0530] {logging_mixin.py:190} INFO - [2026-04-21T18:53:16.993+0530] {dag.py:3239} INFO - Sync 1 DAGs
[2026-04-21T18:53:17.004+0530] {logging_mixin.py:190} INFO - [2026-04-21T18:53:17.004+0530] {dag.py:4180} INFO - Setting next_dagrun for example_task_group_decorator to None, run_after=None
[2026-04-21T18:53:17.021+0530] {processor.py:208} INFO - Processing /home/ubantu/miniconda3/envs/airflow-dev/lib/python3.11/site-packages/airflow/example_dags/example_task_group_decorator.py took 0.071 seconds
[2026-04-21T18:54:35.505+0530] {processor.py:186} INFO - Started process (PID=6164) to work on /home/ubantu/miniconda3/envs/airflow-dev/lib/python3.11/site-packages/airflow/example_dags/example_task_group_decorator.py
[2026-04-21T18:54:35.506+0530] {processor.py:914} INFO - Processing file /home/ubantu/miniconda3/envs/airflow-dev/lib/python3.11/site-packages/airflow/example_dags/example_task_group_decorator.py for tasks to queue
[2026-04-21T18:54:35.509+0530] {logging_mixin.py:190} INFO - [2026-04-21T18:54:35.508+0530] {dagbag.py:588} INFO - Filling up the DagBag from /home/ubantu/miniconda3/envs/airflow-dev/lib/python3.11/site-packages/airflow/example_dags/example_task_group_decorator.py
[2026-04-21T18:54:35.527+0530] {processor.py:925} INFO - DAG(s) 'example_task_group_decorator' retrieved from /home/ubantu/miniconda3/envs/airflow-dev/lib/python3.11/site-packages/airflow/example_dags/example_task_group_decorator.py
[2026-04-21T18:54:35.546+0530] {logging_mixin.py:190} INFO - [2026-04-21T18:54:35.546+0530] {dag.py:3239} INFO - Sync 1 DAGs
[2026-04-21T18:54:35.557+0530] {logging_mixin.py:190} INFO - [2026-04-21T18:54:35.556+0530] {dag.py:4180} INFO - Setting next_dagrun for example_task_group_decorator to None, run_after=None
[2026-04-21T18:54:35.573+0530] {processor.py:208} INFO - Processing /home/ubantu/miniconda3/envs/airflow-dev/lib/python3.11/site-packages/airflow/example_dags/example_task_group_decorator.py took 0.075 seconds
[2026-04-21T18:55:54.841+0530] {processor.py:186} INFO - Started process (PID=6274) to work on /home/ubantu/miniconda3/envs/airflow-dev/lib/python3.11/site-packages/airflow/example_dags/example_task_group_decorator.py
[2026-04-21T18:55:54.843+0530] {processor.py:914} INFO - Processing file /home/ubantu/miniconda3/envs/airflow-dev/lib/python3.11/site-packages/airflow/example_dags/example_task_group_decorator.py for tasks to queue
[2026-04-21T18:55:54.845+0530] {logging_mixin.py:190} INFO - [2026-04-21T18:55:54.845+0530] {dagbag.py:588} INFO - Filling up the DagBag from /home/ubantu/miniconda3/envs/airflow-dev/lib/python3.11/site-packages/airflow/example_dags/example_task_group_decorator.py
[2026-04-21T18:55:54.868+0530] {processor.py:925} INFO - DAG(s) 'example_task_group_decorator' retrieved from /home/ubantu/miniconda3/envs/airflow-dev/lib/python3.11/site-packages/airflow/example_dags/example_task_group_decorator.py
[2026-04-21T18:55:54.892+0530] {logging_mixin.py:190} INFO - [2026-04-21T18:55:54.891+0530] {dag.py:3239} INFO - Sync 1 DAGs
[2026-04-21T18:55:54.902+0530] {logging_mixin.py:190} INFO - [2026-04-21T18:55:54.902+0530] {dag.py:4180} INFO - Setting next_dagrun for example_task_group_decorator to None, run_after=None
[2026-04-21T18:55:54.920+0530] {processor.py:208} INFO - Processing /home/ubantu/miniconda3/envs/airflow-dev/lib/python3.11/site-packages/airflow/example_dags/example_task_group_decorator.py took 0.087 seconds
[2026-04-21T18:57:13.852+0530] {processor.py:186} INFO - Started process (PID=6385) to work on /home/ubantu/miniconda3/envs/airflow-dev/lib/python3.11/site-packages/airflow/example_dags/example_task_group_decorator.py
[2026-04-21T18:57:13.853+0530] {processor.py:914} INFO - Processing file /home/ubantu/miniconda3/envs/airflow-dev/lib/python3.11/site-packages/airflow/example_dags/example_task_group_decorator.py for tasks to queue
[2026-04-21T18:57:13.855+0530] {logging_mixin.py:190} INFO - [2026-04-21T18:57:13.855+0530] {dagbag.py:588} INFO - Filling up the DagBag from /home/ubantu/miniconda3/envs/airflow-dev/lib/python3.11/site-packages/airflow/example_dags/example_task_group_decorator.py
[2026-04-21T18:57:13.873+0530] {processor.py:925} INFO - DAG(s) 'example_task_group_decorator' retrieved from /home/ubantu/miniconda3/envs/airflow-dev/lib/python3.11/site-packages/airflow/example_dags/example_task_group_decorator.py
[2026-04-21T18:57:13.891+0530] {logging_mixin.py:190} INFO - [2026-04-21T18:57:13.891+0530] {dag.py:3239} INFO - Sync 1 DAGs
[2026-04-21T18:57:13.901+0530] {logging_mixin.py:190} INFO - [2026-04-21T18:57:13.901+0530] {dag.py:4180} INFO - Setting next_dagrun for example_task_group_decorator to None, run_after=None
[2026-04-21T18:57:13.917+0530] {processor.py:208} INFO - Processing /home/ubantu/miniconda3/envs/airflow-dev/lib/python3.11/site-packages/airflow/example_dags/example_task_group_decorator.py took 0.071 seconds
[2026-04-21T19:00:52.195+0530] {processor.py:186} INFO - Started process (PID=6522) to work on /home/ubantu/miniconda3/envs/airflow-dev/lib/python3.11/site-packages/airflow/example_dags/example_task_group_decorator.py
[2026-04-21T19:00:52.196+0530] {processor.py:914} INFO - Processing file /home/ubantu/miniconda3/envs/airflow-dev/lib/python3.11/site-packages/airflow/example_dags/example_task_group_decorator.py for tasks to queue
[2026-04-21T19:00:52.198+0530] {logging_mixin.py:190} INFO - [2026-04-21T19:00:52.197+0530] {dagbag.py:588} INFO - Filling up the DagBag from /home/ubantu/miniconda3/envs/airflow-dev/lib/python3.11/site-packages/airflow/example_dags/example_task_group_decorator.py
[2026-04-21T19:00:52.213+0530] {processor.py:925} INFO - DAG(s) 'example_task_group_decorator' retrieved from /home/ubantu/miniconda3/envs/airflow-dev/lib/python3.11/site-packages/airflow/example_dags/example_task_group_decorator.py
[2026-04-21T19:00:52.234+0530] {logging_mixin.py:190} INFO - [2026-04-21T19:00:52.234+0530] {dag.py:3239} INFO - Sync 1 DAGs
[2026-04-21T19:00:52.243+0530] {logging_mixin.py:190} INFO - [2026-04-21T19:00:52.243+0530] {dag.py:4180} INFO - Setting next_dagrun for example_task_group_decorator to None, run_after=None
[2026-04-21T19:00:52.259+0530] {processor.py:208} INFO - Processing /home/ubantu/miniconda3/envs/airflow-dev/lib/python3.11/site-packages/airflow/example_dags/example_task_group_decorator.py took 0.070 seconds
[2026-04-21T19:02:42.962+0530] {processor.py:186} INFO - Started process (PID=6661) to work on /home/ubantu/miniconda3/envs/airflow-dev/lib/python3.11/site-packages/airflow/example_dags/example_task_group_decorator.py
[2026-04-21T19:02:42.963+0530] {processor.py:914} INFO - Processing file /home/ubantu/miniconda3/envs/airflow-dev/lib/python3.11/site-packages/airflow/example_dags/example_task_group_decorator.py for tasks to queue
[2026-04-21T19:02:42.964+0530] {logging_mixin.py:190} INFO - [2026-04-21T19:02:42.964+0530] {dagbag.py:588} INFO - Filling up the DagBag from /home/ubantu/miniconda3/envs/airflow-dev/lib/python3.11/site-packages/airflow/example_dags/example_task_group_decorator.py
[2026-04-21T19:02:42.980+0530] {processor.py:925} INFO - DAG(s) 'example_task_group_decorator' retrieved from /home/ubantu/miniconda3/envs/airflow-dev/lib/python3.11/site-packages/airflow/example_dags/example_task_group_decorator.py
[2026-04-21T19:02:42.999+0530] {logging_mixin.py:190} INFO - [2026-04-21T19:02:42.999+0530] {dag.py:3239} INFO - Sync 1 DAGs
[2026-04-21T19:02:43.009+0530] {logging_mixin.py:190} INFO - [2026-04-21T19:02:43.009+0530] {dag.py:4180} INFO - Setting next_dagrun for example_task_group_decorator to None, run_after=None
[2026-04-21T19:02:43.025+0530] {processor.py:208} INFO - Processing /home/ubantu/miniconda3/envs/airflow-dev/lib/python3.11/site-packages/airflow/example_dags/example_task_group_decorator.py took 0.070 seconds
[2026-04-21T19:04:04.098+0530] {processor.py:186} INFO - Started process (PID=6776) to work on /home/ubantu/miniconda3/envs/airflow-dev/lib/python3.11/site-packages/airflow/example_dags/example_task_group_decorator.py
[2026-04-21T19:04:04.099+0530] {processor.py:914} INFO - Processing file /home/ubantu/miniconda3/envs/airflow-dev/lib/python3.11/site-packages/airflow/example_dags/example_task_group_decorator.py for tasks to queue
[2026-04-21T19:04:04.100+0530] {logging_mixin.py:190} INFO - [2026-04-21T19:04:04.100+0530] {dagbag.py:588} INFO - Filling up the DagBag from /home/ubantu/miniconda3/envs/airflow-dev/lib/python3.11/site-packages/airflow/example_dags/example_task_group_decorator.py
[2026-04-21T19:04:04.113+0530] {processor.py:925} INFO - DAG(s) 'example_task_group_decorator' retrieved from /home/ubantu/miniconda3/envs/airflow-dev/lib/python3.11/site-packages/airflow/example_dags/example_task_group_decorator.py
[2026-04-21T19:04:04.131+0530] {logging_mixin.py:190} INFO - [2026-04-21T19:04:04.131+0530] {dag.py:3239} INFO - Sync 1 DAGs
[2026-04-21T19:04:04.141+0530] {logging_mixin.py:190} INFO - [2026-04-21T19:04:04.141+0530] {dag.py:4180} INFO - Setting next_dagrun for example_task_group_decorator to None, run_after=None
[2026-04-21T19:04:04.159+0530] {processor.py:208} INFO - Processing /home/ubantu/miniconda3/envs/airflow-dev/lib/python3.11/site-packages/airflow/example_dags/example_task_group_decorator.py took 0.066 seconds
[2026-04-21T19:05:26.409+0530] {processor.py:186} INFO - Started process (PID=6818) to work on /home/ubantu/miniconda3/envs/airflow-dev/lib/python3.11/site-packages/airflow/example_dags/example_task_group_decorator.py
[2026-04-21T19:05:26.410+0530] {processor.py:914} INFO - Processing file /home/ubantu/miniconda3/envs/airflow-dev/lib/python3.11/site-packages/airflow/example_dags/example_task_group_decorator.py for tasks to queue
[2026-04-21T19:05:26.412+0530] {logging_mixin.py:190} INFO - [2026-04-21T19:05:26.411+0530] {dagbag.py:588} INFO - Filling up the DagBag from /home/ubantu/miniconda3/envs/airflow-dev/lib/python3.11/site-packages/airflow/example_dags/example_task_group_decorator.py
[2026-04-21T19:05:26.426+0530] {processor.py:925} INFO - DAG(s) 'example_task_group_decorator' retrieved from /home/ubantu/miniconda3/envs/airflow-dev/lib/python3.11/site-packages/airflow/example_dags/example_task_group_decorator.py
[2026-04-21T19:05:26.447+0530] {logging_mixin.py:190} INFO - [2026-04-21T19:05:26.447+0530] {dag.py:3239} INFO - Sync 1 DAGs
[2026-04-21T19:05:26.458+0530] {logging_mixin.py:190} INFO - [2026-04-21T19:05:26.457+0530] {dag.py:4180} INFO - Setting next_dagrun for example_task_group_decorator to None, run_after=None
[2026-04-21T19:05:26.474+0530] {processor.py:208} INFO - Processing /home/ubantu/miniconda3/envs/airflow-dev/lib/python3.11/site-packages/airflow/example_dags/example_task_group_decorator.py took 0.071 seconds
[2026-04-21T19:07:14.867+0530] {processor.py:186} INFO - Started process (PID=6975) to work on /home/ubantu/miniconda3/envs/airflow-dev/lib/python3.11/site-packages/airflow/example_dags/example_task_group_decorator.py
[2026-04-21T19:07:14.868+0530] {processor.py:914} INFO - Processing file /home/ubantu/miniconda3/envs/airflow-dev/lib/python3.11/site-packages/airflow/example_dags/example_task_group_decorator.py for tasks to queue
[2026-04-21T19:07:14.870+0530] {logging_mixin.py:190} INFO - [2026-04-21T19:07:14.869+0530] {dagbag.py:588} INFO - Filling up the DagBag from /home/ubantu/miniconda3/envs/airflow-dev/lib/python3.11/site-packages/airflow/example_dags/example_task_group_decorator.py
[2026-04-21T19:07:14.888+0530] {processor.py:925} INFO - DAG(s) 'example_task_group_decorator' retrieved from /home/ubantu/miniconda3/envs/airflow-dev/lib/python3.11/site-packages/airflow/example_dags/example_task_group_decorator.py
[2026-04-21T19:07:14.909+0530] {logging_mixin.py:190} INFO - [2026-04-21T19:07:14.909+0530] {dag.py:3239} INFO - Sync 1 DAGs
[2026-04-21T19:07:14.921+0530] {logging_mixin.py:190} INFO - [2026-04-21T19:07:14.921+0530] {dag.py:4180} INFO - Setting next_dagrun for example_task_group_decorator to None, run_after=None
[2026-04-21T19:07:14.946+0530] {processor.py:208} INFO - Processing /home/ubantu/miniconda3/envs/airflow-dev/lib/python3.11/site-packages/airflow/example_dags/example_task_group_decorator.py took 0.087 seconds
[2026-04-21T19:08:33.229+0530] {processor.py:186} INFO - Started process (PID=7081) to work on /home/ubantu/miniconda3/envs/airflow-dev/lib/python3.11/site-packages/airflow/example_dags/example_task_group_decorator.py
[2026-04-21T19:08:33.230+0530] {processor.py:914} INFO - Processing file /home/ubantu/miniconda3/envs/airflow-dev/lib/python3.11/site-packages/airflow/example_dags/example_task_group_decorator.py for tasks to queue
[2026-04-21T19:08:33.231+0530] {logging_mixin.py:190} INFO - [2026-04-21T19:08:33.231+0530] {dagbag.py:588} INFO - Filling up the DagBag from /home/ubantu/miniconda3/envs/airflow-dev/lib/python3.11/site-packages/airflow/example_dags/example_task_group_decorator.py
[2026-04-21T19:08:33.246+0530] {processor.py:925} INFO - DAG(s) 'example_task_group_decorator' retrieved from /home/ubantu/miniconda3/envs/airflow-dev/lib/python3.11/site-packages/airflow/example_dags/example_task_group_decorator.py
[2026-04-21T19:08:33.268+0530] {logging_mixin.py:190} INFO - [2026-04-21T19:08:33.268+0530] {dag.py:3239} INFO - Sync 1 DAGs
[2026-04-21T19:08:33.279+0530] {logging_mixin.py:190} INFO - [2026-04-21T19:08:33.279+0530] {dag.py:4180} INFO - Setting next_dagrun for example_task_group_decorator to None, run_after=None
[2026-04-21T19:08:33.300+0530] {processor.py:208} INFO - Processing /home/ubantu/miniconda3/envs/airflow-dev/lib/python3.11/site-packages/airflow/example_dags/example_task_group_decorator.py took 0.076 seconds
[2026-04-21T19:09:51.997+0530] {processor.py:186} INFO - Started process (PID=7180) to work on /home/ubantu/miniconda3/envs/airflow-dev/lib/python3.11/site-packages/airflow/example_dags/example_task_group_decorator.py
[2026-04-21T19:09:51.998+0530] {processor.py:914} INFO - Processing file /home/ubantu/miniconda3/envs/airflow-dev/lib/python3.11/site-packages/airflow/example_dags/example_task_group_decorator.py for tasks to queue
[2026-04-21T19:09:52.000+0530] {logging_mixin.py:190} INFO - [2026-04-21T19:09:51.999+0530] {dagbag.py:588} INFO - Filling up the DagBag from /home/ubantu/miniconda3/envs/airflow-dev/lib/python3.11/site-packages/airflow/example_dags/example_task_group_decorator.py
[2026-04-21T19:09:52.015+0530] {processor.py:925} INFO - DAG(s) 'example_task_group_decorator' retrieved from /home/ubantu/miniconda3/envs/airflow-dev/lib/python3.11/site-packages/airflow/example_dags/example_task_group_decorator.py
[2026-04-21T19:09:52.036+0530] {logging_mixin.py:190} INFO - [2026-04-21T19:09:52.036+0530] {dag.py:3239} INFO - Sync 1 DAGs
[2026-04-21T19:09:52.047+0530] {logging_mixin.py:190} INFO - [2026-04-21T19:09:52.047+0530] {dag.py:4180} INFO - Setting next_dagrun for example_task_group_decorator to None, run_after=None
[2026-04-21T19:09:52.063+0530] {processor.py:208} INFO - Processing /home/ubantu/miniconda3/envs/airflow-dev/lib/python3.11/site-packages/airflow/example_dags/example_task_group_decorator.py took 0.072 seconds
[2026-04-21T19:11:09.581+0530] {processor.py:186} INFO - Started process (PID=7284) to work on /home/ubantu/miniconda3/envs/airflow-dev/lib/python3.11/site-packages/airflow/example_dags/example_task_group_decorator.py
[2026-04-21T19:11:09.582+0530] {processor.py:914} INFO - Processing file /home/ubantu/miniconda3/envs/airflow-dev/lib/python3.11/site-packages/airflow/example_dags/example_task_group_decorator.py for tasks to queue
[2026-04-21T19:11:09.583+0530] {logging_mixin.py:190} INFO - [2026-04-21T19:11:09.583+0530] {dagbag.py:588} INFO - Filling up the DagBag from /home/ubantu/miniconda3/envs/airflow-dev/lib/python3.11/site-packages/airflow/example_dags/example_task_group_decorator.py
[2026-04-21T19:11:09.597+0530] {processor.py:925} INFO - DAG(s) 'example_task_group_decorator' retrieved from /home/ubantu/miniconda3/envs/airflow-dev/lib/python3.11/site-packages/airflow/example_dags/example_task_group_decorator.py
[2026-04-21T19:11:09.615+0530] {logging_mixin.py:190} INFO - [2026-04-21T19:11:09.615+0530] {dag.py:3239} INFO - Sync 1 DAGs
[2026-04-21T19:11:09.626+0530] {logging_mixin.py:190} INFO - [2026-04-21T19:11:09.625+0530] {dag.py:4180} INFO - Setting next_dagrun for example_task_group_decorator to None, run_after=None
[2026-04-21T19:11:09.642+0530] {processor.py:208} INFO - Processing /home/ubantu/miniconda3/envs/airflow-dev/lib/python3.11/site-packages/airflow/example_dags/example_task_group_decorator.py took 0.068 seconds
[2026-04-21T19:12:27.763+0530] {processor.py:186} INFO - Started process (PID=7378) to work on /home/ubantu/miniconda3/envs/airflow-dev/lib/python3.11/site-packages/airflow/example_dags/example_task_group_decorator.py
[2026-04-21T19:12:27.764+0530] {processor.py:914} INFO - Processing file /home/ubantu/miniconda3/envs/airflow-dev/lib/python3.11/site-packages/airflow/example_dags/example_task_group_decorator.py for tasks to queue
[2026-04-21T19:12:27.765+0530] {logging_mixin.py:190} INFO - [2026-04-21T19:12:27.765+0530] {dagbag.py:588} INFO - Filling up the DagBag from /home/ubantu/miniconda3/envs/airflow-dev/lib/python3.11/site-packages/airflow/example_dags/example_task_group_decorator.py
[2026-04-21T19:12:27.780+0530] {processor.py:925} INFO - DAG(s) 'example_task_group_decorator' retrieved from /home/ubantu/miniconda3/envs/airflow-dev/lib/python3.11/site-packages/airflow/example_dags/example_task_group_decorator.py
[2026-04-21T19:12:27.799+0530] {logging_mixin.py:190} INFO - [2026-04-21T19:12:27.799+0530] {dag.py:3239} INFO - Sync 1 DAGs
[2026-04-21T19:12:27.808+0530] {logging_mixin.py:190} INFO - [2026-04-21T19:12:27.808+0530] {dag.py:4180} INFO - Setting next_dagrun for example_task_group_decorator to None, run_after=None
[2026-04-21T19:12:27.824+0530] {processor.py:208} INFO - Processing /home/ubantu/miniconda3/envs/airflow-dev/lib/python3.11/site-packages/airflow/example_dags/example_task_group_decorator.py took 0.067 seconds
[2026-04-21T19:13:47.831+0530] {processor.py:186} INFO - Started process (PID=7500) to work on /home/ubantu/miniconda3/envs/airflow-dev/lib/python3.11/site-packages/airflow/example_dags/example_task_group_decorator.py
[2026-04-21T19:13:47.832+0530] {processor.py:914} INFO - Processing file /home/ubantu/miniconda3/envs/airflow-dev/lib/python3.11/site-packages/airflow/example_dags/example_task_group_decorator.py for tasks to queue
[2026-04-21T19:13:47.834+0530] {logging_mixin.py:190} INFO - [2026-04-21T19:13:47.833+0530] {dagbag.py:588} INFO - Filling up the DagBag from /home/ubantu/miniconda3/envs/airflow-dev/lib/python3.11/site-packages/airflow/example_dags/example_task_group_decorator.py
[2026-04-21T19:13:47.849+0530] {processor.py:925} INFO - DAG(s) 'example_task_group_decorator' retrieved from /home/ubantu/miniconda3/envs/airflow-dev/lib/python3.11/site-packages/airflow/example_dags/example_task_group_decorator.py
[2026-04-21T19:13:47.869+0530] {logging_mixin.py:190} INFO - [2026-04-21T19:13:47.869+0530] {dag.py:3239} INFO - Sync 1 DAGs
[2026-04-21T19:13:47.879+0530] {logging_mixin.py:190} INFO - [2026-04-21T19:13:47.879+0530] {dag.py:4180} INFO - Setting next_dagrun for example_task_group_decorator to None, run_after=None
[2026-04-21T19:13:47.898+0530] {processor.py:208} INFO - Processing /home/ubantu/miniconda3/envs/airflow-dev/lib/python3.11/site-packages/airflow/example_dags/example_task_group_decorator.py took 0.074 seconds
[2026-04-21T19:15:11.292+0530] {processor.py:186} INFO - Started process (PID=7614) to work on /home/ubantu/miniconda3/envs/airflow-dev/lib/python3.11/site-packages/airflow/example_dags/example_task_group_decorator.py
[2026-04-21T19:15:11.294+0530] {processor.py:914} INFO - Processing file /home/ubantu/miniconda3/envs/airflow-dev/lib/python3.11/site-packages/airflow/example_dags/example_task_group_decorator.py for tasks to queue
[2026-04-21T19:15:11.296+0530] {logging_mixin.py:190} INFO - [2026-04-21T19:15:11.295+0530] {dagbag.py:588} INFO - Filling up the DagBag from /home/ubantu/miniconda3/envs/airflow-dev/lib/python3.11/site-packages/airflow/example_dags/example_task_group_decorator.py
[2026-04-21T19:15:11.316+0530] {processor.py:925} INFO - DAG(s) 'example_task_group_decorator' retrieved from /home/ubantu/miniconda3/envs/airflow-dev/lib/python3.11/site-packages/airflow/example_dags/example_task_group_decorator.py
[2026-04-21T19:15:11.345+0530] {logging_mixin.py:190} INFO - [2026-04-21T19:15:11.345+0530] {dag.py:3239} INFO - Sync 1 DAGs
[2026-04-21T19:15:11.358+0530] {logging_mixin.py:190} INFO - [2026-04-21T19:15:11.358+0530] {dag.py:4180} INFO - Setting next_dagrun for example_task_group_decorator to None, run_after=None
[2026-04-21T19:15:11.375+0530] {processor.py:208} INFO - Processing /home/ubantu/miniconda3/envs/airflow-dev/lib/python3.11/site-packages/airflow/example_dags/example_task_group_decorator.py took 0.091 seconds
[2026-04-21T19:16:28.484+0530] {processor.py:186} INFO - Started process (PID=7773) to work on /home/ubantu/miniconda3/envs/airflow-dev/lib/python3.11/site-packages/airflow/example_dags/example_task_group_decorator.py
[2026-04-21T19:16:28.485+0530] {processor.py:914} INFO - Processing file /home/ubantu/miniconda3/envs/airflow-dev/lib/python3.11/site-packages/airflow/example_dags/example_task_group_decorator.py for tasks to queue
[2026-04-21T19:16:28.486+0530] {logging_mixin.py:190} INFO - [2026-04-21T19:16:28.486+0530] {dagbag.py:588} INFO - Filling up the DagBag from /home/ubantu/miniconda3/envs/airflow-dev/lib/python3.11/site-packages/airflow/example_dags/example_task_group_decorator.py
[2026-04-21T19:16:28.501+0530] {processor.py:925} INFO - DAG(s) 'example_task_group_decorator' retrieved from /home/ubantu/miniconda3/envs/airflow-dev/lib/python3.11/site-packages/airflow/example_dags/example_task_group_decorator.py
[2026-04-21T19:16:28.521+0530] {logging_mixin.py:190} INFO - [2026-04-21T19:16:28.520+0530] {dag.py:3239} INFO - Sync 1 DAGs
[2026-04-21T19:16:28.531+0530] {logging_mixin.py:190} INFO - [2026-04-21T19:16:28.531+0530] {dag.py:4180} INFO - Setting next_dagrun for example_task_group_decorator to None, run_after=None
[2026-04-21T19:16:28.547+0530] {processor.py:208} INFO - Processing /home/ubantu/miniconda3/envs/airflow-dev/lib/python3.11/site-packages/airflow/example_dags/example_task_group_decorator.py took 0.070 seconds
[2026-04-21T19:22:15.611+0530] {processor.py:186} INFO - Started process (PID=8323) to work on /home/ubantu/airflow-src/airflow/example_dags/example_task_group_decorator.py
[2026-04-21T19:22:15.612+0530] {processor.py:914} INFO - Processing file /home/ubantu/airflow-src/airflow/example_dags/example_task_group_decorator.py for tasks to queue
[2026-04-21T19:22:15.614+0530] {logging_mixin.py:190} INFO - [2026-04-21T19:22:15.613+0530] {dagbag.py:588} INFO - Filling up the DagBag from /home/ubantu/airflow-src/airflow/example_dags/example_task_group_decorator.py
[2026-04-21T19:22:15.630+0530] {processor.py:925} INFO - DAG(s) 'example_task_group_decorator' retrieved from /home/ubantu/airflow-src/airflow/example_dags/example_task_group_decorator.py
[2026-04-21T19:22:15.691+0530] {logging_mixin.py:190} INFO - [2026-04-21T19:22:15.690+0530] {dag.py:3239} INFO - Sync 1 DAGs
[2026-04-21T19:22:15.700+0530] {logging_mixin.py:190} INFO - [2026-04-21T19:22:15.700+0530] {dag.py:4180} INFO - Setting next_dagrun for example_task_group_decorator to None, run_after=None
[2026-04-21T19:22:15.717+0530] {processor.py:208} INFO - Processing /home/ubantu/airflow-src/airflow/example_dags/example_task_group_decorator.py took 0.112 seconds
[2026-04-21T19:24:09.987+0530] {processor.py:186} INFO - Started process (PID=8454) to work on /home/ubantu/airflow-src/airflow/example_dags/example_task_group_decorator.py
[2026-04-21T19:24:09.988+0530] {processor.py:914} INFO - Processing file /home/ubantu/airflow-src/airflow/example_dags/example_task_group_decorator.py for tasks to queue
[2026-04-21T19:24:09.989+0530] {logging_mixin.py:190} INFO - [2026-04-21T19:24:09.989+0530] {dagbag.py:588} INFO - Filling up the DagBag from /home/ubantu/airflow-src/airflow/example_dags/example_task_group_decorator.py
[2026-04-21T19:24:10.002+0530] {processor.py:925} INFO - DAG(s) 'example_task_group_decorator' retrieved from /home/ubantu/airflow-src/airflow/example_dags/example_task_group_decorator.py
[2026-04-21T19:24:10.019+0530] {logging_mixin.py:190} INFO - [2026-04-21T19:24:10.019+0530] {dag.py:3239} INFO - Sync 1 DAGs
[2026-04-21T19:24:10.030+0530] {logging_mixin.py:190} INFO - [2026-04-21T19:24:10.029+0530] {dag.py:4180} INFO - Setting next_dagrun for example_task_group_decorator to None, run_after=None
[2026-04-21T19:24:10.047+0530] {processor.py:208} INFO - Processing /home/ubantu/airflow-src/airflow/example_dags/example_task_group_decorator.py took 0.066 seconds
