[2026-04-21T18:46:26.017+0530] {processor.py:186} INFO - Started process (PID=5456) to work on /home/ubantu/miniconda3/envs/airflow-dev/lib/python3.11/site-packages/airflow/example_dags/example_dynamic_task_mapping.py
[2026-04-21T18:46:26.018+0530] {processor.py:914} INFO - Processing file /home/ubantu/miniconda3/envs/airflow-dev/lib/python3.11/site-packages/airflow/example_dags/example_dynamic_task_mapping.py for tasks to queue
[2026-04-21T18:46:26.022+0530] {logging_mixin.py:190} INFO - [2026-04-21T18:46:26.020+0530] {dagbag.py:588} INFO - Filling up the DagBag from /home/ubantu/miniconda3/envs/airflow-dev/lib/python3.11/site-packages/airflow/example_dags/example_dynamic_task_mapping.py
[2026-04-21T18:46:26.033+0530] {processor.py:925} INFO - DAG(s) 'example_dynamic_task_mapping' retrieved from /home/ubantu/miniconda3/envs/airflow-dev/lib/python3.11/site-packages/airflow/example_dags/example_dynamic_task_mapping.py
[2026-04-21T18:46:26.123+0530] {logging_mixin.py:190} INFO - [2026-04-21T18:46:26.123+0530] {dag.py:3239} INFO - Sync 1 DAGs
[2026-04-21T18:46:26.133+0530] {logging_mixin.py:190} INFO - [2026-04-21T18:46:26.132+0530] {dag.py:4180} INFO - Setting next_dagrun for example_dynamic_task_mapping to None, run_after=None
[2026-04-21T18:46:26.151+0530] {processor.py:208} INFO - Processing /home/ubantu/miniconda3/envs/airflow-dev/lib/python3.11/site-packages/airflow/example_dags/example_dynamic_task_mapping.py took 0.141 seconds
[2026-04-21T18:48:18.837+0530] {processor.py:186} INFO - Started process (PID=5643) to work on /home/ubantu/miniconda3/envs/airflow-dev/lib/python3.11/site-packages/airflow/example_dags/example_dynamic_task_mapping.py
[2026-04-21T18:48:18.838+0530] {processor.py:914} INFO - Processing file /home/ubantu/miniconda3/envs/airflow-dev/lib/python3.11/site-packages/airflow/example_dags/example_dynamic_task_mapping.py for tasks to queue
[2026-04-21T18:48:18.840+0530] {logging_mixin.py:190} INFO - [2026-04-21T18:48:18.840+0530] {dagbag.py:588} INFO - Filling up the DagBag from /home/ubantu/miniconda3/envs/airflow-dev/lib/python3.11/site-packages/airflow/example_dags/example_dynamic_task_mapping.py
[2026-04-21T18:48:18.849+0530] {processor.py:925} INFO - DAG(s) 'example_dynamic_task_mapping' retrieved from /home/ubantu/miniconda3/envs/airflow-dev/lib/python3.11/site-packages/airflow/example_dags/example_dynamic_task_mapping.py
[2026-04-21T18:48:18.863+0530] {logging_mixin.py:190} INFO - [2026-04-21T18:48:18.863+0530] {dag.py:3239} INFO - Sync 1 DAGs
[2026-04-21T18:48:18.873+0530] {logging_mixin.py:190} INFO - [2026-04-21T18:48:18.873+0530] {dag.py:4180} INFO - Setting next_dagrun for example_dynamic_task_mapping to None, run_after=None
[2026-04-21T18:48:18.890+0530] {processor.py:208} INFO - Processing /home/ubantu/miniconda3/envs/airflow-dev/lib/python3.11/site-packages/airflow/example_dags/example_dynamic_task_mapping.py took 0.058 seconds
[2026-04-21T18:49:43.932+0530] {processor.py:186} INFO - Started process (PID=5758) to work on /home/ubantu/miniconda3/envs/airflow-dev/lib/python3.11/site-packages/airflow/example_dags/example_dynamic_task_mapping.py
[2026-04-21T18:49:43.933+0530] {processor.py:914} INFO - Processing file /home/ubantu/miniconda3/envs/airflow-dev/lib/python3.11/site-packages/airflow/example_dags/example_dynamic_task_mapping.py for tasks to queue
[2026-04-21T18:49:43.936+0530] {logging_mixin.py:190} INFO - [2026-04-21T18:49:43.935+0530] {dagbag.py:588} INFO - Filling up the DagBag from /home/ubantu/miniconda3/envs/airflow-dev/lib/python3.11/site-packages/airflow/example_dags/example_dynamic_task_mapping.py
[2026-04-21T18:49:43.945+0530] {processor.py:925} INFO - DAG(s) 'example_dynamic_task_mapping' retrieved from /home/ubantu/miniconda3/envs/airflow-dev/lib/python3.11/site-packages/airflow/example_dags/example_dynamic_task_mapping.py
[2026-04-21T18:49:43.962+0530] {logging_mixin.py:190} INFO - [2026-04-21T18:49:43.962+0530] {dag.py:3239} INFO - Sync 1 DAGs
[2026-04-21T18:49:43.974+0530] {logging_mixin.py:190} INFO - [2026-04-21T18:49:43.973+0530] {dag.py:4180} INFO - Setting next_dagrun for example_dynamic_task_mapping to None, run_after=None
[2026-04-21T18:49:43.990+0530] {processor.py:208} INFO - Processing /home/ubantu/miniconda3/envs/airflow-dev/lib/python3.11/site-packages/airflow/example_dags/example_dynamic_task_mapping.py took 0.066 seconds
[2026-04-21T18:51:04.957+0530] {processor.py:186} INFO - Started process (PID=5868) to work on /home/ubantu/miniconda3/envs/airflow-dev/lib/python3.11/site-packages/airflow/example_dags/example_dynamic_task_mapping.py
[2026-04-21T18:51:04.958+0530] {processor.py:914} INFO - Processing file /home/ubantu/miniconda3/envs/airflow-dev/lib/python3.11/site-packages/airflow/example_dags/example_dynamic_task_mapping.py for tasks to queue
[2026-04-21T18:51:04.960+0530] {logging_mixin.py:190} INFO - [2026-04-21T18:51:04.960+0530] {dagbag.py:588} INFO - Filling up the DagBag from /home/ubantu/miniconda3/envs/airflow-dev/lib/python3.11/site-packages/airflow/example_dags/example_dynamic_task_mapping.py
[2026-04-21T18:51:04.969+0530] {processor.py:925} INFO - DAG(s) 'example_dynamic_task_mapping' retrieved from /home/ubantu/miniconda3/envs/airflow-dev/lib/python3.11/site-packages/airflow/example_dags/example_dynamic_task_mapping.py
[2026-04-21T18:51:04.986+0530] {logging_mixin.py:190} INFO - [2026-04-21T18:51:04.986+0530] {dag.py:3239} INFO - Sync 1 DAGs
[2026-04-21T18:51:04.998+0530] {logging_mixin.py:190} INFO - [2026-04-21T18:51:04.998+0530] {dag.py:4180} INFO - Setting next_dagrun for example_dynamic_task_mapping to None, run_after=None
[2026-04-21T18:51:05.016+0530] {processor.py:208} INFO - Processing /home/ubantu/miniconda3/envs/airflow-dev/lib/python3.11/site-packages/airflow/example_dags/example_dynamic_task_mapping.py took 0.065 seconds
[2026-04-21T18:52:24.223+0530] {processor.py:186} INFO - Started process (PID=5974) to work on /home/ubantu/miniconda3/envs/airflow-dev/lib/python3.11/site-packages/airflow/example_dags/example_dynamic_task_mapping.py
[2026-04-21T18:52:24.224+0530] {processor.py:914} INFO - Processing file /home/ubantu/miniconda3/envs/airflow-dev/lib/python3.11/site-packages/airflow/example_dags/example_dynamic_task_mapping.py for tasks to queue
[2026-04-21T18:52:24.226+0530] {logging_mixin.py:190} INFO - [2026-04-21T18:52:24.226+0530] {dagbag.py:588} INFO - Filling up the DagBag from /home/ubantu/miniconda3/envs/airflow-dev/lib/python3.11/site-packages/airflow/example_dags/example_dynamic_task_mapping.py
[2026-04-21T18:52:24.236+0530] {processor.py:925} INFO - DAG(s) 'example_dynamic_task_mapping' retrieved from /home/ubantu/miniconda3/envs/airflow-dev/lib/python3.11/site-packages/airflow/example_dags/example_dynamic_task_mapping.py
[2026-04-21T18:52:24.252+0530] {logging_mixin.py:190} INFO - [2026-04-21T18:52:24.252+0530] {dag.py:3239} INFO - Sync 1 DAGs
[2026-04-21T18:52:24.264+0530] {logging_mixin.py:190} INFO - [2026-04-21T18:52:24.264+0530] {dag.py:4180} INFO - Setting next_dagrun for example_dynamic_task_mapping to None, run_after=None
[2026-04-21T18:52:24.281+0530] {processor.py:208} INFO - Processing /home/ubantu/miniconda3/envs/airflow-dev/lib/python3.11/site-packages/airflow/example_dags/example_dynamic_task_mapping.py took 0.065 seconds
[2026-04-21T18:53:40.899+0530] {processor.py:186} INFO - Started process (PID=6082) to work on /home/ubantu/miniconda3/envs/airflow-dev/lib/python3.11/site-packages/airflow/example_dags/example_dynamic_task_mapping.py
[2026-04-21T18:53:40.900+0530] {processor.py:914} INFO - Processing file /home/ubantu/miniconda3/envs/airflow-dev/lib/python3.11/site-packages/airflow/example_dags/example_dynamic_task_mapping.py for tasks to queue
[2026-04-21T18:53:40.902+0530] {logging_mixin.py:190} INFO - [2026-04-21T18:53:40.902+0530] {dagbag.py:588} INFO - Filling up the DagBag from /home/ubantu/miniconda3/envs/airflow-dev/lib/python3.11/site-packages/airflow/example_dags/example_dynamic_task_mapping.py
[2026-04-21T18:53:40.910+0530] {processor.py:925} INFO - DAG(s) 'example_dynamic_task_mapping' retrieved from /home/ubantu/miniconda3/envs/airflow-dev/lib/python3.11/site-packages/airflow/example_dags/example_dynamic_task_mapping.py
[2026-04-21T18:53:40.925+0530] {logging_mixin.py:190} INFO - [2026-04-21T18:53:40.925+0530] {dag.py:3239} INFO - Sync 1 DAGs
[2026-04-21T18:53:40.937+0530] {logging_mixin.py:190} INFO - [2026-04-21T18:53:40.937+0530] {dag.py:4180} INFO - Setting next_dagrun for example_dynamic_task_mapping to None, run_after=None
[2026-04-21T18:53:40.957+0530] {processor.py:208} INFO - Processing /home/ubantu/miniconda3/envs/airflow-dev/lib/python3.11/site-packages/airflow/example_dags/example_dynamic_task_mapping.py took 0.064 seconds
[2026-04-21T18:54:59.742+0530] {processor.py:186} INFO - Started process (PID=6201) to work on /home/ubantu/miniconda3/envs/airflow-dev/lib/python3.11/site-packages/airflow/example_dags/example_dynamic_task_mapping.py
[2026-04-21T18:54:59.743+0530] {processor.py:914} INFO - Processing file /home/ubantu/miniconda3/envs/airflow-dev/lib/python3.11/site-packages/airflow/example_dags/example_dynamic_task_mapping.py for tasks to queue
[2026-04-21T18:54:59.745+0530] {logging_mixin.py:190} INFO - [2026-04-21T18:54:59.745+0530] {dagbag.py:588} INFO - Filling up the DagBag from /home/ubantu/miniconda3/envs/airflow-dev/lib/python3.11/site-packages/airflow/example_dags/example_dynamic_task_mapping.py
[2026-04-21T18:54:59.754+0530] {processor.py:925} INFO - DAG(s) 'example_dynamic_task_mapping' retrieved from /home/ubantu/miniconda3/envs/airflow-dev/lib/python3.11/site-packages/airflow/example_dags/example_dynamic_task_mapping.py
[2026-04-21T18:54:59.770+0530] {logging_mixin.py:190} INFO - [2026-04-21T18:54:59.769+0530] {dag.py:3239} INFO - Sync 1 DAGs
[2026-04-21T18:54:59.781+0530] {logging_mixin.py:190} INFO - [2026-04-21T18:54:59.780+0530] {dag.py:4180} INFO - Setting next_dagrun for example_dynamic_task_mapping to None, run_after=None
[2026-04-21T18:54:59.797+0530] {processor.py:208} INFO - Processing /home/ubantu/miniconda3/envs/airflow-dev/lib/python3.11/site-packages/airflow/example_dags/example_dynamic_task_mapping.py took 0.062 seconds
[2026-04-21T18:56:20.893+0530] {processor.py:186} INFO - Started process (PID=6326) to work on /home/ubantu/miniconda3/envs/airflow-dev/lib/python3.11/site-packages/airflow/example_dags/example_dynamic_task_mapping.py
[2026-04-21T18:56:20.895+0530] {processor.py:914} INFO - Processing file /home/ubantu/miniconda3/envs/airflow-dev/lib/python3.11/site-packages/airflow/example_dags/example_dynamic_task_mapping.py for tasks to queue
[2026-04-21T18:56:20.897+0530] {logging_mixin.py:190} INFO - [2026-04-21T18:56:20.897+0530] {dagbag.py:588} INFO - Filling up the DagBag from /home/ubantu/miniconda3/envs/airflow-dev/lib/python3.11/site-packages/airflow/example_dags/example_dynamic_task_mapping.py
[2026-04-21T18:56:20.909+0530] {processor.py:925} INFO - DAG(s) 'example_dynamic_task_mapping' retrieved from /home/ubantu/miniconda3/envs/airflow-dev/lib/python3.11/site-packages/airflow/example_dags/example_dynamic_task_mapping.py
[2026-04-21T18:56:20.928+0530] {logging_mixin.py:190} INFO - [2026-04-21T18:56:20.928+0530] {dag.py:3239} INFO - Sync 1 DAGs
[2026-04-21T18:56:20.943+0530] {logging_mixin.py:190} INFO - [2026-04-21T18:56:20.943+0530] {dag.py:4180} INFO - Setting next_dagrun for example_dynamic_task_mapping to None, run_after=None
[2026-04-21T18:56:20.963+0530] {processor.py:208} INFO - Processing /home/ubantu/miniconda3/envs/airflow-dev/lib/python3.11/site-packages/airflow/example_dags/example_dynamic_task_mapping.py took 0.078 seconds
[2026-04-21T19:01:17.980+0530] {processor.py:186} INFO - Started process (PID=6551) to work on /home/ubantu/miniconda3/envs/airflow-dev/lib/python3.11/site-packages/airflow/example_dags/example_dynamic_task_mapping.py
[2026-04-21T19:01:17.981+0530] {processor.py:914} INFO - Processing file /home/ubantu/miniconda3/envs/airflow-dev/lib/python3.11/site-packages/airflow/example_dags/example_dynamic_task_mapping.py for tasks to queue
[2026-04-21T19:01:17.983+0530] {logging_mixin.py:190} INFO - [2026-04-21T19:01:17.982+0530] {dagbag.py:588} INFO - Filling up the DagBag from /home/ubantu/miniconda3/envs/airflow-dev/lib/python3.11/site-packages/airflow/example_dags/example_dynamic_task_mapping.py
[2026-04-21T19:01:17.990+0530] {processor.py:925} INFO - DAG(s) 'example_dynamic_task_mapping' retrieved from /home/ubantu/miniconda3/envs/airflow-dev/lib/python3.11/site-packages/airflow/example_dags/example_dynamic_task_mapping.py
[2026-04-21T19:01:18.005+0530] {logging_mixin.py:190} INFO - [2026-04-21T19:01:18.004+0530] {dag.py:3239} INFO - Sync 1 DAGs
[2026-04-21T19:01:18.018+0530] {logging_mixin.py:190} INFO - [2026-04-21T19:01:18.018+0530] {dag.py:4180} INFO - Setting next_dagrun for example_dynamic_task_mapping to None, run_after=None
[2026-04-21T19:01:18.036+0530] {processor.py:208} INFO - Processing /home/ubantu/miniconda3/envs/airflow-dev/lib/python3.11/site-packages/airflow/example_dags/example_dynamic_task_mapping.py took 0.062 seconds
[2026-04-21T19:03:07.559+0530] {processor.py:186} INFO - Started process (PID=6695) to work on /home/ubantu/miniconda3/envs/airflow-dev/lib/python3.11/site-packages/airflow/example_dags/example_dynamic_task_mapping.py
[2026-04-21T19:03:07.560+0530] {processor.py:914} INFO - Processing file /home/ubantu/miniconda3/envs/airflow-dev/lib/python3.11/site-packages/airflow/example_dags/example_dynamic_task_mapping.py for tasks to queue
[2026-04-21T19:03:07.561+0530] {logging_mixin.py:190} INFO - [2026-04-21T19:03:07.560+0530] {dagbag.py:588} INFO - Filling up the DagBag from /home/ubantu/miniconda3/envs/airflow-dev/lib/python3.11/site-packages/airflow/example_dags/example_dynamic_task_mapping.py
[2026-04-21T19:03:07.568+0530] {processor.py:925} INFO - DAG(s) 'example_dynamic_task_mapping' retrieved from /home/ubantu/miniconda3/envs/airflow-dev/lib/python3.11/site-packages/airflow/example_dags/example_dynamic_task_mapping.py
[2026-04-21T19:03:07.585+0530] {logging_mixin.py:190} INFO - [2026-04-21T19:03:07.585+0530] {dag.py:3239} INFO - Sync 1 DAGs
[2026-04-21T19:03:07.597+0530] {logging_mixin.py:190} INFO - [2026-04-21T19:03:07.596+0530] {dag.py:4180} INFO - Setting next_dagrun for example_dynamic_task_mapping to None, run_after=None
[2026-04-21T19:03:07.612+0530] {processor.py:208} INFO - Processing /home/ubantu/miniconda3/envs/airflow-dev/lib/python3.11/site-packages/airflow/example_dags/example_dynamic_task_mapping.py took 0.059 seconds
[2026-04-21T19:05:49.903+0530] {processor.py:186} INFO - Started process (PID=6849) to work on /home/ubantu/miniconda3/envs/airflow-dev/lib/python3.11/site-packages/airflow/example_dags/example_dynamic_task_mapping.py
[2026-04-21T19:05:49.904+0530] {processor.py:914} INFO - Processing file /home/ubantu/miniconda3/envs/airflow-dev/lib/python3.11/site-packages/airflow/example_dags/example_dynamic_task_mapping.py for tasks to queue
[2026-04-21T19:05:49.906+0530] {logging_mixin.py:190} INFO - [2026-04-21T19:05:49.905+0530] {dagbag.py:588} INFO - Filling up the DagBag from /home/ubantu/miniconda3/envs/airflow-dev/lib/python3.11/site-packages/airflow/example_dags/example_dynamic_task_mapping.py
[2026-04-21T19:05:49.915+0530] {processor.py:925} INFO - DAG(s) 'example_dynamic_task_mapping' retrieved from /home/ubantu/miniconda3/envs/airflow-dev/lib/python3.11/site-packages/airflow/example_dags/example_dynamic_task_mapping.py
[2026-04-21T19:05:49.935+0530] {logging_mixin.py:190} INFO - [2026-04-21T19:05:49.934+0530] {dag.py:3239} INFO - Sync 1 DAGs
[2026-04-21T19:05:49.944+0530] {logging_mixin.py:190} INFO - [2026-04-21T19:05:49.944+0530] {dag.py:4180} INFO - Setting next_dagrun for example_dynamic_task_mapping to None, run_after=None
[2026-04-21T19:05:49.960+0530] {processor.py:208} INFO - Processing /home/ubantu/miniconda3/envs/airflow-dev/lib/python3.11/site-packages/airflow/example_dags/example_dynamic_task_mapping.py took 0.066 seconds
[2026-04-21T19:07:39.347+0530] {processor.py:186} INFO - Started process (PID=7007) to work on /home/ubantu/miniconda3/envs/airflow-dev/lib/python3.11/site-packages/airflow/example_dags/example_dynamic_task_mapping.py
[2026-04-21T19:07:39.348+0530] {processor.py:914} INFO - Processing file /home/ubantu/miniconda3/envs/airflow-dev/lib/python3.11/site-packages/airflow/example_dags/example_dynamic_task_mapping.py for tasks to queue
[2026-04-21T19:07:39.349+0530] {logging_mixin.py:190} INFO - [2026-04-21T19:07:39.349+0530] {dagbag.py:588} INFO - Filling up the DagBag from /home/ubantu/miniconda3/envs/airflow-dev/lib/python3.11/site-packages/airflow/example_dags/example_dynamic_task_mapping.py
[2026-04-21T19:07:39.357+0530] {processor.py:925} INFO - DAG(s) 'example_dynamic_task_mapping' retrieved from /home/ubantu/miniconda3/envs/airflow-dev/lib/python3.11/site-packages/airflow/example_dags/example_dynamic_task_mapping.py
[2026-04-21T19:07:39.372+0530] {logging_mixin.py:190} INFO - [2026-04-21T19:07:39.372+0530] {dag.py:3239} INFO - Sync 1 DAGs
[2026-04-21T19:07:39.386+0530] {logging_mixin.py:190} INFO - [2026-04-21T19:07:39.385+0530] {dag.py:4180} INFO - Setting next_dagrun for example_dynamic_task_mapping to None, run_after=None
[2026-04-21T19:07:39.412+0530] {processor.py:208} INFO - Processing /home/ubantu/miniconda3/envs/airflow-dev/lib/python3.11/site-packages/airflow/example_dags/example_dynamic_task_mapping.py took 0.071 seconds
[2026-04-21T19:08:56.707+0530] {processor.py:186} INFO - Started process (PID=7107) to work on /home/ubantu/miniconda3/envs/airflow-dev/lib/python3.11/site-packages/airflow/example_dags/example_dynamic_task_mapping.py
[2026-04-21T19:08:56.708+0530] {processor.py:914} INFO - Processing file /home/ubantu/miniconda3/envs/airflow-dev/lib/python3.11/site-packages/airflow/example_dags/example_dynamic_task_mapping.py for tasks to queue
[2026-04-21T19:08:56.709+0530] {logging_mixin.py:190} INFO - [2026-04-21T19:08:56.709+0530] {dagbag.py:588} INFO - Filling up the DagBag from /home/ubantu/miniconda3/envs/airflow-dev/lib/python3.11/site-packages/airflow/example_dags/example_dynamic_task_mapping.py
[2026-04-21T19:08:56.716+0530] {processor.py:925} INFO - DAG(s) 'example_dynamic_task_mapping' retrieved from /home/ubantu/miniconda3/envs/airflow-dev/lib/python3.11/site-packages/airflow/example_dags/example_dynamic_task_mapping.py
[2026-04-21T19:08:56.731+0530] {logging_mixin.py:190} INFO - [2026-04-21T19:08:56.731+0530] {dag.py:3239} INFO - Sync 1 DAGs
[2026-04-21T19:08:56.742+0530] {logging_mixin.py:190} INFO - [2026-04-21T19:08:56.741+0530] {dag.py:4180} INFO - Setting next_dagrun for example_dynamic_task_mapping to None, run_after=None
[2026-04-21T19:08:56.760+0530] {processor.py:208} INFO - Processing /home/ubantu/miniconda3/envs/airflow-dev/lib/python3.11/site-packages/airflow/example_dags/example_dynamic_task_mapping.py took 0.061 seconds
[2026-04-21T19:10:15.473+0530] {processor.py:186} INFO - Started process (PID=7209) to work on /home/ubantu/miniconda3/envs/airflow-dev/lib/python3.11/site-packages/airflow/example_dags/example_dynamic_task_mapping.py
[2026-04-21T19:10:15.475+0530] {processor.py:914} INFO - Processing file /home/ubantu/miniconda3/envs/airflow-dev/lib/python3.11/site-packages/airflow/example_dags/example_dynamic_task_mapping.py for tasks to queue
[2026-04-21T19:10:15.476+0530] {logging_mixin.py:190} INFO - [2026-04-21T19:10:15.476+0530] {dagbag.py:588} INFO - Filling up the DagBag from /home/ubantu/miniconda3/envs/airflow-dev/lib/python3.11/site-packages/airflow/example_dags/example_dynamic_task_mapping.py
[2026-04-21T19:10:15.484+0530] {processor.py:925} INFO - DAG(s) 'example_dynamic_task_mapping' retrieved from /home/ubantu/miniconda3/envs/airflow-dev/lib/python3.11/site-packages/airflow/example_dags/example_dynamic_task_mapping.py
[2026-04-21T19:10:15.499+0530] {logging_mixin.py:190} INFO - [2026-04-21T19:10:15.499+0530] {dag.py:3239} INFO - Sync 1 DAGs
[2026-04-21T19:10:15.511+0530] {logging_mixin.py:190} INFO - [2026-04-21T19:10:15.511+0530] {dag.py:4180} INFO - Setting next_dagrun for example_dynamic_task_mapping to None, run_after=None
[2026-04-21T19:10:15.530+0530] {processor.py:208} INFO - Processing /home/ubantu/miniconda3/envs/airflow-dev/lib/python3.11/site-packages/airflow/example_dags/example_dynamic_task_mapping.py took 0.064 seconds
[2026-04-21T19:11:33.161+0530] {processor.py:186} INFO - Started process (PID=7316) to work on /home/ubantu/miniconda3/envs/airflow-dev/lib/python3.11/site-packages/airflow/example_dags/example_dynamic_task_mapping.py
[2026-04-21T19:11:33.162+0530] {processor.py:914} INFO - Processing file /home/ubantu/miniconda3/envs/airflow-dev/lib/python3.11/site-packages/airflow/example_dags/example_dynamic_task_mapping.py for tasks to queue
[2026-04-21T19:11:33.163+0530] {logging_mixin.py:190} INFO - [2026-04-21T19:11:33.163+0530] {dagbag.py:588} INFO - Filling up the DagBag from /home/ubantu/miniconda3/envs/airflow-dev/lib/python3.11/site-packages/airflow/example_dags/example_dynamic_task_mapping.py
[2026-04-21T19:11:33.171+0530] {processor.py:925} INFO - DAG(s) 'example_dynamic_task_mapping' retrieved from /home/ubantu/miniconda3/envs/airflow-dev/lib/python3.11/site-packages/airflow/example_dags/example_dynamic_task_mapping.py
[2026-04-21T19:11:33.188+0530] {logging_mixin.py:190} INFO - [2026-04-21T19:11:33.188+0530] {dag.py:3239} INFO - Sync 1 DAGs
[2026-04-21T19:11:33.200+0530] {logging_mixin.py:190} INFO - [2026-04-21T19:11:33.200+0530] {dag.py:4180} INFO - Setting next_dagrun for example_dynamic_task_mapping to None, run_after=None
[2026-04-21T19:11:33.216+0530] {processor.py:208} INFO - Processing /home/ubantu/miniconda3/envs/airflow-dev/lib/python3.11/site-packages/airflow/example_dags/example_dynamic_task_mapping.py took 0.061 seconds
[2026-04-21T19:12:51.996+0530] {processor.py:186} INFO - Started process (PID=7407) to work on /home/ubantu/miniconda3/envs/airflow-dev/lib/python3.11/site-packages/airflow/example_dags/example_dynamic_task_mapping.py
[2026-04-21T19:12:51.997+0530] {processor.py:914} INFO - Processing file /home/ubantu/miniconda3/envs/airflow-dev/lib/python3.11/site-packages/airflow/example_dags/example_dynamic_task_mapping.py for tasks to queue
[2026-04-21T19:12:51.999+0530] {logging_mixin.py:190} INFO - [2026-04-21T19:12:51.998+0530] {dagbag.py:588} INFO - Filling up the DagBag from /home/ubantu/miniconda3/envs/airflow-dev/lib/python3.11/site-packages/airflow/example_dags/example_dynamic_task_mapping.py
[2026-04-21T19:12:52.007+0530] {processor.py:925} INFO - DAG(s) 'example_dynamic_task_mapping' retrieved from /home/ubantu/miniconda3/envs/airflow-dev/lib/python3.11/site-packages/airflow/example_dags/example_dynamic_task_mapping.py
[2026-04-21T19:12:52.026+0530] {logging_mixin.py:190} INFO - [2026-04-21T19:12:52.025+0530] {dag.py:3239} INFO - Sync 1 DAGs
[2026-04-21T19:12:52.036+0530] {logging_mixin.py:190} INFO - [2026-04-21T19:12:52.035+0530] {dag.py:4180} INFO - Setting next_dagrun for example_dynamic_task_mapping to None, run_after=None
[2026-04-21T19:12:52.054+0530] {processor.py:208} INFO - Processing /home/ubantu/miniconda3/envs/airflow-dev/lib/python3.11/site-packages/airflow/example_dags/example_dynamic_task_mapping.py took 0.066 seconds
[2026-04-21T19:14:13.055+0530] {processor.py:186} INFO - Started process (PID=7537) to work on /home/ubantu/miniconda3/envs/airflow-dev/lib/python3.11/site-packages/airflow/example_dags/example_dynamic_task_mapping.py
[2026-04-21T19:14:13.057+0530] {processor.py:914} INFO - Processing file /home/ubantu/miniconda3/envs/airflow-dev/lib/python3.11/site-packages/airflow/example_dags/example_dynamic_task_mapping.py for tasks to queue
[2026-04-21T19:14:13.060+0530] {logging_mixin.py:190} INFO - [2026-04-21T19:14:13.059+0530] {dagbag.py:588} INFO - Filling up the DagBag from /home/ubantu/miniconda3/envs/airflow-dev/lib/python3.11/site-packages/airflow/example_dags/example_dynamic_task_mapping.py
[2026-04-21T19:14:13.073+0530] {processor.py:925} INFO - DAG(s) 'example_dynamic_task_mapping' retrieved from /home/ubantu/miniconda3/envs/airflow-dev/lib/python3.11/site-packages/airflow/example_dags/example_dynamic_task_mapping.py
[2026-04-21T19:14:13.094+0530] {logging_mixin.py:190} INFO - [2026-04-21T19:14:13.094+0530] {dag.py:3239} INFO - Sync 1 DAGs
[2026-04-21T19:14:13.104+0530] {logging_mixin.py:190} INFO - [2026-04-21T19:14:13.103+0530] {dag.py:4180} INFO - Setting next_dagrun for example_dynamic_task_mapping to None, run_after=None
[2026-04-21T19:14:13.119+0530] {processor.py:208} INFO - Processing /home/ubantu/miniconda3/envs/airflow-dev/lib/python3.11/site-packages/airflow/example_dags/example_dynamic_task_mapping.py took 0.076 seconds
[2026-04-21T19:15:34.597+0530] {processor.py:186} INFO - Started process (PID=7655) to work on /home/ubantu/miniconda3/envs/airflow-dev/lib/python3.11/site-packages/airflow/example_dags/example_dynamic_task_mapping.py
[2026-04-21T19:15:34.598+0530] {processor.py:914} INFO - Processing file /home/ubantu/miniconda3/envs/airflow-dev/lib/python3.11/site-packages/airflow/example_dags/example_dynamic_task_mapping.py for tasks to queue
[2026-04-21T19:15:34.600+0530] {logging_mixin.py:190} INFO - [2026-04-21T19:15:34.599+0530] {dagbag.py:588} INFO - Filling up the DagBag from /home/ubantu/miniconda3/envs/airflow-dev/lib/python3.11/site-packages/airflow/example_dags/example_dynamic_task_mapping.py
[2026-04-21T19:15:34.606+0530] {processor.py:925} INFO - DAG(s) 'example_dynamic_task_mapping' retrieved from /home/ubantu/miniconda3/envs/airflow-dev/lib/python3.11/site-packages/airflow/example_dags/example_dynamic_task_mapping.py
[2026-04-21T19:15:34.620+0530] {logging_mixin.py:190} INFO - [2026-04-21T19:15:34.620+0530] {dag.py:3239} INFO - Sync 1 DAGs
[2026-04-21T19:15:34.630+0530] {logging_mixin.py:190} INFO - [2026-04-21T19:15:34.630+0530] {dag.py:4180} INFO - Setting next_dagrun for example_dynamic_task_mapping to None, run_after=None
[2026-04-21T19:15:34.649+0530] {processor.py:208} INFO - Processing /home/ubantu/miniconda3/envs/airflow-dev/lib/python3.11/site-packages/airflow/example_dags/example_dynamic_task_mapping.py took 0.058 seconds
[2026-04-21T19:16:51.878+0530] {processor.py:186} INFO - Started process (PID=7835) to work on /home/ubantu/miniconda3/envs/airflow-dev/lib/python3.11/site-packages/airflow/example_dags/example_dynamic_task_mapping.py
[2026-04-21T19:16:51.879+0530] {processor.py:914} INFO - Processing file /home/ubantu/miniconda3/envs/airflow-dev/lib/python3.11/site-packages/airflow/example_dags/example_dynamic_task_mapping.py for tasks to queue
[2026-04-21T19:16:51.880+0530] {logging_mixin.py:190} INFO - [2026-04-21T19:16:51.880+0530] {dagbag.py:588} INFO - Filling up the DagBag from /home/ubantu/miniconda3/envs/airflow-dev/lib/python3.11/site-packages/airflow/example_dags/example_dynamic_task_mapping.py
[2026-04-21T19:16:51.887+0530] {processor.py:925} INFO - DAG(s) 'example_dynamic_task_mapping' retrieved from /home/ubantu/miniconda3/envs/airflow-dev/lib/python3.11/site-packages/airflow/example_dags/example_dynamic_task_mapping.py
[2026-04-21T19:16:51.901+0530] {logging_mixin.py:190} INFO - [2026-04-21T19:16:51.901+0530] {dag.py:3239} INFO - Sync 1 DAGs
[2026-04-21T19:16:51.912+0530] {logging_mixin.py:190} INFO - [2026-04-21T19:16:51.911+0530] {dag.py:4180} INFO - Setting next_dagrun for example_dynamic_task_mapping to None, run_after=None
[2026-04-21T19:16:51.930+0530] {processor.py:208} INFO - Processing /home/ubantu/miniconda3/envs/airflow-dev/lib/python3.11/site-packages/airflow/example_dags/example_dynamic_task_mapping.py took 0.058 seconds
[2026-04-21T19:22:32.971+0530] {processor.py:186} INFO - Started process (PID=8343) to work on /home/ubantu/airflow-src/airflow/example_dags/example_dynamic_task_mapping.py
[2026-04-21T19:22:32.972+0530] {processor.py:914} INFO - Processing file /home/ubantu/airflow-src/airflow/example_dags/example_dynamic_task_mapping.py for tasks to queue
[2026-04-21T19:22:32.973+0530] {logging_mixin.py:190} INFO - [2026-04-21T19:22:32.973+0530] {dagbag.py:588} INFO - Filling up the DagBag from /home/ubantu/airflow-src/airflow/example_dags/example_dynamic_task_mapping.py
[2026-04-21T19:22:32.980+0530] {processor.py:925} INFO - DAG(s) 'example_dynamic_task_mapping' retrieved from /home/ubantu/airflow-src/airflow/example_dags/example_dynamic_task_mapping.py
[2026-04-21T19:22:33.044+0530] {logging_mixin.py:190} INFO - [2026-04-21T19:22:33.043+0530] {dag.py:3239} INFO - Sync 1 DAGs
[2026-04-21T19:22:33.055+0530] {logging_mixin.py:190} INFO - [2026-04-21T19:22:33.054+0530] {dag.py:4180} INFO - Setting next_dagrun for example_dynamic_task_mapping to None, run_after=None
[2026-04-21T19:22:33.075+0530] {processor.py:208} INFO - Processing /home/ubantu/airflow-src/airflow/example_dags/example_dynamic_task_mapping.py took 0.110 seconds
[2026-04-21T19:24:27.752+0530] {processor.py:186} INFO - Started process (PID=8479) to work on /home/ubantu/airflow-src/airflow/example_dags/example_dynamic_task_mapping.py
[2026-04-21T19:24:27.754+0530] {processor.py:914} INFO - Processing file /home/ubantu/airflow-src/airflow/example_dags/example_dynamic_task_mapping.py for tasks to queue
[2026-04-21T19:24:27.755+0530] {logging_mixin.py:190} INFO - [2026-04-21T19:24:27.755+0530] {dagbag.py:588} INFO - Filling up the DagBag from /home/ubantu/airflow-src/airflow/example_dags/example_dynamic_task_mapping.py
[2026-04-21T19:24:27.764+0530] {processor.py:925} INFO - DAG(s) 'example_dynamic_task_mapping' retrieved from /home/ubantu/airflow-src/airflow/example_dags/example_dynamic_task_mapping.py
[2026-04-21T19:24:27.781+0530] {logging_mixin.py:190} INFO - [2026-04-21T19:24:27.781+0530] {dag.py:3239} INFO - Sync 1 DAGs
[2026-04-21T19:24:27.791+0530] {logging_mixin.py:190} INFO - [2026-04-21T19:24:27.791+0530] {dag.py:4180} INFO - Setting next_dagrun for example_dynamic_task_mapping to None, run_after=None
[2026-04-21T19:24:27.812+0530] {processor.py:208} INFO - Processing /home/ubantu/airflow-src/airflow/example_dags/example_dynamic_task_mapping.py took 0.067 seconds
