[2026-04-21T18:46:36.523+0530] {processor.py:186} INFO - Started process (PID=5466) to work on /home/ubantu/miniconda3/envs/airflow-dev/lib/python3.11/site-packages/airflow/example_dags/example_branch_operator.py
[2026-04-21T18:46:36.524+0530] {processor.py:914} INFO - Processing file /home/ubantu/miniconda3/envs/airflow-dev/lib/python3.11/site-packages/airflow/example_dags/example_branch_operator.py for tasks to queue
[2026-04-21T18:46:36.526+0530] {logging_mixin.py:190} INFO - [2026-04-21T18:46:36.526+0530] {dagbag.py:588} INFO - Filling up the DagBag from /home/ubantu/miniconda3/envs/airflow-dev/lib/python3.11/site-packages/airflow/example_dags/example_branch_operator.py
[2026-04-21T18:46:36.529+0530] {processor.py:927} WARNING - No viable dags retrieved from /home/ubantu/miniconda3/envs/airflow-dev/lib/python3.11/site-packages/airflow/example_dags/example_branch_operator.py
[2026-04-21T18:46:36.539+0530] {processor.py:208} INFO - Processing /home/ubantu/miniconda3/envs/airflow-dev/lib/python3.11/site-packages/airflow/example_dags/example_branch_operator.py took 0.022 seconds
[2026-04-21T18:48:28.740+0530] {processor.py:186} INFO - Started process (PID=5653) to work on /home/ubantu/miniconda3/envs/airflow-dev/lib/python3.11/site-packages/airflow/example_dags/example_branch_operator.py
[2026-04-21T18:48:28.741+0530] {processor.py:914} INFO - Processing file /home/ubantu/miniconda3/envs/airflow-dev/lib/python3.11/site-packages/airflow/example_dags/example_branch_operator.py for tasks to queue
[2026-04-21T18:48:28.744+0530] {logging_mixin.py:190} INFO - [2026-04-21T18:48:28.743+0530] {dagbag.py:588} INFO - Filling up the DagBag from /home/ubantu/miniconda3/envs/airflow-dev/lib/python3.11/site-packages/airflow/example_dags/example_branch_operator.py
[2026-04-21T18:48:28.747+0530] {processor.py:927} WARNING - No viable dags retrieved from /home/ubantu/miniconda3/envs/airflow-dev/lib/python3.11/site-packages/airflow/example_dags/example_branch_operator.py
[2026-04-21T18:48:28.760+0530] {processor.py:208} INFO - Processing /home/ubantu/miniconda3/envs/airflow-dev/lib/python3.11/site-packages/airflow/example_dags/example_branch_operator.py took 0.026 seconds
[2026-04-21T18:51:13.827+0530] {processor.py:186} INFO - Started process (PID=5877) to work on /home/ubantu/miniconda3/envs/airflow-dev/lib/python3.11/site-packages/airflow/example_dags/example_branch_operator.py
[2026-04-21T18:51:13.828+0530] {processor.py:914} INFO - Processing file /home/ubantu/miniconda3/envs/airflow-dev/lib/python3.11/site-packages/airflow/example_dags/example_branch_operator.py for tasks to queue
[2026-04-21T18:51:13.830+0530] {logging_mixin.py:190} INFO - [2026-04-21T18:51:13.830+0530] {dagbag.py:588} INFO - Filling up the DagBag from /home/ubantu/miniconda3/envs/airflow-dev/lib/python3.11/site-packages/airflow/example_dags/example_branch_operator.py
[2026-04-21T18:51:13.833+0530] {processor.py:927} WARNING - No viable dags retrieved from /home/ubantu/miniconda3/envs/airflow-dev/lib/python3.11/site-packages/airflow/example_dags/example_branch_operator.py
[2026-04-21T18:51:13.844+0530] {processor.py:208} INFO - Processing /home/ubantu/miniconda3/envs/airflow-dev/lib/python3.11/site-packages/airflow/example_dags/example_branch_operator.py took 0.023 seconds
[2026-04-21T18:53:49.594+0530] {processor.py:186} INFO - Started process (PID=6091) to work on /home/ubantu/miniconda3/envs/airflow-dev/lib/python3.11/site-packages/airflow/example_dags/example_branch_operator.py
[2026-04-21T18:53:49.595+0530] {processor.py:914} INFO - Processing file /home/ubantu/miniconda3/envs/airflow-dev/lib/python3.11/site-packages/airflow/example_dags/example_branch_operator.py for tasks to queue
[2026-04-21T18:53:49.597+0530] {logging_mixin.py:190} INFO - [2026-04-21T18:53:49.597+0530] {dagbag.py:588} INFO - Filling up the DagBag from /home/ubantu/miniconda3/envs/airflow-dev/lib/python3.11/site-packages/airflow/example_dags/example_branch_operator.py
[2026-04-21T18:53:49.600+0530] {processor.py:927} WARNING - No viable dags retrieved from /home/ubantu/miniconda3/envs/airflow-dev/lib/python3.11/site-packages/airflow/example_dags/example_branch_operator.py
[2026-04-21T18:53:49.610+0530] {processor.py:208} INFO - Processing /home/ubantu/miniconda3/envs/airflow-dev/lib/python3.11/site-packages/airflow/example_dags/example_branch_operator.py took 0.022 seconds
[2026-04-21T18:56:28.710+0530] {processor.py:186} INFO - Started process (PID=6334) to work on /home/ubantu/miniconda3/envs/airflow-dev/lib/python3.11/site-packages/airflow/example_dags/example_branch_operator.py
[2026-04-21T18:56:28.711+0530] {processor.py:914} INFO - Processing file /home/ubantu/miniconda3/envs/airflow-dev/lib/python3.11/site-packages/airflow/example_dags/example_branch_operator.py for tasks to queue
[2026-04-21T18:56:28.714+0530] {logging_mixin.py:190} INFO - [2026-04-21T18:56:28.713+0530] {dagbag.py:588} INFO - Filling up the DagBag from /home/ubantu/miniconda3/envs/airflow-dev/lib/python3.11/site-packages/airflow/example_dags/example_branch_operator.py
[2026-04-21T18:56:28.718+0530] {processor.py:927} WARNING - No viable dags retrieved from /home/ubantu/miniconda3/envs/airflow-dev/lib/python3.11/site-packages/airflow/example_dags/example_branch_operator.py
[2026-04-21T18:56:28.732+0530] {processor.py:208} INFO - Processing /home/ubantu/miniconda3/envs/airflow-dev/lib/python3.11/site-packages/airflow/example_dags/example_branch_operator.py took 0.030 seconds
[2026-04-21T19:01:27.145+0530] {processor.py:186} INFO - Started process (PID=6563) to work on /home/ubantu/miniconda3/envs/airflow-dev/lib/python3.11/site-packages/airflow/example_dags/example_branch_operator.py
[2026-04-21T19:01:27.146+0530] {processor.py:914} INFO - Processing file /home/ubantu/miniconda3/envs/airflow-dev/lib/python3.11/site-packages/airflow/example_dags/example_branch_operator.py for tasks to queue
[2026-04-21T19:01:27.148+0530] {logging_mixin.py:190} INFO - [2026-04-21T19:01:27.147+0530] {dagbag.py:588} INFO - Filling up the DagBag from /home/ubantu/miniconda3/envs/airflow-dev/lib/python3.11/site-packages/airflow/example_dags/example_branch_operator.py
[2026-04-21T19:01:27.151+0530] {processor.py:927} WARNING - No viable dags retrieved from /home/ubantu/miniconda3/envs/airflow-dev/lib/python3.11/site-packages/airflow/example_dags/example_branch_operator.py
[2026-04-21T19:01:27.163+0530] {processor.py:208} INFO - Processing /home/ubantu/miniconda3/envs/airflow-dev/lib/python3.11/site-packages/airflow/example_dags/example_branch_operator.py took 0.025 seconds
[2026-04-21T19:03:16.567+0530] {processor.py:186} INFO - Started process (PID=6705) to work on /home/ubantu/miniconda3/envs/airflow-dev/lib/python3.11/site-packages/airflow/example_dags/example_branch_operator.py
[2026-04-21T19:03:16.568+0530] {processor.py:914} INFO - Processing file /home/ubantu/miniconda3/envs/airflow-dev/lib/python3.11/site-packages/airflow/example_dags/example_branch_operator.py for tasks to queue
[2026-04-21T19:03:16.570+0530] {logging_mixin.py:190} INFO - [2026-04-21T19:03:16.569+0530] {dagbag.py:588} INFO - Filling up the DagBag from /home/ubantu/miniconda3/envs/airflow-dev/lib/python3.11/site-packages/airflow/example_dags/example_branch_operator.py
[2026-04-21T19:03:16.574+0530] {processor.py:927} WARNING - No viable dags retrieved from /home/ubantu/miniconda3/envs/airflow-dev/lib/python3.11/site-packages/airflow/example_dags/example_branch_operator.py
[2026-04-21T19:03:16.587+0530] {processor.py:208} INFO - Processing /home/ubantu/miniconda3/envs/airflow-dev/lib/python3.11/site-packages/airflow/example_dags/example_branch_operator.py took 0.028 seconds
[2026-04-21T19:05:59.240+0530] {processor.py:186} INFO - Started process (PID=6870) to work on /home/ubantu/miniconda3/envs/airflow-dev/lib/python3.11/site-packages/airflow/example_dags/example_branch_operator.py
[2026-04-21T19:05:59.242+0530] {processor.py:914} INFO - Processing file /home/ubantu/miniconda3/envs/airflow-dev/lib/python3.11/site-packages/airflow/example_dags/example_branch_operator.py for tasks to queue
[2026-04-21T19:05:59.243+0530] {logging_mixin.py:190} INFO - [2026-04-21T19:05:59.243+0530] {dagbag.py:588} INFO - Filling up the DagBag from /home/ubantu/miniconda3/envs/airflow-dev/lib/python3.11/site-packages/airflow/example_dags/example_branch_operator.py
[2026-04-21T19:05:59.246+0530] {processor.py:927} WARNING - No viable dags retrieved from /home/ubantu/miniconda3/envs/airflow-dev/lib/python3.11/site-packages/airflow/example_dags/example_branch_operator.py
[2026-04-21T19:05:59.257+0530] {processor.py:208} INFO - Processing /home/ubantu/miniconda3/envs/airflow-dev/lib/python3.11/site-packages/airflow/example_dags/example_branch_operator.py took 0.022 seconds
[2026-04-21T19:07:47.960+0530] {processor.py:186} INFO - Started process (PID=7017) to work on /home/ubantu/miniconda3/envs/airflow-dev/lib/python3.11/site-packages/airflow/example_dags/example_branch_operator.py
[2026-04-21T19:07:47.961+0530] {processor.py:914} INFO - Processing file /home/ubantu/miniconda3/envs/airflow-dev/lib/python3.11/site-packages/airflow/example_dags/example_branch_operator.py for tasks to queue
[2026-04-21T19:07:47.962+0530] {logging_mixin.py:190} INFO - [2026-04-21T19:07:47.962+0530] {dagbag.py:588} INFO - Filling up the DagBag from /home/ubantu/miniconda3/envs/airflow-dev/lib/python3.11/site-packages/airflow/example_dags/example_branch_operator.py
[2026-04-21T19:07:47.965+0530] {processor.py:927} WARNING - No viable dags retrieved from /home/ubantu/miniconda3/envs/airflow-dev/lib/python3.11/site-packages/airflow/example_dags/example_branch_operator.py
[2026-04-21T19:07:47.975+0530] {processor.py:208} INFO - Processing /home/ubantu/miniconda3/envs/airflow-dev/lib/python3.11/site-packages/airflow/example_dags/example_branch_operator.py took 0.020 seconds
[2026-04-21T19:10:25.074+0530] {processor.py:186} INFO - Started process (PID=7221) to work on /home/ubantu/miniconda3/envs/airflow-dev/lib/python3.11/site-packages/airflow/example_dags/example_branch_operator.py
[2026-04-21T19:10:25.075+0530] {processor.py:914} INFO - Processing file /home/ubantu/miniconda3/envs/airflow-dev/lib/python3.11/site-packages/airflow/example_dags/example_branch_operator.py for tasks to queue
[2026-04-21T19:10:25.076+0530] {logging_mixin.py:190} INFO - [2026-04-21T19:10:25.076+0530] {dagbag.py:588} INFO - Filling up the DagBag from /home/ubantu/miniconda3/envs/airflow-dev/lib/python3.11/site-packages/airflow/example_dags/example_branch_operator.py
[2026-04-21T19:10:25.079+0530] {processor.py:927} WARNING - No viable dags retrieved from /home/ubantu/miniconda3/envs/airflow-dev/lib/python3.11/site-packages/airflow/example_dags/example_branch_operator.py
[2026-04-21T19:10:25.089+0530] {processor.py:208} INFO - Processing /home/ubantu/miniconda3/envs/airflow-dev/lib/python3.11/site-packages/airflow/example_dags/example_branch_operator.py took 0.022 seconds
[2026-04-21T19:13:01.466+0530] {processor.py:186} INFO - Started process (PID=7432) to work on /home/ubantu/miniconda3/envs/airflow-dev/lib/python3.11/site-packages/airflow/example_dags/example_branch_operator.py
[2026-04-21T19:13:01.467+0530] {processor.py:914} INFO - Processing file /home/ubantu/miniconda3/envs/airflow-dev/lib/python3.11/site-packages/airflow/example_dags/example_branch_operator.py for tasks to queue
[2026-04-21T19:13:01.468+0530] {logging_mixin.py:190} INFO - [2026-04-21T19:13:01.468+0530] {dagbag.py:588} INFO - Filling up the DagBag from /home/ubantu/miniconda3/envs/airflow-dev/lib/python3.11/site-packages/airflow/example_dags/example_branch_operator.py
[2026-04-21T19:13:01.471+0530] {processor.py:927} WARNING - No viable dags retrieved from /home/ubantu/miniconda3/envs/airflow-dev/lib/python3.11/site-packages/airflow/example_dags/example_branch_operator.py
[2026-04-21T19:13:01.482+0530] {processor.py:208} INFO - Processing /home/ubantu/miniconda3/envs/airflow-dev/lib/python3.11/site-packages/airflow/example_dags/example_branch_operator.py took 0.022 seconds
[2026-04-21T19:15:43.210+0530] {processor.py:186} INFO - Started process (PID=7664) to work on /home/ubantu/miniconda3/envs/airflow-dev/lib/python3.11/site-packages/airflow/example_dags/example_branch_operator.py
[2026-04-21T19:15:43.212+0530] {processor.py:914} INFO - Processing file /home/ubantu/miniconda3/envs/airflow-dev/lib/python3.11/site-packages/airflow/example_dags/example_branch_operator.py for tasks to queue
[2026-04-21T19:15:43.215+0530] {logging_mixin.py:190} INFO - [2026-04-21T19:15:43.214+0530] {dagbag.py:588} INFO - Filling up the DagBag from /home/ubantu/miniconda3/envs/airflow-dev/lib/python3.11/site-packages/airflow/example_dags/example_branch_operator.py
[2026-04-21T19:15:43.219+0530] {processor.py:927} WARNING - No viable dags retrieved from /home/ubantu/miniconda3/envs/airflow-dev/lib/python3.11/site-packages/airflow/example_dags/example_branch_operator.py
[2026-04-21T19:15:43.233+0530] {processor.py:208} INFO - Processing /home/ubantu/miniconda3/envs/airflow-dev/lib/python3.11/site-packages/airflow/example_dags/example_branch_operator.py took 0.031 seconds
[2026-04-21T19:22:53.533+0530] {processor.py:186} INFO - Started process (PID=8362) to work on /home/ubantu/airflow-src/airflow/example_dags/example_branch_operator.py
[2026-04-21T19:22:53.534+0530] {processor.py:914} INFO - Processing file /home/ubantu/airflow-src/airflow/example_dags/example_branch_operator.py for tasks to queue
[2026-04-21T19:22:53.535+0530] {logging_mixin.py:190} INFO - [2026-04-21T19:22:53.535+0530] {dagbag.py:588} INFO - Filling up the DagBag from /home/ubantu/airflow-src/airflow/example_dags/example_branch_operator.py
[2026-04-21T19:22:53.538+0530] {processor.py:927} WARNING - No viable dags retrieved from /home/ubantu/airflow-src/airflow/example_dags/example_branch_operator.py
[2026-04-21T19:22:53.549+0530] {processor.py:208} INFO - Processing /home/ubantu/airflow-src/airflow/example_dags/example_branch_operator.py took 0.021 seconds
[2026-04-21T19:25:41.420+0530] {processor.py:186} INFO - Started process (PID=8600) to work on /home/ubantu/airflow-src/airflow/example_dags/example_branch_operator.py
[2026-04-21T19:25:41.421+0530] {processor.py:914} INFO - Processing file /home/ubantu/airflow-src/airflow/example_dags/example_branch_operator.py for tasks to queue
[2026-04-21T19:25:41.422+0530] {logging_mixin.py:190} INFO - [2026-04-21T19:25:41.422+0530] {dagbag.py:588} INFO - Filling up the DagBag from /home/ubantu/airflow-src/airflow/example_dags/example_branch_operator.py
[2026-04-21T19:25:41.425+0530] {processor.py:927} WARNING - No viable dags retrieved from /home/ubantu/airflow-src/airflow/example_dags/example_branch_operator.py
[2026-04-21T19:25:41.435+0530] {processor.py:208} INFO - Processing /home/ubantu/airflow-src/airflow/example_dags/example_branch_operator.py took 0.021 seconds
