[2026-04-21T18:46:34.063+0530] {processor.py:186} INFO - Started process (PID=5463) to work on /home/ubantu/miniconda3/envs/airflow-dev/lib/python3.11/site-packages/airflow/example_dags/example_branch_python_dop_operator_3.py
[2026-04-21T18:46:34.064+0530] {processor.py:914} INFO - Processing file /home/ubantu/miniconda3/envs/airflow-dev/lib/python3.11/site-packages/airflow/example_dags/example_branch_python_dop_operator_3.py for tasks to queue
[2026-04-21T18:46:34.066+0530] {logging_mixin.py:190} INFO - [2026-04-21T18:46:34.066+0530] {dagbag.py:588} INFO - Filling up the DagBag from /home/ubantu/miniconda3/envs/airflow-dev/lib/python3.11/site-packages/airflow/example_dags/example_branch_python_dop_operator_3.py
[2026-04-21T18:46:34.078+0530] {processor.py:925} INFO - DAG(s) 'example_branch_dop_operator_v3' retrieved from /home/ubantu/miniconda3/envs/airflow-dev/lib/python3.11/site-packages/airflow/example_dags/example_branch_python_dop_operator_3.py
[2026-04-21T18:46:34.164+0530] {logging_mixin.py:190} INFO - [2026-04-21T18:46:34.164+0530] {dag.py:3239} INFO - Sync 1 DAGs
[2026-04-21T18:46:34.281+0530] {logging_mixin.py:190} INFO - [2026-04-21T18:46:34.280+0530] {dag.py:4180} INFO - Setting next_dagrun for example_branch_dop_operator_v3 to 2026-04-21 13:15:00+00:00, run_after=2026-04-21 13:16:00+00:00
[2026-04-21T18:46:34.298+0530] {processor.py:208} INFO - Processing /home/ubantu/miniconda3/envs/airflow-dev/lib/python3.11/site-packages/airflow/example_dags/example_branch_python_dop_operator_3.py took 0.241 seconds
[2026-04-21T18:48:26.718+0530] {processor.py:186} INFO - Started process (PID=5651) to work on /home/ubantu/miniconda3/envs/airflow-dev/lib/python3.11/site-packages/airflow/example_dags/example_branch_python_dop_operator_3.py
[2026-04-21T18:48:26.720+0530] {processor.py:914} INFO - Processing file /home/ubantu/miniconda3/envs/airflow-dev/lib/python3.11/site-packages/airflow/example_dags/example_branch_python_dop_operator_3.py for tasks to queue
[2026-04-21T18:48:26.722+0530] {logging_mixin.py:190} INFO - [2026-04-21T18:48:26.721+0530] {dagbag.py:588} INFO - Filling up the DagBag from /home/ubantu/miniconda3/envs/airflow-dev/lib/python3.11/site-packages/airflow/example_dags/example_branch_python_dop_operator_3.py
[2026-04-21T18:48:26.735+0530] {processor.py:925} INFO - DAG(s) 'example_branch_dop_operator_v3' retrieved from /home/ubantu/miniconda3/envs/airflow-dev/lib/python3.11/site-packages/airflow/example_dags/example_branch_python_dop_operator_3.py
[2026-04-21T18:48:26.752+0530] {logging_mixin.py:190} INFO - [2026-04-21T18:48:26.751+0530] {dag.py:3239} INFO - Sync 1 DAGs
[2026-04-21T18:48:26.776+0530] {logging_mixin.py:190} INFO - [2026-04-21T18:48:26.776+0530] {dag.py:4180} INFO - Setting next_dagrun for example_branch_dop_operator_v3 to 2026-04-21 13:17:00+00:00, run_after=2026-04-21 13:18:00+00:00
[2026-04-21T18:48:26.892+0530] {processor.py:208} INFO - Processing /home/ubantu/miniconda3/envs/airflow-dev/lib/python3.11/site-packages/airflow/example_dags/example_branch_python_dop_operator_3.py took 0.180 seconds
[2026-04-21T18:51:12.221+0530] {processor.py:186} INFO - Started process (PID=5875) to work on /home/ubantu/miniconda3/envs/airflow-dev/lib/python3.11/site-packages/airflow/example_dags/example_branch_python_dop_operator_3.py
[2026-04-21T18:51:12.222+0530] {processor.py:914} INFO - Processing file /home/ubantu/miniconda3/envs/airflow-dev/lib/python3.11/site-packages/airflow/example_dags/example_branch_python_dop_operator_3.py for tasks to queue
[2026-04-21T18:51:12.224+0530] {logging_mixin.py:190} INFO - [2026-04-21T18:51:12.224+0530] {dagbag.py:588} INFO - Filling up the DagBag from /home/ubantu/miniconda3/envs/airflow-dev/lib/python3.11/site-packages/airflow/example_dags/example_branch_python_dop_operator_3.py
[2026-04-21T18:51:12.236+0530] {processor.py:925} INFO - DAG(s) 'example_branch_dop_operator_v3' retrieved from /home/ubantu/miniconda3/envs/airflow-dev/lib/python3.11/site-packages/airflow/example_dags/example_branch_python_dop_operator_3.py
[2026-04-21T18:51:12.251+0530] {logging_mixin.py:190} INFO - [2026-04-21T18:51:12.251+0530] {dag.py:3239} INFO - Sync 1 DAGs
[2026-04-21T18:51:12.271+0530] {logging_mixin.py:190} INFO - [2026-04-21T18:51:12.271+0530] {dag.py:4180} INFO - Setting next_dagrun for example_branch_dop_operator_v3 to 2026-04-21 13:20:00+00:00, run_after=2026-04-21 13:21:00+00:00
[2026-04-21T18:51:12.288+0530] {processor.py:208} INFO - Processing /home/ubantu/miniconda3/envs/airflow-dev/lib/python3.11/site-packages/airflow/example_dags/example_branch_python_dop_operator_3.py took 0.074 seconds
[2026-04-21T18:53:47.303+0530] {processor.py:186} INFO - Started process (PID=6088) to work on /home/ubantu/miniconda3/envs/airflow-dev/lib/python3.11/site-packages/airflow/example_dags/example_branch_python_dop_operator_3.py
[2026-04-21T18:53:47.305+0530] {processor.py:914} INFO - Processing file /home/ubantu/miniconda3/envs/airflow-dev/lib/python3.11/site-packages/airflow/example_dags/example_branch_python_dop_operator_3.py for tasks to queue
[2026-04-21T18:53:47.307+0530] {logging_mixin.py:190} INFO - [2026-04-21T18:53:47.307+0530] {dagbag.py:588} INFO - Filling up the DagBag from /home/ubantu/miniconda3/envs/airflow-dev/lib/python3.11/site-packages/airflow/example_dags/example_branch_python_dop_operator_3.py
[2026-04-21T18:53:47.320+0530] {processor.py:925} INFO - DAG(s) 'example_branch_dop_operator_v3' retrieved from /home/ubantu/miniconda3/envs/airflow-dev/lib/python3.11/site-packages/airflow/example_dags/example_branch_python_dop_operator_3.py
[2026-04-21T18:53:47.335+0530] {logging_mixin.py:190} INFO - [2026-04-21T18:53:47.335+0530] {dag.py:3239} INFO - Sync 1 DAGs
[2026-04-21T18:53:47.357+0530] {logging_mixin.py:190} INFO - [2026-04-21T18:53:47.357+0530] {dag.py:4180} INFO - Setting next_dagrun for example_branch_dop_operator_v3 to 2026-04-21 13:22:00+00:00, run_after=2026-04-21 13:23:00+00:00
[2026-04-21T18:53:47.374+0530] {processor.py:208} INFO - Processing /home/ubantu/miniconda3/envs/airflow-dev/lib/python3.11/site-packages/airflow/example_dags/example_branch_python_dop_operator_3.py took 0.078 seconds
[2026-04-21T18:55:08.202+0530] {processor.py:186} INFO - Started process (PID=6215) to work on /home/ubantu/miniconda3/envs/airflow-dev/lib/python3.11/site-packages/airflow/example_dags/example_branch_python_dop_operator_3.py
[2026-04-21T18:55:08.203+0530] {processor.py:914} INFO - Processing file /home/ubantu/miniconda3/envs/airflow-dev/lib/python3.11/site-packages/airflow/example_dags/example_branch_python_dop_operator_3.py for tasks to queue
[2026-04-21T18:55:08.206+0530] {logging_mixin.py:190} INFO - [2026-04-21T18:55:08.205+0530] {dagbag.py:588} INFO - Filling up the DagBag from /home/ubantu/miniconda3/envs/airflow-dev/lib/python3.11/site-packages/airflow/example_dags/example_branch_python_dop_operator_3.py
[2026-04-21T18:55:08.217+0530] {processor.py:925} INFO - DAG(s) 'example_branch_dop_operator_v3' retrieved from /home/ubantu/miniconda3/envs/airflow-dev/lib/python3.11/site-packages/airflow/example_dags/example_branch_python_dop_operator_3.py
[2026-04-21T18:55:08.231+0530] {logging_mixin.py:190} INFO - [2026-04-21T18:55:08.231+0530] {dag.py:3239} INFO - Sync 1 DAGs
[2026-04-21T18:55:08.252+0530] {logging_mixin.py:190} INFO - [2026-04-21T18:55:08.252+0530] {dag.py:4180} INFO - Setting next_dagrun for example_branch_dop_operator_v3 to 2026-04-21 13:24:00+00:00, run_after=2026-04-21 13:25:00+00:00
[2026-04-21T18:55:08.268+0530] {processor.py:208} INFO - Processing /home/ubantu/miniconda3/envs/airflow-dev/lib/python3.11/site-packages/airflow/example_dags/example_branch_python_dop_operator_3.py took 0.073 seconds
[2026-04-21T19:01:25.034+0530] {processor.py:186} INFO - Started process (PID=6560) to work on /home/ubantu/miniconda3/envs/airflow-dev/lib/python3.11/site-packages/airflow/example_dags/example_branch_python_dop_operator_3.py
[2026-04-21T19:01:25.035+0530] {processor.py:914} INFO - Processing file /home/ubantu/miniconda3/envs/airflow-dev/lib/python3.11/site-packages/airflow/example_dags/example_branch_python_dop_operator_3.py for tasks to queue
[2026-04-21T19:01:25.036+0530] {logging_mixin.py:190} INFO - [2026-04-21T19:01:25.036+0530] {dagbag.py:588} INFO - Filling up the DagBag from /home/ubantu/miniconda3/envs/airflow-dev/lib/python3.11/site-packages/airflow/example_dags/example_branch_python_dop_operator_3.py
[2026-04-21T19:01:25.044+0530] {processor.py:925} INFO - DAG(s) 'example_branch_dop_operator_v3' retrieved from /home/ubantu/miniconda3/envs/airflow-dev/lib/python3.11/site-packages/airflow/example_dags/example_branch_python_dop_operator_3.py
[2026-04-21T19:01:25.059+0530] {logging_mixin.py:190} INFO - [2026-04-21T19:01:25.058+0530] {dag.py:3239} INFO - Sync 1 DAGs
[2026-04-21T19:01:25.077+0530] {logging_mixin.py:190} INFO - [2026-04-21T19:01:25.077+0530] {dag.py:4180} INFO - Setting next_dagrun for example_branch_dop_operator_v3 to 2026-04-21 13:30:00+00:00, run_after=2026-04-21 13:31:00+00:00
[2026-04-21T19:01:25.096+0530] {processor.py:208} INFO - Processing /home/ubantu/miniconda3/envs/airflow-dev/lib/python3.11/site-packages/airflow/example_dags/example_branch_python_dop_operator_3.py took 0.068 seconds
[2026-04-21T19:03:15.146+0530] {processor.py:186} INFO - Started process (PID=6702) to work on /home/ubantu/miniconda3/envs/airflow-dev/lib/python3.11/site-packages/airflow/example_dags/example_branch_python_dop_operator_3.py
[2026-04-21T19:03:15.147+0530] {processor.py:914} INFO - Processing file /home/ubantu/miniconda3/envs/airflow-dev/lib/python3.11/site-packages/airflow/example_dags/example_branch_python_dop_operator_3.py for tasks to queue
[2026-04-21T19:03:15.149+0530] {logging_mixin.py:190} INFO - [2026-04-21T19:03:15.148+0530] {dagbag.py:588} INFO - Filling up the DagBag from /home/ubantu/miniconda3/envs/airflow-dev/lib/python3.11/site-packages/airflow/example_dags/example_branch_python_dop_operator_3.py
[2026-04-21T19:03:15.157+0530] {processor.py:925} INFO - DAG(s) 'example_branch_dop_operator_v3' retrieved from /home/ubantu/miniconda3/envs/airflow-dev/lib/python3.11/site-packages/airflow/example_dags/example_branch_python_dop_operator_3.py
[2026-04-21T19:03:15.173+0530] {logging_mixin.py:190} INFO - [2026-04-21T19:03:15.172+0530] {dag.py:3239} INFO - Sync 1 DAGs
[2026-04-21T19:03:15.190+0530] {logging_mixin.py:190} INFO - [2026-04-21T19:03:15.190+0530] {dag.py:4180} INFO - Setting next_dagrun for example_branch_dop_operator_v3 to 2026-04-21 13:32:00+00:00, run_after=2026-04-21 13:33:00+00:00
[2026-04-21T19:03:15.207+0530] {processor.py:208} INFO - Processing /home/ubantu/miniconda3/envs/airflow-dev/lib/python3.11/site-packages/airflow/example_dags/example_branch_python_dop_operator_3.py took 0.067 seconds
[2026-04-21T19:05:57.466+0530] {processor.py:186} INFO - Started process (PID=6868) to work on /home/ubantu/miniconda3/envs/airflow-dev/lib/python3.11/site-packages/airflow/example_dags/example_branch_python_dop_operator_3.py
[2026-04-21T19:05:57.467+0530] {processor.py:914} INFO - Processing file /home/ubantu/miniconda3/envs/airflow-dev/lib/python3.11/site-packages/airflow/example_dags/example_branch_python_dop_operator_3.py for tasks to queue
[2026-04-21T19:05:57.468+0530] {logging_mixin.py:190} INFO - [2026-04-21T19:05:57.468+0530] {dagbag.py:588} INFO - Filling up the DagBag from /home/ubantu/miniconda3/envs/airflow-dev/lib/python3.11/site-packages/airflow/example_dags/example_branch_python_dop_operator_3.py
[2026-04-21T19:05:57.477+0530] {processor.py:925} INFO - DAG(s) 'example_branch_dop_operator_v3' retrieved from /home/ubantu/miniconda3/envs/airflow-dev/lib/python3.11/site-packages/airflow/example_dags/example_branch_python_dop_operator_3.py
[2026-04-21T19:05:57.494+0530] {logging_mixin.py:190} INFO - [2026-04-21T19:05:57.493+0530] {dag.py:3239} INFO - Sync 1 DAGs
[2026-04-21T19:05:57.512+0530] {logging_mixin.py:190} INFO - [2026-04-21T19:05:57.512+0530] {dag.py:4180} INFO - Setting next_dagrun for example_branch_dop_operator_v3 to 2026-04-21 13:34:00+00:00, run_after=2026-04-21 13:35:00+00:00
[2026-04-21T19:05:57.530+0530] {processor.py:208} INFO - Processing /home/ubantu/miniconda3/envs/airflow-dev/lib/python3.11/site-packages/airflow/example_dags/example_branch_python_dop_operator_3.py took 0.071 seconds
[2026-04-21T19:07:45.680+0530] {processor.py:186} INFO - Started process (PID=7015) to work on /home/ubantu/miniconda3/envs/airflow-dev/lib/python3.11/site-packages/airflow/example_dags/example_branch_python_dop_operator_3.py
[2026-04-21T19:07:45.681+0530] {processor.py:914} INFO - Processing file /home/ubantu/miniconda3/envs/airflow-dev/lib/python3.11/site-packages/airflow/example_dags/example_branch_python_dop_operator_3.py for tasks to queue
[2026-04-21T19:07:45.683+0530] {logging_mixin.py:190} INFO - [2026-04-21T19:07:45.682+0530] {dagbag.py:588} INFO - Filling up the DagBag from /home/ubantu/miniconda3/envs/airflow-dev/lib/python3.11/site-packages/airflow/example_dags/example_branch_python_dop_operator_3.py
[2026-04-21T19:07:45.689+0530] {processor.py:925} INFO - DAG(s) 'example_branch_dop_operator_v3' retrieved from /home/ubantu/miniconda3/envs/airflow-dev/lib/python3.11/site-packages/airflow/example_dags/example_branch_python_dop_operator_3.py
[2026-04-21T19:07:45.703+0530] {logging_mixin.py:190} INFO - [2026-04-21T19:07:45.703+0530] {dag.py:3239} INFO - Sync 1 DAGs
[2026-04-21T19:07:45.721+0530] {logging_mixin.py:190} INFO - [2026-04-21T19:07:45.721+0530] {dag.py:4180} INFO - Setting next_dagrun for example_branch_dop_operator_v3 to 2026-04-21 13:36:00+00:00, run_after=2026-04-21 13:37:00+00:00
[2026-04-21T19:07:45.739+0530] {processor.py:208} INFO - Processing /home/ubantu/miniconda3/envs/airflow-dev/lib/python3.11/site-packages/airflow/example_dags/example_branch_python_dop_operator_3.py took 0.064 seconds
[2026-04-21T19:10:23.032+0530] {processor.py:186} INFO - Started process (PID=7219) to work on /home/ubantu/miniconda3/envs/airflow-dev/lib/python3.11/site-packages/airflow/example_dags/example_branch_python_dop_operator_3.py
[2026-04-21T19:10:23.033+0530] {processor.py:914} INFO - Processing file /home/ubantu/miniconda3/envs/airflow-dev/lib/python3.11/site-packages/airflow/example_dags/example_branch_python_dop_operator_3.py for tasks to queue
[2026-04-21T19:10:23.034+0530] {logging_mixin.py:190} INFO - [2026-04-21T19:10:23.034+0530] {dagbag.py:588} INFO - Filling up the DagBag from /home/ubantu/miniconda3/envs/airflow-dev/lib/python3.11/site-packages/airflow/example_dags/example_branch_python_dop_operator_3.py
[2026-04-21T19:10:23.043+0530] {processor.py:925} INFO - DAG(s) 'example_branch_dop_operator_v3' retrieved from /home/ubantu/miniconda3/envs/airflow-dev/lib/python3.11/site-packages/airflow/example_dags/example_branch_python_dop_operator_3.py
[2026-04-21T19:10:23.058+0530] {logging_mixin.py:190} INFO - [2026-04-21T19:10:23.057+0530] {dag.py:3239} INFO - Sync 1 DAGs
[2026-04-21T19:10:23.075+0530] {logging_mixin.py:190} INFO - [2026-04-21T19:10:23.075+0530] {dag.py:4180} INFO - Setting next_dagrun for example_branch_dop_operator_v3 to 2026-04-21 13:39:00+00:00, run_after=2026-04-21 13:40:00+00:00
[2026-04-21T19:10:23.091+0530] {processor.py:208} INFO - Processing /home/ubantu/miniconda3/envs/airflow-dev/lib/python3.11/site-packages/airflow/example_dags/example_branch_python_dop_operator_3.py took 0.065 seconds
[2026-04-21T19:12:59.146+0530] {processor.py:186} INFO - Started process (PID=7430) to work on /home/ubantu/miniconda3/envs/airflow-dev/lib/python3.11/site-packages/airflow/example_dags/example_branch_python_dop_operator_3.py
[2026-04-21T19:12:59.147+0530] {processor.py:914} INFO - Processing file /home/ubantu/miniconda3/envs/airflow-dev/lib/python3.11/site-packages/airflow/example_dags/example_branch_python_dop_operator_3.py for tasks to queue
[2026-04-21T19:12:59.148+0530] {logging_mixin.py:190} INFO - [2026-04-21T19:12:59.148+0530] {dagbag.py:588} INFO - Filling up the DagBag from /home/ubantu/miniconda3/envs/airflow-dev/lib/python3.11/site-packages/airflow/example_dags/example_branch_python_dop_operator_3.py
[2026-04-21T19:12:59.156+0530] {processor.py:925} INFO - DAG(s) 'example_branch_dop_operator_v3' retrieved from /home/ubantu/miniconda3/envs/airflow-dev/lib/python3.11/site-packages/airflow/example_dags/example_branch_python_dop_operator_3.py
[2026-04-21T19:12:59.171+0530] {logging_mixin.py:190} INFO - [2026-04-21T19:12:59.171+0530] {dag.py:3239} INFO - Sync 1 DAGs
[2026-04-21T19:12:59.191+0530] {logging_mixin.py:190} INFO - [2026-04-21T19:12:59.191+0530] {dag.py:4180} INFO - Setting next_dagrun for example_branch_dop_operator_v3 to 2026-04-21 13:41:00+00:00, run_after=2026-04-21 13:42:00+00:00
[2026-04-21T19:12:59.211+0530] {processor.py:208} INFO - Processing /home/ubantu/miniconda3/envs/airflow-dev/lib/python3.11/site-packages/airflow/example_dags/example_branch_python_dop_operator_3.py took 0.071 seconds
[2026-04-21T19:14:20.580+0530] {processor.py:186} INFO - Started process (PID=7548) to work on /home/ubantu/miniconda3/envs/airflow-dev/lib/python3.11/site-packages/airflow/example_dags/example_branch_python_dop_operator_3.py
[2026-04-21T19:14:20.581+0530] {processor.py:914} INFO - Processing file /home/ubantu/miniconda3/envs/airflow-dev/lib/python3.11/site-packages/airflow/example_dags/example_branch_python_dop_operator_3.py for tasks to queue
[2026-04-21T19:14:20.583+0530] {logging_mixin.py:190} INFO - [2026-04-21T19:14:20.582+0530] {dagbag.py:588} INFO - Filling up the DagBag from /home/ubantu/miniconda3/envs/airflow-dev/lib/python3.11/site-packages/airflow/example_dags/example_branch_python_dop_operator_3.py
[2026-04-21T19:14:20.591+0530] {processor.py:925} INFO - DAG(s) 'example_branch_dop_operator_v3' retrieved from /home/ubantu/miniconda3/envs/airflow-dev/lib/python3.11/site-packages/airflow/example_dags/example_branch_python_dop_operator_3.py
[2026-04-21T19:14:20.608+0530] {logging_mixin.py:190} INFO - [2026-04-21T19:14:20.608+0530] {dag.py:3239} INFO - Sync 1 DAGs
[2026-04-21T19:14:20.628+0530] {logging_mixin.py:190} INFO - [2026-04-21T19:14:20.628+0530] {dag.py:4180} INFO - Setting next_dagrun for example_branch_dop_operator_v3 to 2026-04-21 13:43:00+00:00, run_after=2026-04-21 13:44:00+00:00
[2026-04-21T19:14:20.647+0530] {processor.py:208} INFO - Processing /home/ubantu/miniconda3/envs/airflow-dev/lib/python3.11/site-packages/airflow/example_dags/example_branch_python_dop_operator_3.py took 0.074 seconds
[2026-04-21T19:15:40.909+0530] {processor.py:186} INFO - Started process (PID=7662) to work on /home/ubantu/miniconda3/envs/airflow-dev/lib/python3.11/site-packages/airflow/example_dags/example_branch_python_dop_operator_3.py
[2026-04-21T19:15:40.910+0530] {processor.py:914} INFO - Processing file /home/ubantu/miniconda3/envs/airflow-dev/lib/python3.11/site-packages/airflow/example_dags/example_branch_python_dop_operator_3.py for tasks to queue
[2026-04-21T19:15:40.912+0530] {logging_mixin.py:190} INFO - [2026-04-21T19:15:40.911+0530] {dagbag.py:588} INFO - Filling up the DagBag from /home/ubantu/miniconda3/envs/airflow-dev/lib/python3.11/site-packages/airflow/example_dags/example_branch_python_dop_operator_3.py
[2026-04-21T19:15:40.919+0530] {processor.py:925} INFO - DAG(s) 'example_branch_dop_operator_v3' retrieved from /home/ubantu/miniconda3/envs/airflow-dev/lib/python3.11/site-packages/airflow/example_dags/example_branch_python_dop_operator_3.py
[2026-04-21T19:15:40.933+0530] {logging_mixin.py:190} INFO - [2026-04-21T19:15:40.933+0530] {dag.py:3239} INFO - Sync 1 DAGs
[2026-04-21T19:15:40.951+0530] {logging_mixin.py:190} INFO - [2026-04-21T19:15:40.951+0530] {dag.py:4180} INFO - Setting next_dagrun for example_branch_dop_operator_v3 to 2026-04-21 13:44:00+00:00, run_after=2026-04-21 13:45:00+00:00
[2026-04-21T19:15:40.969+0530] {processor.py:208} INFO - Processing /home/ubantu/miniconda3/envs/airflow-dev/lib/python3.11/site-packages/airflow/example_dags/example_branch_python_dop_operator_3.py took 0.065 seconds
[2026-04-21T19:23:04.036+0530] {processor.py:186} INFO - Started process (PID=8376) to work on /home/ubantu/airflow-src/airflow/example_dags/example_branch_python_dop_operator_3.py
[2026-04-21T19:23:04.037+0530] {processor.py:914} INFO - Processing file /home/ubantu/airflow-src/airflow/example_dags/example_branch_python_dop_operator_3.py for tasks to queue
[2026-04-21T19:23:04.038+0530] {logging_mixin.py:190} INFO - [2026-04-21T19:23:04.037+0530] {dagbag.py:588} INFO - Filling up the DagBag from /home/ubantu/airflow-src/airflow/example_dags/example_branch_python_dop_operator_3.py
[2026-04-21T19:23:04.045+0530] {processor.py:925} INFO - DAG(s) 'example_branch_dop_operator_v3' retrieved from /home/ubantu/airflow-src/airflow/example_dags/example_branch_python_dop_operator_3.py
[2026-04-21T19:23:04.094+0530] {logging_mixin.py:190} INFO - [2026-04-21T19:23:04.093+0530] {dag.py:3239} INFO - Sync 1 DAGs
[2026-04-21T19:23:04.110+0530] {logging_mixin.py:190} INFO - [2026-04-21T19:23:04.110+0530] {dag.py:4180} INFO - Setting next_dagrun for example_branch_dop_operator_v3 to 2026-04-21 13:52:00+00:00, run_after=2026-04-21 13:53:00+00:00
[2026-04-21T19:23:04.130+0530] {processor.py:208} INFO - Processing /home/ubantu/airflow-src/airflow/example_dags/example_branch_python_dop_operator_3.py took 0.099 seconds
[2026-04-21T19:25:50.113+0530] {processor.py:186} INFO - Started process (PID=8608) to work on /home/ubantu/airflow-src/airflow/example_dags/example_branch_python_dop_operator_3.py
[2026-04-21T19:25:50.114+0530] {processor.py:914} INFO - Processing file /home/ubantu/airflow-src/airflow/example_dags/example_branch_python_dop_operator_3.py for tasks to queue
[2026-04-21T19:25:50.115+0530] {logging_mixin.py:190} INFO - [2026-04-21T19:25:50.115+0530] {dagbag.py:588} INFO - Filling up the DagBag from /home/ubantu/airflow-src/airflow/example_dags/example_branch_python_dop_operator_3.py
[2026-04-21T19:25:50.124+0530] {processor.py:925} INFO - DAG(s) 'example_branch_dop_operator_v3' retrieved from /home/ubantu/airflow-src/airflow/example_dags/example_branch_python_dop_operator_3.py
[2026-04-21T19:25:50.140+0530] {logging_mixin.py:190} INFO - [2026-04-21T19:25:50.139+0530] {dag.py:3239} INFO - Sync 1 DAGs
[2026-04-21T19:25:50.160+0530] {logging_mixin.py:190} INFO - [2026-04-21T19:25:50.160+0530] {dag.py:4180} INFO - Setting next_dagrun for example_branch_dop_operator_v3 to 2026-04-21 13:54:00+00:00, run_after=2026-04-21 13:55:00+00:00
[2026-04-21T19:25:50.176+0530] {processor.py:208} INFO - Processing /home/ubantu/airflow-src/airflow/example_dags/example_branch_python_dop_operator_3.py took 0.069 seconds
