[2026-04-21T18:46:30.018+0530] {processor.py:186} INFO - Started process (PID=5460) to work on /home/ubantu/miniconda3/envs/airflow-dev/lib/python3.11/site-packages/airflow/example_dags/example_dataset_alias.py
[2026-04-21T18:46:30.019+0530] {processor.py:914} INFO - Processing file /home/ubantu/miniconda3/envs/airflow-dev/lib/python3.11/site-packages/airflow/example_dags/example_dataset_alias.py for tasks to queue
[2026-04-21T18:46:30.021+0530] {logging_mixin.py:190} INFO - [2026-04-21T18:46:30.020+0530] {dagbag.py:588} INFO - Filling up the DagBag from /home/ubantu/miniconda3/envs/airflow-dev/lib/python3.11/site-packages/airflow/example_dags/example_dataset_alias.py
[2026-04-21T18:46:30.046+0530] {processor.py:925} INFO - DAG(s) 'dataset_s3_bucket_consumer', 'dataset_s3_bucket_producer', 'dataset_alias_example_alias_producer', 'dataset_alias_example_alias_consumer' retrieved from /home/ubantu/miniconda3/envs/airflow-dev/lib/python3.11/site-packages/airflow/example_dags/example_dataset_alias.py
[2026-04-21T18:46:30.166+0530] {logging_mixin.py:190} INFO - [2026-04-21T18:46:30.166+0530] {dag.py:3239} INFO - Sync 4 DAGs
[2026-04-21T18:46:30.275+0530] {logging_mixin.py:190} INFO - [2026-04-21T18:46:30.275+0530] {dag.py:4180} INFO - Setting next_dagrun for dataset_alias_example_alias_consumer to None, run_after=None
[2026-04-21T18:46:30.277+0530] {logging_mixin.py:190} INFO - [2026-04-21T18:46:30.277+0530] {dag.py:4180} INFO - Setting next_dagrun for dataset_alias_example_alias_producer to None, run_after=None
[2026-04-21T18:46:30.278+0530] {logging_mixin.py:190} INFO - [2026-04-21T18:46:30.278+0530] {dag.py:4180} INFO - Setting next_dagrun for dataset_s3_bucket_consumer to None, run_after=None
[2026-04-21T18:46:30.279+0530] {logging_mixin.py:190} INFO - [2026-04-21T18:46:30.279+0530] {dag.py:4180} INFO - Setting next_dagrun for dataset_s3_bucket_producer to None, run_after=None
[2026-04-21T18:46:30.298+0530] {processor.py:208} INFO - Processing /home/ubantu/miniconda3/envs/airflow-dev/lib/python3.11/site-packages/airflow/example_dags/example_dataset_alias.py took 0.286 seconds
[2026-04-21T18:48:22.875+0530] {processor.py:186} INFO - Started process (PID=5647) to work on /home/ubantu/miniconda3/envs/airflow-dev/lib/python3.11/site-packages/airflow/example_dags/example_dataset_alias.py
[2026-04-21T18:48:22.876+0530] {processor.py:914} INFO - Processing file /home/ubantu/miniconda3/envs/airflow-dev/lib/python3.11/site-packages/airflow/example_dags/example_dataset_alias.py for tasks to queue
[2026-04-21T18:48:22.878+0530] {logging_mixin.py:190} INFO - [2026-04-21T18:48:22.877+0530] {dagbag.py:588} INFO - Filling up the DagBag from /home/ubantu/miniconda3/envs/airflow-dev/lib/python3.11/site-packages/airflow/example_dags/example_dataset_alias.py
[2026-04-21T18:48:22.901+0530] {processor.py:925} INFO - DAG(s) 'dataset_s3_bucket_producer', 'dataset_alias_example_alias_producer', 'dataset_alias_example_alias_consumer', 'dataset_s3_bucket_consumer' retrieved from /home/ubantu/miniconda3/envs/airflow-dev/lib/python3.11/site-packages/airflow/example_dags/example_dataset_alias.py
[2026-04-21T18:48:22.918+0530] {logging_mixin.py:190} INFO - [2026-04-21T18:48:22.918+0530] {dag.py:3239} INFO - Sync 4 DAGs
[2026-04-21T18:48:23.031+0530] {logging_mixin.py:190} INFO - [2026-04-21T18:48:23.031+0530] {dag.py:4180} INFO - Setting next_dagrun for dataset_alias_example_alias_consumer to None, run_after=None
[2026-04-21T18:48:23.033+0530] {logging_mixin.py:190} INFO - [2026-04-21T18:48:23.033+0530] {dag.py:4180} INFO - Setting next_dagrun for dataset_alias_example_alias_producer to None, run_after=None
[2026-04-21T18:48:23.034+0530] {logging_mixin.py:190} INFO - [2026-04-21T18:48:23.034+0530] {dag.py:4180} INFO - Setting next_dagrun for dataset_s3_bucket_consumer to None, run_after=None
[2026-04-21T18:48:23.035+0530] {logging_mixin.py:190} INFO - [2026-04-21T18:48:23.035+0530] {dag.py:4180} INFO - Setting next_dagrun for dataset_s3_bucket_producer to None, run_after=None
[2026-04-21T18:48:23.052+0530] {processor.py:208} INFO - Processing /home/ubantu/miniconda3/envs/airflow-dev/lib/python3.11/site-packages/airflow/example_dags/example_dataset_alias.py took 0.183 seconds
[2026-04-21T18:49:48.149+0530] {processor.py:186} INFO - Started process (PID=5763) to work on /home/ubantu/miniconda3/envs/airflow-dev/lib/python3.11/site-packages/airflow/example_dags/example_dataset_alias.py
[2026-04-21T18:49:48.150+0530] {processor.py:914} INFO - Processing file /home/ubantu/miniconda3/envs/airflow-dev/lib/python3.11/site-packages/airflow/example_dags/example_dataset_alias.py for tasks to queue
[2026-04-21T18:49:48.152+0530] {logging_mixin.py:190} INFO - [2026-04-21T18:49:48.152+0530] {dagbag.py:588} INFO - Filling up the DagBag from /home/ubantu/miniconda3/envs/airflow-dev/lib/python3.11/site-packages/airflow/example_dags/example_dataset_alias.py
[2026-04-21T18:49:48.176+0530] {processor.py:925} INFO - DAG(s) 'dataset_s3_bucket_producer', 'dataset_alias_example_alias_producer', 'dataset_alias_example_alias_consumer', 'dataset_s3_bucket_consumer' retrieved from /home/ubantu/miniconda3/envs/airflow-dev/lib/python3.11/site-packages/airflow/example_dags/example_dataset_alias.py
[2026-04-21T18:49:48.194+0530] {logging_mixin.py:190} INFO - [2026-04-21T18:49:48.194+0530] {dag.py:3239} INFO - Sync 4 DAGs
[2026-04-21T18:49:48.212+0530] {logging_mixin.py:190} INFO - [2026-04-21T18:49:48.212+0530] {dag.py:4180} INFO - Setting next_dagrun for dataset_alias_example_alias_consumer to None, run_after=None
[2026-04-21T18:49:48.214+0530] {logging_mixin.py:190} INFO - [2026-04-21T18:49:48.214+0530] {dag.py:4180} INFO - Setting next_dagrun for dataset_alias_example_alias_producer to None, run_after=None
[2026-04-21T18:49:48.215+0530] {logging_mixin.py:190} INFO - [2026-04-21T18:49:48.215+0530] {dag.py:4180} INFO - Setting next_dagrun for dataset_s3_bucket_consumer to None, run_after=None
[2026-04-21T18:49:48.216+0530] {logging_mixin.py:190} INFO - [2026-04-21T18:49:48.216+0530] {dag.py:4180} INFO - Setting next_dagrun for dataset_s3_bucket_producer to None, run_after=None
[2026-04-21T18:49:48.235+0530] {processor.py:208} INFO - Processing /home/ubantu/miniconda3/envs/airflow-dev/lib/python3.11/site-packages/airflow/example_dags/example_dataset_alias.py took 0.091 seconds
[2026-04-21T18:51:08.674+0530] {processor.py:186} INFO - Started process (PID=5872) to work on /home/ubantu/miniconda3/envs/airflow-dev/lib/python3.11/site-packages/airflow/example_dags/example_dataset_alias.py
[2026-04-21T18:51:08.675+0530] {processor.py:914} INFO - Processing file /home/ubantu/miniconda3/envs/airflow-dev/lib/python3.11/site-packages/airflow/example_dags/example_dataset_alias.py for tasks to queue
[2026-04-21T18:51:08.677+0530] {logging_mixin.py:190} INFO - [2026-04-21T18:51:08.677+0530] {dagbag.py:588} INFO - Filling up the DagBag from /home/ubantu/miniconda3/envs/airflow-dev/lib/python3.11/site-packages/airflow/example_dags/example_dataset_alias.py
[2026-04-21T18:51:08.701+0530] {processor.py:925} INFO - DAG(s) 'dataset_s3_bucket_producer', 'dataset_s3_bucket_consumer', 'dataset_alias_example_alias_producer', 'dataset_alias_example_alias_consumer' retrieved from /home/ubantu/miniconda3/envs/airflow-dev/lib/python3.11/site-packages/airflow/example_dags/example_dataset_alias.py
[2026-04-21T18:51:08.718+0530] {logging_mixin.py:190} INFO - [2026-04-21T18:51:08.718+0530] {dag.py:3239} INFO - Sync 4 DAGs
[2026-04-21T18:51:08.735+0530] {logging_mixin.py:190} INFO - [2026-04-21T18:51:08.735+0530] {dag.py:4180} INFO - Setting next_dagrun for dataset_alias_example_alias_consumer to None, run_after=None
[2026-04-21T18:51:08.737+0530] {logging_mixin.py:190} INFO - [2026-04-21T18:51:08.737+0530] {dag.py:4180} INFO - Setting next_dagrun for dataset_alias_example_alias_producer to None, run_after=None
[2026-04-21T18:51:08.738+0530] {logging_mixin.py:190} INFO - [2026-04-21T18:51:08.738+0530] {dag.py:4180} INFO - Setting next_dagrun for dataset_s3_bucket_consumer to None, run_after=None
[2026-04-21T18:51:08.738+0530] {logging_mixin.py:190} INFO - [2026-04-21T18:51:08.738+0530] {dag.py:4180} INFO - Setting next_dagrun for dataset_s3_bucket_producer to None, run_after=None
[2026-04-21T18:51:08.759+0530] {processor.py:208} INFO - Processing /home/ubantu/miniconda3/envs/airflow-dev/lib/python3.11/site-packages/airflow/example_dags/example_dataset_alias.py took 0.091 seconds
[2026-04-21T18:52:27.459+0530] {processor.py:186} INFO - Started process (PID=5978) to work on /home/ubantu/miniconda3/envs/airflow-dev/lib/python3.11/site-packages/airflow/example_dags/example_dataset_alias.py
[2026-04-21T18:52:27.460+0530] {processor.py:914} INFO - Processing file /home/ubantu/miniconda3/envs/airflow-dev/lib/python3.11/site-packages/airflow/example_dags/example_dataset_alias.py for tasks to queue
[2026-04-21T18:52:27.462+0530] {logging_mixin.py:190} INFO - [2026-04-21T18:52:27.462+0530] {dagbag.py:588} INFO - Filling up the DagBag from /home/ubantu/miniconda3/envs/airflow-dev/lib/python3.11/site-packages/airflow/example_dags/example_dataset_alias.py
[2026-04-21T18:52:27.486+0530] {processor.py:925} INFO - DAG(s) 'dataset_s3_bucket_producer', 'dataset_alias_example_alias_producer', 'dataset_alias_example_alias_consumer', 'dataset_s3_bucket_consumer' retrieved from /home/ubantu/miniconda3/envs/airflow-dev/lib/python3.11/site-packages/airflow/example_dags/example_dataset_alias.py
[2026-04-21T18:52:27.503+0530] {logging_mixin.py:190} INFO - [2026-04-21T18:52:27.503+0530] {dag.py:3239} INFO - Sync 4 DAGs
[2026-04-21T18:52:27.519+0530] {logging_mixin.py:190} INFO - [2026-04-21T18:52:27.519+0530] {dag.py:4180} INFO - Setting next_dagrun for dataset_alias_example_alias_consumer to None, run_after=None
[2026-04-21T18:52:27.521+0530] {logging_mixin.py:190} INFO - [2026-04-21T18:52:27.521+0530] {dag.py:4180} INFO - Setting next_dagrun for dataset_alias_example_alias_producer to None, run_after=None
[2026-04-21T18:52:27.522+0530] {logging_mixin.py:190} INFO - [2026-04-21T18:52:27.522+0530] {dag.py:4180} INFO - Setting next_dagrun for dataset_s3_bucket_consumer to None, run_after=None
[2026-04-21T18:52:27.523+0530] {logging_mixin.py:190} INFO - [2026-04-21T18:52:27.522+0530] {dag.py:4180} INFO - Setting next_dagrun for dataset_s3_bucket_producer to None, run_after=None
[2026-04-21T18:52:27.541+0530] {processor.py:208} INFO - Processing /home/ubantu/miniconda3/envs/airflow-dev/lib/python3.11/site-packages/airflow/example_dags/example_dataset_alias.py took 0.089 seconds
[2026-04-21T18:55:05.494+0530] {processor.py:186} INFO - Started process (PID=6212) to work on /home/ubantu/miniconda3/envs/airflow-dev/lib/python3.11/site-packages/airflow/example_dags/example_dataset_alias.py
[2026-04-21T18:55:05.495+0530] {processor.py:914} INFO - Processing file /home/ubantu/miniconda3/envs/airflow-dev/lib/python3.11/site-packages/airflow/example_dags/example_dataset_alias.py for tasks to queue
[2026-04-21T18:55:05.498+0530] {logging_mixin.py:190} INFO - [2026-04-21T18:55:05.497+0530] {dagbag.py:588} INFO - Filling up the DagBag from /home/ubantu/miniconda3/envs/airflow-dev/lib/python3.11/site-packages/airflow/example_dags/example_dataset_alias.py
[2026-04-21T18:55:05.520+0530] {processor.py:925} INFO - DAG(s) 'dataset_alias_example_alias_producer', 'dataset_alias_example_alias_consumer', 'dataset_s3_bucket_producer', 'dataset_s3_bucket_consumer' retrieved from /home/ubantu/miniconda3/envs/airflow-dev/lib/python3.11/site-packages/airflow/example_dags/example_dataset_alias.py
[2026-04-21T18:55:05.537+0530] {logging_mixin.py:190} INFO - [2026-04-21T18:55:05.536+0530] {dag.py:3239} INFO - Sync 4 DAGs
[2026-04-21T18:55:05.553+0530] {logging_mixin.py:190} INFO - [2026-04-21T18:55:05.553+0530] {dag.py:4180} INFO - Setting next_dagrun for dataset_alias_example_alias_consumer to None, run_after=None
[2026-04-21T18:55:05.555+0530] {logging_mixin.py:190} INFO - [2026-04-21T18:55:05.555+0530] {dag.py:4180} INFO - Setting next_dagrun for dataset_alias_example_alias_producer to None, run_after=None
[2026-04-21T18:55:05.556+0530] {logging_mixin.py:190} INFO - [2026-04-21T18:55:05.556+0530] {dag.py:4180} INFO - Setting next_dagrun for dataset_s3_bucket_consumer to None, run_after=None
[2026-04-21T18:55:05.557+0530] {logging_mixin.py:190} INFO - [2026-04-21T18:55:05.557+0530] {dag.py:4180} INFO - Setting next_dagrun for dataset_s3_bucket_producer to None, run_after=None
[2026-04-21T18:55:05.575+0530] {processor.py:208} INFO - Processing /home/ubantu/miniconda3/envs/airflow-dev/lib/python3.11/site-packages/airflow/example_dags/example_dataset_alias.py took 0.086 seconds
[2026-04-21T18:56:25.163+0530] {processor.py:186} INFO - Started process (PID=6331) to work on /home/ubantu/miniconda3/envs/airflow-dev/lib/python3.11/site-packages/airflow/example_dags/example_dataset_alias.py
[2026-04-21T18:56:25.164+0530] {processor.py:914} INFO - Processing file /home/ubantu/miniconda3/envs/airflow-dev/lib/python3.11/site-packages/airflow/example_dags/example_dataset_alias.py for tasks to queue
[2026-04-21T18:56:25.166+0530] {logging_mixin.py:190} INFO - [2026-04-21T18:56:25.166+0530] {dagbag.py:588} INFO - Filling up the DagBag from /home/ubantu/miniconda3/envs/airflow-dev/lib/python3.11/site-packages/airflow/example_dags/example_dataset_alias.py
[2026-04-21T18:56:25.191+0530] {processor.py:925} INFO - DAG(s) 'dataset_s3_bucket_producer', 'dataset_alias_example_alias_producer', 'dataset_s3_bucket_consumer', 'dataset_alias_example_alias_consumer' retrieved from /home/ubantu/miniconda3/envs/airflow-dev/lib/python3.11/site-packages/airflow/example_dags/example_dataset_alias.py
[2026-04-21T18:56:25.213+0530] {logging_mixin.py:190} INFO - [2026-04-21T18:56:25.212+0530] {dag.py:3239} INFO - Sync 4 DAGs
[2026-04-21T18:56:25.230+0530] {logging_mixin.py:190} INFO - [2026-04-21T18:56:25.230+0530] {dag.py:4180} INFO - Setting next_dagrun for dataset_alias_example_alias_consumer to None, run_after=None
[2026-04-21T18:56:25.232+0530] {logging_mixin.py:190} INFO - [2026-04-21T18:56:25.232+0530] {dag.py:4180} INFO - Setting next_dagrun for dataset_alias_example_alias_producer to None, run_after=None
[2026-04-21T18:56:25.233+0530] {logging_mixin.py:190} INFO - [2026-04-21T18:56:25.233+0530] {dag.py:4180} INFO - Setting next_dagrun for dataset_s3_bucket_consumer to None, run_after=None
[2026-04-21T18:56:25.234+0530] {logging_mixin.py:190} INFO - [2026-04-21T18:56:25.234+0530] {dag.py:4180} INFO - Setting next_dagrun for dataset_s3_bucket_producer to None, run_after=None
[2026-04-21T18:56:25.252+0530] {processor.py:208} INFO - Processing /home/ubantu/miniconda3/envs/airflow-dev/lib/python3.11/site-packages/airflow/example_dags/example_dataset_alias.py took 0.095 seconds
[2026-04-21T19:01:21.991+0530] {processor.py:186} INFO - Started process (PID=6557) to work on /home/ubantu/miniconda3/envs/airflow-dev/lib/python3.11/site-packages/airflow/example_dags/example_dataset_alias.py
[2026-04-21T19:01:21.992+0530] {processor.py:914} INFO - Processing file /home/ubantu/miniconda3/envs/airflow-dev/lib/python3.11/site-packages/airflow/example_dags/example_dataset_alias.py for tasks to queue
[2026-04-21T19:01:21.993+0530] {logging_mixin.py:190} INFO - [2026-04-21T19:01:21.993+0530] {dagbag.py:588} INFO - Filling up the DagBag from /home/ubantu/miniconda3/envs/airflow-dev/lib/python3.11/site-packages/airflow/example_dags/example_dataset_alias.py
[2026-04-21T19:01:22.013+0530] {processor.py:925} INFO - DAG(s) 'dataset_alias_example_alias_consumer', 'dataset_alias_example_alias_producer', 'dataset_s3_bucket_consumer', 'dataset_s3_bucket_producer' retrieved from /home/ubantu/miniconda3/envs/airflow-dev/lib/python3.11/site-packages/airflow/example_dags/example_dataset_alias.py
[2026-04-21T19:01:22.032+0530] {logging_mixin.py:190} INFO - [2026-04-21T19:01:22.032+0530] {dag.py:3239} INFO - Sync 4 DAGs
[2026-04-21T19:01:22.047+0530] {logging_mixin.py:190} INFO - [2026-04-21T19:01:22.047+0530] {dag.py:4180} INFO - Setting next_dagrun for dataset_alias_example_alias_consumer to None, run_after=None
[2026-04-21T19:01:22.049+0530] {logging_mixin.py:190} INFO - [2026-04-21T19:01:22.049+0530] {dag.py:4180} INFO - Setting next_dagrun for dataset_alias_example_alias_producer to None, run_after=None
[2026-04-21T19:01:22.050+0530] {logging_mixin.py:190} INFO - [2026-04-21T19:01:22.050+0530] {dag.py:4180} INFO - Setting next_dagrun for dataset_s3_bucket_consumer to None, run_after=None
[2026-04-21T19:01:22.051+0530] {logging_mixin.py:190} INFO - [2026-04-21T19:01:22.051+0530] {dag.py:4180} INFO - Setting next_dagrun for dataset_s3_bucket_producer to None, run_after=None
[2026-04-21T19:01:22.070+0530] {processor.py:208} INFO - Processing /home/ubantu/miniconda3/envs/airflow-dev/lib/python3.11/site-packages/airflow/example_dags/example_dataset_alias.py took 0.085 seconds
[2026-04-21T19:03:11.607+0530] {processor.py:186} INFO - Started process (PID=6699) to work on /home/ubantu/miniconda3/envs/airflow-dev/lib/python3.11/site-packages/airflow/example_dags/example_dataset_alias.py
[2026-04-21T19:03:11.608+0530] {processor.py:914} INFO - Processing file /home/ubantu/miniconda3/envs/airflow-dev/lib/python3.11/site-packages/airflow/example_dags/example_dataset_alias.py for tasks to queue
[2026-04-21T19:03:11.609+0530] {logging_mixin.py:190} INFO - [2026-04-21T19:03:11.609+0530] {dagbag.py:588} INFO - Filling up the DagBag from /home/ubantu/miniconda3/envs/airflow-dev/lib/python3.11/site-packages/airflow/example_dags/example_dataset_alias.py
[2026-04-21T19:03:11.629+0530] {processor.py:925} INFO - DAG(s) 'dataset_alias_example_alias_consumer', 'dataset_s3_bucket_consumer', 'dataset_alias_example_alias_producer', 'dataset_s3_bucket_producer' retrieved from /home/ubantu/miniconda3/envs/airflow-dev/lib/python3.11/site-packages/airflow/example_dags/example_dataset_alias.py
[2026-04-21T19:03:11.648+0530] {logging_mixin.py:190} INFO - [2026-04-21T19:03:11.648+0530] {dag.py:3239} INFO - Sync 4 DAGs
[2026-04-21T19:03:11.663+0530] {logging_mixin.py:190} INFO - [2026-04-21T19:03:11.663+0530] {dag.py:4180} INFO - Setting next_dagrun for dataset_alias_example_alias_consumer to None, run_after=None
[2026-04-21T19:03:11.665+0530] {logging_mixin.py:190} INFO - [2026-04-21T19:03:11.665+0530] {dag.py:4180} INFO - Setting next_dagrun for dataset_alias_example_alias_producer to None, run_after=None
[2026-04-21T19:03:11.666+0530] {logging_mixin.py:190} INFO - [2026-04-21T19:03:11.666+0530] {dag.py:4180} INFO - Setting next_dagrun for dataset_s3_bucket_consumer to None, run_after=None
[2026-04-21T19:03:11.667+0530] {logging_mixin.py:190} INFO - [2026-04-21T19:03:11.667+0530] {dag.py:4180} INFO - Setting next_dagrun for dataset_s3_bucket_producer to None, run_after=None
[2026-04-21T19:03:11.686+0530] {processor.py:208} INFO - Processing /home/ubantu/miniconda3/envs/airflow-dev/lib/python3.11/site-packages/airflow/example_dags/example_dataset_alias.py took 0.085 seconds
[2026-04-21T19:05:54.075+0530] {processor.py:186} INFO - Started process (PID=6856) to work on /home/ubantu/miniconda3/envs/airflow-dev/lib/python3.11/site-packages/airflow/example_dags/example_dataset_alias.py
[2026-04-21T19:05:54.076+0530] {processor.py:914} INFO - Processing file /home/ubantu/miniconda3/envs/airflow-dev/lib/python3.11/site-packages/airflow/example_dags/example_dataset_alias.py for tasks to queue
[2026-04-21T19:05:54.077+0530] {logging_mixin.py:190} INFO - [2026-04-21T19:05:54.077+0530] {dagbag.py:588} INFO - Filling up the DagBag from /home/ubantu/miniconda3/envs/airflow-dev/lib/python3.11/site-packages/airflow/example_dags/example_dataset_alias.py
[2026-04-21T19:05:54.097+0530] {processor.py:925} INFO - DAG(s) 'dataset_s3_bucket_consumer', 'dataset_alias_example_alias_consumer', 'dataset_alias_example_alias_producer', 'dataset_s3_bucket_producer' retrieved from /home/ubantu/miniconda3/envs/airflow-dev/lib/python3.11/site-packages/airflow/example_dags/example_dataset_alias.py
[2026-04-21T19:05:54.115+0530] {logging_mixin.py:190} INFO - [2026-04-21T19:05:54.115+0530] {dag.py:3239} INFO - Sync 4 DAGs
[2026-04-21T19:05:54.130+0530] {logging_mixin.py:190} INFO - [2026-04-21T19:05:54.129+0530] {dag.py:4180} INFO - Setting next_dagrun for dataset_alias_example_alias_consumer to None, run_after=None
[2026-04-21T19:05:54.132+0530] {logging_mixin.py:190} INFO - [2026-04-21T19:05:54.131+0530] {dag.py:4180} INFO - Setting next_dagrun for dataset_alias_example_alias_producer to None, run_after=None
[2026-04-21T19:05:54.132+0530] {logging_mixin.py:190} INFO - [2026-04-21T19:05:54.132+0530] {dag.py:4180} INFO - Setting next_dagrun for dataset_s3_bucket_consumer to None, run_after=None
[2026-04-21T19:05:54.133+0530] {logging_mixin.py:190} INFO - [2026-04-21T19:05:54.133+0530] {dag.py:4180} INFO - Setting next_dagrun for dataset_s3_bucket_producer to None, run_after=None
[2026-04-21T19:05:54.154+0530] {processor.py:208} INFO - Processing /home/ubantu/miniconda3/envs/airflow-dev/lib/python3.11/site-packages/airflow/example_dags/example_dataset_alias.py took 0.085 seconds
[2026-04-21T19:07:43.109+0530] {processor.py:186} INFO - Started process (PID=7012) to work on /home/ubantu/miniconda3/envs/airflow-dev/lib/python3.11/site-packages/airflow/example_dags/example_dataset_alias.py
[2026-04-21T19:07:43.110+0530] {processor.py:914} INFO - Processing file /home/ubantu/miniconda3/envs/airflow-dev/lib/python3.11/site-packages/airflow/example_dags/example_dataset_alias.py for tasks to queue
[2026-04-21T19:07:43.112+0530] {logging_mixin.py:190} INFO - [2026-04-21T19:07:43.111+0530] {dagbag.py:588} INFO - Filling up the DagBag from /home/ubantu/miniconda3/envs/airflow-dev/lib/python3.11/site-packages/airflow/example_dags/example_dataset_alias.py
[2026-04-21T19:07:43.135+0530] {processor.py:925} INFO - DAG(s) 'dataset_alias_example_alias_consumer', 'dataset_alias_example_alias_producer', 'dataset_s3_bucket_producer', 'dataset_s3_bucket_consumer' retrieved from /home/ubantu/miniconda3/envs/airflow-dev/lib/python3.11/site-packages/airflow/example_dags/example_dataset_alias.py
[2026-04-21T19:07:43.155+0530] {logging_mixin.py:190} INFO - [2026-04-21T19:07:43.155+0530] {dag.py:3239} INFO - Sync 4 DAGs
[2026-04-21T19:07:43.170+0530] {logging_mixin.py:190} INFO - [2026-04-21T19:07:43.170+0530] {dag.py:4180} INFO - Setting next_dagrun for dataset_alias_example_alias_consumer to None, run_after=None
[2026-04-21T19:07:43.172+0530] {logging_mixin.py:190} INFO - [2026-04-21T19:07:43.171+0530] {dag.py:4180} INFO - Setting next_dagrun for dataset_alias_example_alias_producer to None, run_after=None
[2026-04-21T19:07:43.172+0530] {logging_mixin.py:190} INFO - [2026-04-21T19:07:43.172+0530] {dag.py:4180} INFO - Setting next_dagrun for dataset_s3_bucket_consumer to None, run_after=None
[2026-04-21T19:07:43.173+0530] {logging_mixin.py:190} INFO - [2026-04-21T19:07:43.173+0530] {dag.py:4180} INFO - Setting next_dagrun for dataset_s3_bucket_producer to None, run_after=None
[2026-04-21T19:07:43.192+0530] {processor.py:208} INFO - Processing /home/ubantu/miniconda3/envs/airflow-dev/lib/python3.11/site-packages/airflow/example_dags/example_dataset_alias.py took 0.090 seconds
[2026-04-21T19:09:01.401+0530] {processor.py:186} INFO - Started process (PID=7112) to work on /home/ubantu/miniconda3/envs/airflow-dev/lib/python3.11/site-packages/airflow/example_dags/example_dataset_alias.py
[2026-04-21T19:09:01.402+0530] {processor.py:914} INFO - Processing file /home/ubantu/miniconda3/envs/airflow-dev/lib/python3.11/site-packages/airflow/example_dags/example_dataset_alias.py for tasks to queue
[2026-04-21T19:09:01.404+0530] {logging_mixin.py:190} INFO - [2026-04-21T19:09:01.403+0530] {dagbag.py:588} INFO - Filling up the DagBag from /home/ubantu/miniconda3/envs/airflow-dev/lib/python3.11/site-packages/airflow/example_dags/example_dataset_alias.py
[2026-04-21T19:09:01.426+0530] {processor.py:925} INFO - DAG(s) 'dataset_alias_example_alias_consumer', 'dataset_s3_bucket_producer', 'dataset_alias_example_alias_producer', 'dataset_s3_bucket_consumer' retrieved from /home/ubantu/miniconda3/envs/airflow-dev/lib/python3.11/site-packages/airflow/example_dags/example_dataset_alias.py
[2026-04-21T19:09:01.444+0530] {logging_mixin.py:190} INFO - [2026-04-21T19:09:01.444+0530] {dag.py:3239} INFO - Sync 4 DAGs
[2026-04-21T19:09:01.458+0530] {logging_mixin.py:190} INFO - [2026-04-21T19:09:01.458+0530] {dag.py:4180} INFO - Setting next_dagrun for dataset_alias_example_alias_consumer to None, run_after=None
[2026-04-21T19:09:01.460+0530] {logging_mixin.py:190} INFO - [2026-04-21T19:09:01.459+0530] {dag.py:4180} INFO - Setting next_dagrun for dataset_alias_example_alias_producer to None, run_after=None
[2026-04-21T19:09:01.460+0530] {logging_mixin.py:190} INFO - [2026-04-21T19:09:01.460+0530] {dag.py:4180} INFO - Setting next_dagrun for dataset_s3_bucket_consumer to None, run_after=None
[2026-04-21T19:09:01.461+0530] {logging_mixin.py:190} INFO - [2026-04-21T19:09:01.461+0530] {dag.py:4180} INFO - Setting next_dagrun for dataset_s3_bucket_producer to None, run_after=None
[2026-04-21T19:09:01.479+0530] {processor.py:208} INFO - Processing /home/ubantu/miniconda3/envs/airflow-dev/lib/python3.11/site-packages/airflow/example_dags/example_dataset_alias.py took 0.086 seconds
[2026-04-21T19:10:20.162+0530] {processor.py:186} INFO - Started process (PID=7215) to work on /home/ubantu/miniconda3/envs/airflow-dev/lib/python3.11/site-packages/airflow/example_dags/example_dataset_alias.py
[2026-04-21T19:10:20.163+0530] {processor.py:914} INFO - Processing file /home/ubantu/miniconda3/envs/airflow-dev/lib/python3.11/site-packages/airflow/example_dags/example_dataset_alias.py for tasks to queue
[2026-04-21T19:10:20.165+0530] {logging_mixin.py:190} INFO - [2026-04-21T19:10:20.164+0530] {dagbag.py:588} INFO - Filling up the DagBag from /home/ubantu/miniconda3/envs/airflow-dev/lib/python3.11/site-packages/airflow/example_dags/example_dataset_alias.py
[2026-04-21T19:10:20.187+0530] {processor.py:925} INFO - DAG(s) 'dataset_alias_example_alias_producer', 'dataset_alias_example_alias_consumer', 'dataset_s3_bucket_consumer', 'dataset_s3_bucket_producer' retrieved from /home/ubantu/miniconda3/envs/airflow-dev/lib/python3.11/site-packages/airflow/example_dags/example_dataset_alias.py
[2026-04-21T19:10:20.205+0530] {logging_mixin.py:190} INFO - [2026-04-21T19:10:20.204+0530] {dag.py:3239} INFO - Sync 4 DAGs
[2026-04-21T19:10:20.218+0530] {logging_mixin.py:190} INFO - [2026-04-21T19:10:20.218+0530] {dag.py:4180} INFO - Setting next_dagrun for dataset_alias_example_alias_consumer to None, run_after=None
[2026-04-21T19:10:20.220+0530] {logging_mixin.py:190} INFO - [2026-04-21T19:10:20.220+0530] {dag.py:4180} INFO - Setting next_dagrun for dataset_alias_example_alias_producer to None, run_after=None
[2026-04-21T19:10:20.221+0530] {logging_mixin.py:190} INFO - [2026-04-21T19:10:20.221+0530] {dag.py:4180} INFO - Setting next_dagrun for dataset_s3_bucket_consumer to None, run_after=None
[2026-04-21T19:10:20.222+0530] {logging_mixin.py:190} INFO - [2026-04-21T19:10:20.221+0530] {dag.py:4180} INFO - Setting next_dagrun for dataset_s3_bucket_producer to None, run_after=None
[2026-04-21T19:10:20.240+0530] {processor.py:208} INFO - Processing /home/ubantu/miniconda3/envs/airflow-dev/lib/python3.11/site-packages/airflow/example_dags/example_dataset_alias.py took 0.084 seconds
[2026-04-21T19:11:37.021+0530] {processor.py:186} INFO - Started process (PID=7320) to work on /home/ubantu/miniconda3/envs/airflow-dev/lib/python3.11/site-packages/airflow/example_dags/example_dataset_alias.py
[2026-04-21T19:11:37.022+0530] {processor.py:914} INFO - Processing file /home/ubantu/miniconda3/envs/airflow-dev/lib/python3.11/site-packages/airflow/example_dags/example_dataset_alias.py for tasks to queue
[2026-04-21T19:11:37.023+0530] {logging_mixin.py:190} INFO - [2026-04-21T19:11:37.023+0530] {dagbag.py:588} INFO - Filling up the DagBag from /home/ubantu/miniconda3/envs/airflow-dev/lib/python3.11/site-packages/airflow/example_dags/example_dataset_alias.py
[2026-04-21T19:11:37.045+0530] {processor.py:925} INFO - DAG(s) 'dataset_s3_bucket_producer', 'dataset_alias_example_alias_producer', 'dataset_alias_example_alias_consumer', 'dataset_s3_bucket_consumer' retrieved from /home/ubantu/miniconda3/envs/airflow-dev/lib/python3.11/site-packages/airflow/example_dags/example_dataset_alias.py
[2026-04-21T19:11:37.063+0530] {logging_mixin.py:190} INFO - [2026-04-21T19:11:37.063+0530] {dag.py:3239} INFO - Sync 4 DAGs
[2026-04-21T19:11:37.077+0530] {logging_mixin.py:190} INFO - [2026-04-21T19:11:37.077+0530] {dag.py:4180} INFO - Setting next_dagrun for dataset_alias_example_alias_consumer to None, run_after=None
[2026-04-21T19:11:37.079+0530] {logging_mixin.py:190} INFO - [2026-04-21T19:11:37.079+0530] {dag.py:4180} INFO - Setting next_dagrun for dataset_alias_example_alias_producer to None, run_after=None
[2026-04-21T19:11:37.080+0530] {logging_mixin.py:190} INFO - [2026-04-21T19:11:37.079+0530] {dag.py:4180} INFO - Setting next_dagrun for dataset_s3_bucket_consumer to None, run_after=None
[2026-04-21T19:11:37.080+0530] {logging_mixin.py:190} INFO - [2026-04-21T19:11:37.080+0530] {dag.py:4180} INFO - Setting next_dagrun for dataset_s3_bucket_producer to None, run_after=None
[2026-04-21T19:11:37.098+0530] {processor.py:208} INFO - Processing /home/ubantu/miniconda3/envs/airflow-dev/lib/python3.11/site-packages/airflow/example_dags/example_dataset_alias.py took 0.083 seconds
[2026-04-21T19:12:56.693+0530] {processor.py:186} INFO - Started process (PID=7423) to work on /home/ubantu/miniconda3/envs/airflow-dev/lib/python3.11/site-packages/airflow/example_dags/example_dataset_alias.py
[2026-04-21T19:12:56.694+0530] {processor.py:914} INFO - Processing file /home/ubantu/miniconda3/envs/airflow-dev/lib/python3.11/site-packages/airflow/example_dags/example_dataset_alias.py for tasks to queue
[2026-04-21T19:12:56.695+0530] {logging_mixin.py:190} INFO - [2026-04-21T19:12:56.694+0530] {dagbag.py:588} INFO - Filling up the DagBag from /home/ubantu/miniconda3/envs/airflow-dev/lib/python3.11/site-packages/airflow/example_dags/example_dataset_alias.py
[2026-04-21T19:12:56.714+0530] {processor.py:925} INFO - DAG(s) 'dataset_alias_example_alias_producer', 'dataset_alias_example_alias_consumer', 'dataset_s3_bucket_producer', 'dataset_s3_bucket_consumer' retrieved from /home/ubantu/miniconda3/envs/airflow-dev/lib/python3.11/site-packages/airflow/example_dags/example_dataset_alias.py
[2026-04-21T19:12:56.732+0530] {logging_mixin.py:190} INFO - [2026-04-21T19:12:56.731+0530] {dag.py:3239} INFO - Sync 4 DAGs
[2026-04-21T19:12:56.747+0530] {logging_mixin.py:190} INFO - [2026-04-21T19:12:56.747+0530] {dag.py:4180} INFO - Setting next_dagrun for dataset_alias_example_alias_consumer to None, run_after=None
[2026-04-21T19:12:56.749+0530] {logging_mixin.py:190} INFO - [2026-04-21T19:12:56.749+0530] {dag.py:4180} INFO - Setting next_dagrun for dataset_alias_example_alias_producer to None, run_after=None
[2026-04-21T19:12:56.750+0530] {logging_mixin.py:190} INFO - [2026-04-21T19:12:56.750+0530] {dag.py:4180} INFO - Setting next_dagrun for dataset_s3_bucket_consumer to None, run_after=None
[2026-04-21T19:12:56.751+0530] {logging_mixin.py:190} INFO - [2026-04-21T19:12:56.750+0530] {dag.py:4180} INFO - Setting next_dagrun for dataset_s3_bucket_producer to None, run_after=None
[2026-04-21T19:12:56.771+0530] {processor.py:208} INFO - Processing /home/ubantu/miniconda3/envs/airflow-dev/lib/python3.11/site-packages/airflow/example_dags/example_dataset_alias.py took 0.084 seconds
[2026-04-21T19:14:17.034+0530] {processor.py:186} INFO - Started process (PID=7544) to work on /home/ubantu/miniconda3/envs/airflow-dev/lib/python3.11/site-packages/airflow/example_dags/example_dataset_alias.py
[2026-04-21T19:14:17.035+0530] {processor.py:914} INFO - Processing file /home/ubantu/miniconda3/envs/airflow-dev/lib/python3.11/site-packages/airflow/example_dags/example_dataset_alias.py for tasks to queue
[2026-04-21T19:14:17.036+0530] {logging_mixin.py:190} INFO - [2026-04-21T19:14:17.036+0530] {dagbag.py:588} INFO - Filling up the DagBag from /home/ubantu/miniconda3/envs/airflow-dev/lib/python3.11/site-packages/airflow/example_dags/example_dataset_alias.py
[2026-04-21T19:14:17.055+0530] {processor.py:925} INFO - DAG(s) 'dataset_s3_bucket_consumer', 'dataset_alias_example_alias_consumer', 'dataset_s3_bucket_producer', 'dataset_alias_example_alias_producer' retrieved from /home/ubantu/miniconda3/envs/airflow-dev/lib/python3.11/site-packages/airflow/example_dags/example_dataset_alias.py
[2026-04-21T19:14:17.072+0530] {logging_mixin.py:190} INFO - [2026-04-21T19:14:17.072+0530] {dag.py:3239} INFO - Sync 4 DAGs
[2026-04-21T19:14:17.087+0530] {logging_mixin.py:190} INFO - [2026-04-21T19:14:17.086+0530] {dag.py:4180} INFO - Setting next_dagrun for dataset_alias_example_alias_consumer to None, run_after=None
[2026-04-21T19:14:17.088+0530] {logging_mixin.py:190} INFO - [2026-04-21T19:14:17.088+0530] {dag.py:4180} INFO - Setting next_dagrun for dataset_alias_example_alias_producer to None, run_after=None
[2026-04-21T19:14:17.089+0530] {logging_mixin.py:190} INFO - [2026-04-21T19:14:17.089+0530] {dag.py:4180} INFO - Setting next_dagrun for dataset_s3_bucket_consumer to None, run_after=None
[2026-04-21T19:14:17.090+0530] {logging_mixin.py:190} INFO - [2026-04-21T19:14:17.090+0530] {dag.py:4180} INFO - Setting next_dagrun for dataset_s3_bucket_producer to None, run_after=None
[2026-04-21T19:14:17.108+0530] {processor.py:208} INFO - Processing /home/ubantu/miniconda3/envs/airflow-dev/lib/python3.11/site-packages/airflow/example_dags/example_dataset_alias.py took 0.080 seconds
[2026-04-21T19:15:38.431+0530] {processor.py:186} INFO - Started process (PID=7659) to work on /home/ubantu/miniconda3/envs/airflow-dev/lib/python3.11/site-packages/airflow/example_dags/example_dataset_alias.py
[2026-04-21T19:15:38.432+0530] {processor.py:914} INFO - Processing file /home/ubantu/miniconda3/envs/airflow-dev/lib/python3.11/site-packages/airflow/example_dags/example_dataset_alias.py for tasks to queue
[2026-04-21T19:15:38.433+0530] {logging_mixin.py:190} INFO - [2026-04-21T19:15:38.433+0530] {dagbag.py:588} INFO - Filling up the DagBag from /home/ubantu/miniconda3/envs/airflow-dev/lib/python3.11/site-packages/airflow/example_dags/example_dataset_alias.py
[2026-04-21T19:15:38.454+0530] {processor.py:925} INFO - DAG(s) 'dataset_alias_example_alias_consumer', 'dataset_s3_bucket_consumer', 'dataset_s3_bucket_producer', 'dataset_alias_example_alias_producer' retrieved from /home/ubantu/miniconda3/envs/airflow-dev/lib/python3.11/site-packages/airflow/example_dags/example_dataset_alias.py
[2026-04-21T19:15:38.472+0530] {logging_mixin.py:190} INFO - [2026-04-21T19:15:38.472+0530] {dag.py:3239} INFO - Sync 4 DAGs
[2026-04-21T19:15:38.485+0530] {logging_mixin.py:190} INFO - [2026-04-21T19:15:38.485+0530] {dag.py:4180} INFO - Setting next_dagrun for dataset_alias_example_alias_consumer to None, run_after=None
[2026-04-21T19:15:38.487+0530] {logging_mixin.py:190} INFO - [2026-04-21T19:15:38.487+0530] {dag.py:4180} INFO - Setting next_dagrun for dataset_alias_example_alias_producer to None, run_after=None
[2026-04-21T19:15:38.488+0530] {logging_mixin.py:190} INFO - [2026-04-21T19:15:38.488+0530] {dag.py:4180} INFO - Setting next_dagrun for dataset_s3_bucket_consumer to None, run_after=None
[2026-04-21T19:15:38.489+0530] {logging_mixin.py:190} INFO - [2026-04-21T19:15:38.489+0530] {dag.py:4180} INFO - Setting next_dagrun for dataset_s3_bucket_producer to None, run_after=None
[2026-04-21T19:15:38.509+0530] {processor.py:208} INFO - Processing /home/ubantu/miniconda3/envs/airflow-dev/lib/python3.11/site-packages/airflow/example_dags/example_dataset_alias.py took 0.084 seconds
[2026-04-21T19:16:56.572+0530] {processor.py:186} INFO - Started process (PID=7859) to work on /home/ubantu/miniconda3/envs/airflow-dev/lib/python3.11/site-packages/airflow/example_dags/example_dataset_alias.py
[2026-04-21T19:16:56.573+0530] {processor.py:914} INFO - Processing file /home/ubantu/miniconda3/envs/airflow-dev/lib/python3.11/site-packages/airflow/example_dags/example_dataset_alias.py for tasks to queue
[2026-04-21T19:16:56.574+0530] {logging_mixin.py:190} INFO - [2026-04-21T19:16:56.574+0530] {dagbag.py:588} INFO - Filling up the DagBag from /home/ubantu/miniconda3/envs/airflow-dev/lib/python3.11/site-packages/airflow/example_dags/example_dataset_alias.py
[2026-04-21T19:16:56.595+0530] {processor.py:925} INFO - DAG(s) 'dataset_alias_example_alias_consumer', 'dataset_alias_example_alias_producer', 'dataset_s3_bucket_producer', 'dataset_s3_bucket_consumer' retrieved from /home/ubantu/miniconda3/envs/airflow-dev/lib/python3.11/site-packages/airflow/example_dags/example_dataset_alias.py
[2026-04-21T19:16:56.614+0530] {logging_mixin.py:190} INFO - [2026-04-21T19:16:56.614+0530] {dag.py:3239} INFO - Sync 4 DAGs
[2026-04-21T19:16:56.628+0530] {logging_mixin.py:190} INFO - [2026-04-21T19:16:56.627+0530] {dag.py:4180} INFO - Setting next_dagrun for dataset_alias_example_alias_consumer to None, run_after=None
[2026-04-21T19:16:56.629+0530] {logging_mixin.py:190} INFO - [2026-04-21T19:16:56.629+0530] {dag.py:4180} INFO - Setting next_dagrun for dataset_alias_example_alias_producer to None, run_after=None
[2026-04-21T19:16:56.630+0530] {logging_mixin.py:190} INFO - [2026-04-21T19:16:56.630+0530] {dag.py:4180} INFO - Setting next_dagrun for dataset_s3_bucket_consumer to None, run_after=None
[2026-04-21T19:16:56.631+0530] {logging_mixin.py:190} INFO - [2026-04-21T19:16:56.631+0530] {dag.py:4180} INFO - Setting next_dagrun for dataset_s3_bucket_producer to None, run_after=None
[2026-04-21T19:16:56.649+0530] {processor.py:208} INFO - Processing /home/ubantu/miniconda3/envs/airflow-dev/lib/python3.11/site-packages/airflow/example_dags/example_dataset_alias.py took 0.084 seconds
[2026-04-21T19:23:00.252+0530] {processor.py:186} INFO - Started process (PID=8370) to work on /home/ubantu/airflow-src/airflow/example_dags/example_dataset_alias.py
[2026-04-21T19:23:00.253+0530] {processor.py:914} INFO - Processing file /home/ubantu/airflow-src/airflow/example_dags/example_dataset_alias.py for tasks to queue
[2026-04-21T19:23:00.254+0530] {logging_mixin.py:190} INFO - [2026-04-21T19:23:00.254+0530] {dagbag.py:588} INFO - Filling up the DagBag from /home/ubantu/airflow-src/airflow/example_dags/example_dataset_alias.py
[2026-04-21T19:23:00.286+0530] {processor.py:925} INFO - DAG(s) 'dataset_s3_bucket_producer', 'dataset_alias_example_alias_producer', 'dataset_alias_example_alias_consumer', 'dataset_s3_bucket_consumer' retrieved from /home/ubantu/airflow-src/airflow/example_dags/example_dataset_alias.py
[2026-04-21T19:23:00.375+0530] {logging_mixin.py:190} INFO - [2026-04-21T19:23:00.375+0530] {dag.py:3239} INFO - Sync 4 DAGs
[2026-04-21T19:23:00.389+0530] {logging_mixin.py:190} INFO - [2026-04-21T19:23:00.388+0530] {dag.py:4180} INFO - Setting next_dagrun for dataset_alias_example_alias_consumer to None, run_after=None
[2026-04-21T19:23:00.391+0530] {logging_mixin.py:190} INFO - [2026-04-21T19:23:00.390+0530] {dag.py:4180} INFO - Setting next_dagrun for dataset_alias_example_alias_producer to None, run_after=None
[2026-04-21T19:23:00.391+0530] {logging_mixin.py:190} INFO - [2026-04-21T19:23:00.391+0530] {dag.py:4180} INFO - Setting next_dagrun for dataset_s3_bucket_consumer to None, run_after=None
[2026-04-21T19:23:00.392+0530] {logging_mixin.py:190} INFO - [2026-04-21T19:23:00.392+0530] {dag.py:4180} INFO - Setting next_dagrun for dataset_s3_bucket_producer to None, run_after=None
[2026-04-21T19:23:00.411+0530] {processor.py:208} INFO - Processing /home/ubantu/airflow-src/airflow/example_dags/example_dataset_alias.py took 0.165 seconds
[2026-04-21T19:25:47.823+0530] {processor.py:186} INFO - Started process (PID=8606) to work on /home/ubantu/airflow-src/airflow/example_dags/example_dataset_alias.py
[2026-04-21T19:25:47.824+0530] {processor.py:914} INFO - Processing file /home/ubantu/airflow-src/airflow/example_dags/example_dataset_alias.py for tasks to queue
[2026-04-21T19:25:47.826+0530] {logging_mixin.py:190} INFO - [2026-04-21T19:25:47.825+0530] {dagbag.py:588} INFO - Filling up the DagBag from /home/ubantu/airflow-src/airflow/example_dags/example_dataset_alias.py
[2026-04-21T19:25:47.854+0530] {processor.py:925} INFO - DAG(s) 'dataset_alias_example_alias_producer', 'dataset_alias_example_alias_consumer', 'dataset_s3_bucket_consumer', 'dataset_s3_bucket_producer' retrieved from /home/ubantu/airflow-src/airflow/example_dags/example_dataset_alias.py
[2026-04-21T19:25:47.870+0530] {logging_mixin.py:190} INFO - [2026-04-21T19:25:47.870+0530] {dag.py:3239} INFO - Sync 4 DAGs
[2026-04-21T19:25:47.884+0530] {logging_mixin.py:190} INFO - [2026-04-21T19:25:47.884+0530] {dag.py:4180} INFO - Setting next_dagrun for dataset_alias_example_alias_consumer to None, run_after=None
[2026-04-21T19:25:47.886+0530] {logging_mixin.py:190} INFO - [2026-04-21T19:25:47.886+0530] {dag.py:4180} INFO - Setting next_dagrun for dataset_alias_example_alias_producer to None, run_after=None
[2026-04-21T19:25:47.887+0530] {logging_mixin.py:190} INFO - [2026-04-21T19:25:47.887+0530] {dag.py:4180} INFO - Setting next_dagrun for dataset_s3_bucket_consumer to None, run_after=None
[2026-04-21T19:25:47.888+0530] {logging_mixin.py:190} INFO - [2026-04-21T19:25:47.887+0530] {dag.py:4180} INFO - Setting next_dagrun for dataset_s3_bucket_producer to None, run_after=None
[2026-04-21T19:25:47.906+0530] {processor.py:208} INFO - Processing /home/ubantu/airflow-src/airflow/example_dags/example_dataset_alias.py took 0.088 seconds
