[2026-04-21T18:45:58.041+0530] {processor.py:186} INFO - Started process (PID=5412) to work on /home/ubantu/miniconda3/envs/airflow-dev/lib/python3.11/site-packages/airflow/example_dags/example_subdag_operator.py
[2026-04-21T18:45:58.042+0530] {processor.py:914} INFO - Processing file /home/ubantu/miniconda3/envs/airflow-dev/lib/python3.11/site-packages/airflow/example_dags/example_subdag_operator.py for tasks to queue
[2026-04-21T18:45:58.045+0530] {logging_mixin.py:190} INFO - [2026-04-21T18:45:58.044+0530] {dagbag.py:588} INFO - Filling up the DagBag from /home/ubantu/miniconda3/envs/airflow-dev/lib/python3.11/site-packages/airflow/example_dags/example_subdag_operator.py
[2026-04-21T18:45:58.076+0530] {processor.py:925} INFO - DAG(s) 'example_subdag_operator.section-1', 'example_subdag_operator.section-2', 'example_subdag_operator' retrieved from /home/ubantu/miniconda3/envs/airflow-dev/lib/python3.11/site-packages/airflow/example_dags/example_subdag_operator.py
[2026-04-21T18:45:58.169+0530] {logging_mixin.py:190} INFO - [2026-04-21T18:45:58.169+0530] {dag.py:3239} INFO - Sync 3 DAGs
[2026-04-21T18:45:58.184+0530] {logging_mixin.py:190} INFO - [2026-04-21T18:45:58.184+0530] {dag.py:4180} INFO - Setting next_dagrun for example_subdag_operator to 2022-01-01 00:00:00+00:00, run_after=2022-01-01 00:00:00+00:00
[2026-04-21T18:45:58.186+0530] {logging_mixin.py:190} INFO - [2026-04-21T18:45:58.186+0530] {dag.py:4180} INFO - Setting next_dagrun for example_subdag_operator.section-1 to None, run_after=None
[2026-04-21T18:45:58.187+0530] {logging_mixin.py:190} INFO - [2026-04-21T18:45:58.187+0530] {dag.py:4180} INFO - Setting next_dagrun for example_subdag_operator.section-2 to None, run_after=None
[2026-04-21T18:45:58.193+0530] {logging_mixin.py:190} INFO - [2026-04-21T18:45:58.193+0530] {dag.py:3239} INFO - Sync 2 DAGs
[2026-04-21T18:45:58.197+0530] {logging_mixin.py:190} INFO - [2026-04-21T18:45:58.197+0530] {dag.py:4180} INFO - Setting next_dagrun for example_subdag_operator.section-1 to None, run_after=None
[2026-04-21T18:45:58.197+0530] {logging_mixin.py:190} INFO - [2026-04-21T18:45:58.197+0530] {dag.py:4180} INFO - Setting next_dagrun for example_subdag_operator.section-2 to None, run_after=None
[2026-04-21T18:45:58.209+0530] {processor.py:208} INFO - Processing /home/ubantu/miniconda3/envs/airflow-dev/lib/python3.11/site-packages/airflow/example_dags/example_subdag_operator.py took 0.175 seconds
[2026-04-21T18:47:54.399+0530] {processor.py:186} INFO - Started process (PID=5607) to work on /home/ubantu/miniconda3/envs/airflow-dev/lib/python3.11/site-packages/airflow/example_dags/example_subdag_operator.py
[2026-04-21T18:47:54.400+0530] {processor.py:914} INFO - Processing file /home/ubantu/miniconda3/envs/airflow-dev/lib/python3.11/site-packages/airflow/example_dags/example_subdag_operator.py for tasks to queue
[2026-04-21T18:47:54.403+0530] {logging_mixin.py:190} INFO - [2026-04-21T18:47:54.403+0530] {dagbag.py:588} INFO - Filling up the DagBag from /home/ubantu/miniconda3/envs/airflow-dev/lib/python3.11/site-packages/airflow/example_dags/example_subdag_operator.py
[2026-04-21T18:47:54.429+0530] {processor.py:925} INFO - DAG(s) 'example_subdag_operator.section-1', 'example_subdag_operator.section-2', 'example_subdag_operator' retrieved from /home/ubantu/miniconda3/envs/airflow-dev/lib/python3.11/site-packages/airflow/example_dags/example_subdag_operator.py
[2026-04-21T18:47:54.442+0530] {logging_mixin.py:190} INFO - [2026-04-21T18:47:54.442+0530] {dag.py:3239} INFO - Sync 3 DAGs
[2026-04-21T18:47:54.459+0530] {logging_mixin.py:190} INFO - [2026-04-21T18:47:54.459+0530] {dag.py:4180} INFO - Setting next_dagrun for example_subdag_operator to 2022-01-01 00:00:00+00:00, run_after=2022-01-01 00:00:00+00:00
[2026-04-21T18:47:54.462+0530] {logging_mixin.py:190} INFO - [2026-04-21T18:47:54.461+0530] {dag.py:4180} INFO - Setting next_dagrun for example_subdag_operator.section-1 to None, run_after=None
[2026-04-21T18:47:54.462+0530] {logging_mixin.py:190} INFO - [2026-04-21T18:47:54.462+0530] {dag.py:4180} INFO - Setting next_dagrun for example_subdag_operator.section-2 to None, run_after=None
[2026-04-21T18:47:54.467+0530] {logging_mixin.py:190} INFO - [2026-04-21T18:47:54.467+0530] {dag.py:3239} INFO - Sync 2 DAGs
[2026-04-21T18:47:54.470+0530] {logging_mixin.py:190} INFO - [2026-04-21T18:47:54.470+0530] {dag.py:4180} INFO - Setting next_dagrun for example_subdag_operator.section-1 to None, run_after=None
[2026-04-21T18:47:54.470+0530] {logging_mixin.py:190} INFO - [2026-04-21T18:47:54.470+0530] {dag.py:4180} INFO - Setting next_dagrun for example_subdag_operator.section-2 to None, run_after=None
[2026-04-21T18:47:54.482+0530] {processor.py:208} INFO - Processing /home/ubantu/miniconda3/envs/airflow-dev/lib/python3.11/site-packages/airflow/example_dags/example_subdag_operator.py took 0.090 seconds
[2026-04-21T18:49:20.056+0530] {processor.py:186} INFO - Started process (PID=5721) to work on /home/ubantu/miniconda3/envs/airflow-dev/lib/python3.11/site-packages/airflow/example_dags/example_subdag_operator.py
[2026-04-21T18:49:20.058+0530] {processor.py:914} INFO - Processing file /home/ubantu/miniconda3/envs/airflow-dev/lib/python3.11/site-packages/airflow/example_dags/example_subdag_operator.py for tasks to queue
[2026-04-21T18:49:20.061+0530] {logging_mixin.py:190} INFO - [2026-04-21T18:49:20.060+0530] {dagbag.py:588} INFO - Filling up the DagBag from /home/ubantu/miniconda3/envs/airflow-dev/lib/python3.11/site-packages/airflow/example_dags/example_subdag_operator.py
[2026-04-21T18:49:20.086+0530] {processor.py:925} INFO - DAG(s) 'example_subdag_operator.section-1', 'example_subdag_operator.section-2', 'example_subdag_operator' retrieved from /home/ubantu/miniconda3/envs/airflow-dev/lib/python3.11/site-packages/airflow/example_dags/example_subdag_operator.py
[2026-04-21T18:49:20.197+0530] {logging_mixin.py:190} INFO - [2026-04-21T18:49:20.197+0530] {dag.py:3239} INFO - Sync 3 DAGs
[2026-04-21T18:49:20.212+0530] {logging_mixin.py:190} INFO - [2026-04-21T18:49:20.212+0530] {dag.py:4180} INFO - Setting next_dagrun for example_subdag_operator to 2022-01-01 00:00:00+00:00, run_after=2022-01-01 00:00:00+00:00
[2026-04-21T18:49:20.214+0530] {logging_mixin.py:190} INFO - [2026-04-21T18:49:20.214+0530] {dag.py:4180} INFO - Setting next_dagrun for example_subdag_operator.section-1 to None, run_after=None
[2026-04-21T18:49:20.215+0530] {logging_mixin.py:190} INFO - [2026-04-21T18:49:20.215+0530] {dag.py:4180} INFO - Setting next_dagrun for example_subdag_operator.section-2 to None, run_after=None
[2026-04-21T18:49:20.219+0530] {logging_mixin.py:190} INFO - [2026-04-21T18:49:20.219+0530] {dag.py:3239} INFO - Sync 2 DAGs
[2026-04-21T18:49:20.222+0530] {logging_mixin.py:190} INFO - [2026-04-21T18:49:20.222+0530] {dag.py:4180} INFO - Setting next_dagrun for example_subdag_operator.section-1 to None, run_after=None
[2026-04-21T18:49:20.223+0530] {logging_mixin.py:190} INFO - [2026-04-21T18:49:20.222+0530] {dag.py:4180} INFO - Setting next_dagrun for example_subdag_operator.section-2 to None, run_after=None
[2026-04-21T18:49:20.233+0530] {processor.py:208} INFO - Processing /home/ubantu/miniconda3/envs/airflow-dev/lib/python3.11/site-packages/airflow/example_dags/example_subdag_operator.py took 0.183 seconds
[2026-04-21T18:50:39.805+0530] {processor.py:186} INFO - Started process (PID=5841) to work on /home/ubantu/miniconda3/envs/airflow-dev/lib/python3.11/site-packages/airflow/example_dags/example_subdag_operator.py
[2026-04-21T18:50:39.806+0530] {processor.py:914} INFO - Processing file /home/ubantu/miniconda3/envs/airflow-dev/lib/python3.11/site-packages/airflow/example_dags/example_subdag_operator.py for tasks to queue
[2026-04-21T18:50:39.809+0530] {logging_mixin.py:190} INFO - [2026-04-21T18:50:39.809+0530] {dagbag.py:588} INFO - Filling up the DagBag from /home/ubantu/miniconda3/envs/airflow-dev/lib/python3.11/site-packages/airflow/example_dags/example_subdag_operator.py
[2026-04-21T18:50:39.833+0530] {processor.py:925} INFO - DAG(s) 'example_subdag_operator.section-1', 'example_subdag_operator.section-2', 'example_subdag_operator' retrieved from /home/ubantu/miniconda3/envs/airflow-dev/lib/python3.11/site-packages/airflow/example_dags/example_subdag_operator.py
[2026-04-21T18:50:39.847+0530] {logging_mixin.py:190} INFO - [2026-04-21T18:50:39.847+0530] {dag.py:3239} INFO - Sync 3 DAGs
[2026-04-21T18:50:39.866+0530] {logging_mixin.py:190} INFO - [2026-04-21T18:50:39.866+0530] {dag.py:4180} INFO - Setting next_dagrun for example_subdag_operator to 2022-01-01 00:00:00+00:00, run_after=2022-01-01 00:00:00+00:00
[2026-04-21T18:50:39.869+0530] {logging_mixin.py:190} INFO - [2026-04-21T18:50:39.869+0530] {dag.py:4180} INFO - Setting next_dagrun for example_subdag_operator.section-1 to None, run_after=None
[2026-04-21T18:50:39.870+0530] {logging_mixin.py:190} INFO - [2026-04-21T18:50:39.869+0530] {dag.py:4180} INFO - Setting next_dagrun for example_subdag_operator.section-2 to None, run_after=None
[2026-04-21T18:50:39.875+0530] {logging_mixin.py:190} INFO - [2026-04-21T18:50:39.875+0530] {dag.py:3239} INFO - Sync 2 DAGs
[2026-04-21T18:50:39.878+0530] {logging_mixin.py:190} INFO - [2026-04-21T18:50:39.878+0530] {dag.py:4180} INFO - Setting next_dagrun for example_subdag_operator.section-1 to None, run_after=None
[2026-04-21T18:50:39.878+0530] {logging_mixin.py:190} INFO - [2026-04-21T18:50:39.878+0530] {dag.py:4180} INFO - Setting next_dagrun for example_subdag_operator.section-2 to None, run_after=None
[2026-04-21T18:50:39.891+0530] {processor.py:208} INFO - Processing /home/ubantu/miniconda3/envs/airflow-dev/lib/python3.11/site-packages/airflow/example_dags/example_subdag_operator.py took 0.092 seconds
[2026-04-21T18:52:00.236+0530] {processor.py:186} INFO - Started process (PID=5938) to work on /home/ubantu/miniconda3/envs/airflow-dev/lib/python3.11/site-packages/airflow/example_dags/example_subdag_operator.py
[2026-04-21T18:52:00.237+0530] {processor.py:914} INFO - Processing file /home/ubantu/miniconda3/envs/airflow-dev/lib/python3.11/site-packages/airflow/example_dags/example_subdag_operator.py for tasks to queue
[2026-04-21T18:52:00.239+0530] {logging_mixin.py:190} INFO - [2026-04-21T18:52:00.239+0530] {dagbag.py:588} INFO - Filling up the DagBag from /home/ubantu/miniconda3/envs/airflow-dev/lib/python3.11/site-packages/airflow/example_dags/example_subdag_operator.py
[2026-04-21T18:52:00.261+0530] {processor.py:925} INFO - DAG(s) 'example_subdag_operator.section-1', 'example_subdag_operator.section-2', 'example_subdag_operator' retrieved from /home/ubantu/miniconda3/envs/airflow-dev/lib/python3.11/site-packages/airflow/example_dags/example_subdag_operator.py
[2026-04-21T18:52:00.275+0530] {logging_mixin.py:190} INFO - [2026-04-21T18:52:00.275+0530] {dag.py:3239} INFO - Sync 3 DAGs
[2026-04-21T18:52:00.292+0530] {logging_mixin.py:190} INFO - [2026-04-21T18:52:00.291+0530] {dag.py:4180} INFO - Setting next_dagrun for example_subdag_operator to 2022-01-01 00:00:00+00:00, run_after=2022-01-01 00:00:00+00:00
[2026-04-21T18:52:00.294+0530] {logging_mixin.py:190} INFO - [2026-04-21T18:52:00.294+0530] {dag.py:4180} INFO - Setting next_dagrun for example_subdag_operator.section-1 to None, run_after=None
[2026-04-21T18:52:00.295+0530] {logging_mixin.py:190} INFO - [2026-04-21T18:52:00.295+0530] {dag.py:4180} INFO - Setting next_dagrun for example_subdag_operator.section-2 to None, run_after=None
[2026-04-21T18:52:00.299+0530] {logging_mixin.py:190} INFO - [2026-04-21T18:52:00.299+0530] {dag.py:3239} INFO - Sync 2 DAGs
[2026-04-21T18:52:00.303+0530] {logging_mixin.py:190} INFO - [2026-04-21T18:52:00.302+0530] {dag.py:4180} INFO - Setting next_dagrun for example_subdag_operator.section-1 to None, run_after=None
[2026-04-21T18:52:00.303+0530] {logging_mixin.py:190} INFO - [2026-04-21T18:52:00.303+0530] {dag.py:4180} INFO - Setting next_dagrun for example_subdag_operator.section-2 to None, run_after=None
[2026-04-21T18:52:00.314+0530] {processor.py:208} INFO - Processing /home/ubantu/miniconda3/envs/airflow-dev/lib/python3.11/site-packages/airflow/example_dags/example_subdag_operator.py took 0.084 seconds
[2026-04-21T18:53:19.189+0530] {processor.py:186} INFO - Started process (PID=6057) to work on /home/ubantu/miniconda3/envs/airflow-dev/lib/python3.11/site-packages/airflow/example_dags/example_subdag_operator.py
[2026-04-21T18:53:19.190+0530] {processor.py:914} INFO - Processing file /home/ubantu/miniconda3/envs/airflow-dev/lib/python3.11/site-packages/airflow/example_dags/example_subdag_operator.py for tasks to queue
[2026-04-21T18:53:19.194+0530] {logging_mixin.py:190} INFO - [2026-04-21T18:53:19.193+0530] {dagbag.py:588} INFO - Filling up the DagBag from /home/ubantu/miniconda3/envs/airflow-dev/lib/python3.11/site-packages/airflow/example_dags/example_subdag_operator.py
[2026-04-21T18:53:19.218+0530] {processor.py:925} INFO - DAG(s) 'example_subdag_operator.section-1', 'example_subdag_operator.section-2', 'example_subdag_operator' retrieved from /home/ubantu/miniconda3/envs/airflow-dev/lib/python3.11/site-packages/airflow/example_dags/example_subdag_operator.py
[2026-04-21T18:53:19.232+0530] {logging_mixin.py:190} INFO - [2026-04-21T18:53:19.232+0530] {dag.py:3239} INFO - Sync 3 DAGs
[2026-04-21T18:53:19.249+0530] {logging_mixin.py:190} INFO - [2026-04-21T18:53:19.249+0530] {dag.py:4180} INFO - Setting next_dagrun for example_subdag_operator to 2022-01-01 00:00:00+00:00, run_after=2022-01-01 00:00:00+00:00
[2026-04-21T18:53:19.251+0530] {logging_mixin.py:190} INFO - [2026-04-21T18:53:19.251+0530] {dag.py:4180} INFO - Setting next_dagrun for example_subdag_operator.section-1 to None, run_after=None
[2026-04-21T18:53:19.252+0530] {logging_mixin.py:190} INFO - [2026-04-21T18:53:19.252+0530] {dag.py:4180} INFO - Setting next_dagrun for example_subdag_operator.section-2 to None, run_after=None
[2026-04-21T18:53:19.258+0530] {logging_mixin.py:190} INFO - [2026-04-21T18:53:19.257+0530] {dag.py:3239} INFO - Sync 2 DAGs
[2026-04-21T18:53:19.261+0530] {logging_mixin.py:190} INFO - [2026-04-21T18:53:19.261+0530] {dag.py:4180} INFO - Setting next_dagrun for example_subdag_operator.section-1 to None, run_after=None
[2026-04-21T18:53:19.261+0530] {logging_mixin.py:190} INFO - [2026-04-21T18:53:19.261+0530] {dag.py:4180} INFO - Setting next_dagrun for example_subdag_operator.section-2 to None, run_after=None
[2026-04-21T18:53:19.272+0530] {processor.py:208} INFO - Processing /home/ubantu/miniconda3/envs/airflow-dev/lib/python3.11/site-packages/airflow/example_dags/example_subdag_operator.py took 0.089 seconds
[2026-04-21T18:54:37.762+0530] {processor.py:186} INFO - Started process (PID=6166) to work on /home/ubantu/miniconda3/envs/airflow-dev/lib/python3.11/site-packages/airflow/example_dags/example_subdag_operator.py
[2026-04-21T18:54:37.764+0530] {processor.py:914} INFO - Processing file /home/ubantu/miniconda3/envs/airflow-dev/lib/python3.11/site-packages/airflow/example_dags/example_subdag_operator.py for tasks to queue
[2026-04-21T18:54:37.767+0530] {logging_mixin.py:190} INFO - [2026-04-21T18:54:37.766+0530] {dagbag.py:588} INFO - Filling up the DagBag from /home/ubantu/miniconda3/envs/airflow-dev/lib/python3.11/site-packages/airflow/example_dags/example_subdag_operator.py
[2026-04-21T18:54:37.793+0530] {processor.py:925} INFO - DAG(s) 'example_subdag_operator.section-1', 'example_subdag_operator.section-2', 'example_subdag_operator' retrieved from /home/ubantu/miniconda3/envs/airflow-dev/lib/python3.11/site-packages/airflow/example_dags/example_subdag_operator.py
[2026-04-21T18:54:37.809+0530] {logging_mixin.py:190} INFO - [2026-04-21T18:54:37.809+0530] {dag.py:3239} INFO - Sync 3 DAGs
[2026-04-21T18:54:37.826+0530] {logging_mixin.py:190} INFO - [2026-04-21T18:54:37.826+0530] {dag.py:4180} INFO - Setting next_dagrun for example_subdag_operator to 2022-01-01 00:00:00+00:00, run_after=2022-01-01 00:00:00+00:00
[2026-04-21T18:54:37.829+0530] {logging_mixin.py:190} INFO - [2026-04-21T18:54:37.829+0530] {dag.py:4180} INFO - Setting next_dagrun for example_subdag_operator.section-1 to None, run_after=None
[2026-04-21T18:54:37.830+0530] {logging_mixin.py:190} INFO - [2026-04-21T18:54:37.830+0530] {dag.py:4180} INFO - Setting next_dagrun for example_subdag_operator.section-2 to None, run_after=None
[2026-04-21T18:54:37.834+0530] {logging_mixin.py:190} INFO - [2026-04-21T18:54:37.834+0530] {dag.py:3239} INFO - Sync 2 DAGs
[2026-04-21T18:54:37.838+0530] {logging_mixin.py:190} INFO - [2026-04-21T18:54:37.837+0530] {dag.py:4180} INFO - Setting next_dagrun for example_subdag_operator.section-1 to None, run_after=None
[2026-04-21T18:54:37.838+0530] {logging_mixin.py:190} INFO - [2026-04-21T18:54:37.838+0530] {dag.py:4180} INFO - Setting next_dagrun for example_subdag_operator.section-2 to None, run_after=None
[2026-04-21T18:54:37.850+0530] {processor.py:208} INFO - Processing /home/ubantu/miniconda3/envs/airflow-dev/lib/python3.11/site-packages/airflow/example_dags/example_subdag_operator.py took 0.095 seconds
[2026-04-21T18:55:57.017+0530] {processor.py:186} INFO - Started process (PID=6276) to work on /home/ubantu/miniconda3/envs/airflow-dev/lib/python3.11/site-packages/airflow/example_dags/example_subdag_operator.py
[2026-04-21T18:55:57.018+0530] {processor.py:914} INFO - Processing file /home/ubantu/miniconda3/envs/airflow-dev/lib/python3.11/site-packages/airflow/example_dags/example_subdag_operator.py for tasks to queue
[2026-04-21T18:55:57.020+0530] {logging_mixin.py:190} INFO - [2026-04-21T18:55:57.020+0530] {dagbag.py:588} INFO - Filling up the DagBag from /home/ubantu/miniconda3/envs/airflow-dev/lib/python3.11/site-packages/airflow/example_dags/example_subdag_operator.py
[2026-04-21T18:55:57.046+0530] {processor.py:925} INFO - DAG(s) 'example_subdag_operator.section-1', 'example_subdag_operator.section-2', 'example_subdag_operator' retrieved from /home/ubantu/miniconda3/envs/airflow-dev/lib/python3.11/site-packages/airflow/example_dags/example_subdag_operator.py
[2026-04-21T18:55:57.065+0530] {logging_mixin.py:190} INFO - [2026-04-21T18:55:57.065+0530] {dag.py:3239} INFO - Sync 3 DAGs
[2026-04-21T18:55:57.084+0530] {logging_mixin.py:190} INFO - [2026-04-21T18:55:57.083+0530] {dag.py:4180} INFO - Setting next_dagrun for example_subdag_operator to 2022-01-01 00:00:00+00:00, run_after=2022-01-01 00:00:00+00:00
[2026-04-21T18:55:57.086+0530] {logging_mixin.py:190} INFO - [2026-04-21T18:55:57.086+0530] {dag.py:4180} INFO - Setting next_dagrun for example_subdag_operator.section-1 to None, run_after=None
[2026-04-21T18:55:57.087+0530] {logging_mixin.py:190} INFO - [2026-04-21T18:55:57.087+0530] {dag.py:4180} INFO - Setting next_dagrun for example_subdag_operator.section-2 to None, run_after=None
[2026-04-21T18:55:57.092+0530] {logging_mixin.py:190} INFO - [2026-04-21T18:55:57.092+0530] {dag.py:3239} INFO - Sync 2 DAGs
[2026-04-21T18:55:57.095+0530] {logging_mixin.py:190} INFO - [2026-04-21T18:55:57.095+0530] {dag.py:4180} INFO - Setting next_dagrun for example_subdag_operator.section-1 to None, run_after=None
[2026-04-21T18:55:57.096+0530] {logging_mixin.py:190} INFO - [2026-04-21T18:55:57.095+0530] {dag.py:4180} INFO - Setting next_dagrun for example_subdag_operator.section-2 to None, run_after=None
[2026-04-21T18:55:57.107+0530] {processor.py:208} INFO - Processing /home/ubantu/miniconda3/envs/airflow-dev/lib/python3.11/site-packages/airflow/example_dags/example_subdag_operator.py took 0.095 seconds
[2026-04-21T18:57:15.563+0530] {processor.py:186} INFO - Started process (PID=6387) to work on /home/ubantu/miniconda3/envs/airflow-dev/lib/python3.11/site-packages/airflow/example_dags/example_subdag_operator.py
[2026-04-21T18:57:15.564+0530] {processor.py:914} INFO - Processing file /home/ubantu/miniconda3/envs/airflow-dev/lib/python3.11/site-packages/airflow/example_dags/example_subdag_operator.py for tasks to queue
[2026-04-21T18:57:15.567+0530] {logging_mixin.py:190} INFO - [2026-04-21T18:57:15.567+0530] {dagbag.py:588} INFO - Filling up the DagBag from /home/ubantu/miniconda3/envs/airflow-dev/lib/python3.11/site-packages/airflow/example_dags/example_subdag_operator.py
[2026-04-21T18:57:15.590+0530] {processor.py:925} INFO - DAG(s) 'example_subdag_operator.section-1', 'example_subdag_operator.section-2', 'example_subdag_operator' retrieved from /home/ubantu/miniconda3/envs/airflow-dev/lib/python3.11/site-packages/airflow/example_dags/example_subdag_operator.py
[2026-04-21T18:57:15.606+0530] {logging_mixin.py:190} INFO - [2026-04-21T18:57:15.606+0530] {dag.py:3239} INFO - Sync 3 DAGs
[2026-04-21T18:57:15.624+0530] {logging_mixin.py:190} INFO - [2026-04-21T18:57:15.624+0530] {dag.py:4180} INFO - Setting next_dagrun for example_subdag_operator to 2022-01-01 00:00:00+00:00, run_after=2022-01-01 00:00:00+00:00
[2026-04-21T18:57:15.626+0530] {logging_mixin.py:190} INFO - [2026-04-21T18:57:15.626+0530] {dag.py:4180} INFO - Setting next_dagrun for example_subdag_operator.section-1 to None, run_after=None
[2026-04-21T18:57:15.627+0530] {logging_mixin.py:190} INFO - [2026-04-21T18:57:15.627+0530] {dag.py:4180} INFO - Setting next_dagrun for example_subdag_operator.section-2 to None, run_after=None
[2026-04-21T18:57:15.632+0530] {logging_mixin.py:190} INFO - [2026-04-21T18:57:15.632+0530] {dag.py:3239} INFO - Sync 2 DAGs
[2026-04-21T18:57:15.635+0530] {logging_mixin.py:190} INFO - [2026-04-21T18:57:15.635+0530] {dag.py:4180} INFO - Setting next_dagrun for example_subdag_operator.section-1 to None, run_after=None
[2026-04-21T18:57:15.635+0530] {logging_mixin.py:190} INFO - [2026-04-21T18:57:15.635+0530] {dag.py:4180} INFO - Setting next_dagrun for example_subdag_operator.section-2 to None, run_after=None
[2026-04-21T18:57:15.647+0530] {processor.py:208} INFO - Processing /home/ubantu/miniconda3/envs/airflow-dev/lib/python3.11/site-packages/airflow/example_dags/example_subdag_operator.py took 0.090 seconds
[2026-04-21T19:00:54.483+0530] {processor.py:186} INFO - Started process (PID=6524) to work on /home/ubantu/miniconda3/envs/airflow-dev/lib/python3.11/site-packages/airflow/example_dags/example_subdag_operator.py
[2026-04-21T19:00:54.484+0530] {processor.py:914} INFO - Processing file /home/ubantu/miniconda3/envs/airflow-dev/lib/python3.11/site-packages/airflow/example_dags/example_subdag_operator.py for tasks to queue
[2026-04-21T19:00:54.486+0530] {logging_mixin.py:190} INFO - [2026-04-21T19:00:54.486+0530] {dagbag.py:588} INFO - Filling up the DagBag from /home/ubantu/miniconda3/envs/airflow-dev/lib/python3.11/site-packages/airflow/example_dags/example_subdag_operator.py
[2026-04-21T19:00:54.509+0530] {processor.py:925} INFO - DAG(s) 'example_subdag_operator.section-1', 'example_subdag_operator.section-2', 'example_subdag_operator' retrieved from /home/ubantu/miniconda3/envs/airflow-dev/lib/python3.11/site-packages/airflow/example_dags/example_subdag_operator.py
[2026-04-21T19:00:54.525+0530] {logging_mixin.py:190} INFO - [2026-04-21T19:00:54.525+0530] {dag.py:3239} INFO - Sync 3 DAGs
[2026-04-21T19:00:54.540+0530] {logging_mixin.py:190} INFO - [2026-04-21T19:00:54.540+0530] {dag.py:4180} INFO - Setting next_dagrun for example_subdag_operator to 2022-01-01 00:00:00+00:00, run_after=2022-01-01 00:00:00+00:00
[2026-04-21T19:00:54.542+0530] {logging_mixin.py:190} INFO - [2026-04-21T19:00:54.542+0530] {dag.py:4180} INFO - Setting next_dagrun for example_subdag_operator.section-1 to None, run_after=None
[2026-04-21T19:00:54.543+0530] {logging_mixin.py:190} INFO - [2026-04-21T19:00:54.543+0530] {dag.py:4180} INFO - Setting next_dagrun for example_subdag_operator.section-2 to None, run_after=None
[2026-04-21T19:00:54.548+0530] {logging_mixin.py:190} INFO - [2026-04-21T19:00:54.548+0530] {dag.py:3239} INFO - Sync 2 DAGs
[2026-04-21T19:00:54.551+0530] {logging_mixin.py:190} INFO - [2026-04-21T19:00:54.551+0530] {dag.py:4180} INFO - Setting next_dagrun for example_subdag_operator.section-1 to None, run_after=None
[2026-04-21T19:00:54.552+0530] {logging_mixin.py:190} INFO - [2026-04-21T19:00:54.551+0530] {dag.py:4180} INFO - Setting next_dagrun for example_subdag_operator.section-2 to None, run_after=None
[2026-04-21T19:00:54.563+0530] {processor.py:208} INFO - Processing /home/ubantu/miniconda3/envs/airflow-dev/lib/python3.11/site-packages/airflow/example_dags/example_subdag_operator.py took 0.087 seconds
[2026-04-21T19:02:44.669+0530] {processor.py:186} INFO - Started process (PID=6663) to work on /home/ubantu/miniconda3/envs/airflow-dev/lib/python3.11/site-packages/airflow/example_dags/example_subdag_operator.py
[2026-04-21T19:02:44.670+0530] {processor.py:914} INFO - Processing file /home/ubantu/miniconda3/envs/airflow-dev/lib/python3.11/site-packages/airflow/example_dags/example_subdag_operator.py for tasks to queue
[2026-04-21T19:02:44.671+0530] {logging_mixin.py:190} INFO - [2026-04-21T19:02:44.671+0530] {dagbag.py:588} INFO - Filling up the DagBag from /home/ubantu/miniconda3/envs/airflow-dev/lib/python3.11/site-packages/airflow/example_dags/example_subdag_operator.py
[2026-04-21T19:02:44.693+0530] {processor.py:925} INFO - DAG(s) 'example_subdag_operator.section-1', 'example_subdag_operator.section-2', 'example_subdag_operator' retrieved from /home/ubantu/miniconda3/envs/airflow-dev/lib/python3.11/site-packages/airflow/example_dags/example_subdag_operator.py
[2026-04-21T19:02:44.707+0530] {logging_mixin.py:190} INFO - [2026-04-21T19:02:44.707+0530] {dag.py:3239} INFO - Sync 3 DAGs
[2026-04-21T19:02:44.723+0530] {logging_mixin.py:190} INFO - [2026-04-21T19:02:44.723+0530] {dag.py:4180} INFO - Setting next_dagrun for example_subdag_operator to 2022-01-01 00:00:00+00:00, run_after=2022-01-01 00:00:00+00:00
[2026-04-21T19:02:44.725+0530] {logging_mixin.py:190} INFO - [2026-04-21T19:02:44.725+0530] {dag.py:4180} INFO - Setting next_dagrun for example_subdag_operator.section-1 to None, run_after=None
[2026-04-21T19:02:44.726+0530] {logging_mixin.py:190} INFO - [2026-04-21T19:02:44.726+0530] {dag.py:4180} INFO - Setting next_dagrun for example_subdag_operator.section-2 to None, run_after=None
[2026-04-21T19:02:44.730+0530] {logging_mixin.py:190} INFO - [2026-04-21T19:02:44.730+0530] {dag.py:3239} INFO - Sync 2 DAGs
[2026-04-21T19:02:44.733+0530] {logging_mixin.py:190} INFO - [2026-04-21T19:02:44.733+0530] {dag.py:4180} INFO - Setting next_dagrun for example_subdag_operator.section-1 to None, run_after=None
[2026-04-21T19:02:44.733+0530] {logging_mixin.py:190} INFO - [2026-04-21T19:02:44.733+0530] {dag.py:4180} INFO - Setting next_dagrun for example_subdag_operator.section-2 to None, run_after=None
[2026-04-21T19:02:44.744+0530] {processor.py:208} INFO - Processing /home/ubantu/miniconda3/envs/airflow-dev/lib/python3.11/site-packages/airflow/example_dags/example_subdag_operator.py took 0.081 seconds
[2026-04-21T19:04:06.395+0530] {processor.py:186} INFO - Started process (PID=6779) to work on /home/ubantu/miniconda3/envs/airflow-dev/lib/python3.11/site-packages/airflow/example_dags/example_subdag_operator.py
[2026-04-21T19:04:06.396+0530] {processor.py:914} INFO - Processing file /home/ubantu/miniconda3/envs/airflow-dev/lib/python3.11/site-packages/airflow/example_dags/example_subdag_operator.py for tasks to queue
[2026-04-21T19:04:06.398+0530] {logging_mixin.py:190} INFO - [2026-04-21T19:04:06.397+0530] {dagbag.py:588} INFO - Filling up the DagBag from /home/ubantu/miniconda3/envs/airflow-dev/lib/python3.11/site-packages/airflow/example_dags/example_subdag_operator.py
[2026-04-21T19:04:06.425+0530] {processor.py:925} INFO - DAG(s) 'example_subdag_operator.section-1', 'example_subdag_operator.section-2', 'example_subdag_operator' retrieved from /home/ubantu/miniconda3/envs/airflow-dev/lib/python3.11/site-packages/airflow/example_dags/example_subdag_operator.py
[2026-04-21T19:04:06.442+0530] {logging_mixin.py:190} INFO - [2026-04-21T19:04:06.442+0530] {dag.py:3239} INFO - Sync 3 DAGs
[2026-04-21T19:04:06.457+0530] {logging_mixin.py:190} INFO - [2026-04-21T19:04:06.456+0530] {dag.py:4180} INFO - Setting next_dagrun for example_subdag_operator to 2022-01-01 00:00:00+00:00, run_after=2022-01-01 00:00:00+00:00
[2026-04-21T19:04:06.459+0530] {logging_mixin.py:190} INFO - [2026-04-21T19:04:06.459+0530] {dag.py:4180} INFO - Setting next_dagrun for example_subdag_operator.section-1 to None, run_after=None
[2026-04-21T19:04:06.460+0530] {logging_mixin.py:190} INFO - [2026-04-21T19:04:06.460+0530] {dag.py:4180} INFO - Setting next_dagrun for example_subdag_operator.section-2 to None, run_after=None
[2026-04-21T19:04:06.464+0530] {logging_mixin.py:190} INFO - [2026-04-21T19:04:06.464+0530] {dag.py:3239} INFO - Sync 2 DAGs
[2026-04-21T19:04:06.467+0530] {logging_mixin.py:190} INFO - [2026-04-21T19:04:06.467+0530] {dag.py:4180} INFO - Setting next_dagrun for example_subdag_operator.section-1 to None, run_after=None
[2026-04-21T19:04:06.468+0530] {logging_mixin.py:190} INFO - [2026-04-21T19:04:06.468+0530] {dag.py:4180} INFO - Setting next_dagrun for example_subdag_operator.section-2 to None, run_after=None
[2026-04-21T19:04:06.480+0530] {processor.py:208} INFO - Processing /home/ubantu/miniconda3/envs/airflow-dev/lib/python3.11/site-packages/airflow/example_dags/example_subdag_operator.py took 0.093 seconds
[2026-04-21T19:05:28.700+0530] {processor.py:186} INFO - Started process (PID=6821) to work on /home/ubantu/miniconda3/envs/airflow-dev/lib/python3.11/site-packages/airflow/example_dags/example_subdag_operator.py
[2026-04-21T19:05:28.701+0530] {processor.py:914} INFO - Processing file /home/ubantu/miniconda3/envs/airflow-dev/lib/python3.11/site-packages/airflow/example_dags/example_subdag_operator.py for tasks to queue
[2026-04-21T19:05:28.702+0530] {logging_mixin.py:190} INFO - [2026-04-21T19:05:28.702+0530] {dagbag.py:588} INFO - Filling up the DagBag from /home/ubantu/miniconda3/envs/airflow-dev/lib/python3.11/site-packages/airflow/example_dags/example_subdag_operator.py
[2026-04-21T19:05:28.723+0530] {processor.py:925} INFO - DAG(s) 'example_subdag_operator.section-1', 'example_subdag_operator.section-2', 'example_subdag_operator' retrieved from /home/ubantu/miniconda3/envs/airflow-dev/lib/python3.11/site-packages/airflow/example_dags/example_subdag_operator.py
[2026-04-21T19:05:28.741+0530] {logging_mixin.py:190} INFO - [2026-04-21T19:05:28.741+0530] {dag.py:3239} INFO - Sync 3 DAGs
[2026-04-21T19:05:28.756+0530] {logging_mixin.py:190} INFO - [2026-04-21T19:05:28.756+0530] {dag.py:4180} INFO - Setting next_dagrun for example_subdag_operator to 2022-01-01 00:00:00+00:00, run_after=2022-01-01 00:00:00+00:00
[2026-04-21T19:05:28.759+0530] {logging_mixin.py:190} INFO - [2026-04-21T19:05:28.759+0530] {dag.py:4180} INFO - Setting next_dagrun for example_subdag_operator.section-1 to None, run_after=None
[2026-04-21T19:05:28.759+0530] {logging_mixin.py:190} INFO - [2026-04-21T19:05:28.759+0530] {dag.py:4180} INFO - Setting next_dagrun for example_subdag_operator.section-2 to None, run_after=None
[2026-04-21T19:05:28.763+0530] {logging_mixin.py:190} INFO - [2026-04-21T19:05:28.763+0530] {dag.py:3239} INFO - Sync 2 DAGs
[2026-04-21T19:05:28.767+0530] {logging_mixin.py:190} INFO - [2026-04-21T19:05:28.767+0530] {dag.py:4180} INFO - Setting next_dagrun for example_subdag_operator.section-1 to None, run_after=None
[2026-04-21T19:05:28.767+0530] {logging_mixin.py:190} INFO - [2026-04-21T19:05:28.767+0530] {dag.py:4180} INFO - Setting next_dagrun for example_subdag_operator.section-2 to None, run_after=None
[2026-04-21T19:05:28.777+0530] {processor.py:208} INFO - Processing /home/ubantu/miniconda3/envs/airflow-dev/lib/python3.11/site-packages/airflow/example_dags/example_subdag_operator.py took 0.083 seconds
[2026-04-21T19:07:17.161+0530] {processor.py:186} INFO - Started process (PID=6978) to work on /home/ubantu/miniconda3/envs/airflow-dev/lib/python3.11/site-packages/airflow/example_dags/example_subdag_operator.py
[2026-04-21T19:07:17.162+0530] {processor.py:914} INFO - Processing file /home/ubantu/miniconda3/envs/airflow-dev/lib/python3.11/site-packages/airflow/example_dags/example_subdag_operator.py for tasks to queue
[2026-04-21T19:07:17.164+0530] {logging_mixin.py:190} INFO - [2026-04-21T19:07:17.163+0530] {dagbag.py:588} INFO - Filling up the DagBag from /home/ubantu/miniconda3/envs/airflow-dev/lib/python3.11/site-packages/airflow/example_dags/example_subdag_operator.py
[2026-04-21T19:07:17.185+0530] {processor.py:925} INFO - DAG(s) 'example_subdag_operator.section-1', 'example_subdag_operator.section-2', 'example_subdag_operator' retrieved from /home/ubantu/miniconda3/envs/airflow-dev/lib/python3.11/site-packages/airflow/example_dags/example_subdag_operator.py
[2026-04-21T19:07:17.199+0530] {logging_mixin.py:190} INFO - [2026-04-21T19:07:17.198+0530] {dag.py:3239} INFO - Sync 3 DAGs
[2026-04-21T19:07:17.212+0530] {logging_mixin.py:190} INFO - [2026-04-21T19:07:17.212+0530] {dag.py:4180} INFO - Setting next_dagrun for example_subdag_operator to 2022-01-01 00:00:00+00:00, run_after=2022-01-01 00:00:00+00:00
[2026-04-21T19:07:17.214+0530] {logging_mixin.py:190} INFO - [2026-04-21T19:07:17.214+0530] {dag.py:4180} INFO - Setting next_dagrun for example_subdag_operator.section-1 to None, run_after=None
[2026-04-21T19:07:17.215+0530] {logging_mixin.py:190} INFO - [2026-04-21T19:07:17.215+0530] {dag.py:4180} INFO - Setting next_dagrun for example_subdag_operator.section-2 to None, run_after=None
[2026-04-21T19:07:17.219+0530] {logging_mixin.py:190} INFO - [2026-04-21T19:07:17.219+0530] {dag.py:3239} INFO - Sync 2 DAGs
[2026-04-21T19:07:17.222+0530] {logging_mixin.py:190} INFO - [2026-04-21T19:07:17.222+0530] {dag.py:4180} INFO - Setting next_dagrun for example_subdag_operator.section-1 to None, run_after=None
[2026-04-21T19:07:17.222+0530] {logging_mixin.py:190} INFO - [2026-04-21T19:07:17.222+0530] {dag.py:4180} INFO - Setting next_dagrun for example_subdag_operator.section-2 to None, run_after=None
[2026-04-21T19:07:17.234+0530] {processor.py:208} INFO - Processing /home/ubantu/miniconda3/envs/airflow-dev/lib/python3.11/site-packages/airflow/example_dags/example_subdag_operator.py took 0.078 seconds
[2026-04-21T19:08:34.758+0530] {processor.py:186} INFO - Started process (PID=7083) to work on /home/ubantu/miniconda3/envs/airflow-dev/lib/python3.11/site-packages/airflow/example_dags/example_subdag_operator.py
[2026-04-21T19:08:34.759+0530] {processor.py:914} INFO - Processing file /home/ubantu/miniconda3/envs/airflow-dev/lib/python3.11/site-packages/airflow/example_dags/example_subdag_operator.py for tasks to queue
[2026-04-21T19:08:34.760+0530] {logging_mixin.py:190} INFO - [2026-04-21T19:08:34.760+0530] {dagbag.py:588} INFO - Filling up the DagBag from /home/ubantu/miniconda3/envs/airflow-dev/lib/python3.11/site-packages/airflow/example_dags/example_subdag_operator.py
[2026-04-21T19:08:34.781+0530] {processor.py:925} INFO - DAG(s) 'example_subdag_operator.section-1', 'example_subdag_operator.section-2', 'example_subdag_operator' retrieved from /home/ubantu/miniconda3/envs/airflow-dev/lib/python3.11/site-packages/airflow/example_dags/example_subdag_operator.py
[2026-04-21T19:08:34.795+0530] {logging_mixin.py:190} INFO - [2026-04-21T19:08:34.795+0530] {dag.py:3239} INFO - Sync 3 DAGs
[2026-04-21T19:08:34.808+0530] {logging_mixin.py:190} INFO - [2026-04-21T19:08:34.808+0530] {dag.py:4180} INFO - Setting next_dagrun for example_subdag_operator to 2022-01-01 00:00:00+00:00, run_after=2022-01-01 00:00:00+00:00
[2026-04-21T19:08:34.811+0530] {logging_mixin.py:190} INFO - [2026-04-21T19:08:34.810+0530] {dag.py:4180} INFO - Setting next_dagrun for example_subdag_operator.section-1 to None, run_after=None
[2026-04-21T19:08:34.811+0530] {logging_mixin.py:190} INFO - [2026-04-21T19:08:34.811+0530] {dag.py:4180} INFO - Setting next_dagrun for example_subdag_operator.section-2 to None, run_after=None
[2026-04-21T19:08:34.815+0530] {logging_mixin.py:190} INFO - [2026-04-21T19:08:34.815+0530] {dag.py:3239} INFO - Sync 2 DAGs
[2026-04-21T19:08:34.819+0530] {logging_mixin.py:190} INFO - [2026-04-21T19:08:34.818+0530] {dag.py:4180} INFO - Setting next_dagrun for example_subdag_operator.section-1 to None, run_after=None
[2026-04-21T19:08:34.819+0530] {logging_mixin.py:190} INFO - [2026-04-21T19:08:34.819+0530] {dag.py:4180} INFO - Setting next_dagrun for example_subdag_operator.section-2 to None, run_after=None
[2026-04-21T19:08:34.830+0530] {processor.py:208} INFO - Processing /home/ubantu/miniconda3/envs/airflow-dev/lib/python3.11/site-packages/airflow/example_dags/example_subdag_operator.py took 0.078 seconds
[2026-04-21T19:09:54.291+0530] {processor.py:186} INFO - Started process (PID=7182) to work on /home/ubantu/miniconda3/envs/airflow-dev/lib/python3.11/site-packages/airflow/example_dags/example_subdag_operator.py
[2026-04-21T19:09:54.292+0530] {processor.py:914} INFO - Processing file /home/ubantu/miniconda3/envs/airflow-dev/lib/python3.11/site-packages/airflow/example_dags/example_subdag_operator.py for tasks to queue
[2026-04-21T19:09:54.293+0530] {logging_mixin.py:190} INFO - [2026-04-21T19:09:54.293+0530] {dagbag.py:588} INFO - Filling up the DagBag from /home/ubantu/miniconda3/envs/airflow-dev/lib/python3.11/site-packages/airflow/example_dags/example_subdag_operator.py
[2026-04-21T19:09:54.313+0530] {processor.py:925} INFO - DAG(s) 'example_subdag_operator.section-1', 'example_subdag_operator.section-2', 'example_subdag_operator' retrieved from /home/ubantu/miniconda3/envs/airflow-dev/lib/python3.11/site-packages/airflow/example_dags/example_subdag_operator.py
[2026-04-21T19:09:54.329+0530] {logging_mixin.py:190} INFO - [2026-04-21T19:09:54.328+0530] {dag.py:3239} INFO - Sync 3 DAGs
[2026-04-21T19:09:54.343+0530] {logging_mixin.py:190} INFO - [2026-04-21T19:09:54.343+0530] {dag.py:4180} INFO - Setting next_dagrun for example_subdag_operator to 2022-01-01 00:00:00+00:00, run_after=2022-01-01 00:00:00+00:00
[2026-04-21T19:09:54.345+0530] {logging_mixin.py:190} INFO - [2026-04-21T19:09:54.345+0530] {dag.py:4180} INFO - Setting next_dagrun for example_subdag_operator.section-1 to None, run_after=None
[2026-04-21T19:09:54.346+0530] {logging_mixin.py:190} INFO - [2026-04-21T19:09:54.346+0530] {dag.py:4180} INFO - Setting next_dagrun for example_subdag_operator.section-2 to None, run_after=None
[2026-04-21T19:09:54.350+0530] {logging_mixin.py:190} INFO - [2026-04-21T19:09:54.350+0530] {dag.py:3239} INFO - Sync 2 DAGs
[2026-04-21T19:09:54.353+0530] {logging_mixin.py:190} INFO - [2026-04-21T19:09:54.353+0530] {dag.py:4180} INFO - Setting next_dagrun for example_subdag_operator.section-1 to None, run_after=None
[2026-04-21T19:09:54.353+0530] {logging_mixin.py:190} INFO - [2026-04-21T19:09:54.353+0530] {dag.py:4180} INFO - Setting next_dagrun for example_subdag_operator.section-2 to None, run_after=None
[2026-04-21T19:09:54.365+0530] {processor.py:208} INFO - Processing /home/ubantu/miniconda3/envs/airflow-dev/lib/python3.11/site-packages/airflow/example_dags/example_subdag_operator.py took 0.080 seconds
[2026-04-21T19:11:11.882+0530] {processor.py:186} INFO - Started process (PID=7288) to work on /home/ubantu/miniconda3/envs/airflow-dev/lib/python3.11/site-packages/airflow/example_dags/example_subdag_operator.py
[2026-04-21T19:11:11.883+0530] {processor.py:914} INFO - Processing file /home/ubantu/miniconda3/envs/airflow-dev/lib/python3.11/site-packages/airflow/example_dags/example_subdag_operator.py for tasks to queue
[2026-04-21T19:11:11.884+0530] {logging_mixin.py:190} INFO - [2026-04-21T19:11:11.884+0530] {dagbag.py:588} INFO - Filling up the DagBag from /home/ubantu/miniconda3/envs/airflow-dev/lib/python3.11/site-packages/airflow/example_dags/example_subdag_operator.py
[2026-04-21T19:11:11.910+0530] {processor.py:925} INFO - DAG(s) 'example_subdag_operator.section-1', 'example_subdag_operator.section-2', 'example_subdag_operator' retrieved from /home/ubantu/miniconda3/envs/airflow-dev/lib/python3.11/site-packages/airflow/example_dags/example_subdag_operator.py
[2026-04-21T19:11:11.929+0530] {logging_mixin.py:190} INFO - [2026-04-21T19:11:11.928+0530] {dag.py:3239} INFO - Sync 3 DAGs
[2026-04-21T19:11:11.945+0530] {logging_mixin.py:190} INFO - [2026-04-21T19:11:11.944+0530] {dag.py:4180} INFO - Setting next_dagrun for example_subdag_operator to 2022-01-01 00:00:00+00:00, run_after=2022-01-01 00:00:00+00:00
[2026-04-21T19:11:11.947+0530] {logging_mixin.py:190} INFO - [2026-04-21T19:11:11.947+0530] {dag.py:4180} INFO - Setting next_dagrun for example_subdag_operator.section-1 to None, run_after=None
[2026-04-21T19:11:11.948+0530] {logging_mixin.py:190} INFO - [2026-04-21T19:11:11.948+0530] {dag.py:4180} INFO - Setting next_dagrun for example_subdag_operator.section-2 to None, run_after=None
[2026-04-21T19:11:11.952+0530] {logging_mixin.py:190} INFO - [2026-04-21T19:11:11.952+0530] {dag.py:3239} INFO - Sync 2 DAGs
[2026-04-21T19:11:11.956+0530] {logging_mixin.py:190} INFO - [2026-04-21T19:11:11.955+0530] {dag.py:4180} INFO - Setting next_dagrun for example_subdag_operator.section-1 to None, run_after=None
[2026-04-21T19:11:11.956+0530] {logging_mixin.py:190} INFO - [2026-04-21T19:11:11.956+0530] {dag.py:4180} INFO - Setting next_dagrun for example_subdag_operator.section-2 to None, run_after=None
[2026-04-21T19:11:11.967+0530] {processor.py:208} INFO - Processing /home/ubantu/miniconda3/envs/airflow-dev/lib/python3.11/site-packages/airflow/example_dags/example_subdag_operator.py took 0.092 seconds
[2026-04-21T19:12:30.055+0530] {processor.py:186} INFO - Started process (PID=7381) to work on /home/ubantu/miniconda3/envs/airflow-dev/lib/python3.11/site-packages/airflow/example_dags/example_subdag_operator.py
[2026-04-21T19:12:30.056+0530] {processor.py:914} INFO - Processing file /home/ubantu/miniconda3/envs/airflow-dev/lib/python3.11/site-packages/airflow/example_dags/example_subdag_operator.py for tasks to queue
[2026-04-21T19:12:30.058+0530] {logging_mixin.py:190} INFO - [2026-04-21T19:12:30.057+0530] {dagbag.py:588} INFO - Filling up the DagBag from /home/ubantu/miniconda3/envs/airflow-dev/lib/python3.11/site-packages/airflow/example_dags/example_subdag_operator.py
[2026-04-21T19:12:30.078+0530] {processor.py:925} INFO - DAG(s) 'example_subdag_operator.section-1', 'example_subdag_operator.section-2', 'example_subdag_operator' retrieved from /home/ubantu/miniconda3/envs/airflow-dev/lib/python3.11/site-packages/airflow/example_dags/example_subdag_operator.py
[2026-04-21T19:12:30.091+0530] {logging_mixin.py:190} INFO - [2026-04-21T19:12:30.090+0530] {dag.py:3239} INFO - Sync 3 DAGs
[2026-04-21T19:12:30.105+0530] {logging_mixin.py:190} INFO - [2026-04-21T19:12:30.104+0530] {dag.py:4180} INFO - Setting next_dagrun for example_subdag_operator to 2022-01-01 00:00:00+00:00, run_after=2022-01-01 00:00:00+00:00
[2026-04-21T19:12:30.107+0530] {logging_mixin.py:190} INFO - [2026-04-21T19:12:30.107+0530] {dag.py:4180} INFO - Setting next_dagrun for example_subdag_operator.section-1 to None, run_after=None
[2026-04-21T19:12:30.108+0530] {logging_mixin.py:190} INFO - [2026-04-21T19:12:30.108+0530] {dag.py:4180} INFO - Setting next_dagrun for example_subdag_operator.section-2 to None, run_after=None
[2026-04-21T19:12:30.112+0530] {logging_mixin.py:190} INFO - [2026-04-21T19:12:30.112+0530] {dag.py:3239} INFO - Sync 2 DAGs
[2026-04-21T19:12:30.115+0530] {logging_mixin.py:190} INFO - [2026-04-21T19:12:30.115+0530] {dag.py:4180} INFO - Setting next_dagrun for example_subdag_operator.section-1 to None, run_after=None
[2026-04-21T19:12:30.116+0530] {logging_mixin.py:190} INFO - [2026-04-21T19:12:30.116+0530] {dag.py:4180} INFO - Setting next_dagrun for example_subdag_operator.section-2 to None, run_after=None
[2026-04-21T19:12:30.126+0530] {processor.py:208} INFO - Processing /home/ubantu/miniconda3/envs/airflow-dev/lib/python3.11/site-packages/airflow/example_dags/example_subdag_operator.py took 0.077 seconds
[2026-04-21T19:13:50.092+0530] {processor.py:186} INFO - Started process (PID=7502) to work on /home/ubantu/miniconda3/envs/airflow-dev/lib/python3.11/site-packages/airflow/example_dags/example_subdag_operator.py
[2026-04-21T19:13:50.093+0530] {processor.py:914} INFO - Processing file /home/ubantu/miniconda3/envs/airflow-dev/lib/python3.11/site-packages/airflow/example_dags/example_subdag_operator.py for tasks to queue
[2026-04-21T19:13:50.094+0530] {logging_mixin.py:190} INFO - [2026-04-21T19:13:50.094+0530] {dagbag.py:588} INFO - Filling up the DagBag from /home/ubantu/miniconda3/envs/airflow-dev/lib/python3.11/site-packages/airflow/example_dags/example_subdag_operator.py
[2026-04-21T19:13:50.115+0530] {processor.py:925} INFO - DAG(s) 'example_subdag_operator.section-1', 'example_subdag_operator.section-2', 'example_subdag_operator' retrieved from /home/ubantu/miniconda3/envs/airflow-dev/lib/python3.11/site-packages/airflow/example_dags/example_subdag_operator.py
[2026-04-21T19:13:50.129+0530] {logging_mixin.py:190} INFO - [2026-04-21T19:13:50.129+0530] {dag.py:3239} INFO - Sync 3 DAGs
[2026-04-21T19:13:50.144+0530] {logging_mixin.py:190} INFO - [2026-04-21T19:13:50.144+0530] {dag.py:4180} INFO - Setting next_dagrun for example_subdag_operator to 2022-01-01 00:00:00+00:00, run_after=2022-01-01 00:00:00+00:00
[2026-04-21T19:13:50.147+0530] {logging_mixin.py:190} INFO - [2026-04-21T19:13:50.146+0530] {dag.py:4180} INFO - Setting next_dagrun for example_subdag_operator.section-1 to None, run_after=None
[2026-04-21T19:13:50.147+0530] {logging_mixin.py:190} INFO - [2026-04-21T19:13:50.147+0530] {dag.py:4180} INFO - Setting next_dagrun for example_subdag_operator.section-2 to None, run_after=None
[2026-04-21T19:13:50.152+0530] {logging_mixin.py:190} INFO - [2026-04-21T19:13:50.151+0530] {dag.py:3239} INFO - Sync 2 DAGs
[2026-04-21T19:13:50.155+0530] {logging_mixin.py:190} INFO - [2026-04-21T19:13:50.154+0530] {dag.py:4180} INFO - Setting next_dagrun for example_subdag_operator.section-1 to None, run_after=None
[2026-04-21T19:13:50.155+0530] {logging_mixin.py:190} INFO - [2026-04-21T19:13:50.155+0530] {dag.py:4180} INFO - Setting next_dagrun for example_subdag_operator.section-2 to None, run_after=None
[2026-04-21T19:13:50.167+0530] {processor.py:208} INFO - Processing /home/ubantu/miniconda3/envs/airflow-dev/lib/python3.11/site-packages/airflow/example_dags/example_subdag_operator.py took 0.081 seconds
[2026-04-21T19:15:13.579+0530] {processor.py:186} INFO - Started process (PID=7618) to work on /home/ubantu/miniconda3/envs/airflow-dev/lib/python3.11/site-packages/airflow/example_dags/example_subdag_operator.py
[2026-04-21T19:15:13.580+0530] {processor.py:914} INFO - Processing file /home/ubantu/miniconda3/envs/airflow-dev/lib/python3.11/site-packages/airflow/example_dags/example_subdag_operator.py for tasks to queue
[2026-04-21T19:15:13.582+0530] {logging_mixin.py:190} INFO - [2026-04-21T19:15:13.581+0530] {dagbag.py:588} INFO - Filling up the DagBag from /home/ubantu/miniconda3/envs/airflow-dev/lib/python3.11/site-packages/airflow/example_dags/example_subdag_operator.py
[2026-04-21T19:15:13.602+0530] {processor.py:925} INFO - DAG(s) 'example_subdag_operator.section-1', 'example_subdag_operator.section-2', 'example_subdag_operator' retrieved from /home/ubantu/miniconda3/envs/airflow-dev/lib/python3.11/site-packages/airflow/example_dags/example_subdag_operator.py
[2026-04-21T19:15:13.616+0530] {logging_mixin.py:190} INFO - [2026-04-21T19:15:13.616+0530] {dag.py:3239} INFO - Sync 3 DAGs
[2026-04-21T19:15:13.633+0530] {logging_mixin.py:190} INFO - [2026-04-21T19:15:13.632+0530] {dag.py:4180} INFO - Setting next_dagrun for example_subdag_operator to 2022-01-01 00:00:00+00:00, run_after=2022-01-01 00:00:00+00:00
[2026-04-21T19:15:13.635+0530] {logging_mixin.py:190} INFO - [2026-04-21T19:15:13.635+0530] {dag.py:4180} INFO - Setting next_dagrun for example_subdag_operator.section-1 to None, run_after=None
[2026-04-21T19:15:13.636+0530] {logging_mixin.py:190} INFO - [2026-04-21T19:15:13.636+0530] {dag.py:4180} INFO - Setting next_dagrun for example_subdag_operator.section-2 to None, run_after=None
[2026-04-21T19:15:13.640+0530] {logging_mixin.py:190} INFO - [2026-04-21T19:15:13.640+0530] {dag.py:3239} INFO - Sync 2 DAGs
[2026-04-21T19:15:13.643+0530] {logging_mixin.py:190} INFO - [2026-04-21T19:15:13.643+0530] {dag.py:4180} INFO - Setting next_dagrun for example_subdag_operator.section-1 to None, run_after=None
[2026-04-21T19:15:13.643+0530] {logging_mixin.py:190} INFO - [2026-04-21T19:15:13.643+0530] {dag.py:4180} INFO - Setting next_dagrun for example_subdag_operator.section-2 to None, run_after=None
[2026-04-21T19:15:13.655+0530] {processor.py:208} INFO - Processing /home/ubantu/miniconda3/envs/airflow-dev/lib/python3.11/site-packages/airflow/example_dags/example_subdag_operator.py took 0.081 seconds
[2026-04-21T19:16:30.102+0530] {processor.py:186} INFO - Started process (PID=7776) to work on /home/ubantu/miniconda3/envs/airflow-dev/lib/python3.11/site-packages/airflow/example_dags/example_subdag_operator.py
[2026-04-21T19:16:30.103+0530] {processor.py:914} INFO - Processing file /home/ubantu/miniconda3/envs/airflow-dev/lib/python3.11/site-packages/airflow/example_dags/example_subdag_operator.py for tasks to queue
[2026-04-21T19:16:30.104+0530] {logging_mixin.py:190} INFO - [2026-04-21T19:16:30.104+0530] {dagbag.py:588} INFO - Filling up the DagBag from /home/ubantu/miniconda3/envs/airflow-dev/lib/python3.11/site-packages/airflow/example_dags/example_subdag_operator.py
[2026-04-21T19:16:30.126+0530] {processor.py:925} INFO - DAG(s) 'example_subdag_operator.section-1', 'example_subdag_operator.section-2', 'example_subdag_operator' retrieved from /home/ubantu/miniconda3/envs/airflow-dev/lib/python3.11/site-packages/airflow/example_dags/example_subdag_operator.py
[2026-04-21T19:16:30.140+0530] {logging_mixin.py:190} INFO - [2026-04-21T19:16:30.140+0530] {dag.py:3239} INFO - Sync 3 DAGs
[2026-04-21T19:16:30.155+0530] {logging_mixin.py:190} INFO - [2026-04-21T19:16:30.155+0530] {dag.py:4180} INFO - Setting next_dagrun for example_subdag_operator to 2022-01-01 00:00:00+00:00, run_after=2022-01-01 00:00:00+00:00
[2026-04-21T19:16:30.158+0530] {logging_mixin.py:190} INFO - [2026-04-21T19:16:30.157+0530] {dag.py:4180} INFO - Setting next_dagrun for example_subdag_operator.section-1 to None, run_after=None
[2026-04-21T19:16:30.158+0530] {logging_mixin.py:190} INFO - [2026-04-21T19:16:30.158+0530] {dag.py:4180} INFO - Setting next_dagrun for example_subdag_operator.section-2 to None, run_after=None
[2026-04-21T19:16:30.162+0530] {logging_mixin.py:190} INFO - [2026-04-21T19:16:30.162+0530] {dag.py:3239} INFO - Sync 2 DAGs
[2026-04-21T19:16:30.166+0530] {logging_mixin.py:190} INFO - [2026-04-21T19:16:30.165+0530] {dag.py:4180} INFO - Setting next_dagrun for example_subdag_operator.section-1 to None, run_after=None
[2026-04-21T19:16:30.166+0530] {logging_mixin.py:190} INFO - [2026-04-21T19:16:30.166+0530] {dag.py:4180} INFO - Setting next_dagrun for example_subdag_operator.section-2 to None, run_after=None
[2026-04-21T19:16:30.178+0530] {processor.py:208} INFO - Processing /home/ubantu/miniconda3/envs/airflow-dev/lib/python3.11/site-packages/airflow/example_dags/example_subdag_operator.py took 0.083 seconds
[2026-04-21T19:22:16.741+0530] {processor.py:186} INFO - Started process (PID=8325) to work on /home/ubantu/airflow-src/airflow/example_dags/example_subdag_operator.py
[2026-04-21T19:22:16.742+0530] {processor.py:914} INFO - Processing file /home/ubantu/airflow-src/airflow/example_dags/example_subdag_operator.py for tasks to queue
[2026-04-21T19:22:16.743+0530] {logging_mixin.py:190} INFO - [2026-04-21T19:22:16.743+0530] {dagbag.py:588} INFO - Filling up the DagBag from /home/ubantu/airflow-src/airflow/example_dags/example_subdag_operator.py
[2026-04-21T19:22:16.766+0530] {processor.py:925} INFO - DAG(s) 'example_subdag_operator.section-1', 'example_subdag_operator.section-2', 'example_subdag_operator' retrieved from /home/ubantu/airflow-src/airflow/example_dags/example_subdag_operator.py
[2026-04-21T19:22:16.820+0530] {logging_mixin.py:190} INFO - [2026-04-21T19:22:16.819+0530] {dag.py:3239} INFO - Sync 3 DAGs
[2026-04-21T19:22:16.834+0530] {logging_mixin.py:190} INFO - [2026-04-21T19:22:16.834+0530] {dag.py:4180} INFO - Setting next_dagrun for example_subdag_operator to 2022-01-01 00:00:00+00:00, run_after=2022-01-01 00:00:00+00:00
[2026-04-21T19:22:16.836+0530] {logging_mixin.py:190} INFO - [2026-04-21T19:22:16.836+0530] {dag.py:4180} INFO - Setting next_dagrun for example_subdag_operator.section-1 to None, run_after=None
[2026-04-21T19:22:16.837+0530] {logging_mixin.py:190} INFO - [2026-04-21T19:22:16.837+0530] {dag.py:4180} INFO - Setting next_dagrun for example_subdag_operator.section-2 to None, run_after=None
[2026-04-21T19:22:16.843+0530] {logging_mixin.py:190} INFO - [2026-04-21T19:22:16.842+0530] {dag.py:3239} INFO - Sync 2 DAGs
[2026-04-21T19:22:16.846+0530] {logging_mixin.py:190} INFO - [2026-04-21T19:22:16.846+0530] {dag.py:4180} INFO - Setting next_dagrun for example_subdag_operator.section-1 to None, run_after=None
[2026-04-21T19:22:16.846+0530] {logging_mixin.py:190} INFO - [2026-04-21T19:22:16.846+0530] {dag.py:4180} INFO - Setting next_dagrun for example_subdag_operator.section-2 to None, run_after=None
[2026-04-21T19:22:16.857+0530] {processor.py:208} INFO - Processing /home/ubantu/airflow-src/airflow/example_dags/example_subdag_operator.py took 0.122 seconds
[2026-04-21T19:24:12.266+0530] {processor.py:186} INFO - Started process (PID=8461) to work on /home/ubantu/airflow-src/airflow/example_dags/example_subdag_operator.py
[2026-04-21T19:24:12.267+0530] {processor.py:914} INFO - Processing file /home/ubantu/airflow-src/airflow/example_dags/example_subdag_operator.py for tasks to queue
[2026-04-21T19:24:12.268+0530] {logging_mixin.py:190} INFO - [2026-04-21T19:24:12.267+0530] {dagbag.py:588} INFO - Filling up the DagBag from /home/ubantu/airflow-src/airflow/example_dags/example_subdag_operator.py
[2026-04-21T19:24:12.287+0530] {processor.py:925} INFO - DAG(s) 'example_subdag_operator.section-1', 'example_subdag_operator.section-2', 'example_subdag_operator' retrieved from /home/ubantu/airflow-src/airflow/example_dags/example_subdag_operator.py
[2026-04-21T19:24:12.303+0530] {logging_mixin.py:190} INFO - [2026-04-21T19:24:12.303+0530] {dag.py:3239} INFO - Sync 3 DAGs
[2026-04-21T19:24:12.317+0530] {logging_mixin.py:190} INFO - [2026-04-21T19:24:12.317+0530] {dag.py:4180} INFO - Setting next_dagrun for example_subdag_operator to 2022-01-01 00:00:00+00:00, run_after=2022-01-01 00:00:00+00:00
[2026-04-21T19:24:12.319+0530] {logging_mixin.py:190} INFO - [2026-04-21T19:24:12.319+0530] {dag.py:4180} INFO - Setting next_dagrun for example_subdag_operator.section-1 to None, run_after=None
[2026-04-21T19:24:12.320+0530] {logging_mixin.py:190} INFO - [2026-04-21T19:24:12.320+0530] {dag.py:4180} INFO - Setting next_dagrun for example_subdag_operator.section-2 to None, run_after=None
[2026-04-21T19:24:12.325+0530] {logging_mixin.py:190} INFO - [2026-04-21T19:24:12.325+0530] {dag.py:3239} INFO - Sync 2 DAGs
[2026-04-21T19:24:12.328+0530] {logging_mixin.py:190} INFO - [2026-04-21T19:24:12.328+0530] {dag.py:4180} INFO - Setting next_dagrun for example_subdag_operator.section-1 to None, run_after=None
[2026-04-21T19:24:12.328+0530] {logging_mixin.py:190} INFO - [2026-04-21T19:24:12.328+0530] {dag.py:4180} INFO - Setting next_dagrun for example_subdag_operator.section-2 to None, run_after=None
[2026-04-21T19:24:12.340+0530] {processor.py:208} INFO - Processing /home/ubantu/airflow-src/airflow/example_dags/example_subdag_operator.py took 0.079 seconds
