[2026-04-21T18:46:27.262+0530] {processor.py:186} INFO - Started process (PID=5457) to work on /home/ubantu/miniconda3/envs/airflow-dev/lib/python3.11/site-packages/airflow/example_dags/example_display_name.py
[2026-04-21T18:46:27.263+0530] {processor.py:914} INFO - Processing file /home/ubantu/miniconda3/envs/airflow-dev/lib/python3.11/site-packages/airflow/example_dags/example_display_name.py for tasks to queue
[2026-04-21T18:46:27.265+0530] {logging_mixin.py:190} INFO - [2026-04-21T18:46:27.265+0530] {dagbag.py:588} INFO - Filling up the DagBag from /home/ubantu/miniconda3/envs/airflow-dev/lib/python3.11/site-packages/airflow/example_dags/example_display_name.py
[2026-04-21T18:46:27.273+0530] {processor.py:925} INFO - DAG(s) 'example_display_name' retrieved from /home/ubantu/miniconda3/envs/airflow-dev/lib/python3.11/site-packages/airflow/example_dags/example_display_name.py
[2026-04-21T18:46:27.359+0530] {logging_mixin.py:190} INFO - [2026-04-21T18:46:27.358+0530] {dag.py:3239} INFO - Sync 1 DAGs
[2026-04-21T18:46:27.367+0530] {logging_mixin.py:190} INFO - [2026-04-21T18:46:27.367+0530] {dag.py:4180} INFO - Setting next_dagrun for example_display_name to None, run_after=None
[2026-04-21T18:46:27.386+0530] {processor.py:208} INFO - Processing /home/ubantu/miniconda3/envs/airflow-dev/lib/python3.11/site-packages/airflow/example_dags/example_display_name.py took 0.130 seconds
[2026-04-21T18:48:19.980+0530] {processor.py:186} INFO - Started process (PID=5644) to work on /home/ubantu/miniconda3/envs/airflow-dev/lib/python3.11/site-packages/airflow/example_dags/example_display_name.py
[2026-04-21T18:48:19.981+0530] {processor.py:914} INFO - Processing file /home/ubantu/miniconda3/envs/airflow-dev/lib/python3.11/site-packages/airflow/example_dags/example_display_name.py for tasks to queue
[2026-04-21T18:48:19.983+0530] {logging_mixin.py:190} INFO - [2026-04-21T18:48:19.983+0530] {dagbag.py:588} INFO - Filling up the DagBag from /home/ubantu/miniconda3/envs/airflow-dev/lib/python3.11/site-packages/airflow/example_dags/example_display_name.py
[2026-04-21T18:48:19.991+0530] {processor.py:925} INFO - DAG(s) 'example_display_name' retrieved from /home/ubantu/miniconda3/envs/airflow-dev/lib/python3.11/site-packages/airflow/example_dags/example_display_name.py
[2026-04-21T18:48:20.007+0530] {logging_mixin.py:190} INFO - [2026-04-21T18:48:20.007+0530] {dag.py:3239} INFO - Sync 1 DAGs
[2026-04-21T18:48:20.019+0530] {logging_mixin.py:190} INFO - [2026-04-21T18:48:20.019+0530] {dag.py:4180} INFO - Setting next_dagrun for example_display_name to None, run_after=None
[2026-04-21T18:48:20.038+0530] {processor.py:208} INFO - Processing /home/ubantu/miniconda3/envs/airflow-dev/lib/python3.11/site-packages/airflow/example_dags/example_display_name.py took 0.064 seconds
[2026-04-21T18:49:44.870+0530] {processor.py:186} INFO - Started process (PID=5759) to work on /home/ubantu/miniconda3/envs/airflow-dev/lib/python3.11/site-packages/airflow/example_dags/example_display_name.py
[2026-04-21T18:49:44.871+0530] {processor.py:914} INFO - Processing file /home/ubantu/miniconda3/envs/airflow-dev/lib/python3.11/site-packages/airflow/example_dags/example_display_name.py for tasks to queue
[2026-04-21T18:49:44.874+0530] {logging_mixin.py:190} INFO - [2026-04-21T18:49:44.873+0530] {dagbag.py:588} INFO - Filling up the DagBag from /home/ubantu/miniconda3/envs/airflow-dev/lib/python3.11/site-packages/airflow/example_dags/example_display_name.py
[2026-04-21T18:49:44.884+0530] {processor.py:925} INFO - DAG(s) 'example_display_name' retrieved from /home/ubantu/miniconda3/envs/airflow-dev/lib/python3.11/site-packages/airflow/example_dags/example_display_name.py
[2026-04-21T18:49:44.902+0530] {logging_mixin.py:190} INFO - [2026-04-21T18:49:44.902+0530] {dag.py:3239} INFO - Sync 1 DAGs
[2026-04-21T18:49:44.914+0530] {logging_mixin.py:190} INFO - [2026-04-21T18:49:44.914+0530] {dag.py:4180} INFO - Setting next_dagrun for example_display_name to None, run_after=None
[2026-04-21T18:49:44.933+0530] {processor.py:208} INFO - Processing /home/ubantu/miniconda3/envs/airflow-dev/lib/python3.11/site-packages/airflow/example_dags/example_display_name.py took 0.071 seconds
[2026-04-21T18:51:05.134+0530] {processor.py:186} INFO - Started process (PID=5869) to work on /home/ubantu/miniconda3/envs/airflow-dev/lib/python3.11/site-packages/airflow/example_dags/example_display_name.py
[2026-04-21T18:51:05.135+0530] {processor.py:914} INFO - Processing file /home/ubantu/miniconda3/envs/airflow-dev/lib/python3.11/site-packages/airflow/example_dags/example_display_name.py for tasks to queue
[2026-04-21T18:51:05.137+0530] {logging_mixin.py:190} INFO - [2026-04-21T18:51:05.137+0530] {dagbag.py:588} INFO - Filling up the DagBag from /home/ubantu/miniconda3/envs/airflow-dev/lib/python3.11/site-packages/airflow/example_dags/example_display_name.py
[2026-04-21T18:51:05.146+0530] {processor.py:925} INFO - DAG(s) 'example_display_name' retrieved from /home/ubantu/miniconda3/envs/airflow-dev/lib/python3.11/site-packages/airflow/example_dags/example_display_name.py
[2026-04-21T18:51:05.160+0530] {logging_mixin.py:190} INFO - [2026-04-21T18:51:05.160+0530] {dag.py:3239} INFO - Sync 1 DAGs
[2026-04-21T18:51:05.172+0530] {logging_mixin.py:190} INFO - [2026-04-21T18:51:05.172+0530] {dag.py:4180} INFO - Setting next_dagrun for example_display_name to None, run_after=None
[2026-04-21T18:51:05.192+0530] {processor.py:208} INFO - Processing /home/ubantu/miniconda3/envs/airflow-dev/lib/python3.11/site-packages/airflow/example_dags/example_display_name.py took 0.064 seconds
[2026-04-21T18:52:25.387+0530] {processor.py:186} INFO - Started process (PID=5975) to work on /home/ubantu/miniconda3/envs/airflow-dev/lib/python3.11/site-packages/airflow/example_dags/example_display_name.py
[2026-04-21T18:52:25.389+0530] {processor.py:914} INFO - Processing file /home/ubantu/miniconda3/envs/airflow-dev/lib/python3.11/site-packages/airflow/example_dags/example_display_name.py for tasks to queue
[2026-04-21T18:52:25.394+0530] {logging_mixin.py:190} INFO - [2026-04-21T18:52:25.393+0530] {dagbag.py:588} INFO - Filling up the DagBag from /home/ubantu/miniconda3/envs/airflow-dev/lib/python3.11/site-packages/airflow/example_dags/example_display_name.py
[2026-04-21T18:52:25.410+0530] {processor.py:925} INFO - DAG(s) 'example_display_name' retrieved from /home/ubantu/miniconda3/envs/airflow-dev/lib/python3.11/site-packages/airflow/example_dags/example_display_name.py
[2026-04-21T18:52:25.434+0530] {logging_mixin.py:190} INFO - [2026-04-21T18:52:25.433+0530] {dag.py:3239} INFO - Sync 1 DAGs
[2026-04-21T18:52:25.446+0530] {logging_mixin.py:190} INFO - [2026-04-21T18:52:25.446+0530] {dag.py:4180} INFO - Setting next_dagrun for example_display_name to None, run_after=None
[2026-04-21T18:52:25.482+0530] {processor.py:208} INFO - Processing /home/ubantu/miniconda3/envs/airflow-dev/lib/python3.11/site-packages/airflow/example_dags/example_display_name.py took 0.108 seconds
[2026-04-21T18:53:42.046+0530] {processor.py:186} INFO - Started process (PID=6083) to work on /home/ubantu/miniconda3/envs/airflow-dev/lib/python3.11/site-packages/airflow/example_dags/example_display_name.py
[2026-04-21T18:53:42.047+0530] {processor.py:914} INFO - Processing file /home/ubantu/miniconda3/envs/airflow-dev/lib/python3.11/site-packages/airflow/example_dags/example_display_name.py for tasks to queue
[2026-04-21T18:53:42.049+0530] {logging_mixin.py:190} INFO - [2026-04-21T18:53:42.049+0530] {dagbag.py:588} INFO - Filling up the DagBag from /home/ubantu/miniconda3/envs/airflow-dev/lib/python3.11/site-packages/airflow/example_dags/example_display_name.py
[2026-04-21T18:53:42.058+0530] {processor.py:925} INFO - DAG(s) 'example_display_name' retrieved from /home/ubantu/miniconda3/envs/airflow-dev/lib/python3.11/site-packages/airflow/example_dags/example_display_name.py
[2026-04-21T18:53:42.072+0530] {logging_mixin.py:190} INFO - [2026-04-21T18:53:42.072+0530] {dag.py:3239} INFO - Sync 1 DAGs
[2026-04-21T18:53:42.084+0530] {logging_mixin.py:190} INFO - [2026-04-21T18:53:42.084+0530] {dag.py:4180} INFO - Setting next_dagrun for example_display_name to None, run_after=None
[2026-04-21T18:53:42.101+0530] {processor.py:208} INFO - Processing /home/ubantu/miniconda3/envs/airflow-dev/lib/python3.11/site-packages/airflow/example_dags/example_display_name.py took 0.061 seconds
[2026-04-21T18:55:00.891+0530] {processor.py:186} INFO - Started process (PID=6202) to work on /home/ubantu/miniconda3/envs/airflow-dev/lib/python3.11/site-packages/airflow/example_dags/example_display_name.py
[2026-04-21T18:55:00.892+0530] {processor.py:914} INFO - Processing file /home/ubantu/miniconda3/envs/airflow-dev/lib/python3.11/site-packages/airflow/example_dags/example_display_name.py for tasks to queue
[2026-04-21T18:55:00.894+0530] {logging_mixin.py:190} INFO - [2026-04-21T18:55:00.894+0530] {dagbag.py:588} INFO - Filling up the DagBag from /home/ubantu/miniconda3/envs/airflow-dev/lib/python3.11/site-packages/airflow/example_dags/example_display_name.py
[2026-04-21T18:55:00.903+0530] {processor.py:925} INFO - DAG(s) 'example_display_name' retrieved from /home/ubantu/miniconda3/envs/airflow-dev/lib/python3.11/site-packages/airflow/example_dags/example_display_name.py
[2026-04-21T18:55:00.918+0530] {logging_mixin.py:190} INFO - [2026-04-21T18:55:00.918+0530] {dag.py:3239} INFO - Sync 1 DAGs
[2026-04-21T18:55:00.930+0530] {logging_mixin.py:190} INFO - [2026-04-21T18:55:00.929+0530] {dag.py:4180} INFO - Setting next_dagrun for example_display_name to None, run_after=None
[2026-04-21T18:55:00.949+0530] {processor.py:208} INFO - Processing /home/ubantu/miniconda3/envs/airflow-dev/lib/python3.11/site-packages/airflow/example_dags/example_display_name.py took 0.065 seconds
[2026-04-21T18:56:21.683+0530] {processor.py:186} INFO - Started process (PID=6327) to work on /home/ubantu/miniconda3/envs/airflow-dev/lib/python3.11/site-packages/airflow/example_dags/example_display_name.py
[2026-04-21T18:56:21.685+0530] {processor.py:914} INFO - Processing file /home/ubantu/miniconda3/envs/airflow-dev/lib/python3.11/site-packages/airflow/example_dags/example_display_name.py for tasks to queue
[2026-04-21T18:56:21.687+0530] {logging_mixin.py:190} INFO - [2026-04-21T18:56:21.687+0530] {dagbag.py:588} INFO - Filling up the DagBag from /home/ubantu/miniconda3/envs/airflow-dev/lib/python3.11/site-packages/airflow/example_dags/example_display_name.py
[2026-04-21T18:56:21.697+0530] {processor.py:925} INFO - DAG(s) 'example_display_name' retrieved from /home/ubantu/miniconda3/envs/airflow-dev/lib/python3.11/site-packages/airflow/example_dags/example_display_name.py
[2026-04-21T18:56:21.713+0530] {logging_mixin.py:190} INFO - [2026-04-21T18:56:21.713+0530] {dag.py:3239} INFO - Sync 1 DAGs
[2026-04-21T18:56:21.726+0530] {logging_mixin.py:190} INFO - [2026-04-21T18:56:21.726+0530] {dag.py:4180} INFO - Setting next_dagrun for example_display_name to None, run_after=None
[2026-04-21T18:56:21.745+0530] {processor.py:208} INFO - Processing /home/ubantu/miniconda3/envs/airflow-dev/lib/python3.11/site-packages/airflow/example_dags/example_display_name.py took 0.069 seconds
[2026-04-21T19:01:19.122+0530] {processor.py:186} INFO - Started process (PID=6554) to work on /home/ubantu/miniconda3/envs/airflow-dev/lib/python3.11/site-packages/airflow/example_dags/example_display_name.py
[2026-04-21T19:01:19.122+0530] {processor.py:914} INFO - Processing file /home/ubantu/miniconda3/envs/airflow-dev/lib/python3.11/site-packages/airflow/example_dags/example_display_name.py for tasks to queue
[2026-04-21T19:01:19.124+0530] {logging_mixin.py:190} INFO - [2026-04-21T19:01:19.123+0530] {dagbag.py:588} INFO - Filling up the DagBag from /home/ubantu/miniconda3/envs/airflow-dev/lib/python3.11/site-packages/airflow/example_dags/example_display_name.py
[2026-04-21T19:01:19.129+0530] {processor.py:925} INFO - DAG(s) 'example_display_name' retrieved from /home/ubantu/miniconda3/envs/airflow-dev/lib/python3.11/site-packages/airflow/example_dags/example_display_name.py
[2026-04-21T19:01:19.143+0530] {logging_mixin.py:190} INFO - [2026-04-21T19:01:19.143+0530] {dag.py:3239} INFO - Sync 1 DAGs
[2026-04-21T19:01:19.153+0530] {logging_mixin.py:190} INFO - [2026-04-21T19:01:19.153+0530] {dag.py:4180} INFO - Setting next_dagrun for example_display_name to None, run_after=None
[2026-04-21T19:01:19.168+0530] {processor.py:208} INFO - Processing /home/ubantu/miniconda3/envs/airflow-dev/lib/python3.11/site-packages/airflow/example_dags/example_display_name.py took 0.052 seconds
[2026-04-21T19:03:08.704+0530] {processor.py:186} INFO - Started process (PID=6696) to work on /home/ubantu/miniconda3/envs/airflow-dev/lib/python3.11/site-packages/airflow/example_dags/example_display_name.py
[2026-04-21T19:03:08.705+0530] {processor.py:914} INFO - Processing file /home/ubantu/miniconda3/envs/airflow-dev/lib/python3.11/site-packages/airflow/example_dags/example_display_name.py for tasks to queue
[2026-04-21T19:03:08.707+0530] {logging_mixin.py:190} INFO - [2026-04-21T19:03:08.706+0530] {dagbag.py:588} INFO - Filling up the DagBag from /home/ubantu/miniconda3/envs/airflow-dev/lib/python3.11/site-packages/airflow/example_dags/example_display_name.py
[2026-04-21T19:03:08.713+0530] {processor.py:925} INFO - DAG(s) 'example_display_name' retrieved from /home/ubantu/miniconda3/envs/airflow-dev/lib/python3.11/site-packages/airflow/example_dags/example_display_name.py
[2026-04-21T19:03:08.733+0530] {logging_mixin.py:190} INFO - [2026-04-21T19:03:08.733+0530] {dag.py:3239} INFO - Sync 1 DAGs
[2026-04-21T19:03:08.746+0530] {logging_mixin.py:190} INFO - [2026-04-21T19:03:08.746+0530] {dag.py:4180} INFO - Setting next_dagrun for example_display_name to None, run_after=None
[2026-04-21T19:03:08.763+0530] {processor.py:208} INFO - Processing /home/ubantu/miniconda3/envs/airflow-dev/lib/python3.11/site-packages/airflow/example_dags/example_display_name.py took 0.066 seconds
[2026-04-21T19:05:51.052+0530] {processor.py:186} INFO - Started process (PID=6850) to work on /home/ubantu/miniconda3/envs/airflow-dev/lib/python3.11/site-packages/airflow/example_dags/example_display_name.py
[2026-04-21T19:05:51.053+0530] {processor.py:914} INFO - Processing file /home/ubantu/miniconda3/envs/airflow-dev/lib/python3.11/site-packages/airflow/example_dags/example_display_name.py for tasks to queue
[2026-04-21T19:05:51.054+0530] {logging_mixin.py:190} INFO - [2026-04-21T19:05:51.053+0530] {dagbag.py:588} INFO - Filling up the DagBag from /home/ubantu/miniconda3/envs/airflow-dev/lib/python3.11/site-packages/airflow/example_dags/example_display_name.py
[2026-04-21T19:05:51.059+0530] {processor.py:925} INFO - DAG(s) 'example_display_name' retrieved from /home/ubantu/miniconda3/envs/airflow-dev/lib/python3.11/site-packages/airflow/example_dags/example_display_name.py
[2026-04-21T19:05:51.074+0530] {logging_mixin.py:190} INFO - [2026-04-21T19:05:51.073+0530] {dag.py:3239} INFO - Sync 1 DAGs
[2026-04-21T19:05:51.083+0530] {logging_mixin.py:190} INFO - [2026-04-21T19:05:51.083+0530] {dag.py:4180} INFO - Setting next_dagrun for example_display_name to None, run_after=None
[2026-04-21T19:05:51.100+0530] {processor.py:208} INFO - Processing /home/ubantu/miniconda3/envs/airflow-dev/lib/python3.11/site-packages/airflow/example_dags/example_display_name.py took 0.053 seconds
[2026-04-21T19:07:40.056+0530] {processor.py:186} INFO - Started process (PID=7008) to work on /home/ubantu/miniconda3/envs/airflow-dev/lib/python3.11/site-packages/airflow/example_dags/example_display_name.py
[2026-04-21T19:07:40.057+0530] {processor.py:914} INFO - Processing file /home/ubantu/miniconda3/envs/airflow-dev/lib/python3.11/site-packages/airflow/example_dags/example_display_name.py for tasks to queue
[2026-04-21T19:07:40.059+0530] {logging_mixin.py:190} INFO - [2026-04-21T19:07:40.058+0530] {dagbag.py:588} INFO - Filling up the DagBag from /home/ubantu/miniconda3/envs/airflow-dev/lib/python3.11/site-packages/airflow/example_dags/example_display_name.py
[2026-04-21T19:07:40.066+0530] {processor.py:925} INFO - DAG(s) 'example_display_name' retrieved from /home/ubantu/miniconda3/envs/airflow-dev/lib/python3.11/site-packages/airflow/example_dags/example_display_name.py
[2026-04-21T19:07:40.084+0530] {logging_mixin.py:190} INFO - [2026-04-21T19:07:40.084+0530] {dag.py:3239} INFO - Sync 1 DAGs
[2026-04-21T19:07:40.098+0530] {logging_mixin.py:190} INFO - [2026-04-21T19:07:40.098+0530] {dag.py:4180} INFO - Setting next_dagrun for example_display_name to None, run_after=None
[2026-04-21T19:07:40.118+0530] {processor.py:208} INFO - Processing /home/ubantu/miniconda3/envs/airflow-dev/lib/python3.11/site-packages/airflow/example_dags/example_display_name.py took 0.068 seconds
[2026-04-21T19:08:57.858+0530] {processor.py:186} INFO - Started process (PID=7109) to work on /home/ubantu/miniconda3/envs/airflow-dev/lib/python3.11/site-packages/airflow/example_dags/example_display_name.py
[2026-04-21T19:08:57.860+0530] {processor.py:914} INFO - Processing file /home/ubantu/miniconda3/envs/airflow-dev/lib/python3.11/site-packages/airflow/example_dags/example_display_name.py for tasks to queue
[2026-04-21T19:08:57.861+0530] {logging_mixin.py:190} INFO - [2026-04-21T19:08:57.860+0530] {dagbag.py:588} INFO - Filling up the DagBag from /home/ubantu/miniconda3/envs/airflow-dev/lib/python3.11/site-packages/airflow/example_dags/example_display_name.py
[2026-04-21T19:08:57.867+0530] {processor.py:925} INFO - DAG(s) 'example_display_name' retrieved from /home/ubantu/miniconda3/envs/airflow-dev/lib/python3.11/site-packages/airflow/example_dags/example_display_name.py
[2026-04-21T19:08:57.881+0530] {logging_mixin.py:190} INFO - [2026-04-21T19:08:57.881+0530] {dag.py:3239} INFO - Sync 1 DAGs
[2026-04-21T19:08:57.891+0530] {logging_mixin.py:190} INFO - [2026-04-21T19:08:57.891+0530] {dag.py:4180} INFO - Setting next_dagrun for example_display_name to None, run_after=None
[2026-04-21T19:08:57.909+0530] {processor.py:208} INFO - Processing /home/ubantu/miniconda3/envs/airflow-dev/lib/python3.11/site-packages/airflow/example_dags/example_display_name.py took 0.056 seconds
[2026-04-21T19:10:16.627+0530] {processor.py:186} INFO - Started process (PID=7210) to work on /home/ubantu/miniconda3/envs/airflow-dev/lib/python3.11/site-packages/airflow/example_dags/example_display_name.py
[2026-04-21T19:10:16.628+0530] {processor.py:914} INFO - Processing file /home/ubantu/miniconda3/envs/airflow-dev/lib/python3.11/site-packages/airflow/example_dags/example_display_name.py for tasks to queue
[2026-04-21T19:10:16.630+0530] {logging_mixin.py:190} INFO - [2026-04-21T19:10:16.629+0530] {dagbag.py:588} INFO - Filling up the DagBag from /home/ubantu/miniconda3/envs/airflow-dev/lib/python3.11/site-packages/airflow/example_dags/example_display_name.py
[2026-04-21T19:10:16.635+0530] {processor.py:925} INFO - DAG(s) 'example_display_name' retrieved from /home/ubantu/miniconda3/envs/airflow-dev/lib/python3.11/site-packages/airflow/example_dags/example_display_name.py
[2026-04-21T19:10:16.650+0530] {logging_mixin.py:190} INFO - [2026-04-21T19:10:16.650+0530] {dag.py:3239} INFO - Sync 1 DAGs
[2026-04-21T19:10:16.661+0530] {logging_mixin.py:190} INFO - [2026-04-21T19:10:16.661+0530] {dag.py:4180} INFO - Setting next_dagrun for example_display_name to None, run_after=None
[2026-04-21T19:10:16.680+0530] {processor.py:208} INFO - Processing /home/ubantu/miniconda3/envs/airflow-dev/lib/python3.11/site-packages/airflow/example_dags/example_display_name.py took 0.059 seconds
[2026-04-21T19:11:34.306+0530] {processor.py:186} INFO - Started process (PID=7317) to work on /home/ubantu/miniconda3/envs/airflow-dev/lib/python3.11/site-packages/airflow/example_dags/example_display_name.py
[2026-04-21T19:11:34.307+0530] {processor.py:914} INFO - Processing file /home/ubantu/miniconda3/envs/airflow-dev/lib/python3.11/site-packages/airflow/example_dags/example_display_name.py for tasks to queue
[2026-04-21T19:11:34.308+0530] {logging_mixin.py:190} INFO - [2026-04-21T19:11:34.308+0530] {dagbag.py:588} INFO - Filling up the DagBag from /home/ubantu/miniconda3/envs/airflow-dev/lib/python3.11/site-packages/airflow/example_dags/example_display_name.py
[2026-04-21T19:11:34.314+0530] {processor.py:925} INFO - DAG(s) 'example_display_name' retrieved from /home/ubantu/miniconda3/envs/airflow-dev/lib/python3.11/site-packages/airflow/example_dags/example_display_name.py
[2026-04-21T19:11:34.328+0530] {logging_mixin.py:190} INFO - [2026-04-21T19:11:34.328+0530] {dag.py:3239} INFO - Sync 1 DAGs
[2026-04-21T19:11:34.339+0530] {logging_mixin.py:190} INFO - [2026-04-21T19:11:34.339+0530] {dag.py:4180} INFO - Setting next_dagrun for example_display_name to None, run_after=None
[2026-04-21T19:11:34.356+0530] {processor.py:208} INFO - Processing /home/ubantu/miniconda3/envs/airflow-dev/lib/python3.11/site-packages/airflow/example_dags/example_display_name.py took 0.056 seconds
[2026-04-21T19:12:53.158+0530] {processor.py:186} INFO - Started process (PID=7408) to work on /home/ubantu/miniconda3/envs/airflow-dev/lib/python3.11/site-packages/airflow/example_dags/example_display_name.py
[2026-04-21T19:12:53.159+0530] {processor.py:914} INFO - Processing file /home/ubantu/miniconda3/envs/airflow-dev/lib/python3.11/site-packages/airflow/example_dags/example_display_name.py for tasks to queue
[2026-04-21T19:12:53.161+0530] {logging_mixin.py:190} INFO - [2026-04-21T19:12:53.160+0530] {dagbag.py:588} INFO - Filling up the DagBag from /home/ubantu/miniconda3/envs/airflow-dev/lib/python3.11/site-packages/airflow/example_dags/example_display_name.py
[2026-04-21T19:12:53.168+0530] {processor.py:925} INFO - DAG(s) 'example_display_name' retrieved from /home/ubantu/miniconda3/envs/airflow-dev/lib/python3.11/site-packages/airflow/example_dags/example_display_name.py
[2026-04-21T19:12:53.183+0530] {logging_mixin.py:190} INFO - [2026-04-21T19:12:53.183+0530] {dag.py:3239} INFO - Sync 1 DAGs
[2026-04-21T19:12:53.193+0530] {logging_mixin.py:190} INFO - [2026-04-21T19:12:53.193+0530] {dag.py:4180} INFO - Setting next_dagrun for example_display_name to None, run_after=None
[2026-04-21T19:12:53.211+0530] {processor.py:208} INFO - Processing /home/ubantu/miniconda3/envs/airflow-dev/lib/python3.11/site-packages/airflow/example_dags/example_display_name.py took 0.061 seconds
[2026-04-21T19:14:13.768+0530] {processor.py:186} INFO - Started process (PID=7538) to work on /home/ubantu/miniconda3/envs/airflow-dev/lib/python3.11/site-packages/airflow/example_dags/example_display_name.py
[2026-04-21T19:14:13.769+0530] {processor.py:914} INFO - Processing file /home/ubantu/miniconda3/envs/airflow-dev/lib/python3.11/site-packages/airflow/example_dags/example_display_name.py for tasks to queue
[2026-04-21T19:14:13.770+0530] {logging_mixin.py:190} INFO - [2026-04-21T19:14:13.770+0530] {dagbag.py:588} INFO - Filling up the DagBag from /home/ubantu/miniconda3/envs/airflow-dev/lib/python3.11/site-packages/airflow/example_dags/example_display_name.py
[2026-04-21T19:14:13.776+0530] {processor.py:925} INFO - DAG(s) 'example_display_name' retrieved from /home/ubantu/miniconda3/envs/airflow-dev/lib/python3.11/site-packages/airflow/example_dags/example_display_name.py
[2026-04-21T19:14:13.792+0530] {logging_mixin.py:190} INFO - [2026-04-21T19:14:13.791+0530] {dag.py:3239} INFO - Sync 1 DAGs
[2026-04-21T19:14:13.802+0530] {logging_mixin.py:190} INFO - [2026-04-21T19:14:13.802+0530] {dag.py:4180} INFO - Setting next_dagrun for example_display_name to None, run_after=None
[2026-04-21T19:14:13.822+0530] {processor.py:208} INFO - Processing /home/ubantu/miniconda3/envs/airflow-dev/lib/python3.11/site-packages/airflow/example_dags/example_display_name.py took 0.060 seconds
[2026-04-21T19:15:34.888+0530] {processor.py:186} INFO - Started process (PID=7656) to work on /home/ubantu/miniconda3/envs/airflow-dev/lib/python3.11/site-packages/airflow/example_dags/example_display_name.py
[2026-04-21T19:15:34.890+0530] {processor.py:914} INFO - Processing file /home/ubantu/miniconda3/envs/airflow-dev/lib/python3.11/site-packages/airflow/example_dags/example_display_name.py for tasks to queue
[2026-04-21T19:15:34.891+0530] {logging_mixin.py:190} INFO - [2026-04-21T19:15:34.891+0530] {dagbag.py:588} INFO - Filling up the DagBag from /home/ubantu/miniconda3/envs/airflow-dev/lib/python3.11/site-packages/airflow/example_dags/example_display_name.py
[2026-04-21T19:15:34.898+0530] {processor.py:925} INFO - DAG(s) 'example_display_name' retrieved from /home/ubantu/miniconda3/envs/airflow-dev/lib/python3.11/site-packages/airflow/example_dags/example_display_name.py
[2026-04-21T19:15:34.914+0530] {logging_mixin.py:190} INFO - [2026-04-21T19:15:34.913+0530] {dag.py:3239} INFO - Sync 1 DAGs
[2026-04-21T19:15:34.925+0530] {logging_mixin.py:190} INFO - [2026-04-21T19:15:34.925+0530] {dag.py:4180} INFO - Setting next_dagrun for example_display_name to None, run_after=None
[2026-04-21T19:15:34.943+0530] {processor.py:208} INFO - Processing /home/ubantu/miniconda3/envs/airflow-dev/lib/python3.11/site-packages/airflow/example_dags/example_display_name.py took 0.061 seconds
[2026-04-21T19:16:53.038+0530] {processor.py:186} INFO - Started process (PID=7836) to work on /home/ubantu/miniconda3/envs/airflow-dev/lib/python3.11/site-packages/airflow/example_dags/example_display_name.py
[2026-04-21T19:16:53.040+0530] {processor.py:914} INFO - Processing file /home/ubantu/miniconda3/envs/airflow-dev/lib/python3.11/site-packages/airflow/example_dags/example_display_name.py for tasks to queue
[2026-04-21T19:16:53.041+0530] {logging_mixin.py:190} INFO - [2026-04-21T19:16:53.040+0530] {dagbag.py:588} INFO - Filling up the DagBag from /home/ubantu/miniconda3/envs/airflow-dev/lib/python3.11/site-packages/airflow/example_dags/example_display_name.py
[2026-04-21T19:16:53.047+0530] {processor.py:925} INFO - DAG(s) 'example_display_name' retrieved from /home/ubantu/miniconda3/envs/airflow-dev/lib/python3.11/site-packages/airflow/example_dags/example_display_name.py
[2026-04-21T19:16:53.064+0530] {logging_mixin.py:190} INFO - [2026-04-21T19:16:53.064+0530] {dag.py:3239} INFO - Sync 1 DAGs
[2026-04-21T19:16:53.077+0530] {logging_mixin.py:190} INFO - [2026-04-21T19:16:53.076+0530] {dag.py:4180} INFO - Setting next_dagrun for example_display_name to None, run_after=None
[2026-04-21T19:16:53.094+0530] {processor.py:208} INFO - Processing /home/ubantu/miniconda3/envs/airflow-dev/lib/python3.11/site-packages/airflow/example_dags/example_display_name.py took 0.062 seconds
[2026-04-21T19:22:43.022+0530] {processor.py:186} INFO - Started process (PID=8352) to work on /home/ubantu/airflow-src/airflow/example_dags/example_display_name.py
[2026-04-21T19:22:43.024+0530] {processor.py:914} INFO - Processing file /home/ubantu/airflow-src/airflow/example_dags/example_display_name.py for tasks to queue
[2026-04-21T19:22:43.025+0530] {logging_mixin.py:190} INFO - [2026-04-21T19:22:43.024+0530] {dagbag.py:588} INFO - Filling up the DagBag from /home/ubantu/airflow-src/airflow/example_dags/example_display_name.py
[2026-04-21T19:22:43.031+0530] {processor.py:925} INFO - DAG(s) 'example_display_name' retrieved from /home/ubantu/airflow-src/airflow/example_dags/example_display_name.py
[2026-04-21T19:22:43.085+0530] {logging_mixin.py:190} INFO - [2026-04-21T19:22:43.085+0530] {dag.py:3239} INFO - Sync 1 DAGs
[2026-04-21T19:22:43.093+0530] {logging_mixin.py:190} INFO - [2026-04-21T19:22:43.093+0530] {dag.py:4180} INFO - Setting next_dagrun for example_display_name to None, run_after=None
[2026-04-21T19:22:43.109+0530] {processor.py:208} INFO - Processing /home/ubantu/airflow-src/airflow/example_dags/example_display_name.py took 0.093 seconds
[2026-04-21T19:25:32.279+0530] {processor.py:186} INFO - Started process (PID=8587) to work on /home/ubantu/airflow-src/airflow/example_dags/example_display_name.py
[2026-04-21T19:25:32.280+0530] {processor.py:914} INFO - Processing file /home/ubantu/airflow-src/airflow/example_dags/example_display_name.py for tasks to queue
[2026-04-21T19:25:32.281+0530] {logging_mixin.py:190} INFO - [2026-04-21T19:25:32.281+0530] {dagbag.py:588} INFO - Filling up the DagBag from /home/ubantu/airflow-src/airflow/example_dags/example_display_name.py
[2026-04-21T19:25:32.287+0530] {processor.py:925} INFO - DAG(s) 'example_display_name' retrieved from /home/ubantu/airflow-src/airflow/example_dags/example_display_name.py
[2026-04-21T19:25:32.304+0530] {logging_mixin.py:190} INFO - [2026-04-21T19:25:32.303+0530] {dag.py:3239} INFO - Sync 1 DAGs
[2026-04-21T19:25:32.319+0530] {logging_mixin.py:190} INFO - [2026-04-21T19:25:32.319+0530] {dag.py:4180} INFO - Setting next_dagrun for example_display_name to None, run_after=None
[2026-04-21T19:25:32.344+0530] {processor.py:208} INFO - Processing /home/ubantu/airflow-src/airflow/example_dags/example_display_name.py took 0.072 seconds
