[2026-04-21T18:46:37.671+0530] {processor.py:186} INFO - Started process (PID=5467) to work on /home/ubantu/miniconda3/envs/airflow-dev/lib/python3.11/site-packages/airflow/example_dags/example_branch_labels.py
[2026-04-21T18:46:37.672+0530] {processor.py:914} INFO - Processing file /home/ubantu/miniconda3/envs/airflow-dev/lib/python3.11/site-packages/airflow/example_dags/example_branch_labels.py for tasks to queue
[2026-04-21T18:46:37.674+0530] {logging_mixin.py:190} INFO - [2026-04-21T18:46:37.673+0530] {dagbag.py:588} INFO - Filling up the DagBag from /home/ubantu/miniconda3/envs/airflow-dev/lib/python3.11/site-packages/airflow/example_dags/example_branch_labels.py
[2026-04-21T18:46:37.684+0530] {processor.py:925} INFO - DAG(s) 'example_branch_labels' retrieved from /home/ubantu/miniconda3/envs/airflow-dev/lib/python3.11/site-packages/airflow/example_dags/example_branch_labels.py
[2026-04-21T18:46:37.768+0530] {logging_mixin.py:190} INFO - [2026-04-21T18:46:37.768+0530] {dag.py:3239} INFO - Sync 1 DAGs
[2026-04-21T18:46:37.882+0530] {logging_mixin.py:190} INFO - [2026-04-21T18:46:37.881+0530] {dag.py:4180} INFO - Setting next_dagrun for example_branch_labels to 2026-04-20 00:00:00+00:00, run_after=2026-04-21 00:00:00+00:00
[2026-04-21T18:46:37.899+0530] {processor.py:208} INFO - Processing /home/ubantu/miniconda3/envs/airflow-dev/lib/python3.11/site-packages/airflow/example_dags/example_branch_labels.py took 0.234 seconds
[2026-04-21T18:48:29.586+0530] {processor.py:186} INFO - Started process (PID=5654) to work on /home/ubantu/miniconda3/envs/airflow-dev/lib/python3.11/site-packages/airflow/example_dags/example_branch_labels.py
[2026-04-21T18:48:29.587+0530] {processor.py:914} INFO - Processing file /home/ubantu/miniconda3/envs/airflow-dev/lib/python3.11/site-packages/airflow/example_dags/example_branch_labels.py for tasks to queue
[2026-04-21T18:48:29.590+0530] {logging_mixin.py:190} INFO - [2026-04-21T18:48:29.589+0530] {dagbag.py:588} INFO - Filling up the DagBag from /home/ubantu/miniconda3/envs/airflow-dev/lib/python3.11/site-packages/airflow/example_dags/example_branch_labels.py
[2026-04-21T18:48:29.601+0530] {processor.py:925} INFO - DAG(s) 'example_branch_labels' retrieved from /home/ubantu/miniconda3/envs/airflow-dev/lib/python3.11/site-packages/airflow/example_dags/example_branch_labels.py
[2026-04-21T18:48:29.617+0530] {logging_mixin.py:190} INFO - [2026-04-21T18:48:29.617+0530] {dag.py:3239} INFO - Sync 1 DAGs
[2026-04-21T18:48:29.740+0530] {logging_mixin.py:190} INFO - [2026-04-21T18:48:29.739+0530] {dag.py:4180} INFO - Setting next_dagrun for example_branch_labels to 2026-04-20 00:00:00+00:00, run_after=2026-04-21 00:00:00+00:00
[2026-04-21T18:48:29.755+0530] {processor.py:208} INFO - Processing /home/ubantu/miniconda3/envs/airflow-dev/lib/python3.11/site-packages/airflow/example_dags/example_branch_labels.py took 0.176 seconds
[2026-04-21T18:51:14.984+0530] {processor.py:186} INFO - Started process (PID=5878) to work on /home/ubantu/miniconda3/envs/airflow-dev/lib/python3.11/site-packages/airflow/example_dags/example_branch_labels.py
[2026-04-21T18:51:14.985+0530] {processor.py:914} INFO - Processing file /home/ubantu/miniconda3/envs/airflow-dev/lib/python3.11/site-packages/airflow/example_dags/example_branch_labels.py for tasks to queue
[2026-04-21T18:51:14.988+0530] {logging_mixin.py:190} INFO - [2026-04-21T18:51:14.987+0530] {dagbag.py:588} INFO - Filling up the DagBag from /home/ubantu/miniconda3/envs/airflow-dev/lib/python3.11/site-packages/airflow/example_dags/example_branch_labels.py
[2026-04-21T18:51:14.998+0530] {processor.py:925} INFO - DAG(s) 'example_branch_labels' retrieved from /home/ubantu/miniconda3/envs/airflow-dev/lib/python3.11/site-packages/airflow/example_dags/example_branch_labels.py
[2026-04-21T18:51:15.013+0530] {logging_mixin.py:190} INFO - [2026-04-21T18:51:15.013+0530] {dag.py:3239} INFO - Sync 1 DAGs
[2026-04-21T18:51:15.034+0530] {logging_mixin.py:190} INFO - [2026-04-21T18:51:15.033+0530] {dag.py:4180} INFO - Setting next_dagrun for example_branch_labels to 2026-04-20 00:00:00+00:00, run_after=2026-04-21 00:00:00+00:00
[2026-04-21T18:51:15.051+0530] {processor.py:208} INFO - Processing /home/ubantu/miniconda3/envs/airflow-dev/lib/python3.11/site-packages/airflow/example_dags/example_branch_labels.py took 0.073 seconds
[2026-04-21T18:53:50.155+0530] {processor.py:186} INFO - Started process (PID=6093) to work on /home/ubantu/miniconda3/envs/airflow-dev/lib/python3.11/site-packages/airflow/example_dags/example_branch_labels.py
[2026-04-21T18:53:50.156+0530] {processor.py:914} INFO - Processing file /home/ubantu/miniconda3/envs/airflow-dev/lib/python3.11/site-packages/airflow/example_dags/example_branch_labels.py for tasks to queue
[2026-04-21T18:53:50.158+0530] {logging_mixin.py:190} INFO - [2026-04-21T18:53:50.158+0530] {dagbag.py:588} INFO - Filling up the DagBag from /home/ubantu/miniconda3/envs/airflow-dev/lib/python3.11/site-packages/airflow/example_dags/example_branch_labels.py
[2026-04-21T18:53:50.169+0530] {processor.py:925} INFO - DAG(s) 'example_branch_labels' retrieved from /home/ubantu/miniconda3/envs/airflow-dev/lib/python3.11/site-packages/airflow/example_dags/example_branch_labels.py
[2026-04-21T18:53:50.186+0530] {logging_mixin.py:190} INFO - [2026-04-21T18:53:50.185+0530] {dag.py:3239} INFO - Sync 1 DAGs
[2026-04-21T18:53:50.203+0530] {logging_mixin.py:190} INFO - [2026-04-21T18:53:50.203+0530] {dag.py:4180} INFO - Setting next_dagrun for example_branch_labels to 2026-04-20 00:00:00+00:00, run_after=2026-04-21 00:00:00+00:00
[2026-04-21T18:53:50.219+0530] {processor.py:208} INFO - Processing /home/ubantu/miniconda3/envs/airflow-dev/lib/python3.11/site-packages/airflow/example_dags/example_branch_labels.py took 0.070 seconds
[2026-04-21T18:56:29.169+0530] {processor.py:186} INFO - Started process (PID=6335) to work on /home/ubantu/miniconda3/envs/airflow-dev/lib/python3.11/site-packages/airflow/example_dags/example_branch_labels.py
[2026-04-21T18:56:29.171+0530] {processor.py:914} INFO - Processing file /home/ubantu/miniconda3/envs/airflow-dev/lib/python3.11/site-packages/airflow/example_dags/example_branch_labels.py for tasks to queue
[2026-04-21T18:56:29.175+0530] {logging_mixin.py:190} INFO - [2026-04-21T18:56:29.174+0530] {dagbag.py:588} INFO - Filling up the DagBag from /home/ubantu/miniconda3/envs/airflow-dev/lib/python3.11/site-packages/airflow/example_dags/example_branch_labels.py
[2026-04-21T18:56:29.191+0530] {processor.py:925} INFO - DAG(s) 'example_branch_labels' retrieved from /home/ubantu/miniconda3/envs/airflow-dev/lib/python3.11/site-packages/airflow/example_dags/example_branch_labels.py
[2026-04-21T18:56:29.217+0530] {logging_mixin.py:190} INFO - [2026-04-21T18:56:29.217+0530] {dag.py:3239} INFO - Sync 1 DAGs
[2026-04-21T18:56:29.238+0530] {logging_mixin.py:190} INFO - [2026-04-21T18:56:29.238+0530] {dag.py:4180} INFO - Setting next_dagrun for example_branch_labels to 2026-04-20 00:00:00+00:00, run_after=2026-04-21 00:00:00+00:00
[2026-04-21T18:56:29.255+0530] {processor.py:208} INFO - Processing /home/ubantu/miniconda3/envs/airflow-dev/lib/python3.11/site-packages/airflow/example_dags/example_branch_labels.py took 0.094 seconds
[2026-04-21T19:01:28.289+0530] {processor.py:186} INFO - Started process (PID=6564) to work on /home/ubantu/miniconda3/envs/airflow-dev/lib/python3.11/site-packages/airflow/example_dags/example_branch_labels.py
[2026-04-21T19:01:28.290+0530] {processor.py:914} INFO - Processing file /home/ubantu/miniconda3/envs/airflow-dev/lib/python3.11/site-packages/airflow/example_dags/example_branch_labels.py for tasks to queue
[2026-04-21T19:01:28.292+0530] {logging_mixin.py:190} INFO - [2026-04-21T19:01:28.291+0530] {dagbag.py:588} INFO - Filling up the DagBag from /home/ubantu/miniconda3/envs/airflow-dev/lib/python3.11/site-packages/airflow/example_dags/example_branch_labels.py
[2026-04-21T19:01:28.300+0530] {processor.py:925} INFO - DAG(s) 'example_branch_labels' retrieved from /home/ubantu/miniconda3/envs/airflow-dev/lib/python3.11/site-packages/airflow/example_dags/example_branch_labels.py
[2026-04-21T19:01:28.316+0530] {logging_mixin.py:190} INFO - [2026-04-21T19:01:28.315+0530] {dag.py:3239} INFO - Sync 1 DAGs
[2026-04-21T19:01:28.333+0530] {logging_mixin.py:190} INFO - [2026-04-21T19:01:28.333+0530] {dag.py:4180} INFO - Setting next_dagrun for example_branch_labels to 2026-04-20 00:00:00+00:00, run_after=2026-04-21 00:00:00+00:00
[2026-04-21T19:01:28.352+0530] {processor.py:208} INFO - Processing /home/ubantu/miniconda3/envs/airflow-dev/lib/python3.11/site-packages/airflow/example_dags/example_branch_labels.py took 0.070 seconds
[2026-04-21T19:03:17.720+0530] {processor.py:186} INFO - Started process (PID=6706) to work on /home/ubantu/miniconda3/envs/airflow-dev/lib/python3.11/site-packages/airflow/example_dags/example_branch_labels.py
[2026-04-21T19:03:17.721+0530] {processor.py:914} INFO - Processing file /home/ubantu/miniconda3/envs/airflow-dev/lib/python3.11/site-packages/airflow/example_dags/example_branch_labels.py for tasks to queue
[2026-04-21T19:03:17.723+0530] {logging_mixin.py:190} INFO - [2026-04-21T19:03:17.723+0530] {dagbag.py:588} INFO - Filling up the DagBag from /home/ubantu/miniconda3/envs/airflow-dev/lib/python3.11/site-packages/airflow/example_dags/example_branch_labels.py
[2026-04-21T19:03:17.732+0530] {processor.py:925} INFO - DAG(s) 'example_branch_labels' retrieved from /home/ubantu/miniconda3/envs/airflow-dev/lib/python3.11/site-packages/airflow/example_dags/example_branch_labels.py
[2026-04-21T19:03:17.752+0530] {logging_mixin.py:190} INFO - [2026-04-21T19:03:17.752+0530] {dag.py:3239} INFO - Sync 1 DAGs
[2026-04-21T19:03:17.773+0530] {logging_mixin.py:190} INFO - [2026-04-21T19:03:17.773+0530] {dag.py:4180} INFO - Setting next_dagrun for example_branch_labels to 2026-04-20 00:00:00+00:00, run_after=2026-04-21 00:00:00+00:00
[2026-04-21T19:03:17.790+0530] {processor.py:208} INFO - Processing /home/ubantu/miniconda3/envs/airflow-dev/lib/python3.11/site-packages/airflow/example_dags/example_branch_labels.py took 0.077 seconds
[2026-04-21T19:06:00.318+0530] {processor.py:186} INFO - Started process (PID=6871) to work on /home/ubantu/miniconda3/envs/airflow-dev/lib/python3.11/site-packages/airflow/example_dags/example_branch_labels.py
[2026-04-21T19:06:00.319+0530] {processor.py:914} INFO - Processing file /home/ubantu/miniconda3/envs/airflow-dev/lib/python3.11/site-packages/airflow/example_dags/example_branch_labels.py for tasks to queue
[2026-04-21T19:06:00.320+0530] {logging_mixin.py:190} INFO - [2026-04-21T19:06:00.320+0530] {dagbag.py:588} INFO - Filling up the DagBag from /home/ubantu/miniconda3/envs/airflow-dev/lib/python3.11/site-packages/airflow/example_dags/example_branch_labels.py
[2026-04-21T19:06:00.329+0530] {processor.py:925} INFO - DAG(s) 'example_branch_labels' retrieved from /home/ubantu/miniconda3/envs/airflow-dev/lib/python3.11/site-packages/airflow/example_dags/example_branch_labels.py
[2026-04-21T19:06:00.345+0530] {logging_mixin.py:190} INFO - [2026-04-21T19:06:00.345+0530] {dag.py:3239} INFO - Sync 1 DAGs
[2026-04-21T19:06:00.364+0530] {logging_mixin.py:190} INFO - [2026-04-21T19:06:00.363+0530] {dag.py:4180} INFO - Setting next_dagrun for example_branch_labels to 2026-04-20 00:00:00+00:00, run_after=2026-04-21 00:00:00+00:00
[2026-04-21T19:06:00.379+0530] {processor.py:208} INFO - Processing /home/ubantu/miniconda3/envs/airflow-dev/lib/python3.11/site-packages/airflow/example_dags/example_branch_labels.py took 0.069 seconds
[2026-04-21T19:07:49.108+0530] {processor.py:186} INFO - Started process (PID=7019) to work on /home/ubantu/miniconda3/envs/airflow-dev/lib/python3.11/site-packages/airflow/example_dags/example_branch_labels.py
[2026-04-21T19:07:49.110+0530] {processor.py:914} INFO - Processing file /home/ubantu/miniconda3/envs/airflow-dev/lib/python3.11/site-packages/airflow/example_dags/example_branch_labels.py for tasks to queue
[2026-04-21T19:07:49.112+0530] {logging_mixin.py:190} INFO - [2026-04-21T19:07:49.111+0530] {dagbag.py:588} INFO - Filling up the DagBag from /home/ubantu/miniconda3/envs/airflow-dev/lib/python3.11/site-packages/airflow/example_dags/example_branch_labels.py
[2026-04-21T19:07:49.121+0530] {processor.py:925} INFO - DAG(s) 'example_branch_labels' retrieved from /home/ubantu/miniconda3/envs/airflow-dev/lib/python3.11/site-packages/airflow/example_dags/example_branch_labels.py
[2026-04-21T19:07:49.144+0530] {logging_mixin.py:190} INFO - [2026-04-21T19:07:49.144+0530] {dag.py:3239} INFO - Sync 1 DAGs
[2026-04-21T19:07:49.171+0530] {logging_mixin.py:190} INFO - [2026-04-21T19:07:49.170+0530] {dag.py:4180} INFO - Setting next_dagrun for example_branch_labels to 2026-04-20 00:00:00+00:00, run_after=2026-04-21 00:00:00+00:00
[2026-04-21T19:07:49.188+0530] {processor.py:208} INFO - Processing /home/ubantu/miniconda3/envs/airflow-dev/lib/python3.11/site-packages/airflow/example_dags/example_branch_labels.py took 0.088 seconds
[2026-04-21T19:10:25.884+0530] {processor.py:186} INFO - Started process (PID=7222) to work on /home/ubantu/miniconda3/envs/airflow-dev/lib/python3.11/site-packages/airflow/example_dags/example_branch_labels.py
[2026-04-21T19:10:25.885+0530] {processor.py:914} INFO - Processing file /home/ubantu/miniconda3/envs/airflow-dev/lib/python3.11/site-packages/airflow/example_dags/example_branch_labels.py for tasks to queue
[2026-04-21T19:10:25.887+0530] {logging_mixin.py:190} INFO - [2026-04-21T19:10:25.886+0530] {dagbag.py:588} INFO - Filling up the DagBag from /home/ubantu/miniconda3/envs/airflow-dev/lib/python3.11/site-packages/airflow/example_dags/example_branch_labels.py
[2026-04-21T19:10:25.894+0530] {processor.py:925} INFO - DAG(s) 'example_branch_labels' retrieved from /home/ubantu/miniconda3/envs/airflow-dev/lib/python3.11/site-packages/airflow/example_dags/example_branch_labels.py
[2026-04-21T19:10:25.910+0530] {logging_mixin.py:190} INFO - [2026-04-21T19:10:25.910+0530] {dag.py:3239} INFO - Sync 1 DAGs
[2026-04-21T19:10:25.927+0530] {logging_mixin.py:190} INFO - [2026-04-21T19:10:25.927+0530] {dag.py:4180} INFO - Setting next_dagrun for example_branch_labels to 2026-04-20 00:00:00+00:00, run_after=2026-04-21 00:00:00+00:00
[2026-04-21T19:10:25.946+0530] {processor.py:208} INFO - Processing /home/ubantu/miniconda3/envs/airflow-dev/lib/python3.11/site-packages/airflow/example_dags/example_branch_labels.py took 0.067 seconds
[2026-04-21T19:13:03.904+0530] {processor.py:186} INFO - Started process (PID=7437) to work on /home/ubantu/miniconda3/envs/airflow-dev/lib/python3.11/site-packages/airflow/example_dags/example_branch_labels.py
[2026-04-21T19:13:03.905+0530] {processor.py:914} INFO - Processing file /home/ubantu/miniconda3/envs/airflow-dev/lib/python3.11/site-packages/airflow/example_dags/example_branch_labels.py for tasks to queue
[2026-04-21T19:13:03.907+0530] {logging_mixin.py:190} INFO - [2026-04-21T19:13:03.906+0530] {dagbag.py:588} INFO - Filling up the DagBag from /home/ubantu/miniconda3/envs/airflow-dev/lib/python3.11/site-packages/airflow/example_dags/example_branch_labels.py
[2026-04-21T19:13:03.916+0530] {processor.py:925} INFO - DAG(s) 'example_branch_labels' retrieved from /home/ubantu/miniconda3/envs/airflow-dev/lib/python3.11/site-packages/airflow/example_dags/example_branch_labels.py
[2026-04-21T19:13:03.932+0530] {logging_mixin.py:190} INFO - [2026-04-21T19:13:03.932+0530] {dag.py:3239} INFO - Sync 1 DAGs
[2026-04-21T19:13:03.947+0530] {logging_mixin.py:190} INFO - [2026-04-21T19:13:03.947+0530] {dag.py:4180} INFO - Setting next_dagrun for example_branch_labels to 2026-04-20 00:00:00+00:00, run_after=2026-04-21 00:00:00+00:00
[2026-04-21T19:13:03.964+0530] {processor.py:208} INFO - Processing /home/ubantu/miniconda3/envs/airflow-dev/lib/python3.11/site-packages/airflow/example_dags/example_branch_labels.py took 0.070 seconds
[2026-04-21T19:15:44.358+0530] {processor.py:186} INFO - Started process (PID=7665) to work on /home/ubantu/miniconda3/envs/airflow-dev/lib/python3.11/site-packages/airflow/example_dags/example_branch_labels.py
[2026-04-21T19:15:44.359+0530] {processor.py:914} INFO - Processing file /home/ubantu/miniconda3/envs/airflow-dev/lib/python3.11/site-packages/airflow/example_dags/example_branch_labels.py for tasks to queue
[2026-04-21T19:15:44.361+0530] {logging_mixin.py:190} INFO - [2026-04-21T19:15:44.361+0530] {dagbag.py:588} INFO - Filling up the DagBag from /home/ubantu/miniconda3/envs/airflow-dev/lib/python3.11/site-packages/airflow/example_dags/example_branch_labels.py
[2026-04-21T19:15:44.371+0530] {processor.py:925} INFO - DAG(s) 'example_branch_labels' retrieved from /home/ubantu/miniconda3/envs/airflow-dev/lib/python3.11/site-packages/airflow/example_dags/example_branch_labels.py
[2026-04-21T19:15:44.393+0530] {logging_mixin.py:190} INFO - [2026-04-21T19:15:44.393+0530] {dag.py:3239} INFO - Sync 1 DAGs
[2026-04-21T19:15:44.414+0530] {logging_mixin.py:190} INFO - [2026-04-21T19:15:44.413+0530] {dag.py:4180} INFO - Setting next_dagrun for example_branch_labels to 2026-04-20 00:00:00+00:00, run_after=2026-04-21 00:00:00+00:00
[2026-04-21T19:15:44.432+0530] {processor.py:208} INFO - Processing /home/ubantu/miniconda3/envs/airflow-dev/lib/python3.11/site-packages/airflow/example_dags/example_branch_labels.py took 0.082 seconds
[2026-04-21T19:22:48.637+0530] {processor.py:186} INFO - Started process (PID=8358) to work on /home/ubantu/airflow-src/airflow/example_dags/example_branch_labels.py
[2026-04-21T19:22:48.639+0530] {processor.py:914} INFO - Processing file /home/ubantu/airflow-src/airflow/example_dags/example_branch_labels.py for tasks to queue
[2026-04-21T19:22:48.640+0530] {logging_mixin.py:190} INFO - [2026-04-21T19:22:48.639+0530] {dagbag.py:588} INFO - Filling up the DagBag from /home/ubantu/airflow-src/airflow/example_dags/example_branch_labels.py
[2026-04-21T19:22:48.648+0530] {processor.py:925} INFO - DAG(s) 'example_branch_labels' retrieved from /home/ubantu/airflow-src/airflow/example_dags/example_branch_labels.py
[2026-04-21T19:22:48.702+0530] {logging_mixin.py:190} INFO - [2026-04-21T19:22:48.702+0530] {dag.py:3239} INFO - Sync 1 DAGs
[2026-04-21T19:22:48.716+0530] {logging_mixin.py:190} INFO - [2026-04-21T19:22:48.716+0530] {dag.py:4180} INFO - Setting next_dagrun for example_branch_labels to 2026-04-20 00:00:00+00:00, run_after=2026-04-21 00:00:00+00:00
[2026-04-21T19:22:48.734+0530] {processor.py:208} INFO - Processing /home/ubantu/airflow-src/airflow/example_dags/example_branch_labels.py took 0.102 seconds
[2026-04-21T19:25:37.656+0530] {processor.py:186} INFO - Started process (PID=8595) to work on /home/ubantu/airflow-src/airflow/example_dags/example_branch_labels.py
[2026-04-21T19:25:37.658+0530] {processor.py:914} INFO - Processing file /home/ubantu/airflow-src/airflow/example_dags/example_branch_labels.py for tasks to queue
[2026-04-21T19:25:37.661+0530] {logging_mixin.py:190} INFO - [2026-04-21T19:25:37.660+0530] {dagbag.py:588} INFO - Filling up the DagBag from /home/ubantu/airflow-src/airflow/example_dags/example_branch_labels.py
[2026-04-21T19:25:37.677+0530] {processor.py:925} INFO - DAG(s) 'example_branch_labels' retrieved from /home/ubantu/airflow-src/airflow/example_dags/example_branch_labels.py
[2026-04-21T19:25:37.703+0530] {logging_mixin.py:190} INFO - [2026-04-21T19:25:37.702+0530] {dag.py:3239} INFO - Sync 1 DAGs
[2026-04-21T19:25:37.721+0530] {logging_mixin.py:190} INFO - [2026-04-21T19:25:37.721+0530] {dag.py:4180} INFO - Setting next_dagrun for example_branch_labels to 2026-04-20 00:00:00+00:00, run_after=2026-04-21 00:00:00+00:00
[2026-04-21T19:25:37.737+0530] {processor.py:208} INFO - Processing /home/ubantu/airflow-src/airflow/example_dags/example_branch_labels.py took 0.092 seconds
