[2026-04-21T18:46:18.099+0530] {processor.py:186} INFO - Started process (PID=5448) to work on /home/ubantu/miniconda3/envs/airflow-dev/lib/python3.11/site-packages/airflow/example_dags/example_latest_only_with_trigger.py
[2026-04-21T18:46:18.100+0530] {processor.py:914} INFO - Processing file /home/ubantu/miniconda3/envs/airflow-dev/lib/python3.11/site-packages/airflow/example_dags/example_latest_only_with_trigger.py for tasks to queue
[2026-04-21T18:46:18.102+0530] {logging_mixin.py:190} INFO - [2026-04-21T18:46:18.102+0530] {dagbag.py:588} INFO - Filling up the DagBag from /home/ubantu/miniconda3/envs/airflow-dev/lib/python3.11/site-packages/airflow/example_dags/example_latest_only_with_trigger.py
[2026-04-21T18:46:18.112+0530] {processor.py:925} INFO - DAG(s) 'latest_only_with_trigger' retrieved from /home/ubantu/miniconda3/envs/airflow-dev/lib/python3.11/site-packages/airflow/example_dags/example_latest_only_with_trigger.py
[2026-04-21T18:46:18.206+0530] {logging_mixin.py:190} INFO - [2026-04-21T18:46:18.206+0530] {dag.py:3239} INFO - Sync 1 DAGs
[2026-04-21T18:46:18.221+0530] {logging_mixin.py:190} INFO - [2026-04-21T18:46:18.220+0530] {dag.py:4180} INFO - Setting next_dagrun for latest_only_with_trigger to 2026-04-21 08:00:00+00:00, run_after=2026-04-21 12:00:00+00:00
[2026-04-21T18:46:18.336+0530] {processor.py:208} INFO - Processing /home/ubantu/miniconda3/envs/airflow-dev/lib/python3.11/site-packages/airflow/example_dags/example_latest_only_with_trigger.py took 0.245 seconds
[2026-04-21T18:48:12.429+0530] {processor.py:186} INFO - Started process (PID=5636) to work on /home/ubantu/miniconda3/envs/airflow-dev/lib/python3.11/site-packages/airflow/example_dags/example_latest_only_with_trigger.py
[2026-04-21T18:48:12.430+0530] {processor.py:914} INFO - Processing file /home/ubantu/miniconda3/envs/airflow-dev/lib/python3.11/site-packages/airflow/example_dags/example_latest_only_with_trigger.py for tasks to queue
[2026-04-21T18:48:12.433+0530] {logging_mixin.py:190} INFO - [2026-04-21T18:48:12.432+0530] {dagbag.py:588} INFO - Filling up the DagBag from /home/ubantu/miniconda3/envs/airflow-dev/lib/python3.11/site-packages/airflow/example_dags/example_latest_only_with_trigger.py
[2026-04-21T18:48:12.442+0530] {processor.py:925} INFO - DAG(s) 'latest_only_with_trigger' retrieved from /home/ubantu/miniconda3/envs/airflow-dev/lib/python3.11/site-packages/airflow/example_dags/example_latest_only_with_trigger.py
[2026-04-21T18:48:12.459+0530] {logging_mixin.py:190} INFO - [2026-04-21T18:48:12.459+0530] {dag.py:3239} INFO - Sync 1 DAGs
[2026-04-21T18:48:12.478+0530] {logging_mixin.py:190} INFO - [2026-04-21T18:48:12.478+0530] {dag.py:4180} INFO - Setting next_dagrun for latest_only_with_trigger to 2026-04-21 08:00:00+00:00, run_after=2026-04-21 12:00:00+00:00
[2026-04-21T18:48:12.500+0530] {processor.py:208} INFO - Processing /home/ubantu/miniconda3/envs/airflow-dev/lib/python3.11/site-packages/airflow/example_dags/example_latest_only_with_trigger.py took 0.078 seconds
[2026-04-21T18:49:38.000+0530] {processor.py:186} INFO - Started process (PID=5744) to work on /home/ubantu/miniconda3/envs/airflow-dev/lib/python3.11/site-packages/airflow/example_dags/example_latest_only_with_trigger.py
[2026-04-21T18:49:38.001+0530] {processor.py:914} INFO - Processing file /home/ubantu/miniconda3/envs/airflow-dev/lib/python3.11/site-packages/airflow/example_dags/example_latest_only_with_trigger.py for tasks to queue
[2026-04-21T18:49:38.004+0530] {logging_mixin.py:190} INFO - [2026-04-21T18:49:38.004+0530] {dagbag.py:588} INFO - Filling up the DagBag from /home/ubantu/miniconda3/envs/airflow-dev/lib/python3.11/site-packages/airflow/example_dags/example_latest_only_with_trigger.py
[2026-04-21T18:49:38.014+0530] {processor.py:925} INFO - DAG(s) 'latest_only_with_trigger' retrieved from /home/ubantu/miniconda3/envs/airflow-dev/lib/python3.11/site-packages/airflow/example_dags/example_latest_only_with_trigger.py
[2026-04-21T18:49:38.033+0530] {logging_mixin.py:190} INFO - [2026-04-21T18:49:38.033+0530] {dag.py:3239} INFO - Sync 1 DAGs
[2026-04-21T18:49:38.051+0530] {logging_mixin.py:190} INFO - [2026-04-21T18:49:38.050+0530] {dag.py:4180} INFO - Setting next_dagrun for latest_only_with_trigger to 2026-04-21 08:00:00+00:00, run_after=2026-04-21 12:00:00+00:00
[2026-04-21T18:49:38.067+0530] {processor.py:208} INFO - Processing /home/ubantu/miniconda3/envs/airflow-dev/lib/python3.11/site-packages/airflow/example_dags/example_latest_only_with_trigger.py took 0.075 seconds
[2026-04-21T18:50:56.983+0530] {processor.py:186} INFO - Started process (PID=5858) to work on /home/ubantu/miniconda3/envs/airflow-dev/lib/python3.11/site-packages/airflow/example_dags/example_latest_only_with_trigger.py
[2026-04-21T18:50:56.984+0530] {processor.py:914} INFO - Processing file /home/ubantu/miniconda3/envs/airflow-dev/lib/python3.11/site-packages/airflow/example_dags/example_latest_only_with_trigger.py for tasks to queue
[2026-04-21T18:50:56.987+0530] {logging_mixin.py:190} INFO - [2026-04-21T18:50:56.986+0530] {dagbag.py:588} INFO - Filling up the DagBag from /home/ubantu/miniconda3/envs/airflow-dev/lib/python3.11/site-packages/airflow/example_dags/example_latest_only_with_trigger.py
[2026-04-21T18:50:56.997+0530] {processor.py:925} INFO - DAG(s) 'latest_only_with_trigger' retrieved from /home/ubantu/miniconda3/envs/airflow-dev/lib/python3.11/site-packages/airflow/example_dags/example_latest_only_with_trigger.py
[2026-04-21T18:50:57.014+0530] {logging_mixin.py:190} INFO - [2026-04-21T18:50:57.014+0530] {dag.py:3239} INFO - Sync 1 DAGs
[2026-04-21T18:50:57.034+0530] {logging_mixin.py:190} INFO - [2026-04-21T18:50:57.034+0530] {dag.py:4180} INFO - Setting next_dagrun for latest_only_with_trigger to 2026-04-21 08:00:00+00:00, run_after=2026-04-21 12:00:00+00:00
[2026-04-21T18:50:57.052+0530] {processor.py:208} INFO - Processing /home/ubantu/miniconda3/envs/airflow-dev/lib/python3.11/site-packages/airflow/example_dags/example_latest_only_with_trigger.py took 0.075 seconds
[2026-04-21T18:52:18.381+0530] {processor.py:186} INFO - Started process (PID=5964) to work on /home/ubantu/miniconda3/envs/airflow-dev/lib/python3.11/site-packages/airflow/example_dags/example_latest_only_with_trigger.py
[2026-04-21T18:52:18.383+0530] {processor.py:914} INFO - Processing file /home/ubantu/miniconda3/envs/airflow-dev/lib/python3.11/site-packages/airflow/example_dags/example_latest_only_with_trigger.py for tasks to queue
[2026-04-21T18:52:18.386+0530] {logging_mixin.py:190} INFO - [2026-04-21T18:52:18.385+0530] {dagbag.py:588} INFO - Filling up the DagBag from /home/ubantu/miniconda3/envs/airflow-dev/lib/python3.11/site-packages/airflow/example_dags/example_latest_only_with_trigger.py
[2026-04-21T18:52:18.396+0530] {processor.py:925} INFO - DAG(s) 'latest_only_with_trigger' retrieved from /home/ubantu/miniconda3/envs/airflow-dev/lib/python3.11/site-packages/airflow/example_dags/example_latest_only_with_trigger.py
[2026-04-21T18:52:18.421+0530] {logging_mixin.py:190} INFO - [2026-04-21T18:52:18.421+0530] {dag.py:3239} INFO - Sync 1 DAGs
[2026-04-21T18:52:18.466+0530] {logging_mixin.py:190} INFO - [2026-04-21T18:52:18.465+0530] {dag.py:4180} INFO - Setting next_dagrun for latest_only_with_trigger to 2026-04-21 08:00:00+00:00, run_after=2026-04-21 12:00:00+00:00
[2026-04-21T18:52:18.493+0530] {processor.py:208} INFO - Processing /home/ubantu/miniconda3/envs/airflow-dev/lib/python3.11/site-packages/airflow/example_dags/example_latest_only_with_trigger.py took 0.126 seconds
[2026-04-21T18:53:35.077+0530] {processor.py:186} INFO - Started process (PID=6076) to work on /home/ubantu/miniconda3/envs/airflow-dev/lib/python3.11/site-packages/airflow/example_dags/example_latest_only_with_trigger.py
[2026-04-21T18:53:35.078+0530] {processor.py:914} INFO - Processing file /home/ubantu/miniconda3/envs/airflow-dev/lib/python3.11/site-packages/airflow/example_dags/example_latest_only_with_trigger.py for tasks to queue
[2026-04-21T18:53:35.081+0530] {logging_mixin.py:190} INFO - [2026-04-21T18:53:35.080+0530] {dagbag.py:588} INFO - Filling up the DagBag from /home/ubantu/miniconda3/envs/airflow-dev/lib/python3.11/site-packages/airflow/example_dags/example_latest_only_with_trigger.py
[2026-04-21T18:53:35.090+0530] {processor.py:925} INFO - DAG(s) 'latest_only_with_trigger' retrieved from /home/ubantu/miniconda3/envs/airflow-dev/lib/python3.11/site-packages/airflow/example_dags/example_latest_only_with_trigger.py
[2026-04-21T18:53:35.108+0530] {logging_mixin.py:190} INFO - [2026-04-21T18:53:35.108+0530] {dag.py:3239} INFO - Sync 1 DAGs
[2026-04-21T18:53:35.125+0530] {logging_mixin.py:190} INFO - [2026-04-21T18:53:35.125+0530] {dag.py:4180} INFO - Setting next_dagrun for latest_only_with_trigger to 2026-04-21 08:00:00+00:00, run_after=2026-04-21 12:00:00+00:00
[2026-04-21T18:53:35.141+0530] {processor.py:208} INFO - Processing /home/ubantu/miniconda3/envs/airflow-dev/lib/python3.11/site-packages/airflow/example_dags/example_latest_only_with_trigger.py took 0.071 seconds
[2026-04-21T18:54:54.238+0530] {processor.py:186} INFO - Started process (PID=6195) to work on /home/ubantu/miniconda3/envs/airflow-dev/lib/python3.11/site-packages/airflow/example_dags/example_latest_only_with_trigger.py
[2026-04-21T18:54:54.239+0530] {processor.py:914} INFO - Processing file /home/ubantu/miniconda3/envs/airflow-dev/lib/python3.11/site-packages/airflow/example_dags/example_latest_only_with_trigger.py for tasks to queue
[2026-04-21T18:54:54.241+0530] {logging_mixin.py:190} INFO - [2026-04-21T18:54:54.241+0530] {dagbag.py:588} INFO - Filling up the DagBag from /home/ubantu/miniconda3/envs/airflow-dev/lib/python3.11/site-packages/airflow/example_dags/example_latest_only_with_trigger.py
[2026-04-21T18:54:54.251+0530] {processor.py:925} INFO - DAG(s) 'latest_only_with_trigger' retrieved from /home/ubantu/miniconda3/envs/airflow-dev/lib/python3.11/site-packages/airflow/example_dags/example_latest_only_with_trigger.py
[2026-04-21T18:54:54.267+0530] {logging_mixin.py:190} INFO - [2026-04-21T18:54:54.266+0530] {dag.py:3239} INFO - Sync 1 DAGs
[2026-04-21T18:54:54.286+0530] {logging_mixin.py:190} INFO - [2026-04-21T18:54:54.285+0530] {dag.py:4180} INFO - Setting next_dagrun for latest_only_with_trigger to 2026-04-21 08:00:00+00:00, run_after=2026-04-21 12:00:00+00:00
[2026-04-21T18:54:54.305+0530] {processor.py:208} INFO - Processing /home/ubantu/miniconda3/envs/airflow-dev/lib/python3.11/site-packages/airflow/example_dags/example_latest_only_with_trigger.py took 0.074 seconds
[2026-04-21T18:56:14.637+0530] {processor.py:186} INFO - Started process (PID=6307) to work on /home/ubantu/miniconda3/envs/airflow-dev/lib/python3.11/site-packages/airflow/example_dags/example_latest_only_with_trigger.py
[2026-04-21T18:56:14.638+0530] {processor.py:914} INFO - Processing file /home/ubantu/miniconda3/envs/airflow-dev/lib/python3.11/site-packages/airflow/example_dags/example_latest_only_with_trigger.py for tasks to queue
[2026-04-21T18:56:14.640+0530] {logging_mixin.py:190} INFO - [2026-04-21T18:56:14.640+0530] {dagbag.py:588} INFO - Filling up the DagBag from /home/ubantu/miniconda3/envs/airflow-dev/lib/python3.11/site-packages/airflow/example_dags/example_latest_only_with_trigger.py
[2026-04-21T18:56:14.649+0530] {processor.py:925} INFO - DAG(s) 'latest_only_with_trigger' retrieved from /home/ubantu/miniconda3/envs/airflow-dev/lib/python3.11/site-packages/airflow/example_dags/example_latest_only_with_trigger.py
[2026-04-21T18:56:14.665+0530] {logging_mixin.py:190} INFO - [2026-04-21T18:56:14.665+0530] {dag.py:3239} INFO - Sync 1 DAGs
[2026-04-21T18:56:14.682+0530] {logging_mixin.py:190} INFO - [2026-04-21T18:56:14.682+0530] {dag.py:4180} INFO - Setting next_dagrun for latest_only_with_trigger to 2026-04-21 08:00:00+00:00, run_after=2026-04-21 12:00:00+00:00
[2026-04-21T18:56:14.699+0530] {processor.py:208} INFO - Processing /home/ubantu/miniconda3/envs/airflow-dev/lib/python3.11/site-packages/airflow/example_dags/example_latest_only_with_trigger.py took 0.068 seconds
[2026-04-21T19:01:11.679+0530] {processor.py:186} INFO - Started process (PID=6545) to work on /home/ubantu/miniconda3/envs/airflow-dev/lib/python3.11/site-packages/airflow/example_dags/example_latest_only_with_trigger.py
[2026-04-21T19:01:11.680+0530] {processor.py:914} INFO - Processing file /home/ubantu/miniconda3/envs/airflow-dev/lib/python3.11/site-packages/airflow/example_dags/example_latest_only_with_trigger.py for tasks to queue
[2026-04-21T19:01:11.681+0530] {logging_mixin.py:190} INFO - [2026-04-21T19:01:11.681+0530] {dagbag.py:588} INFO - Filling up the DagBag from /home/ubantu/miniconda3/envs/airflow-dev/lib/python3.11/site-packages/airflow/example_dags/example_latest_only_with_trigger.py
[2026-04-21T19:01:11.688+0530] {processor.py:925} INFO - DAG(s) 'latest_only_with_trigger' retrieved from /home/ubantu/miniconda3/envs/airflow-dev/lib/python3.11/site-packages/airflow/example_dags/example_latest_only_with_trigger.py
[2026-04-21T19:01:11.706+0530] {logging_mixin.py:190} INFO - [2026-04-21T19:01:11.705+0530] {dag.py:3239} INFO - Sync 1 DAGs
[2026-04-21T19:01:11.721+0530] {logging_mixin.py:190} INFO - [2026-04-21T19:01:11.721+0530] {dag.py:4180} INFO - Setting next_dagrun for latest_only_with_trigger to 2026-04-21 08:00:00+00:00, run_after=2026-04-21 12:00:00+00:00
[2026-04-21T19:01:11.736+0530] {processor.py:208} INFO - Processing /home/ubantu/miniconda3/envs/airflow-dev/lib/python3.11/site-packages/airflow/example_dags/example_latest_only_with_trigger.py took 0.064 seconds
[2026-04-21T19:03:01.294+0530] {processor.py:186} INFO - Started process (PID=6685) to work on /home/ubantu/miniconda3/envs/airflow-dev/lib/python3.11/site-packages/airflow/example_dags/example_latest_only_with_trigger.py
[2026-04-21T19:03:01.296+0530] {processor.py:914} INFO - Processing file /home/ubantu/miniconda3/envs/airflow-dev/lib/python3.11/site-packages/airflow/example_dags/example_latest_only_with_trigger.py for tasks to queue
[2026-04-21T19:03:01.297+0530] {logging_mixin.py:190} INFO - [2026-04-21T19:03:01.297+0530] {dagbag.py:588} INFO - Filling up the DagBag from /home/ubantu/miniconda3/envs/airflow-dev/lib/python3.11/site-packages/airflow/example_dags/example_latest_only_with_trigger.py
[2026-04-21T19:03:01.305+0530] {processor.py:925} INFO - DAG(s) 'latest_only_with_trigger' retrieved from /home/ubantu/miniconda3/envs/airflow-dev/lib/python3.11/site-packages/airflow/example_dags/example_latest_only_with_trigger.py
[2026-04-21T19:03:01.324+0530] {logging_mixin.py:190} INFO - [2026-04-21T19:03:01.324+0530] {dag.py:3239} INFO - Sync 1 DAGs
[2026-04-21T19:03:01.342+0530] {logging_mixin.py:190} INFO - [2026-04-21T19:03:01.342+0530] {dag.py:4180} INFO - Setting next_dagrun for latest_only_with_trigger to 2026-04-21 08:00:00+00:00, run_after=2026-04-21 12:00:00+00:00
[2026-04-21T19:03:01.362+0530] {processor.py:208} INFO - Processing /home/ubantu/miniconda3/envs/airflow-dev/lib/python3.11/site-packages/airflow/example_dags/example_latest_only_with_trigger.py took 0.075 seconds
[2026-04-21T19:05:44.160+0530] {processor.py:186} INFO - Started process (PID=6842) to work on /home/ubantu/miniconda3/envs/airflow-dev/lib/python3.11/site-packages/airflow/example_dags/example_latest_only_with_trigger.py
[2026-04-21T19:05:44.161+0530] {processor.py:914} INFO - Processing file /home/ubantu/miniconda3/envs/airflow-dev/lib/python3.11/site-packages/airflow/example_dags/example_latest_only_with_trigger.py for tasks to queue
[2026-04-21T19:05:44.162+0530] {logging_mixin.py:190} INFO - [2026-04-21T19:05:44.162+0530] {dagbag.py:588} INFO - Filling up the DagBag from /home/ubantu/miniconda3/envs/airflow-dev/lib/python3.11/site-packages/airflow/example_dags/example_latest_only_with_trigger.py
[2026-04-21T19:05:44.168+0530] {processor.py:925} INFO - DAG(s) 'latest_only_with_trigger' retrieved from /home/ubantu/miniconda3/envs/airflow-dev/lib/python3.11/site-packages/airflow/example_dags/example_latest_only_with_trigger.py
[2026-04-21T19:05:44.184+0530] {logging_mixin.py:190} INFO - [2026-04-21T19:05:44.184+0530] {dag.py:3239} INFO - Sync 1 DAGs
[2026-04-21T19:05:44.198+0530] {logging_mixin.py:190} INFO - [2026-04-21T19:05:44.198+0530] {dag.py:4180} INFO - Setting next_dagrun for latest_only_with_trigger to 2026-04-21 08:00:00+00:00, run_after=2026-04-21 12:00:00+00:00
[2026-04-21T19:05:44.218+0530] {processor.py:208} INFO - Processing /home/ubantu/miniconda3/envs/airflow-dev/lib/python3.11/site-packages/airflow/example_dags/example_latest_only_with_trigger.py took 0.062 seconds
[2026-04-21T19:07:34.014+0530] {processor.py:186} INFO - Started process (PID=7001) to work on /home/ubantu/miniconda3/envs/airflow-dev/lib/python3.11/site-packages/airflow/example_dags/example_latest_only_with_trigger.py
[2026-04-21T19:07:34.015+0530] {processor.py:914} INFO - Processing file /home/ubantu/miniconda3/envs/airflow-dev/lib/python3.11/site-packages/airflow/example_dags/example_latest_only_with_trigger.py for tasks to queue
[2026-04-21T19:07:34.016+0530] {logging_mixin.py:190} INFO - [2026-04-21T19:07:34.016+0530] {dagbag.py:588} INFO - Filling up the DagBag from /home/ubantu/miniconda3/envs/airflow-dev/lib/python3.11/site-packages/airflow/example_dags/example_latest_only_with_trigger.py
[2026-04-21T19:07:34.023+0530] {processor.py:925} INFO - DAG(s) 'latest_only_with_trigger' retrieved from /home/ubantu/miniconda3/envs/airflow-dev/lib/python3.11/site-packages/airflow/example_dags/example_latest_only_with_trigger.py
[2026-04-21T19:07:34.039+0530] {logging_mixin.py:190} INFO - [2026-04-21T19:07:34.039+0530] {dag.py:3239} INFO - Sync 1 DAGs
[2026-04-21T19:07:34.055+0530] {logging_mixin.py:190} INFO - [2026-04-21T19:07:34.054+0530] {dag.py:4180} INFO - Setting next_dagrun for latest_only_with_trigger to 2026-04-21 08:00:00+00:00, run_after=2026-04-21 12:00:00+00:00
[2026-04-21T19:07:34.071+0530] {processor.py:208} INFO - Processing /home/ubantu/miniconda3/envs/airflow-dev/lib/python3.11/site-packages/airflow/example_dags/example_latest_only_with_trigger.py took 0.064 seconds
[2026-04-21T19:08:50.984+0530] {processor.py:186} INFO - Started process (PID=7101) to work on /home/ubantu/miniconda3/envs/airflow-dev/lib/python3.11/site-packages/airflow/example_dags/example_latest_only_with_trigger.py
[2026-04-21T19:08:50.985+0530] {processor.py:914} INFO - Processing file /home/ubantu/miniconda3/envs/airflow-dev/lib/python3.11/site-packages/airflow/example_dags/example_latest_only_with_trigger.py for tasks to queue
[2026-04-21T19:08:50.986+0530] {logging_mixin.py:190} INFO - [2026-04-21T19:08:50.986+0530] {dagbag.py:588} INFO - Filling up the DagBag from /home/ubantu/miniconda3/envs/airflow-dev/lib/python3.11/site-packages/airflow/example_dags/example_latest_only_with_trigger.py
[2026-04-21T19:08:50.993+0530] {processor.py:925} INFO - DAG(s) 'latest_only_with_trigger' retrieved from /home/ubantu/miniconda3/envs/airflow-dev/lib/python3.11/site-packages/airflow/example_dags/example_latest_only_with_trigger.py
[2026-04-21T19:08:51.008+0530] {logging_mixin.py:190} INFO - [2026-04-21T19:08:51.008+0530] {dag.py:3239} INFO - Sync 1 DAGs
[2026-04-21T19:08:51.025+0530] {logging_mixin.py:190} INFO - [2026-04-21T19:08:51.024+0530] {dag.py:4180} INFO - Setting next_dagrun for latest_only_with_trigger to 2026-04-21 08:00:00+00:00, run_after=2026-04-21 12:00:00+00:00
[2026-04-21T19:08:51.042+0530] {processor.py:208} INFO - Processing /home/ubantu/miniconda3/envs/airflow-dev/lib/python3.11/site-packages/airflow/example_dags/example_latest_only_with_trigger.py took 0.064 seconds
[2026-04-21T19:10:09.425+0530] {processor.py:186} INFO - Started process (PID=7203) to work on /home/ubantu/miniconda3/envs/airflow-dev/lib/python3.11/site-packages/airflow/example_dags/example_latest_only_with_trigger.py
[2026-04-21T19:10:09.426+0530] {processor.py:914} INFO - Processing file /home/ubantu/miniconda3/envs/airflow-dev/lib/python3.11/site-packages/airflow/example_dags/example_latest_only_with_trigger.py for tasks to queue
[2026-04-21T19:10:09.427+0530] {logging_mixin.py:190} INFO - [2026-04-21T19:10:09.427+0530] {dagbag.py:588} INFO - Filling up the DagBag from /home/ubantu/miniconda3/envs/airflow-dev/lib/python3.11/site-packages/airflow/example_dags/example_latest_only_with_trigger.py
[2026-04-21T19:10:09.433+0530] {processor.py:925} INFO - DAG(s) 'latest_only_with_trigger' retrieved from /home/ubantu/miniconda3/envs/airflow-dev/lib/python3.11/site-packages/airflow/example_dags/example_latest_only_with_trigger.py
[2026-04-21T19:10:09.446+0530] {logging_mixin.py:190} INFO - [2026-04-21T19:10:09.446+0530] {dag.py:3239} INFO - Sync 1 DAGs
[2026-04-21T19:10:09.460+0530] {logging_mixin.py:190} INFO - [2026-04-21T19:10:09.460+0530] {dag.py:4180} INFO - Setting next_dagrun for latest_only_with_trigger to 2026-04-21 08:00:00+00:00, run_after=2026-04-21 12:00:00+00:00
[2026-04-21T19:10:09.476+0530] {processor.py:208} INFO - Processing /home/ubantu/miniconda3/envs/airflow-dev/lib/python3.11/site-packages/airflow/example_dags/example_latest_only_with_trigger.py took 0.058 seconds
[2026-04-21T19:11:27.233+0530] {processor.py:186} INFO - Started process (PID=7309) to work on /home/ubantu/miniconda3/envs/airflow-dev/lib/python3.11/site-packages/airflow/example_dags/example_latest_only_with_trigger.py
[2026-04-21T19:11:27.234+0530] {processor.py:914} INFO - Processing file /home/ubantu/miniconda3/envs/airflow-dev/lib/python3.11/site-packages/airflow/example_dags/example_latest_only_with_trigger.py for tasks to queue
[2026-04-21T19:11:27.236+0530] {logging_mixin.py:190} INFO - [2026-04-21T19:11:27.235+0530] {dagbag.py:588} INFO - Filling up the DagBag from /home/ubantu/miniconda3/envs/airflow-dev/lib/python3.11/site-packages/airflow/example_dags/example_latest_only_with_trigger.py
[2026-04-21T19:11:27.242+0530] {processor.py:925} INFO - DAG(s) 'latest_only_with_trigger' retrieved from /home/ubantu/miniconda3/envs/airflow-dev/lib/python3.11/site-packages/airflow/example_dags/example_latest_only_with_trigger.py
[2026-04-21T19:11:27.258+0530] {logging_mixin.py:190} INFO - [2026-04-21T19:11:27.258+0530] {dag.py:3239} INFO - Sync 1 DAGs
[2026-04-21T19:11:27.277+0530] {logging_mixin.py:190} INFO - [2026-04-21T19:11:27.277+0530] {dag.py:4180} INFO - Setting next_dagrun for latest_only_with_trigger to 2026-04-21 08:00:00+00:00, run_after=2026-04-21 12:00:00+00:00
[2026-04-21T19:11:27.297+0530] {processor.py:208} INFO - Processing /home/ubantu/miniconda3/envs/airflow-dev/lib/python3.11/site-packages/airflow/example_dags/example_latest_only_with_trigger.py took 0.069 seconds
[2026-04-21T19:12:46.290+0530] {processor.py:186} INFO - Started process (PID=7398) to work on /home/ubantu/miniconda3/envs/airflow-dev/lib/python3.11/site-packages/airflow/example_dags/example_latest_only_with_trigger.py
[2026-04-21T19:12:46.291+0530] {processor.py:914} INFO - Processing file /home/ubantu/miniconda3/envs/airflow-dev/lib/python3.11/site-packages/airflow/example_dags/example_latest_only_with_trigger.py for tasks to queue
[2026-04-21T19:12:46.292+0530] {logging_mixin.py:190} INFO - [2026-04-21T19:12:46.292+0530] {dagbag.py:588} INFO - Filling up the DagBag from /home/ubantu/miniconda3/envs/airflow-dev/lib/python3.11/site-packages/airflow/example_dags/example_latest_only_with_trigger.py
[2026-04-21T19:12:46.299+0530] {processor.py:925} INFO - DAG(s) 'latest_only_with_trigger' retrieved from /home/ubantu/miniconda3/envs/airflow-dev/lib/python3.11/site-packages/airflow/example_dags/example_latest_only_with_trigger.py
[2026-04-21T19:12:46.316+0530] {logging_mixin.py:190} INFO - [2026-04-21T19:12:46.316+0530] {dag.py:3239} INFO - Sync 1 DAGs
[2026-04-21T19:12:46.334+0530] {logging_mixin.py:190} INFO - [2026-04-21T19:12:46.333+0530] {dag.py:4180} INFO - Setting next_dagrun for latest_only_with_trigger to 2026-04-21 08:00:00+00:00, run_after=2026-04-21 12:00:00+00:00
[2026-04-21T19:12:46.355+0530] {processor.py:208} INFO - Processing /home/ubantu/miniconda3/envs/airflow-dev/lib/python3.11/site-packages/airflow/example_dags/example_latest_only_with_trigger.py took 0.071 seconds
[2026-04-21T19:14:07.868+0530] {processor.py:186} INFO - Started process (PID=7531) to work on /home/ubantu/miniconda3/envs/airflow-dev/lib/python3.11/site-packages/airflow/example_dags/example_latest_only_with_trigger.py
[2026-04-21T19:14:07.870+0530] {processor.py:914} INFO - Processing file /home/ubantu/miniconda3/envs/airflow-dev/lib/python3.11/site-packages/airflow/example_dags/example_latest_only_with_trigger.py for tasks to queue
[2026-04-21T19:14:07.872+0530] {logging_mixin.py:190} INFO - [2026-04-21T19:14:07.871+0530] {dagbag.py:588} INFO - Filling up the DagBag from /home/ubantu/miniconda3/envs/airflow-dev/lib/python3.11/site-packages/airflow/example_dags/example_latest_only_with_trigger.py
[2026-04-21T19:14:07.879+0530] {processor.py:925} INFO - DAG(s) 'latest_only_with_trigger' retrieved from /home/ubantu/miniconda3/envs/airflow-dev/lib/python3.11/site-packages/airflow/example_dags/example_latest_only_with_trigger.py
[2026-04-21T19:14:07.900+0530] {logging_mixin.py:190} INFO - [2026-04-21T19:14:07.900+0530] {dag.py:3239} INFO - Sync 1 DAGs
[2026-04-21T19:14:07.918+0530] {logging_mixin.py:190} INFO - [2026-04-21T19:14:07.918+0530] {dag.py:4180} INFO - Setting next_dagrun for latest_only_with_trigger to 2026-04-21 08:00:00+00:00, run_after=2026-04-21 12:00:00+00:00
[2026-04-21T19:14:07.936+0530] {processor.py:208} INFO - Processing /home/ubantu/miniconda3/envs/airflow-dev/lib/python3.11/site-packages/airflow/example_dags/example_latest_only_with_trigger.py took 0.074 seconds
[2026-04-21T19:15:29.119+0530] {processor.py:186} INFO - Started process (PID=7647) to work on /home/ubantu/miniconda3/envs/airflow-dev/lib/python3.11/site-packages/airflow/example_dags/example_latest_only_with_trigger.py
[2026-04-21T19:15:29.120+0530] {processor.py:914} INFO - Processing file /home/ubantu/miniconda3/envs/airflow-dev/lib/python3.11/site-packages/airflow/example_dags/example_latest_only_with_trigger.py for tasks to queue
[2026-04-21T19:15:29.122+0530] {logging_mixin.py:190} INFO - [2026-04-21T19:15:29.121+0530] {dagbag.py:588} INFO - Filling up the DagBag from /home/ubantu/miniconda3/envs/airflow-dev/lib/python3.11/site-packages/airflow/example_dags/example_latest_only_with_trigger.py
[2026-04-21T19:15:29.128+0530] {processor.py:925} INFO - DAG(s) 'latest_only_with_trigger' retrieved from /home/ubantu/miniconda3/envs/airflow-dev/lib/python3.11/site-packages/airflow/example_dags/example_latest_only_with_trigger.py
[2026-04-21T19:15:29.143+0530] {logging_mixin.py:190} INFO - [2026-04-21T19:15:29.143+0530] {dag.py:3239} INFO - Sync 1 DAGs
[2026-04-21T19:15:29.158+0530] {logging_mixin.py:190} INFO - [2026-04-21T19:15:29.158+0530] {dag.py:4180} INFO - Setting next_dagrun for latest_only_with_trigger to 2026-04-21 08:00:00+00:00, run_after=2026-04-21 12:00:00+00:00
[2026-04-21T19:15:29.175+0530] {processor.py:208} INFO - Processing /home/ubantu/miniconda3/envs/airflow-dev/lib/python3.11/site-packages/airflow/example_dags/example_latest_only_with_trigger.py took 0.062 seconds
[2026-04-21T19:16:46.723+0530] {processor.py:186} INFO - Started process (PID=7793) to work on /home/ubantu/miniconda3/envs/airflow-dev/lib/python3.11/site-packages/airflow/example_dags/example_latest_only_with_trigger.py
[2026-04-21T19:16:46.724+0530] {processor.py:914} INFO - Processing file /home/ubantu/miniconda3/envs/airflow-dev/lib/python3.11/site-packages/airflow/example_dags/example_latest_only_with_trigger.py for tasks to queue
[2026-04-21T19:16:46.725+0530] {logging_mixin.py:190} INFO - [2026-04-21T19:16:46.725+0530] {dagbag.py:588} INFO - Filling up the DagBag from /home/ubantu/miniconda3/envs/airflow-dev/lib/python3.11/site-packages/airflow/example_dags/example_latest_only_with_trigger.py
[2026-04-21T19:16:46.732+0530] {processor.py:925} INFO - DAG(s) 'latest_only_with_trigger' retrieved from /home/ubantu/miniconda3/envs/airflow-dev/lib/python3.11/site-packages/airflow/example_dags/example_latest_only_with_trigger.py
[2026-04-21T19:16:46.750+0530] {logging_mixin.py:190} INFO - [2026-04-21T19:16:46.750+0530] {dag.py:3239} INFO - Sync 1 DAGs
[2026-04-21T19:16:46.765+0530] {logging_mixin.py:190} INFO - [2026-04-21T19:16:46.765+0530] {dag.py:4180} INFO - Setting next_dagrun for latest_only_with_trigger to 2026-04-21 08:00:00+00:00, run_after=2026-04-21 12:00:00+00:00
[2026-04-21T19:16:46.783+0530] {processor.py:208} INFO - Processing /home/ubantu/miniconda3/envs/airflow-dev/lib/python3.11/site-packages/airflow/example_dags/example_latest_only_with_trigger.py took 0.068 seconds
[2026-04-21T19:22:47.501+0530] {processor.py:186} INFO - Started process (PID=8357) to work on /home/ubantu/airflow-src/airflow/example_dags/example_latest_only_with_trigger.py
[2026-04-21T19:22:47.502+0530] {processor.py:914} INFO - Processing file /home/ubantu/airflow-src/airflow/example_dags/example_latest_only_with_trigger.py for tasks to queue
[2026-04-21T19:22:47.504+0530] {logging_mixin.py:190} INFO - [2026-04-21T19:22:47.503+0530] {dagbag.py:588} INFO - Filling up the DagBag from /home/ubantu/airflow-src/airflow/example_dags/example_latest_only_with_trigger.py
[2026-04-21T19:22:47.511+0530] {processor.py:925} INFO - DAG(s) 'latest_only_with_trigger' retrieved from /home/ubantu/airflow-src/airflow/example_dags/example_latest_only_with_trigger.py
[2026-04-21T19:22:47.568+0530] {logging_mixin.py:190} INFO - [2026-04-21T19:22:47.567+0530] {dag.py:3239} INFO - Sync 1 DAGs
[2026-04-21T19:22:47.580+0530] {logging_mixin.py:190} INFO - [2026-04-21T19:22:47.580+0530] {dag.py:4180} INFO - Setting next_dagrun for latest_only_with_trigger to 2026-04-21 08:00:00+00:00, run_after=2026-04-21 12:00:00+00:00
[2026-04-21T19:22:47.598+0530] {processor.py:208} INFO - Processing /home/ubantu/airflow-src/airflow/example_dags/example_latest_only_with_trigger.py took 0.104 seconds
[2026-04-21T19:25:36.497+0530] {processor.py:186} INFO - Started process (PID=8592) to work on /home/ubantu/airflow-src/airflow/example_dags/example_latest_only_with_trigger.py
[2026-04-21T19:25:36.498+0530] {processor.py:914} INFO - Processing file /home/ubantu/airflow-src/airflow/example_dags/example_latest_only_with_trigger.py for tasks to queue
[2026-04-21T19:25:36.499+0530] {logging_mixin.py:190} INFO - [2026-04-21T19:25:36.499+0530] {dagbag.py:588} INFO - Filling up the DagBag from /home/ubantu/airflow-src/airflow/example_dags/example_latest_only_with_trigger.py
[2026-04-21T19:25:36.504+0530] {processor.py:925} INFO - DAG(s) 'latest_only_with_trigger' retrieved from /home/ubantu/airflow-src/airflow/example_dags/example_latest_only_with_trigger.py
[2026-04-21T19:25:36.518+0530] {logging_mixin.py:190} INFO - [2026-04-21T19:25:36.518+0530] {dag.py:3239} INFO - Sync 1 DAGs
[2026-04-21T19:25:36.533+0530] {logging_mixin.py:190} INFO - [2026-04-21T19:25:36.533+0530] {dag.py:4180} INFO - Setting next_dagrun for latest_only_with_trigger to 2026-04-21 08:00:00+00:00, run_after=2026-04-21 12:00:00+00:00
[2026-04-21T19:25:36.550+0530] {processor.py:208} INFO - Processing /home/ubantu/airflow-src/airflow/example_dags/example_latest_only_with_trigger.py took 0.058 seconds
