[2026-04-21T18:46:15.596+0530] {processor.py:186} INFO - Started process (PID=5446) to work on /home/ubantu/miniconda3/envs/airflow-dev/lib/python3.11/site-packages/airflow/example_dags/example_nested_branch_dag.py
[2026-04-21T18:46:15.597+0530] {processor.py:914} INFO - Processing file /home/ubantu/miniconda3/envs/airflow-dev/lib/python3.11/site-packages/airflow/example_dags/example_nested_branch_dag.py for tasks to queue
[2026-04-21T18:46:15.600+0530] {logging_mixin.py:190} INFO - [2026-04-21T18:46:15.599+0530] {dagbag.py:588} INFO - Filling up the DagBag from /home/ubantu/miniconda3/envs/airflow-dev/lib/python3.11/site-packages/airflow/example_dags/example_nested_branch_dag.py
[2026-04-21T18:46:15.615+0530] {processor.py:925} INFO - DAG(s) 'example_nested_branch_dag' retrieved from /home/ubantu/miniconda3/envs/airflow-dev/lib/python3.11/site-packages/airflow/example_dags/example_nested_branch_dag.py
[2026-04-21T18:46:15.700+0530] {logging_mixin.py:190} INFO - [2026-04-21T18:46:15.700+0530] {dag.py:3239} INFO - Sync 1 DAGs
[2026-04-21T18:46:15.716+0530] {logging_mixin.py:190} INFO - [2026-04-21T18:46:15.716+0530] {dag.py:4180} INFO - Setting next_dagrun for example_nested_branch_dag to 2026-04-20 00:00:00+00:00, run_after=2026-04-21 00:00:00+00:00
[2026-04-21T18:46:15.839+0530] {processor.py:208} INFO - Processing /home/ubantu/miniconda3/envs/airflow-dev/lib/python3.11/site-packages/airflow/example_dags/example_nested_branch_dag.py took 0.249 seconds
[2026-04-21T18:48:10.117+0530] {processor.py:186} INFO - Started process (PID=5634) to work on /home/ubantu/miniconda3/envs/airflow-dev/lib/python3.11/site-packages/airflow/example_dags/example_nested_branch_dag.py
[2026-04-21T18:48:10.119+0530] {processor.py:914} INFO - Processing file /home/ubantu/miniconda3/envs/airflow-dev/lib/python3.11/site-packages/airflow/example_dags/example_nested_branch_dag.py for tasks to queue
[2026-04-21T18:48:10.121+0530] {logging_mixin.py:190} INFO - [2026-04-21T18:48:10.121+0530] {dagbag.py:588} INFO - Filling up the DagBag from /home/ubantu/miniconda3/envs/airflow-dev/lib/python3.11/site-packages/airflow/example_dags/example_nested_branch_dag.py
[2026-04-21T18:48:10.141+0530] {processor.py:925} INFO - DAG(s) 'example_nested_branch_dag' retrieved from /home/ubantu/miniconda3/envs/airflow-dev/lib/python3.11/site-packages/airflow/example_dags/example_nested_branch_dag.py
[2026-04-21T18:48:10.163+0530] {logging_mixin.py:190} INFO - [2026-04-21T18:48:10.162+0530] {dag.py:3239} INFO - Sync 1 DAGs
[2026-04-21T18:48:10.181+0530] {logging_mixin.py:190} INFO - [2026-04-21T18:48:10.181+0530] {dag.py:4180} INFO - Setting next_dagrun for example_nested_branch_dag to 2026-04-20 00:00:00+00:00, run_after=2026-04-21 00:00:00+00:00
[2026-04-21T18:48:10.200+0530] {processor.py:208} INFO - Processing /home/ubantu/miniconda3/envs/airflow-dev/lib/python3.11/site-packages/airflow/example_dags/example_nested_branch_dag.py took 0.091 seconds
[2026-04-21T18:49:35.708+0530] {processor.py:186} INFO - Started process (PID=5742) to work on /home/ubantu/miniconda3/envs/airflow-dev/lib/python3.11/site-packages/airflow/example_dags/example_nested_branch_dag.py
[2026-04-21T18:49:35.709+0530] {processor.py:914} INFO - Processing file /home/ubantu/miniconda3/envs/airflow-dev/lib/python3.11/site-packages/airflow/example_dags/example_nested_branch_dag.py for tasks to queue
[2026-04-21T18:49:35.711+0530] {logging_mixin.py:190} INFO - [2026-04-21T18:49:35.711+0530] {dagbag.py:588} INFO - Filling up the DagBag from /home/ubantu/miniconda3/envs/airflow-dev/lib/python3.11/site-packages/airflow/example_dags/example_nested_branch_dag.py
[2026-04-21T18:49:35.725+0530] {processor.py:925} INFO - DAG(s) 'example_nested_branch_dag' retrieved from /home/ubantu/miniconda3/envs/airflow-dev/lib/python3.11/site-packages/airflow/example_dags/example_nested_branch_dag.py
[2026-04-21T18:49:35.741+0530] {logging_mixin.py:190} INFO - [2026-04-21T18:49:35.741+0530] {dag.py:3239} INFO - Sync 1 DAGs
[2026-04-21T18:49:35.759+0530] {logging_mixin.py:190} INFO - [2026-04-21T18:49:35.759+0530] {dag.py:4180} INFO - Setting next_dagrun for example_nested_branch_dag to 2026-04-20 00:00:00+00:00, run_after=2026-04-21 00:00:00+00:00
[2026-04-21T18:49:35.776+0530] {processor.py:208} INFO - Processing /home/ubantu/miniconda3/envs/airflow-dev/lib/python3.11/site-packages/airflow/example_dags/example_nested_branch_dag.py took 0.075 seconds
[2026-04-21T18:50:54.988+0530] {processor.py:186} INFO - Started process (PID=5856) to work on /home/ubantu/miniconda3/envs/airflow-dev/lib/python3.11/site-packages/airflow/example_dags/example_nested_branch_dag.py
[2026-04-21T18:50:54.989+0530] {processor.py:914} INFO - Processing file /home/ubantu/miniconda3/envs/airflow-dev/lib/python3.11/site-packages/airflow/example_dags/example_nested_branch_dag.py for tasks to queue
[2026-04-21T18:50:54.991+0530] {logging_mixin.py:190} INFO - [2026-04-21T18:50:54.991+0530] {dagbag.py:588} INFO - Filling up the DagBag from /home/ubantu/miniconda3/envs/airflow-dev/lib/python3.11/site-packages/airflow/example_dags/example_nested_branch_dag.py
[2026-04-21T18:50:55.004+0530] {processor.py:925} INFO - DAG(s) 'example_nested_branch_dag' retrieved from /home/ubantu/miniconda3/envs/airflow-dev/lib/python3.11/site-packages/airflow/example_dags/example_nested_branch_dag.py
[2026-04-21T18:50:55.020+0530] {logging_mixin.py:190} INFO - [2026-04-21T18:50:55.020+0530] {dag.py:3239} INFO - Sync 1 DAGs
[2026-04-21T18:50:55.037+0530] {logging_mixin.py:190} INFO - [2026-04-21T18:50:55.037+0530] {dag.py:4180} INFO - Setting next_dagrun for example_nested_branch_dag to 2026-04-20 00:00:00+00:00, run_after=2026-04-21 00:00:00+00:00
[2026-04-21T18:50:55.054+0530] {processor.py:208} INFO - Processing /home/ubantu/miniconda3/envs/airflow-dev/lib/python3.11/site-packages/airflow/example_dags/example_nested_branch_dag.py took 0.072 seconds
[2026-04-21T18:52:16.044+0530] {processor.py:186} INFO - Started process (PID=5962) to work on /home/ubantu/miniconda3/envs/airflow-dev/lib/python3.11/site-packages/airflow/example_dags/example_nested_branch_dag.py
[2026-04-21T18:52:16.046+0530] {processor.py:914} INFO - Processing file /home/ubantu/miniconda3/envs/airflow-dev/lib/python3.11/site-packages/airflow/example_dags/example_nested_branch_dag.py for tasks to queue
[2026-04-21T18:52:16.048+0530] {logging_mixin.py:190} INFO - [2026-04-21T18:52:16.048+0530] {dagbag.py:588} INFO - Filling up the DagBag from /home/ubantu/miniconda3/envs/airflow-dev/lib/python3.11/site-packages/airflow/example_dags/example_nested_branch_dag.py
[2026-04-21T18:52:16.064+0530] {processor.py:925} INFO - DAG(s) 'example_nested_branch_dag' retrieved from /home/ubantu/miniconda3/envs/airflow-dev/lib/python3.11/site-packages/airflow/example_dags/example_nested_branch_dag.py
[2026-04-21T18:52:16.085+0530] {logging_mixin.py:190} INFO - [2026-04-21T18:52:16.085+0530] {dag.py:3239} INFO - Sync 1 DAGs
[2026-04-21T18:52:16.104+0530] {logging_mixin.py:190} INFO - [2026-04-21T18:52:16.104+0530] {dag.py:4180} INFO - Setting next_dagrun for example_nested_branch_dag to 2026-04-20 00:00:00+00:00, run_after=2026-04-21 00:00:00+00:00
[2026-04-21T18:52:16.122+0530] {processor.py:208} INFO - Processing /home/ubantu/miniconda3/envs/airflow-dev/lib/python3.11/site-packages/airflow/example_dags/example_nested_branch_dag.py took 0.085 seconds
[2026-04-21T18:53:34.013+0530] {processor.py:186} INFO - Started process (PID=6073) to work on /home/ubantu/miniconda3/envs/airflow-dev/lib/python3.11/site-packages/airflow/example_dags/example_nested_branch_dag.py
[2026-04-21T18:53:34.014+0530] {processor.py:914} INFO - Processing file /home/ubantu/miniconda3/envs/airflow-dev/lib/python3.11/site-packages/airflow/example_dags/example_nested_branch_dag.py for tasks to queue
[2026-04-21T18:53:34.016+0530] {logging_mixin.py:190} INFO - [2026-04-21T18:53:34.016+0530] {dagbag.py:588} INFO - Filling up the DagBag from /home/ubantu/miniconda3/envs/airflow-dev/lib/python3.11/site-packages/airflow/example_dags/example_nested_branch_dag.py
[2026-04-21T18:53:34.028+0530] {processor.py:925} INFO - DAG(s) 'example_nested_branch_dag' retrieved from /home/ubantu/miniconda3/envs/airflow-dev/lib/python3.11/site-packages/airflow/example_dags/example_nested_branch_dag.py
[2026-04-21T18:53:34.044+0530] {logging_mixin.py:190} INFO - [2026-04-21T18:53:34.044+0530] {dag.py:3239} INFO - Sync 1 DAGs
[2026-04-21T18:53:34.063+0530] {logging_mixin.py:190} INFO - [2026-04-21T18:53:34.063+0530] {dag.py:4180} INFO - Setting next_dagrun for example_nested_branch_dag to 2026-04-20 00:00:00+00:00, run_after=2026-04-21 00:00:00+00:00
[2026-04-21T18:53:34.080+0530] {processor.py:208} INFO - Processing /home/ubantu/miniconda3/envs/airflow-dev/lib/python3.11/site-packages/airflow/example_dags/example_nested_branch_dag.py took 0.073 seconds
[2026-04-21T18:54:51.942+0530] {processor.py:186} INFO - Started process (PID=6191) to work on /home/ubantu/miniconda3/envs/airflow-dev/lib/python3.11/site-packages/airflow/example_dags/example_nested_branch_dag.py
[2026-04-21T18:54:51.943+0530] {processor.py:914} INFO - Processing file /home/ubantu/miniconda3/envs/airflow-dev/lib/python3.11/site-packages/airflow/example_dags/example_nested_branch_dag.py for tasks to queue
[2026-04-21T18:54:51.945+0530] {logging_mixin.py:190} INFO - [2026-04-21T18:54:51.945+0530] {dagbag.py:588} INFO - Filling up the DagBag from /home/ubantu/miniconda3/envs/airflow-dev/lib/python3.11/site-packages/airflow/example_dags/example_nested_branch_dag.py
[2026-04-21T18:54:51.957+0530] {processor.py:925} INFO - DAG(s) 'example_nested_branch_dag' retrieved from /home/ubantu/miniconda3/envs/airflow-dev/lib/python3.11/site-packages/airflow/example_dags/example_nested_branch_dag.py
[2026-04-21T18:54:51.972+0530] {logging_mixin.py:190} INFO - [2026-04-21T18:54:51.971+0530] {dag.py:3239} INFO - Sync 1 DAGs
[2026-04-21T18:54:51.990+0530] {logging_mixin.py:190} INFO - [2026-04-21T18:54:51.990+0530] {dag.py:4180} INFO - Setting next_dagrun for example_nested_branch_dag to 2026-04-20 00:00:00+00:00, run_after=2026-04-21 00:00:00+00:00
[2026-04-21T18:54:52.008+0530] {processor.py:208} INFO - Processing /home/ubantu/miniconda3/envs/airflow-dev/lib/python3.11/site-packages/airflow/example_dags/example_nested_branch_dag.py took 0.072 seconds
[2026-04-21T18:56:13.020+0530] {processor.py:186} INFO - Started process (PID=6304) to work on /home/ubantu/miniconda3/envs/airflow-dev/lib/python3.11/site-packages/airflow/example_dags/example_nested_branch_dag.py
[2026-04-21T18:56:13.022+0530] {processor.py:914} INFO - Processing file /home/ubantu/miniconda3/envs/airflow-dev/lib/python3.11/site-packages/airflow/example_dags/example_nested_branch_dag.py for tasks to queue
[2026-04-21T18:56:13.024+0530] {logging_mixin.py:190} INFO - [2026-04-21T18:56:13.024+0530] {dagbag.py:588} INFO - Filling up the DagBag from /home/ubantu/miniconda3/envs/airflow-dev/lib/python3.11/site-packages/airflow/example_dags/example_nested_branch_dag.py
[2026-04-21T18:56:13.039+0530] {processor.py:925} INFO - DAG(s) 'example_nested_branch_dag' retrieved from /home/ubantu/miniconda3/envs/airflow-dev/lib/python3.11/site-packages/airflow/example_dags/example_nested_branch_dag.py
[2026-04-21T18:56:13.056+0530] {logging_mixin.py:190} INFO - [2026-04-21T18:56:13.056+0530] {dag.py:3239} INFO - Sync 1 DAGs
[2026-04-21T18:56:13.074+0530] {logging_mixin.py:190} INFO - [2026-04-21T18:56:13.073+0530] {dag.py:4180} INFO - Setting next_dagrun for example_nested_branch_dag to 2026-04-20 00:00:00+00:00, run_after=2026-04-21 00:00:00+00:00
[2026-04-21T18:56:13.090+0530] {processor.py:208} INFO - Processing /home/ubantu/miniconda3/envs/airflow-dev/lib/python3.11/site-packages/airflow/example_dags/example_nested_branch_dag.py took 0.076 seconds
[2026-04-21T19:01:09.958+0530] {processor.py:186} INFO - Started process (PID=6543) to work on /home/ubantu/miniconda3/envs/airflow-dev/lib/python3.11/site-packages/airflow/example_dags/example_nested_branch_dag.py
[2026-04-21T19:01:09.960+0530] {processor.py:914} INFO - Processing file /home/ubantu/miniconda3/envs/airflow-dev/lib/python3.11/site-packages/airflow/example_dags/example_nested_branch_dag.py for tasks to queue
[2026-04-21T19:01:09.961+0530] {logging_mixin.py:190} INFO - [2026-04-21T19:01:09.960+0530] {dagbag.py:588} INFO - Filling up the DagBag from /home/ubantu/miniconda3/envs/airflow-dev/lib/python3.11/site-packages/airflow/example_dags/example_nested_branch_dag.py
[2026-04-21T19:01:09.970+0530] {processor.py:925} INFO - DAG(s) 'example_nested_branch_dag' retrieved from /home/ubantu/miniconda3/envs/airflow-dev/lib/python3.11/site-packages/airflow/example_dags/example_nested_branch_dag.py
[2026-04-21T19:01:09.988+0530] {logging_mixin.py:190} INFO - [2026-04-21T19:01:09.988+0530] {dag.py:3239} INFO - Sync 1 DAGs
[2026-04-21T19:01:10.005+0530] {logging_mixin.py:190} INFO - [2026-04-21T19:01:10.005+0530] {dag.py:4180} INFO - Setting next_dagrun for example_nested_branch_dag to 2026-04-20 00:00:00+00:00, run_after=2026-04-21 00:00:00+00:00
[2026-04-21T19:01:10.021+0530] {processor.py:208} INFO - Processing /home/ubantu/miniconda3/envs/airflow-dev/lib/python3.11/site-packages/airflow/example_dags/example_nested_branch_dag.py took 0.068 seconds
[2026-04-21T19:02:59.702+0530] {processor.py:186} INFO - Started process (PID=6683) to work on /home/ubantu/miniconda3/envs/airflow-dev/lib/python3.11/site-packages/airflow/example_dags/example_nested_branch_dag.py
[2026-04-21T19:02:59.703+0530] {processor.py:914} INFO - Processing file /home/ubantu/miniconda3/envs/airflow-dev/lib/python3.11/site-packages/airflow/example_dags/example_nested_branch_dag.py for tasks to queue
[2026-04-21T19:02:59.704+0530] {logging_mixin.py:190} INFO - [2026-04-21T19:02:59.704+0530] {dagbag.py:588} INFO - Filling up the DagBag from /home/ubantu/miniconda3/envs/airflow-dev/lib/python3.11/site-packages/airflow/example_dags/example_nested_branch_dag.py
[2026-04-21T19:02:59.715+0530] {processor.py:925} INFO - DAG(s) 'example_nested_branch_dag' retrieved from /home/ubantu/miniconda3/envs/airflow-dev/lib/python3.11/site-packages/airflow/example_dags/example_nested_branch_dag.py
[2026-04-21T19:02:59.732+0530] {logging_mixin.py:190} INFO - [2026-04-21T19:02:59.732+0530] {dag.py:3239} INFO - Sync 1 DAGs
[2026-04-21T19:02:59.748+0530] {logging_mixin.py:190} INFO - [2026-04-21T19:02:59.748+0530] {dag.py:4180} INFO - Setting next_dagrun for example_nested_branch_dag to 2026-04-20 00:00:00+00:00, run_after=2026-04-21 00:00:00+00:00
[2026-04-21T19:02:59.764+0530] {processor.py:208} INFO - Processing /home/ubantu/miniconda3/envs/airflow-dev/lib/python3.11/site-packages/airflow/example_dags/example_nested_branch_dag.py took 0.069 seconds
[2026-04-21T19:05:41.879+0530] {processor.py:186} INFO - Started process (PID=6838) to work on /home/ubantu/miniconda3/envs/airflow-dev/lib/python3.11/site-packages/airflow/example_dags/example_nested_branch_dag.py
[2026-04-21T19:05:41.880+0530] {processor.py:914} INFO - Processing file /home/ubantu/miniconda3/envs/airflow-dev/lib/python3.11/site-packages/airflow/example_dags/example_nested_branch_dag.py for tasks to queue
[2026-04-21T19:05:41.881+0530] {logging_mixin.py:190} INFO - [2026-04-21T19:05:41.881+0530] {dagbag.py:588} INFO - Filling up the DagBag from /home/ubantu/miniconda3/envs/airflow-dev/lib/python3.11/site-packages/airflow/example_dags/example_nested_branch_dag.py
[2026-04-21T19:05:41.892+0530] {processor.py:925} INFO - DAG(s) 'example_nested_branch_dag' retrieved from /home/ubantu/miniconda3/envs/airflow-dev/lib/python3.11/site-packages/airflow/example_dags/example_nested_branch_dag.py
[2026-04-21T19:05:41.913+0530] {logging_mixin.py:190} INFO - [2026-04-21T19:05:41.912+0530] {dag.py:3239} INFO - Sync 1 DAGs
[2026-04-21T19:05:41.930+0530] {logging_mixin.py:190} INFO - [2026-04-21T19:05:41.930+0530] {dag.py:4180} INFO - Setting next_dagrun for example_nested_branch_dag to 2026-04-20 00:00:00+00:00, run_after=2026-04-21 00:00:00+00:00
[2026-04-21T19:05:41.946+0530] {processor.py:208} INFO - Processing /home/ubantu/miniconda3/envs/airflow-dev/lib/python3.11/site-packages/airflow/example_dags/example_nested_branch_dag.py took 0.074 seconds
[2026-04-21T19:07:31.721+0530] {processor.py:186} INFO - Started process (PID=6999) to work on /home/ubantu/miniconda3/envs/airflow-dev/lib/python3.11/site-packages/airflow/example_dags/example_nested_branch_dag.py
[2026-04-21T19:07:31.722+0530] {processor.py:914} INFO - Processing file /home/ubantu/miniconda3/envs/airflow-dev/lib/python3.11/site-packages/airflow/example_dags/example_nested_branch_dag.py for tasks to queue
[2026-04-21T19:07:31.723+0530] {logging_mixin.py:190} INFO - [2026-04-21T19:07:31.723+0530] {dagbag.py:588} INFO - Filling up the DagBag from /home/ubantu/miniconda3/envs/airflow-dev/lib/python3.11/site-packages/airflow/example_dags/example_nested_branch_dag.py
[2026-04-21T19:07:31.732+0530] {processor.py:925} INFO - DAG(s) 'example_nested_branch_dag' retrieved from /home/ubantu/miniconda3/envs/airflow-dev/lib/python3.11/site-packages/airflow/example_dags/example_nested_branch_dag.py
[2026-04-21T19:07:31.749+0530] {logging_mixin.py:190} INFO - [2026-04-21T19:07:31.749+0530] {dag.py:3239} INFO - Sync 1 DAGs
[2026-04-21T19:07:31.765+0530] {logging_mixin.py:190} INFO - [2026-04-21T19:07:31.765+0530] {dag.py:4180} INFO - Setting next_dagrun for example_nested_branch_dag to 2026-04-20 00:00:00+00:00, run_after=2026-04-21 00:00:00+00:00
[2026-04-21T19:07:31.780+0530] {processor.py:208} INFO - Processing /home/ubantu/miniconda3/envs/airflow-dev/lib/python3.11/site-packages/airflow/example_dags/example_nested_branch_dag.py took 0.066 seconds
[2026-04-21T19:08:48.694+0530] {processor.py:186} INFO - Started process (PID=7099) to work on /home/ubantu/miniconda3/envs/airflow-dev/lib/python3.11/site-packages/airflow/example_dags/example_nested_branch_dag.py
[2026-04-21T19:08:48.695+0530] {processor.py:914} INFO - Processing file /home/ubantu/miniconda3/envs/airflow-dev/lib/python3.11/site-packages/airflow/example_dags/example_nested_branch_dag.py for tasks to queue
[2026-04-21T19:08:48.697+0530] {logging_mixin.py:190} INFO - [2026-04-21T19:08:48.696+0530] {dagbag.py:588} INFO - Filling up the DagBag from /home/ubantu/miniconda3/envs/airflow-dev/lib/python3.11/site-packages/airflow/example_dags/example_nested_branch_dag.py
[2026-04-21T19:08:48.707+0530] {processor.py:925} INFO - DAG(s) 'example_nested_branch_dag' retrieved from /home/ubantu/miniconda3/envs/airflow-dev/lib/python3.11/site-packages/airflow/example_dags/example_nested_branch_dag.py
[2026-04-21T19:08:48.726+0530] {logging_mixin.py:190} INFO - [2026-04-21T19:08:48.726+0530] {dag.py:3239} INFO - Sync 1 DAGs
[2026-04-21T19:08:48.744+0530] {logging_mixin.py:190} INFO - [2026-04-21T19:08:48.744+0530] {dag.py:4180} INFO - Setting next_dagrun for example_nested_branch_dag to 2026-04-20 00:00:00+00:00, run_after=2026-04-21 00:00:00+00:00
[2026-04-21T19:08:48.763+0530] {processor.py:208} INFO - Processing /home/ubantu/miniconda3/envs/airflow-dev/lib/python3.11/site-packages/airflow/example_dags/example_nested_branch_dag.py took 0.075 seconds
[2026-04-21T19:10:07.456+0530] {processor.py:186} INFO - Started process (PID=7201) to work on /home/ubantu/miniconda3/envs/airflow-dev/lib/python3.11/site-packages/airflow/example_dags/example_nested_branch_dag.py
[2026-04-21T19:10:07.458+0530] {processor.py:914} INFO - Processing file /home/ubantu/miniconda3/envs/airflow-dev/lib/python3.11/site-packages/airflow/example_dags/example_nested_branch_dag.py for tasks to queue
[2026-04-21T19:10:07.459+0530] {logging_mixin.py:190} INFO - [2026-04-21T19:10:07.459+0530] {dagbag.py:588} INFO - Filling up the DagBag from /home/ubantu/miniconda3/envs/airflow-dev/lib/python3.11/site-packages/airflow/example_dags/example_nested_branch_dag.py
[2026-04-21T19:10:07.468+0530] {processor.py:925} INFO - DAG(s) 'example_nested_branch_dag' retrieved from /home/ubantu/miniconda3/envs/airflow-dev/lib/python3.11/site-packages/airflow/example_dags/example_nested_branch_dag.py
[2026-04-21T19:10:07.485+0530] {logging_mixin.py:190} INFO - [2026-04-21T19:10:07.485+0530] {dag.py:3239} INFO - Sync 1 DAGs
[2026-04-21T19:10:07.500+0530] {logging_mixin.py:190} INFO - [2026-04-21T19:10:07.500+0530] {dag.py:4180} INFO - Setting next_dagrun for example_nested_branch_dag to 2026-04-20 00:00:00+00:00, run_after=2026-04-21 00:00:00+00:00
[2026-04-21T19:10:07.516+0530] {processor.py:208} INFO - Processing /home/ubantu/miniconda3/envs/airflow-dev/lib/python3.11/site-packages/airflow/example_dags/example_nested_branch_dag.py took 0.065 seconds
[2026-04-21T19:11:25.856+0530] {processor.py:186} INFO - Started process (PID=7307) to work on /home/ubantu/miniconda3/envs/airflow-dev/lib/python3.11/site-packages/airflow/example_dags/example_nested_branch_dag.py
[2026-04-21T19:11:25.857+0530] {processor.py:914} INFO - Processing file /home/ubantu/miniconda3/envs/airflow-dev/lib/python3.11/site-packages/airflow/example_dags/example_nested_branch_dag.py for tasks to queue
[2026-04-21T19:11:25.858+0530] {logging_mixin.py:190} INFO - [2026-04-21T19:11:25.858+0530] {dagbag.py:588} INFO - Filling up the DagBag from /home/ubantu/miniconda3/envs/airflow-dev/lib/python3.11/site-packages/airflow/example_dags/example_nested_branch_dag.py
[2026-04-21T19:11:25.867+0530] {processor.py:925} INFO - DAG(s) 'example_nested_branch_dag' retrieved from /home/ubantu/miniconda3/envs/airflow-dev/lib/python3.11/site-packages/airflow/example_dags/example_nested_branch_dag.py
[2026-04-21T19:11:25.884+0530] {logging_mixin.py:190} INFO - [2026-04-21T19:11:25.884+0530] {dag.py:3239} INFO - Sync 1 DAGs
[2026-04-21T19:11:25.900+0530] {logging_mixin.py:190} INFO - [2026-04-21T19:11:25.900+0530] {dag.py:4180} INFO - Setting next_dagrun for example_nested_branch_dag to 2026-04-20 00:00:00+00:00, run_after=2026-04-21 00:00:00+00:00
[2026-04-21T19:11:25.916+0530] {processor.py:208} INFO - Processing /home/ubantu/miniconda3/envs/airflow-dev/lib/python3.11/site-packages/airflow/example_dags/example_nested_branch_dag.py took 0.066 seconds
[2026-04-21T19:12:43.999+0530] {processor.py:186} INFO - Started process (PID=7396) to work on /home/ubantu/miniconda3/envs/airflow-dev/lib/python3.11/site-packages/airflow/example_dags/example_nested_branch_dag.py
[2026-04-21T19:12:44.000+0530] {processor.py:914} INFO - Processing file /home/ubantu/miniconda3/envs/airflow-dev/lib/python3.11/site-packages/airflow/example_dags/example_nested_branch_dag.py for tasks to queue
[2026-04-21T19:12:44.002+0530] {logging_mixin.py:190} INFO - [2026-04-21T19:12:44.002+0530] {dagbag.py:588} INFO - Filling up the DagBag from /home/ubantu/miniconda3/envs/airflow-dev/lib/python3.11/site-packages/airflow/example_dags/example_nested_branch_dag.py
[2026-04-21T19:12:44.016+0530] {processor.py:925} INFO - DAG(s) 'example_nested_branch_dag' retrieved from /home/ubantu/miniconda3/envs/airflow-dev/lib/python3.11/site-packages/airflow/example_dags/example_nested_branch_dag.py
[2026-04-21T19:12:44.039+0530] {logging_mixin.py:190} INFO - [2026-04-21T19:12:44.039+0530] {dag.py:3239} INFO - Sync 1 DAGs
[2026-04-21T19:12:44.057+0530] {logging_mixin.py:190} INFO - [2026-04-21T19:12:44.056+0530] {dag.py:4180} INFO - Setting next_dagrun for example_nested_branch_dag to 2026-04-20 00:00:00+00:00, run_after=2026-04-21 00:00:00+00:00
[2026-04-21T19:12:44.075+0530] {processor.py:208} INFO - Processing /home/ubantu/miniconda3/envs/airflow-dev/lib/python3.11/site-packages/airflow/example_dags/example_nested_branch_dag.py took 0.083 seconds
[2026-04-21T19:14:05.566+0530] {processor.py:186} INFO - Started process (PID=7528) to work on /home/ubantu/miniconda3/envs/airflow-dev/lib/python3.11/site-packages/airflow/example_dags/example_nested_branch_dag.py
[2026-04-21T19:14:05.567+0530] {processor.py:914} INFO - Processing file /home/ubantu/miniconda3/envs/airflow-dev/lib/python3.11/site-packages/airflow/example_dags/example_nested_branch_dag.py for tasks to queue
[2026-04-21T19:14:05.568+0530] {logging_mixin.py:190} INFO - [2026-04-21T19:14:05.568+0530] {dagbag.py:588} INFO - Filling up the DagBag from /home/ubantu/miniconda3/envs/airflow-dev/lib/python3.11/site-packages/airflow/example_dags/example_nested_branch_dag.py
[2026-04-21T19:14:05.578+0530] {processor.py:925} INFO - DAG(s) 'example_nested_branch_dag' retrieved from /home/ubantu/miniconda3/envs/airflow-dev/lib/python3.11/site-packages/airflow/example_dags/example_nested_branch_dag.py
[2026-04-21T19:14:05.595+0530] {logging_mixin.py:190} INFO - [2026-04-21T19:14:05.595+0530] {dag.py:3239} INFO - Sync 1 DAGs
[2026-04-21T19:14:05.611+0530] {logging_mixin.py:190} INFO - [2026-04-21T19:14:05.611+0530] {dag.py:4180} INFO - Setting next_dagrun for example_nested_branch_dag to 2026-04-20 00:00:00+00:00, run_after=2026-04-21 00:00:00+00:00
[2026-04-21T19:14:05.627+0530] {processor.py:208} INFO - Processing /home/ubantu/miniconda3/envs/airflow-dev/lib/python3.11/site-packages/airflow/example_dags/example_nested_branch_dag.py took 0.067 seconds
[2026-04-21T19:15:27.826+0530] {processor.py:186} INFO - Started process (PID=7644) to work on /home/ubantu/miniconda3/envs/airflow-dev/lib/python3.11/site-packages/airflow/example_dags/example_nested_branch_dag.py
[2026-04-21T19:15:27.827+0530] {processor.py:914} INFO - Processing file /home/ubantu/miniconda3/envs/airflow-dev/lib/python3.11/site-packages/airflow/example_dags/example_nested_branch_dag.py for tasks to queue
[2026-04-21T19:15:27.829+0530] {logging_mixin.py:190} INFO - [2026-04-21T19:15:27.828+0530] {dagbag.py:588} INFO - Filling up the DagBag from /home/ubantu/miniconda3/envs/airflow-dev/lib/python3.11/site-packages/airflow/example_dags/example_nested_branch_dag.py
[2026-04-21T19:15:27.841+0530] {processor.py:925} INFO - DAG(s) 'example_nested_branch_dag' retrieved from /home/ubantu/miniconda3/envs/airflow-dev/lib/python3.11/site-packages/airflow/example_dags/example_nested_branch_dag.py
[2026-04-21T19:15:27.859+0530] {logging_mixin.py:190} INFO - [2026-04-21T19:15:27.859+0530] {dag.py:3239} INFO - Sync 1 DAGs
[2026-04-21T19:15:27.875+0530] {logging_mixin.py:190} INFO - [2026-04-21T19:15:27.875+0530] {dag.py:4180} INFO - Setting next_dagrun for example_nested_branch_dag to 2026-04-20 00:00:00+00:00, run_after=2026-04-21 00:00:00+00:00
[2026-04-21T19:15:27.892+0530] {processor.py:208} INFO - Processing /home/ubantu/miniconda3/envs/airflow-dev/lib/python3.11/site-packages/airflow/example_dags/example_nested_branch_dag.py took 0.074 seconds
[2026-04-21T19:16:45.131+0530] {processor.py:186} INFO - Started process (PID=7791) to work on /home/ubantu/miniconda3/envs/airflow-dev/lib/python3.11/site-packages/airflow/example_dags/example_nested_branch_dag.py
[2026-04-21T19:16:45.133+0530] {processor.py:914} INFO - Processing file /home/ubantu/miniconda3/envs/airflow-dev/lib/python3.11/site-packages/airflow/example_dags/example_nested_branch_dag.py for tasks to queue
[2026-04-21T19:16:45.136+0530] {logging_mixin.py:190} INFO - [2026-04-21T19:16:45.135+0530] {dagbag.py:588} INFO - Filling up the DagBag from /home/ubantu/miniconda3/envs/airflow-dev/lib/python3.11/site-packages/airflow/example_dags/example_nested_branch_dag.py
[2026-04-21T19:16:45.155+0530] {processor.py:925} INFO - DAG(s) 'example_nested_branch_dag' retrieved from /home/ubantu/miniconda3/envs/airflow-dev/lib/python3.11/site-packages/airflow/example_dags/example_nested_branch_dag.py
[2026-04-21T19:16:45.186+0530] {logging_mixin.py:190} INFO - [2026-04-21T19:16:45.186+0530] {dag.py:3239} INFO - Sync 1 DAGs
[2026-04-21T19:16:45.210+0530] {logging_mixin.py:190} INFO - [2026-04-21T19:16:45.209+0530] {dag.py:4180} INFO - Setting next_dagrun for example_nested_branch_dag to 2026-04-20 00:00:00+00:00, run_after=2026-04-21 00:00:00+00:00
[2026-04-21T19:16:45.230+0530] {processor.py:208} INFO - Processing /home/ubantu/miniconda3/envs/airflow-dev/lib/python3.11/site-packages/airflow/example_dags/example_nested_branch_dag.py took 0.112 seconds
[2026-04-21T19:22:45.882+0530] {processor.py:186} INFO - Started process (PID=8355) to work on /home/ubantu/airflow-src/airflow/example_dags/example_nested_branch_dag.py
[2026-04-21T19:22:45.883+0530] {processor.py:914} INFO - Processing file /home/ubantu/airflow-src/airflow/example_dags/example_nested_branch_dag.py for tasks to queue
[2026-04-21T19:22:45.884+0530] {logging_mixin.py:190} INFO - [2026-04-21T19:22:45.884+0530] {dagbag.py:588} INFO - Filling up the DagBag from /home/ubantu/airflow-src/airflow/example_dags/example_nested_branch_dag.py
[2026-04-21T19:22:45.895+0530] {processor.py:925} INFO - DAG(s) 'example_nested_branch_dag' retrieved from /home/ubantu/airflow-src/airflow/example_dags/example_nested_branch_dag.py
[2026-04-21T19:22:45.949+0530] {logging_mixin.py:190} INFO - [2026-04-21T19:22:45.949+0530] {dag.py:3239} INFO - Sync 1 DAGs
[2026-04-21T19:22:45.963+0530] {logging_mixin.py:190} INFO - [2026-04-21T19:22:45.963+0530] {dag.py:4180} INFO - Setting next_dagrun for example_nested_branch_dag to 2026-04-20 00:00:00+00:00, run_after=2026-04-21 00:00:00+00:00
[2026-04-21T19:22:45.981+0530] {processor.py:208} INFO - Processing /home/ubantu/airflow-src/airflow/example_dags/example_nested_branch_dag.py took 0.104 seconds
[2026-04-21T19:25:35.108+0530] {processor.py:186} INFO - Started process (PID=8590) to work on /home/ubantu/airflow-src/airflow/example_dags/example_nested_branch_dag.py
[2026-04-21T19:25:35.110+0530] {processor.py:914} INFO - Processing file /home/ubantu/airflow-src/airflow/example_dags/example_nested_branch_dag.py for tasks to queue
[2026-04-21T19:25:35.111+0530] {logging_mixin.py:190} INFO - [2026-04-21T19:25:35.111+0530] {dagbag.py:588} INFO - Filling up the DagBag from /home/ubantu/airflow-src/airflow/example_dags/example_nested_branch_dag.py
[2026-04-21T19:25:35.124+0530] {processor.py:925} INFO - DAG(s) 'example_nested_branch_dag' retrieved from /home/ubantu/airflow-src/airflow/example_dags/example_nested_branch_dag.py
[2026-04-21T19:25:35.144+0530] {logging_mixin.py:190} INFO - [2026-04-21T19:25:35.144+0530] {dag.py:3239} INFO - Sync 1 DAGs
[2026-04-21T19:25:35.163+0530] {logging_mixin.py:190} INFO - [2026-04-21T19:25:35.163+0530] {dag.py:4180} INFO - Setting next_dagrun for example_nested_branch_dag to 2026-04-20 00:00:00+00:00, run_after=2026-04-21 00:00:00+00:00
[2026-04-21T19:25:35.180+0530] {processor.py:208} INFO - Processing /home/ubantu/airflow-src/airflow/example_dags/example_nested_branch_dag.py took 0.079 seconds
