[2026-04-21T18:46:09.157+0530] {processor.py:186} INFO - Started process (PID=5441) to work on /home/ubantu/miniconda3/envs/airflow-dev/lib/python3.11/site-packages/airflow/example_dags/example_python_decorator.py
[2026-04-21T18:46:09.158+0530] {processor.py:914} INFO - Processing file /home/ubantu/miniconda3/envs/airflow-dev/lib/python3.11/site-packages/airflow/example_dags/example_python_decorator.py for tasks to queue
[2026-04-21T18:46:09.161+0530] {logging_mixin.py:190} INFO - [2026-04-21T18:46:09.160+0530] {dagbag.py:588} INFO - Filling up the DagBag from /home/ubantu/miniconda3/envs/airflow-dev/lib/python3.11/site-packages/airflow/example_dags/example_python_decorator.py
[2026-04-21T18:46:09.172+0530] {logging_mixin.py:190} INFO - [2026-04-21T18:46:09.172+0530] {example_python_decorator.py:80} WARNING - The virtalenv_python example task requires virtualenv, please install it.
[2026-04-21T18:46:09.175+0530] {processor.py:925} INFO - DAG(s) 'example_python_decorator' retrieved from /home/ubantu/miniconda3/envs/airflow-dev/lib/python3.11/site-packages/airflow/example_dags/example_python_decorator.py
[2026-04-21T18:46:09.261+0530] {logging_mixin.py:190} INFO - [2026-04-21T18:46:09.261+0530] {dag.py:3239} INFO - Sync 1 DAGs
[2026-04-21T18:46:09.270+0530] {logging_mixin.py:190} INFO - [2026-04-21T18:46:09.270+0530] {dag.py:4180} INFO - Setting next_dagrun for example_python_decorator to None, run_after=None
[2026-04-21T18:46:09.288+0530] {processor.py:208} INFO - Processing /home/ubantu/miniconda3/envs/airflow-dev/lib/python3.11/site-packages/airflow/example_dags/example_python_decorator.py took 0.139 seconds
[2026-04-21T18:48:05.109+0530] {processor.py:186} INFO - Started process (PID=5627) to work on /home/ubantu/miniconda3/envs/airflow-dev/lib/python3.11/site-packages/airflow/example_dags/example_python_decorator.py
[2026-04-21T18:48:05.110+0530] {processor.py:914} INFO - Processing file /home/ubantu/miniconda3/envs/airflow-dev/lib/python3.11/site-packages/airflow/example_dags/example_python_decorator.py for tasks to queue
[2026-04-21T18:48:05.112+0530] {logging_mixin.py:190} INFO - [2026-04-21T18:48:05.112+0530] {dagbag.py:588} INFO - Filling up the DagBag from /home/ubantu/miniconda3/envs/airflow-dev/lib/python3.11/site-packages/airflow/example_dags/example_python_decorator.py
[2026-04-21T18:48:05.120+0530] {logging_mixin.py:190} INFO - [2026-04-21T18:48:05.120+0530] {example_python_decorator.py:80} WARNING - The virtalenv_python example task requires virtualenv, please install it.
[2026-04-21T18:48:05.122+0530] {processor.py:925} INFO - DAG(s) 'example_python_decorator' retrieved from /home/ubantu/miniconda3/envs/airflow-dev/lib/python3.11/site-packages/airflow/example_dags/example_python_decorator.py
[2026-04-21T18:48:05.137+0530] {logging_mixin.py:190} INFO - [2026-04-21T18:48:05.137+0530] {dag.py:3239} INFO - Sync 1 DAGs
[2026-04-21T18:48:05.149+0530] {logging_mixin.py:190} INFO - [2026-04-21T18:48:05.149+0530] {dag.py:4180} INFO - Setting next_dagrun for example_python_decorator to None, run_after=None
[2026-04-21T18:48:05.166+0530] {processor.py:208} INFO - Processing /home/ubantu/miniconda3/envs/airflow-dev/lib/python3.11/site-packages/airflow/example_dags/example_python_decorator.py took 0.062 seconds
[2026-04-21T18:49:30.502+0530] {processor.py:186} INFO - Started process (PID=5734) to work on /home/ubantu/miniconda3/envs/airflow-dev/lib/python3.11/site-packages/airflow/example_dags/example_python_decorator.py
[2026-04-21T18:49:30.503+0530] {processor.py:914} INFO - Processing file /home/ubantu/miniconda3/envs/airflow-dev/lib/python3.11/site-packages/airflow/example_dags/example_python_decorator.py for tasks to queue
[2026-04-21T18:49:30.506+0530] {logging_mixin.py:190} INFO - [2026-04-21T18:49:30.505+0530] {dagbag.py:588} INFO - Filling up the DagBag from /home/ubantu/miniconda3/envs/airflow-dev/lib/python3.11/site-packages/airflow/example_dags/example_python_decorator.py
[2026-04-21T18:49:30.621+0530] {logging_mixin.py:190} INFO - [2026-04-21T18:49:30.621+0530] {example_python_decorator.py:80} WARNING - The virtalenv_python example task requires virtualenv, please install it.
[2026-04-21T18:49:30.623+0530] {processor.py:925} INFO - DAG(s) 'example_python_decorator' retrieved from /home/ubantu/miniconda3/envs/airflow-dev/lib/python3.11/site-packages/airflow/example_dags/example_python_decorator.py
[2026-04-21T18:49:30.634+0530] {logging_mixin.py:190} INFO - [2026-04-21T18:49:30.634+0530] {dag.py:3239} INFO - Sync 1 DAGs
[2026-04-21T18:49:30.643+0530] {logging_mixin.py:190} INFO - [2026-04-21T18:49:30.643+0530] {dag.py:4180} INFO - Setting next_dagrun for example_python_decorator to None, run_after=None
[2026-04-21T18:49:30.659+0530] {processor.py:208} INFO - Processing /home/ubantu/miniconda3/envs/airflow-dev/lib/python3.11/site-packages/airflow/example_dags/example_python_decorator.py took 0.164 seconds
[2026-04-21T18:50:49.668+0530] {processor.py:186} INFO - Started process (PID=5851) to work on /home/ubantu/miniconda3/envs/airflow-dev/lib/python3.11/site-packages/airflow/example_dags/example_python_decorator.py
[2026-04-21T18:50:49.669+0530] {processor.py:914} INFO - Processing file /home/ubantu/miniconda3/envs/airflow-dev/lib/python3.11/site-packages/airflow/example_dags/example_python_decorator.py for tasks to queue
[2026-04-21T18:50:49.671+0530] {logging_mixin.py:190} INFO - [2026-04-21T18:50:49.671+0530] {dagbag.py:588} INFO - Filling up the DagBag from /home/ubantu/miniconda3/envs/airflow-dev/lib/python3.11/site-packages/airflow/example_dags/example_python_decorator.py
[2026-04-21T18:50:49.681+0530] {logging_mixin.py:190} INFO - [2026-04-21T18:50:49.681+0530] {example_python_decorator.py:80} WARNING - The virtalenv_python example task requires virtualenv, please install it.
[2026-04-21T18:50:49.684+0530] {processor.py:925} INFO - DAG(s) 'example_python_decorator' retrieved from /home/ubantu/miniconda3/envs/airflow-dev/lib/python3.11/site-packages/airflow/example_dags/example_python_decorator.py
[2026-04-21T18:50:49.703+0530] {logging_mixin.py:190} INFO - [2026-04-21T18:50:49.703+0530] {dag.py:3239} INFO - Sync 1 DAGs
[2026-04-21T18:50:49.716+0530] {logging_mixin.py:190} INFO - [2026-04-21T18:50:49.715+0530] {dag.py:4180} INFO - Setting next_dagrun for example_python_decorator to None, run_after=None
[2026-04-21T18:50:49.734+0530] {processor.py:208} INFO - Processing /home/ubantu/miniconda3/envs/airflow-dev/lib/python3.11/site-packages/airflow/example_dags/example_python_decorator.py took 0.072 seconds
[2026-04-21T18:52:11.636+0530] {processor.py:186} INFO - Started process (PID=5954) to work on /home/ubantu/miniconda3/envs/airflow-dev/lib/python3.11/site-packages/airflow/example_dags/example_python_decorator.py
[2026-04-21T18:52:11.637+0530] {processor.py:914} INFO - Processing file /home/ubantu/miniconda3/envs/airflow-dev/lib/python3.11/site-packages/airflow/example_dags/example_python_decorator.py for tasks to queue
[2026-04-21T18:52:11.640+0530] {logging_mixin.py:190} INFO - [2026-04-21T18:52:11.639+0530] {dagbag.py:588} INFO - Filling up the DagBag from /home/ubantu/miniconda3/envs/airflow-dev/lib/python3.11/site-packages/airflow/example_dags/example_python_decorator.py
[2026-04-21T18:52:11.651+0530] {logging_mixin.py:190} INFO - [2026-04-21T18:52:11.650+0530] {example_python_decorator.py:80} WARNING - The virtalenv_python example task requires virtualenv, please install it.
[2026-04-21T18:52:11.653+0530] {processor.py:925} INFO - DAG(s) 'example_python_decorator' retrieved from /home/ubantu/miniconda3/envs/airflow-dev/lib/python3.11/site-packages/airflow/example_dags/example_python_decorator.py
[2026-04-21T18:52:11.672+0530] {logging_mixin.py:190} INFO - [2026-04-21T18:52:11.672+0530] {dag.py:3239} INFO - Sync 1 DAGs
[2026-04-21T18:52:11.684+0530] {logging_mixin.py:190} INFO - [2026-04-21T18:52:11.684+0530] {dag.py:4180} INFO - Setting next_dagrun for example_python_decorator to None, run_after=None
[2026-04-21T18:52:11.702+0530] {processor.py:208} INFO - Processing /home/ubantu/miniconda3/envs/airflow-dev/lib/python3.11/site-packages/airflow/example_dags/example_python_decorator.py took 0.074 seconds
[2026-04-21T18:53:28.277+0530] {processor.py:186} INFO - Started process (PID=6068) to work on /home/ubantu/miniconda3/envs/airflow-dev/lib/python3.11/site-packages/airflow/example_dags/example_python_decorator.py
[2026-04-21T18:53:28.278+0530] {processor.py:914} INFO - Processing file /home/ubantu/miniconda3/envs/airflow-dev/lib/python3.11/site-packages/airflow/example_dags/example_python_decorator.py for tasks to queue
[2026-04-21T18:53:28.281+0530] {logging_mixin.py:190} INFO - [2026-04-21T18:53:28.280+0530] {dagbag.py:588} INFO - Filling up the DagBag from /home/ubantu/miniconda3/envs/airflow-dev/lib/python3.11/site-packages/airflow/example_dags/example_python_decorator.py
[2026-04-21T18:53:28.291+0530] {logging_mixin.py:190} INFO - [2026-04-21T18:53:28.290+0530] {example_python_decorator.py:80} WARNING - The virtalenv_python example task requires virtualenv, please install it.
[2026-04-21T18:53:28.293+0530] {processor.py:925} INFO - DAG(s) 'example_python_decorator' retrieved from /home/ubantu/miniconda3/envs/airflow-dev/lib/python3.11/site-packages/airflow/example_dags/example_python_decorator.py
[2026-04-21T18:53:28.309+0530] {logging_mixin.py:190} INFO - [2026-04-21T18:53:28.309+0530] {dag.py:3239} INFO - Sync 1 DAGs
[2026-04-21T18:53:28.321+0530] {logging_mixin.py:190} INFO - [2026-04-21T18:53:28.321+0530] {dag.py:4180} INFO - Setting next_dagrun for example_python_decorator to None, run_after=None
[2026-04-21T18:53:28.341+0530] {processor.py:208} INFO - Processing /home/ubantu/miniconda3/envs/airflow-dev/lib/python3.11/site-packages/airflow/example_dags/example_python_decorator.py took 0.070 seconds
[2026-04-21T18:54:47.950+0530] {processor.py:186} INFO - Started process (PID=6186) to work on /home/ubantu/miniconda3/envs/airflow-dev/lib/python3.11/site-packages/airflow/example_dags/example_python_decorator.py
[2026-04-21T18:54:47.951+0530] {processor.py:914} INFO - Processing file /home/ubantu/miniconda3/envs/airflow-dev/lib/python3.11/site-packages/airflow/example_dags/example_python_decorator.py for tasks to queue
[2026-04-21T18:54:47.953+0530] {logging_mixin.py:190} INFO - [2026-04-21T18:54:47.952+0530] {dagbag.py:588} INFO - Filling up the DagBag from /home/ubantu/miniconda3/envs/airflow-dev/lib/python3.11/site-packages/airflow/example_dags/example_python_decorator.py
[2026-04-21T18:54:47.961+0530] {logging_mixin.py:190} INFO - [2026-04-21T18:54:47.961+0530] {example_python_decorator.py:80} WARNING - The virtalenv_python example task requires virtualenv, please install it.
[2026-04-21T18:54:47.963+0530] {processor.py:925} INFO - DAG(s) 'example_python_decorator' retrieved from /home/ubantu/miniconda3/envs/airflow-dev/lib/python3.11/site-packages/airflow/example_dags/example_python_decorator.py
[2026-04-21T18:54:47.978+0530] {logging_mixin.py:190} INFO - [2026-04-21T18:54:47.978+0530] {dag.py:3239} INFO - Sync 1 DAGs
[2026-04-21T18:54:47.989+0530] {logging_mixin.py:190} INFO - [2026-04-21T18:54:47.989+0530] {dag.py:4180} INFO - Setting next_dagrun for example_python_decorator to None, run_after=None
[2026-04-21T18:54:48.008+0530] {processor.py:208} INFO - Processing /home/ubantu/miniconda3/envs/airflow-dev/lib/python3.11/site-packages/airflow/example_dags/example_python_decorator.py took 0.063 seconds
[2026-04-21T18:56:07.686+0530] {processor.py:186} INFO - Started process (PID=6294) to work on /home/ubantu/miniconda3/envs/airflow-dev/lib/python3.11/site-packages/airflow/example_dags/example_python_decorator.py
[2026-04-21T18:56:07.687+0530] {processor.py:914} INFO - Processing file /home/ubantu/miniconda3/envs/airflow-dev/lib/python3.11/site-packages/airflow/example_dags/example_python_decorator.py for tasks to queue
[2026-04-21T18:56:07.690+0530] {logging_mixin.py:190} INFO - [2026-04-21T18:56:07.690+0530] {dagbag.py:588} INFO - Filling up the DagBag from /home/ubantu/miniconda3/envs/airflow-dev/lib/python3.11/site-packages/airflow/example_dags/example_python_decorator.py
[2026-04-21T18:56:07.704+0530] {logging_mixin.py:190} INFO - [2026-04-21T18:56:07.703+0530] {example_python_decorator.py:80} WARNING - The virtalenv_python example task requires virtualenv, please install it.
[2026-04-21T18:56:07.707+0530] {processor.py:925} INFO - DAG(s) 'example_python_decorator' retrieved from /home/ubantu/miniconda3/envs/airflow-dev/lib/python3.11/site-packages/airflow/example_dags/example_python_decorator.py
[2026-04-21T18:56:07.729+0530] {logging_mixin.py:190} INFO - [2026-04-21T18:56:07.729+0530] {dag.py:3239} INFO - Sync 1 DAGs
[2026-04-21T18:56:07.740+0530] {logging_mixin.py:190} INFO - [2026-04-21T18:56:07.740+0530] {dag.py:4180} INFO - Setting next_dagrun for example_python_decorator to None, run_after=None
[2026-04-21T18:56:07.762+0530] {processor.py:208} INFO - Processing /home/ubantu/miniconda3/envs/airflow-dev/lib/python3.11/site-packages/airflow/example_dags/example_python_decorator.py took 0.084 seconds
[2026-04-21T18:57:25.718+0530] {processor.py:186} INFO - Started process (PID=6404) to work on /home/ubantu/miniconda3/envs/airflow-dev/lib/python3.11/site-packages/airflow/example_dags/example_python_decorator.py
[2026-04-21T18:57:25.719+0530] {processor.py:914} INFO - Processing file /home/ubantu/miniconda3/envs/airflow-dev/lib/python3.11/site-packages/airflow/example_dags/example_python_decorator.py for tasks to queue
[2026-04-21T18:57:25.721+0530] {logging_mixin.py:190} INFO - [2026-04-21T18:57:25.720+0530] {dagbag.py:588} INFO - Filling up the DagBag from /home/ubantu/miniconda3/envs/airflow-dev/lib/python3.11/site-packages/airflow/example_dags/example_python_decorator.py
[2026-04-21T18:57:25.730+0530] {logging_mixin.py:190} INFO - [2026-04-21T18:57:25.729+0530] {example_python_decorator.py:80} WARNING - The virtalenv_python example task requires virtualenv, please install it.
[2026-04-21T18:57:25.732+0530] {processor.py:925} INFO - DAG(s) 'example_python_decorator' retrieved from /home/ubantu/miniconda3/envs/airflow-dev/lib/python3.11/site-packages/airflow/example_dags/example_python_decorator.py
[2026-04-21T18:57:25.748+0530] {logging_mixin.py:190} INFO - [2026-04-21T18:57:25.748+0530] {dag.py:3239} INFO - Sync 1 DAGs
[2026-04-21T18:57:25.759+0530] {logging_mixin.py:190} INFO - [2026-04-21T18:57:25.759+0530] {dag.py:4180} INFO - Setting next_dagrun for example_python_decorator to None, run_after=None
[2026-04-21T18:57:25.777+0530] {processor.py:208} INFO - Processing /home/ubantu/miniconda3/envs/airflow-dev/lib/python3.11/site-packages/airflow/example_dags/example_python_decorator.py took 0.065 seconds
[2026-04-21T19:01:04.731+0530] {processor.py:186} INFO - Started process (PID=6538) to work on /home/ubantu/miniconda3/envs/airflow-dev/lib/python3.11/site-packages/airflow/example_dags/example_python_decorator.py
[2026-04-21T19:01:04.732+0530] {processor.py:914} INFO - Processing file /home/ubantu/miniconda3/envs/airflow-dev/lib/python3.11/site-packages/airflow/example_dags/example_python_decorator.py for tasks to queue
[2026-04-21T19:01:04.734+0530] {logging_mixin.py:190} INFO - [2026-04-21T19:01:04.733+0530] {dagbag.py:588} INFO - Filling up the DagBag from /home/ubantu/miniconda3/envs/airflow-dev/lib/python3.11/site-packages/airflow/example_dags/example_python_decorator.py
[2026-04-21T19:01:04.743+0530] {logging_mixin.py:190} INFO - [2026-04-21T19:01:04.743+0530] {example_python_decorator.py:80} WARNING - The virtalenv_python example task requires virtualenv, please install it.
[2026-04-21T19:01:04.743+0530] {processor.py:925} INFO - DAG(s) 'example_python_decorator' retrieved from /home/ubantu/miniconda3/envs/airflow-dev/lib/python3.11/site-packages/airflow/example_dags/example_python_decorator.py
[2026-04-21T19:01:04.760+0530] {logging_mixin.py:190} INFO - [2026-04-21T19:01:04.760+0530] {dag.py:3239} INFO - Sync 1 DAGs
[2026-04-21T19:01:04.771+0530] {logging_mixin.py:190} INFO - [2026-04-21T19:01:04.771+0530] {dag.py:4180} INFO - Setting next_dagrun for example_python_decorator to None, run_after=None
[2026-04-21T19:01:04.788+0530] {processor.py:208} INFO - Processing /home/ubantu/miniconda3/envs/airflow-dev/lib/python3.11/site-packages/airflow/example_dags/example_python_decorator.py took 0.063 seconds
[2026-04-21T19:02:54.424+0530] {processor.py:186} INFO - Started process (PID=6673) to work on /home/ubantu/miniconda3/envs/airflow-dev/lib/python3.11/site-packages/airflow/example_dags/example_python_decorator.py
[2026-04-21T19:02:54.425+0530] {processor.py:914} INFO - Processing file /home/ubantu/miniconda3/envs/airflow-dev/lib/python3.11/site-packages/airflow/example_dags/example_python_decorator.py for tasks to queue
[2026-04-21T19:02:54.426+0530] {logging_mixin.py:190} INFO - [2026-04-21T19:02:54.426+0530] {dagbag.py:588} INFO - Filling up the DagBag from /home/ubantu/miniconda3/envs/airflow-dev/lib/python3.11/site-packages/airflow/example_dags/example_python_decorator.py
[2026-04-21T19:02:54.436+0530] {logging_mixin.py:190} INFO - [2026-04-21T19:02:54.436+0530] {example_python_decorator.py:80} WARNING - The virtalenv_python example task requires virtualenv, please install it.
[2026-04-21T19:02:54.437+0530] {processor.py:925} INFO - DAG(s) 'example_python_decorator' retrieved from /home/ubantu/miniconda3/envs/airflow-dev/lib/python3.11/site-packages/airflow/example_dags/example_python_decorator.py
[2026-04-21T19:02:54.455+0530] {logging_mixin.py:190} INFO - [2026-04-21T19:02:54.455+0530] {dag.py:3239} INFO - Sync 1 DAGs
[2026-04-21T19:02:54.467+0530] {logging_mixin.py:190} INFO - [2026-04-21T19:02:54.466+0530] {dag.py:4180} INFO - Setting next_dagrun for example_python_decorator to None, run_after=None
[2026-04-21T19:02:54.484+0530] {processor.py:208} INFO - Processing /home/ubantu/miniconda3/envs/airflow-dev/lib/python3.11/site-packages/airflow/example_dags/example_python_decorator.py took 0.068 seconds
[2026-04-21T19:05:36.888+0530] {processor.py:186} INFO - Started process (PID=6831) to work on /home/ubantu/miniconda3/envs/airflow-dev/lib/python3.11/site-packages/airflow/example_dags/example_python_decorator.py
[2026-04-21T19:05:36.890+0530] {processor.py:914} INFO - Processing file /home/ubantu/miniconda3/envs/airflow-dev/lib/python3.11/site-packages/airflow/example_dags/example_python_decorator.py for tasks to queue
[2026-04-21T19:05:36.891+0530] {logging_mixin.py:190} INFO - [2026-04-21T19:05:36.891+0530] {dagbag.py:588} INFO - Filling up the DagBag from /home/ubantu/miniconda3/envs/airflow-dev/lib/python3.11/site-packages/airflow/example_dags/example_python_decorator.py
[2026-04-21T19:05:36.903+0530] {logging_mixin.py:190} INFO - [2026-04-21T19:05:36.903+0530] {example_python_decorator.py:80} WARNING - The virtalenv_python example task requires virtualenv, please install it.
[2026-04-21T19:05:36.904+0530] {processor.py:925} INFO - DAG(s) 'example_python_decorator' retrieved from /home/ubantu/miniconda3/envs/airflow-dev/lib/python3.11/site-packages/airflow/example_dags/example_python_decorator.py
[2026-04-21T19:05:36.921+0530] {logging_mixin.py:190} INFO - [2026-04-21T19:05:36.921+0530] {dag.py:3239} INFO - Sync 1 DAGs
[2026-04-21T19:05:36.931+0530] {logging_mixin.py:190} INFO - [2026-04-21T19:05:36.931+0530] {dag.py:4180} INFO - Setting next_dagrun for example_python_decorator to None, run_after=None
[2026-04-21T19:05:36.948+0530] {processor.py:208} INFO - Processing /home/ubantu/miniconda3/envs/airflow-dev/lib/python3.11/site-packages/airflow/example_dags/example_python_decorator.py took 0.067 seconds
[2026-04-21T19:07:27.205+0530] {processor.py:186} INFO - Started process (PID=6989) to work on /home/ubantu/miniconda3/envs/airflow-dev/lib/python3.11/site-packages/airflow/example_dags/example_python_decorator.py
[2026-04-21T19:07:27.206+0530] {processor.py:914} INFO - Processing file /home/ubantu/miniconda3/envs/airflow-dev/lib/python3.11/site-packages/airflow/example_dags/example_python_decorator.py for tasks to queue
[2026-04-21T19:07:27.208+0530] {logging_mixin.py:190} INFO - [2026-04-21T19:07:27.207+0530] {dagbag.py:588} INFO - Filling up the DagBag from /home/ubantu/miniconda3/envs/airflow-dev/lib/python3.11/site-packages/airflow/example_dags/example_python_decorator.py
[2026-04-21T19:07:27.217+0530] {logging_mixin.py:190} INFO - [2026-04-21T19:07:27.217+0530] {example_python_decorator.py:80} WARNING - The virtalenv_python example task requires virtualenv, please install it.
[2026-04-21T19:07:27.218+0530] {processor.py:925} INFO - DAG(s) 'example_python_decorator' retrieved from /home/ubantu/miniconda3/envs/airflow-dev/lib/python3.11/site-packages/airflow/example_dags/example_python_decorator.py
[2026-04-21T19:07:27.234+0530] {logging_mixin.py:190} INFO - [2026-04-21T19:07:27.234+0530] {dag.py:3239} INFO - Sync 1 DAGs
[2026-04-21T19:07:27.245+0530] {logging_mixin.py:190} INFO - [2026-04-21T19:07:27.245+0530] {dag.py:4180} INFO - Setting next_dagrun for example_python_decorator to None, run_after=None
[2026-04-21T19:07:27.263+0530] {processor.py:208} INFO - Processing /home/ubantu/miniconda3/envs/airflow-dev/lib/python3.11/site-packages/airflow/example_dags/example_python_decorator.py took 0.065 seconds
[2026-04-21T19:08:43.758+0530] {processor.py:186} INFO - Started process (PID=7094) to work on /home/ubantu/miniconda3/envs/airflow-dev/lib/python3.11/site-packages/airflow/example_dags/example_python_decorator.py
[2026-04-21T19:08:43.759+0530] {processor.py:914} INFO - Processing file /home/ubantu/miniconda3/envs/airflow-dev/lib/python3.11/site-packages/airflow/example_dags/example_python_decorator.py for tasks to queue
[2026-04-21T19:08:43.760+0530] {logging_mixin.py:190} INFO - [2026-04-21T19:08:43.760+0530] {dagbag.py:588} INFO - Filling up the DagBag from /home/ubantu/miniconda3/envs/airflow-dev/lib/python3.11/site-packages/airflow/example_dags/example_python_decorator.py
[2026-04-21T19:08:43.769+0530] {logging_mixin.py:190} INFO - [2026-04-21T19:08:43.769+0530] {example_python_decorator.py:80} WARNING - The virtalenv_python example task requires virtualenv, please install it.
[2026-04-21T19:08:43.770+0530] {processor.py:925} INFO - DAG(s) 'example_python_decorator' retrieved from /home/ubantu/miniconda3/envs/airflow-dev/lib/python3.11/site-packages/airflow/example_dags/example_python_decorator.py
[2026-04-21T19:08:43.786+0530] {logging_mixin.py:190} INFO - [2026-04-21T19:08:43.786+0530] {dag.py:3239} INFO - Sync 1 DAGs
[2026-04-21T19:08:43.796+0530] {logging_mixin.py:190} INFO - [2026-04-21T19:08:43.796+0530] {dag.py:4180} INFO - Setting next_dagrun for example_python_decorator to None, run_after=None
[2026-04-21T19:08:43.814+0530] {processor.py:208} INFO - Processing /home/ubantu/miniconda3/envs/airflow-dev/lib/python3.11/site-packages/airflow/example_dags/example_python_decorator.py took 0.062 seconds
[2026-04-21T19:10:03.371+0530] {processor.py:186} INFO - Started process (PID=7196) to work on /home/ubantu/miniconda3/envs/airflow-dev/lib/python3.11/site-packages/airflow/example_dags/example_python_decorator.py
[2026-04-21T19:10:03.372+0530] {processor.py:914} INFO - Processing file /home/ubantu/miniconda3/envs/airflow-dev/lib/python3.11/site-packages/airflow/example_dags/example_python_decorator.py for tasks to queue
[2026-04-21T19:10:03.373+0530] {logging_mixin.py:190} INFO - [2026-04-21T19:10:03.373+0530] {dagbag.py:588} INFO - Filling up the DagBag from /home/ubantu/miniconda3/envs/airflow-dev/lib/python3.11/site-packages/airflow/example_dags/example_python_decorator.py
[2026-04-21T19:10:03.382+0530] {logging_mixin.py:190} INFO - [2026-04-21T19:10:03.382+0530] {example_python_decorator.py:80} WARNING - The virtalenv_python example task requires virtualenv, please install it.
[2026-04-21T19:10:03.383+0530] {processor.py:925} INFO - DAG(s) 'example_python_decorator' retrieved from /home/ubantu/miniconda3/envs/airflow-dev/lib/python3.11/site-packages/airflow/example_dags/example_python_decorator.py
[2026-04-21T19:10:03.400+0530] {logging_mixin.py:190} INFO - [2026-04-21T19:10:03.400+0530] {dag.py:3239} INFO - Sync 1 DAGs
[2026-04-21T19:10:03.410+0530] {logging_mixin.py:190} INFO - [2026-04-21T19:10:03.410+0530] {dag.py:4180} INFO - Setting next_dagrun for example_python_decorator to None, run_after=None
[2026-04-21T19:10:03.426+0530] {processor.py:208} INFO - Processing /home/ubantu/miniconda3/envs/airflow-dev/lib/python3.11/site-packages/airflow/example_dags/example_python_decorator.py took 0.062 seconds
[2026-04-21T19:11:21.437+0530] {processor.py:186} INFO - Started process (PID=7301) to work on /home/ubantu/miniconda3/envs/airflow-dev/lib/python3.11/site-packages/airflow/example_dags/example_python_decorator.py
[2026-04-21T19:11:21.438+0530] {processor.py:914} INFO - Processing file /home/ubantu/miniconda3/envs/airflow-dev/lib/python3.11/site-packages/airflow/example_dags/example_python_decorator.py for tasks to queue
[2026-04-21T19:11:21.439+0530] {logging_mixin.py:190} INFO - [2026-04-21T19:11:21.439+0530] {dagbag.py:588} INFO - Filling up the DagBag from /home/ubantu/miniconda3/envs/airflow-dev/lib/python3.11/site-packages/airflow/example_dags/example_python_decorator.py
[2026-04-21T19:11:21.446+0530] {logging_mixin.py:190} INFO - [2026-04-21T19:11:21.446+0530] {example_python_decorator.py:80} WARNING - The virtalenv_python example task requires virtualenv, please install it.
[2026-04-21T19:11:21.447+0530] {processor.py:925} INFO - DAG(s) 'example_python_decorator' retrieved from /home/ubantu/miniconda3/envs/airflow-dev/lib/python3.11/site-packages/airflow/example_dags/example_python_decorator.py
[2026-04-21T19:11:21.461+0530] {logging_mixin.py:190} INFO - [2026-04-21T19:11:21.461+0530] {dag.py:3239} INFO - Sync 1 DAGs
[2026-04-21T19:11:21.472+0530] {logging_mixin.py:190} INFO - [2026-04-21T19:11:21.471+0530] {dag.py:4180} INFO - Setting next_dagrun for example_python_decorator to None, run_after=None
[2026-04-21T19:11:21.488+0530] {processor.py:208} INFO - Processing /home/ubantu/miniconda3/envs/airflow-dev/lib/python3.11/site-packages/airflow/example_dags/example_python_decorator.py took 0.056 seconds
[2026-04-21T19:12:39.057+0530] {processor.py:186} INFO - Started process (PID=7391) to work on /home/ubantu/miniconda3/envs/airflow-dev/lib/python3.11/site-packages/airflow/example_dags/example_python_decorator.py
[2026-04-21T19:12:39.058+0530] {processor.py:914} INFO - Processing file /home/ubantu/miniconda3/envs/airflow-dev/lib/python3.11/site-packages/airflow/example_dags/example_python_decorator.py for tasks to queue
[2026-04-21T19:12:39.059+0530] {logging_mixin.py:190} INFO - [2026-04-21T19:12:39.059+0530] {dagbag.py:588} INFO - Filling up the DagBag from /home/ubantu/miniconda3/envs/airflow-dev/lib/python3.11/site-packages/airflow/example_dags/example_python_decorator.py
[2026-04-21T19:12:39.068+0530] {logging_mixin.py:190} INFO - [2026-04-21T19:12:39.067+0530] {example_python_decorator.py:80} WARNING - The virtalenv_python example task requires virtualenv, please install it.
[2026-04-21T19:12:39.068+0530] {processor.py:925} INFO - DAG(s) 'example_python_decorator' retrieved from /home/ubantu/miniconda3/envs/airflow-dev/lib/python3.11/site-packages/airflow/example_dags/example_python_decorator.py
[2026-04-21T19:12:39.083+0530] {logging_mixin.py:190} INFO - [2026-04-21T19:12:39.083+0530] {dag.py:3239} INFO - Sync 1 DAGs
[2026-04-21T19:12:39.093+0530] {logging_mixin.py:190} INFO - [2026-04-21T19:12:39.093+0530] {dag.py:4180} INFO - Setting next_dagrun for example_python_decorator to None, run_after=None
[2026-04-21T19:12:39.110+0530] {processor.py:208} INFO - Processing /home/ubantu/miniconda3/envs/airflow-dev/lib/python3.11/site-packages/airflow/example_dags/example_python_decorator.py took 0.058 seconds
[2026-04-21T19:13:59.767+0530] {processor.py:186} INFO - Started process (PID=7518) to work on /home/ubantu/miniconda3/envs/airflow-dev/lib/python3.11/site-packages/airflow/example_dags/example_python_decorator.py
[2026-04-21T19:13:59.769+0530] {processor.py:914} INFO - Processing file /home/ubantu/miniconda3/envs/airflow-dev/lib/python3.11/site-packages/airflow/example_dags/example_python_decorator.py for tasks to queue
[2026-04-21T19:13:59.770+0530] {logging_mixin.py:190} INFO - [2026-04-21T19:13:59.769+0530] {dagbag.py:588} INFO - Filling up the DagBag from /home/ubantu/miniconda3/envs/airflow-dev/lib/python3.11/site-packages/airflow/example_dags/example_python_decorator.py
[2026-04-21T19:13:59.778+0530] {logging_mixin.py:190} INFO - [2026-04-21T19:13:59.778+0530] {example_python_decorator.py:80} WARNING - The virtalenv_python example task requires virtualenv, please install it.
[2026-04-21T19:13:59.779+0530] {processor.py:925} INFO - DAG(s) 'example_python_decorator' retrieved from /home/ubantu/miniconda3/envs/airflow-dev/lib/python3.11/site-packages/airflow/example_dags/example_python_decorator.py
[2026-04-21T19:13:59.795+0530] {logging_mixin.py:190} INFO - [2026-04-21T19:13:59.795+0530] {dag.py:3239} INFO - Sync 1 DAGs
[2026-04-21T19:13:59.805+0530] {logging_mixin.py:190} INFO - [2026-04-21T19:13:59.805+0530] {dag.py:4180} INFO - Setting next_dagrun for example_python_decorator to None, run_after=None
[2026-04-21T19:13:59.824+0530] {processor.py:208} INFO - Processing /home/ubantu/miniconda3/envs/airflow-dev/lib/python3.11/site-packages/airflow/example_dags/example_python_decorator.py took 0.063 seconds
[2026-04-21T19:15:22.675+0530] {processor.py:186} INFO - Started process (PID=7630) to work on /home/ubantu/miniconda3/envs/airflow-dev/lib/python3.11/site-packages/airflow/example_dags/example_python_decorator.py
[2026-04-21T19:15:22.676+0530] {processor.py:914} INFO - Processing file /home/ubantu/miniconda3/envs/airflow-dev/lib/python3.11/site-packages/airflow/example_dags/example_python_decorator.py for tasks to queue
[2026-04-21T19:15:22.677+0530] {logging_mixin.py:190} INFO - [2026-04-21T19:15:22.677+0530] {dagbag.py:588} INFO - Filling up the DagBag from /home/ubantu/miniconda3/envs/airflow-dev/lib/python3.11/site-packages/airflow/example_dags/example_python_decorator.py
[2026-04-21T19:15:22.686+0530] {logging_mixin.py:190} INFO - [2026-04-21T19:15:22.686+0530] {example_python_decorator.py:80} WARNING - The virtalenv_python example task requires virtualenv, please install it.
[2026-04-21T19:15:22.686+0530] {processor.py:925} INFO - DAG(s) 'example_python_decorator' retrieved from /home/ubantu/miniconda3/envs/airflow-dev/lib/python3.11/site-packages/airflow/example_dags/example_python_decorator.py
[2026-04-21T19:15:22.702+0530] {logging_mixin.py:190} INFO - [2026-04-21T19:15:22.702+0530] {dag.py:3239} INFO - Sync 1 DAGs
[2026-04-21T19:15:22.713+0530] {logging_mixin.py:190} INFO - [2026-04-21T19:15:22.713+0530] {dag.py:4180} INFO - Setting next_dagrun for example_python_decorator to None, run_after=None
[2026-04-21T19:15:22.736+0530] {processor.py:208} INFO - Processing /home/ubantu/miniconda3/envs/airflow-dev/lib/python3.11/site-packages/airflow/example_dags/example_python_decorator.py took 0.067 seconds
[2026-04-21T19:16:40.247+0530] {processor.py:186} INFO - Started process (PID=7786) to work on /home/ubantu/miniconda3/envs/airflow-dev/lib/python3.11/site-packages/airflow/example_dags/example_python_decorator.py
[2026-04-21T19:16:40.249+0530] {processor.py:914} INFO - Processing file /home/ubantu/miniconda3/envs/airflow-dev/lib/python3.11/site-packages/airflow/example_dags/example_python_decorator.py for tasks to queue
[2026-04-21T19:16:40.250+0530] {logging_mixin.py:190} INFO - [2026-04-21T19:16:40.250+0530] {dagbag.py:588} INFO - Filling up the DagBag from /home/ubantu/miniconda3/envs/airflow-dev/lib/python3.11/site-packages/airflow/example_dags/example_python_decorator.py
[2026-04-21T19:16:40.260+0530] {logging_mixin.py:190} INFO - [2026-04-21T19:16:40.260+0530] {example_python_decorator.py:80} WARNING - The virtalenv_python example task requires virtualenv, please install it.
[2026-04-21T19:16:40.261+0530] {processor.py:925} INFO - DAG(s) 'example_python_decorator' retrieved from /home/ubantu/miniconda3/envs/airflow-dev/lib/python3.11/site-packages/airflow/example_dags/example_python_decorator.py
[2026-04-21T19:16:40.278+0530] {logging_mixin.py:190} INFO - [2026-04-21T19:16:40.278+0530] {dag.py:3239} INFO - Sync 1 DAGs
[2026-04-21T19:16:40.289+0530] {logging_mixin.py:190} INFO - [2026-04-21T19:16:40.289+0530] {dag.py:4180} INFO - Setting next_dagrun for example_python_decorator to None, run_after=None
[2026-04-21T19:16:40.308+0530] {processor.py:208} INFO - Processing /home/ubantu/miniconda3/envs/airflow-dev/lib/python3.11/site-packages/airflow/example_dags/example_python_decorator.py took 0.068 seconds
[2026-04-21T19:22:36.724+0530] {processor.py:186} INFO - Started process (PID=8346) to work on /home/ubantu/airflow-src/airflow/example_dags/example_python_decorator.py
[2026-04-21T19:22:36.725+0530] {processor.py:914} INFO - Processing file /home/ubantu/airflow-src/airflow/example_dags/example_python_decorator.py for tasks to queue
[2026-04-21T19:22:36.726+0530] {logging_mixin.py:190} INFO - [2026-04-21T19:22:36.726+0530] {dagbag.py:588} INFO - Filling up the DagBag from /home/ubantu/airflow-src/airflow/example_dags/example_python_decorator.py
[2026-04-21T19:22:36.736+0530] {logging_mixin.py:190} INFO - [2026-04-21T19:22:36.736+0530] {example_python_decorator.py:80} WARNING - The virtalenv_python example task requires virtualenv, please install it.
[2026-04-21T19:22:36.736+0530] {processor.py:925} INFO - DAG(s) 'example_python_decorator' retrieved from /home/ubantu/airflow-src/airflow/example_dags/example_python_decorator.py
[2026-04-21T19:22:36.793+0530] {logging_mixin.py:190} INFO - [2026-04-21T19:22:36.792+0530] {dag.py:3239} INFO - Sync 1 DAGs
[2026-04-21T19:22:36.801+0530] {logging_mixin.py:190} INFO - [2026-04-21T19:22:36.800+0530] {dag.py:4180} INFO - Setting next_dagrun for example_python_decorator to None, run_after=None
[2026-04-21T19:22:36.818+0530] {processor.py:208} INFO - Processing /home/ubantu/airflow-src/airflow/example_dags/example_python_decorator.py took 0.100 seconds
[2026-04-21T19:25:27.101+0530] {processor.py:186} INFO - Started process (PID=8580) to work on /home/ubantu/airflow-src/airflow/example_dags/example_python_decorator.py
[2026-04-21T19:25:27.103+0530] {processor.py:914} INFO - Processing file /home/ubantu/airflow-src/airflow/example_dags/example_python_decorator.py for tasks to queue
[2026-04-21T19:25:27.104+0530] {logging_mixin.py:190} INFO - [2026-04-21T19:25:27.104+0530] {dagbag.py:588} INFO - Filling up the DagBag from /home/ubantu/airflow-src/airflow/example_dags/example_python_decorator.py
[2026-04-21T19:25:27.115+0530] {logging_mixin.py:190} INFO - [2026-04-21T19:25:27.114+0530] {example_python_decorator.py:80} WARNING - The virtalenv_python example task requires virtualenv, please install it.
[2026-04-21T19:25:27.115+0530] {processor.py:925} INFO - DAG(s) 'example_python_decorator' retrieved from /home/ubantu/airflow-src/airflow/example_dags/example_python_decorator.py
[2026-04-21T19:25:27.135+0530] {logging_mixin.py:190} INFO - [2026-04-21T19:25:27.134+0530] {dag.py:3239} INFO - Sync 1 DAGs
[2026-04-21T19:25:27.148+0530] {logging_mixin.py:190} INFO - [2026-04-21T19:25:27.148+0530] {dag.py:4180} INFO - Setting next_dagrun for example_python_decorator to None, run_after=None
[2026-04-21T19:25:27.167+0530] {processor.py:208} INFO - Processing /home/ubantu/airflow-src/airflow/example_dags/example_python_decorator.py took 0.075 seconds
