[2026-04-21T18:46:11.663+0530] {processor.py:186} INFO - Started process (PID=5443) to work on /home/ubantu/miniconda3/envs/airflow-dev/lib/python3.11/site-packages/airflow/example_dags/example_params_ui_tutorial.py
[2026-04-21T18:46:11.664+0530] {processor.py:914} INFO - Processing file /home/ubantu/miniconda3/envs/airflow-dev/lib/python3.11/site-packages/airflow/example_dags/example_params_ui_tutorial.py for tasks to queue
[2026-04-21T18:46:11.666+0530] {logging_mixin.py:190} INFO - [2026-04-21T18:46:11.666+0530] {dagbag.py:588} INFO - Filling up the DagBag from /home/ubantu/miniconda3/envs/airflow-dev/lib/python3.11/site-packages/airflow/example_dags/example_params_ui_tutorial.py
[2026-04-21T18:46:11.677+0530] {processor.py:925} INFO - DAG(s) 'example_params_ui_tutorial' retrieved from /home/ubantu/miniconda3/envs/airflow-dev/lib/python3.11/site-packages/airflow/example_dags/example_params_ui_tutorial.py
[2026-04-21T18:46:11.786+0530] {logging_mixin.py:190} INFO - [2026-04-21T18:46:11.786+0530] {dag.py:3239} INFO - Sync 1 DAGs
[2026-04-21T18:46:11.795+0530] {logging_mixin.py:190} INFO - [2026-04-21T18:46:11.795+0530] {dag.py:4180} INFO - Setting next_dagrun for example_params_ui_tutorial to None, run_after=None
[2026-04-21T18:46:11.814+0530] {processor.py:208} INFO - Processing /home/ubantu/miniconda3/envs/airflow-dev/lib/python3.11/site-packages/airflow/example_dags/example_params_ui_tutorial.py took 0.158 seconds
[2026-04-21T18:48:07.403+0530] {processor.py:186} INFO - Started process (PID=5631) to work on /home/ubantu/miniconda3/envs/airflow-dev/lib/python3.11/site-packages/airflow/example_dags/example_params_ui_tutorial.py
[2026-04-21T18:48:07.404+0530] {processor.py:914} INFO - Processing file /home/ubantu/miniconda3/envs/airflow-dev/lib/python3.11/site-packages/airflow/example_dags/example_params_ui_tutorial.py for tasks to queue
[2026-04-21T18:48:07.407+0530] {logging_mixin.py:190} INFO - [2026-04-21T18:48:07.406+0530] {dagbag.py:588} INFO - Filling up the DagBag from /home/ubantu/miniconda3/envs/airflow-dev/lib/python3.11/site-packages/airflow/example_dags/example_params_ui_tutorial.py
[2026-04-21T18:48:07.416+0530] {processor.py:925} INFO - DAG(s) 'example_params_ui_tutorial' retrieved from /home/ubantu/miniconda3/envs/airflow-dev/lib/python3.11/site-packages/airflow/example_dags/example_params_ui_tutorial.py
[2026-04-21T18:48:07.460+0530] {logging_mixin.py:190} INFO - [2026-04-21T18:48:07.460+0530] {dag.py:3239} INFO - Sync 1 DAGs
[2026-04-21T18:48:07.475+0530] {logging_mixin.py:190} INFO - [2026-04-21T18:48:07.475+0530] {dag.py:4180} INFO - Setting next_dagrun for example_params_ui_tutorial to None, run_after=None
[2026-04-21T18:48:07.496+0530] {processor.py:208} INFO - Processing /home/ubantu/miniconda3/envs/airflow-dev/lib/python3.11/site-packages/airflow/example_dags/example_params_ui_tutorial.py took 0.098 seconds
[2026-04-21T18:49:33.096+0530] {processor.py:186} INFO - Started process (PID=5738) to work on /home/ubantu/miniconda3/envs/airflow-dev/lib/python3.11/site-packages/airflow/example_dags/example_params_ui_tutorial.py
[2026-04-21T18:49:33.097+0530] {processor.py:914} INFO - Processing file /home/ubantu/miniconda3/envs/airflow-dev/lib/python3.11/site-packages/airflow/example_dags/example_params_ui_tutorial.py for tasks to queue
[2026-04-21T18:49:33.098+0530] {logging_mixin.py:190} INFO - [2026-04-21T18:49:33.098+0530] {dagbag.py:588} INFO - Filling up the DagBag from /home/ubantu/miniconda3/envs/airflow-dev/lib/python3.11/site-packages/airflow/example_dags/example_params_ui_tutorial.py
[2026-04-21T18:49:33.107+0530] {processor.py:925} INFO - DAG(s) 'example_params_ui_tutorial' retrieved from /home/ubantu/miniconda3/envs/airflow-dev/lib/python3.11/site-packages/airflow/example_dags/example_params_ui_tutorial.py
[2026-04-21T18:49:33.141+0530] {logging_mixin.py:190} INFO - [2026-04-21T18:49:33.141+0530] {dag.py:3239} INFO - Sync 1 DAGs
[2026-04-21T18:49:33.152+0530] {logging_mixin.py:190} INFO - [2026-04-21T18:49:33.152+0530] {dag.py:4180} INFO - Setting next_dagrun for example_params_ui_tutorial to None, run_after=None
[2026-04-21T18:49:33.171+0530] {processor.py:208} INFO - Processing /home/ubantu/miniconda3/envs/airflow-dev/lib/python3.11/site-packages/airflow/example_dags/example_params_ui_tutorial.py took 0.080 seconds
[2026-04-21T18:50:51.826+0530] {processor.py:186} INFO - Started process (PID=5853) to work on /home/ubantu/miniconda3/envs/airflow-dev/lib/python3.11/site-packages/airflow/example_dags/example_params_ui_tutorial.py
[2026-04-21T18:50:51.827+0530] {processor.py:914} INFO - Processing file /home/ubantu/miniconda3/envs/airflow-dev/lib/python3.11/site-packages/airflow/example_dags/example_params_ui_tutorial.py for tasks to queue
[2026-04-21T18:50:51.829+0530] {logging_mixin.py:190} INFO - [2026-04-21T18:50:51.829+0530] {dagbag.py:588} INFO - Filling up the DagBag from /home/ubantu/miniconda3/envs/airflow-dev/lib/python3.11/site-packages/airflow/example_dags/example_params_ui_tutorial.py
[2026-04-21T18:50:51.839+0530] {processor.py:925} INFO - DAG(s) 'example_params_ui_tutorial' retrieved from /home/ubantu/miniconda3/envs/airflow-dev/lib/python3.11/site-packages/airflow/example_dags/example_params_ui_tutorial.py
[2026-04-21T18:50:51.880+0530] {logging_mixin.py:190} INFO - [2026-04-21T18:50:51.880+0530] {dag.py:3239} INFO - Sync 1 DAGs
[2026-04-21T18:50:51.891+0530] {logging_mixin.py:190} INFO - [2026-04-21T18:50:51.890+0530] {dag.py:4180} INFO - Setting next_dagrun for example_params_ui_tutorial to None, run_after=None
[2026-04-21T18:50:51.908+0530] {processor.py:208} INFO - Processing /home/ubantu/miniconda3/envs/airflow-dev/lib/python3.11/site-packages/airflow/example_dags/example_params_ui_tutorial.py took 0.088 seconds
[2026-04-21T18:52:14.027+0530] {processor.py:186} INFO - Started process (PID=5958) to work on /home/ubantu/miniconda3/envs/airflow-dev/lib/python3.11/site-packages/airflow/example_dags/example_params_ui_tutorial.py
[2026-04-21T18:52:14.028+0530] {processor.py:914} INFO - Processing file /home/ubantu/miniconda3/envs/airflow-dev/lib/python3.11/site-packages/airflow/example_dags/example_params_ui_tutorial.py for tasks to queue
[2026-04-21T18:52:14.031+0530] {logging_mixin.py:190} INFO - [2026-04-21T18:52:14.030+0530] {dagbag.py:588} INFO - Filling up the DagBag from /home/ubantu/miniconda3/envs/airflow-dev/lib/python3.11/site-packages/airflow/example_dags/example_params_ui_tutorial.py
[2026-04-21T18:52:14.040+0530] {processor.py:925} INFO - DAG(s) 'example_params_ui_tutorial' retrieved from /home/ubantu/miniconda3/envs/airflow-dev/lib/python3.11/site-packages/airflow/example_dags/example_params_ui_tutorial.py
[2026-04-21T18:52:14.083+0530] {logging_mixin.py:190} INFO - [2026-04-21T18:52:14.083+0530] {dag.py:3239} INFO - Sync 1 DAGs
[2026-04-21T18:52:14.094+0530] {logging_mixin.py:190} INFO - [2026-04-21T18:52:14.094+0530] {dag.py:4180} INFO - Setting next_dagrun for example_params_ui_tutorial to None, run_after=None
[2026-04-21T18:52:14.110+0530] {processor.py:208} INFO - Processing /home/ubantu/miniconda3/envs/airflow-dev/lib/python3.11/site-packages/airflow/example_dags/example_params_ui_tutorial.py took 0.090 seconds
[2026-04-21T18:53:30.587+0530] {processor.py:186} INFO - Started process (PID=6070) to work on /home/ubantu/miniconda3/envs/airflow-dev/lib/python3.11/site-packages/airflow/example_dags/example_params_ui_tutorial.py
[2026-04-21T18:53:30.588+0530] {processor.py:914} INFO - Processing file /home/ubantu/miniconda3/envs/airflow-dev/lib/python3.11/site-packages/airflow/example_dags/example_params_ui_tutorial.py for tasks to queue
[2026-04-21T18:53:30.590+0530] {logging_mixin.py:190} INFO - [2026-04-21T18:53:30.590+0530] {dagbag.py:588} INFO - Filling up the DagBag from /home/ubantu/miniconda3/envs/airflow-dev/lib/python3.11/site-packages/airflow/example_dags/example_params_ui_tutorial.py
[2026-04-21T18:53:30.600+0530] {processor.py:925} INFO - DAG(s) 'example_params_ui_tutorial' retrieved from /home/ubantu/miniconda3/envs/airflow-dev/lib/python3.11/site-packages/airflow/example_dags/example_params_ui_tutorial.py
[2026-04-21T18:53:30.642+0530] {logging_mixin.py:190} INFO - [2026-04-21T18:53:30.642+0530] {dag.py:3239} INFO - Sync 1 DAGs
[2026-04-21T18:53:30.653+0530] {logging_mixin.py:190} INFO - [2026-04-21T18:53:30.653+0530] {dag.py:4180} INFO - Setting next_dagrun for example_params_ui_tutorial to None, run_after=None
[2026-04-21T18:53:30.669+0530] {processor.py:208} INFO - Processing /home/ubantu/miniconda3/envs/airflow-dev/lib/python3.11/site-packages/airflow/example_dags/example_params_ui_tutorial.py took 0.089 seconds
[2026-04-21T18:54:49.598+0530] {processor.py:186} INFO - Started process (PID=6188) to work on /home/ubantu/miniconda3/envs/airflow-dev/lib/python3.11/site-packages/airflow/example_dags/example_params_ui_tutorial.py
[2026-04-21T18:54:49.600+0530] {processor.py:914} INFO - Processing file /home/ubantu/miniconda3/envs/airflow-dev/lib/python3.11/site-packages/airflow/example_dags/example_params_ui_tutorial.py for tasks to queue
[2026-04-21T18:54:49.602+0530] {logging_mixin.py:190} INFO - [2026-04-21T18:54:49.602+0530] {dagbag.py:588} INFO - Filling up the DagBag from /home/ubantu/miniconda3/envs/airflow-dev/lib/python3.11/site-packages/airflow/example_dags/example_params_ui_tutorial.py
[2026-04-21T18:54:49.614+0530] {processor.py:925} INFO - DAG(s) 'example_params_ui_tutorial' retrieved from /home/ubantu/miniconda3/envs/airflow-dev/lib/python3.11/site-packages/airflow/example_dags/example_params_ui_tutorial.py
[2026-04-21T18:54:49.658+0530] {logging_mixin.py:190} INFO - [2026-04-21T18:54:49.658+0530] {dag.py:3239} INFO - Sync 1 DAGs
[2026-04-21T18:54:49.669+0530] {logging_mixin.py:190} INFO - [2026-04-21T18:54:49.669+0530] {dag.py:4180} INFO - Setting next_dagrun for example_params_ui_tutorial to None, run_after=None
[2026-04-21T18:54:49.687+0530] {processor.py:208} INFO - Processing /home/ubantu/miniconda3/envs/airflow-dev/lib/python3.11/site-packages/airflow/example_dags/example_params_ui_tutorial.py took 0.096 seconds
[2026-04-21T18:56:09.478+0530] {processor.py:186} INFO - Started process (PID=6296) to work on /home/ubantu/miniconda3/envs/airflow-dev/lib/python3.11/site-packages/airflow/example_dags/example_params_ui_tutorial.py
[2026-04-21T18:56:09.479+0530] {processor.py:914} INFO - Processing file /home/ubantu/miniconda3/envs/airflow-dev/lib/python3.11/site-packages/airflow/example_dags/example_params_ui_tutorial.py for tasks to queue
[2026-04-21T18:56:09.482+0530] {logging_mixin.py:190} INFO - [2026-04-21T18:56:09.481+0530] {dagbag.py:588} INFO - Filling up the DagBag from /home/ubantu/miniconda3/envs/airflow-dev/lib/python3.11/site-packages/airflow/example_dags/example_params_ui_tutorial.py
[2026-04-21T18:56:09.495+0530] {processor.py:925} INFO - DAG(s) 'example_params_ui_tutorial' retrieved from /home/ubantu/miniconda3/envs/airflow-dev/lib/python3.11/site-packages/airflow/example_dags/example_params_ui_tutorial.py
[2026-04-21T18:56:09.549+0530] {logging_mixin.py:190} INFO - [2026-04-21T18:56:09.548+0530] {dag.py:3239} INFO - Sync 1 DAGs
[2026-04-21T18:56:09.567+0530] {logging_mixin.py:190} INFO - [2026-04-21T18:56:09.566+0530] {dag.py:4180} INFO - Setting next_dagrun for example_params_ui_tutorial to None, run_after=None
[2026-04-21T18:56:09.598+0530] {processor.py:208} INFO - Processing /home/ubantu/miniconda3/envs/airflow-dev/lib/python3.11/site-packages/airflow/example_dags/example_params_ui_tutorial.py took 0.128 seconds
[2026-04-21T19:01:06.524+0530] {processor.py:186} INFO - Started process (PID=6540) to work on /home/ubantu/miniconda3/envs/airflow-dev/lib/python3.11/site-packages/airflow/example_dags/example_params_ui_tutorial.py
[2026-04-21T19:01:06.525+0530] {processor.py:914} INFO - Processing file /home/ubantu/miniconda3/envs/airflow-dev/lib/python3.11/site-packages/airflow/example_dags/example_params_ui_tutorial.py for tasks to queue
[2026-04-21T19:01:06.526+0530] {logging_mixin.py:190} INFO - [2026-04-21T19:01:06.526+0530] {dagbag.py:588} INFO - Filling up the DagBag from /home/ubantu/miniconda3/envs/airflow-dev/lib/python3.11/site-packages/airflow/example_dags/example_params_ui_tutorial.py
[2026-04-21T19:01:06.534+0530] {processor.py:925} INFO - DAG(s) 'example_params_ui_tutorial' retrieved from /home/ubantu/miniconda3/envs/airflow-dev/lib/python3.11/site-packages/airflow/example_dags/example_params_ui_tutorial.py
[2026-04-21T19:01:06.575+0530] {logging_mixin.py:190} INFO - [2026-04-21T19:01:06.574+0530] {dag.py:3239} INFO - Sync 1 DAGs
[2026-04-21T19:01:06.584+0530] {logging_mixin.py:190} INFO - [2026-04-21T19:01:06.584+0530] {dag.py:4180} INFO - Setting next_dagrun for example_params_ui_tutorial to None, run_after=None
[2026-04-21T19:01:06.601+0530] {processor.py:208} INFO - Processing /home/ubantu/miniconda3/envs/airflow-dev/lib/python3.11/site-packages/airflow/example_dags/example_params_ui_tutorial.py took 0.083 seconds
[2026-04-21T19:02:56.141+0530] {processor.py:186} INFO - Started process (PID=6676) to work on /home/ubantu/miniconda3/envs/airflow-dev/lib/python3.11/site-packages/airflow/example_dags/example_params_ui_tutorial.py
[2026-04-21T19:02:56.143+0530] {processor.py:914} INFO - Processing file /home/ubantu/miniconda3/envs/airflow-dev/lib/python3.11/site-packages/airflow/example_dags/example_params_ui_tutorial.py for tasks to queue
[2026-04-21T19:02:56.146+0530] {logging_mixin.py:190} INFO - [2026-04-21T19:02:56.145+0530] {dagbag.py:588} INFO - Filling up the DagBag from /home/ubantu/miniconda3/envs/airflow-dev/lib/python3.11/site-packages/airflow/example_dags/example_params_ui_tutorial.py
[2026-04-21T19:02:56.160+0530] {processor.py:925} INFO - DAG(s) 'example_params_ui_tutorial' retrieved from /home/ubantu/miniconda3/envs/airflow-dev/lib/python3.11/site-packages/airflow/example_dags/example_params_ui_tutorial.py
[2026-04-21T19:02:56.207+0530] {logging_mixin.py:190} INFO - [2026-04-21T19:02:56.206+0530] {dag.py:3239} INFO - Sync 1 DAGs
[2026-04-21T19:02:56.220+0530] {logging_mixin.py:190} INFO - [2026-04-21T19:02:56.219+0530] {dag.py:4180} INFO - Setting next_dagrun for example_params_ui_tutorial to None, run_after=None
[2026-04-21T19:02:56.238+0530] {processor.py:208} INFO - Processing /home/ubantu/miniconda3/envs/airflow-dev/lib/python3.11/site-packages/airflow/example_dags/example_params_ui_tutorial.py took 0.106 seconds
[2026-04-21T19:05:38.927+0530] {processor.py:186} INFO - Started process (PID=6835) to work on /home/ubantu/miniconda3/envs/airflow-dev/lib/python3.11/site-packages/airflow/example_dags/example_params_ui_tutorial.py
[2026-04-21T19:05:38.929+0530] {processor.py:914} INFO - Processing file /home/ubantu/miniconda3/envs/airflow-dev/lib/python3.11/site-packages/airflow/example_dags/example_params_ui_tutorial.py for tasks to queue
[2026-04-21T19:05:38.930+0530] {logging_mixin.py:190} INFO - [2026-04-21T19:05:38.930+0530] {dagbag.py:588} INFO - Filling up the DagBag from /home/ubantu/miniconda3/envs/airflow-dev/lib/python3.11/site-packages/airflow/example_dags/example_params_ui_tutorial.py
[2026-04-21T19:05:38.937+0530] {processor.py:925} INFO - DAG(s) 'example_params_ui_tutorial' retrieved from /home/ubantu/miniconda3/envs/airflow-dev/lib/python3.11/site-packages/airflow/example_dags/example_params_ui_tutorial.py
[2026-04-21T19:05:38.979+0530] {logging_mixin.py:190} INFO - [2026-04-21T19:05:38.979+0530] {dag.py:3239} INFO - Sync 1 DAGs
[2026-04-21T19:05:38.989+0530] {logging_mixin.py:190} INFO - [2026-04-21T19:05:38.988+0530] {dag.py:4180} INFO - Setting next_dagrun for example_params_ui_tutorial to None, run_after=None
[2026-04-21T19:05:39.005+0530] {processor.py:208} INFO - Processing /home/ubantu/miniconda3/envs/airflow-dev/lib/python3.11/site-packages/airflow/example_dags/example_params_ui_tutorial.py took 0.084 seconds
[2026-04-21T19:07:29.036+0530] {processor.py:186} INFO - Started process (PID=6996) to work on /home/ubantu/miniconda3/envs/airflow-dev/lib/python3.11/site-packages/airflow/example_dags/example_params_ui_tutorial.py
[2026-04-21T19:07:29.037+0530] {processor.py:914} INFO - Processing file /home/ubantu/miniconda3/envs/airflow-dev/lib/python3.11/site-packages/airflow/example_dags/example_params_ui_tutorial.py for tasks to queue
[2026-04-21T19:07:29.039+0530] {logging_mixin.py:190} INFO - [2026-04-21T19:07:29.038+0530] {dagbag.py:588} INFO - Filling up the DagBag from /home/ubantu/miniconda3/envs/airflow-dev/lib/python3.11/site-packages/airflow/example_dags/example_params_ui_tutorial.py
[2026-04-21T19:07:29.046+0530] {processor.py:925} INFO - DAG(s) 'example_params_ui_tutorial' retrieved from /home/ubantu/miniconda3/envs/airflow-dev/lib/python3.11/site-packages/airflow/example_dags/example_params_ui_tutorial.py
[2026-04-21T19:07:29.085+0530] {logging_mixin.py:190} INFO - [2026-04-21T19:07:29.085+0530] {dag.py:3239} INFO - Sync 1 DAGs
[2026-04-21T19:07:29.095+0530] {logging_mixin.py:190} INFO - [2026-04-21T19:07:29.094+0530] {dag.py:4180} INFO - Setting next_dagrun for example_params_ui_tutorial to None, run_after=None
[2026-04-21T19:07:29.111+0530] {processor.py:208} INFO - Processing /home/ubantu/miniconda3/envs/airflow-dev/lib/python3.11/site-packages/airflow/example_dags/example_params_ui_tutorial.py took 0.081 seconds
[2026-04-21T19:08:46.050+0530] {processor.py:186} INFO - Started process (PID=7096) to work on /home/ubantu/miniconda3/envs/airflow-dev/lib/python3.11/site-packages/airflow/example_dags/example_params_ui_tutorial.py
[2026-04-21T19:08:46.051+0530] {processor.py:914} INFO - Processing file /home/ubantu/miniconda3/envs/airflow-dev/lib/python3.11/site-packages/airflow/example_dags/example_params_ui_tutorial.py for tasks to queue
[2026-04-21T19:08:46.053+0530] {logging_mixin.py:190} INFO - [2026-04-21T19:08:46.052+0530] {dagbag.py:588} INFO - Filling up the DagBag from /home/ubantu/miniconda3/envs/airflow-dev/lib/python3.11/site-packages/airflow/example_dags/example_params_ui_tutorial.py
[2026-04-21T19:08:46.060+0530] {processor.py:925} INFO - DAG(s) 'example_params_ui_tutorial' retrieved from /home/ubantu/miniconda3/envs/airflow-dev/lib/python3.11/site-packages/airflow/example_dags/example_params_ui_tutorial.py
[2026-04-21T19:08:46.099+0530] {logging_mixin.py:190} INFO - [2026-04-21T19:08:46.099+0530] {dag.py:3239} INFO - Sync 1 DAGs
[2026-04-21T19:08:46.109+0530] {logging_mixin.py:190} INFO - [2026-04-21T19:08:46.108+0530] {dag.py:4180} INFO - Setting next_dagrun for example_params_ui_tutorial to None, run_after=None
[2026-04-21T19:08:46.125+0530] {processor.py:208} INFO - Processing /home/ubantu/miniconda3/envs/airflow-dev/lib/python3.11/site-packages/airflow/example_dags/example_params_ui_tutorial.py took 0.080 seconds
[2026-04-21T19:10:04.837+0530] {processor.py:186} INFO - Started process (PID=7198) to work on /home/ubantu/miniconda3/envs/airflow-dev/lib/python3.11/site-packages/airflow/example_dags/example_params_ui_tutorial.py
[2026-04-21T19:10:04.838+0530] {processor.py:914} INFO - Processing file /home/ubantu/miniconda3/envs/airflow-dev/lib/python3.11/site-packages/airflow/example_dags/example_params_ui_tutorial.py for tasks to queue
[2026-04-21T19:10:04.839+0530] {logging_mixin.py:190} INFO - [2026-04-21T19:10:04.839+0530] {dagbag.py:588} INFO - Filling up the DagBag from /home/ubantu/miniconda3/envs/airflow-dev/lib/python3.11/site-packages/airflow/example_dags/example_params_ui_tutorial.py
[2026-04-21T19:10:04.846+0530] {processor.py:925} INFO - DAG(s) 'example_params_ui_tutorial' retrieved from /home/ubantu/miniconda3/envs/airflow-dev/lib/python3.11/site-packages/airflow/example_dags/example_params_ui_tutorial.py
[2026-04-21T19:10:04.884+0530] {logging_mixin.py:190} INFO - [2026-04-21T19:10:04.884+0530] {dag.py:3239} INFO - Sync 1 DAGs
[2026-04-21T19:10:04.894+0530] {logging_mixin.py:190} INFO - [2026-04-21T19:10:04.893+0530] {dag.py:4180} INFO - Setting next_dagrun for example_params_ui_tutorial to None, run_after=None
[2026-04-21T19:10:04.910+0530] {processor.py:208} INFO - Processing /home/ubantu/miniconda3/envs/airflow-dev/lib/python3.11/site-packages/airflow/example_dags/example_params_ui_tutorial.py took 0.078 seconds
[2026-04-21T19:11:23.723+0530] {processor.py:186} INFO - Started process (PID=7304) to work on /home/ubantu/miniconda3/envs/airflow-dev/lib/python3.11/site-packages/airflow/example_dags/example_params_ui_tutorial.py
[2026-04-21T19:11:23.725+0530] {processor.py:914} INFO - Processing file /home/ubantu/miniconda3/envs/airflow-dev/lib/python3.11/site-packages/airflow/example_dags/example_params_ui_tutorial.py for tasks to queue
[2026-04-21T19:11:23.726+0530] {logging_mixin.py:190} INFO - [2026-04-21T19:11:23.726+0530] {dagbag.py:588} INFO - Filling up the DagBag from /home/ubantu/miniconda3/envs/airflow-dev/lib/python3.11/site-packages/airflow/example_dags/example_params_ui_tutorial.py
[2026-04-21T19:11:23.733+0530] {processor.py:925} INFO - DAG(s) 'example_params_ui_tutorial' retrieved from /home/ubantu/miniconda3/envs/airflow-dev/lib/python3.11/site-packages/airflow/example_dags/example_params_ui_tutorial.py
[2026-04-21T19:11:23.770+0530] {logging_mixin.py:190} INFO - [2026-04-21T19:11:23.770+0530] {dag.py:3239} INFO - Sync 1 DAGs
[2026-04-21T19:11:23.779+0530] {logging_mixin.py:190} INFO - [2026-04-21T19:11:23.779+0530] {dag.py:4180} INFO - Setting next_dagrun for example_params_ui_tutorial to None, run_after=None
[2026-04-21T19:11:23.795+0530] {processor.py:208} INFO - Processing /home/ubantu/miniconda3/envs/airflow-dev/lib/python3.11/site-packages/airflow/example_dags/example_params_ui_tutorial.py took 0.077 seconds
[2026-04-21T19:12:41.350+0530] {processor.py:186} INFO - Started process (PID=7393) to work on /home/ubantu/miniconda3/envs/airflow-dev/lib/python3.11/site-packages/airflow/example_dags/example_params_ui_tutorial.py
[2026-04-21T19:12:41.351+0530] {processor.py:914} INFO - Processing file /home/ubantu/miniconda3/envs/airflow-dev/lib/python3.11/site-packages/airflow/example_dags/example_params_ui_tutorial.py for tasks to queue
[2026-04-21T19:12:41.352+0530] {logging_mixin.py:190} INFO - [2026-04-21T19:12:41.352+0530] {dagbag.py:588} INFO - Filling up the DagBag from /home/ubantu/miniconda3/envs/airflow-dev/lib/python3.11/site-packages/airflow/example_dags/example_params_ui_tutorial.py
[2026-04-21T19:12:41.360+0530] {processor.py:925} INFO - DAG(s) 'example_params_ui_tutorial' retrieved from /home/ubantu/miniconda3/envs/airflow-dev/lib/python3.11/site-packages/airflow/example_dags/example_params_ui_tutorial.py
[2026-04-21T19:12:41.400+0530] {logging_mixin.py:190} INFO - [2026-04-21T19:12:41.399+0530] {dag.py:3239} INFO - Sync 1 DAGs
[2026-04-21T19:12:41.409+0530] {logging_mixin.py:190} INFO - [2026-04-21T19:12:41.409+0530] {dag.py:4180} INFO - Setting next_dagrun for example_params_ui_tutorial to None, run_after=None
[2026-04-21T19:12:41.426+0530] {processor.py:208} INFO - Processing /home/ubantu/miniconda3/envs/airflow-dev/lib/python3.11/site-packages/airflow/example_dags/example_params_ui_tutorial.py took 0.083 seconds
[2026-04-21T19:14:01.565+0530] {processor.py:186} INFO - Started process (PID=7520) to work on /home/ubantu/miniconda3/envs/airflow-dev/lib/python3.11/site-packages/airflow/example_dags/example_params_ui_tutorial.py
[2026-04-21T19:14:01.567+0530] {processor.py:914} INFO - Processing file /home/ubantu/miniconda3/envs/airflow-dev/lib/python3.11/site-packages/airflow/example_dags/example_params_ui_tutorial.py for tasks to queue
[2026-04-21T19:14:01.568+0530] {logging_mixin.py:190} INFO - [2026-04-21T19:14:01.567+0530] {dagbag.py:588} INFO - Filling up the DagBag from /home/ubantu/miniconda3/envs/airflow-dev/lib/python3.11/site-packages/airflow/example_dags/example_params_ui_tutorial.py
[2026-04-21T19:14:01.575+0530] {processor.py:925} INFO - DAG(s) 'example_params_ui_tutorial' retrieved from /home/ubantu/miniconda3/envs/airflow-dev/lib/python3.11/site-packages/airflow/example_dags/example_params_ui_tutorial.py
[2026-04-21T19:14:01.612+0530] {logging_mixin.py:190} INFO - [2026-04-21T19:14:01.612+0530] {dag.py:3239} INFO - Sync 1 DAGs
[2026-04-21T19:14:01.622+0530] {logging_mixin.py:190} INFO - [2026-04-21T19:14:01.621+0530] {dag.py:4180} INFO - Setting next_dagrun for example_params_ui_tutorial to None, run_after=None
[2026-04-21T19:14:01.638+0530] {processor.py:208} INFO - Processing /home/ubantu/miniconda3/envs/airflow-dev/lib/python3.11/site-packages/airflow/example_dags/example_params_ui_tutorial.py took 0.078 seconds
[2026-04-21T19:15:24.373+0530] {processor.py:186} INFO - Started process (PID=7633) to work on /home/ubantu/miniconda3/envs/airflow-dev/lib/python3.11/site-packages/airflow/example_dags/example_params_ui_tutorial.py
[2026-04-21T19:15:24.374+0530] {processor.py:914} INFO - Processing file /home/ubantu/miniconda3/envs/airflow-dev/lib/python3.11/site-packages/airflow/example_dags/example_params_ui_tutorial.py for tasks to queue
[2026-04-21T19:15:24.376+0530] {logging_mixin.py:190} INFO - [2026-04-21T19:15:24.375+0530] {dagbag.py:588} INFO - Filling up the DagBag from /home/ubantu/miniconda3/envs/airflow-dev/lib/python3.11/site-packages/airflow/example_dags/example_params_ui_tutorial.py
[2026-04-21T19:15:24.384+0530] {processor.py:925} INFO - DAG(s) 'example_params_ui_tutorial' retrieved from /home/ubantu/miniconda3/envs/airflow-dev/lib/python3.11/site-packages/airflow/example_dags/example_params_ui_tutorial.py
[2026-04-21T19:15:24.428+0530] {logging_mixin.py:190} INFO - [2026-04-21T19:15:24.428+0530] {dag.py:3239} INFO - Sync 1 DAGs
[2026-04-21T19:15:24.437+0530] {logging_mixin.py:190} INFO - [2026-04-21T19:15:24.437+0530] {dag.py:4180} INFO - Setting next_dagrun for example_params_ui_tutorial to None, run_after=None
[2026-04-21T19:15:24.454+0530] {processor.py:208} INFO - Processing /home/ubantu/miniconda3/envs/airflow-dev/lib/python3.11/site-packages/airflow/example_dags/example_params_ui_tutorial.py took 0.087 seconds
[2026-04-21T19:16:41.562+0530] {processor.py:186} INFO - Started process (PID=7788) to work on /home/ubantu/miniconda3/envs/airflow-dev/lib/python3.11/site-packages/airflow/example_dags/example_params_ui_tutorial.py
[2026-04-21T19:16:41.563+0530] {processor.py:914} INFO - Processing file /home/ubantu/miniconda3/envs/airflow-dev/lib/python3.11/site-packages/airflow/example_dags/example_params_ui_tutorial.py for tasks to queue
[2026-04-21T19:16:41.564+0530] {logging_mixin.py:190} INFO - [2026-04-21T19:16:41.564+0530] {dagbag.py:588} INFO - Filling up the DagBag from /home/ubantu/miniconda3/envs/airflow-dev/lib/python3.11/site-packages/airflow/example_dags/example_params_ui_tutorial.py
[2026-04-21T19:16:41.571+0530] {processor.py:925} INFO - DAG(s) 'example_params_ui_tutorial' retrieved from /home/ubantu/miniconda3/envs/airflow-dev/lib/python3.11/site-packages/airflow/example_dags/example_params_ui_tutorial.py
[2026-04-21T19:16:41.610+0530] {logging_mixin.py:190} INFO - [2026-04-21T19:16:41.610+0530] {dag.py:3239} INFO - Sync 1 DAGs
[2026-04-21T19:16:41.619+0530] {logging_mixin.py:190} INFO - [2026-04-21T19:16:41.619+0530] {dag.py:4180} INFO - Setting next_dagrun for example_params_ui_tutorial to None, run_after=None
[2026-04-21T19:16:41.636+0530] {processor.py:208} INFO - Processing /home/ubantu/miniconda3/envs/airflow-dev/lib/python3.11/site-packages/airflow/example_dags/example_params_ui_tutorial.py took 0.081 seconds
[2026-04-21T19:22:46.972+0530] {processor.py:186} INFO - Started process (PID=8356) to work on /home/ubantu/airflow-src/airflow/example_dags/example_params_ui_tutorial.py
[2026-04-21T19:22:46.973+0530] {processor.py:914} INFO - Processing file /home/ubantu/airflow-src/airflow/example_dags/example_params_ui_tutorial.py for tasks to queue
[2026-04-21T19:22:46.975+0530] {logging_mixin.py:190} INFO - [2026-04-21T19:22:46.975+0530] {dagbag.py:588} INFO - Filling up the DagBag from /home/ubantu/airflow-src/airflow/example_dags/example_params_ui_tutorial.py
[2026-04-21T19:22:46.983+0530] {processor.py:925} INFO - DAG(s) 'example_params_ui_tutorial' retrieved from /home/ubantu/airflow-src/airflow/example_dags/example_params_ui_tutorial.py
[2026-04-21T19:22:47.058+0530] {logging_mixin.py:190} INFO - [2026-04-21T19:22:47.058+0530] {dag.py:3239} INFO - Sync 1 DAGs
[2026-04-21T19:22:47.066+0530] {logging_mixin.py:190} INFO - [2026-04-21T19:22:47.066+0530] {dag.py:4180} INFO - Setting next_dagrun for example_params_ui_tutorial to None, run_after=None
[2026-04-21T19:22:47.084+0530] {processor.py:208} INFO - Processing /home/ubantu/airflow-src/airflow/example_dags/example_params_ui_tutorial.py took 0.118 seconds
[2026-04-21T19:25:35.360+0530] {processor.py:186} INFO - Started process (PID=8591) to work on /home/ubantu/airflow-src/airflow/example_dags/example_params_ui_tutorial.py
[2026-04-21T19:25:35.361+0530] {processor.py:914} INFO - Processing file /home/ubantu/airflow-src/airflow/example_dags/example_params_ui_tutorial.py for tasks to queue
[2026-04-21T19:25:35.362+0530] {logging_mixin.py:190} INFO - [2026-04-21T19:25:35.362+0530] {dagbag.py:588} INFO - Filling up the DagBag from /home/ubantu/airflow-src/airflow/example_dags/example_params_ui_tutorial.py
[2026-04-21T19:25:35.368+0530] {processor.py:925} INFO - DAG(s) 'example_params_ui_tutorial' retrieved from /home/ubantu/airflow-src/airflow/example_dags/example_params_ui_tutorial.py
[2026-04-21T19:25:35.402+0530] {logging_mixin.py:190} INFO - [2026-04-21T19:25:35.401+0530] {dag.py:3239} INFO - Sync 1 DAGs
[2026-04-21T19:25:35.412+0530] {logging_mixin.py:190} INFO - [2026-04-21T19:25:35.412+0530] {dag.py:4180} INFO - Setting next_dagrun for example_params_ui_tutorial to None, run_after=None
[2026-04-21T19:25:35.428+0530] {processor.py:208} INFO - Processing /home/ubantu/airflow-src/airflow/example_dags/example_params_ui_tutorial.py took 0.073 seconds
