[2026-04-21T18:45:54.651+0530] {processor.py:186} INFO - Started process (PID=5406) to work on /home/ubantu/miniconda3/envs/airflow-dev/lib/python3.11/site-packages/airflow/example_dags/example_trigger_controller_dag.py
[2026-04-21T18:45:54.652+0530] {processor.py:914} INFO - Processing file /home/ubantu/miniconda3/envs/airflow-dev/lib/python3.11/site-packages/airflow/example_dags/example_trigger_controller_dag.py for tasks to queue
[2026-04-21T18:45:54.655+0530] {logging_mixin.py:190} INFO - [2026-04-21T18:45:54.654+0530] {dagbag.py:588} INFO - Filling up the DagBag from /home/ubantu/miniconda3/envs/airflow-dev/lib/python3.11/site-packages/airflow/example_dags/example_trigger_controller_dag.py
[2026-04-21T18:45:54.663+0530] {processor.py:925} INFO - DAG(s) 'example_trigger_controller_dag' retrieved from /home/ubantu/miniconda3/envs/airflow-dev/lib/python3.11/site-packages/airflow/example_dags/example_trigger_controller_dag.py
[2026-04-21T18:45:54.763+0530] {logging_mixin.py:190} INFO - [2026-04-21T18:45:54.763+0530] {dag.py:3239} INFO - Sync 1 DAGs
[2026-04-21T18:45:54.778+0530] {logging_mixin.py:190} INFO - [2026-04-21T18:45:54.778+0530] {dag.py:4180} INFO - Setting next_dagrun for example_trigger_controller_dag to 2021-01-01 00:00:00+00:00, run_after=2021-01-01 00:00:00+00:00
[2026-04-21T18:45:54.795+0530] {processor.py:208} INFO - Processing /home/ubantu/miniconda3/envs/airflow-dev/lib/python3.11/site-packages/airflow/example_dags/example_trigger_controller_dag.py took 0.152 seconds
[2026-04-21T18:47:49.791+0530] {processor.py:186} INFO - Started process (PID=5603) to work on /home/ubantu/miniconda3/envs/airflow-dev/lib/python3.11/site-packages/airflow/example_dags/example_trigger_controller_dag.py
[2026-04-21T18:47:49.793+0530] {processor.py:914} INFO - Processing file /home/ubantu/miniconda3/envs/airflow-dev/lib/python3.11/site-packages/airflow/example_dags/example_trigger_controller_dag.py for tasks to queue
[2026-04-21T18:47:49.796+0530] {logging_mixin.py:190} INFO - [2026-04-21T18:47:49.795+0530] {dagbag.py:588} INFO - Filling up the DagBag from /home/ubantu/miniconda3/envs/airflow-dev/lib/python3.11/site-packages/airflow/example_dags/example_trigger_controller_dag.py
[2026-04-21T18:47:49.803+0530] {processor.py:925} INFO - DAG(s) 'example_trigger_controller_dag' retrieved from /home/ubantu/miniconda3/envs/airflow-dev/lib/python3.11/site-packages/airflow/example_dags/example_trigger_controller_dag.py
[2026-04-21T18:47:49.820+0530] {logging_mixin.py:190} INFO - [2026-04-21T18:47:49.820+0530] {dag.py:3239} INFO - Sync 1 DAGs
[2026-04-21T18:47:49.838+0530] {logging_mixin.py:190} INFO - [2026-04-21T18:47:49.838+0530] {dag.py:4180} INFO - Setting next_dagrun for example_trigger_controller_dag to 2021-01-01 00:00:00+00:00, run_after=2021-01-01 00:00:00+00:00
[2026-04-21T18:47:49.854+0530] {processor.py:208} INFO - Processing /home/ubantu/miniconda3/envs/airflow-dev/lib/python3.11/site-packages/airflow/example_dags/example_trigger_controller_dag.py took 0.069 seconds
[2026-04-21T18:49:15.251+0530] {processor.py:186} INFO - Started process (PID=5714) to work on /home/ubantu/miniconda3/envs/airflow-dev/lib/python3.11/site-packages/airflow/example_dags/example_trigger_controller_dag.py
[2026-04-21T18:49:15.252+0530] {processor.py:914} INFO - Processing file /home/ubantu/miniconda3/envs/airflow-dev/lib/python3.11/site-packages/airflow/example_dags/example_trigger_controller_dag.py for tasks to queue
[2026-04-21T18:49:15.256+0530] {logging_mixin.py:190} INFO - [2026-04-21T18:49:15.255+0530] {dagbag.py:588} INFO - Filling up the DagBag from /home/ubantu/miniconda3/envs/airflow-dev/lib/python3.11/site-packages/airflow/example_dags/example_trigger_controller_dag.py
[2026-04-21T18:49:15.264+0530] {processor.py:925} INFO - DAG(s) 'example_trigger_controller_dag' retrieved from /home/ubantu/miniconda3/envs/airflow-dev/lib/python3.11/site-packages/airflow/example_dags/example_trigger_controller_dag.py
[2026-04-21T18:49:15.385+0530] {logging_mixin.py:190} INFO - [2026-04-21T18:49:15.385+0530] {dag.py:3239} INFO - Sync 1 DAGs
[2026-04-21T18:49:15.401+0530] {logging_mixin.py:190} INFO - [2026-04-21T18:49:15.401+0530] {dag.py:4180} INFO - Setting next_dagrun for example_trigger_controller_dag to 2021-01-01 00:00:00+00:00, run_after=2021-01-01 00:00:00+00:00
[2026-04-21T18:49:15.417+0530] {processor.py:208} INFO - Processing /home/ubantu/miniconda3/envs/airflow-dev/lib/python3.11/site-packages/airflow/example_dags/example_trigger_controller_dag.py took 0.173 seconds
[2026-04-21T18:50:35.841+0530] {processor.py:186} INFO - Started process (PID=5837) to work on /home/ubantu/miniconda3/envs/airflow-dev/lib/python3.11/site-packages/airflow/example_dags/example_trigger_controller_dag.py
[2026-04-21T18:50:35.842+0530] {processor.py:914} INFO - Processing file /home/ubantu/miniconda3/envs/airflow-dev/lib/python3.11/site-packages/airflow/example_dags/example_trigger_controller_dag.py for tasks to queue
[2026-04-21T18:50:35.845+0530] {logging_mixin.py:190} INFO - [2026-04-21T18:50:35.844+0530] {dagbag.py:588} INFO - Filling up the DagBag from /home/ubantu/miniconda3/envs/airflow-dev/lib/python3.11/site-packages/airflow/example_dags/example_trigger_controller_dag.py
[2026-04-21T18:50:35.852+0530] {processor.py:925} INFO - DAG(s) 'example_trigger_controller_dag' retrieved from /home/ubantu/miniconda3/envs/airflow-dev/lib/python3.11/site-packages/airflow/example_dags/example_trigger_controller_dag.py
[2026-04-21T18:50:35.867+0530] {logging_mixin.py:190} INFO - [2026-04-21T18:50:35.867+0530] {dag.py:3239} INFO - Sync 1 DAGs
[2026-04-21T18:50:35.889+0530] {logging_mixin.py:190} INFO - [2026-04-21T18:50:35.889+0530] {dag.py:4180} INFO - Setting next_dagrun for example_trigger_controller_dag to 2021-01-01 00:00:00+00:00, run_after=2021-01-01 00:00:00+00:00
[2026-04-21T18:50:35.910+0530] {processor.py:208} INFO - Processing /home/ubantu/miniconda3/envs/airflow-dev/lib/python3.11/site-packages/airflow/example_dags/example_trigger_controller_dag.py took 0.075 seconds
[2026-04-21T18:51:55.751+0530] {processor.py:186} INFO - Started process (PID=5930) to work on /home/ubantu/miniconda3/envs/airflow-dev/lib/python3.11/site-packages/airflow/example_dags/example_trigger_controller_dag.py
[2026-04-21T18:51:55.752+0530] {processor.py:914} INFO - Processing file /home/ubantu/miniconda3/envs/airflow-dev/lib/python3.11/site-packages/airflow/example_dags/example_trigger_controller_dag.py for tasks to queue
[2026-04-21T18:51:55.754+0530] {logging_mixin.py:190} INFO - [2026-04-21T18:51:55.754+0530] {dagbag.py:588} INFO - Filling up the DagBag from /home/ubantu/miniconda3/envs/airflow-dev/lib/python3.11/site-packages/airflow/example_dags/example_trigger_controller_dag.py
[2026-04-21T18:51:55.764+0530] {processor.py:925} INFO - DAG(s) 'example_trigger_controller_dag' retrieved from /home/ubantu/miniconda3/envs/airflow-dev/lib/python3.11/site-packages/airflow/example_dags/example_trigger_controller_dag.py
[2026-04-21T18:51:55.783+0530] {logging_mixin.py:190} INFO - [2026-04-21T18:51:55.782+0530] {dag.py:3239} INFO - Sync 1 DAGs
[2026-04-21T18:51:55.802+0530] {logging_mixin.py:190} INFO - [2026-04-21T18:51:55.801+0530] {dag.py:4180} INFO - Setting next_dagrun for example_trigger_controller_dag to 2021-01-01 00:00:00+00:00, run_after=2021-01-01 00:00:00+00:00
[2026-04-21T18:51:55.819+0530] {processor.py:208} INFO - Processing /home/ubantu/miniconda3/envs/airflow-dev/lib/python3.11/site-packages/airflow/example_dags/example_trigger_controller_dag.py took 0.076 seconds
[2026-04-21T18:53:15.189+0530] {processor.py:186} INFO - Started process (PID=6047) to work on /home/ubantu/miniconda3/envs/airflow-dev/lib/python3.11/site-packages/airflow/example_dags/example_trigger_controller_dag.py
[2026-04-21T18:53:15.190+0530] {processor.py:914} INFO - Processing file /home/ubantu/miniconda3/envs/airflow-dev/lib/python3.11/site-packages/airflow/example_dags/example_trigger_controller_dag.py for tasks to queue
[2026-04-21T18:53:15.192+0530] {logging_mixin.py:190} INFO - [2026-04-21T18:53:15.192+0530] {dagbag.py:588} INFO - Filling up the DagBag from /home/ubantu/miniconda3/envs/airflow-dev/lib/python3.11/site-packages/airflow/example_dags/example_trigger_controller_dag.py
[2026-04-21T18:53:15.202+0530] {processor.py:925} INFO - DAG(s) 'example_trigger_controller_dag' retrieved from /home/ubantu/miniconda3/envs/airflow-dev/lib/python3.11/site-packages/airflow/example_dags/example_trigger_controller_dag.py
[2026-04-21T18:53:15.219+0530] {logging_mixin.py:190} INFO - [2026-04-21T18:53:15.219+0530] {dag.py:3239} INFO - Sync 1 DAGs
[2026-04-21T18:53:15.239+0530] {logging_mixin.py:190} INFO - [2026-04-21T18:53:15.238+0530] {dag.py:4180} INFO - Setting next_dagrun for example_trigger_controller_dag to 2021-01-01 00:00:00+00:00, run_after=2021-01-01 00:00:00+00:00
[2026-04-21T18:53:15.255+0530] {processor.py:208} INFO - Processing /home/ubantu/miniconda3/envs/airflow-dev/lib/python3.11/site-packages/airflow/example_dags/example_trigger_controller_dag.py took 0.073 seconds
[2026-04-21T18:54:33.734+0530] {processor.py:186} INFO - Started process (PID=6162) to work on /home/ubantu/miniconda3/envs/airflow-dev/lib/python3.11/site-packages/airflow/example_dags/example_trigger_controller_dag.py
[2026-04-21T18:54:33.735+0530] {processor.py:914} INFO - Processing file /home/ubantu/miniconda3/envs/airflow-dev/lib/python3.11/site-packages/airflow/example_dags/example_trigger_controller_dag.py for tasks to queue
[2026-04-21T18:54:33.738+0530] {logging_mixin.py:190} INFO - [2026-04-21T18:54:33.737+0530] {dagbag.py:588} INFO - Filling up the DagBag from /home/ubantu/miniconda3/envs/airflow-dev/lib/python3.11/site-packages/airflow/example_dags/example_trigger_controller_dag.py
[2026-04-21T18:54:33.747+0530] {processor.py:925} INFO - DAG(s) 'example_trigger_controller_dag' retrieved from /home/ubantu/miniconda3/envs/airflow-dev/lib/python3.11/site-packages/airflow/example_dags/example_trigger_controller_dag.py
[2026-04-21T18:54:33.763+0530] {logging_mixin.py:190} INFO - [2026-04-21T18:54:33.762+0530] {dag.py:3239} INFO - Sync 1 DAGs
[2026-04-21T18:54:33.783+0530] {logging_mixin.py:190} INFO - [2026-04-21T18:54:33.783+0530] {dag.py:4180} INFO - Setting next_dagrun for example_trigger_controller_dag to 2021-01-01 00:00:00+00:00, run_after=2021-01-01 00:00:00+00:00
[2026-04-21T18:54:33.804+0530] {processor.py:208} INFO - Processing /home/ubantu/miniconda3/envs/airflow-dev/lib/python3.11/site-packages/airflow/example_dags/example_trigger_controller_dag.py took 0.076 seconds
[2026-04-21T18:55:52.520+0530] {processor.py:186} INFO - Started process (PID=6271) to work on /home/ubantu/miniconda3/envs/airflow-dev/lib/python3.11/site-packages/airflow/example_dags/example_trigger_controller_dag.py
[2026-04-21T18:55:52.521+0530] {processor.py:914} INFO - Processing file /home/ubantu/miniconda3/envs/airflow-dev/lib/python3.11/site-packages/airflow/example_dags/example_trigger_controller_dag.py for tasks to queue
[2026-04-21T18:55:52.524+0530] {logging_mixin.py:190} INFO - [2026-04-21T18:55:52.523+0530] {dagbag.py:588} INFO - Filling up the DagBag from /home/ubantu/miniconda3/envs/airflow-dev/lib/python3.11/site-packages/airflow/example_dags/example_trigger_controller_dag.py
[2026-04-21T18:55:52.533+0530] {processor.py:925} INFO - DAG(s) 'example_trigger_controller_dag' retrieved from /home/ubantu/miniconda3/envs/airflow-dev/lib/python3.11/site-packages/airflow/example_dags/example_trigger_controller_dag.py
[2026-04-21T18:55:52.549+0530] {logging_mixin.py:190} INFO - [2026-04-21T18:55:52.548+0530] {dag.py:3239} INFO - Sync 1 DAGs
[2026-04-21T18:55:52.567+0530] {logging_mixin.py:190} INFO - [2026-04-21T18:55:52.567+0530] {dag.py:4180} INFO - Setting next_dagrun for example_trigger_controller_dag to 2021-01-01 00:00:00+00:00, run_after=2021-01-01 00:00:00+00:00
[2026-04-21T18:55:52.583+0530] {processor.py:208} INFO - Processing /home/ubantu/miniconda3/envs/airflow-dev/lib/python3.11/site-packages/airflow/example_dags/example_trigger_controller_dag.py took 0.070 seconds
[2026-04-21T18:57:11.565+0530] {processor.py:186} INFO - Started process (PID=6383) to work on /home/ubantu/miniconda3/envs/airflow-dev/lib/python3.11/site-packages/airflow/example_dags/example_trigger_controller_dag.py
[2026-04-21T18:57:11.566+0530] {processor.py:914} INFO - Processing file /home/ubantu/miniconda3/envs/airflow-dev/lib/python3.11/site-packages/airflow/example_dags/example_trigger_controller_dag.py for tasks to queue
[2026-04-21T18:57:11.568+0530] {logging_mixin.py:190} INFO - [2026-04-21T18:57:11.568+0530] {dagbag.py:588} INFO - Filling up the DagBag from /home/ubantu/miniconda3/envs/airflow-dev/lib/python3.11/site-packages/airflow/example_dags/example_trigger_controller_dag.py
[2026-04-21T18:57:11.576+0530] {processor.py:925} INFO - DAG(s) 'example_trigger_controller_dag' retrieved from /home/ubantu/miniconda3/envs/airflow-dev/lib/python3.11/site-packages/airflow/example_dags/example_trigger_controller_dag.py
[2026-04-21T18:57:11.591+0530] {logging_mixin.py:190} INFO - [2026-04-21T18:57:11.591+0530] {dag.py:3239} INFO - Sync 1 DAGs
[2026-04-21T18:57:11.610+0530] {logging_mixin.py:190} INFO - [2026-04-21T18:57:11.610+0530] {dag.py:4180} INFO - Setting next_dagrun for example_trigger_controller_dag to 2021-01-01 00:00:00+00:00, run_after=2021-01-01 00:00:00+00:00
[2026-04-21T18:57:11.629+0530] {processor.py:208} INFO - Processing /home/ubantu/miniconda3/envs/airflow-dev/lib/python3.11/site-packages/airflow/example_dags/example_trigger_controller_dag.py took 0.071 seconds
[2026-04-21T19:00:49.892+0530] {processor.py:186} INFO - Started process (PID=6520) to work on /home/ubantu/miniconda3/envs/airflow-dev/lib/python3.11/site-packages/airflow/example_dags/example_trigger_controller_dag.py
[2026-04-21T19:00:49.893+0530] {processor.py:914} INFO - Processing file /home/ubantu/miniconda3/envs/airflow-dev/lib/python3.11/site-packages/airflow/example_dags/example_trigger_controller_dag.py for tasks to queue
[2026-04-21T19:00:49.894+0530] {logging_mixin.py:190} INFO - [2026-04-21T19:00:49.894+0530] {dagbag.py:588} INFO - Filling up the DagBag from /home/ubantu/miniconda3/envs/airflow-dev/lib/python3.11/site-packages/airflow/example_dags/example_trigger_controller_dag.py
[2026-04-21T19:00:49.899+0530] {processor.py:925} INFO - DAG(s) 'example_trigger_controller_dag' retrieved from /home/ubantu/miniconda3/envs/airflow-dev/lib/python3.11/site-packages/airflow/example_dags/example_trigger_controller_dag.py
[2026-04-21T19:00:49.915+0530] {logging_mixin.py:190} INFO - [2026-04-21T19:00:49.915+0530] {dag.py:3239} INFO - Sync 1 DAGs
[2026-04-21T19:00:49.930+0530] {logging_mixin.py:190} INFO - [2026-04-21T19:00:49.930+0530] {dag.py:4180} INFO - Setting next_dagrun for example_trigger_controller_dag to 2021-01-01 00:00:00+00:00, run_after=2021-01-01 00:00:00+00:00
[2026-04-21T19:00:49.947+0530] {processor.py:208} INFO - Processing /home/ubantu/miniconda3/envs/airflow-dev/lib/python3.11/site-packages/airflow/example_dags/example_trigger_controller_dag.py took 0.062 seconds
[2026-04-21T19:02:40.669+0530] {processor.py:186} INFO - Started process (PID=6659) to work on /home/ubantu/miniconda3/envs/airflow-dev/lib/python3.11/site-packages/airflow/example_dags/example_trigger_controller_dag.py
[2026-04-21T19:02:40.670+0530] {processor.py:914} INFO - Processing file /home/ubantu/miniconda3/envs/airflow-dev/lib/python3.11/site-packages/airflow/example_dags/example_trigger_controller_dag.py for tasks to queue
[2026-04-21T19:02:40.671+0530] {logging_mixin.py:190} INFO - [2026-04-21T19:02:40.671+0530] {dagbag.py:588} INFO - Filling up the DagBag from /home/ubantu/miniconda3/envs/airflow-dev/lib/python3.11/site-packages/airflow/example_dags/example_trigger_controller_dag.py
[2026-04-21T19:02:40.677+0530] {processor.py:925} INFO - DAG(s) 'example_trigger_controller_dag' retrieved from /home/ubantu/miniconda3/envs/airflow-dev/lib/python3.11/site-packages/airflow/example_dags/example_trigger_controller_dag.py
[2026-04-21T19:02:40.692+0530] {logging_mixin.py:190} INFO - [2026-04-21T19:02:40.691+0530] {dag.py:3239} INFO - Sync 1 DAGs
[2026-04-21T19:02:40.709+0530] {logging_mixin.py:190} INFO - [2026-04-21T19:02:40.709+0530] {dag.py:4180} INFO - Setting next_dagrun for example_trigger_controller_dag to 2021-01-01 00:00:00+00:00, run_after=2021-01-01 00:00:00+00:00
[2026-04-21T19:02:40.725+0530] {processor.py:208} INFO - Processing /home/ubantu/miniconda3/envs/airflow-dev/lib/python3.11/site-packages/airflow/example_dags/example_trigger_controller_dag.py took 0.062 seconds
[2026-04-21T19:04:00.627+0530] {processor.py:186} INFO - Started process (PID=6766) to work on /home/ubantu/miniconda3/envs/airflow-dev/lib/python3.11/site-packages/airflow/example_dags/example_trigger_controller_dag.py
[2026-04-21T19:04:00.628+0530] {processor.py:914} INFO - Processing file /home/ubantu/miniconda3/envs/airflow-dev/lib/python3.11/site-packages/airflow/example_dags/example_trigger_controller_dag.py for tasks to queue
[2026-04-21T19:04:00.629+0530] {logging_mixin.py:190} INFO - [2026-04-21T19:04:00.629+0530] {dagbag.py:588} INFO - Filling up the DagBag from /home/ubantu/miniconda3/envs/airflow-dev/lib/python3.11/site-packages/airflow/example_dags/example_trigger_controller_dag.py
[2026-04-21T19:04:00.635+0530] {processor.py:925} INFO - DAG(s) 'example_trigger_controller_dag' retrieved from /home/ubantu/miniconda3/envs/airflow-dev/lib/python3.11/site-packages/airflow/example_dags/example_trigger_controller_dag.py
[2026-04-21T19:04:00.649+0530] {logging_mixin.py:190} INFO - [2026-04-21T19:04:00.649+0530] {dag.py:3239} INFO - Sync 1 DAGs
[2026-04-21T19:04:00.664+0530] {logging_mixin.py:190} INFO - [2026-04-21T19:04:00.664+0530] {dag.py:4180} INFO - Setting next_dagrun for example_trigger_controller_dag to 2021-01-01 00:00:00+00:00, run_after=2021-01-01 00:00:00+00:00
[2026-04-21T19:04:00.682+0530] {processor.py:208} INFO - Processing /home/ubantu/miniconda3/envs/airflow-dev/lib/python3.11/site-packages/airflow/example_dags/example_trigger_controller_dag.py took 0.061 seconds
[2026-04-21T19:05:24.108+0530] {processor.py:186} INFO - Started process (PID=6816) to work on /home/ubantu/miniconda3/envs/airflow-dev/lib/python3.11/site-packages/airflow/example_dags/example_trigger_controller_dag.py
[2026-04-21T19:05:24.109+0530] {processor.py:914} INFO - Processing file /home/ubantu/miniconda3/envs/airflow-dev/lib/python3.11/site-packages/airflow/example_dags/example_trigger_controller_dag.py for tasks to queue
[2026-04-21T19:05:24.111+0530] {logging_mixin.py:190} INFO - [2026-04-21T19:05:24.110+0530] {dagbag.py:588} INFO - Filling up the DagBag from /home/ubantu/miniconda3/envs/airflow-dev/lib/python3.11/site-packages/airflow/example_dags/example_trigger_controller_dag.py
[2026-04-21T19:05:24.116+0530] {processor.py:925} INFO - DAG(s) 'example_trigger_controller_dag' retrieved from /home/ubantu/miniconda3/envs/airflow-dev/lib/python3.11/site-packages/airflow/example_dags/example_trigger_controller_dag.py
[2026-04-21T19:05:24.133+0530] {logging_mixin.py:190} INFO - [2026-04-21T19:05:24.132+0530] {dag.py:3239} INFO - Sync 1 DAGs
[2026-04-21T19:05:24.148+0530] {logging_mixin.py:190} INFO - [2026-04-21T19:05:24.148+0530] {dag.py:4180} INFO - Setting next_dagrun for example_trigger_controller_dag to 2021-01-01 00:00:00+00:00, run_after=2021-01-01 00:00:00+00:00
[2026-04-21T19:05:24.165+0530] {processor.py:208} INFO - Processing /home/ubantu/miniconda3/envs/airflow-dev/lib/python3.11/site-packages/airflow/example_dags/example_trigger_controller_dag.py took 0.063 seconds
[2026-04-21T19:07:12.576+0530] {processor.py:186} INFO - Started process (PID=6970) to work on /home/ubantu/miniconda3/envs/airflow-dev/lib/python3.11/site-packages/airflow/example_dags/example_trigger_controller_dag.py
[2026-04-21T19:07:12.577+0530] {processor.py:914} INFO - Processing file /home/ubantu/miniconda3/envs/airflow-dev/lib/python3.11/site-packages/airflow/example_dags/example_trigger_controller_dag.py for tasks to queue
[2026-04-21T19:07:12.578+0530] {logging_mixin.py:190} INFO - [2026-04-21T19:07:12.578+0530] {dagbag.py:588} INFO - Filling up the DagBag from /home/ubantu/miniconda3/envs/airflow-dev/lib/python3.11/site-packages/airflow/example_dags/example_trigger_controller_dag.py
[2026-04-21T19:07:12.583+0530] {processor.py:925} INFO - DAG(s) 'example_trigger_controller_dag' retrieved from /home/ubantu/miniconda3/envs/airflow-dev/lib/python3.11/site-packages/airflow/example_dags/example_trigger_controller_dag.py
[2026-04-21T19:07:12.596+0530] {logging_mixin.py:190} INFO - [2026-04-21T19:07:12.596+0530] {dag.py:3239} INFO - Sync 1 DAGs
[2026-04-21T19:07:12.610+0530] {logging_mixin.py:190} INFO - [2026-04-21T19:07:12.610+0530] {dag.py:4180} INFO - Setting next_dagrun for example_trigger_controller_dag to 2021-01-01 00:00:00+00:00, run_after=2021-01-01 00:00:00+00:00
[2026-04-21T19:07:12.627+0530] {processor.py:208} INFO - Processing /home/ubantu/miniconda3/envs/airflow-dev/lib/python3.11/site-packages/airflow/example_dags/example_trigger_controller_dag.py took 0.056 seconds
[2026-04-21T19:08:30.911+0530] {processor.py:186} INFO - Started process (PID=7079) to work on /home/ubantu/miniconda3/envs/airflow-dev/lib/python3.11/site-packages/airflow/example_dags/example_trigger_controller_dag.py
[2026-04-21T19:08:30.913+0530] {processor.py:914} INFO - Processing file /home/ubantu/miniconda3/envs/airflow-dev/lib/python3.11/site-packages/airflow/example_dags/example_trigger_controller_dag.py for tasks to queue
[2026-04-21T19:08:30.915+0530] {logging_mixin.py:190} INFO - [2026-04-21T19:08:30.914+0530] {dagbag.py:588} INFO - Filling up the DagBag from /home/ubantu/miniconda3/envs/airflow-dev/lib/python3.11/site-packages/airflow/example_dags/example_trigger_controller_dag.py
[2026-04-21T19:08:30.921+0530] {processor.py:925} INFO - DAG(s) 'example_trigger_controller_dag' retrieved from /home/ubantu/miniconda3/envs/airflow-dev/lib/python3.11/site-packages/airflow/example_dags/example_trigger_controller_dag.py
[2026-04-21T19:08:30.934+0530] {logging_mixin.py:190} INFO - [2026-04-21T19:08:30.934+0530] {dag.py:3239} INFO - Sync 1 DAGs
[2026-04-21T19:08:30.950+0530] {logging_mixin.py:190} INFO - [2026-04-21T19:08:30.950+0530] {dag.py:4180} INFO - Setting next_dagrun for example_trigger_controller_dag to 2021-01-01 00:00:00+00:00, run_after=2021-01-01 00:00:00+00:00
[2026-04-21T19:08:30.980+0530] {processor.py:208} INFO - Processing /home/ubantu/miniconda3/envs/airflow-dev/lib/python3.11/site-packages/airflow/example_dags/example_trigger_controller_dag.py took 0.075 seconds
[2026-04-21T19:09:49.695+0530] {processor.py:186} INFO - Started process (PID=7178) to work on /home/ubantu/miniconda3/envs/airflow-dev/lib/python3.11/site-packages/airflow/example_dags/example_trigger_controller_dag.py
[2026-04-21T19:09:49.696+0530] {processor.py:914} INFO - Processing file /home/ubantu/miniconda3/envs/airflow-dev/lib/python3.11/site-packages/airflow/example_dags/example_trigger_controller_dag.py for tasks to queue
[2026-04-21T19:09:49.698+0530] {logging_mixin.py:190} INFO - [2026-04-21T19:09:49.697+0530] {dagbag.py:588} INFO - Filling up the DagBag from /home/ubantu/miniconda3/envs/airflow-dev/lib/python3.11/site-packages/airflow/example_dags/example_trigger_controller_dag.py
[2026-04-21T19:09:49.704+0530] {processor.py:925} INFO - DAG(s) 'example_trigger_controller_dag' retrieved from /home/ubantu/miniconda3/envs/airflow-dev/lib/python3.11/site-packages/airflow/example_dags/example_trigger_controller_dag.py
[2026-04-21T19:09:49.719+0530] {logging_mixin.py:190} INFO - [2026-04-21T19:09:49.719+0530] {dag.py:3239} INFO - Sync 1 DAGs
[2026-04-21T19:09:49.736+0530] {logging_mixin.py:190} INFO - [2026-04-21T19:09:49.736+0530] {dag.py:4180} INFO - Setting next_dagrun for example_trigger_controller_dag to 2021-01-01 00:00:00+00:00, run_after=2021-01-01 00:00:00+00:00
[2026-04-21T19:09:49.755+0530] {processor.py:208} INFO - Processing /home/ubantu/miniconda3/envs/airflow-dev/lib/python3.11/site-packages/airflow/example_dags/example_trigger_controller_dag.py took 0.067 seconds
[2026-04-21T19:11:07.867+0530] {processor.py:186} INFO - Started process (PID=7273) to work on /home/ubantu/miniconda3/envs/airflow-dev/lib/python3.11/site-packages/airflow/example_dags/example_trigger_controller_dag.py
[2026-04-21T19:11:07.868+0530] {processor.py:914} INFO - Processing file /home/ubantu/miniconda3/envs/airflow-dev/lib/python3.11/site-packages/airflow/example_dags/example_trigger_controller_dag.py for tasks to queue
[2026-04-21T19:11:07.870+0530] {logging_mixin.py:190} INFO - [2026-04-21T19:11:07.869+0530] {dagbag.py:588} INFO - Filling up the DagBag from /home/ubantu/miniconda3/envs/airflow-dev/lib/python3.11/site-packages/airflow/example_dags/example_trigger_controller_dag.py
[2026-04-21T19:11:07.876+0530] {processor.py:925} INFO - DAG(s) 'example_trigger_controller_dag' retrieved from /home/ubantu/miniconda3/envs/airflow-dev/lib/python3.11/site-packages/airflow/example_dags/example_trigger_controller_dag.py
[2026-04-21T19:11:07.890+0530] {logging_mixin.py:190} INFO - [2026-04-21T19:11:07.890+0530] {dag.py:3239} INFO - Sync 1 DAGs
[2026-04-21T19:11:07.905+0530] {logging_mixin.py:190} INFO - [2026-04-21T19:11:07.905+0530] {dag.py:4180} INFO - Setting next_dagrun for example_trigger_controller_dag to 2021-01-01 00:00:00+00:00, run_after=2021-01-01 00:00:00+00:00
[2026-04-21T19:11:07.921+0530] {processor.py:208} INFO - Processing /home/ubantu/miniconda3/envs/airflow-dev/lib/python3.11/site-packages/airflow/example_dags/example_trigger_controller_dag.py took 0.064 seconds
[2026-04-21T19:12:26.209+0530] {processor.py:186} INFO - Started process (PID=7376) to work on /home/ubantu/miniconda3/envs/airflow-dev/lib/python3.11/site-packages/airflow/example_dags/example_trigger_controller_dag.py
[2026-04-21T19:12:26.210+0530] {processor.py:914} INFO - Processing file /home/ubantu/miniconda3/envs/airflow-dev/lib/python3.11/site-packages/airflow/example_dags/example_trigger_controller_dag.py for tasks to queue
[2026-04-21T19:12:26.211+0530] {logging_mixin.py:190} INFO - [2026-04-21T19:12:26.211+0530] {dagbag.py:588} INFO - Filling up the DagBag from /home/ubantu/miniconda3/envs/airflow-dev/lib/python3.11/site-packages/airflow/example_dags/example_trigger_controller_dag.py
[2026-04-21T19:12:26.217+0530] {processor.py:925} INFO - DAG(s) 'example_trigger_controller_dag' retrieved from /home/ubantu/miniconda3/envs/airflow-dev/lib/python3.11/site-packages/airflow/example_dags/example_trigger_controller_dag.py
[2026-04-21T19:12:26.230+0530] {logging_mixin.py:190} INFO - [2026-04-21T19:12:26.230+0530] {dag.py:3239} INFO - Sync 1 DAGs
[2026-04-21T19:12:26.246+0530] {logging_mixin.py:190} INFO - [2026-04-21T19:12:26.246+0530] {dag.py:4180} INFO - Setting next_dagrun for example_trigger_controller_dag to 2021-01-01 00:00:00+00:00, run_after=2021-01-01 00:00:00+00:00
[2026-04-21T19:12:26.263+0530] {processor.py:208} INFO - Processing /home/ubantu/miniconda3/envs/airflow-dev/lib/python3.11/site-packages/airflow/example_dags/example_trigger_controller_dag.py took 0.060 seconds
[2026-04-21T19:13:46.092+0530] {processor.py:186} INFO - Started process (PID=7498) to work on /home/ubantu/miniconda3/envs/airflow-dev/lib/python3.11/site-packages/airflow/example_dags/example_trigger_controller_dag.py
[2026-04-21T19:13:46.093+0530] {processor.py:914} INFO - Processing file /home/ubantu/miniconda3/envs/airflow-dev/lib/python3.11/site-packages/airflow/example_dags/example_trigger_controller_dag.py for tasks to queue
[2026-04-21T19:13:46.094+0530] {logging_mixin.py:190} INFO - [2026-04-21T19:13:46.094+0530] {dagbag.py:588} INFO - Filling up the DagBag from /home/ubantu/miniconda3/envs/airflow-dev/lib/python3.11/site-packages/airflow/example_dags/example_trigger_controller_dag.py
[2026-04-21T19:13:46.100+0530] {processor.py:925} INFO - DAG(s) 'example_trigger_controller_dag' retrieved from /home/ubantu/miniconda3/envs/airflow-dev/lib/python3.11/site-packages/airflow/example_dags/example_trigger_controller_dag.py
[2026-04-21T19:13:46.114+0530] {logging_mixin.py:190} INFO - [2026-04-21T19:13:46.113+0530] {dag.py:3239} INFO - Sync 1 DAGs
[2026-04-21T19:13:46.129+0530] {logging_mixin.py:190} INFO - [2026-04-21T19:13:46.129+0530] {dag.py:4180} INFO - Setting next_dagrun for example_trigger_controller_dag to 2021-01-01 00:00:00+00:00, run_after=2021-01-01 00:00:00+00:00
[2026-04-21T19:13:46.144+0530] {processor.py:208} INFO - Processing /home/ubantu/miniconda3/envs/airflow-dev/lib/python3.11/site-packages/airflow/example_dags/example_trigger_controller_dag.py took 0.059 seconds
[2026-04-21T19:15:08.886+0530] {processor.py:186} INFO - Started process (PID=7612) to work on /home/ubantu/miniconda3/envs/airflow-dev/lib/python3.11/site-packages/airflow/example_dags/example_trigger_controller_dag.py
[2026-04-21T19:15:08.887+0530] {processor.py:914} INFO - Processing file /home/ubantu/miniconda3/envs/airflow-dev/lib/python3.11/site-packages/airflow/example_dags/example_trigger_controller_dag.py for tasks to queue
[2026-04-21T19:15:08.889+0530] {logging_mixin.py:190} INFO - [2026-04-21T19:15:08.888+0530] {dagbag.py:588} INFO - Filling up the DagBag from /home/ubantu/miniconda3/envs/airflow-dev/lib/python3.11/site-packages/airflow/example_dags/example_trigger_controller_dag.py
[2026-04-21T19:15:08.896+0530] {processor.py:925} INFO - DAG(s) 'example_trigger_controller_dag' retrieved from /home/ubantu/miniconda3/envs/airflow-dev/lib/python3.11/site-packages/airflow/example_dags/example_trigger_controller_dag.py
[2026-04-21T19:15:08.916+0530] {logging_mixin.py:190} INFO - [2026-04-21T19:15:08.915+0530] {dag.py:3239} INFO - Sync 1 DAGs
[2026-04-21T19:15:08.936+0530] {logging_mixin.py:190} INFO - [2026-04-21T19:15:08.936+0530] {dag.py:4180} INFO - Setting next_dagrun for example_trigger_controller_dag to 2021-01-01 00:00:00+00:00, run_after=2021-01-01 00:00:00+00:00
[2026-04-21T19:15:08.956+0530] {processor.py:208} INFO - Processing /home/ubantu/miniconda3/envs/airflow-dev/lib/python3.11/site-packages/airflow/example_dags/example_trigger_controller_dag.py took 0.078 seconds
[2026-04-21T19:16:26.181+0530] {processor.py:186} INFO - Started process (PID=7771) to work on /home/ubantu/miniconda3/envs/airflow-dev/lib/python3.11/site-packages/airflow/example_dags/example_trigger_controller_dag.py
[2026-04-21T19:16:26.182+0530] {processor.py:914} INFO - Processing file /home/ubantu/miniconda3/envs/airflow-dev/lib/python3.11/site-packages/airflow/example_dags/example_trigger_controller_dag.py for tasks to queue
[2026-04-21T19:16:26.184+0530] {logging_mixin.py:190} INFO - [2026-04-21T19:16:26.183+0530] {dagbag.py:588} INFO - Filling up the DagBag from /home/ubantu/miniconda3/envs/airflow-dev/lib/python3.11/site-packages/airflow/example_dags/example_trigger_controller_dag.py
[2026-04-21T19:16:26.189+0530] {processor.py:925} INFO - DAG(s) 'example_trigger_controller_dag' retrieved from /home/ubantu/miniconda3/envs/airflow-dev/lib/python3.11/site-packages/airflow/example_dags/example_trigger_controller_dag.py
[2026-04-21T19:16:26.205+0530] {logging_mixin.py:190} INFO - [2026-04-21T19:16:26.205+0530] {dag.py:3239} INFO - Sync 1 DAGs
[2026-04-21T19:16:26.221+0530] {logging_mixin.py:190} INFO - [2026-04-21T19:16:26.221+0530] {dag.py:4180} INFO - Setting next_dagrun for example_trigger_controller_dag to 2021-01-01 00:00:00+00:00, run_after=2021-01-01 00:00:00+00:00
[2026-04-21T19:16:26.238+0530] {processor.py:208} INFO - Processing /home/ubantu/miniconda3/envs/airflow-dev/lib/python3.11/site-packages/airflow/example_dags/example_trigger_controller_dag.py took 0.063 seconds
[2026-04-21T19:22:22.572+0530] {processor.py:186} INFO - Started process (PID=8332) to work on /home/ubantu/airflow-src/airflow/example_dags/example_trigger_controller_dag.py
[2026-04-21T19:22:22.573+0530] {processor.py:914} INFO - Processing file /home/ubantu/airflow-src/airflow/example_dags/example_trigger_controller_dag.py for tasks to queue
[2026-04-21T19:22:22.575+0530] {logging_mixin.py:190} INFO - [2026-04-21T19:22:22.574+0530] {dagbag.py:588} INFO - Filling up the DagBag from /home/ubantu/airflow-src/airflow/example_dags/example_trigger_controller_dag.py
[2026-04-21T19:22:22.579+0530] {processor.py:925} INFO - DAG(s) 'example_trigger_controller_dag' retrieved from /home/ubantu/airflow-src/airflow/example_dags/example_trigger_controller_dag.py
[2026-04-21T19:22:22.632+0530] {logging_mixin.py:190} INFO - [2026-04-21T19:22:22.632+0530] {dag.py:3239} INFO - Sync 1 DAGs
[2026-04-21T19:22:22.646+0530] {logging_mixin.py:190} INFO - [2026-04-21T19:22:22.646+0530] {dag.py:4180} INFO - Setting next_dagrun for example_trigger_controller_dag to 2021-01-01 00:00:00+00:00, run_after=2021-01-01 00:00:00+00:00
[2026-04-21T19:22:22.663+0530] {processor.py:208} INFO - Processing /home/ubantu/airflow-src/airflow/example_dags/example_trigger_controller_dag.py took 0.097 seconds
[2026-04-21T19:24:18.040+0530] {processor.py:186} INFO - Started process (PID=8467) to work on /home/ubantu/airflow-src/airflow/example_dags/example_trigger_controller_dag.py
[2026-04-21T19:24:18.042+0530] {processor.py:914} INFO - Processing file /home/ubantu/airflow-src/airflow/example_dags/example_trigger_controller_dag.py for tasks to queue
[2026-04-21T19:24:18.043+0530] {logging_mixin.py:190} INFO - [2026-04-21T19:24:18.043+0530] {dagbag.py:588} INFO - Filling up the DagBag from /home/ubantu/airflow-src/airflow/example_dags/example_trigger_controller_dag.py
[2026-04-21T19:24:18.049+0530] {processor.py:925} INFO - DAG(s) 'example_trigger_controller_dag' retrieved from /home/ubantu/airflow-src/airflow/example_dags/example_trigger_controller_dag.py
[2026-04-21T19:24:18.062+0530] {logging_mixin.py:190} INFO - [2026-04-21T19:24:18.062+0530] {dag.py:3239} INFO - Sync 1 DAGs
[2026-04-21T19:24:18.077+0530] {logging_mixin.py:190} INFO - [2026-04-21T19:24:18.077+0530] {dag.py:4180} INFO - Setting next_dagrun for example_trigger_controller_dag to 2021-01-01 00:00:00+00:00, run_after=2021-01-01 00:00:00+00:00
[2026-04-21T19:24:18.094+0530] {processor.py:208} INFO - Processing /home/ubantu/airflow-src/airflow/example_dags/example_trigger_controller_dag.py took 0.062 seconds
