[2026-04-21T18:46:22.061+0530] {processor.py:186} INFO - Started process (PID=5452) to work on /home/ubantu/miniconda3/envs/airflow-dev/lib/python3.11/site-packages/airflow/example_dags/example_inlet_event_extra.py
[2026-04-21T18:46:22.062+0530] {processor.py:914} INFO - Processing file /home/ubantu/miniconda3/envs/airflow-dev/lib/python3.11/site-packages/airflow/example_dags/example_inlet_event_extra.py for tasks to queue
[2026-04-21T18:46:22.064+0530] {logging_mixin.py:190} INFO - [2026-04-21T18:46:22.064+0530] {dagbag.py:588} INFO - Filling up the DagBag from /home/ubantu/miniconda3/envs/airflow-dev/lib/python3.11/site-packages/airflow/example_dags/example_inlet_event_extra.py
[2026-04-21T18:46:22.077+0530] {processor.py:925} INFO - DAG(s) 'read_dataset_event', 'read_dataset_event_from_classic' retrieved from /home/ubantu/miniconda3/envs/airflow-dev/lib/python3.11/site-packages/airflow/example_dags/example_inlet_event_extra.py
[2026-04-21T18:46:22.187+0530] {logging_mixin.py:190} INFO - [2026-04-21T18:46:22.186+0530] {dag.py:3239} INFO - Sync 2 DAGs
[2026-04-21T18:46:22.319+0530] {logging_mixin.py:190} INFO - [2026-04-21T18:46:22.319+0530] {dag.py:4180} INFO - Setting next_dagrun for read_dataset_event to 2026-04-20 00:00:00+00:00, run_after=2026-04-21 00:00:00+00:00
[2026-04-21T18:46:22.323+0530] {logging_mixin.py:190} INFO - [2026-04-21T18:46:22.323+0530] {dag.py:4180} INFO - Setting next_dagrun for read_dataset_event_from_classic to 2026-04-20 00:00:00+00:00, run_after=2026-04-21 00:00:00+00:00
[2026-04-21T18:46:22.341+0530] {processor.py:208} INFO - Processing /home/ubantu/miniconda3/envs/airflow-dev/lib/python3.11/site-packages/airflow/example_dags/example_inlet_event_extra.py took 0.286 seconds
[2026-04-21T18:48:15.279+0530] {processor.py:186} INFO - Started process (PID=5639) to work on /home/ubantu/miniconda3/envs/airflow-dev/lib/python3.11/site-packages/airflow/example_dags/example_inlet_event_extra.py
[2026-04-21T18:48:15.280+0530] {processor.py:914} INFO - Processing file /home/ubantu/miniconda3/envs/airflow-dev/lib/python3.11/site-packages/airflow/example_dags/example_inlet_event_extra.py for tasks to queue
[2026-04-21T18:48:15.282+0530] {logging_mixin.py:190} INFO - [2026-04-21T18:48:15.281+0530] {dagbag.py:588} INFO - Filling up the DagBag from /home/ubantu/miniconda3/envs/airflow-dev/lib/python3.11/site-packages/airflow/example_dags/example_inlet_event_extra.py
[2026-04-21T18:48:15.295+0530] {processor.py:925} INFO - DAG(s) 'read_dataset_event', 'read_dataset_event_from_classic' retrieved from /home/ubantu/miniconda3/envs/airflow-dev/lib/python3.11/site-packages/airflow/example_dags/example_inlet_event_extra.py
[2026-04-21T18:48:15.311+0530] {logging_mixin.py:190} INFO - [2026-04-21T18:48:15.311+0530] {dag.py:3239} INFO - Sync 2 DAGs
[2026-04-21T18:48:15.330+0530] {logging_mixin.py:190} INFO - [2026-04-21T18:48:15.329+0530] {dag.py:4180} INFO - Setting next_dagrun for read_dataset_event to 2026-04-20 00:00:00+00:00, run_after=2026-04-21 00:00:00+00:00
[2026-04-21T18:48:15.333+0530] {logging_mixin.py:190} INFO - [2026-04-21T18:48:15.333+0530] {dag.py:4180} INFO - Setting next_dagrun for read_dataset_event_from_classic to 2026-04-20 00:00:00+00:00, run_after=2026-04-21 00:00:00+00:00
[2026-04-21T18:48:15.443+0530] {processor.py:208} INFO - Processing /home/ubantu/miniconda3/envs/airflow-dev/lib/python3.11/site-packages/airflow/example_dags/example_inlet_event_extra.py took 0.170 seconds
[2026-04-21T18:49:40.871+0530] {processor.py:186} INFO - Started process (PID=5747) to work on /home/ubantu/miniconda3/envs/airflow-dev/lib/python3.11/site-packages/airflow/example_dags/example_inlet_event_extra.py
[2026-04-21T18:49:40.872+0530] {processor.py:914} INFO - Processing file /home/ubantu/miniconda3/envs/airflow-dev/lib/python3.11/site-packages/airflow/example_dags/example_inlet_event_extra.py for tasks to queue
[2026-04-21T18:49:40.875+0530] {logging_mixin.py:190} INFO - [2026-04-21T18:49:40.874+0530] {dagbag.py:588} INFO - Filling up the DagBag from /home/ubantu/miniconda3/envs/airflow-dev/lib/python3.11/site-packages/airflow/example_dags/example_inlet_event_extra.py
[2026-04-21T18:49:40.892+0530] {processor.py:925} INFO - DAG(s) 'read_dataset_event', 'read_dataset_event_from_classic' retrieved from /home/ubantu/miniconda3/envs/airflow-dev/lib/python3.11/site-packages/airflow/example_dags/example_inlet_event_extra.py
[2026-04-21T18:49:40.912+0530] {logging_mixin.py:190} INFO - [2026-04-21T18:49:40.912+0530] {dag.py:3239} INFO - Sync 2 DAGs
[2026-04-21T18:49:40.931+0530] {logging_mixin.py:190} INFO - [2026-04-21T18:49:40.931+0530] {dag.py:4180} INFO - Setting next_dagrun for read_dataset_event to 2026-04-20 00:00:00+00:00, run_after=2026-04-21 00:00:00+00:00
[2026-04-21T18:49:40.935+0530] {logging_mixin.py:190} INFO - [2026-04-21T18:49:40.935+0530] {dag.py:4180} INFO - Setting next_dagrun for read_dataset_event_from_classic to 2026-04-20 00:00:00+00:00, run_after=2026-04-21 00:00:00+00:00
[2026-04-21T18:49:40.952+0530] {processor.py:208} INFO - Processing /home/ubantu/miniconda3/envs/airflow-dev/lib/python3.11/site-packages/airflow/example_dags/example_inlet_event_extra.py took 0.089 seconds
[2026-04-21T18:51:00.429+0530] {processor.py:186} INFO - Started process (PID=5861) to work on /home/ubantu/miniconda3/envs/airflow-dev/lib/python3.11/site-packages/airflow/example_dags/example_inlet_event_extra.py
[2026-04-21T18:51:00.430+0530] {processor.py:914} INFO - Processing file /home/ubantu/miniconda3/envs/airflow-dev/lib/python3.11/site-packages/airflow/example_dags/example_inlet_event_extra.py for tasks to queue
[2026-04-21T18:51:00.432+0530] {logging_mixin.py:190} INFO - [2026-04-21T18:51:00.432+0530] {dagbag.py:588} INFO - Filling up the DagBag from /home/ubantu/miniconda3/envs/airflow-dev/lib/python3.11/site-packages/airflow/example_dags/example_inlet_event_extra.py
[2026-04-21T18:51:00.447+0530] {processor.py:925} INFO - DAG(s) 'read_dataset_event', 'read_dataset_event_from_classic' retrieved from /home/ubantu/miniconda3/envs/airflow-dev/lib/python3.11/site-packages/airflow/example_dags/example_inlet_event_extra.py
[2026-04-21T18:51:00.465+0530] {logging_mixin.py:190} INFO - [2026-04-21T18:51:00.465+0530] {dag.py:3239} INFO - Sync 2 DAGs
[2026-04-21T18:51:00.484+0530] {logging_mixin.py:190} INFO - [2026-04-21T18:51:00.484+0530] {dag.py:4180} INFO - Setting next_dagrun for read_dataset_event to 2026-04-20 00:00:00+00:00, run_after=2026-04-21 00:00:00+00:00
[2026-04-21T18:51:00.488+0530] {logging_mixin.py:190} INFO - [2026-04-21T18:51:00.487+0530] {dag.py:4180} INFO - Setting next_dagrun for read_dataset_event_from_classic to 2026-04-20 00:00:00+00:00, run_after=2026-04-21 00:00:00+00:00
[2026-04-21T18:51:00.502+0530] {processor.py:208} INFO - Processing /home/ubantu/miniconda3/envs/airflow-dev/lib/python3.11/site-packages/airflow/example_dags/example_inlet_event_extra.py took 0.079 seconds
[2026-04-21T18:52:20.777+0530] {processor.py:186} INFO - Started process (PID=5969) to work on /home/ubantu/miniconda3/envs/airflow-dev/lib/python3.11/site-packages/airflow/example_dags/example_inlet_event_extra.py
[2026-04-21T18:52:20.778+0530] {processor.py:914} INFO - Processing file /home/ubantu/miniconda3/envs/airflow-dev/lib/python3.11/site-packages/airflow/example_dags/example_inlet_event_extra.py for tasks to queue
[2026-04-21T18:52:20.780+0530] {logging_mixin.py:190} INFO - [2026-04-21T18:52:20.780+0530] {dagbag.py:588} INFO - Filling up the DagBag from /home/ubantu/miniconda3/envs/airflow-dev/lib/python3.11/site-packages/airflow/example_dags/example_inlet_event_extra.py
[2026-04-21T18:52:20.791+0530] {processor.py:925} INFO - DAG(s) 'read_dataset_event', 'read_dataset_event_from_classic' retrieved from /home/ubantu/miniconda3/envs/airflow-dev/lib/python3.11/site-packages/airflow/example_dags/example_inlet_event_extra.py
[2026-04-21T18:52:20.806+0530] {logging_mixin.py:190} INFO - [2026-04-21T18:52:20.806+0530] {dag.py:3239} INFO - Sync 2 DAGs
[2026-04-21T18:52:20.825+0530] {logging_mixin.py:190} INFO - [2026-04-21T18:52:20.825+0530] {dag.py:4180} INFO - Setting next_dagrun for read_dataset_event to 2026-04-20 00:00:00+00:00, run_after=2026-04-21 00:00:00+00:00
[2026-04-21T18:52:20.828+0530] {logging_mixin.py:190} INFO - [2026-04-21T18:52:20.828+0530] {dag.py:4180} INFO - Setting next_dagrun for read_dataset_event_from_classic to 2026-04-20 00:00:00+00:00, run_after=2026-04-21 00:00:00+00:00
[2026-04-21T18:52:20.844+0530] {processor.py:208} INFO - Processing /home/ubantu/miniconda3/envs/airflow-dev/lib/python3.11/site-packages/airflow/example_dags/example_inlet_event_extra.py took 0.072 seconds
[2026-04-21T18:53:38.402+0530] {processor.py:186} INFO - Started process (PID=6079) to work on /home/ubantu/miniconda3/envs/airflow-dev/lib/python3.11/site-packages/airflow/example_dags/example_inlet_event_extra.py
[2026-04-21T18:53:38.403+0530] {processor.py:914} INFO - Processing file /home/ubantu/miniconda3/envs/airflow-dev/lib/python3.11/site-packages/airflow/example_dags/example_inlet_event_extra.py for tasks to queue
[2026-04-21T18:53:38.406+0530] {logging_mixin.py:190} INFO - [2026-04-21T18:53:38.405+0530] {dagbag.py:588} INFO - Filling up the DagBag from /home/ubantu/miniconda3/envs/airflow-dev/lib/python3.11/site-packages/airflow/example_dags/example_inlet_event_extra.py
[2026-04-21T18:53:38.419+0530] {processor.py:925} INFO - DAG(s) 'read_dataset_event', 'read_dataset_event_from_classic' retrieved from /home/ubantu/miniconda3/envs/airflow-dev/lib/python3.11/site-packages/airflow/example_dags/example_inlet_event_extra.py
[2026-04-21T18:53:38.436+0530] {logging_mixin.py:190} INFO - [2026-04-21T18:53:38.436+0530] {dag.py:3239} INFO - Sync 2 DAGs
[2026-04-21T18:53:38.455+0530] {logging_mixin.py:190} INFO - [2026-04-21T18:53:38.455+0530] {dag.py:4180} INFO - Setting next_dagrun for read_dataset_event to 2026-04-20 00:00:00+00:00, run_after=2026-04-21 00:00:00+00:00
[2026-04-21T18:53:38.459+0530] {logging_mixin.py:190} INFO - [2026-04-21T18:53:38.459+0530] {dag.py:4180} INFO - Setting next_dagrun for read_dataset_event_from_classic to 2026-04-20 00:00:00+00:00, run_after=2026-04-21 00:00:00+00:00
[2026-04-21T18:53:38.474+0530] {processor.py:208} INFO - Processing /home/ubantu/miniconda3/envs/airflow-dev/lib/python3.11/site-packages/airflow/example_dags/example_inlet_event_extra.py took 0.078 seconds
[2026-04-21T18:54:57.090+0530] {processor.py:186} INFO - Started process (PID=6198) to work on /home/ubantu/miniconda3/envs/airflow-dev/lib/python3.11/site-packages/airflow/example_dags/example_inlet_event_extra.py
[2026-04-21T18:54:57.091+0530] {processor.py:914} INFO - Processing file /home/ubantu/miniconda3/envs/airflow-dev/lib/python3.11/site-packages/airflow/example_dags/example_inlet_event_extra.py for tasks to queue
[2026-04-21T18:54:57.093+0530] {logging_mixin.py:190} INFO - [2026-04-21T18:54:57.093+0530] {dagbag.py:588} INFO - Filling up the DagBag from /home/ubantu/miniconda3/envs/airflow-dev/lib/python3.11/site-packages/airflow/example_dags/example_inlet_event_extra.py
[2026-04-21T18:54:57.106+0530] {processor.py:925} INFO - DAG(s) 'read_dataset_event_from_classic', 'read_dataset_event' retrieved from /home/ubantu/miniconda3/envs/airflow-dev/lib/python3.11/site-packages/airflow/example_dags/example_inlet_event_extra.py
[2026-04-21T18:54:57.122+0530] {logging_mixin.py:190} INFO - [2026-04-21T18:54:57.122+0530] {dag.py:3239} INFO - Sync 2 DAGs
[2026-04-21T18:54:57.142+0530] {logging_mixin.py:190} INFO - [2026-04-21T18:54:57.141+0530] {dag.py:4180} INFO - Setting next_dagrun for read_dataset_event to 2026-04-20 00:00:00+00:00, run_after=2026-04-21 00:00:00+00:00
[2026-04-21T18:54:57.145+0530] {logging_mixin.py:190} INFO - [2026-04-21T18:54:57.145+0530] {dag.py:4180} INFO - Setting next_dagrun for read_dataset_event_from_classic to 2026-04-20 00:00:00+00:00, run_after=2026-04-21 00:00:00+00:00
[2026-04-21T18:54:57.161+0530] {processor.py:208} INFO - Processing /home/ubantu/miniconda3/envs/airflow-dev/lib/python3.11/site-packages/airflow/example_dags/example_inlet_event_extra.py took 0.077 seconds
[2026-04-21T18:56:18.129+0530] {processor.py:186} INFO - Started process (PID=6310) to work on /home/ubantu/miniconda3/envs/airflow-dev/lib/python3.11/site-packages/airflow/example_dags/example_inlet_event_extra.py
[2026-04-21T18:56:18.130+0530] {processor.py:914} INFO - Processing file /home/ubantu/miniconda3/envs/airflow-dev/lib/python3.11/site-packages/airflow/example_dags/example_inlet_event_extra.py for tasks to queue
[2026-04-21T18:56:18.132+0530] {logging_mixin.py:190} INFO - [2026-04-21T18:56:18.132+0530] {dagbag.py:588} INFO - Filling up the DagBag from /home/ubantu/miniconda3/envs/airflow-dev/lib/python3.11/site-packages/airflow/example_dags/example_inlet_event_extra.py
[2026-04-21T18:56:18.144+0530] {processor.py:925} INFO - DAG(s) 'read_dataset_event_from_classic', 'read_dataset_event' retrieved from /home/ubantu/miniconda3/envs/airflow-dev/lib/python3.11/site-packages/airflow/example_dags/example_inlet_event_extra.py
[2026-04-21T18:56:18.160+0530] {logging_mixin.py:190} INFO - [2026-04-21T18:56:18.160+0530] {dag.py:3239} INFO - Sync 2 DAGs
[2026-04-21T18:56:18.180+0530] {logging_mixin.py:190} INFO - [2026-04-21T18:56:18.180+0530] {dag.py:4180} INFO - Setting next_dagrun for read_dataset_event to 2026-04-20 00:00:00+00:00, run_after=2026-04-21 00:00:00+00:00
[2026-04-21T18:56:18.184+0530] {logging_mixin.py:190} INFO - [2026-04-21T18:56:18.184+0530] {dag.py:4180} INFO - Setting next_dagrun for read_dataset_event_from_classic to 2026-04-20 00:00:00+00:00, run_after=2026-04-21 00:00:00+00:00
[2026-04-21T18:56:18.201+0530] {processor.py:208} INFO - Processing /home/ubantu/miniconda3/envs/airflow-dev/lib/python3.11/site-packages/airflow/example_dags/example_inlet_event_extra.py took 0.080 seconds
[2026-04-21T19:01:14.886+0530] {processor.py:186} INFO - Started process (PID=6548) to work on /home/ubantu/miniconda3/envs/airflow-dev/lib/python3.11/site-packages/airflow/example_dags/example_inlet_event_extra.py
[2026-04-21T19:01:14.887+0530] {processor.py:914} INFO - Processing file /home/ubantu/miniconda3/envs/airflow-dev/lib/python3.11/site-packages/airflow/example_dags/example_inlet_event_extra.py for tasks to queue
[2026-04-21T19:01:14.888+0530] {logging_mixin.py:190} INFO - [2026-04-21T19:01:14.888+0530] {dagbag.py:588} INFO - Filling up the DagBag from /home/ubantu/miniconda3/envs/airflow-dev/lib/python3.11/site-packages/airflow/example_dags/example_inlet_event_extra.py
[2026-04-21T19:01:14.898+0530] {processor.py:925} INFO - DAG(s) 'read_dataset_event_from_classic', 'read_dataset_event' retrieved from /home/ubantu/miniconda3/envs/airflow-dev/lib/python3.11/site-packages/airflow/example_dags/example_inlet_event_extra.py
[2026-04-21T19:01:14.916+0530] {logging_mixin.py:190} INFO - [2026-04-21T19:01:14.916+0530] {dag.py:3239} INFO - Sync 2 DAGs
[2026-04-21T19:01:14.932+0530] {logging_mixin.py:190} INFO - [2026-04-21T19:01:14.932+0530] {dag.py:4180} INFO - Setting next_dagrun for read_dataset_event to 2026-04-20 00:00:00+00:00, run_after=2026-04-21 00:00:00+00:00
[2026-04-21T19:01:14.935+0530] {logging_mixin.py:190} INFO - [2026-04-21T19:01:14.935+0530] {dag.py:4180} INFO - Setting next_dagrun for read_dataset_event_from_classic to 2026-04-20 00:00:00+00:00, run_after=2026-04-21 00:00:00+00:00
[2026-04-21T19:01:14.950+0530] {processor.py:208} INFO - Processing /home/ubantu/miniconda3/envs/airflow-dev/lib/python3.11/site-packages/airflow/example_dags/example_inlet_event_extra.py took 0.070 seconds
[2026-04-21T19:03:05.294+0530] {processor.py:186} INFO - Started process (PID=6692) to work on /home/ubantu/miniconda3/envs/airflow-dev/lib/python3.11/site-packages/airflow/example_dags/example_inlet_event_extra.py
[2026-04-21T19:03:05.296+0530] {processor.py:914} INFO - Processing file /home/ubantu/miniconda3/envs/airflow-dev/lib/python3.11/site-packages/airflow/example_dags/example_inlet_event_extra.py for tasks to queue
[2026-04-21T19:03:05.298+0530] {logging_mixin.py:190} INFO - [2026-04-21T19:03:05.297+0530] {dagbag.py:588} INFO - Filling up the DagBag from /home/ubantu/miniconda3/envs/airflow-dev/lib/python3.11/site-packages/airflow/example_dags/example_inlet_event_extra.py
[2026-04-21T19:03:05.309+0530] {processor.py:925} INFO - DAG(s) 'read_dataset_event', 'read_dataset_event_from_classic' retrieved from /home/ubantu/miniconda3/envs/airflow-dev/lib/python3.11/site-packages/airflow/example_dags/example_inlet_event_extra.py
[2026-04-21T19:03:05.329+0530] {logging_mixin.py:190} INFO - [2026-04-21T19:03:05.329+0530] {dag.py:3239} INFO - Sync 2 DAGs
[2026-04-21T19:03:05.346+0530] {logging_mixin.py:190} INFO - [2026-04-21T19:03:05.346+0530] {dag.py:4180} INFO - Setting next_dagrun for read_dataset_event to 2026-04-20 00:00:00+00:00, run_after=2026-04-21 00:00:00+00:00
[2026-04-21T19:03:05.349+0530] {logging_mixin.py:190} INFO - [2026-04-21T19:03:05.349+0530] {dag.py:4180} INFO - Setting next_dagrun for read_dataset_event_from_classic to 2026-04-20 00:00:00+00:00, run_after=2026-04-21 00:00:00+00:00
[2026-04-21T19:03:05.365+0530] {processor.py:208} INFO - Processing /home/ubantu/miniconda3/envs/airflow-dev/lib/python3.11/site-packages/airflow/example_dags/example_inlet_event_extra.py took 0.078 seconds
[2026-04-21T19:05:47.038+0530] {processor.py:186} INFO - Started process (PID=6845) to work on /home/ubantu/miniconda3/envs/airflow-dev/lib/python3.11/site-packages/airflow/example_dags/example_inlet_event_extra.py
[2026-04-21T19:05:47.039+0530] {processor.py:914} INFO - Processing file /home/ubantu/miniconda3/envs/airflow-dev/lib/python3.11/site-packages/airflow/example_dags/example_inlet_event_extra.py for tasks to queue
[2026-04-21T19:05:47.041+0530] {logging_mixin.py:190} INFO - [2026-04-21T19:05:47.040+0530] {dagbag.py:588} INFO - Filling up the DagBag from /home/ubantu/miniconda3/envs/airflow-dev/lib/python3.11/site-packages/airflow/example_dags/example_inlet_event_extra.py
[2026-04-21T19:05:47.051+0530] {processor.py:925} INFO - DAG(s) 'read_dataset_event', 'read_dataset_event_from_classic' retrieved from /home/ubantu/miniconda3/envs/airflow-dev/lib/python3.11/site-packages/airflow/example_dags/example_inlet_event_extra.py
[2026-04-21T19:05:47.069+0530] {logging_mixin.py:190} INFO - [2026-04-21T19:05:47.069+0530] {dag.py:3239} INFO - Sync 2 DAGs
[2026-04-21T19:05:47.085+0530] {logging_mixin.py:190} INFO - [2026-04-21T19:05:47.085+0530] {dag.py:4180} INFO - Setting next_dagrun for read_dataset_event to 2026-04-20 00:00:00+00:00, run_after=2026-04-21 00:00:00+00:00
[2026-04-21T19:05:47.088+0530] {logging_mixin.py:190} INFO - [2026-04-21T19:05:47.088+0530] {dag.py:4180} INFO - Setting next_dagrun for read_dataset_event_from_classic to 2026-04-20 00:00:00+00:00, run_after=2026-04-21 00:00:00+00:00
[2026-04-21T19:05:47.102+0530] {processor.py:208} INFO - Processing /home/ubantu/miniconda3/envs/airflow-dev/lib/python3.11/site-packages/airflow/example_dags/example_inlet_event_extra.py took 0.070 seconds
[2026-04-21T19:07:36.499+0530] {processor.py:186} INFO - Started process (PID=7004) to work on /home/ubantu/miniconda3/envs/airflow-dev/lib/python3.11/site-packages/airflow/example_dags/example_inlet_event_extra.py
[2026-04-21T19:07:36.500+0530] {processor.py:914} INFO - Processing file /home/ubantu/miniconda3/envs/airflow-dev/lib/python3.11/site-packages/airflow/example_dags/example_inlet_event_extra.py for tasks to queue
[2026-04-21T19:07:36.502+0530] {logging_mixin.py:190} INFO - [2026-04-21T19:07:36.501+0530] {dagbag.py:588} INFO - Filling up the DagBag from /home/ubantu/miniconda3/envs/airflow-dev/lib/python3.11/site-packages/airflow/example_dags/example_inlet_event_extra.py
[2026-04-21T19:07:36.513+0530] {processor.py:925} INFO - DAG(s) 'read_dataset_event', 'read_dataset_event_from_classic' retrieved from /home/ubantu/miniconda3/envs/airflow-dev/lib/python3.11/site-packages/airflow/example_dags/example_inlet_event_extra.py
[2026-04-21T19:07:36.532+0530] {logging_mixin.py:190} INFO - [2026-04-21T19:07:36.532+0530] {dag.py:3239} INFO - Sync 2 DAGs
[2026-04-21T19:07:36.549+0530] {logging_mixin.py:190} INFO - [2026-04-21T19:07:36.548+0530] {dag.py:4180} INFO - Setting next_dagrun for read_dataset_event to 2026-04-20 00:00:00+00:00, run_after=2026-04-21 00:00:00+00:00
[2026-04-21T19:07:36.552+0530] {logging_mixin.py:190} INFO - [2026-04-21T19:07:36.552+0530] {dag.py:4180} INFO - Setting next_dagrun for read_dataset_event_from_classic to 2026-04-20 00:00:00+00:00, run_after=2026-04-21 00:00:00+00:00
[2026-04-21T19:07:36.568+0530] {processor.py:208} INFO - Processing /home/ubantu/miniconda3/envs/airflow-dev/lib/python3.11/site-packages/airflow/example_dags/example_inlet_event_extra.py took 0.076 seconds
[2026-04-21T19:08:53.853+0530] {processor.py:186} INFO - Started process (PID=7104) to work on /home/ubantu/miniconda3/envs/airflow-dev/lib/python3.11/site-packages/airflow/example_dags/example_inlet_event_extra.py
[2026-04-21T19:08:53.854+0530] {processor.py:914} INFO - Processing file /home/ubantu/miniconda3/envs/airflow-dev/lib/python3.11/site-packages/airflow/example_dags/example_inlet_event_extra.py for tasks to queue
[2026-04-21T19:08:53.855+0530] {logging_mixin.py:190} INFO - [2026-04-21T19:08:53.855+0530] {dagbag.py:588} INFO - Filling up the DagBag from /home/ubantu/miniconda3/envs/airflow-dev/lib/python3.11/site-packages/airflow/example_dags/example_inlet_event_extra.py
[2026-04-21T19:08:53.865+0530] {processor.py:925} INFO - DAG(s) 'read_dataset_event_from_classic', 'read_dataset_event' retrieved from /home/ubantu/miniconda3/envs/airflow-dev/lib/python3.11/site-packages/airflow/example_dags/example_inlet_event_extra.py
[2026-04-21T19:08:53.881+0530] {logging_mixin.py:190} INFO - [2026-04-21T19:08:53.881+0530] {dag.py:3239} INFO - Sync 2 DAGs
[2026-04-21T19:08:53.899+0530] {logging_mixin.py:190} INFO - [2026-04-21T19:08:53.898+0530] {dag.py:4180} INFO - Setting next_dagrun for read_dataset_event to 2026-04-20 00:00:00+00:00, run_after=2026-04-21 00:00:00+00:00
[2026-04-21T19:08:53.902+0530] {logging_mixin.py:190} INFO - [2026-04-21T19:08:53.902+0530] {dag.py:4180} INFO - Setting next_dagrun for read_dataset_event_from_classic to 2026-04-20 00:00:00+00:00, run_after=2026-04-21 00:00:00+00:00
[2026-04-21T19:08:53.919+0530] {processor.py:208} INFO - Processing /home/ubantu/miniconda3/envs/airflow-dev/lib/python3.11/site-packages/airflow/example_dags/example_inlet_event_extra.py took 0.072 seconds
[2026-04-21T19:10:12.632+0530] {processor.py:186} INFO - Started process (PID=7206) to work on /home/ubantu/miniconda3/envs/airflow-dev/lib/python3.11/site-packages/airflow/example_dags/example_inlet_event_extra.py
[2026-04-21T19:10:12.633+0530] {processor.py:914} INFO - Processing file /home/ubantu/miniconda3/envs/airflow-dev/lib/python3.11/site-packages/airflow/example_dags/example_inlet_event_extra.py for tasks to queue
[2026-04-21T19:10:12.635+0530] {logging_mixin.py:190} INFO - [2026-04-21T19:10:12.634+0530] {dagbag.py:588} INFO - Filling up the DagBag from /home/ubantu/miniconda3/envs/airflow-dev/lib/python3.11/site-packages/airflow/example_dags/example_inlet_event_extra.py
[2026-04-21T19:10:12.645+0530] {processor.py:925} INFO - DAG(s) 'read_dataset_event', 'read_dataset_event_from_classic' retrieved from /home/ubantu/miniconda3/envs/airflow-dev/lib/python3.11/site-packages/airflow/example_dags/example_inlet_event_extra.py
[2026-04-21T19:10:12.663+0530] {logging_mixin.py:190} INFO - [2026-04-21T19:10:12.662+0530] {dag.py:3239} INFO - Sync 2 DAGs
[2026-04-21T19:10:12.680+0530] {logging_mixin.py:190} INFO - [2026-04-21T19:10:12.679+0530] {dag.py:4180} INFO - Setting next_dagrun for read_dataset_event to 2026-04-20 00:00:00+00:00, run_after=2026-04-21 00:00:00+00:00
[2026-04-21T19:10:12.683+0530] {logging_mixin.py:190} INFO - [2026-04-21T19:10:12.683+0530] {dag.py:4180} INFO - Setting next_dagrun for read_dataset_event_from_classic to 2026-04-20 00:00:00+00:00, run_after=2026-04-21 00:00:00+00:00
[2026-04-21T19:10:12.697+0530] {processor.py:208} INFO - Processing /home/ubantu/miniconda3/envs/airflow-dev/lib/python3.11/site-packages/airflow/example_dags/example_inlet_event_extra.py took 0.071 seconds
[2026-04-21T19:11:30.621+0530] {processor.py:186} INFO - Started process (PID=7313) to work on /home/ubantu/miniconda3/envs/airflow-dev/lib/python3.11/site-packages/airflow/example_dags/example_inlet_event_extra.py
[2026-04-21T19:11:30.622+0530] {processor.py:914} INFO - Processing file /home/ubantu/miniconda3/envs/airflow-dev/lib/python3.11/site-packages/airflow/example_dags/example_inlet_event_extra.py for tasks to queue
[2026-04-21T19:11:30.623+0530] {logging_mixin.py:190} INFO - [2026-04-21T19:11:30.623+0530] {dagbag.py:588} INFO - Filling up the DagBag from /home/ubantu/miniconda3/envs/airflow-dev/lib/python3.11/site-packages/airflow/example_dags/example_inlet_event_extra.py
[2026-04-21T19:11:30.633+0530] {processor.py:925} INFO - DAG(s) 'read_dataset_event_from_classic', 'read_dataset_event' retrieved from /home/ubantu/miniconda3/envs/airflow-dev/lib/python3.11/site-packages/airflow/example_dags/example_inlet_event_extra.py
[2026-04-21T19:11:30.650+0530] {logging_mixin.py:190} INFO - [2026-04-21T19:11:30.650+0530] {dag.py:3239} INFO - Sync 2 DAGs
[2026-04-21T19:11:30.666+0530] {logging_mixin.py:190} INFO - [2026-04-21T19:11:30.666+0530] {dag.py:4180} INFO - Setting next_dagrun for read_dataset_event to 2026-04-20 00:00:00+00:00, run_after=2026-04-21 00:00:00+00:00
[2026-04-21T19:11:30.669+0530] {logging_mixin.py:190} INFO - [2026-04-21T19:11:30.669+0530] {dag.py:4180} INFO - Setting next_dagrun for read_dataset_event_from_classic to 2026-04-20 00:00:00+00:00, run_after=2026-04-21 00:00:00+00:00
[2026-04-21T19:11:30.684+0530] {processor.py:208} INFO - Processing /home/ubantu/miniconda3/envs/airflow-dev/lib/python3.11/site-packages/airflow/example_dags/example_inlet_event_extra.py took 0.070 seconds
[2026-04-21T19:12:49.144+0530] {processor.py:186} INFO - Started process (PID=7404) to work on /home/ubantu/miniconda3/envs/airflow-dev/lib/python3.11/site-packages/airflow/example_dags/example_inlet_event_extra.py
[2026-04-21T19:12:49.145+0530] {processor.py:914} INFO - Processing file /home/ubantu/miniconda3/envs/airflow-dev/lib/python3.11/site-packages/airflow/example_dags/example_inlet_event_extra.py for tasks to queue
[2026-04-21T19:12:49.146+0530] {logging_mixin.py:190} INFO - [2026-04-21T19:12:49.146+0530] {dagbag.py:588} INFO - Filling up the DagBag from /home/ubantu/miniconda3/envs/airflow-dev/lib/python3.11/site-packages/airflow/example_dags/example_inlet_event_extra.py
[2026-04-21T19:12:49.157+0530] {processor.py:925} INFO - DAG(s) 'read_dataset_event_from_classic', 'read_dataset_event' retrieved from /home/ubantu/miniconda3/envs/airflow-dev/lib/python3.11/site-packages/airflow/example_dags/example_inlet_event_extra.py
[2026-04-21T19:12:49.175+0530] {logging_mixin.py:190} INFO - [2026-04-21T19:12:49.174+0530] {dag.py:3239} INFO - Sync 2 DAGs
[2026-04-21T19:12:49.194+0530] {logging_mixin.py:190} INFO - [2026-04-21T19:12:49.193+0530] {dag.py:4180} INFO - Setting next_dagrun for read_dataset_event to 2026-04-20 00:00:00+00:00, run_after=2026-04-21 00:00:00+00:00
[2026-04-21T19:12:49.197+0530] {logging_mixin.py:190} INFO - [2026-04-21T19:12:49.197+0530] {dag.py:4180} INFO - Setting next_dagrun for read_dataset_event_from_classic to 2026-04-20 00:00:00+00:00, run_after=2026-04-21 00:00:00+00:00
[2026-04-21T19:12:49.211+0530] {processor.py:208} INFO - Processing /home/ubantu/miniconda3/envs/airflow-dev/lib/python3.11/site-packages/airflow/example_dags/example_inlet_event_extra.py took 0.074 seconds
[2026-04-21T19:14:10.033+0530] {processor.py:186} INFO - Started process (PID=7534) to work on /home/ubantu/miniconda3/envs/airflow-dev/lib/python3.11/site-packages/airflow/example_dags/example_inlet_event_extra.py
[2026-04-21T19:14:10.034+0530] {processor.py:914} INFO - Processing file /home/ubantu/miniconda3/envs/airflow-dev/lib/python3.11/site-packages/airflow/example_dags/example_inlet_event_extra.py for tasks to queue
[2026-04-21T19:14:10.036+0530] {logging_mixin.py:190} INFO - [2026-04-21T19:14:10.035+0530] {dagbag.py:588} INFO - Filling up the DagBag from /home/ubantu/miniconda3/envs/airflow-dev/lib/python3.11/site-packages/airflow/example_dags/example_inlet_event_extra.py
[2026-04-21T19:14:10.047+0530] {processor.py:925} INFO - DAG(s) 'read_dataset_event_from_classic', 'read_dataset_event' retrieved from /home/ubantu/miniconda3/envs/airflow-dev/lib/python3.11/site-packages/airflow/example_dags/example_inlet_event_extra.py
[2026-04-21T19:14:10.066+0530] {logging_mixin.py:190} INFO - [2026-04-21T19:14:10.066+0530] {dag.py:3239} INFO - Sync 2 DAGs
[2026-04-21T19:14:10.083+0530] {logging_mixin.py:190} INFO - [2026-04-21T19:14:10.083+0530] {dag.py:4180} INFO - Setting next_dagrun for read_dataset_event to 2026-04-20 00:00:00+00:00, run_after=2026-04-21 00:00:00+00:00
[2026-04-21T19:14:10.086+0530] {logging_mixin.py:190} INFO - [2026-04-21T19:14:10.086+0530] {dag.py:4180} INFO - Setting next_dagrun for read_dataset_event_from_classic to 2026-04-20 00:00:00+00:00, run_after=2026-04-21 00:00:00+00:00
[2026-04-21T19:14:10.101+0530] {processor.py:208} INFO - Processing /home/ubantu/miniconda3/envs/airflow-dev/lib/python3.11/site-packages/airflow/example_dags/example_inlet_event_extra.py took 0.076 seconds
[2026-04-21T19:15:31.159+0530] {processor.py:186} INFO - Started process (PID=7650) to work on /home/ubantu/miniconda3/envs/airflow-dev/lib/python3.11/site-packages/airflow/example_dags/example_inlet_event_extra.py
[2026-04-21T19:15:31.160+0530] {processor.py:914} INFO - Processing file /home/ubantu/miniconda3/envs/airflow-dev/lib/python3.11/site-packages/airflow/example_dags/example_inlet_event_extra.py for tasks to queue
[2026-04-21T19:15:31.161+0530] {logging_mixin.py:190} INFO - [2026-04-21T19:15:31.161+0530] {dagbag.py:588} INFO - Filling up the DagBag from /home/ubantu/miniconda3/envs/airflow-dev/lib/python3.11/site-packages/airflow/example_dags/example_inlet_event_extra.py
[2026-04-21T19:15:31.170+0530] {processor.py:925} INFO - DAG(s) 'read_dataset_event', 'read_dataset_event_from_classic' retrieved from /home/ubantu/miniconda3/envs/airflow-dev/lib/python3.11/site-packages/airflow/example_dags/example_inlet_event_extra.py
[2026-04-21T19:15:31.185+0530] {logging_mixin.py:190} INFO - [2026-04-21T19:15:31.185+0530] {dag.py:3239} INFO - Sync 2 DAGs
[2026-04-21T19:15:31.201+0530] {logging_mixin.py:190} INFO - [2026-04-21T19:15:31.200+0530] {dag.py:4180} INFO - Setting next_dagrun for read_dataset_event to 2026-04-20 00:00:00+00:00, run_after=2026-04-21 00:00:00+00:00
[2026-04-21T19:15:31.204+0530] {logging_mixin.py:190} INFO - [2026-04-21T19:15:31.203+0530] {dag.py:4180} INFO - Setting next_dagrun for read_dataset_event_from_classic to 2026-04-20 00:00:00+00:00, run_after=2026-04-21 00:00:00+00:00
[2026-04-21T19:15:31.218+0530] {processor.py:208} INFO - Processing /home/ubantu/miniconda3/envs/airflow-dev/lib/python3.11/site-packages/airflow/example_dags/example_inlet_event_extra.py took 0.064 seconds
[2026-04-21T19:16:50.165+0530] {processor.py:186} INFO - Started process (PID=7832) to work on /home/ubantu/miniconda3/envs/airflow-dev/lib/python3.11/site-packages/airflow/example_dags/example_inlet_event_extra.py
[2026-04-21T19:16:50.166+0530] {processor.py:914} INFO - Processing file /home/ubantu/miniconda3/envs/airflow-dev/lib/python3.11/site-packages/airflow/example_dags/example_inlet_event_extra.py for tasks to queue
[2026-04-21T19:16:50.168+0530] {logging_mixin.py:190} INFO - [2026-04-21T19:16:50.167+0530] {dagbag.py:588} INFO - Filling up the DagBag from /home/ubantu/miniconda3/envs/airflow-dev/lib/python3.11/site-packages/airflow/example_dags/example_inlet_event_extra.py
[2026-04-21T19:16:50.178+0530] {processor.py:925} INFO - DAG(s) 'read_dataset_event', 'read_dataset_event_from_classic' retrieved from /home/ubantu/miniconda3/envs/airflow-dev/lib/python3.11/site-packages/airflow/example_dags/example_inlet_event_extra.py
[2026-04-21T19:16:50.195+0530] {logging_mixin.py:190} INFO - [2026-04-21T19:16:50.195+0530] {dag.py:3239} INFO - Sync 2 DAGs
[2026-04-21T19:16:50.212+0530] {logging_mixin.py:190} INFO - [2026-04-21T19:16:50.212+0530] {dag.py:4180} INFO - Setting next_dagrun for read_dataset_event to 2026-04-20 00:00:00+00:00, run_after=2026-04-21 00:00:00+00:00
[2026-04-21T19:16:50.215+0530] {logging_mixin.py:190} INFO - [2026-04-21T19:16:50.215+0530] {dag.py:4180} INFO - Setting next_dagrun for read_dataset_event_from_classic to 2026-04-20 00:00:00+00:00, run_after=2026-04-21 00:00:00+00:00
[2026-04-21T19:16:50.231+0530] {processor.py:208} INFO - Processing /home/ubantu/miniconda3/envs/airflow-dev/lib/python3.11/site-packages/airflow/example_dags/example_inlet_event_extra.py took 0.073 seconds
[2026-04-21T19:22:31.723+0530] {processor.py:186} INFO - Started process (PID=8342) to work on /home/ubantu/airflow-src/airflow/example_dags/example_inlet_event_extra.py
[2026-04-21T19:22:31.725+0530] {processor.py:914} INFO - Processing file /home/ubantu/airflow-src/airflow/example_dags/example_inlet_event_extra.py for tasks to queue
[2026-04-21T19:22:31.726+0530] {logging_mixin.py:190} INFO - [2026-04-21T19:22:31.725+0530] {dagbag.py:588} INFO - Filling up the DagBag from /home/ubantu/airflow-src/airflow/example_dags/example_inlet_event_extra.py
[2026-04-21T19:22:31.744+0530] {processor.py:925} INFO - DAG(s) 'read_dataset_event', 'read_dataset_event_from_classic' retrieved from /home/ubantu/airflow-src/airflow/example_dags/example_inlet_event_extra.py
[2026-04-21T19:22:31.808+0530] {logging_mixin.py:190} INFO - [2026-04-21T19:22:31.807+0530] {dag.py:3239} INFO - Sync 2 DAGs
[2026-04-21T19:22:31.822+0530] {logging_mixin.py:190} INFO - [2026-04-21T19:22:31.821+0530] {dag.py:4180} INFO - Setting next_dagrun for read_dataset_event to 2026-04-20 00:00:00+00:00, run_after=2026-04-21 00:00:00+00:00
[2026-04-21T19:22:31.825+0530] {logging_mixin.py:190} INFO - [2026-04-21T19:22:31.825+0530] {dag.py:4180} INFO - Setting next_dagrun for read_dataset_event_from_classic to 2026-04-20 00:00:00+00:00, run_after=2026-04-21 00:00:00+00:00
[2026-04-21T19:22:31.840+0530] {processor.py:208} INFO - Processing /home/ubantu/airflow-src/airflow/example_dags/example_inlet_event_extra.py took 0.123 seconds
[2026-04-21T19:24:26.594+0530] {processor.py:186} INFO - Started process (PID=8478) to work on /home/ubantu/airflow-src/airflow/example_dags/example_inlet_event_extra.py
[2026-04-21T19:24:26.595+0530] {processor.py:914} INFO - Processing file /home/ubantu/airflow-src/airflow/example_dags/example_inlet_event_extra.py for tasks to queue
[2026-04-21T19:24:26.596+0530] {logging_mixin.py:190} INFO - [2026-04-21T19:24:26.596+0530] {dagbag.py:588} INFO - Filling up the DagBag from /home/ubantu/airflow-src/airflow/example_dags/example_inlet_event_extra.py
[2026-04-21T19:24:26.615+0530] {processor.py:925} INFO - DAG(s) 'read_dataset_event', 'read_dataset_event_from_classic' retrieved from /home/ubantu/airflow-src/airflow/example_dags/example_inlet_event_extra.py
[2026-04-21T19:24:26.632+0530] {logging_mixin.py:190} INFO - [2026-04-21T19:24:26.631+0530] {dag.py:3239} INFO - Sync 2 DAGs
[2026-04-21T19:24:26.647+0530] {logging_mixin.py:190} INFO - [2026-04-21T19:24:26.647+0530] {dag.py:4180} INFO - Setting next_dagrun for read_dataset_event to 2026-04-20 00:00:00+00:00, run_after=2026-04-21 00:00:00+00:00
[2026-04-21T19:24:26.651+0530] {logging_mixin.py:190} INFO - [2026-04-21T19:24:26.651+0530] {dag.py:4180} INFO - Setting next_dagrun for read_dataset_event_from_classic to 2026-04-20 00:00:00+00:00, run_after=2026-04-21 00:00:00+00:00
[2026-04-21T19:24:26.666+0530] {processor.py:208} INFO - Processing /home/ubantu/airflow-src/airflow/example_dags/example_inlet_event_extra.py took 0.078 seconds
