[2026-04-21T18:46:20.918+0530] {processor.py:186} INFO - Started process (PID=5451) to work on /home/ubantu/miniconda3/envs/airflow-dev/lib/python3.11/site-packages/airflow/example_dags/example_kubernetes_executor.py
[2026-04-21T18:46:20.919+0530] {processor.py:914} INFO - Processing file /home/ubantu/miniconda3/envs/airflow-dev/lib/python3.11/site-packages/airflow/example_dags/example_kubernetes_executor.py for tasks to queue
[2026-04-21T18:46:20.922+0530] {logging_mixin.py:190} INFO - [2026-04-21T18:46:20.921+0530] {dagbag.py:588} INFO - Filling up the DagBag from /home/ubantu/miniconda3/envs/airflow-dev/lib/python3.11/site-packages/airflow/example_dags/example_kubernetes_executor.py
[2026-04-21T18:46:20.926+0530] {logging_mixin.py:190} INFO - [2026-04-21T18:46:20.925+0530] {example_kubernetes_executor.py:39} WARNING - The example_kubernetes_executor example DAG requires the kubernetes provider. Please install it with: pip install apache-airflow[cncf.kubernetes]
[2026-04-21T18:46:20.926+0530] {processor.py:927} WARNING - No viable dags retrieved from /home/ubantu/miniconda3/envs/airflow-dev/lib/python3.11/site-packages/airflow/example_dags/example_kubernetes_executor.py
[2026-04-21T18:46:20.939+0530] {processor.py:208} INFO - Processing /home/ubantu/miniconda3/envs/airflow-dev/lib/python3.11/site-packages/airflow/example_dags/example_kubernetes_executor.py took 0.029 seconds
[2026-04-21T18:48:14.435+0530] {processor.py:186} INFO - Started process (PID=5638) to work on /home/ubantu/miniconda3/envs/airflow-dev/lib/python3.11/site-packages/airflow/example_dags/example_kubernetes_executor.py
[2026-04-21T18:48:14.437+0530] {processor.py:914} INFO - Processing file /home/ubantu/miniconda3/envs/airflow-dev/lib/python3.11/site-packages/airflow/example_dags/example_kubernetes_executor.py for tasks to queue
[2026-04-21T18:48:14.439+0530] {logging_mixin.py:190} INFO - [2026-04-21T18:48:14.439+0530] {dagbag.py:588} INFO - Filling up the DagBag from /home/ubantu/miniconda3/envs/airflow-dev/lib/python3.11/site-packages/airflow/example_dags/example_kubernetes_executor.py
[2026-04-21T18:48:14.442+0530] {logging_mixin.py:190} INFO - [2026-04-21T18:48:14.442+0530] {example_kubernetes_executor.py:39} WARNING - The example_kubernetes_executor example DAG requires the kubernetes provider. Please install it with: pip install apache-airflow[cncf.kubernetes]
[2026-04-21T18:48:14.442+0530] {processor.py:927} WARNING - No viable dags retrieved from /home/ubantu/miniconda3/envs/airflow-dev/lib/python3.11/site-packages/airflow/example_dags/example_kubernetes_executor.py
[2026-04-21T18:48:14.453+0530] {processor.py:208} INFO - Processing /home/ubantu/miniconda3/envs/airflow-dev/lib/python3.11/site-packages/airflow/example_dags/example_kubernetes_executor.py took 0.023 seconds
[2026-04-21T18:49:39.713+0530] {processor.py:186} INFO - Started process (PID=5746) to work on /home/ubantu/miniconda3/envs/airflow-dev/lib/python3.11/site-packages/airflow/example_dags/example_kubernetes_executor.py
[2026-04-21T18:49:39.714+0530] {processor.py:914} INFO - Processing file /home/ubantu/miniconda3/envs/airflow-dev/lib/python3.11/site-packages/airflow/example_dags/example_kubernetes_executor.py for tasks to queue
[2026-04-21T18:49:39.717+0530] {logging_mixin.py:190} INFO - [2026-04-21T18:49:39.716+0530] {dagbag.py:588} INFO - Filling up the DagBag from /home/ubantu/miniconda3/envs/airflow-dev/lib/python3.11/site-packages/airflow/example_dags/example_kubernetes_executor.py
[2026-04-21T18:49:39.720+0530] {logging_mixin.py:190} INFO - [2026-04-21T18:49:39.720+0530] {example_kubernetes_executor.py:39} WARNING - The example_kubernetes_executor example DAG requires the kubernetes provider. Please install it with: pip install apache-airflow[cncf.kubernetes]
[2026-04-21T18:49:39.721+0530] {processor.py:927} WARNING - No viable dags retrieved from /home/ubantu/miniconda3/envs/airflow-dev/lib/python3.11/site-packages/airflow/example_dags/example_kubernetes_executor.py
[2026-04-21T18:49:39.730+0530] {processor.py:208} INFO - Processing /home/ubantu/miniconda3/envs/airflow-dev/lib/python3.11/site-packages/airflow/example_dags/example_kubernetes_executor.py took 0.026 seconds
[2026-04-21T18:50:59.286+0530] {processor.py:186} INFO - Started process (PID=5860) to work on /home/ubantu/miniconda3/envs/airflow-dev/lib/python3.11/site-packages/airflow/example_dags/example_kubernetes_executor.py
[2026-04-21T18:50:59.287+0530] {processor.py:914} INFO - Processing file /home/ubantu/miniconda3/envs/airflow-dev/lib/python3.11/site-packages/airflow/example_dags/example_kubernetes_executor.py for tasks to queue
[2026-04-21T18:50:59.290+0530] {logging_mixin.py:190} INFO - [2026-04-21T18:50:59.289+0530] {dagbag.py:588} INFO - Filling up the DagBag from /home/ubantu/miniconda3/envs/airflow-dev/lib/python3.11/site-packages/airflow/example_dags/example_kubernetes_executor.py
[2026-04-21T18:50:59.293+0530] {logging_mixin.py:190} INFO - [2026-04-21T18:50:59.293+0530] {example_kubernetes_executor.py:39} WARNING - The example_kubernetes_executor example DAG requires the kubernetes provider. Please install it with: pip install apache-airflow[cncf.kubernetes]
[2026-04-21T18:50:59.293+0530] {processor.py:927} WARNING - No viable dags retrieved from /home/ubantu/miniconda3/envs/airflow-dev/lib/python3.11/site-packages/airflow/example_dags/example_kubernetes_executor.py
[2026-04-21T18:50:59.304+0530] {processor.py:208} INFO - Processing /home/ubantu/miniconda3/envs/airflow-dev/lib/python3.11/site-packages/airflow/example_dags/example_kubernetes_executor.py took 0.023 seconds
[2026-04-21T18:52:20.459+0530] {processor.py:186} INFO - Started process (PID=5968) to work on /home/ubantu/miniconda3/envs/airflow-dev/lib/python3.11/site-packages/airflow/example_dags/example_kubernetes_executor.py
[2026-04-21T18:52:20.460+0530] {processor.py:914} INFO - Processing file /home/ubantu/miniconda3/envs/airflow-dev/lib/python3.11/site-packages/airflow/example_dags/example_kubernetes_executor.py for tasks to queue
[2026-04-21T18:52:20.462+0530] {logging_mixin.py:190} INFO - [2026-04-21T18:52:20.462+0530] {dagbag.py:588} INFO - Filling up the DagBag from /home/ubantu/miniconda3/envs/airflow-dev/lib/python3.11/site-packages/airflow/example_dags/example_kubernetes_executor.py
[2026-04-21T18:52:20.464+0530] {logging_mixin.py:190} INFO - [2026-04-21T18:52:20.464+0530] {example_kubernetes_executor.py:39} WARNING - The example_kubernetes_executor example DAG requires the kubernetes provider. Please install it with: pip install apache-airflow[cncf.kubernetes]
[2026-04-21T18:52:20.465+0530] {processor.py:927} WARNING - No viable dags retrieved from /home/ubantu/miniconda3/envs/airflow-dev/lib/python3.11/site-packages/airflow/example_dags/example_kubernetes_executor.py
[2026-04-21T18:52:20.473+0530] {processor.py:208} INFO - Processing /home/ubantu/miniconda3/envs/airflow-dev/lib/python3.11/site-packages/airflow/example_dags/example_kubernetes_executor.py took 0.020 seconds
[2026-04-21T18:53:37.254+0530] {processor.py:186} INFO - Started process (PID=6078) to work on /home/ubantu/miniconda3/envs/airflow-dev/lib/python3.11/site-packages/airflow/example_dags/example_kubernetes_executor.py
[2026-04-21T18:53:37.255+0530] {processor.py:914} INFO - Processing file /home/ubantu/miniconda3/envs/airflow-dev/lib/python3.11/site-packages/airflow/example_dags/example_kubernetes_executor.py for tasks to queue
[2026-04-21T18:53:37.257+0530] {logging_mixin.py:190} INFO - [2026-04-21T18:53:37.257+0530] {dagbag.py:588} INFO - Filling up the DagBag from /home/ubantu/miniconda3/envs/airflow-dev/lib/python3.11/site-packages/airflow/example_dags/example_kubernetes_executor.py
[2026-04-21T18:53:37.260+0530] {logging_mixin.py:190} INFO - [2026-04-21T18:53:37.260+0530] {example_kubernetes_executor.py:39} WARNING - The example_kubernetes_executor example DAG requires the kubernetes provider. Please install it with: pip install apache-airflow[cncf.kubernetes]
[2026-04-21T18:53:37.261+0530] {processor.py:927} WARNING - No viable dags retrieved from /home/ubantu/miniconda3/envs/airflow-dev/lib/python3.11/site-packages/airflow/example_dags/example_kubernetes_executor.py
[2026-04-21T18:53:37.271+0530] {processor.py:208} INFO - Processing /home/ubantu/miniconda3/envs/airflow-dev/lib/python3.11/site-packages/airflow/example_dags/example_kubernetes_executor.py took 0.023 seconds
[2026-04-21T18:54:56.524+0530] {processor.py:186} INFO - Started process (PID=6197) to work on /home/ubantu/miniconda3/envs/airflow-dev/lib/python3.11/site-packages/airflow/example_dags/example_kubernetes_executor.py
[2026-04-21T18:54:56.525+0530] {processor.py:914} INFO - Processing file /home/ubantu/miniconda3/envs/airflow-dev/lib/python3.11/site-packages/airflow/example_dags/example_kubernetes_executor.py for tasks to queue
[2026-04-21T18:54:56.527+0530] {logging_mixin.py:190} INFO - [2026-04-21T18:54:56.527+0530] {dagbag.py:588} INFO - Filling up the DagBag from /home/ubantu/miniconda3/envs/airflow-dev/lib/python3.11/site-packages/airflow/example_dags/example_kubernetes_executor.py
[2026-04-21T18:54:56.530+0530] {logging_mixin.py:190} INFO - [2026-04-21T18:54:56.530+0530] {example_kubernetes_executor.py:39} WARNING - The example_kubernetes_executor example DAG requires the kubernetes provider. Please install it with: pip install apache-airflow[cncf.kubernetes]
[2026-04-21T18:54:56.531+0530] {processor.py:927} WARNING - No viable dags retrieved from /home/ubantu/miniconda3/envs/airflow-dev/lib/python3.11/site-packages/airflow/example_dags/example_kubernetes_executor.py
[2026-04-21T18:54:56.541+0530] {processor.py:208} INFO - Processing /home/ubantu/miniconda3/envs/airflow-dev/lib/python3.11/site-packages/airflow/example_dags/example_kubernetes_executor.py took 0.023 seconds
[2026-04-21T18:56:16.961+0530] {processor.py:186} INFO - Started process (PID=6309) to work on /home/ubantu/miniconda3/envs/airflow-dev/lib/python3.11/site-packages/airflow/example_dags/example_kubernetes_executor.py
[2026-04-21T18:56:16.962+0530] {processor.py:914} INFO - Processing file /home/ubantu/miniconda3/envs/airflow-dev/lib/python3.11/site-packages/airflow/example_dags/example_kubernetes_executor.py for tasks to queue
[2026-04-21T18:56:16.965+0530] {logging_mixin.py:190} INFO - [2026-04-21T18:56:16.965+0530] {dagbag.py:588} INFO - Filling up the DagBag from /home/ubantu/miniconda3/envs/airflow-dev/lib/python3.11/site-packages/airflow/example_dags/example_kubernetes_executor.py
[2026-04-21T18:56:16.969+0530] {logging_mixin.py:190} INFO - [2026-04-21T18:56:16.969+0530] {example_kubernetes_executor.py:39} WARNING - The example_kubernetes_executor example DAG requires the kubernetes provider. Please install it with: pip install apache-airflow[cncf.kubernetes]
[2026-04-21T18:56:16.970+0530] {processor.py:927} WARNING - No viable dags retrieved from /home/ubantu/miniconda3/envs/airflow-dev/lib/python3.11/site-packages/airflow/example_dags/example_kubernetes_executor.py
[2026-04-21T18:56:16.983+0530] {processor.py:208} INFO - Processing /home/ubantu/miniconda3/envs/airflow-dev/lib/python3.11/site-packages/airflow/example_dags/example_kubernetes_executor.py took 0.030 seconds
[2026-04-21T19:01:13.968+0530] {processor.py:186} INFO - Started process (PID=6547) to work on /home/ubantu/miniconda3/envs/airflow-dev/lib/python3.11/site-packages/airflow/example_dags/example_kubernetes_executor.py
[2026-04-21T19:01:13.969+0530] {processor.py:914} INFO - Processing file /home/ubantu/miniconda3/envs/airflow-dev/lib/python3.11/site-packages/airflow/example_dags/example_kubernetes_executor.py for tasks to queue
[2026-04-21T19:01:13.971+0530] {logging_mixin.py:190} INFO - [2026-04-21T19:01:13.970+0530] {dagbag.py:588} INFO - Filling up the DagBag from /home/ubantu/miniconda3/envs/airflow-dev/lib/python3.11/site-packages/airflow/example_dags/example_kubernetes_executor.py
[2026-04-21T19:01:13.974+0530] {logging_mixin.py:190} INFO - [2026-04-21T19:01:13.974+0530] {example_kubernetes_executor.py:39} WARNING - The example_kubernetes_executor example DAG requires the kubernetes provider. Please install it with: pip install apache-airflow[cncf.kubernetes]
[2026-04-21T19:01:13.974+0530] {processor.py:927} WARNING - No viable dags retrieved from /home/ubantu/miniconda3/envs/airflow-dev/lib/python3.11/site-packages/airflow/example_dags/example_kubernetes_executor.py
[2026-04-21T19:01:13.984+0530] {processor.py:208} INFO - Processing /home/ubantu/miniconda3/envs/airflow-dev/lib/python3.11/site-packages/airflow/example_dags/example_kubernetes_executor.py took 0.022 seconds
[2026-04-21T19:03:04.752+0530] {processor.py:186} INFO - Started process (PID=6691) to work on /home/ubantu/miniconda3/envs/airflow-dev/lib/python3.11/site-packages/airflow/example_dags/example_kubernetes_executor.py
[2026-04-21T19:03:04.754+0530] {processor.py:914} INFO - Processing file /home/ubantu/miniconda3/envs/airflow-dev/lib/python3.11/site-packages/airflow/example_dags/example_kubernetes_executor.py for tasks to queue
[2026-04-21T19:03:04.755+0530] {logging_mixin.py:190} INFO - [2026-04-21T19:03:04.755+0530] {dagbag.py:588} INFO - Filling up the DagBag from /home/ubantu/miniconda3/envs/airflow-dev/lib/python3.11/site-packages/airflow/example_dags/example_kubernetes_executor.py
[2026-04-21T19:03:04.758+0530] {logging_mixin.py:190} INFO - [2026-04-21T19:03:04.758+0530] {example_kubernetes_executor.py:39} WARNING - The example_kubernetes_executor example DAG requires the kubernetes provider. Please install it with: pip install apache-airflow[cncf.kubernetes]
[2026-04-21T19:03:04.759+0530] {processor.py:927} WARNING - No viable dags retrieved from /home/ubantu/miniconda3/envs/airflow-dev/lib/python3.11/site-packages/airflow/example_dags/example_kubernetes_executor.py
[2026-04-21T19:03:04.770+0530] {processor.py:208} INFO - Processing /home/ubantu/miniconda3/envs/airflow-dev/lib/python3.11/site-packages/airflow/example_dags/example_kubernetes_executor.py took 0.025 seconds
[2026-04-21T19:05:45.893+0530] {processor.py:186} INFO - Started process (PID=6844) to work on /home/ubantu/miniconda3/envs/airflow-dev/lib/python3.11/site-packages/airflow/example_dags/example_kubernetes_executor.py
[2026-04-21T19:05:45.894+0530] {processor.py:914} INFO - Processing file /home/ubantu/miniconda3/envs/airflow-dev/lib/python3.11/site-packages/airflow/example_dags/example_kubernetes_executor.py for tasks to queue
[2026-04-21T19:05:45.895+0530] {logging_mixin.py:190} INFO - [2026-04-21T19:05:45.895+0530] {dagbag.py:588} INFO - Filling up the DagBag from /home/ubantu/miniconda3/envs/airflow-dev/lib/python3.11/site-packages/airflow/example_dags/example_kubernetes_executor.py
[2026-04-21T19:05:45.898+0530] {logging_mixin.py:190} INFO - [2026-04-21T19:05:45.898+0530] {example_kubernetes_executor.py:39} WARNING - The example_kubernetes_executor example DAG requires the kubernetes provider. Please install it with: pip install apache-airflow[cncf.kubernetes]
[2026-04-21T19:05:45.898+0530] {processor.py:927} WARNING - No viable dags retrieved from /home/ubantu/miniconda3/envs/airflow-dev/lib/python3.11/site-packages/airflow/example_dags/example_kubernetes_executor.py
[2026-04-21T19:05:45.908+0530] {processor.py:208} INFO - Processing /home/ubantu/miniconda3/envs/airflow-dev/lib/python3.11/site-packages/airflow/example_dags/example_kubernetes_executor.py took 0.022 seconds
[2026-04-21T19:07:35.350+0530] {processor.py:186} INFO - Started process (PID=7003) to work on /home/ubantu/miniconda3/envs/airflow-dev/lib/python3.11/site-packages/airflow/example_dags/example_kubernetes_executor.py
[2026-04-21T19:07:35.351+0530] {processor.py:914} INFO - Processing file /home/ubantu/miniconda3/envs/airflow-dev/lib/python3.11/site-packages/airflow/example_dags/example_kubernetes_executor.py for tasks to queue
[2026-04-21T19:07:35.353+0530] {logging_mixin.py:190} INFO - [2026-04-21T19:07:35.352+0530] {dagbag.py:588} INFO - Filling up the DagBag from /home/ubantu/miniconda3/envs/airflow-dev/lib/python3.11/site-packages/airflow/example_dags/example_kubernetes_executor.py
[2026-04-21T19:07:35.356+0530] {logging_mixin.py:190} INFO - [2026-04-21T19:07:35.356+0530] {example_kubernetes_executor.py:39} WARNING - The example_kubernetes_executor example DAG requires the kubernetes provider. Please install it with: pip install apache-airflow[cncf.kubernetes]
[2026-04-21T19:07:35.356+0530] {processor.py:927} WARNING - No viable dags retrieved from /home/ubantu/miniconda3/envs/airflow-dev/lib/python3.11/site-packages/airflow/example_dags/example_kubernetes_executor.py
[2026-04-21T19:07:35.367+0530] {processor.py:208} INFO - Processing /home/ubantu/miniconda3/envs/airflow-dev/lib/python3.11/site-packages/airflow/example_dags/example_kubernetes_executor.py took 0.024 seconds
[2026-04-21T19:08:52.707+0530] {processor.py:186} INFO - Started process (PID=7103) to work on /home/ubantu/miniconda3/envs/airflow-dev/lib/python3.11/site-packages/airflow/example_dags/example_kubernetes_executor.py
[2026-04-21T19:08:52.708+0530] {processor.py:914} INFO - Processing file /home/ubantu/miniconda3/envs/airflow-dev/lib/python3.11/site-packages/airflow/example_dags/example_kubernetes_executor.py for tasks to queue
[2026-04-21T19:08:52.709+0530] {logging_mixin.py:190} INFO - [2026-04-21T19:08:52.709+0530] {dagbag.py:588} INFO - Filling up the DagBag from /home/ubantu/miniconda3/envs/airflow-dev/lib/python3.11/site-packages/airflow/example_dags/example_kubernetes_executor.py
[2026-04-21T19:08:52.712+0530] {logging_mixin.py:190} INFO - [2026-04-21T19:08:52.712+0530] {example_kubernetes_executor.py:39} WARNING - The example_kubernetes_executor example DAG requires the kubernetes provider. Please install it with: pip install apache-airflow[cncf.kubernetes]
[2026-04-21T19:08:52.712+0530] {processor.py:927} WARNING - No viable dags retrieved from /home/ubantu/miniconda3/envs/airflow-dev/lib/python3.11/site-packages/airflow/example_dags/example_kubernetes_executor.py
[2026-04-21T19:08:52.722+0530] {processor.py:208} INFO - Processing /home/ubantu/miniconda3/envs/airflow-dev/lib/python3.11/site-packages/airflow/example_dags/example_kubernetes_executor.py took 0.022 seconds
[2026-04-21T19:10:11.477+0530] {processor.py:186} INFO - Started process (PID=7205) to work on /home/ubantu/miniconda3/envs/airflow-dev/lib/python3.11/site-packages/airflow/example_dags/example_kubernetes_executor.py
[2026-04-21T19:10:11.478+0530] {processor.py:914} INFO - Processing file /home/ubantu/miniconda3/envs/airflow-dev/lib/python3.11/site-packages/airflow/example_dags/example_kubernetes_executor.py for tasks to queue
[2026-04-21T19:10:11.479+0530] {logging_mixin.py:190} INFO - [2026-04-21T19:10:11.479+0530] {dagbag.py:588} INFO - Filling up the DagBag from /home/ubantu/miniconda3/envs/airflow-dev/lib/python3.11/site-packages/airflow/example_dags/example_kubernetes_executor.py
[2026-04-21T19:10:11.482+0530] {logging_mixin.py:190} INFO - [2026-04-21T19:10:11.482+0530] {example_kubernetes_executor.py:39} WARNING - The example_kubernetes_executor example DAG requires the kubernetes provider. Please install it with: pip install apache-airflow[cncf.kubernetes]
[2026-04-21T19:10:11.482+0530] {processor.py:927} WARNING - No viable dags retrieved from /home/ubantu/miniconda3/envs/airflow-dev/lib/python3.11/site-packages/airflow/example_dags/example_kubernetes_executor.py
[2026-04-21T19:10:11.493+0530] {processor.py:208} INFO - Processing /home/ubantu/miniconda3/envs/airflow-dev/lib/python3.11/site-packages/airflow/example_dags/example_kubernetes_executor.py took 0.022 seconds
[2026-04-21T19:11:29.462+0530] {processor.py:186} INFO - Started process (PID=7312) to work on /home/ubantu/miniconda3/envs/airflow-dev/lib/python3.11/site-packages/airflow/example_dags/example_kubernetes_executor.py
[2026-04-21T19:11:29.463+0530] {processor.py:914} INFO - Processing file /home/ubantu/miniconda3/envs/airflow-dev/lib/python3.11/site-packages/airflow/example_dags/example_kubernetes_executor.py for tasks to queue
[2026-04-21T19:11:29.464+0530] {logging_mixin.py:190} INFO - [2026-04-21T19:11:29.464+0530] {dagbag.py:588} INFO - Filling up the DagBag from /home/ubantu/miniconda3/envs/airflow-dev/lib/python3.11/site-packages/airflow/example_dags/example_kubernetes_executor.py
[2026-04-21T19:11:29.467+0530] {logging_mixin.py:190} INFO - [2026-04-21T19:11:29.467+0530] {example_kubernetes_executor.py:39} WARNING - The example_kubernetes_executor example DAG requires the kubernetes provider. Please install it with: pip install apache-airflow[cncf.kubernetes]
[2026-04-21T19:11:29.467+0530] {processor.py:927} WARNING - No viable dags retrieved from /home/ubantu/miniconda3/envs/airflow-dev/lib/python3.11/site-packages/airflow/example_dags/example_kubernetes_executor.py
[2026-04-21T19:11:29.477+0530] {processor.py:208} INFO - Processing /home/ubantu/miniconda3/envs/airflow-dev/lib/python3.11/site-packages/airflow/example_dags/example_kubernetes_executor.py took 0.021 seconds
[2026-04-21T19:12:47.997+0530] {processor.py:186} INFO - Started process (PID=7402) to work on /home/ubantu/miniconda3/envs/airflow-dev/lib/python3.11/site-packages/airflow/example_dags/example_kubernetes_executor.py
[2026-04-21T19:12:47.999+0530] {processor.py:914} INFO - Processing file /home/ubantu/miniconda3/envs/airflow-dev/lib/python3.11/site-packages/airflow/example_dags/example_kubernetes_executor.py for tasks to queue
[2026-04-21T19:12:48.000+0530] {logging_mixin.py:190} INFO - [2026-04-21T19:12:48.000+0530] {dagbag.py:588} INFO - Filling up the DagBag from /home/ubantu/miniconda3/envs/airflow-dev/lib/python3.11/site-packages/airflow/example_dags/example_kubernetes_executor.py
[2026-04-21T19:12:48.003+0530] {logging_mixin.py:190} INFO - [2026-04-21T19:12:48.003+0530] {example_kubernetes_executor.py:39} WARNING - The example_kubernetes_executor example DAG requires the kubernetes provider. Please install it with: pip install apache-airflow[cncf.kubernetes]
[2026-04-21T19:12:48.004+0530] {processor.py:927} WARNING - No viable dags retrieved from /home/ubantu/miniconda3/envs/airflow-dev/lib/python3.11/site-packages/airflow/example_dags/example_kubernetes_executor.py
[2026-04-21T19:12:48.014+0530] {processor.py:208} INFO - Processing /home/ubantu/miniconda3/envs/airflow-dev/lib/python3.11/site-packages/airflow/example_dags/example_kubernetes_executor.py took 0.023 seconds
[2026-04-21T19:14:09.285+0530] {processor.py:186} INFO - Started process (PID=7533) to work on /home/ubantu/miniconda3/envs/airflow-dev/lib/python3.11/site-packages/airflow/example_dags/example_kubernetes_executor.py
[2026-04-21T19:14:09.286+0530] {processor.py:914} INFO - Processing file /home/ubantu/miniconda3/envs/airflow-dev/lib/python3.11/site-packages/airflow/example_dags/example_kubernetes_executor.py for tasks to queue
[2026-04-21T19:14:09.287+0530] {logging_mixin.py:190} INFO - [2026-04-21T19:14:09.287+0530] {dagbag.py:588} INFO - Filling up the DagBag from /home/ubantu/miniconda3/envs/airflow-dev/lib/python3.11/site-packages/airflow/example_dags/example_kubernetes_executor.py
[2026-04-21T19:14:09.291+0530] {logging_mixin.py:190} INFO - [2026-04-21T19:14:09.291+0530] {example_kubernetes_executor.py:39} WARNING - The example_kubernetes_executor example DAG requires the kubernetes provider. Please install it with: pip install apache-airflow[cncf.kubernetes]
[2026-04-21T19:14:09.291+0530] {processor.py:927} WARNING - No viable dags retrieved from /home/ubantu/miniconda3/envs/airflow-dev/lib/python3.11/site-packages/airflow/example_dags/example_kubernetes_executor.py
[2026-04-21T19:14:09.302+0530] {processor.py:208} INFO - Processing /home/ubantu/miniconda3/envs/airflow-dev/lib/python3.11/site-packages/airflow/example_dags/example_kubernetes_executor.py took 0.023 seconds
[2026-04-21T19:15:30.676+0530] {processor.py:186} INFO - Started process (PID=7649) to work on /home/ubantu/miniconda3/envs/airflow-dev/lib/python3.11/site-packages/airflow/example_dags/example_kubernetes_executor.py
[2026-04-21T19:15:30.677+0530] {processor.py:914} INFO - Processing file /home/ubantu/miniconda3/envs/airflow-dev/lib/python3.11/site-packages/airflow/example_dags/example_kubernetes_executor.py for tasks to queue
[2026-04-21T19:15:30.679+0530] {logging_mixin.py:190} INFO - [2026-04-21T19:15:30.678+0530] {dagbag.py:588} INFO - Filling up the DagBag from /home/ubantu/miniconda3/envs/airflow-dev/lib/python3.11/site-packages/airflow/example_dags/example_kubernetes_executor.py
[2026-04-21T19:15:30.683+0530] {logging_mixin.py:190} INFO - [2026-04-21T19:15:30.682+0530] {example_kubernetes_executor.py:39} WARNING - The example_kubernetes_executor example DAG requires the kubernetes provider. Please install it with: pip install apache-airflow[cncf.kubernetes]
[2026-04-21T19:15:30.683+0530] {processor.py:927} WARNING - No viable dags retrieved from /home/ubantu/miniconda3/envs/airflow-dev/lib/python3.11/site-packages/airflow/example_dags/example_kubernetes_executor.py
[2026-04-21T19:15:30.696+0530] {processor.py:208} INFO - Processing /home/ubantu/miniconda3/envs/airflow-dev/lib/python3.11/site-packages/airflow/example_dags/example_kubernetes_executor.py took 0.028 seconds
[2026-04-21T19:16:49.022+0530] {processor.py:186} INFO - Started process (PID=7798) to work on /home/ubantu/miniconda3/envs/airflow-dev/lib/python3.11/site-packages/airflow/example_dags/example_kubernetes_executor.py
[2026-04-21T19:16:49.023+0530] {processor.py:914} INFO - Processing file /home/ubantu/miniconda3/envs/airflow-dev/lib/python3.11/site-packages/airflow/example_dags/example_kubernetes_executor.py for tasks to queue
[2026-04-21T19:16:49.024+0530] {logging_mixin.py:190} INFO - [2026-04-21T19:16:49.024+0530] {dagbag.py:588} INFO - Filling up the DagBag from /home/ubantu/miniconda3/envs/airflow-dev/lib/python3.11/site-packages/airflow/example_dags/example_kubernetes_executor.py
[2026-04-21T19:16:49.026+0530] {logging_mixin.py:190} INFO - [2026-04-21T19:16:49.026+0530] {example_kubernetes_executor.py:39} WARNING - The example_kubernetes_executor example DAG requires the kubernetes provider. Please install it with: pip install apache-airflow[cncf.kubernetes]
[2026-04-21T19:16:49.027+0530] {processor.py:927} WARNING - No viable dags retrieved from /home/ubantu/miniconda3/envs/airflow-dev/lib/python3.11/site-packages/airflow/example_dags/example_kubernetes_executor.py
[2026-04-21T19:16:49.036+0530] {processor.py:208} INFO - Processing /home/ubantu/miniconda3/envs/airflow-dev/lib/python3.11/site-packages/airflow/example_dags/example_kubernetes_executor.py took 0.019 seconds
[2026-04-21T19:22:40.632+0530] {processor.py:186} INFO - Started process (PID=8350) to work on /home/ubantu/airflow-src/airflow/example_dags/example_kubernetes_executor.py
[2026-04-21T19:22:40.633+0530] {processor.py:914} INFO - Processing file /home/ubantu/airflow-src/airflow/example_dags/example_kubernetes_executor.py for tasks to queue
[2026-04-21T19:22:40.634+0530] {logging_mixin.py:190} INFO - [2026-04-21T19:22:40.634+0530] {dagbag.py:588} INFO - Filling up the DagBag from /home/ubantu/airflow-src/airflow/example_dags/example_kubernetes_executor.py
[2026-04-21T19:22:40.637+0530] {logging_mixin.py:190} INFO - [2026-04-21T19:22:40.637+0530] {example_kubernetes_executor.py:39} WARNING - The example_kubernetes_executor example DAG requires the kubernetes provider. Please install it with: pip install apache-airflow[cncf.kubernetes]
[2026-04-21T19:22:40.637+0530] {processor.py:927} WARNING - No viable dags retrieved from /home/ubantu/airflow-src/airflow/example_dags/example_kubernetes_executor.py
[2026-04-21T19:22:40.647+0530] {processor.py:208} INFO - Processing /home/ubantu/airflow-src/airflow/example_dags/example_kubernetes_executor.py took 0.021 seconds
[2026-04-21T19:25:29.953+0530] {processor.py:186} INFO - Started process (PID=8585) to work on /home/ubantu/airflow-src/airflow/example_dags/example_kubernetes_executor.py
[2026-04-21T19:25:29.954+0530] {processor.py:914} INFO - Processing file /home/ubantu/airflow-src/airflow/example_dags/example_kubernetes_executor.py for tasks to queue
[2026-04-21T19:25:29.956+0530] {logging_mixin.py:190} INFO - [2026-04-21T19:25:29.955+0530] {dagbag.py:588} INFO - Filling up the DagBag from /home/ubantu/airflow-src/airflow/example_dags/example_kubernetes_executor.py
[2026-04-21T19:25:29.959+0530] {logging_mixin.py:190} INFO - [2026-04-21T19:25:29.959+0530] {example_kubernetes_executor.py:39} WARNING - The example_kubernetes_executor example DAG requires the kubernetes provider. Please install it with: pip install apache-airflow[cncf.kubernetes]
[2026-04-21T19:25:29.959+0530] {processor.py:927} WARNING - No viable dags retrieved from /home/ubantu/airflow-src/airflow/example_dags/example_kubernetes_executor.py
[2026-04-21T19:25:29.971+0530] {processor.py:208} INFO - Processing /home/ubantu/airflow-src/airflow/example_dags/example_kubernetes_executor.py took 0.025 seconds
