[2026-04-21T18:45:55.901+0530] {processor.py:186} INFO - Started process (PID=5408) to work on /home/ubantu/miniconda3/envs/airflow-dev/lib/python3.11/site-packages/airflow/example_dags/example_time_delta_sensor_async.py
[2026-04-21T18:45:55.902+0530] {processor.py:914} INFO - Processing file /home/ubantu/miniconda3/envs/airflow-dev/lib/python3.11/site-packages/airflow/example_dags/example_time_delta_sensor_async.py for tasks to queue
[2026-04-21T18:45:55.904+0530] {logging_mixin.py:190} INFO - [2026-04-21T18:45:55.904+0530] {dagbag.py:588} INFO - Filling up the DagBag from /home/ubantu/miniconda3/envs/airflow-dev/lib/python3.11/site-packages/airflow/example_dags/example_time_delta_sensor_async.py
[2026-04-21T18:45:55.911+0530] {processor.py:925} INFO - DAG(s) 'example_time_delta_sensor_async' retrieved from /home/ubantu/miniconda3/envs/airflow-dev/lib/python3.11/site-packages/airflow/example_dags/example_time_delta_sensor_async.py
[2026-04-21T18:45:55.997+0530] {logging_mixin.py:190} INFO - [2026-04-21T18:45:55.997+0530] {dag.py:3239} INFO - Sync 1 DAGs
[2026-04-21T18:45:56.006+0530] {logging_mixin.py:190} INFO - [2026-04-21T18:45:56.006+0530] {dag.py:4180} INFO - Setting next_dagrun for example_time_delta_sensor_async to None, run_after=None
[2026-04-21T18:45:56.023+0530] {processor.py:208} INFO - Processing /home/ubantu/miniconda3/envs/airflow-dev/lib/python3.11/site-packages/airflow/example_dags/example_time_delta_sensor_async.py took 0.128 seconds
[2026-04-21T18:47:50.969+0530] {processor.py:186} INFO - Started process (PID=5604) to work on /home/ubantu/miniconda3/envs/airflow-dev/lib/python3.11/site-packages/airflow/example_dags/example_time_delta_sensor_async.py
[2026-04-21T18:47:50.971+0530] {processor.py:914} INFO - Processing file /home/ubantu/miniconda3/envs/airflow-dev/lib/python3.11/site-packages/airflow/example_dags/example_time_delta_sensor_async.py for tasks to queue
[2026-04-21T18:47:50.976+0530] {logging_mixin.py:190} INFO - [2026-04-21T18:47:50.975+0530] {dagbag.py:588} INFO - Filling up the DagBag from /home/ubantu/miniconda3/envs/airflow-dev/lib/python3.11/site-packages/airflow/example_dags/example_time_delta_sensor_async.py
[2026-04-21T18:47:50.986+0530] {processor.py:925} INFO - DAG(s) 'example_time_delta_sensor_async' retrieved from /home/ubantu/miniconda3/envs/airflow-dev/lib/python3.11/site-packages/airflow/example_dags/example_time_delta_sensor_async.py
[2026-04-21T18:47:51.000+0530] {logging_mixin.py:190} INFO - [2026-04-21T18:47:51.000+0530] {dag.py:3239} INFO - Sync 1 DAGs
[2026-04-21T18:47:51.010+0530] {logging_mixin.py:190} INFO - [2026-04-21T18:47:51.010+0530] {dag.py:4180} INFO - Setting next_dagrun for example_time_delta_sensor_async to None, run_after=None
[2026-04-21T18:47:51.027+0530] {processor.py:208} INFO - Processing /home/ubantu/miniconda3/envs/airflow-dev/lib/python3.11/site-packages/airflow/example_dags/example_time_delta_sensor_async.py took 0.070 seconds
[2026-04-21T18:49:16.496+0530] {processor.py:186} INFO - Started process (PID=5716) to work on /home/ubantu/miniconda3/envs/airflow-dev/lib/python3.11/site-packages/airflow/example_dags/example_time_delta_sensor_async.py
[2026-04-21T18:49:16.497+0530] {processor.py:914} INFO - Processing file /home/ubantu/miniconda3/envs/airflow-dev/lib/python3.11/site-packages/airflow/example_dags/example_time_delta_sensor_async.py for tasks to queue
[2026-04-21T18:49:16.500+0530] {logging_mixin.py:190} INFO - [2026-04-21T18:49:16.499+0530] {dagbag.py:588} INFO - Filling up the DagBag from /home/ubantu/miniconda3/envs/airflow-dev/lib/python3.11/site-packages/airflow/example_dags/example_time_delta_sensor_async.py
[2026-04-21T18:49:16.505+0530] {processor.py:925} INFO - DAG(s) 'example_time_delta_sensor_async' retrieved from /home/ubantu/miniconda3/envs/airflow-dev/lib/python3.11/site-packages/airflow/example_dags/example_time_delta_sensor_async.py
[2026-04-21T18:49:16.624+0530] {logging_mixin.py:190} INFO - [2026-04-21T18:49:16.623+0530] {dag.py:3239} INFO - Sync 1 DAGs
[2026-04-21T18:49:16.633+0530] {logging_mixin.py:190} INFO - [2026-04-21T18:49:16.633+0530] {dag.py:4180} INFO - Setting next_dagrun for example_time_delta_sensor_async to None, run_after=None
[2026-04-21T18:49:16.649+0530] {processor.py:208} INFO - Processing /home/ubantu/miniconda3/envs/airflow-dev/lib/python3.11/site-packages/airflow/example_dags/example_time_delta_sensor_async.py took 0.159 seconds
[2026-04-21T18:50:36.357+0530] {processor.py:186} INFO - Started process (PID=5838) to work on /home/ubantu/miniconda3/envs/airflow-dev/lib/python3.11/site-packages/airflow/example_dags/example_time_delta_sensor_async.py
[2026-04-21T18:50:36.358+0530] {processor.py:914} INFO - Processing file /home/ubantu/miniconda3/envs/airflow-dev/lib/python3.11/site-packages/airflow/example_dags/example_time_delta_sensor_async.py for tasks to queue
[2026-04-21T18:50:36.361+0530] {logging_mixin.py:190} INFO - [2026-04-21T18:50:36.361+0530] {dagbag.py:588} INFO - Filling up the DagBag from /home/ubantu/miniconda3/envs/airflow-dev/lib/python3.11/site-packages/airflow/example_dags/example_time_delta_sensor_async.py
[2026-04-21T18:50:36.368+0530] {processor.py:925} INFO - DAG(s) 'example_time_delta_sensor_async' retrieved from /home/ubantu/miniconda3/envs/airflow-dev/lib/python3.11/site-packages/airflow/example_dags/example_time_delta_sensor_async.py
[2026-04-21T18:50:36.383+0530] {logging_mixin.py:190} INFO - [2026-04-21T18:50:36.383+0530] {dag.py:3239} INFO - Sync 1 DAGs
[2026-04-21T18:50:36.395+0530] {logging_mixin.py:190} INFO - [2026-04-21T18:50:36.395+0530] {dag.py:4180} INFO - Setting next_dagrun for example_time_delta_sensor_async to None, run_after=None
[2026-04-21T18:50:36.414+0530] {processor.py:208} INFO - Processing /home/ubantu/miniconda3/envs/airflow-dev/lib/python3.11/site-packages/airflow/example_dags/example_time_delta_sensor_async.py took 0.064 seconds
[2026-04-21T18:51:56.892+0530] {processor.py:186} INFO - Started process (PID=5935) to work on /home/ubantu/miniconda3/envs/airflow-dev/lib/python3.11/site-packages/airflow/example_dags/example_time_delta_sensor_async.py
[2026-04-21T18:51:56.893+0530] {processor.py:914} INFO - Processing file /home/ubantu/miniconda3/envs/airflow-dev/lib/python3.11/site-packages/airflow/example_dags/example_time_delta_sensor_async.py for tasks to queue
[2026-04-21T18:51:56.895+0530] {logging_mixin.py:190} INFO - [2026-04-21T18:51:56.895+0530] {dagbag.py:588} INFO - Filling up the DagBag from /home/ubantu/miniconda3/envs/airflow-dev/lib/python3.11/site-packages/airflow/example_dags/example_time_delta_sensor_async.py
[2026-04-21T18:51:56.904+0530] {processor.py:925} INFO - DAG(s) 'example_time_delta_sensor_async' retrieved from /home/ubantu/miniconda3/envs/airflow-dev/lib/python3.11/site-packages/airflow/example_dags/example_time_delta_sensor_async.py
[2026-04-21T18:51:56.918+0530] {logging_mixin.py:190} INFO - [2026-04-21T18:51:56.918+0530] {dag.py:3239} INFO - Sync 1 DAGs
[2026-04-21T18:51:56.929+0530] {logging_mixin.py:190} INFO - [2026-04-21T18:51:56.928+0530] {dag.py:4180} INFO - Setting next_dagrun for example_time_delta_sensor_async to None, run_after=None
[2026-04-21T18:51:56.948+0530] {processor.py:208} INFO - Processing /home/ubantu/miniconda3/envs/airflow-dev/lib/python3.11/site-packages/airflow/example_dags/example_time_delta_sensor_async.py took 0.063 seconds
[2026-04-21T18:53:16.331+0530] {processor.py:186} INFO - Started process (PID=6048) to work on /home/ubantu/miniconda3/envs/airflow-dev/lib/python3.11/site-packages/airflow/example_dags/example_time_delta_sensor_async.py
[2026-04-21T18:53:16.332+0530] {processor.py:914} INFO - Processing file /home/ubantu/miniconda3/envs/airflow-dev/lib/python3.11/site-packages/airflow/example_dags/example_time_delta_sensor_async.py for tasks to queue
[2026-04-21T18:53:16.334+0530] {logging_mixin.py:190} INFO - [2026-04-21T18:53:16.334+0530] {dagbag.py:588} INFO - Filling up the DagBag from /home/ubantu/miniconda3/envs/airflow-dev/lib/python3.11/site-packages/airflow/example_dags/example_time_delta_sensor_async.py
[2026-04-21T18:53:16.342+0530] {processor.py:925} INFO - DAG(s) 'example_time_delta_sensor_async' retrieved from /home/ubantu/miniconda3/envs/airflow-dev/lib/python3.11/site-packages/airflow/example_dags/example_time_delta_sensor_async.py
[2026-04-21T18:53:16.356+0530] {logging_mixin.py:190} INFO - [2026-04-21T18:53:16.356+0530] {dag.py:3239} INFO - Sync 1 DAGs
[2026-04-21T18:53:16.368+0530] {logging_mixin.py:190} INFO - [2026-04-21T18:53:16.367+0530] {dag.py:4180} INFO - Setting next_dagrun for example_time_delta_sensor_async to None, run_after=None
[2026-04-21T18:53:16.386+0530] {processor.py:208} INFO - Processing /home/ubantu/miniconda3/envs/airflow-dev/lib/python3.11/site-packages/airflow/example_dags/example_time_delta_sensor_async.py took 0.061 seconds
[2026-04-21T18:54:34.881+0530] {processor.py:186} INFO - Started process (PID=6163) to work on /home/ubantu/miniconda3/envs/airflow-dev/lib/python3.11/site-packages/airflow/example_dags/example_time_delta_sensor_async.py
[2026-04-21T18:54:34.882+0530] {processor.py:914} INFO - Processing file /home/ubantu/miniconda3/envs/airflow-dev/lib/python3.11/site-packages/airflow/example_dags/example_time_delta_sensor_async.py for tasks to queue
[2026-04-21T18:54:34.885+0530] {logging_mixin.py:190} INFO - [2026-04-21T18:54:34.884+0530] {dagbag.py:588} INFO - Filling up the DagBag from /home/ubantu/miniconda3/envs/airflow-dev/lib/python3.11/site-packages/airflow/example_dags/example_time_delta_sensor_async.py
[2026-04-21T18:54:34.894+0530] {processor.py:925} INFO - DAG(s) 'example_time_delta_sensor_async' retrieved from /home/ubantu/miniconda3/envs/airflow-dev/lib/python3.11/site-packages/airflow/example_dags/example_time_delta_sensor_async.py
[2026-04-21T18:54:34.913+0530] {logging_mixin.py:190} INFO - [2026-04-21T18:54:34.912+0530] {dag.py:3239} INFO - Sync 1 DAGs
[2026-04-21T18:54:34.925+0530] {logging_mixin.py:190} INFO - [2026-04-21T18:54:34.925+0530] {dag.py:4180} INFO - Setting next_dagrun for example_time_delta_sensor_async to None, run_after=None
[2026-04-21T18:54:34.943+0530] {processor.py:208} INFO - Processing /home/ubantu/miniconda3/envs/airflow-dev/lib/python3.11/site-packages/airflow/example_dags/example_time_delta_sensor_async.py took 0.068 seconds
[2026-04-21T18:55:53.687+0530] {processor.py:186} INFO - Started process (PID=6273) to work on /home/ubantu/miniconda3/envs/airflow-dev/lib/python3.11/site-packages/airflow/example_dags/example_time_delta_sensor_async.py
[2026-04-21T18:55:53.689+0530] {processor.py:914} INFO - Processing file /home/ubantu/miniconda3/envs/airflow-dev/lib/python3.11/site-packages/airflow/example_dags/example_time_delta_sensor_async.py for tasks to queue
[2026-04-21T18:55:53.691+0530] {logging_mixin.py:190} INFO - [2026-04-21T18:55:53.691+0530] {dagbag.py:588} INFO - Filling up the DagBag from /home/ubantu/miniconda3/envs/airflow-dev/lib/python3.11/site-packages/airflow/example_dags/example_time_delta_sensor_async.py
[2026-04-21T18:55:53.702+0530] {processor.py:925} INFO - DAG(s) 'example_time_delta_sensor_async' retrieved from /home/ubantu/miniconda3/envs/airflow-dev/lib/python3.11/site-packages/airflow/example_dags/example_time_delta_sensor_async.py
[2026-04-21T18:55:53.716+0530] {logging_mixin.py:190} INFO - [2026-04-21T18:55:53.716+0530] {dag.py:3239} INFO - Sync 1 DAGs
[2026-04-21T18:55:53.727+0530] {logging_mixin.py:190} INFO - [2026-04-21T18:55:53.727+0530] {dag.py:4180} INFO - Setting next_dagrun for example_time_delta_sensor_async to None, run_after=None
[2026-04-21T18:55:53.744+0530] {processor.py:208} INFO - Processing /home/ubantu/miniconda3/envs/airflow-dev/lib/python3.11/site-packages/airflow/example_dags/example_time_delta_sensor_async.py took 0.069 seconds
[2026-04-21T18:57:12.707+0530] {processor.py:186} INFO - Started process (PID=6384) to work on /home/ubantu/miniconda3/envs/airflow-dev/lib/python3.11/site-packages/airflow/example_dags/example_time_delta_sensor_async.py
[2026-04-21T18:57:12.708+0530] {processor.py:914} INFO - Processing file /home/ubantu/miniconda3/envs/airflow-dev/lib/python3.11/site-packages/airflow/example_dags/example_time_delta_sensor_async.py for tasks to queue
[2026-04-21T18:57:12.710+0530] {logging_mixin.py:190} INFO - [2026-04-21T18:57:12.710+0530] {dagbag.py:588} INFO - Filling up the DagBag from /home/ubantu/miniconda3/envs/airflow-dev/lib/python3.11/site-packages/airflow/example_dags/example_time_delta_sensor_async.py
[2026-04-21T18:57:12.718+0530] {processor.py:925} INFO - DAG(s) 'example_time_delta_sensor_async' retrieved from /home/ubantu/miniconda3/envs/airflow-dev/lib/python3.11/site-packages/airflow/example_dags/example_time_delta_sensor_async.py
[2026-04-21T18:57:12.732+0530] {logging_mixin.py:190} INFO - [2026-04-21T18:57:12.732+0530] {dag.py:3239} INFO - Sync 1 DAGs
[2026-04-21T18:57:12.744+0530] {logging_mixin.py:190} INFO - [2026-04-21T18:57:12.744+0530] {dag.py:4180} INFO - Setting next_dagrun for example_time_delta_sensor_async to None, run_after=None
[2026-04-21T18:57:12.762+0530] {processor.py:208} INFO - Processing /home/ubantu/miniconda3/envs/airflow-dev/lib/python3.11/site-packages/airflow/example_dags/example_time_delta_sensor_async.py took 0.061 seconds
[2026-04-21T19:00:51.049+0530] {processor.py:186} INFO - Started process (PID=6521) to work on /home/ubantu/miniconda3/envs/airflow-dev/lib/python3.11/site-packages/airflow/example_dags/example_time_delta_sensor_async.py
[2026-04-21T19:00:51.050+0530] {processor.py:914} INFO - Processing file /home/ubantu/miniconda3/envs/airflow-dev/lib/python3.11/site-packages/airflow/example_dags/example_time_delta_sensor_async.py for tasks to queue
[2026-04-21T19:00:51.052+0530] {logging_mixin.py:190} INFO - [2026-04-21T19:00:51.051+0530] {dagbag.py:588} INFO - Filling up the DagBag from /home/ubantu/miniconda3/envs/airflow-dev/lib/python3.11/site-packages/airflow/example_dags/example_time_delta_sensor_async.py
[2026-04-21T19:00:51.057+0530] {processor.py:925} INFO - DAG(s) 'example_time_delta_sensor_async' retrieved from /home/ubantu/miniconda3/envs/airflow-dev/lib/python3.11/site-packages/airflow/example_dags/example_time_delta_sensor_async.py
[2026-04-21T19:00:51.074+0530] {logging_mixin.py:190} INFO - [2026-04-21T19:00:51.073+0530] {dag.py:3239} INFO - Sync 1 DAGs
[2026-04-21T19:00:51.084+0530] {logging_mixin.py:190} INFO - [2026-04-21T19:00:51.084+0530] {dag.py:4180} INFO - Setting next_dagrun for example_time_delta_sensor_async to None, run_after=None
[2026-04-21T19:00:51.100+0530] {processor.py:208} INFO - Processing /home/ubantu/miniconda3/envs/airflow-dev/lib/python3.11/site-packages/airflow/example_dags/example_time_delta_sensor_async.py took 0.057 seconds
[2026-04-21T19:02:41.813+0530] {processor.py:186} INFO - Started process (PID=6660) to work on /home/ubantu/miniconda3/envs/airflow-dev/lib/python3.11/site-packages/airflow/example_dags/example_time_delta_sensor_async.py
[2026-04-21T19:02:41.814+0530] {processor.py:914} INFO - Processing file /home/ubantu/miniconda3/envs/airflow-dev/lib/python3.11/site-packages/airflow/example_dags/example_time_delta_sensor_async.py for tasks to queue
[2026-04-21T19:02:41.815+0530] {logging_mixin.py:190} INFO - [2026-04-21T19:02:41.815+0530] {dagbag.py:588} INFO - Filling up the DagBag from /home/ubantu/miniconda3/envs/airflow-dev/lib/python3.11/site-packages/airflow/example_dags/example_time_delta_sensor_async.py
[2026-04-21T19:02:41.820+0530] {processor.py:925} INFO - DAG(s) 'example_time_delta_sensor_async' retrieved from /home/ubantu/miniconda3/envs/airflow-dev/lib/python3.11/site-packages/airflow/example_dags/example_time_delta_sensor_async.py
[2026-04-21T19:02:41.835+0530] {logging_mixin.py:190} INFO - [2026-04-21T19:02:41.835+0530] {dag.py:3239} INFO - Sync 1 DAGs
[2026-04-21T19:02:41.846+0530] {logging_mixin.py:190} INFO - [2026-04-21T19:02:41.846+0530] {dag.py:4180} INFO - Setting next_dagrun for example_time_delta_sensor_async to None, run_after=None
[2026-04-21T19:02:41.865+0530] {processor.py:208} INFO - Processing /home/ubantu/miniconda3/envs/airflow-dev/lib/python3.11/site-packages/airflow/example_dags/example_time_delta_sensor_async.py took 0.058 seconds
[2026-04-21T19:04:01.775+0530] {processor.py:186} INFO - Started process (PID=6767) to work on /home/ubantu/miniconda3/envs/airflow-dev/lib/python3.11/site-packages/airflow/example_dags/example_time_delta_sensor_async.py
[2026-04-21T19:04:01.776+0530] {processor.py:914} INFO - Processing file /home/ubantu/miniconda3/envs/airflow-dev/lib/python3.11/site-packages/airflow/example_dags/example_time_delta_sensor_async.py for tasks to queue
[2026-04-21T19:04:01.777+0530] {logging_mixin.py:190} INFO - [2026-04-21T19:04:01.777+0530] {dagbag.py:588} INFO - Filling up the DagBag from /home/ubantu/miniconda3/envs/airflow-dev/lib/python3.11/site-packages/airflow/example_dags/example_time_delta_sensor_async.py
[2026-04-21T19:04:01.783+0530] {processor.py:925} INFO - DAG(s) 'example_time_delta_sensor_async' retrieved from /home/ubantu/miniconda3/envs/airflow-dev/lib/python3.11/site-packages/airflow/example_dags/example_time_delta_sensor_async.py
[2026-04-21T19:04:01.799+0530] {logging_mixin.py:190} INFO - [2026-04-21T19:04:01.799+0530] {dag.py:3239} INFO - Sync 1 DAGs
[2026-04-21T19:04:01.810+0530] {logging_mixin.py:190} INFO - [2026-04-21T19:04:01.810+0530] {dag.py:4180} INFO - Setting next_dagrun for example_time_delta_sensor_async to None, run_after=None
[2026-04-21T19:04:01.825+0530] {processor.py:208} INFO - Processing /home/ubantu/miniconda3/envs/airflow-dev/lib/python3.11/site-packages/airflow/example_dags/example_time_delta_sensor_async.py took 0.058 seconds
[2026-04-21T19:05:25.266+0530] {processor.py:186} INFO - Started process (PID=6817) to work on /home/ubantu/miniconda3/envs/airflow-dev/lib/python3.11/site-packages/airflow/example_dags/example_time_delta_sensor_async.py
[2026-04-21T19:05:25.267+0530] {processor.py:914} INFO - Processing file /home/ubantu/miniconda3/envs/airflow-dev/lib/python3.11/site-packages/airflow/example_dags/example_time_delta_sensor_async.py for tasks to queue
[2026-04-21T19:05:25.269+0530] {logging_mixin.py:190} INFO - [2026-04-21T19:05:25.268+0530] {dagbag.py:588} INFO - Filling up the DagBag from /home/ubantu/miniconda3/envs/airflow-dev/lib/python3.11/site-packages/airflow/example_dags/example_time_delta_sensor_async.py
[2026-04-21T19:05:25.273+0530] {processor.py:925} INFO - DAG(s) 'example_time_delta_sensor_async' retrieved from /home/ubantu/miniconda3/envs/airflow-dev/lib/python3.11/site-packages/airflow/example_dags/example_time_delta_sensor_async.py
[2026-04-21T19:05:25.293+0530] {logging_mixin.py:190} INFO - [2026-04-21T19:05:25.293+0530] {dag.py:3239} INFO - Sync 1 DAGs
[2026-04-21T19:05:25.306+0530] {logging_mixin.py:190} INFO - [2026-04-21T19:05:25.306+0530] {dag.py:4180} INFO - Setting next_dagrun for example_time_delta_sensor_async to None, run_after=None
[2026-04-21T19:05:25.327+0530] {processor.py:208} INFO - Processing /home/ubantu/miniconda3/envs/airflow-dev/lib/python3.11/site-packages/airflow/example_dags/example_time_delta_sensor_async.py took 0.067 seconds
[2026-04-21T19:07:13.713+0530] {processor.py:186} INFO - Started process (PID=6971) to work on /home/ubantu/miniconda3/envs/airflow-dev/lib/python3.11/site-packages/airflow/example_dags/example_time_delta_sensor_async.py
[2026-04-21T19:07:13.714+0530] {processor.py:914} INFO - Processing file /home/ubantu/miniconda3/envs/airflow-dev/lib/python3.11/site-packages/airflow/example_dags/example_time_delta_sensor_async.py for tasks to queue
[2026-04-21T19:07:13.715+0530] {logging_mixin.py:190} INFO - [2026-04-21T19:07:13.714+0530] {dagbag.py:588} INFO - Filling up the DagBag from /home/ubantu/miniconda3/envs/airflow-dev/lib/python3.11/site-packages/airflow/example_dags/example_time_delta_sensor_async.py
[2026-04-21T19:07:13.719+0530] {processor.py:925} INFO - DAG(s) 'example_time_delta_sensor_async' retrieved from /home/ubantu/miniconda3/envs/airflow-dev/lib/python3.11/site-packages/airflow/example_dags/example_time_delta_sensor_async.py
[2026-04-21T19:07:13.733+0530] {logging_mixin.py:190} INFO - [2026-04-21T19:07:13.732+0530] {dag.py:3239} INFO - Sync 1 DAGs
[2026-04-21T19:07:13.742+0530] {logging_mixin.py:190} INFO - [2026-04-21T19:07:13.742+0530] {dag.py:4180} INFO - Setting next_dagrun for example_time_delta_sensor_async to None, run_after=None
[2026-04-21T19:07:13.760+0530] {processor.py:208} INFO - Processing /home/ubantu/miniconda3/envs/airflow-dev/lib/python3.11/site-packages/airflow/example_dags/example_time_delta_sensor_async.py took 0.053 seconds
[2026-04-21T19:08:32.082+0530] {processor.py:186} INFO - Started process (PID=7080) to work on /home/ubantu/miniconda3/envs/airflow-dev/lib/python3.11/site-packages/airflow/example_dags/example_time_delta_sensor_async.py
[2026-04-21T19:08:32.083+0530] {processor.py:914} INFO - Processing file /home/ubantu/miniconda3/envs/airflow-dev/lib/python3.11/site-packages/airflow/example_dags/example_time_delta_sensor_async.py for tasks to queue
[2026-04-21T19:08:32.084+0530] {logging_mixin.py:190} INFO - [2026-04-21T19:08:32.084+0530] {dagbag.py:588} INFO - Filling up the DagBag from /home/ubantu/miniconda3/envs/airflow-dev/lib/python3.11/site-packages/airflow/example_dags/example_time_delta_sensor_async.py
[2026-04-21T19:08:32.089+0530] {processor.py:925} INFO - DAG(s) 'example_time_delta_sensor_async' retrieved from /home/ubantu/miniconda3/envs/airflow-dev/lib/python3.11/site-packages/airflow/example_dags/example_time_delta_sensor_async.py
[2026-04-21T19:08:32.105+0530] {logging_mixin.py:190} INFO - [2026-04-21T19:08:32.105+0530] {dag.py:3239} INFO - Sync 1 DAGs
[2026-04-21T19:08:32.116+0530] {logging_mixin.py:190} INFO - [2026-04-21T19:08:32.116+0530] {dag.py:4180} INFO - Setting next_dagrun for example_time_delta_sensor_async to None, run_after=None
[2026-04-21T19:08:32.137+0530] {processor.py:208} INFO - Processing /home/ubantu/miniconda3/envs/airflow-dev/lib/python3.11/site-packages/airflow/example_dags/example_time_delta_sensor_async.py took 0.061 seconds
[2026-04-21T19:09:50.851+0530] {processor.py:186} INFO - Started process (PID=7179) to work on /home/ubantu/miniconda3/envs/airflow-dev/lib/python3.11/site-packages/airflow/example_dags/example_time_delta_sensor_async.py
[2026-04-21T19:09:50.852+0530] {processor.py:914} INFO - Processing file /home/ubantu/miniconda3/envs/airflow-dev/lib/python3.11/site-packages/airflow/example_dags/example_time_delta_sensor_async.py for tasks to queue
[2026-04-21T19:09:50.853+0530] {logging_mixin.py:190} INFO - [2026-04-21T19:09:50.853+0530] {dagbag.py:588} INFO - Filling up the DagBag from /home/ubantu/miniconda3/envs/airflow-dev/lib/python3.11/site-packages/airflow/example_dags/example_time_delta_sensor_async.py
[2026-04-21T19:09:50.858+0530] {processor.py:925} INFO - DAG(s) 'example_time_delta_sensor_async' retrieved from /home/ubantu/miniconda3/envs/airflow-dev/lib/python3.11/site-packages/airflow/example_dags/example_time_delta_sensor_async.py
[2026-04-21T19:09:50.876+0530] {logging_mixin.py:190} INFO - [2026-04-21T19:09:50.876+0530] {dag.py:3239} INFO - Sync 1 DAGs
[2026-04-21T19:09:50.889+0530] {logging_mixin.py:190} INFO - [2026-04-21T19:09:50.888+0530] {dag.py:4180} INFO - Setting next_dagrun for example_time_delta_sensor_async to None, run_after=None
[2026-04-21T19:09:50.909+0530] {processor.py:208} INFO - Processing /home/ubantu/miniconda3/envs/airflow-dev/lib/python3.11/site-packages/airflow/example_dags/example_time_delta_sensor_async.py took 0.064 seconds
[2026-04-21T19:11:08.902+0530] {processor.py:186} INFO - Started process (PID=7283) to work on /home/ubantu/miniconda3/envs/airflow-dev/lib/python3.11/site-packages/airflow/example_dags/example_time_delta_sensor_async.py
[2026-04-21T19:11:08.903+0530] {processor.py:914} INFO - Processing file /home/ubantu/miniconda3/envs/airflow-dev/lib/python3.11/site-packages/airflow/example_dags/example_time_delta_sensor_async.py for tasks to queue
[2026-04-21T19:11:08.905+0530] {logging_mixin.py:190} INFO - [2026-04-21T19:11:08.904+0530] {dagbag.py:588} INFO - Filling up the DagBag from /home/ubantu/miniconda3/envs/airflow-dev/lib/python3.11/site-packages/airflow/example_dags/example_time_delta_sensor_async.py
[2026-04-21T19:11:08.910+0530] {processor.py:925} INFO - DAG(s) 'example_time_delta_sensor_async' retrieved from /home/ubantu/miniconda3/envs/airflow-dev/lib/python3.11/site-packages/airflow/example_dags/example_time_delta_sensor_async.py
[2026-04-21T19:11:08.925+0530] {logging_mixin.py:190} INFO - [2026-04-21T19:11:08.925+0530] {dag.py:3239} INFO - Sync 1 DAGs
[2026-04-21T19:11:08.936+0530] {logging_mixin.py:190} INFO - [2026-04-21T19:11:08.936+0530] {dag.py:4180} INFO - Setting next_dagrun for example_time_delta_sensor_async to None, run_after=None
[2026-04-21T19:11:08.955+0530] {processor.py:208} INFO - Processing /home/ubantu/miniconda3/envs/airflow-dev/lib/python3.11/site-packages/airflow/example_dags/example_time_delta_sensor_async.py took 0.059 seconds
[2026-04-21T19:12:26.615+0530] {processor.py:186} INFO - Started process (PID=7377) to work on /home/ubantu/miniconda3/envs/airflow-dev/lib/python3.11/site-packages/airflow/example_dags/example_time_delta_sensor_async.py
[2026-04-21T19:12:26.616+0530] {processor.py:914} INFO - Processing file /home/ubantu/miniconda3/envs/airflow-dev/lib/python3.11/site-packages/airflow/example_dags/example_time_delta_sensor_async.py for tasks to queue
[2026-04-21T19:12:26.617+0530] {logging_mixin.py:190} INFO - [2026-04-21T19:12:26.617+0530] {dagbag.py:588} INFO - Filling up the DagBag from /home/ubantu/miniconda3/envs/airflow-dev/lib/python3.11/site-packages/airflow/example_dags/example_time_delta_sensor_async.py
[2026-04-21T19:12:26.622+0530] {processor.py:925} INFO - DAG(s) 'example_time_delta_sensor_async' retrieved from /home/ubantu/miniconda3/envs/airflow-dev/lib/python3.11/site-packages/airflow/example_dags/example_time_delta_sensor_async.py
[2026-04-21T19:12:26.638+0530] {logging_mixin.py:190} INFO - [2026-04-21T19:12:26.638+0530] {dag.py:3239} INFO - Sync 1 DAGs
[2026-04-21T19:12:26.649+0530] {logging_mixin.py:190} INFO - [2026-04-21T19:12:26.648+0530] {dag.py:4180} INFO - Setting next_dagrun for example_time_delta_sensor_async to None, run_after=None
[2026-04-21T19:12:26.668+0530] {processor.py:208} INFO - Processing /home/ubantu/miniconda3/envs/airflow-dev/lib/python3.11/site-packages/airflow/example_dags/example_time_delta_sensor_async.py took 0.060 seconds
[2026-04-21T19:13:47.239+0530] {processor.py:186} INFO - Started process (PID=7499) to work on /home/ubantu/miniconda3/envs/airflow-dev/lib/python3.11/site-packages/airflow/example_dags/example_time_delta_sensor_async.py
[2026-04-21T19:13:47.240+0530] {processor.py:914} INFO - Processing file /home/ubantu/miniconda3/envs/airflow-dev/lib/python3.11/site-packages/airflow/example_dags/example_time_delta_sensor_async.py for tasks to queue
[2026-04-21T19:13:47.242+0530] {logging_mixin.py:190} INFO - [2026-04-21T19:13:47.241+0530] {dagbag.py:588} INFO - Filling up the DagBag from /home/ubantu/miniconda3/envs/airflow-dev/lib/python3.11/site-packages/airflow/example_dags/example_time_delta_sensor_async.py
[2026-04-21T19:13:47.248+0530] {processor.py:925} INFO - DAG(s) 'example_time_delta_sensor_async' retrieved from /home/ubantu/miniconda3/envs/airflow-dev/lib/python3.11/site-packages/airflow/example_dags/example_time_delta_sensor_async.py
[2026-04-21T19:13:47.263+0530] {logging_mixin.py:190} INFO - [2026-04-21T19:13:47.263+0530] {dag.py:3239} INFO - Sync 1 DAGs
[2026-04-21T19:13:47.274+0530] {logging_mixin.py:190} INFO - [2026-04-21T19:13:47.274+0530] {dag.py:4180} INFO - Setting next_dagrun for example_time_delta_sensor_async to None, run_after=None
[2026-04-21T19:13:47.293+0530] {processor.py:208} INFO - Processing /home/ubantu/miniconda3/envs/airflow-dev/lib/python3.11/site-packages/airflow/example_dags/example_time_delta_sensor_async.py took 0.060 seconds
[2026-04-21T19:15:10.115+0530] {processor.py:186} INFO - Started process (PID=7613) to work on /home/ubantu/miniconda3/envs/airflow-dev/lib/python3.11/site-packages/airflow/example_dags/example_time_delta_sensor_async.py
[2026-04-21T19:15:10.116+0530] {processor.py:914} INFO - Processing file /home/ubantu/miniconda3/envs/airflow-dev/lib/python3.11/site-packages/airflow/example_dags/example_time_delta_sensor_async.py for tasks to queue
[2026-04-21T19:15:10.119+0530] {logging_mixin.py:190} INFO - [2026-04-21T19:15:10.118+0530] {dagbag.py:588} INFO - Filling up the DagBag from /home/ubantu/miniconda3/envs/airflow-dev/lib/python3.11/site-packages/airflow/example_dags/example_time_delta_sensor_async.py
[2026-04-21T19:15:10.128+0530] {processor.py:925} INFO - DAG(s) 'example_time_delta_sensor_async' retrieved from /home/ubantu/miniconda3/envs/airflow-dev/lib/python3.11/site-packages/airflow/example_dags/example_time_delta_sensor_async.py
[2026-04-21T19:15:10.150+0530] {logging_mixin.py:190} INFO - [2026-04-21T19:15:10.150+0530] {dag.py:3239} INFO - Sync 1 DAGs
[2026-04-21T19:15:10.160+0530] {logging_mixin.py:190} INFO - [2026-04-21T19:15:10.160+0530] {dag.py:4180} INFO - Setting next_dagrun for example_time_delta_sensor_async to None, run_after=None
[2026-04-21T19:15:10.178+0530] {processor.py:208} INFO - Processing /home/ubantu/miniconda3/envs/airflow-dev/lib/python3.11/site-packages/airflow/example_dags/example_time_delta_sensor_async.py took 0.071 seconds
[2026-04-21T19:16:27.337+0530] {processor.py:186} INFO - Started process (PID=7772) to work on /home/ubantu/miniconda3/envs/airflow-dev/lib/python3.11/site-packages/airflow/example_dags/example_time_delta_sensor_async.py
[2026-04-21T19:16:27.338+0530] {processor.py:914} INFO - Processing file /home/ubantu/miniconda3/envs/airflow-dev/lib/python3.11/site-packages/airflow/example_dags/example_time_delta_sensor_async.py for tasks to queue
[2026-04-21T19:16:27.339+0530] {logging_mixin.py:190} INFO - [2026-04-21T19:16:27.339+0530] {dagbag.py:588} INFO - Filling up the DagBag from /home/ubantu/miniconda3/envs/airflow-dev/lib/python3.11/site-packages/airflow/example_dags/example_time_delta_sensor_async.py
[2026-04-21T19:16:27.344+0530] {processor.py:925} INFO - DAG(s) 'example_time_delta_sensor_async' retrieved from /home/ubantu/miniconda3/envs/airflow-dev/lib/python3.11/site-packages/airflow/example_dags/example_time_delta_sensor_async.py
[2026-04-21T19:16:27.359+0530] {logging_mixin.py:190} INFO - [2026-04-21T19:16:27.359+0530] {dag.py:3239} INFO - Sync 1 DAGs
[2026-04-21T19:16:27.370+0530] {logging_mixin.py:190} INFO - [2026-04-21T19:16:27.369+0530] {dag.py:4180} INFO - Setting next_dagrun for example_time_delta_sensor_async to None, run_after=None
[2026-04-21T19:16:27.387+0530] {processor.py:208} INFO - Processing /home/ubantu/miniconda3/envs/airflow-dev/lib/python3.11/site-packages/airflow/example_dags/example_time_delta_sensor_async.py took 0.056 seconds
[2026-04-21T19:22:29.083+0530] {processor.py:186} INFO - Started process (PID=8338) to work on /home/ubantu/airflow-src/airflow/example_dags/example_time_delta_sensor_async.py
[2026-04-21T19:22:29.084+0530] {processor.py:914} INFO - Processing file /home/ubantu/airflow-src/airflow/example_dags/example_time_delta_sensor_async.py for tasks to queue
[2026-04-21T19:22:29.085+0530] {logging_mixin.py:190} INFO - [2026-04-21T19:22:29.085+0530] {dagbag.py:588} INFO - Filling up the DagBag from /home/ubantu/airflow-src/airflow/example_dags/example_time_delta_sensor_async.py
[2026-04-21T19:22:29.090+0530] {processor.py:925} INFO - DAG(s) 'example_time_delta_sensor_async' retrieved from /home/ubantu/airflow-src/airflow/example_dags/example_time_delta_sensor_async.py
[2026-04-21T19:22:29.147+0530] {logging_mixin.py:190} INFO - [2026-04-21T19:22:29.147+0530] {dag.py:3239} INFO - Sync 1 DAGs
[2026-04-21T19:22:29.155+0530] {logging_mixin.py:190} INFO - [2026-04-21T19:22:29.154+0530] {dag.py:4180} INFO - Setting next_dagrun for example_time_delta_sensor_async to None, run_after=None
[2026-04-21T19:22:29.172+0530] {processor.py:208} INFO - Processing /home/ubantu/airflow-src/airflow/example_dags/example_time_delta_sensor_async.py took 0.095 seconds
[2026-04-21T19:24:23.756+0530] {processor.py:186} INFO - Started process (PID=8475) to work on /home/ubantu/airflow-src/airflow/example_dags/example_time_delta_sensor_async.py
[2026-04-21T19:24:23.757+0530] {processor.py:914} INFO - Processing file /home/ubantu/airflow-src/airflow/example_dags/example_time_delta_sensor_async.py for tasks to queue
[2026-04-21T19:24:23.758+0530] {logging_mixin.py:190} INFO - [2026-04-21T19:24:23.758+0530] {dagbag.py:588} INFO - Filling up the DagBag from /home/ubantu/airflow-src/airflow/example_dags/example_time_delta_sensor_async.py
[2026-04-21T19:24:23.765+0530] {processor.py:925} INFO - DAG(s) 'example_time_delta_sensor_async' retrieved from /home/ubantu/airflow-src/airflow/example_dags/example_time_delta_sensor_async.py
[2026-04-21T19:24:23.785+0530] {logging_mixin.py:190} INFO - [2026-04-21T19:24:23.785+0530] {dag.py:3239} INFO - Sync 1 DAGs
[2026-04-21T19:24:23.800+0530] {logging_mixin.py:190} INFO - [2026-04-21T19:24:23.800+0530] {dag.py:4180} INFO - Setting next_dagrun for example_time_delta_sensor_async to None, run_after=None
[2026-04-21T19:24:23.823+0530] {processor.py:208} INFO - Processing /home/ubantu/airflow-src/airflow/example_dags/example_time_delta_sensor_async.py took 0.074 seconds
