[2026-04-21T18:46:06.389+0530] {processor.py:186} INFO - Started process (PID=5432) to work on /home/ubantu/miniconda3/envs/airflow-dev/lib/python3.11/site-packages/airflow/example_dags/example_sensors.py
[2026-04-21T18:46:06.390+0530] {processor.py:914} INFO - Processing file /home/ubantu/miniconda3/envs/airflow-dev/lib/python3.11/site-packages/airflow/example_dags/example_sensors.py for tasks to queue
[2026-04-21T18:46:06.392+0530] {logging_mixin.py:190} INFO - [2026-04-21T18:46:06.391+0530] {dagbag.py:588} INFO - Filling up the DagBag from /home/ubantu/miniconda3/envs/airflow-dev/lib/python3.11/site-packages/airflow/example_dags/example_sensors.py
[2026-04-21T18:46:06.401+0530] {processor.py:925} INFO - DAG(s) 'example_sensors' retrieved from /home/ubantu/miniconda3/envs/airflow-dev/lib/python3.11/site-packages/airflow/example_dags/example_sensors.py
[2026-04-21T18:46:06.490+0530] {logging_mixin.py:190} INFO - [2026-04-21T18:46:06.490+0530] {dag.py:3239} INFO - Sync 1 DAGs
[2026-04-21T18:46:06.499+0530] {logging_mixin.py:190} INFO - [2026-04-21T18:46:06.499+0530] {dag.py:4180} INFO - Setting next_dagrun for example_sensors to None, run_after=None
[2026-04-21T18:46:06.516+0530] {processor.py:208} INFO - Processing /home/ubantu/miniconda3/envs/airflow-dev/lib/python3.11/site-packages/airflow/example_dags/example_sensors.py took 0.132 seconds
[2026-04-21T18:48:01.115+0530] {processor.py:186} INFO - Started process (PID=5620) to work on /home/ubantu/miniconda3/envs/airflow-dev/lib/python3.11/site-packages/airflow/example_dags/example_sensors.py
[2026-04-21T18:48:01.116+0530] {processor.py:914} INFO - Processing file /home/ubantu/miniconda3/envs/airflow-dev/lib/python3.11/site-packages/airflow/example_dags/example_sensors.py for tasks to queue
[2026-04-21T18:48:01.119+0530] {logging_mixin.py:190} INFO - [2026-04-21T18:48:01.118+0530] {dagbag.py:588} INFO - Filling up the DagBag from /home/ubantu/miniconda3/envs/airflow-dev/lib/python3.11/site-packages/airflow/example_dags/example_sensors.py
[2026-04-21T18:48:01.132+0530] {processor.py:925} INFO - DAG(s) 'example_sensors' retrieved from /home/ubantu/miniconda3/envs/airflow-dev/lib/python3.11/site-packages/airflow/example_dags/example_sensors.py
[2026-04-21T18:48:01.154+0530] {logging_mixin.py:190} INFO - [2026-04-21T18:48:01.153+0530] {dag.py:3239} INFO - Sync 1 DAGs
[2026-04-21T18:48:01.164+0530] {logging_mixin.py:190} INFO - [2026-04-21T18:48:01.164+0530] {dag.py:4180} INFO - Setting next_dagrun for example_sensors to None, run_after=None
[2026-04-21T18:48:01.181+0530] {processor.py:208} INFO - Processing /home/ubantu/miniconda3/envs/airflow-dev/lib/python3.11/site-packages/airflow/example_dags/example_sensors.py took 0.072 seconds
[2026-04-21T18:49:27.583+0530] {processor.py:186} INFO - Started process (PID=5730) to work on /home/ubantu/miniconda3/envs/airflow-dev/lib/python3.11/site-packages/airflow/example_dags/example_sensors.py
[2026-04-21T18:49:27.584+0530] {processor.py:914} INFO - Processing file /home/ubantu/miniconda3/envs/airflow-dev/lib/python3.11/site-packages/airflow/example_dags/example_sensors.py for tasks to queue
[2026-04-21T18:49:27.587+0530] {logging_mixin.py:190} INFO - [2026-04-21T18:49:27.586+0530] {dagbag.py:588} INFO - Filling up the DagBag from /home/ubantu/miniconda3/envs/airflow-dev/lib/python3.11/site-packages/airflow/example_dags/example_sensors.py
[2026-04-21T18:49:27.702+0530] {processor.py:925} INFO - DAG(s) 'example_sensors' retrieved from /home/ubantu/miniconda3/envs/airflow-dev/lib/python3.11/site-packages/airflow/example_dags/example_sensors.py
[2026-04-21T18:49:27.717+0530] {logging_mixin.py:190} INFO - [2026-04-21T18:49:27.717+0530] {dag.py:3239} INFO - Sync 1 DAGs
[2026-04-21T18:49:27.726+0530] {logging_mixin.py:190} INFO - [2026-04-21T18:49:27.726+0530] {dag.py:4180} INFO - Setting next_dagrun for example_sensors to None, run_after=None
[2026-04-21T18:49:27.742+0530] {processor.py:208} INFO - Processing /home/ubantu/miniconda3/envs/airflow-dev/lib/python3.11/site-packages/airflow/example_dags/example_sensors.py took 0.166 seconds
[2026-04-21T18:50:46.671+0530] {processor.py:186} INFO - Started process (PID=5848) to work on /home/ubantu/miniconda3/envs/airflow-dev/lib/python3.11/site-packages/airflow/example_dags/example_sensors.py
[2026-04-21T18:50:46.672+0530] {processor.py:914} INFO - Processing file /home/ubantu/miniconda3/envs/airflow-dev/lib/python3.11/site-packages/airflow/example_dags/example_sensors.py for tasks to queue
[2026-04-21T18:50:46.674+0530] {logging_mixin.py:190} INFO - [2026-04-21T18:50:46.674+0530] {dagbag.py:588} INFO - Filling up the DagBag from /home/ubantu/miniconda3/envs/airflow-dev/lib/python3.11/site-packages/airflow/example_dags/example_sensors.py
[2026-04-21T18:50:46.687+0530] {processor.py:925} INFO - DAG(s) 'example_sensors' retrieved from /home/ubantu/miniconda3/envs/airflow-dev/lib/python3.11/site-packages/airflow/example_dags/example_sensors.py
[2026-04-21T18:50:46.708+0530] {logging_mixin.py:190} INFO - [2026-04-21T18:50:46.708+0530] {dag.py:3239} INFO - Sync 1 DAGs
[2026-04-21T18:50:46.719+0530] {logging_mixin.py:190} INFO - [2026-04-21T18:50:46.719+0530] {dag.py:4180} INFO - Setting next_dagrun for example_sensors to None, run_after=None
[2026-04-21T18:50:46.738+0530] {processor.py:208} INFO - Processing /home/ubantu/miniconda3/envs/airflow-dev/lib/python3.11/site-packages/airflow/example_dags/example_sensors.py took 0.073 seconds
[2026-04-21T18:52:08.186+0530] {processor.py:186} INFO - Started process (PID=5951) to work on /home/ubantu/miniconda3/envs/airflow-dev/lib/python3.11/site-packages/airflow/example_dags/example_sensors.py
[2026-04-21T18:52:08.187+0530] {processor.py:914} INFO - Processing file /home/ubantu/miniconda3/envs/airflow-dev/lib/python3.11/site-packages/airflow/example_dags/example_sensors.py for tasks to queue
[2026-04-21T18:52:08.189+0530] {logging_mixin.py:190} INFO - [2026-04-21T18:52:08.189+0530] {dagbag.py:588} INFO - Filling up the DagBag from /home/ubantu/miniconda3/envs/airflow-dev/lib/python3.11/site-packages/airflow/example_dags/example_sensors.py
[2026-04-21T18:52:08.201+0530] {processor.py:925} INFO - DAG(s) 'example_sensors' retrieved from /home/ubantu/miniconda3/envs/airflow-dev/lib/python3.11/site-packages/airflow/example_dags/example_sensors.py
[2026-04-21T18:52:08.225+0530] {logging_mixin.py:190} INFO - [2026-04-21T18:52:08.225+0530] {dag.py:3239} INFO - Sync 1 DAGs
[2026-04-21T18:52:08.235+0530] {logging_mixin.py:190} INFO - [2026-04-21T18:52:08.235+0530] {dag.py:4180} INFO - Setting next_dagrun for example_sensors to None, run_after=None
[2026-04-21T18:52:08.251+0530] {processor.py:208} INFO - Processing /home/ubantu/miniconda3/envs/airflow-dev/lib/python3.11/site-packages/airflow/example_dags/example_sensors.py took 0.072 seconds
[2026-04-21T18:53:26.641+0530] {processor.py:186} INFO - Started process (PID=6065) to work on /home/ubantu/miniconda3/envs/airflow-dev/lib/python3.11/site-packages/airflow/example_dags/example_sensors.py
[2026-04-21T18:53:26.643+0530] {processor.py:914} INFO - Processing file /home/ubantu/miniconda3/envs/airflow-dev/lib/python3.11/site-packages/airflow/example_dags/example_sensors.py for tasks to queue
[2026-04-21T18:53:26.645+0530] {logging_mixin.py:190} INFO - [2026-04-21T18:53:26.644+0530] {dagbag.py:588} INFO - Filling up the DagBag from /home/ubantu/miniconda3/envs/airflow-dev/lib/python3.11/site-packages/airflow/example_dags/example_sensors.py
[2026-04-21T18:53:26.657+0530] {processor.py:925} INFO - DAG(s) 'example_sensors' retrieved from /home/ubantu/miniconda3/envs/airflow-dev/lib/python3.11/site-packages/airflow/example_dags/example_sensors.py
[2026-04-21T18:53:26.677+0530] {logging_mixin.py:190} INFO - [2026-04-21T18:53:26.677+0530] {dag.py:3239} INFO - Sync 1 DAGs
[2026-04-21T18:53:26.688+0530] {logging_mixin.py:190} INFO - [2026-04-21T18:53:26.688+0530] {dag.py:4180} INFO - Setting next_dagrun for example_sensors to None, run_after=None
[2026-04-21T18:53:26.705+0530] {processor.py:208} INFO - Processing /home/ubantu/miniconda3/envs/airflow-dev/lib/python3.11/site-packages/airflow/example_dags/example_sensors.py took 0.069 seconds
[2026-04-21T18:54:45.092+0530] {processor.py:186} INFO - Started process (PID=6183) to work on /home/ubantu/miniconda3/envs/airflow-dev/lib/python3.11/site-packages/airflow/example_dags/example_sensors.py
[2026-04-21T18:54:45.094+0530] {processor.py:914} INFO - Processing file /home/ubantu/miniconda3/envs/airflow-dev/lib/python3.11/site-packages/airflow/example_dags/example_sensors.py for tasks to queue
[2026-04-21T18:54:45.096+0530] {logging_mixin.py:190} INFO - [2026-04-21T18:54:45.096+0530] {dagbag.py:588} INFO - Filling up the DagBag from /home/ubantu/miniconda3/envs/airflow-dev/lib/python3.11/site-packages/airflow/example_dags/example_sensors.py
[2026-04-21T18:54:45.110+0530] {processor.py:925} INFO - DAG(s) 'example_sensors' retrieved from /home/ubantu/miniconda3/envs/airflow-dev/lib/python3.11/site-packages/airflow/example_dags/example_sensors.py
[2026-04-21T18:54:45.132+0530] {logging_mixin.py:190} INFO - [2026-04-21T18:54:45.132+0530] {dag.py:3239} INFO - Sync 1 DAGs
[2026-04-21T18:54:45.143+0530] {logging_mixin.py:190} INFO - [2026-04-21T18:54:45.143+0530] {dag.py:4180} INFO - Setting next_dagrun for example_sensors to None, run_after=None
[2026-04-21T18:54:45.160+0530] {processor.py:208} INFO - Processing /home/ubantu/miniconda3/envs/airflow-dev/lib/python3.11/site-packages/airflow/example_dags/example_sensors.py took 0.075 seconds
[2026-04-21T18:56:04.463+0530] {processor.py:186} INFO - Started process (PID=6291) to work on /home/ubantu/miniconda3/envs/airflow-dev/lib/python3.11/site-packages/airflow/example_dags/example_sensors.py
[2026-04-21T18:56:04.464+0530] {processor.py:914} INFO - Processing file /home/ubantu/miniconda3/envs/airflow-dev/lib/python3.11/site-packages/airflow/example_dags/example_sensors.py for tasks to queue
[2026-04-21T18:56:04.467+0530] {logging_mixin.py:190} INFO - [2026-04-21T18:56:04.466+0530] {dagbag.py:588} INFO - Filling up the DagBag from /home/ubantu/miniconda3/envs/airflow-dev/lib/python3.11/site-packages/airflow/example_dags/example_sensors.py
[2026-04-21T18:56:04.479+0530] {processor.py:925} INFO - DAG(s) 'example_sensors' retrieved from /home/ubantu/miniconda3/envs/airflow-dev/lib/python3.11/site-packages/airflow/example_dags/example_sensors.py
[2026-04-21T18:56:04.500+0530] {logging_mixin.py:190} INFO - [2026-04-21T18:56:04.500+0530] {dag.py:3239} INFO - Sync 1 DAGs
[2026-04-21T18:56:04.512+0530] {logging_mixin.py:190} INFO - [2026-04-21T18:56:04.511+0530] {dag.py:4180} INFO - Setting next_dagrun for example_sensors to None, run_after=None
[2026-04-21T18:56:04.529+0530] {processor.py:208} INFO - Processing /home/ubantu/miniconda3/envs/airflow-dev/lib/python3.11/site-packages/airflow/example_dags/example_sensors.py took 0.072 seconds
[2026-04-21T18:57:22.290+0530] {processor.py:186} INFO - Started process (PID=6396) to work on /home/ubantu/miniconda3/envs/airflow-dev/lib/python3.11/site-packages/airflow/example_dags/example_sensors.py
[2026-04-21T18:57:22.291+0530] {processor.py:914} INFO - Processing file /home/ubantu/miniconda3/envs/airflow-dev/lib/python3.11/site-packages/airflow/example_dags/example_sensors.py for tasks to queue
[2026-04-21T18:57:22.294+0530] {logging_mixin.py:190} INFO - [2026-04-21T18:57:22.293+0530] {dagbag.py:588} INFO - Filling up the DagBag from /home/ubantu/miniconda3/envs/airflow-dev/lib/python3.11/site-packages/airflow/example_dags/example_sensors.py
[2026-04-21T18:57:22.310+0530] {processor.py:925} INFO - DAG(s) 'example_sensors' retrieved from /home/ubantu/miniconda3/envs/airflow-dev/lib/python3.11/site-packages/airflow/example_dags/example_sensors.py
[2026-04-21T18:57:22.336+0530] {logging_mixin.py:190} INFO - [2026-04-21T18:57:22.335+0530] {dag.py:3239} INFO - Sync 1 DAGs
[2026-04-21T18:57:22.346+0530] {logging_mixin.py:190} INFO - [2026-04-21T18:57:22.346+0530] {dag.py:4180} INFO - Setting next_dagrun for example_sensors to None, run_after=None
[2026-04-21T18:57:22.364+0530] {processor.py:208} INFO - Processing /home/ubantu/miniconda3/envs/airflow-dev/lib/python3.11/site-packages/airflow/example_dags/example_sensors.py took 0.083 seconds
[2026-04-21T19:01:00.210+0530] {processor.py:186} INFO - Started process (PID=6531) to work on /home/ubantu/miniconda3/envs/airflow-dev/lib/python3.11/site-packages/airflow/example_dags/example_sensors.py
[2026-04-21T19:01:00.211+0530] {processor.py:914} INFO - Processing file /home/ubantu/miniconda3/envs/airflow-dev/lib/python3.11/site-packages/airflow/example_dags/example_sensors.py for tasks to queue
[2026-04-21T19:01:00.212+0530] {logging_mixin.py:190} INFO - [2026-04-21T19:01:00.212+0530] {dagbag.py:588} INFO - Filling up the DagBag from /home/ubantu/miniconda3/envs/airflow-dev/lib/python3.11/site-packages/airflow/example_dags/example_sensors.py
[2026-04-21T19:01:00.222+0530] {processor.py:925} INFO - DAG(s) 'example_sensors' retrieved from /home/ubantu/miniconda3/envs/airflow-dev/lib/python3.11/site-packages/airflow/example_dags/example_sensors.py
[2026-04-21T19:01:00.244+0530] {logging_mixin.py:190} INFO - [2026-04-21T19:01:00.244+0530] {dag.py:3239} INFO - Sync 1 DAGs
[2026-04-21T19:01:00.253+0530] {logging_mixin.py:190} INFO - [2026-04-21T19:01:00.253+0530] {dag.py:4180} INFO - Setting next_dagrun for example_sensors to None, run_after=None
[2026-04-21T19:01:00.268+0530] {processor.py:208} INFO - Processing /home/ubantu/miniconda3/envs/airflow-dev/lib/python3.11/site-packages/airflow/example_dags/example_sensors.py took 0.064 seconds
[2026-04-21T19:02:50.977+0530] {processor.py:186} INFO - Started process (PID=6670) to work on /home/ubantu/miniconda3/envs/airflow-dev/lib/python3.11/site-packages/airflow/example_dags/example_sensors.py
[2026-04-21T19:02:50.979+0530] {processor.py:914} INFO - Processing file /home/ubantu/miniconda3/envs/airflow-dev/lib/python3.11/site-packages/airflow/example_dags/example_sensors.py for tasks to queue
[2026-04-21T19:02:50.980+0530] {logging_mixin.py:190} INFO - [2026-04-21T19:02:50.979+0530] {dagbag.py:588} INFO - Filling up the DagBag from /home/ubantu/miniconda3/envs/airflow-dev/lib/python3.11/site-packages/airflow/example_dags/example_sensors.py
[2026-04-21T19:02:50.990+0530] {processor.py:925} INFO - DAG(s) 'example_sensors' retrieved from /home/ubantu/miniconda3/envs/airflow-dev/lib/python3.11/site-packages/airflow/example_dags/example_sensors.py
[2026-04-21T19:02:51.010+0530] {logging_mixin.py:190} INFO - [2026-04-21T19:02:51.010+0530] {dag.py:3239} INFO - Sync 1 DAGs
[2026-04-21T19:02:51.020+0530] {logging_mixin.py:190} INFO - [2026-04-21T19:02:51.020+0530] {dag.py:4180} INFO - Setting next_dagrun for example_sensors to None, run_after=None
[2026-04-21T19:02:51.037+0530] {processor.py:208} INFO - Processing /home/ubantu/miniconda3/envs/airflow-dev/lib/python3.11/site-packages/airflow/example_dags/example_sensors.py took 0.065 seconds
[2026-04-21T19:05:34.426+0530] {processor.py:186} INFO - Started process (PID=6828) to work on /home/ubantu/miniconda3/envs/airflow-dev/lib/python3.11/site-packages/airflow/example_dags/example_sensors.py
[2026-04-21T19:05:34.427+0530] {processor.py:914} INFO - Processing file /home/ubantu/miniconda3/envs/airflow-dev/lib/python3.11/site-packages/airflow/example_dags/example_sensors.py for tasks to queue
[2026-04-21T19:05:34.428+0530] {logging_mixin.py:190} INFO - [2026-04-21T19:05:34.428+0530] {dagbag.py:588} INFO - Filling up the DagBag from /home/ubantu/miniconda3/envs/airflow-dev/lib/python3.11/site-packages/airflow/example_dags/example_sensors.py
[2026-04-21T19:05:34.439+0530] {processor.py:925} INFO - DAG(s) 'example_sensors' retrieved from /home/ubantu/miniconda3/envs/airflow-dev/lib/python3.11/site-packages/airflow/example_dags/example_sensors.py
[2026-04-21T19:05:34.464+0530] {logging_mixin.py:190} INFO - [2026-04-21T19:05:34.464+0530] {dag.py:3239} INFO - Sync 1 DAGs
[2026-04-21T19:05:34.474+0530] {logging_mixin.py:190} INFO - [2026-04-21T19:05:34.474+0530] {dag.py:4180} INFO - Setting next_dagrun for example_sensors to None, run_after=None
[2026-04-21T19:05:34.491+0530] {processor.py:208} INFO - Processing /home/ubantu/miniconda3/envs/airflow-dev/lib/python3.11/site-packages/airflow/example_dags/example_sensors.py took 0.071 seconds
[2026-04-21T19:07:23.882+0530] {processor.py:186} INFO - Started process (PID=6986) to work on /home/ubantu/miniconda3/envs/airflow-dev/lib/python3.11/site-packages/airflow/example_dags/example_sensors.py
[2026-04-21T19:07:23.883+0530] {processor.py:914} INFO - Processing file /home/ubantu/miniconda3/envs/airflow-dev/lib/python3.11/site-packages/airflow/example_dags/example_sensors.py for tasks to queue
[2026-04-21T19:07:23.885+0530] {logging_mixin.py:190} INFO - [2026-04-21T19:07:23.885+0530] {dagbag.py:588} INFO - Filling up the DagBag from /home/ubantu/miniconda3/envs/airflow-dev/lib/python3.11/site-packages/airflow/example_dags/example_sensors.py
[2026-04-21T19:07:23.898+0530] {processor.py:925} INFO - DAG(s) 'example_sensors' retrieved from /home/ubantu/miniconda3/envs/airflow-dev/lib/python3.11/site-packages/airflow/example_dags/example_sensors.py
[2026-04-21T19:07:23.923+0530] {logging_mixin.py:190} INFO - [2026-04-21T19:07:23.923+0530] {dag.py:3239} INFO - Sync 1 DAGs
[2026-04-21T19:07:23.934+0530] {logging_mixin.py:190} INFO - [2026-04-21T19:07:23.934+0530] {dag.py:4180} INFO - Setting next_dagrun for example_sensors to None, run_after=None
[2026-04-21T19:07:23.950+0530] {processor.py:208} INFO - Processing /home/ubantu/miniconda3/envs/airflow-dev/lib/python3.11/site-packages/airflow/example_dags/example_sensors.py took 0.076 seconds
[2026-04-21T19:08:41.236+0530] {processor.py:186} INFO - Started process (PID=7091) to work on /home/ubantu/miniconda3/envs/airflow-dev/lib/python3.11/site-packages/airflow/example_dags/example_sensors.py
[2026-04-21T19:08:41.237+0530] {processor.py:914} INFO - Processing file /home/ubantu/miniconda3/envs/airflow-dev/lib/python3.11/site-packages/airflow/example_dags/example_sensors.py for tasks to queue
[2026-04-21T19:08:41.238+0530] {logging_mixin.py:190} INFO - [2026-04-21T19:08:41.238+0530] {dagbag.py:588} INFO - Filling up the DagBag from /home/ubantu/miniconda3/envs/airflow-dev/lib/python3.11/site-packages/airflow/example_dags/example_sensors.py
[2026-04-21T19:08:41.248+0530] {processor.py:925} INFO - DAG(s) 'example_sensors' retrieved from /home/ubantu/miniconda3/envs/airflow-dev/lib/python3.11/site-packages/airflow/example_dags/example_sensors.py
[2026-04-21T19:08:41.269+0530] {logging_mixin.py:190} INFO - [2026-04-21T19:08:41.269+0530] {dag.py:3239} INFO - Sync 1 DAGs
[2026-04-21T19:08:41.279+0530] {logging_mixin.py:190} INFO - [2026-04-21T19:08:41.279+0530] {dag.py:4180} INFO - Setting next_dagrun for example_sensors to None, run_after=None
[2026-04-21T19:08:41.297+0530] {processor.py:208} INFO - Processing /home/ubantu/miniconda3/envs/airflow-dev/lib/python3.11/site-packages/airflow/example_dags/example_sensors.py took 0.066 seconds
[2026-04-21T19:09:59.806+0530] {processor.py:186} INFO - Started process (PID=7189) to work on /home/ubantu/miniconda3/envs/airflow-dev/lib/python3.11/site-packages/airflow/example_dags/example_sensors.py
[2026-04-21T19:09:59.807+0530] {processor.py:914} INFO - Processing file /home/ubantu/miniconda3/envs/airflow-dev/lib/python3.11/site-packages/airflow/example_dags/example_sensors.py for tasks to queue
[2026-04-21T19:09:59.808+0530] {logging_mixin.py:190} INFO - [2026-04-21T19:09:59.808+0530] {dagbag.py:588} INFO - Filling up the DagBag from /home/ubantu/miniconda3/envs/airflow-dev/lib/python3.11/site-packages/airflow/example_dags/example_sensors.py
[2026-04-21T19:09:59.819+0530] {processor.py:925} INFO - DAG(s) 'example_sensors' retrieved from /home/ubantu/miniconda3/envs/airflow-dev/lib/python3.11/site-packages/airflow/example_dags/example_sensors.py
[2026-04-21T19:09:59.840+0530] {logging_mixin.py:190} INFO - [2026-04-21T19:09:59.840+0530] {dag.py:3239} INFO - Sync 1 DAGs
[2026-04-21T19:09:59.852+0530] {logging_mixin.py:190} INFO - [2026-04-21T19:09:59.851+0530] {dag.py:4180} INFO - Setting next_dagrun for example_sensors to None, run_after=None
[2026-04-21T19:09:59.871+0530] {processor.py:208} INFO - Processing /home/ubantu/miniconda3/envs/airflow-dev/lib/python3.11/site-packages/airflow/example_dags/example_sensors.py took 0.072 seconds
[2026-04-21T19:11:18.006+0530] {processor.py:186} INFO - Started process (PID=7296) to work on /home/ubantu/miniconda3/envs/airflow-dev/lib/python3.11/site-packages/airflow/example_dags/example_sensors.py
[2026-04-21T19:11:18.007+0530] {processor.py:914} INFO - Processing file /home/ubantu/miniconda3/envs/airflow-dev/lib/python3.11/site-packages/airflow/example_dags/example_sensors.py for tasks to queue
[2026-04-21T19:11:18.009+0530] {logging_mixin.py:190} INFO - [2026-04-21T19:11:18.008+0530] {dagbag.py:588} INFO - Filling up the DagBag from /home/ubantu/miniconda3/envs/airflow-dev/lib/python3.11/site-packages/airflow/example_dags/example_sensors.py
[2026-04-21T19:11:18.021+0530] {processor.py:925} INFO - DAG(s) 'example_sensors' retrieved from /home/ubantu/miniconda3/envs/airflow-dev/lib/python3.11/site-packages/airflow/example_dags/example_sensors.py
[2026-04-21T19:11:18.045+0530] {logging_mixin.py:190} INFO - [2026-04-21T19:11:18.045+0530] {dag.py:3239} INFO - Sync 1 DAGs
[2026-04-21T19:11:18.056+0530] {logging_mixin.py:190} INFO - [2026-04-21T19:11:18.055+0530] {dag.py:4180} INFO - Setting next_dagrun for example_sensors to None, run_after=None
[2026-04-21T19:11:18.073+0530] {processor.py:208} INFO - Processing /home/ubantu/miniconda3/envs/airflow-dev/lib/python3.11/site-packages/airflow/example_dags/example_sensors.py took 0.074 seconds
[2026-04-21T19:12:36.524+0530] {processor.py:186} INFO - Started process (PID=7388) to work on /home/ubantu/miniconda3/envs/airflow-dev/lib/python3.11/site-packages/airflow/example_dags/example_sensors.py
[2026-04-21T19:12:36.525+0530] {processor.py:914} INFO - Processing file /home/ubantu/miniconda3/envs/airflow-dev/lib/python3.11/site-packages/airflow/example_dags/example_sensors.py for tasks to queue
[2026-04-21T19:12:36.526+0530] {logging_mixin.py:190} INFO - [2026-04-21T19:12:36.526+0530] {dagbag.py:588} INFO - Filling up the DagBag from /home/ubantu/miniconda3/envs/airflow-dev/lib/python3.11/site-packages/airflow/example_dags/example_sensors.py
[2026-04-21T19:12:36.537+0530] {processor.py:925} INFO - DAG(s) 'example_sensors' retrieved from /home/ubantu/miniconda3/envs/airflow-dev/lib/python3.11/site-packages/airflow/example_dags/example_sensors.py
[2026-04-21T19:12:36.557+0530] {logging_mixin.py:190} INFO - [2026-04-21T19:12:36.557+0530] {dag.py:3239} INFO - Sync 1 DAGs
[2026-04-21T19:12:36.566+0530] {logging_mixin.py:190} INFO - [2026-04-21T19:12:36.566+0530] {dag.py:4180} INFO - Setting next_dagrun for example_sensors to None, run_after=None
[2026-04-21T19:12:36.582+0530] {processor.py:208} INFO - Processing /home/ubantu/miniconda3/envs/airflow-dev/lib/python3.11/site-packages/airflow/example_dags/example_sensors.py took 0.065 seconds
[2026-04-21T19:13:57.557+0530] {processor.py:186} INFO - Started process (PID=7515) to work on /home/ubantu/miniconda3/envs/airflow-dev/lib/python3.11/site-packages/airflow/example_dags/example_sensors.py
[2026-04-21T19:13:57.558+0530] {processor.py:914} INFO - Processing file /home/ubantu/miniconda3/envs/airflow-dev/lib/python3.11/site-packages/airflow/example_dags/example_sensors.py for tasks to queue
[2026-04-21T19:13:57.559+0530] {logging_mixin.py:190} INFO - [2026-04-21T19:13:57.559+0530] {dagbag.py:588} INFO - Filling up the DagBag from /home/ubantu/miniconda3/envs/airflow-dev/lib/python3.11/site-packages/airflow/example_dags/example_sensors.py
[2026-04-21T19:13:57.569+0530] {processor.py:925} INFO - DAG(s) 'example_sensors' retrieved from /home/ubantu/miniconda3/envs/airflow-dev/lib/python3.11/site-packages/airflow/example_dags/example_sensors.py
[2026-04-21T19:13:57.590+0530] {logging_mixin.py:190} INFO - [2026-04-21T19:13:57.590+0530] {dag.py:3239} INFO - Sync 1 DAGs
[2026-04-21T19:13:57.600+0530] {logging_mixin.py:190} INFO - [2026-04-21T19:13:57.600+0530] {dag.py:4180} INFO - Setting next_dagrun for example_sensors to None, run_after=None
[2026-04-21T19:13:57.616+0530] {processor.py:208} INFO - Processing /home/ubantu/miniconda3/envs/airflow-dev/lib/python3.11/site-packages/airflow/example_dags/example_sensors.py took 0.065 seconds
[2026-04-21T19:15:19.220+0530] {processor.py:186} INFO - Started process (PID=7625) to work on /home/ubantu/miniconda3/envs/airflow-dev/lib/python3.11/site-packages/airflow/example_dags/example_sensors.py
[2026-04-21T19:15:19.221+0530] {processor.py:914} INFO - Processing file /home/ubantu/miniconda3/envs/airflow-dev/lib/python3.11/site-packages/airflow/example_dags/example_sensors.py for tasks to queue
[2026-04-21T19:15:19.223+0530] {logging_mixin.py:190} INFO - [2026-04-21T19:15:19.223+0530] {dagbag.py:588} INFO - Filling up the DagBag from /home/ubantu/miniconda3/envs/airflow-dev/lib/python3.11/site-packages/airflow/example_dags/example_sensors.py
[2026-04-21T19:15:19.236+0530] {processor.py:925} INFO - DAG(s) 'example_sensors' retrieved from /home/ubantu/miniconda3/envs/airflow-dev/lib/python3.11/site-packages/airflow/example_dags/example_sensors.py
[2026-04-21T19:15:19.264+0530] {logging_mixin.py:190} INFO - [2026-04-21T19:15:19.264+0530] {dag.py:3239} INFO - Sync 1 DAGs
[2026-04-21T19:15:19.275+0530] {logging_mixin.py:190} INFO - [2026-04-21T19:15:19.275+0530] {dag.py:4180} INFO - Setting next_dagrun for example_sensors to None, run_after=None
[2026-04-21T19:15:19.294+0530] {processor.py:208} INFO - Processing /home/ubantu/miniconda3/envs/airflow-dev/lib/python3.11/site-packages/airflow/example_dags/example_sensors.py took 0.083 seconds
[2026-04-21T19:16:37.560+0530] {processor.py:186} INFO - Started process (PID=7783) to work on /home/ubantu/miniconda3/envs/airflow-dev/lib/python3.11/site-packages/airflow/example_dags/example_sensors.py
[2026-04-21T19:16:37.561+0530] {processor.py:914} INFO - Processing file /home/ubantu/miniconda3/envs/airflow-dev/lib/python3.11/site-packages/airflow/example_dags/example_sensors.py for tasks to queue
[2026-04-21T19:16:37.562+0530] {logging_mixin.py:190} INFO - [2026-04-21T19:16:37.562+0530] {dagbag.py:588} INFO - Filling up the DagBag from /home/ubantu/miniconda3/envs/airflow-dev/lib/python3.11/site-packages/airflow/example_dags/example_sensors.py
[2026-04-21T19:16:37.572+0530] {processor.py:925} INFO - DAG(s) 'example_sensors' retrieved from /home/ubantu/miniconda3/envs/airflow-dev/lib/python3.11/site-packages/airflow/example_dags/example_sensors.py
[2026-04-21T19:16:37.591+0530] {logging_mixin.py:190} INFO - [2026-04-21T19:16:37.591+0530] {dag.py:3239} INFO - Sync 1 DAGs
[2026-04-21T19:16:37.601+0530] {logging_mixin.py:190} INFO - [2026-04-21T19:16:37.601+0530] {dag.py:4180} INFO - Setting next_dagrun for example_sensors to None, run_after=None
[2026-04-21T19:16:37.618+0530] {processor.py:208} INFO - Processing /home/ubantu/miniconda3/envs/airflow-dev/lib/python3.11/site-packages/airflow/example_dags/example_sensors.py took 0.064 seconds
[2026-04-21T19:22:27.001+0530] {processor.py:186} INFO - Started process (PID=8336) to work on /home/ubantu/airflow-src/airflow/example_dags/example_sensors.py
[2026-04-21T19:22:27.002+0530] {processor.py:914} INFO - Processing file /home/ubantu/airflow-src/airflow/example_dags/example_sensors.py for tasks to queue
[2026-04-21T19:22:27.003+0530] {logging_mixin.py:190} INFO - [2026-04-21T19:22:27.003+0530] {dagbag.py:588} INFO - Filling up the DagBag from /home/ubantu/airflow-src/airflow/example_dags/example_sensors.py
[2026-04-21T19:22:27.014+0530] {processor.py:925} INFO - DAG(s) 'example_sensors' retrieved from /home/ubantu/airflow-src/airflow/example_dags/example_sensors.py
[2026-04-21T19:22:27.074+0530] {logging_mixin.py:190} INFO - [2026-04-21T19:22:27.074+0530] {dag.py:3239} INFO - Sync 1 DAGs
[2026-04-21T19:22:27.082+0530] {logging_mixin.py:190} INFO - [2026-04-21T19:22:27.082+0530] {dag.py:4180} INFO - Setting next_dagrun for example_sensors to None, run_after=None
[2026-04-21T19:22:27.100+0530] {processor.py:208} INFO - Processing /home/ubantu/airflow-src/airflow/example_dags/example_sensors.py took 0.105 seconds
[2026-04-21T19:24:21.434+0530] {processor.py:186} INFO - Started process (PID=8473) to work on /home/ubantu/airflow-src/airflow/example_dags/example_sensors.py
[2026-04-21T19:24:21.435+0530] {processor.py:914} INFO - Processing file /home/ubantu/airflow-src/airflow/example_dags/example_sensors.py for tasks to queue
[2026-04-21T19:24:21.436+0530] {logging_mixin.py:190} INFO - [2026-04-21T19:24:21.436+0530] {dagbag.py:588} INFO - Filling up the DagBag from /home/ubantu/airflow-src/airflow/example_dags/example_sensors.py
[2026-04-21T19:24:21.446+0530] {processor.py:925} INFO - DAG(s) 'example_sensors' retrieved from /home/ubantu/airflow-src/airflow/example_dags/example_sensors.py
[2026-04-21T19:24:21.466+0530] {logging_mixin.py:190} INFO - [2026-04-21T19:24:21.466+0530] {dag.py:3239} INFO - Sync 1 DAGs
[2026-04-21T19:24:21.476+0530] {logging_mixin.py:190} INFO - [2026-04-21T19:24:21.476+0530] {dag.py:4180} INFO - Setting next_dagrun for example_sensors to None, run_after=None
[2026-04-21T19:24:21.493+0530] {processor.py:208} INFO - Processing /home/ubantu/airflow-src/airflow/example_dags/example_sensors.py took 0.064 seconds
