[2026-04-21T18:46:40.522+0530] {processor.py:186} INFO - Started process (PID=5470) to work on /home/ubantu/miniconda3/envs/airflow-dev/lib/python3.11/site-packages/airflow/example_dags/example_bash_operator.py
[2026-04-21T18:46:40.523+0530] {processor.py:914} INFO - Processing file /home/ubantu/miniconda3/envs/airflow-dev/lib/python3.11/site-packages/airflow/example_dags/example_bash_operator.py for tasks to queue
[2026-04-21T18:46:40.525+0530] {logging_mixin.py:190} INFO - [2026-04-21T18:46:40.525+0530] {dagbag.py:588} INFO - Filling up the DagBag from /home/ubantu/miniconda3/envs/airflow-dev/lib/python3.11/site-packages/airflow/example_dags/example_bash_operator.py
[2026-04-21T18:46:40.540+0530] {processor.py:925} INFO - DAG(s) 'example_bash_operator' retrieved from /home/ubantu/miniconda3/envs/airflow-dev/lib/python3.11/site-packages/airflow/example_dags/example_bash_operator.py
[2026-04-21T18:46:40.630+0530] {logging_mixin.py:190} INFO - [2026-04-21T18:46:40.630+0530] {dag.py:3239} INFO - Sync 1 DAGs
[2026-04-21T18:46:40.741+0530] {logging_mixin.py:190} INFO - [2026-04-21T18:46:40.740+0530] {dag.py:4180} INFO - Setting next_dagrun for example_bash_operator to 2026-04-20 00:00:00+00:00, run_after=2026-04-21 00:00:00+00:00
[2026-04-21T18:46:40.758+0530] {processor.py:208} INFO - Processing /home/ubantu/miniconda3/envs/airflow-dev/lib/python3.11/site-packages/airflow/example_dags/example_bash_operator.py took 0.242 seconds
[2026-04-21T18:48:33.133+0530] {processor.py:186} INFO - Started process (PID=5657) to work on /home/ubantu/miniconda3/envs/airflow-dev/lib/python3.11/site-packages/airflow/example_dags/example_bash_operator.py
[2026-04-21T18:48:33.134+0530] {processor.py:914} INFO - Processing file /home/ubantu/miniconda3/envs/airflow-dev/lib/python3.11/site-packages/airflow/example_dags/example_bash_operator.py for tasks to queue
[2026-04-21T18:48:33.136+0530] {logging_mixin.py:190} INFO - [2026-04-21T18:48:33.136+0530] {dagbag.py:588} INFO - Filling up the DagBag from /home/ubantu/miniconda3/envs/airflow-dev/lib/python3.11/site-packages/airflow/example_dags/example_bash_operator.py
[2026-04-21T18:48:33.150+0530] {processor.py:925} INFO - DAG(s) 'example_bash_operator' retrieved from /home/ubantu/miniconda3/envs/airflow-dev/lib/python3.11/site-packages/airflow/example_dags/example_bash_operator.py
[2026-04-21T18:48:33.171+0530] {logging_mixin.py:190} INFO - [2026-04-21T18:48:33.171+0530] {dag.py:3239} INFO - Sync 1 DAGs
[2026-04-21T18:48:33.282+0530] {logging_mixin.py:190} INFO - [2026-04-21T18:48:33.281+0530] {dag.py:4180} INFO - Setting next_dagrun for example_bash_operator to 2026-04-20 00:00:00+00:00, run_after=2026-04-21 00:00:00+00:00
[2026-04-21T18:48:33.297+0530] {processor.py:208} INFO - Processing /home/ubantu/miniconda3/envs/airflow-dev/lib/python3.11/site-packages/airflow/example_dags/example_bash_operator.py took 0.170 seconds
[2026-04-21T18:51:17.572+0530] {processor.py:186} INFO - Started process (PID=5881) to work on /home/ubantu/miniconda3/envs/airflow-dev/lib/python3.11/site-packages/airflow/example_dags/example_bash_operator.py
[2026-04-21T18:51:17.573+0530] {processor.py:914} INFO - Processing file /home/ubantu/miniconda3/envs/airflow-dev/lib/python3.11/site-packages/airflow/example_dags/example_bash_operator.py for tasks to queue
[2026-04-21T18:51:17.575+0530] {logging_mixin.py:190} INFO - [2026-04-21T18:51:17.575+0530] {dagbag.py:588} INFO - Filling up the DagBag from /home/ubantu/miniconda3/envs/airflow-dev/lib/python3.11/site-packages/airflow/example_dags/example_bash_operator.py
[2026-04-21T18:51:17.589+0530] {processor.py:925} INFO - DAG(s) 'example_bash_operator' retrieved from /home/ubantu/miniconda3/envs/airflow-dev/lib/python3.11/site-packages/airflow/example_dags/example_bash_operator.py
[2026-04-21T18:51:17.610+0530] {logging_mixin.py:190} INFO - [2026-04-21T18:51:17.609+0530] {dag.py:3239} INFO - Sync 1 DAGs
[2026-04-21T18:51:17.627+0530] {logging_mixin.py:190} INFO - [2026-04-21T18:51:17.627+0530] {dag.py:4180} INFO - Setting next_dagrun for example_bash_operator to 2026-04-20 00:00:00+00:00, run_after=2026-04-21 00:00:00+00:00
[2026-04-21T18:51:17.644+0530] {processor.py:208} INFO - Processing /home/ubantu/miniconda3/envs/airflow-dev/lib/python3.11/site-packages/airflow/example_dags/example_bash_operator.py took 0.079 seconds
[2026-04-21T18:53:53.604+0530] {processor.py:186} INFO - Started process (PID=6096) to work on /home/ubantu/miniconda3/envs/airflow-dev/lib/python3.11/site-packages/airflow/example_dags/example_bash_operator.py
[2026-04-21T18:53:53.605+0530] {processor.py:914} INFO - Processing file /home/ubantu/miniconda3/envs/airflow-dev/lib/python3.11/site-packages/airflow/example_dags/example_bash_operator.py for tasks to queue
[2026-04-21T18:53:53.607+0530] {logging_mixin.py:190} INFO - [2026-04-21T18:53:53.607+0530] {dagbag.py:588} INFO - Filling up the DagBag from /home/ubantu/miniconda3/envs/airflow-dev/lib/python3.11/site-packages/airflow/example_dags/example_bash_operator.py
[2026-04-21T18:53:53.621+0530] {processor.py:925} INFO - DAG(s) 'example_bash_operator' retrieved from /home/ubantu/miniconda3/envs/airflow-dev/lib/python3.11/site-packages/airflow/example_dags/example_bash_operator.py
[2026-04-21T18:53:53.643+0530] {logging_mixin.py:190} INFO - [2026-04-21T18:53:53.642+0530] {dag.py:3239} INFO - Sync 1 DAGs
[2026-04-21T18:53:53.661+0530] {logging_mixin.py:190} INFO - [2026-04-21T18:53:53.660+0530] {dag.py:4180} INFO - Setting next_dagrun for example_bash_operator to 2026-04-20 00:00:00+00:00, run_after=2026-04-21 00:00:00+00:00
[2026-04-21T18:53:53.677+0530] {processor.py:208} INFO - Processing /home/ubantu/miniconda3/envs/airflow-dev/lib/python3.11/site-packages/airflow/example_dags/example_bash_operator.py took 0.079 seconds
[2026-04-21T18:56:32.181+0530] {processor.py:186} INFO - Started process (PID=6338) to work on /home/ubantu/miniconda3/envs/airflow-dev/lib/python3.11/site-packages/airflow/example_dags/example_bash_operator.py
[2026-04-21T18:56:32.182+0530] {processor.py:914} INFO - Processing file /home/ubantu/miniconda3/envs/airflow-dev/lib/python3.11/site-packages/airflow/example_dags/example_bash_operator.py for tasks to queue
[2026-04-21T18:56:32.184+0530] {logging_mixin.py:190} INFO - [2026-04-21T18:56:32.183+0530] {dagbag.py:588} INFO - Filling up the DagBag from /home/ubantu/miniconda3/envs/airflow-dev/lib/python3.11/site-packages/airflow/example_dags/example_bash_operator.py
[2026-04-21T18:56:32.197+0530] {processor.py:925} INFO - DAG(s) 'example_bash_operator' retrieved from /home/ubantu/miniconda3/envs/airflow-dev/lib/python3.11/site-packages/airflow/example_dags/example_bash_operator.py
[2026-04-21T18:56:32.216+0530] {logging_mixin.py:190} INFO - [2026-04-21T18:56:32.216+0530] {dag.py:3239} INFO - Sync 1 DAGs
[2026-04-21T18:56:32.235+0530] {logging_mixin.py:190} INFO - [2026-04-21T18:56:32.235+0530] {dag.py:4180} INFO - Setting next_dagrun for example_bash_operator to 2026-04-20 00:00:00+00:00, run_after=2026-04-21 00:00:00+00:00
[2026-04-21T18:56:32.252+0530] {processor.py:208} INFO - Processing /home/ubantu/miniconda3/envs/airflow-dev/lib/python3.11/site-packages/airflow/example_dags/example_bash_operator.py took 0.077 seconds
[2026-04-21T19:01:31.144+0530] {processor.py:186} INFO - Started process (PID=6567) to work on /home/ubantu/miniconda3/envs/airflow-dev/lib/python3.11/site-packages/airflow/example_dags/example_bash_operator.py
[2026-04-21T19:01:31.146+0530] {processor.py:914} INFO - Processing file /home/ubantu/miniconda3/envs/airflow-dev/lib/python3.11/site-packages/airflow/example_dags/example_bash_operator.py for tasks to queue
[2026-04-21T19:01:31.147+0530] {logging_mixin.py:190} INFO - [2026-04-21T19:01:31.147+0530] {dagbag.py:588} INFO - Filling up the DagBag from /home/ubantu/miniconda3/envs/airflow-dev/lib/python3.11/site-packages/airflow/example_dags/example_bash_operator.py
[2026-04-21T19:01:31.159+0530] {processor.py:925} INFO - DAG(s) 'example_bash_operator' retrieved from /home/ubantu/miniconda3/envs/airflow-dev/lib/python3.11/site-packages/airflow/example_dags/example_bash_operator.py
[2026-04-21T19:01:31.181+0530] {logging_mixin.py:190} INFO - [2026-04-21T19:01:31.180+0530] {dag.py:3239} INFO - Sync 1 DAGs
[2026-04-21T19:01:31.199+0530] {logging_mixin.py:190} INFO - [2026-04-21T19:01:31.198+0530] {dag.py:4180} INFO - Setting next_dagrun for example_bash_operator to 2026-04-20 00:00:00+00:00, run_after=2026-04-21 00:00:00+00:00
[2026-04-21T19:01:31.215+0530] {processor.py:208} INFO - Processing /home/ubantu/miniconda3/envs/airflow-dev/lib/python3.11/site-packages/airflow/example_dags/example_bash_operator.py took 0.078 seconds
[2026-04-21T19:03:20.762+0530] {processor.py:186} INFO - Started process (PID=6711) to work on /home/ubantu/miniconda3/envs/airflow-dev/lib/python3.11/site-packages/airflow/example_dags/example_bash_operator.py
[2026-04-21T19:03:20.763+0530] {processor.py:914} INFO - Processing file /home/ubantu/miniconda3/envs/airflow-dev/lib/python3.11/site-packages/airflow/example_dags/example_bash_operator.py for tasks to queue
[2026-04-21T19:03:20.764+0530] {logging_mixin.py:190} INFO - [2026-04-21T19:03:20.764+0530] {dagbag.py:588} INFO - Filling up the DagBag from /home/ubantu/miniconda3/envs/airflow-dev/lib/python3.11/site-packages/airflow/example_dags/example_bash_operator.py
[2026-04-21T19:03:20.774+0530] {processor.py:925} INFO - DAG(s) 'example_bash_operator' retrieved from /home/ubantu/miniconda3/envs/airflow-dev/lib/python3.11/site-packages/airflow/example_dags/example_bash_operator.py
[2026-04-21T19:03:20.794+0530] {logging_mixin.py:190} INFO - [2026-04-21T19:03:20.794+0530] {dag.py:3239} INFO - Sync 1 DAGs
[2026-04-21T19:03:20.810+0530] {logging_mixin.py:190} INFO - [2026-04-21T19:03:20.809+0530] {dag.py:4180} INFO - Setting next_dagrun for example_bash_operator to 2026-04-20 00:00:00+00:00, run_after=2026-04-21 00:00:00+00:00
[2026-04-21T19:03:20.826+0530] {processor.py:208} INFO - Processing /home/ubantu/miniconda3/envs/airflow-dev/lib/python3.11/site-packages/airflow/example_dags/example_bash_operator.py took 0.068 seconds
[2026-04-21T19:06:04.876+0530] {processor.py:186} INFO - Started process (PID=6878) to work on /home/ubantu/miniconda3/envs/airflow-dev/lib/python3.11/site-packages/airflow/example_dags/example_bash_operator.py
[2026-04-21T19:06:04.877+0530] {processor.py:914} INFO - Processing file /home/ubantu/miniconda3/envs/airflow-dev/lib/python3.11/site-packages/airflow/example_dags/example_bash_operator.py for tasks to queue
[2026-04-21T19:06:04.878+0530] {logging_mixin.py:190} INFO - [2026-04-21T19:06:04.877+0530] {dagbag.py:588} INFO - Filling up the DagBag from /home/ubantu/miniconda3/envs/airflow-dev/lib/python3.11/site-packages/airflow/example_dags/example_bash_operator.py
[2026-04-21T19:06:04.888+0530] {processor.py:925} INFO - DAG(s) 'example_bash_operator' retrieved from /home/ubantu/miniconda3/envs/airflow-dev/lib/python3.11/site-packages/airflow/example_dags/example_bash_operator.py
[2026-04-21T19:06:04.909+0530] {logging_mixin.py:190} INFO - [2026-04-21T19:06:04.909+0530] {dag.py:3239} INFO - Sync 1 DAGs
[2026-04-21T19:06:04.927+0530] {logging_mixin.py:190} INFO - [2026-04-21T19:06:04.927+0530] {dag.py:4180} INFO - Setting next_dagrun for example_bash_operator to 2026-04-20 00:00:00+00:00, run_after=2026-04-21 00:00:00+00:00
[2026-04-21T19:06:04.944+0530] {processor.py:208} INFO - Processing /home/ubantu/miniconda3/envs/airflow-dev/lib/python3.11/site-packages/airflow/example_dags/example_bash_operator.py took 0.074 seconds
[2026-04-21T19:07:52.008+0530] {processor.py:186} INFO - Started process (PID=7024) to work on /home/ubantu/miniconda3/envs/airflow-dev/lib/python3.11/site-packages/airflow/example_dags/example_bash_operator.py
[2026-04-21T19:07:52.009+0530] {processor.py:914} INFO - Processing file /home/ubantu/miniconda3/envs/airflow-dev/lib/python3.11/site-packages/airflow/example_dags/example_bash_operator.py for tasks to queue
[2026-04-21T19:07:52.010+0530] {logging_mixin.py:190} INFO - [2026-04-21T19:07:52.010+0530] {dagbag.py:588} INFO - Filling up the DagBag from /home/ubantu/miniconda3/envs/airflow-dev/lib/python3.11/site-packages/airflow/example_dags/example_bash_operator.py
[2026-04-21T19:07:52.022+0530] {processor.py:925} INFO - DAG(s) 'example_bash_operator' retrieved from /home/ubantu/miniconda3/envs/airflow-dev/lib/python3.11/site-packages/airflow/example_dags/example_bash_operator.py
[2026-04-21T19:07:52.045+0530] {logging_mixin.py:190} INFO - [2026-04-21T19:07:52.044+0530] {dag.py:3239} INFO - Sync 1 DAGs
[2026-04-21T19:07:52.066+0530] {logging_mixin.py:190} INFO - [2026-04-21T19:07:52.066+0530] {dag.py:4180} INFO - Setting next_dagrun for example_bash_operator to 2026-04-20 00:00:00+00:00, run_after=2026-04-21 00:00:00+00:00
[2026-04-21T19:07:52.084+0530] {processor.py:208} INFO - Processing /home/ubantu/miniconda3/envs/airflow-dev/lib/python3.11/site-packages/airflow/example_dags/example_bash_operator.py took 0.083 seconds
[2026-04-21T19:10:28.923+0530] {processor.py:186} INFO - Started process (PID=7226) to work on /home/ubantu/miniconda3/envs/airflow-dev/lib/python3.11/site-packages/airflow/example_dags/example_bash_operator.py
[2026-04-21T19:10:28.924+0530] {processor.py:914} INFO - Processing file /home/ubantu/miniconda3/envs/airflow-dev/lib/python3.11/site-packages/airflow/example_dags/example_bash_operator.py for tasks to queue
[2026-04-21T19:10:28.926+0530] {logging_mixin.py:190} INFO - [2026-04-21T19:10:28.925+0530] {dagbag.py:588} INFO - Filling up the DagBag from /home/ubantu/miniconda3/envs/airflow-dev/lib/python3.11/site-packages/airflow/example_dags/example_bash_operator.py
[2026-04-21T19:10:28.937+0530] {processor.py:925} INFO - DAG(s) 'example_bash_operator' retrieved from /home/ubantu/miniconda3/envs/airflow-dev/lib/python3.11/site-packages/airflow/example_dags/example_bash_operator.py
[2026-04-21T19:10:28.959+0530] {logging_mixin.py:190} INFO - [2026-04-21T19:10:28.959+0530] {dag.py:3239} INFO - Sync 1 DAGs
[2026-04-21T19:10:28.974+0530] {logging_mixin.py:190} INFO - [2026-04-21T19:10:28.974+0530] {dag.py:4180} INFO - Setting next_dagrun for example_bash_operator to 2026-04-20 00:00:00+00:00, run_after=2026-04-21 00:00:00+00:00
[2026-04-21T19:10:28.990+0530] {processor.py:208} INFO - Processing /home/ubantu/miniconda3/envs/airflow-dev/lib/python3.11/site-packages/airflow/example_dags/example_bash_operator.py took 0.073 seconds
[2026-04-21T19:13:07.245+0530] {processor.py:186} INFO - Started process (PID=7441) to work on /home/ubantu/miniconda3/envs/airflow-dev/lib/python3.11/site-packages/airflow/example_dags/example_bash_operator.py
[2026-04-21T19:13:07.246+0530] {processor.py:914} INFO - Processing file /home/ubantu/miniconda3/envs/airflow-dev/lib/python3.11/site-packages/airflow/example_dags/example_bash_operator.py for tasks to queue
[2026-04-21T19:13:07.247+0530] {logging_mixin.py:190} INFO - [2026-04-21T19:13:07.247+0530] {dagbag.py:588} INFO - Filling up the DagBag from /home/ubantu/miniconda3/envs/airflow-dev/lib/python3.11/site-packages/airflow/example_dags/example_bash_operator.py
[2026-04-21T19:13:07.260+0530] {processor.py:925} INFO - DAG(s) 'example_bash_operator' retrieved from /home/ubantu/miniconda3/envs/airflow-dev/lib/python3.11/site-packages/airflow/example_dags/example_bash_operator.py
[2026-04-21T19:13:07.287+0530] {logging_mixin.py:190} INFO - [2026-04-21T19:13:07.287+0530] {dag.py:3239} INFO - Sync 1 DAGs
[2026-04-21T19:13:07.303+0530] {logging_mixin.py:190} INFO - [2026-04-21T19:13:07.303+0530] {dag.py:4180} INFO - Setting next_dagrun for example_bash_operator to 2026-04-20 00:00:00+00:00, run_after=2026-04-21 00:00:00+00:00
[2026-04-21T19:13:07.319+0530] {processor.py:208} INFO - Processing /home/ubantu/miniconda3/envs/airflow-dev/lib/python3.11/site-packages/airflow/example_dags/example_bash_operator.py took 0.080 seconds
[2026-04-21T19:15:46.066+0530] {processor.py:186} INFO - Started process (PID=7670) to work on /home/ubantu/miniconda3/envs/airflow-dev/lib/python3.11/site-packages/airflow/example_dags/example_bash_operator.py
[2026-04-21T19:15:46.067+0530] {processor.py:914} INFO - Processing file /home/ubantu/miniconda3/envs/airflow-dev/lib/python3.11/site-packages/airflow/example_dags/example_bash_operator.py for tasks to queue
[2026-04-21T19:15:46.068+0530] {logging_mixin.py:190} INFO - [2026-04-21T19:15:46.068+0530] {dagbag.py:588} INFO - Filling up the DagBag from /home/ubantu/miniconda3/envs/airflow-dev/lib/python3.11/site-packages/airflow/example_dags/example_bash_operator.py
[2026-04-21T19:15:46.081+0530] {processor.py:925} INFO - DAG(s) 'example_bash_operator' retrieved from /home/ubantu/miniconda3/envs/airflow-dev/lib/python3.11/site-packages/airflow/example_dags/example_bash_operator.py
[2026-04-21T19:15:46.106+0530] {logging_mixin.py:190} INFO - [2026-04-21T19:15:46.106+0530] {dag.py:3239} INFO - Sync 1 DAGs
[2026-04-21T19:15:46.124+0530] {logging_mixin.py:190} INFO - [2026-04-21T19:15:46.123+0530] {dag.py:4180} INFO - Setting next_dagrun for example_bash_operator to 2026-04-20 00:00:00+00:00, run_after=2026-04-21 00:00:00+00:00
[2026-04-21T19:15:46.140+0530] {processor.py:208} INFO - Processing /home/ubantu/miniconda3/envs/airflow-dev/lib/python3.11/site-packages/airflow/example_dags/example_bash_operator.py took 0.080 seconds
[2026-04-21T19:22:55.153+0530] {processor.py:186} INFO - Started process (PID=8364) to work on /home/ubantu/airflow-src/airflow/example_dags/example_bash_operator.py
[2026-04-21T19:22:55.154+0530] {processor.py:914} INFO - Processing file /home/ubantu/airflow-src/airflow/example_dags/example_bash_operator.py for tasks to queue
[2026-04-21T19:22:55.155+0530] {logging_mixin.py:190} INFO - [2026-04-21T19:22:55.155+0530] {dagbag.py:588} INFO - Filling up the DagBag from /home/ubantu/airflow-src/airflow/example_dags/example_bash_operator.py
[2026-04-21T19:22:55.167+0530] {processor.py:925} INFO - DAG(s) 'example_bash_operator' retrieved from /home/ubantu/airflow-src/airflow/example_dags/example_bash_operator.py
[2026-04-21T19:22:55.226+0530] {logging_mixin.py:190} INFO - [2026-04-21T19:22:55.225+0530] {dag.py:3239} INFO - Sync 1 DAGs
[2026-04-21T19:22:55.240+0530] {logging_mixin.py:190} INFO - [2026-04-21T19:22:55.240+0530] {dag.py:4180} INFO - Setting next_dagrun for example_bash_operator to 2026-04-20 00:00:00+00:00, run_after=2026-04-21 00:00:00+00:00
[2026-04-21T19:22:55.257+0530] {processor.py:208} INFO - Processing /home/ubantu/airflow-src/airflow/example_dags/example_bash_operator.py took 0.110 seconds
[2026-04-21T19:25:43.712+0530] {processor.py:186} INFO - Started process (PID=8602) to work on /home/ubantu/airflow-src/airflow/example_dags/example_bash_operator.py
[2026-04-21T19:25:43.713+0530] {processor.py:914} INFO - Processing file /home/ubantu/airflow-src/airflow/example_dags/example_bash_operator.py for tasks to queue
[2026-04-21T19:25:43.714+0530] {logging_mixin.py:190} INFO - [2026-04-21T19:25:43.714+0530] {dagbag.py:588} INFO - Filling up the DagBag from /home/ubantu/airflow-src/airflow/example_dags/example_bash_operator.py
[2026-04-21T19:25:43.727+0530] {processor.py:925} INFO - DAG(s) 'example_bash_operator' retrieved from /home/ubantu/airflow-src/airflow/example_dags/example_bash_operator.py
[2026-04-21T19:25:43.748+0530] {logging_mixin.py:190} INFO - [2026-04-21T19:25:43.748+0530] {dag.py:3239} INFO - Sync 1 DAGs
[2026-04-21T19:25:43.765+0530] {logging_mixin.py:190} INFO - [2026-04-21T19:25:43.765+0530] {dag.py:4180} INFO - Setting next_dagrun for example_bash_operator to 2026-04-20 00:00:00+00:00, run_after=2026-04-21 00:00:00+00:00
[2026-04-21T19:25:43.781+0530] {processor.py:208} INFO - Processing /home/ubantu/airflow-src/airflow/example_dags/example_bash_operator.py took 0.076 seconds
