[2026-04-21T18:46:01.143+0530] {processor.py:186} INFO - Started process (PID=5417) to work on /home/ubantu/miniconda3/envs/airflow-dev/lib/python3.11/site-packages/airflow/example_dags/example_short_circuit_operator.py
[2026-04-21T18:46:01.144+0530] {processor.py:914} INFO - Processing file /home/ubantu/miniconda3/envs/airflow-dev/lib/python3.11/site-packages/airflow/example_dags/example_short_circuit_operator.py for tasks to queue
[2026-04-21T18:46:01.147+0530] {logging_mixin.py:190} INFO - [2026-04-21T18:46:01.146+0530] {dagbag.py:588} INFO - Filling up the DagBag from /home/ubantu/miniconda3/envs/airflow-dev/lib/python3.11/site-packages/airflow/example_dags/example_short_circuit_operator.py
[2026-04-21T18:46:01.155+0530] {processor.py:925} INFO - DAG(s) 'example_short_circuit_operator' retrieved from /home/ubantu/miniconda3/envs/airflow-dev/lib/python3.11/site-packages/airflow/example_dags/example_short_circuit_operator.py
[2026-04-21T18:46:01.242+0530] {logging_mixin.py:190} INFO - [2026-04-21T18:46:01.242+0530] {dag.py:3239} INFO - Sync 1 DAGs
[2026-04-21T18:46:01.251+0530] {logging_mixin.py:190} INFO - [2026-04-21T18:46:01.250+0530] {dag.py:4180} INFO - Setting next_dagrun for example_short_circuit_operator to None, run_after=None
[2026-04-21T18:46:01.268+0530] {processor.py:208} INFO - Processing /home/ubantu/miniconda3/envs/airflow-dev/lib/python3.11/site-packages/airflow/example_dags/example_short_circuit_operator.py took 0.131 seconds
[2026-04-21T18:47:57.262+0530] {processor.py:186} INFO - Started process (PID=5616) to work on /home/ubantu/miniconda3/envs/airflow-dev/lib/python3.11/site-packages/airflow/example_dags/example_short_circuit_operator.py
[2026-04-21T18:47:57.264+0530] {processor.py:914} INFO - Processing file /home/ubantu/miniconda3/envs/airflow-dev/lib/python3.11/site-packages/airflow/example_dags/example_short_circuit_operator.py for tasks to queue
[2026-04-21T18:47:57.268+0530] {logging_mixin.py:190} INFO - [2026-04-21T18:47:57.267+0530] {dagbag.py:588} INFO - Filling up the DagBag from /home/ubantu/miniconda3/envs/airflow-dev/lib/python3.11/site-packages/airflow/example_dags/example_short_circuit_operator.py
[2026-04-21T18:47:57.284+0530] {processor.py:925} INFO - DAG(s) 'example_short_circuit_operator' retrieved from /home/ubantu/miniconda3/envs/airflow-dev/lib/python3.11/site-packages/airflow/example_dags/example_short_circuit_operator.py
[2026-04-21T18:47:57.307+0530] {logging_mixin.py:190} INFO - [2026-04-21T18:47:57.306+0530] {dag.py:3239} INFO - Sync 1 DAGs
[2026-04-21T18:47:57.318+0530] {logging_mixin.py:190} INFO - [2026-04-21T18:47:57.317+0530] {dag.py:4180} INFO - Setting next_dagrun for example_short_circuit_operator to None, run_after=None
[2026-04-21T18:47:57.335+0530] {processor.py:208} INFO - Processing /home/ubantu/miniconda3/envs/airflow-dev/lib/python3.11/site-packages/airflow/example_dags/example_short_circuit_operator.py took 0.083 seconds
[2026-04-21T18:49:23.525+0530] {processor.py:186} INFO - Started process (PID=5724) to work on /home/ubantu/miniconda3/envs/airflow-dev/lib/python3.11/site-packages/airflow/example_dags/example_short_circuit_operator.py
[2026-04-21T18:49:23.526+0530] {processor.py:914} INFO - Processing file /home/ubantu/miniconda3/envs/airflow-dev/lib/python3.11/site-packages/airflow/example_dags/example_short_circuit_operator.py for tasks to queue
[2026-04-21T18:49:23.528+0530] {logging_mixin.py:190} INFO - [2026-04-21T18:49:23.528+0530] {dagbag.py:588} INFO - Filling up the DagBag from /home/ubantu/miniconda3/envs/airflow-dev/lib/python3.11/site-packages/airflow/example_dags/example_short_circuit_operator.py
[2026-04-21T18:49:23.538+0530] {processor.py:925} INFO - DAG(s) 'example_short_circuit_operator' retrieved from /home/ubantu/miniconda3/envs/airflow-dev/lib/python3.11/site-packages/airflow/example_dags/example_short_circuit_operator.py
[2026-04-21T18:49:23.662+0530] {logging_mixin.py:190} INFO - [2026-04-21T18:49:23.662+0530] {dag.py:3239} INFO - Sync 1 DAGs
[2026-04-21T18:49:23.672+0530] {logging_mixin.py:190} INFO - [2026-04-21T18:49:23.672+0530] {dag.py:4180} INFO - Setting next_dagrun for example_short_circuit_operator to None, run_after=None
[2026-04-21T18:49:23.689+0530] {processor.py:208} INFO - Processing /home/ubantu/miniconda3/envs/airflow-dev/lib/python3.11/site-packages/airflow/example_dags/example_short_circuit_operator.py took 0.170 seconds
[2026-04-21T18:50:42.670+0530] {processor.py:186} INFO - Started process (PID=5844) to work on /home/ubantu/miniconda3/envs/airflow-dev/lib/python3.11/site-packages/airflow/example_dags/example_short_circuit_operator.py
[2026-04-21T18:50:42.671+0530] {processor.py:914} INFO - Processing file /home/ubantu/miniconda3/envs/airflow-dev/lib/python3.11/site-packages/airflow/example_dags/example_short_circuit_operator.py for tasks to queue
[2026-04-21T18:50:42.674+0530] {logging_mixin.py:190} INFO - [2026-04-21T18:50:42.673+0530] {dagbag.py:588} INFO - Filling up the DagBag from /home/ubantu/miniconda3/envs/airflow-dev/lib/python3.11/site-packages/airflow/example_dags/example_short_circuit_operator.py
[2026-04-21T18:50:42.685+0530] {processor.py:925} INFO - DAG(s) 'example_short_circuit_operator' retrieved from /home/ubantu/miniconda3/envs/airflow-dev/lib/python3.11/site-packages/airflow/example_dags/example_short_circuit_operator.py
[2026-04-21T18:50:42.704+0530] {logging_mixin.py:190} INFO - [2026-04-21T18:50:42.704+0530] {dag.py:3239} INFO - Sync 1 DAGs
[2026-04-21T18:50:42.717+0530] {logging_mixin.py:190} INFO - [2026-04-21T18:50:42.716+0530] {dag.py:4180} INFO - Setting next_dagrun for example_short_circuit_operator to None, run_after=None
[2026-04-21T18:50:42.733+0530] {processor.py:208} INFO - Processing /home/ubantu/miniconda3/envs/airflow-dev/lib/python3.11/site-packages/airflow/example_dags/example_short_circuit_operator.py took 0.070 seconds
[2026-04-21T18:52:04.164+0530] {processor.py:186} INFO - Started process (PID=5946) to work on /home/ubantu/miniconda3/envs/airflow-dev/lib/python3.11/site-packages/airflow/example_dags/example_short_circuit_operator.py
[2026-04-21T18:52:04.165+0530] {processor.py:914} INFO - Processing file /home/ubantu/miniconda3/envs/airflow-dev/lib/python3.11/site-packages/airflow/example_dags/example_short_circuit_operator.py for tasks to queue
[2026-04-21T18:52:04.168+0530] {logging_mixin.py:190} INFO - [2026-04-21T18:52:04.167+0530] {dagbag.py:588} INFO - Filling up the DagBag from /home/ubantu/miniconda3/envs/airflow-dev/lib/python3.11/site-packages/airflow/example_dags/example_short_circuit_operator.py
[2026-04-21T18:52:04.178+0530] {processor.py:925} INFO - DAG(s) 'example_short_circuit_operator' retrieved from /home/ubantu/miniconda3/envs/airflow-dev/lib/python3.11/site-packages/airflow/example_dags/example_short_circuit_operator.py
[2026-04-21T18:52:04.197+0530] {logging_mixin.py:190} INFO - [2026-04-21T18:52:04.196+0530] {dag.py:3239} INFO - Sync 1 DAGs
[2026-04-21T18:52:04.208+0530] {logging_mixin.py:190} INFO - [2026-04-21T18:52:04.208+0530] {dag.py:4180} INFO - Setting next_dagrun for example_short_circuit_operator to None, run_after=None
[2026-04-21T18:52:04.224+0530] {processor.py:208} INFO - Processing /home/ubantu/miniconda3/envs/airflow-dev/lib/python3.11/site-packages/airflow/example_dags/example_short_circuit_operator.py took 0.067 seconds
[2026-04-21T18:53:22.221+0530] {processor.py:186} INFO - Started process (PID=6060) to work on /home/ubantu/miniconda3/envs/airflow-dev/lib/python3.11/site-packages/airflow/example_dags/example_short_circuit_operator.py
[2026-04-21T18:53:22.222+0530] {processor.py:914} INFO - Processing file /home/ubantu/miniconda3/envs/airflow-dev/lib/python3.11/site-packages/airflow/example_dags/example_short_circuit_operator.py for tasks to queue
[2026-04-21T18:53:22.225+0530] {logging_mixin.py:190} INFO - [2026-04-21T18:53:22.224+0530] {dagbag.py:588} INFO - Filling up the DagBag from /home/ubantu/miniconda3/envs/airflow-dev/lib/python3.11/site-packages/airflow/example_dags/example_short_circuit_operator.py
[2026-04-21T18:53:22.234+0530] {processor.py:925} INFO - DAG(s) 'example_short_circuit_operator' retrieved from /home/ubantu/miniconda3/envs/airflow-dev/lib/python3.11/site-packages/airflow/example_dags/example_short_circuit_operator.py
[2026-04-21T18:53:22.252+0530] {logging_mixin.py:190} INFO - [2026-04-21T18:53:22.252+0530] {dag.py:3239} INFO - Sync 1 DAGs
[2026-04-21T18:53:22.264+0530] {logging_mixin.py:190} INFO - [2026-04-21T18:53:22.264+0530] {dag.py:4180} INFO - Setting next_dagrun for example_short_circuit_operator to None, run_after=None
[2026-04-21T18:53:22.282+0530] {processor.py:208} INFO - Processing /home/ubantu/miniconda3/envs/airflow-dev/lib/python3.11/site-packages/airflow/example_dags/example_short_circuit_operator.py took 0.067 seconds
[2026-04-21T18:54:40.486+0530] {processor.py:186} INFO - Started process (PID=6169) to work on /home/ubantu/miniconda3/envs/airflow-dev/lib/python3.11/site-packages/airflow/example_dags/example_short_circuit_operator.py
[2026-04-21T18:54:40.488+0530] {processor.py:914} INFO - Processing file /home/ubantu/miniconda3/envs/airflow-dev/lib/python3.11/site-packages/airflow/example_dags/example_short_circuit_operator.py for tasks to queue
[2026-04-21T18:54:40.490+0530] {logging_mixin.py:190} INFO - [2026-04-21T18:54:40.490+0530] {dagbag.py:588} INFO - Filling up the DagBag from /home/ubantu/miniconda3/envs/airflow-dev/lib/python3.11/site-packages/airflow/example_dags/example_short_circuit_operator.py
[2026-04-21T18:54:40.503+0530] {processor.py:925} INFO - DAG(s) 'example_short_circuit_operator' retrieved from /home/ubantu/miniconda3/envs/airflow-dev/lib/python3.11/site-packages/airflow/example_dags/example_short_circuit_operator.py
[2026-04-21T18:54:40.522+0530] {logging_mixin.py:190} INFO - [2026-04-21T18:54:40.522+0530] {dag.py:3239} INFO - Sync 1 DAGs
[2026-04-21T18:54:40.533+0530] {logging_mixin.py:190} INFO - [2026-04-21T18:54:40.533+0530] {dag.py:4180} INFO - Setting next_dagrun for example_short_circuit_operator to None, run_after=None
[2026-04-21T18:54:40.549+0530] {processor.py:208} INFO - Processing /home/ubantu/miniconda3/envs/airflow-dev/lib/python3.11/site-packages/airflow/example_dags/example_short_circuit_operator.py took 0.071 seconds
[2026-04-21T18:55:59.497+0530] {processor.py:186} INFO - Started process (PID=6282) to work on /home/ubantu/miniconda3/envs/airflow-dev/lib/python3.11/site-packages/airflow/example_dags/example_short_circuit_operator.py
[2026-04-21T18:55:59.498+0530] {processor.py:914} INFO - Processing file /home/ubantu/miniconda3/envs/airflow-dev/lib/python3.11/site-packages/airflow/example_dags/example_short_circuit_operator.py for tasks to queue
[2026-04-21T18:55:59.500+0530] {logging_mixin.py:190} INFO - [2026-04-21T18:55:59.500+0530] {dagbag.py:588} INFO - Filling up the DagBag from /home/ubantu/miniconda3/envs/airflow-dev/lib/python3.11/site-packages/airflow/example_dags/example_short_circuit_operator.py
[2026-04-21T18:55:59.510+0530] {processor.py:925} INFO - DAG(s) 'example_short_circuit_operator' retrieved from /home/ubantu/miniconda3/envs/airflow-dev/lib/python3.11/site-packages/airflow/example_dags/example_short_circuit_operator.py
[2026-04-21T18:55:59.528+0530] {logging_mixin.py:190} INFO - [2026-04-21T18:55:59.528+0530] {dag.py:3239} INFO - Sync 1 DAGs
[2026-04-21T18:55:59.540+0530] {logging_mixin.py:190} INFO - [2026-04-21T18:55:59.540+0530] {dag.py:4180} INFO - Setting next_dagrun for example_short_circuit_operator to None, run_after=None
[2026-04-21T18:55:59.559+0530] {processor.py:208} INFO - Processing /home/ubantu/miniconda3/envs/airflow-dev/lib/python3.11/site-packages/airflow/example_dags/example_short_circuit_operator.py took 0.068 seconds
[2026-04-21T18:57:19.013+0530] {processor.py:186} INFO - Started process (PID=6392) to work on /home/ubantu/miniconda3/envs/airflow-dev/lib/python3.11/site-packages/airflow/example_dags/example_short_circuit_operator.py
[2026-04-21T18:57:19.015+0530] {processor.py:914} INFO - Processing file /home/ubantu/miniconda3/envs/airflow-dev/lib/python3.11/site-packages/airflow/example_dags/example_short_circuit_operator.py for tasks to queue
[2026-04-21T18:57:19.019+0530] {logging_mixin.py:190} INFO - [2026-04-21T18:57:19.019+0530] {dagbag.py:588} INFO - Filling up the DagBag from /home/ubantu/miniconda3/envs/airflow-dev/lib/python3.11/site-packages/airflow/example_dags/example_short_circuit_operator.py
[2026-04-21T18:57:19.038+0530] {processor.py:925} INFO - DAG(s) 'example_short_circuit_operator' retrieved from /home/ubantu/miniconda3/envs/airflow-dev/lib/python3.11/site-packages/airflow/example_dags/example_short_circuit_operator.py
[2026-04-21T18:57:19.060+0530] {logging_mixin.py:190} INFO - [2026-04-21T18:57:19.059+0530] {dag.py:3239} INFO - Sync 1 DAGs
[2026-04-21T18:57:19.071+0530] {logging_mixin.py:190} INFO - [2026-04-21T18:57:19.070+0530] {dag.py:4180} INFO - Setting next_dagrun for example_short_circuit_operator to None, run_after=None
[2026-04-21T18:57:19.089+0530] {processor.py:208} INFO - Processing /home/ubantu/miniconda3/envs/airflow-dev/lib/python3.11/site-packages/airflow/example_dags/example_short_circuit_operator.py took 0.084 seconds
[2026-04-21T19:00:56.205+0530] {processor.py:186} INFO - Started process (PID=6527) to work on /home/ubantu/miniconda3/envs/airflow-dev/lib/python3.11/site-packages/airflow/example_dags/example_short_circuit_operator.py
[2026-04-21T19:00:56.206+0530] {processor.py:914} INFO - Processing file /home/ubantu/miniconda3/envs/airflow-dev/lib/python3.11/site-packages/airflow/example_dags/example_short_circuit_operator.py for tasks to queue
[2026-04-21T19:00:56.207+0530] {logging_mixin.py:190} INFO - [2026-04-21T19:00:56.207+0530] {dagbag.py:588} INFO - Filling up the DagBag from /home/ubantu/miniconda3/envs/airflow-dev/lib/python3.11/site-packages/airflow/example_dags/example_short_circuit_operator.py
[2026-04-21T19:00:56.215+0530] {processor.py:925} INFO - DAG(s) 'example_short_circuit_operator' retrieved from /home/ubantu/miniconda3/envs/airflow-dev/lib/python3.11/site-packages/airflow/example_dags/example_short_circuit_operator.py
[2026-04-21T19:00:56.234+0530] {logging_mixin.py:190} INFO - [2026-04-21T19:00:56.234+0530] {dag.py:3239} INFO - Sync 1 DAGs
[2026-04-21T19:00:56.244+0530] {logging_mixin.py:190} INFO - [2026-04-21T19:00:56.244+0530] {dag.py:4180} INFO - Setting next_dagrun for example_short_circuit_operator to None, run_after=None
[2026-04-21T19:00:56.259+0530] {processor.py:208} INFO - Processing /home/ubantu/miniconda3/envs/airflow-dev/lib/python3.11/site-packages/airflow/example_dags/example_short_circuit_operator.py took 0.060 seconds
[2026-04-21T19:02:47.168+0530] {processor.py:186} INFO - Started process (PID=6666) to work on /home/ubantu/miniconda3/envs/airflow-dev/lib/python3.11/site-packages/airflow/example_dags/example_short_circuit_operator.py
[2026-04-21T19:02:47.169+0530] {processor.py:914} INFO - Processing file /home/ubantu/miniconda3/envs/airflow-dev/lib/python3.11/site-packages/airflow/example_dags/example_short_circuit_operator.py for tasks to queue
[2026-04-21T19:02:47.170+0530] {logging_mixin.py:190} INFO - [2026-04-21T19:02:47.170+0530] {dagbag.py:588} INFO - Filling up the DagBag from /home/ubantu/miniconda3/envs/airflow-dev/lib/python3.11/site-packages/airflow/example_dags/example_short_circuit_operator.py
[2026-04-21T19:02:47.177+0530] {processor.py:925} INFO - DAG(s) 'example_short_circuit_operator' retrieved from /home/ubantu/miniconda3/envs/airflow-dev/lib/python3.11/site-packages/airflow/example_dags/example_short_circuit_operator.py
[2026-04-21T19:02:47.197+0530] {logging_mixin.py:190} INFO - [2026-04-21T19:02:47.196+0530] {dag.py:3239} INFO - Sync 1 DAGs
[2026-04-21T19:02:47.207+0530] {logging_mixin.py:190} INFO - [2026-04-21T19:02:47.206+0530] {dag.py:4180} INFO - Setting next_dagrun for example_short_circuit_operator to None, run_after=None
[2026-04-21T19:02:47.222+0530] {processor.py:208} INFO - Processing /home/ubantu/miniconda3/envs/airflow-dev/lib/python3.11/site-packages/airflow/example_dags/example_short_circuit_operator.py took 0.061 seconds
[2026-04-21T19:05:30.424+0530] {processor.py:186} INFO - Started process (PID=6824) to work on /home/ubantu/miniconda3/envs/airflow-dev/lib/python3.11/site-packages/airflow/example_dags/example_short_circuit_operator.py
[2026-04-21T19:05:30.425+0530] {processor.py:914} INFO - Processing file /home/ubantu/miniconda3/envs/airflow-dev/lib/python3.11/site-packages/airflow/example_dags/example_short_circuit_operator.py for tasks to queue
[2026-04-21T19:05:30.426+0530] {logging_mixin.py:190} INFO - [2026-04-21T19:05:30.426+0530] {dagbag.py:588} INFO - Filling up the DagBag from /home/ubantu/miniconda3/envs/airflow-dev/lib/python3.11/site-packages/airflow/example_dags/example_short_circuit_operator.py
[2026-04-21T19:05:30.434+0530] {processor.py:925} INFO - DAG(s) 'example_short_circuit_operator' retrieved from /home/ubantu/miniconda3/envs/airflow-dev/lib/python3.11/site-packages/airflow/example_dags/example_short_circuit_operator.py
[2026-04-21T19:05:30.453+0530] {logging_mixin.py:190} INFO - [2026-04-21T19:05:30.453+0530] {dag.py:3239} INFO - Sync 1 DAGs
[2026-04-21T19:05:30.463+0530] {logging_mixin.py:190} INFO - [2026-04-21T19:05:30.463+0530] {dag.py:4180} INFO - Setting next_dagrun for example_short_circuit_operator to None, run_after=None
[2026-04-21T19:05:30.482+0530] {processor.py:208} INFO - Processing /home/ubantu/miniconda3/envs/airflow-dev/lib/python3.11/site-packages/airflow/example_dags/example_short_circuit_operator.py took 0.064 seconds
[2026-04-21T19:07:20.023+0530] {processor.py:186} INFO - Started process (PID=6982) to work on /home/ubantu/miniconda3/envs/airflow-dev/lib/python3.11/site-packages/airflow/example_dags/example_short_circuit_operator.py
[2026-04-21T19:07:20.024+0530] {processor.py:914} INFO - Processing file /home/ubantu/miniconda3/envs/airflow-dev/lib/python3.11/site-packages/airflow/example_dags/example_short_circuit_operator.py for tasks to queue
[2026-04-21T19:07:20.025+0530] {logging_mixin.py:190} INFO - [2026-04-21T19:07:20.025+0530] {dagbag.py:588} INFO - Filling up the DagBag from /home/ubantu/miniconda3/envs/airflow-dev/lib/python3.11/site-packages/airflow/example_dags/example_short_circuit_operator.py
[2026-04-21T19:07:20.032+0530] {processor.py:925} INFO - DAG(s) 'example_short_circuit_operator' retrieved from /home/ubantu/miniconda3/envs/airflow-dev/lib/python3.11/site-packages/airflow/example_dags/example_short_circuit_operator.py
[2026-04-21T19:07:20.051+0530] {logging_mixin.py:190} INFO - [2026-04-21T19:07:20.051+0530] {dag.py:3239} INFO - Sync 1 DAGs
[2026-04-21T19:07:20.061+0530] {logging_mixin.py:190} INFO - [2026-04-21T19:07:20.061+0530] {dag.py:4180} INFO - Setting next_dagrun for example_short_circuit_operator to None, run_after=None
[2026-04-21T19:07:20.079+0530] {processor.py:208} INFO - Processing /home/ubantu/miniconda3/envs/airflow-dev/lib/python3.11/site-packages/airflow/example_dags/example_short_circuit_operator.py took 0.063 seconds
[2026-04-21T19:08:37.236+0530] {processor.py:186} INFO - Started process (PID=7086) to work on /home/ubantu/miniconda3/envs/airflow-dev/lib/python3.11/site-packages/airflow/example_dags/example_short_circuit_operator.py
[2026-04-21T19:08:37.237+0530] {processor.py:914} INFO - Processing file /home/ubantu/miniconda3/envs/airflow-dev/lib/python3.11/site-packages/airflow/example_dags/example_short_circuit_operator.py for tasks to queue
[2026-04-21T19:08:37.239+0530] {logging_mixin.py:190} INFO - [2026-04-21T19:08:37.238+0530] {dagbag.py:588} INFO - Filling up the DagBag from /home/ubantu/miniconda3/envs/airflow-dev/lib/python3.11/site-packages/airflow/example_dags/example_short_circuit_operator.py
[2026-04-21T19:08:37.246+0530] {processor.py:925} INFO - DAG(s) 'example_short_circuit_operator' retrieved from /home/ubantu/miniconda3/envs/airflow-dev/lib/python3.11/site-packages/airflow/example_dags/example_short_circuit_operator.py
[2026-04-21T19:08:37.264+0530] {logging_mixin.py:190} INFO - [2026-04-21T19:08:37.264+0530] {dag.py:3239} INFO - Sync 1 DAGs
[2026-04-21T19:08:37.275+0530] {logging_mixin.py:190} INFO - [2026-04-21T19:08:37.275+0530] {dag.py:4180} INFO - Setting next_dagrun for example_short_circuit_operator to None, run_after=None
[2026-04-21T19:08:37.293+0530] {processor.py:208} INFO - Processing /home/ubantu/miniconda3/envs/airflow-dev/lib/python3.11/site-packages/airflow/example_dags/example_short_circuit_operator.py took 0.063 seconds
[2026-04-21T19:09:56.006+0530] {processor.py:186} INFO - Started process (PID=7185) to work on /home/ubantu/miniconda3/envs/airflow-dev/lib/python3.11/site-packages/airflow/example_dags/example_short_circuit_operator.py
[2026-04-21T19:09:56.007+0530] {processor.py:914} INFO - Processing file /home/ubantu/miniconda3/envs/airflow-dev/lib/python3.11/site-packages/airflow/example_dags/example_short_circuit_operator.py for tasks to queue
[2026-04-21T19:09:56.009+0530] {logging_mixin.py:190} INFO - [2026-04-21T19:09:56.008+0530] {dagbag.py:588} INFO - Filling up the DagBag from /home/ubantu/miniconda3/envs/airflow-dev/lib/python3.11/site-packages/airflow/example_dags/example_short_circuit_operator.py
[2026-04-21T19:09:56.016+0530] {processor.py:925} INFO - DAG(s) 'example_short_circuit_operator' retrieved from /home/ubantu/miniconda3/envs/airflow-dev/lib/python3.11/site-packages/airflow/example_dags/example_short_circuit_operator.py
[2026-04-21T19:09:56.035+0530] {logging_mixin.py:190} INFO - [2026-04-21T19:09:56.034+0530] {dag.py:3239} INFO - Sync 1 DAGs
[2026-04-21T19:09:56.046+0530] {logging_mixin.py:190} INFO - [2026-04-21T19:09:56.046+0530] {dag.py:4180} INFO - Setting next_dagrun for example_short_circuit_operator to None, run_after=None
[2026-04-21T19:09:56.064+0530] {processor.py:208} INFO - Processing /home/ubantu/miniconda3/envs/airflow-dev/lib/python3.11/site-packages/airflow/example_dags/example_short_circuit_operator.py took 0.064 seconds
[2026-04-21T19:11:14.058+0530] {processor.py:186} INFO - Started process (PID=7292) to work on /home/ubantu/miniconda3/envs/airflow-dev/lib/python3.11/site-packages/airflow/example_dags/example_short_circuit_operator.py
[2026-04-21T19:11:14.059+0530] {processor.py:914} INFO - Processing file /home/ubantu/miniconda3/envs/airflow-dev/lib/python3.11/site-packages/airflow/example_dags/example_short_circuit_operator.py for tasks to queue
[2026-04-21T19:11:14.060+0530] {logging_mixin.py:190} INFO - [2026-04-21T19:11:14.059+0530] {dagbag.py:588} INFO - Filling up the DagBag from /home/ubantu/miniconda3/envs/airflow-dev/lib/python3.11/site-packages/airflow/example_dags/example_short_circuit_operator.py
[2026-04-21T19:11:14.066+0530] {processor.py:925} INFO - DAG(s) 'example_short_circuit_operator' retrieved from /home/ubantu/miniconda3/envs/airflow-dev/lib/python3.11/site-packages/airflow/example_dags/example_short_circuit_operator.py
[2026-04-21T19:11:14.082+0530] {logging_mixin.py:190} INFO - [2026-04-21T19:11:14.082+0530] {dag.py:3239} INFO - Sync 1 DAGs
[2026-04-21T19:11:14.093+0530] {logging_mixin.py:190} INFO - [2026-04-21T19:11:14.092+0530] {dag.py:4180} INFO - Setting next_dagrun for example_short_circuit_operator to None, run_after=None
[2026-04-21T19:11:14.109+0530] {processor.py:208} INFO - Processing /home/ubantu/miniconda3/envs/airflow-dev/lib/python3.11/site-packages/airflow/example_dags/example_short_circuit_operator.py took 0.057 seconds
[2026-04-21T19:12:32.522+0530] {processor.py:186} INFO - Started process (PID=7384) to work on /home/ubantu/miniconda3/envs/airflow-dev/lib/python3.11/site-packages/airflow/example_dags/example_short_circuit_operator.py
[2026-04-21T19:12:32.523+0530] {processor.py:914} INFO - Processing file /home/ubantu/miniconda3/envs/airflow-dev/lib/python3.11/site-packages/airflow/example_dags/example_short_circuit_operator.py for tasks to queue
[2026-04-21T19:12:32.524+0530] {logging_mixin.py:190} INFO - [2026-04-21T19:12:32.524+0530] {dagbag.py:588} INFO - Filling up the DagBag from /home/ubantu/miniconda3/envs/airflow-dev/lib/python3.11/site-packages/airflow/example_dags/example_short_circuit_operator.py
[2026-04-21T19:12:32.531+0530] {processor.py:925} INFO - DAG(s) 'example_short_circuit_operator' retrieved from /home/ubantu/miniconda3/envs/airflow-dev/lib/python3.11/site-packages/airflow/example_dags/example_short_circuit_operator.py
[2026-04-21T19:12:32.549+0530] {logging_mixin.py:190} INFO - [2026-04-21T19:12:32.548+0530] {dag.py:3239} INFO - Sync 1 DAGs
[2026-04-21T19:12:32.559+0530] {logging_mixin.py:190} INFO - [2026-04-21T19:12:32.559+0530] {dag.py:4180} INFO - Setting next_dagrun for example_short_circuit_operator to None, run_after=None
[2026-04-21T19:12:32.574+0530] {processor.py:208} INFO - Processing /home/ubantu/miniconda3/envs/airflow-dev/lib/python3.11/site-packages/airflow/example_dags/example_short_circuit_operator.py took 0.059 seconds
[2026-04-21T19:13:53.540+0530] {processor.py:186} INFO - Started process (PID=7508) to work on /home/ubantu/miniconda3/envs/airflow-dev/lib/python3.11/site-packages/airflow/example_dags/example_short_circuit_operator.py
[2026-04-21T19:13:53.541+0530] {processor.py:914} INFO - Processing file /home/ubantu/miniconda3/envs/airflow-dev/lib/python3.11/site-packages/airflow/example_dags/example_short_circuit_operator.py for tasks to queue
[2026-04-21T19:13:53.542+0530] {logging_mixin.py:190} INFO - [2026-04-21T19:13:53.542+0530] {dagbag.py:588} INFO - Filling up the DagBag from /home/ubantu/miniconda3/envs/airflow-dev/lib/python3.11/site-packages/airflow/example_dags/example_short_circuit_operator.py
[2026-04-21T19:13:53.550+0530] {processor.py:925} INFO - DAG(s) 'example_short_circuit_operator' retrieved from /home/ubantu/miniconda3/envs/airflow-dev/lib/python3.11/site-packages/airflow/example_dags/example_short_circuit_operator.py
[2026-04-21T19:13:53.568+0530] {logging_mixin.py:190} INFO - [2026-04-21T19:13:53.568+0530] {dag.py:3239} INFO - Sync 1 DAGs
[2026-04-21T19:13:53.578+0530] {logging_mixin.py:190} INFO - [2026-04-21T19:13:53.578+0530] {dag.py:4180} INFO - Setting next_dagrun for example_short_circuit_operator to None, run_after=None
[2026-04-21T19:13:53.593+0530] {processor.py:208} INFO - Processing /home/ubantu/miniconda3/envs/airflow-dev/lib/python3.11/site-packages/airflow/example_dags/example_short_circuit_operator.py took 0.060 seconds
[2026-04-21T19:15:15.525+0530] {processor.py:186} INFO - Started process (PID=7621) to work on /home/ubantu/miniconda3/envs/airflow-dev/lib/python3.11/site-packages/airflow/example_dags/example_short_circuit_operator.py
[2026-04-21T19:15:15.526+0530] {processor.py:914} INFO - Processing file /home/ubantu/miniconda3/envs/airflow-dev/lib/python3.11/site-packages/airflow/example_dags/example_short_circuit_operator.py for tasks to queue
[2026-04-21T19:15:15.527+0530] {logging_mixin.py:190} INFO - [2026-04-21T19:15:15.527+0530] {dagbag.py:588} INFO - Filling up the DagBag from /home/ubantu/miniconda3/envs/airflow-dev/lib/python3.11/site-packages/airflow/example_dags/example_short_circuit_operator.py
[2026-04-21T19:15:15.534+0530] {processor.py:925} INFO - DAG(s) 'example_short_circuit_operator' retrieved from /home/ubantu/miniconda3/envs/airflow-dev/lib/python3.11/site-packages/airflow/example_dags/example_short_circuit_operator.py
[2026-04-21T19:15:15.553+0530] {logging_mixin.py:190} INFO - [2026-04-21T19:15:15.553+0530] {dag.py:3239} INFO - Sync 1 DAGs
[2026-04-21T19:15:15.563+0530] {logging_mixin.py:190} INFO - [2026-04-21T19:15:15.563+0530] {dag.py:4180} INFO - Setting next_dagrun for example_short_circuit_operator to None, run_after=None
[2026-04-21T19:15:15.580+0530] {processor.py:208} INFO - Processing /home/ubantu/miniconda3/envs/airflow-dev/lib/python3.11/site-packages/airflow/example_dags/example_short_circuit_operator.py took 0.062 seconds
[2026-04-21T19:16:33.555+0530] {processor.py:186} INFO - Started process (PID=7779) to work on /home/ubantu/miniconda3/envs/airflow-dev/lib/python3.11/site-packages/airflow/example_dags/example_short_circuit_operator.py
[2026-04-21T19:16:33.557+0530] {processor.py:914} INFO - Processing file /home/ubantu/miniconda3/envs/airflow-dev/lib/python3.11/site-packages/airflow/example_dags/example_short_circuit_operator.py for tasks to queue
[2026-04-21T19:16:33.558+0530] {logging_mixin.py:190} INFO - [2026-04-21T19:16:33.558+0530] {dagbag.py:588} INFO - Filling up the DagBag from /home/ubantu/miniconda3/envs/airflow-dev/lib/python3.11/site-packages/airflow/example_dags/example_short_circuit_operator.py
[2026-04-21T19:16:33.566+0530] {processor.py:925} INFO - DAG(s) 'example_short_circuit_operator' retrieved from /home/ubantu/miniconda3/envs/airflow-dev/lib/python3.11/site-packages/airflow/example_dags/example_short_circuit_operator.py
[2026-04-21T19:16:33.585+0530] {logging_mixin.py:190} INFO - [2026-04-21T19:16:33.585+0530] {dag.py:3239} INFO - Sync 1 DAGs
[2026-04-21T19:16:33.595+0530] {logging_mixin.py:190} INFO - [2026-04-21T19:16:33.595+0530] {dag.py:4180} INFO - Setting next_dagrun for example_short_circuit_operator to None, run_after=None
[2026-04-21T19:16:33.611+0530] {processor.py:208} INFO - Processing /home/ubantu/miniconda3/envs/airflow-dev/lib/python3.11/site-packages/airflow/example_dags/example_short_circuit_operator.py took 0.063 seconds
[2026-04-21T19:22:25.075+0530] {processor.py:186} INFO - Started process (PID=8334) to work on /home/ubantu/airflow-src/airflow/example_dags/example_short_circuit_operator.py
[2026-04-21T19:22:25.076+0530] {processor.py:914} INFO - Processing file /home/ubantu/airflow-src/airflow/example_dags/example_short_circuit_operator.py for tasks to queue
[2026-04-21T19:22:25.077+0530] {logging_mixin.py:190} INFO - [2026-04-21T19:22:25.076+0530] {dagbag.py:588} INFO - Filling up the DagBag from /home/ubantu/airflow-src/airflow/example_dags/example_short_circuit_operator.py
[2026-04-21T19:22:25.084+0530] {processor.py:925} INFO - DAG(s) 'example_short_circuit_operator' retrieved from /home/ubantu/airflow-src/airflow/example_dags/example_short_circuit_operator.py
[2026-04-21T19:22:25.147+0530] {logging_mixin.py:190} INFO - [2026-04-21T19:22:25.147+0530] {dag.py:3239} INFO - Sync 1 DAGs
[2026-04-21T19:22:25.157+0530] {logging_mixin.py:190} INFO - [2026-04-21T19:22:25.156+0530] {dag.py:4180} INFO - Setting next_dagrun for example_short_circuit_operator to None, run_after=None
[2026-04-21T19:22:25.174+0530] {processor.py:208} INFO - Processing /home/ubantu/airflow-src/airflow/example_dags/example_short_circuit_operator.py took 0.105 seconds
[2026-04-21T19:24:19.599+0530] {processor.py:186} INFO - Started process (PID=8469) to work on /home/ubantu/airflow-src/airflow/example_dags/example_short_circuit_operator.py
[2026-04-21T19:24:19.601+0530] {processor.py:914} INFO - Processing file /home/ubantu/airflow-src/airflow/example_dags/example_short_circuit_operator.py for tasks to queue
[2026-04-21T19:24:19.603+0530] {logging_mixin.py:190} INFO - [2026-04-21T19:24:19.602+0530] {dagbag.py:588} INFO - Filling up the DagBag from /home/ubantu/airflow-src/airflow/example_dags/example_short_circuit_operator.py
[2026-04-21T19:24:19.611+0530] {processor.py:925} INFO - DAG(s) 'example_short_circuit_operator' retrieved from /home/ubantu/airflow-src/airflow/example_dags/example_short_circuit_operator.py
[2026-04-21T19:24:19.630+0530] {logging_mixin.py:190} INFO - [2026-04-21T19:24:19.630+0530] {dag.py:3239} INFO - Sync 1 DAGs
[2026-04-21T19:24:19.640+0530] {logging_mixin.py:190} INFO - [2026-04-21T19:24:19.640+0530] {dag.py:4180} INFO - Setting next_dagrun for example_short_circuit_operator to None, run_after=None
[2026-04-21T19:24:19.655+0530] {processor.py:208} INFO - Processing /home/ubantu/airflow-src/airflow/example_dags/example_short_circuit_operator.py took 0.063 seconds
