[2026-04-21T18:46:03.455+0530] {processor.py:186} INFO - Started process (PID=5422) to work on /home/ubantu/miniconda3/envs/airflow-dev/lib/python3.11/site-packages/airflow/example_dags/example_short_circuit_decorator.py
[2026-04-21T18:46:03.456+0530] {processor.py:914} INFO - Processing file /home/ubantu/miniconda3/envs/airflow-dev/lib/python3.11/site-packages/airflow/example_dags/example_short_circuit_decorator.py for tasks to queue
[2026-04-21T18:46:03.458+0530] {logging_mixin.py:190} INFO - [2026-04-21T18:46:03.458+0530] {dagbag.py:588} INFO - Filling up the DagBag from /home/ubantu/miniconda3/envs/airflow-dev/lib/python3.11/site-packages/airflow/example_dags/example_short_circuit_decorator.py
[2026-04-21T18:46:03.470+0530] {processor.py:925} INFO - DAG(s) 'example_short_circuit_decorator' retrieved from /home/ubantu/miniconda3/envs/airflow-dev/lib/python3.11/site-packages/airflow/example_dags/example_short_circuit_decorator.py
[2026-04-21T18:46:03.571+0530] {logging_mixin.py:190} INFO - [2026-04-21T18:46:03.571+0530] {dag.py:3239} INFO - Sync 1 DAGs
[2026-04-21T18:46:03.580+0530] {logging_mixin.py:190} INFO - [2026-04-21T18:46:03.579+0530] {dag.py:4180} INFO - Setting next_dagrun for example_short_circuit_decorator to None, run_after=None
[2026-04-21T18:46:03.597+0530] {processor.py:208} INFO - Processing /home/ubantu/miniconda3/envs/airflow-dev/lib/python3.11/site-packages/airflow/example_dags/example_short_circuit_decorator.py took 0.147 seconds
[2026-04-21T18:47:58.408+0530] {processor.py:186} INFO - Started process (PID=5617) to work on /home/ubantu/miniconda3/envs/airflow-dev/lib/python3.11/site-packages/airflow/example_dags/example_short_circuit_decorator.py
[2026-04-21T18:47:58.409+0530] {processor.py:914} INFO - Processing file /home/ubantu/miniconda3/envs/airflow-dev/lib/python3.11/site-packages/airflow/example_dags/example_short_circuit_decorator.py for tasks to queue
[2026-04-21T18:47:58.412+0530] {logging_mixin.py:190} INFO - [2026-04-21T18:47:58.412+0530] {dagbag.py:588} INFO - Filling up the DagBag from /home/ubantu/miniconda3/envs/airflow-dev/lib/python3.11/site-packages/airflow/example_dags/example_short_circuit_decorator.py
[2026-04-21T18:47:58.426+0530] {processor.py:925} INFO - DAG(s) 'example_short_circuit_decorator' retrieved from /home/ubantu/miniconda3/envs/airflow-dev/lib/python3.11/site-packages/airflow/example_dags/example_short_circuit_decorator.py
[2026-04-21T18:47:58.447+0530] {logging_mixin.py:190} INFO - [2026-04-21T18:47:58.447+0530] {dag.py:3239} INFO - Sync 1 DAGs
[2026-04-21T18:47:58.461+0530] {logging_mixin.py:190} INFO - [2026-04-21T18:47:58.460+0530] {dag.py:4180} INFO - Setting next_dagrun for example_short_circuit_decorator to None, run_after=None
[2026-04-21T18:47:58.482+0530] {processor.py:208} INFO - Processing /home/ubantu/miniconda3/envs/airflow-dev/lib/python3.11/site-packages/airflow/example_dags/example_short_circuit_decorator.py took 0.082 seconds
[2026-04-21T18:49:24.051+0530] {processor.py:186} INFO - Started process (PID=5725) to work on /home/ubantu/miniconda3/envs/airflow-dev/lib/python3.11/site-packages/airflow/example_dags/example_short_circuit_decorator.py
[2026-04-21T18:49:24.052+0530] {processor.py:914} INFO - Processing file /home/ubantu/miniconda3/envs/airflow-dev/lib/python3.11/site-packages/airflow/example_dags/example_short_circuit_decorator.py for tasks to queue
[2026-04-21T18:49:24.054+0530] {logging_mixin.py:190} INFO - [2026-04-21T18:49:24.054+0530] {dagbag.py:588} INFO - Filling up the DagBag from /home/ubantu/miniconda3/envs/airflow-dev/lib/python3.11/site-packages/airflow/example_dags/example_short_circuit_decorator.py
[2026-04-21T18:49:24.064+0530] {processor.py:925} INFO - DAG(s) 'example_short_circuit_decorator' retrieved from /home/ubantu/miniconda3/envs/airflow-dev/lib/python3.11/site-packages/airflow/example_dags/example_short_circuit_decorator.py
[2026-04-21T18:49:24.192+0530] {logging_mixin.py:190} INFO - [2026-04-21T18:49:24.191+0530] {dag.py:3239} INFO - Sync 1 DAGs
[2026-04-21T18:49:24.201+0530] {logging_mixin.py:190} INFO - [2026-04-21T18:49:24.201+0530] {dag.py:4180} INFO - Setting next_dagrun for example_short_circuit_decorator to None, run_after=None
[2026-04-21T18:49:24.217+0530] {processor.py:208} INFO - Processing /home/ubantu/miniconda3/envs/airflow-dev/lib/python3.11/site-packages/airflow/example_dags/example_short_circuit_decorator.py took 0.171 seconds
[2026-04-21T18:50:43.817+0530] {processor.py:186} INFO - Started process (PID=5845) to work on /home/ubantu/miniconda3/envs/airflow-dev/lib/python3.11/site-packages/airflow/example_dags/example_short_circuit_decorator.py
[2026-04-21T18:50:43.818+0530] {processor.py:914} INFO - Processing file /home/ubantu/miniconda3/envs/airflow-dev/lib/python3.11/site-packages/airflow/example_dags/example_short_circuit_decorator.py for tasks to queue
[2026-04-21T18:50:43.820+0530] {logging_mixin.py:190} INFO - [2026-04-21T18:50:43.820+0530] {dagbag.py:588} INFO - Filling up the DagBag from /home/ubantu/miniconda3/envs/airflow-dev/lib/python3.11/site-packages/airflow/example_dags/example_short_circuit_decorator.py
[2026-04-21T18:50:43.832+0530] {processor.py:925} INFO - DAG(s) 'example_short_circuit_decorator' retrieved from /home/ubantu/miniconda3/envs/airflow-dev/lib/python3.11/site-packages/airflow/example_dags/example_short_circuit_decorator.py
[2026-04-21T18:50:43.850+0530] {logging_mixin.py:190} INFO - [2026-04-21T18:50:43.850+0530] {dag.py:3239} INFO - Sync 1 DAGs
[2026-04-21T18:50:43.860+0530] {logging_mixin.py:190} INFO - [2026-04-21T18:50:43.860+0530] {dag.py:4180} INFO - Setting next_dagrun for example_short_circuit_decorator to None, run_after=None
[2026-04-21T18:50:43.877+0530] {processor.py:208} INFO - Processing /home/ubantu/miniconda3/envs/airflow-dev/lib/python3.11/site-packages/airflow/example_dags/example_short_circuit_decorator.py took 0.067 seconds
[2026-04-21T18:52:05.312+0530] {processor.py:186} INFO - Started process (PID=5947) to work on /home/ubantu/miniconda3/envs/airflow-dev/lib/python3.11/site-packages/airflow/example_dags/example_short_circuit_decorator.py
[2026-04-21T18:52:05.313+0530] {processor.py:914} INFO - Processing file /home/ubantu/miniconda3/envs/airflow-dev/lib/python3.11/site-packages/airflow/example_dags/example_short_circuit_decorator.py for tasks to queue
[2026-04-21T18:52:05.315+0530] {logging_mixin.py:190} INFO - [2026-04-21T18:52:05.315+0530] {dagbag.py:588} INFO - Filling up the DagBag from /home/ubantu/miniconda3/envs/airflow-dev/lib/python3.11/site-packages/airflow/example_dags/example_short_circuit_decorator.py
[2026-04-21T18:52:05.326+0530] {processor.py:925} INFO - DAG(s) 'example_short_circuit_decorator' retrieved from /home/ubantu/miniconda3/envs/airflow-dev/lib/python3.11/site-packages/airflow/example_dags/example_short_circuit_decorator.py
[2026-04-21T18:52:05.344+0530] {logging_mixin.py:190} INFO - [2026-04-21T18:52:05.343+0530] {dag.py:3239} INFO - Sync 1 DAGs
[2026-04-21T18:52:05.355+0530] {logging_mixin.py:190} INFO - [2026-04-21T18:52:05.355+0530] {dag.py:4180} INFO - Setting next_dagrun for example_short_circuit_decorator to None, run_after=None
[2026-04-21T18:52:05.372+0530] {processor.py:208} INFO - Processing /home/ubantu/miniconda3/envs/airflow-dev/lib/python3.11/site-packages/airflow/example_dags/example_short_circuit_decorator.py took 0.066 seconds
[2026-04-21T18:53:23.371+0530] {processor.py:186} INFO - Started process (PID=6061) to work on /home/ubantu/miniconda3/envs/airflow-dev/lib/python3.11/site-packages/airflow/example_dags/example_short_circuit_decorator.py
[2026-04-21T18:53:23.372+0530] {processor.py:914} INFO - Processing file /home/ubantu/miniconda3/envs/airflow-dev/lib/python3.11/site-packages/airflow/example_dags/example_short_circuit_decorator.py for tasks to queue
[2026-04-21T18:53:23.374+0530] {logging_mixin.py:190} INFO - [2026-04-21T18:53:23.374+0530] {dagbag.py:588} INFO - Filling up the DagBag from /home/ubantu/miniconda3/envs/airflow-dev/lib/python3.11/site-packages/airflow/example_dags/example_short_circuit_decorator.py
[2026-04-21T18:53:23.388+0530] {processor.py:925} INFO - DAG(s) 'example_short_circuit_decorator' retrieved from /home/ubantu/miniconda3/envs/airflow-dev/lib/python3.11/site-packages/airflow/example_dags/example_short_circuit_decorator.py
[2026-04-21T18:53:23.408+0530] {logging_mixin.py:190} INFO - [2026-04-21T18:53:23.407+0530] {dag.py:3239} INFO - Sync 1 DAGs
[2026-04-21T18:53:23.419+0530] {logging_mixin.py:190} INFO - [2026-04-21T18:53:23.419+0530] {dag.py:4180} INFO - Setting next_dagrun for example_short_circuit_decorator to None, run_after=None
[2026-04-21T18:53:23.437+0530] {processor.py:208} INFO - Processing /home/ubantu/miniconda3/envs/airflow-dev/lib/python3.11/site-packages/airflow/example_dags/example_short_circuit_decorator.py took 0.072 seconds
[2026-04-21T18:54:41.633+0530] {processor.py:186} INFO - Started process (PID=6170) to work on /home/ubantu/miniconda3/envs/airflow-dev/lib/python3.11/site-packages/airflow/example_dags/example_short_circuit_decorator.py
[2026-04-21T18:54:41.635+0530] {processor.py:914} INFO - Processing file /home/ubantu/miniconda3/envs/airflow-dev/lib/python3.11/site-packages/airflow/example_dags/example_short_circuit_decorator.py for tasks to queue
[2026-04-21T18:54:41.638+0530] {logging_mixin.py:190} INFO - [2026-04-21T18:54:41.637+0530] {dagbag.py:588} INFO - Filling up the DagBag from /home/ubantu/miniconda3/envs/airflow-dev/lib/python3.11/site-packages/airflow/example_dags/example_short_circuit_decorator.py
[2026-04-21T18:54:41.653+0530] {processor.py:925} INFO - DAG(s) 'example_short_circuit_decorator' retrieved from /home/ubantu/miniconda3/envs/airflow-dev/lib/python3.11/site-packages/airflow/example_dags/example_short_circuit_decorator.py
[2026-04-21T18:54:41.677+0530] {logging_mixin.py:190} INFO - [2026-04-21T18:54:41.677+0530] {dag.py:3239} INFO - Sync 1 DAGs
[2026-04-21T18:54:41.692+0530] {logging_mixin.py:190} INFO - [2026-04-21T18:54:41.692+0530] {dag.py:4180} INFO - Setting next_dagrun for example_short_circuit_decorator to None, run_after=None
[2026-04-21T18:54:41.710+0530] {processor.py:208} INFO - Processing /home/ubantu/miniconda3/envs/airflow-dev/lib/python3.11/site-packages/airflow/example_dags/example_short_circuit_decorator.py took 0.085 seconds
[2026-04-21T18:56:00.649+0530] {processor.py:186} INFO - Started process (PID=6284) to work on /home/ubantu/miniconda3/envs/airflow-dev/lib/python3.11/site-packages/airflow/example_dags/example_short_circuit_decorator.py
[2026-04-21T18:56:00.650+0530] {processor.py:914} INFO - Processing file /home/ubantu/miniconda3/envs/airflow-dev/lib/python3.11/site-packages/airflow/example_dags/example_short_circuit_decorator.py for tasks to queue
[2026-04-21T18:56:00.652+0530] {logging_mixin.py:190} INFO - [2026-04-21T18:56:00.652+0530] {dagbag.py:588} INFO - Filling up the DagBag from /home/ubantu/miniconda3/envs/airflow-dev/lib/python3.11/site-packages/airflow/example_dags/example_short_circuit_decorator.py
[2026-04-21T18:56:00.665+0530] {processor.py:925} INFO - DAG(s) 'example_short_circuit_decorator' retrieved from /home/ubantu/miniconda3/envs/airflow-dev/lib/python3.11/site-packages/airflow/example_dags/example_short_circuit_decorator.py
[2026-04-21T18:56:00.685+0530] {logging_mixin.py:190} INFO - [2026-04-21T18:56:00.684+0530] {dag.py:3239} INFO - Sync 1 DAGs
[2026-04-21T18:56:00.697+0530] {logging_mixin.py:190} INFO - [2026-04-21T18:56:00.696+0530] {dag.py:4180} INFO - Setting next_dagrun for example_short_circuit_decorator to None, run_after=None
[2026-04-21T18:56:00.713+0530] {processor.py:208} INFO - Processing /home/ubantu/miniconda3/envs/airflow-dev/lib/python3.11/site-packages/airflow/example_dags/example_short_circuit_decorator.py took 0.071 seconds
[2026-04-21T18:57:20.178+0530] {processor.py:186} INFO - Started process (PID=6393) to work on /home/ubantu/miniconda3/envs/airflow-dev/lib/python3.11/site-packages/airflow/example_dags/example_short_circuit_decorator.py
[2026-04-21T18:57:20.180+0530] {processor.py:914} INFO - Processing file /home/ubantu/miniconda3/envs/airflow-dev/lib/python3.11/site-packages/airflow/example_dags/example_short_circuit_decorator.py for tasks to queue
[2026-04-21T18:57:20.184+0530] {logging_mixin.py:190} INFO - [2026-04-21T18:57:20.184+0530] {dagbag.py:588} INFO - Filling up the DagBag from /home/ubantu/miniconda3/envs/airflow-dev/lib/python3.11/site-packages/airflow/example_dags/example_short_circuit_decorator.py
[2026-04-21T18:57:20.203+0530] {processor.py:925} INFO - DAG(s) 'example_short_circuit_decorator' retrieved from /home/ubantu/miniconda3/envs/airflow-dev/lib/python3.11/site-packages/airflow/example_dags/example_short_circuit_decorator.py
[2026-04-21T18:57:20.221+0530] {logging_mixin.py:190} INFO - [2026-04-21T18:57:20.221+0530] {dag.py:3239} INFO - Sync 1 DAGs
[2026-04-21T18:57:20.232+0530] {logging_mixin.py:190} INFO - [2026-04-21T18:57:20.232+0530] {dag.py:4180} INFO - Setting next_dagrun for example_short_circuit_decorator to None, run_after=None
[2026-04-21T18:57:20.249+0530] {processor.py:208} INFO - Processing /home/ubantu/miniconda3/envs/airflow-dev/lib/python3.11/site-packages/airflow/example_dags/example_short_circuit_decorator.py took 0.083 seconds
[2026-04-21T19:00:57.352+0530] {processor.py:186} INFO - Started process (PID=6528) to work on /home/ubantu/miniconda3/envs/airflow-dev/lib/python3.11/site-packages/airflow/example_dags/example_short_circuit_decorator.py
[2026-04-21T19:00:57.353+0530] {processor.py:914} INFO - Processing file /home/ubantu/miniconda3/envs/airflow-dev/lib/python3.11/site-packages/airflow/example_dags/example_short_circuit_decorator.py for tasks to queue
[2026-04-21T19:00:57.355+0530] {logging_mixin.py:190} INFO - [2026-04-21T19:00:57.354+0530] {dagbag.py:588} INFO - Filling up the DagBag from /home/ubantu/miniconda3/envs/airflow-dev/lib/python3.11/site-packages/airflow/example_dags/example_short_circuit_decorator.py
[2026-04-21T19:00:57.364+0530] {processor.py:925} INFO - DAG(s) 'example_short_circuit_decorator' retrieved from /home/ubantu/miniconda3/envs/airflow-dev/lib/python3.11/site-packages/airflow/example_dags/example_short_circuit_decorator.py
[2026-04-21T19:00:57.384+0530] {logging_mixin.py:190} INFO - [2026-04-21T19:00:57.384+0530] {dag.py:3239} INFO - Sync 1 DAGs
[2026-04-21T19:00:57.394+0530] {logging_mixin.py:190} INFO - [2026-04-21T19:00:57.394+0530] {dag.py:4180} INFO - Setting next_dagrun for example_short_circuit_decorator to None, run_after=None
[2026-04-21T19:00:57.410+0530] {processor.py:208} INFO - Processing /home/ubantu/miniconda3/envs/airflow-dev/lib/python3.11/site-packages/airflow/example_dags/example_short_circuit_decorator.py took 0.065 seconds
[2026-04-21T19:02:48.314+0530] {processor.py:186} INFO - Started process (PID=6667) to work on /home/ubantu/miniconda3/envs/airflow-dev/lib/python3.11/site-packages/airflow/example_dags/example_short_circuit_decorator.py
[2026-04-21T19:02:48.315+0530] {processor.py:914} INFO - Processing file /home/ubantu/miniconda3/envs/airflow-dev/lib/python3.11/site-packages/airflow/example_dags/example_short_circuit_decorator.py for tasks to queue
[2026-04-21T19:02:48.316+0530] {logging_mixin.py:190} INFO - [2026-04-21T19:02:48.316+0530] {dagbag.py:588} INFO - Filling up the DagBag from /home/ubantu/miniconda3/envs/airflow-dev/lib/python3.11/site-packages/airflow/example_dags/example_short_circuit_decorator.py
[2026-04-21T19:02:48.325+0530] {processor.py:925} INFO - DAG(s) 'example_short_circuit_decorator' retrieved from /home/ubantu/miniconda3/envs/airflow-dev/lib/python3.11/site-packages/airflow/example_dags/example_short_circuit_decorator.py
[2026-04-21T19:02:48.343+0530] {logging_mixin.py:190} INFO - [2026-04-21T19:02:48.343+0530] {dag.py:3239} INFO - Sync 1 DAGs
[2026-04-21T19:02:48.354+0530] {logging_mixin.py:190} INFO - [2026-04-21T19:02:48.354+0530] {dag.py:4180} INFO - Setting next_dagrun for example_short_circuit_decorator to None, run_after=None
[2026-04-21T19:02:48.372+0530] {processor.py:208} INFO - Processing /home/ubantu/miniconda3/envs/airflow-dev/lib/python3.11/site-packages/airflow/example_dags/example_short_circuit_decorator.py took 0.065 seconds
[2026-04-21T19:05:31.576+0530] {processor.py:186} INFO - Started process (PID=6825) to work on /home/ubantu/miniconda3/envs/airflow-dev/lib/python3.11/site-packages/airflow/example_dags/example_short_circuit_decorator.py
[2026-04-21T19:05:31.578+0530] {processor.py:914} INFO - Processing file /home/ubantu/miniconda3/envs/airflow-dev/lib/python3.11/site-packages/airflow/example_dags/example_short_circuit_decorator.py for tasks to queue
[2026-04-21T19:05:31.579+0530] {logging_mixin.py:190} INFO - [2026-04-21T19:05:31.579+0530] {dagbag.py:588} INFO - Filling up the DagBag from /home/ubantu/miniconda3/envs/airflow-dev/lib/python3.11/site-packages/airflow/example_dags/example_short_circuit_decorator.py
[2026-04-21T19:05:31.590+0530] {processor.py:925} INFO - DAG(s) 'example_short_circuit_decorator' retrieved from /home/ubantu/miniconda3/envs/airflow-dev/lib/python3.11/site-packages/airflow/example_dags/example_short_circuit_decorator.py
[2026-04-21T19:05:31.612+0530] {logging_mixin.py:190} INFO - [2026-04-21T19:05:31.612+0530] {dag.py:3239} INFO - Sync 1 DAGs
[2026-04-21T19:05:31.623+0530] {logging_mixin.py:190} INFO - [2026-04-21T19:05:31.623+0530] {dag.py:4180} INFO - Setting next_dagrun for example_short_circuit_decorator to None, run_after=None
[2026-04-21T19:05:31.641+0530] {processor.py:208} INFO - Processing /home/ubantu/miniconda3/envs/airflow-dev/lib/python3.11/site-packages/airflow/example_dags/example_short_circuit_decorator.py took 0.071 seconds
[2026-04-21T19:07:20.432+0530] {processor.py:186} INFO - Started process (PID=6983) to work on /home/ubantu/miniconda3/envs/airflow-dev/lib/python3.11/site-packages/airflow/example_dags/example_short_circuit_decorator.py
[2026-04-21T19:07:20.434+0530] {processor.py:914} INFO - Processing file /home/ubantu/miniconda3/envs/airflow-dev/lib/python3.11/site-packages/airflow/example_dags/example_short_circuit_decorator.py for tasks to queue
[2026-04-21T19:07:20.435+0530] {logging_mixin.py:190} INFO - [2026-04-21T19:07:20.435+0530] {dagbag.py:588} INFO - Filling up the DagBag from /home/ubantu/miniconda3/envs/airflow-dev/lib/python3.11/site-packages/airflow/example_dags/example_short_circuit_decorator.py
[2026-04-21T19:07:20.445+0530] {processor.py:925} INFO - DAG(s) 'example_short_circuit_decorator' retrieved from /home/ubantu/miniconda3/envs/airflow-dev/lib/python3.11/site-packages/airflow/example_dags/example_short_circuit_decorator.py
[2026-04-21T19:07:20.463+0530] {logging_mixin.py:190} INFO - [2026-04-21T19:07:20.463+0530] {dag.py:3239} INFO - Sync 1 DAGs
[2026-04-21T19:07:20.473+0530] {logging_mixin.py:190} INFO - [2026-04-21T19:07:20.473+0530] {dag.py:4180} INFO - Setting next_dagrun for example_short_circuit_decorator to None, run_after=None
[2026-04-21T19:07:20.489+0530] {processor.py:208} INFO - Processing /home/ubantu/miniconda3/envs/airflow-dev/lib/python3.11/site-packages/airflow/example_dags/example_short_circuit_decorator.py took 0.063 seconds
[2026-04-21T19:08:38.383+0530] {processor.py:186} INFO - Started process (PID=7087) to work on /home/ubantu/miniconda3/envs/airflow-dev/lib/python3.11/site-packages/airflow/example_dags/example_short_circuit_decorator.py
[2026-04-21T19:08:38.384+0530] {processor.py:914} INFO - Processing file /home/ubantu/miniconda3/envs/airflow-dev/lib/python3.11/site-packages/airflow/example_dags/example_short_circuit_decorator.py for tasks to queue
[2026-04-21T19:08:38.385+0530] {logging_mixin.py:190} INFO - [2026-04-21T19:08:38.385+0530] {dagbag.py:588} INFO - Filling up the DagBag from /home/ubantu/miniconda3/envs/airflow-dev/lib/python3.11/site-packages/airflow/example_dags/example_short_circuit_decorator.py
[2026-04-21T19:08:38.394+0530] {processor.py:925} INFO - DAG(s) 'example_short_circuit_decorator' retrieved from /home/ubantu/miniconda3/envs/airflow-dev/lib/python3.11/site-packages/airflow/example_dags/example_short_circuit_decorator.py
[2026-04-21T19:08:38.412+0530] {logging_mixin.py:190} INFO - [2026-04-21T19:08:38.412+0530] {dag.py:3239} INFO - Sync 1 DAGs
[2026-04-21T19:08:38.422+0530] {logging_mixin.py:190} INFO - [2026-04-21T19:08:38.422+0530] {dag.py:4180} INFO - Setting next_dagrun for example_short_circuit_decorator to None, run_after=None
[2026-04-21T19:08:38.439+0530] {processor.py:208} INFO - Processing /home/ubantu/miniconda3/envs/airflow-dev/lib/python3.11/site-packages/airflow/example_dags/example_short_circuit_decorator.py took 0.062 seconds
[2026-04-21T19:09:56.365+0530] {processor.py:186} INFO - Started process (PID=7186) to work on /home/ubantu/miniconda3/envs/airflow-dev/lib/python3.11/site-packages/airflow/example_dags/example_short_circuit_decorator.py
[2026-04-21T19:09:56.366+0530] {processor.py:914} INFO - Processing file /home/ubantu/miniconda3/envs/airflow-dev/lib/python3.11/site-packages/airflow/example_dags/example_short_circuit_decorator.py for tasks to queue
[2026-04-21T19:09:56.367+0530] {logging_mixin.py:190} INFO - [2026-04-21T19:09:56.367+0530] {dagbag.py:588} INFO - Filling up the DagBag from /home/ubantu/miniconda3/envs/airflow-dev/lib/python3.11/site-packages/airflow/example_dags/example_short_circuit_decorator.py
[2026-04-21T19:09:56.378+0530] {processor.py:925} INFO - DAG(s) 'example_short_circuit_decorator' retrieved from /home/ubantu/miniconda3/envs/airflow-dev/lib/python3.11/site-packages/airflow/example_dags/example_short_circuit_decorator.py
[2026-04-21T19:09:56.396+0530] {logging_mixin.py:190} INFO - [2026-04-21T19:09:56.396+0530] {dag.py:3239} INFO - Sync 1 DAGs
[2026-04-21T19:09:56.407+0530] {logging_mixin.py:190} INFO - [2026-04-21T19:09:56.406+0530] {dag.py:4180} INFO - Setting next_dagrun for example_short_circuit_decorator to None, run_after=None
[2026-04-21T19:09:56.422+0530] {processor.py:208} INFO - Processing /home/ubantu/miniconda3/envs/airflow-dev/lib/python3.11/site-packages/airflow/example_dags/example_short_circuit_decorator.py took 0.065 seconds
[2026-04-21T19:11:15.240+0530] {processor.py:186} INFO - Started process (PID=7293) to work on /home/ubantu/miniconda3/envs/airflow-dev/lib/python3.11/site-packages/airflow/example_dags/example_short_circuit_decorator.py
[2026-04-21T19:11:15.241+0530] {processor.py:914} INFO - Processing file /home/ubantu/miniconda3/envs/airflow-dev/lib/python3.11/site-packages/airflow/example_dags/example_short_circuit_decorator.py for tasks to queue
[2026-04-21T19:11:15.243+0530] {logging_mixin.py:190} INFO - [2026-04-21T19:11:15.242+0530] {dagbag.py:588} INFO - Filling up the DagBag from /home/ubantu/miniconda3/envs/airflow-dev/lib/python3.11/site-packages/airflow/example_dags/example_short_circuit_decorator.py
[2026-04-21T19:11:15.253+0530] {processor.py:925} INFO - DAG(s) 'example_short_circuit_decorator' retrieved from /home/ubantu/miniconda3/envs/airflow-dev/lib/python3.11/site-packages/airflow/example_dags/example_short_circuit_decorator.py
[2026-04-21T19:11:15.276+0530] {logging_mixin.py:190} INFO - [2026-04-21T19:11:15.275+0530] {dag.py:3239} INFO - Sync 1 DAGs
[2026-04-21T19:11:15.289+0530] {logging_mixin.py:190} INFO - [2026-04-21T19:11:15.289+0530] {dag.py:4180} INFO - Setting next_dagrun for example_short_circuit_decorator to None, run_after=None
[2026-04-21T19:11:15.307+0530] {processor.py:208} INFO - Processing /home/ubantu/miniconda3/envs/airflow-dev/lib/python3.11/site-packages/airflow/example_dags/example_short_circuit_decorator.py took 0.074 seconds
[2026-04-21T19:12:33.667+0530] {processor.py:186} INFO - Started process (PID=7385) to work on /home/ubantu/miniconda3/envs/airflow-dev/lib/python3.11/site-packages/airflow/example_dags/example_short_circuit_decorator.py
[2026-04-21T19:12:33.668+0530] {processor.py:914} INFO - Processing file /home/ubantu/miniconda3/envs/airflow-dev/lib/python3.11/site-packages/airflow/example_dags/example_short_circuit_decorator.py for tasks to queue
[2026-04-21T19:12:33.670+0530] {logging_mixin.py:190} INFO - [2026-04-21T19:12:33.669+0530] {dagbag.py:588} INFO - Filling up the DagBag from /home/ubantu/miniconda3/envs/airflow-dev/lib/python3.11/site-packages/airflow/example_dags/example_short_circuit_decorator.py
[2026-04-21T19:12:33.680+0530] {processor.py:925} INFO - DAG(s) 'example_short_circuit_decorator' retrieved from /home/ubantu/miniconda3/envs/airflow-dev/lib/python3.11/site-packages/airflow/example_dags/example_short_circuit_decorator.py
[2026-04-21T19:12:33.698+0530] {logging_mixin.py:190} INFO - [2026-04-21T19:12:33.698+0530] {dag.py:3239} INFO - Sync 1 DAGs
[2026-04-21T19:12:33.708+0530] {logging_mixin.py:190} INFO - [2026-04-21T19:12:33.708+0530] {dag.py:4180} INFO - Setting next_dagrun for example_short_circuit_decorator to None, run_after=None
[2026-04-21T19:12:33.724+0530] {processor.py:208} INFO - Processing /home/ubantu/miniconda3/envs/airflow-dev/lib/python3.11/site-packages/airflow/example_dags/example_short_circuit_decorator.py took 0.063 seconds
[2026-04-21T19:13:54.685+0530] {processor.py:186} INFO - Started process (PID=7511) to work on /home/ubantu/miniconda3/envs/airflow-dev/lib/python3.11/site-packages/airflow/example_dags/example_short_circuit_decorator.py
[2026-04-21T19:13:54.686+0530] {processor.py:914} INFO - Processing file /home/ubantu/miniconda3/envs/airflow-dev/lib/python3.11/site-packages/airflow/example_dags/example_short_circuit_decorator.py for tasks to queue
[2026-04-21T19:13:54.687+0530] {logging_mixin.py:190} INFO - [2026-04-21T19:13:54.686+0530] {dagbag.py:588} INFO - Filling up the DagBag from /home/ubantu/miniconda3/envs/airflow-dev/lib/python3.11/site-packages/airflow/example_dags/example_short_circuit_decorator.py
[2026-04-21T19:13:54.696+0530] {processor.py:925} INFO - DAG(s) 'example_short_circuit_decorator' retrieved from /home/ubantu/miniconda3/envs/airflow-dev/lib/python3.11/site-packages/airflow/example_dags/example_short_circuit_decorator.py
[2026-04-21T19:13:54.714+0530] {logging_mixin.py:190} INFO - [2026-04-21T19:13:54.714+0530] {dag.py:3239} INFO - Sync 1 DAGs
[2026-04-21T19:13:54.724+0530] {logging_mixin.py:190} INFO - [2026-04-21T19:13:54.724+0530] {dag.py:4180} INFO - Setting next_dagrun for example_short_circuit_decorator to None, run_after=None
[2026-04-21T19:13:54.742+0530] {processor.py:208} INFO - Processing /home/ubantu/miniconda3/envs/airflow-dev/lib/python3.11/site-packages/airflow/example_dags/example_short_circuit_decorator.py took 0.063 seconds
[2026-04-21T19:15:16.671+0530] {processor.py:186} INFO - Started process (PID=7622) to work on /home/ubantu/miniconda3/envs/airflow-dev/lib/python3.11/site-packages/airflow/example_dags/example_short_circuit_decorator.py
[2026-04-21T19:15:16.673+0530] {processor.py:914} INFO - Processing file /home/ubantu/miniconda3/envs/airflow-dev/lib/python3.11/site-packages/airflow/example_dags/example_short_circuit_decorator.py for tasks to queue
[2026-04-21T19:15:16.674+0530] {logging_mixin.py:190} INFO - [2026-04-21T19:15:16.674+0530] {dagbag.py:588} INFO - Filling up the DagBag from /home/ubantu/miniconda3/envs/airflow-dev/lib/python3.11/site-packages/airflow/example_dags/example_short_circuit_decorator.py
[2026-04-21T19:15:16.684+0530] {processor.py:925} INFO - DAG(s) 'example_short_circuit_decorator' retrieved from /home/ubantu/miniconda3/envs/airflow-dev/lib/python3.11/site-packages/airflow/example_dags/example_short_circuit_decorator.py
[2026-04-21T19:15:16.703+0530] {logging_mixin.py:190} INFO - [2026-04-21T19:15:16.702+0530] {dag.py:3239} INFO - Sync 1 DAGs
[2026-04-21T19:15:16.713+0530] {logging_mixin.py:190} INFO - [2026-04-21T19:15:16.713+0530] {dag.py:4180} INFO - Setting next_dagrun for example_short_circuit_decorator to None, run_after=None
[2026-04-21T19:15:16.730+0530] {processor.py:208} INFO - Processing /home/ubantu/miniconda3/envs/airflow-dev/lib/python3.11/site-packages/airflow/example_dags/example_short_circuit_decorator.py took 0.065 seconds
[2026-04-21T19:16:34.699+0530] {processor.py:186} INFO - Started process (PID=7780) to work on /home/ubantu/miniconda3/envs/airflow-dev/lib/python3.11/site-packages/airflow/example_dags/example_short_circuit_decorator.py
[2026-04-21T19:16:34.700+0530] {processor.py:914} INFO - Processing file /home/ubantu/miniconda3/envs/airflow-dev/lib/python3.11/site-packages/airflow/example_dags/example_short_circuit_decorator.py for tasks to queue
[2026-04-21T19:16:34.702+0530] {logging_mixin.py:190} INFO - [2026-04-21T19:16:34.701+0530] {dagbag.py:588} INFO - Filling up the DagBag from /home/ubantu/miniconda3/envs/airflow-dev/lib/python3.11/site-packages/airflow/example_dags/example_short_circuit_decorator.py
[2026-04-21T19:16:34.711+0530] {processor.py:925} INFO - DAG(s) 'example_short_circuit_decorator' retrieved from /home/ubantu/miniconda3/envs/airflow-dev/lib/python3.11/site-packages/airflow/example_dags/example_short_circuit_decorator.py
[2026-04-21T19:16:34.727+0530] {logging_mixin.py:190} INFO - [2026-04-21T19:16:34.727+0530] {dag.py:3239} INFO - Sync 1 DAGs
[2026-04-21T19:16:34.738+0530] {logging_mixin.py:190} INFO - [2026-04-21T19:16:34.737+0530] {dag.py:4180} INFO - Setting next_dagrun for example_short_circuit_decorator to None, run_after=None
[2026-04-21T19:16:34.754+0530] {processor.py:208} INFO - Processing /home/ubantu/miniconda3/envs/airflow-dev/lib/python3.11/site-packages/airflow/example_dags/example_short_circuit_decorator.py took 0.061 seconds
[2026-04-21T19:22:26.322+0530] {processor.py:186} INFO - Started process (PID=8335) to work on /home/ubantu/airflow-src/airflow/example_dags/example_short_circuit_decorator.py
[2026-04-21T19:22:26.323+0530] {processor.py:914} INFO - Processing file /home/ubantu/airflow-src/airflow/example_dags/example_short_circuit_decorator.py for tasks to queue
[2026-04-21T19:22:26.324+0530] {logging_mixin.py:190} INFO - [2026-04-21T19:22:26.324+0530] {dagbag.py:588} INFO - Filling up the DagBag from /home/ubantu/airflow-src/airflow/example_dags/example_short_circuit_decorator.py
[2026-04-21T19:22:26.335+0530] {processor.py:925} INFO - DAG(s) 'example_short_circuit_decorator' retrieved from /home/ubantu/airflow-src/airflow/example_dags/example_short_circuit_decorator.py
[2026-04-21T19:22:26.391+0530] {logging_mixin.py:190} INFO - [2026-04-21T19:22:26.391+0530] {dag.py:3239} INFO - Sync 1 DAGs
[2026-04-21T19:22:26.401+0530] {logging_mixin.py:190} INFO - [2026-04-21T19:22:26.400+0530] {dag.py:4180} INFO - Setting next_dagrun for example_short_circuit_decorator to None, run_after=None
[2026-04-21T19:22:26.418+0530] {processor.py:208} INFO - Processing /home/ubantu/airflow-src/airflow/example_dags/example_short_circuit_decorator.py took 0.102 seconds
[2026-04-21T19:24:20.753+0530] {processor.py:186} INFO - Started process (PID=8471) to work on /home/ubantu/airflow-src/airflow/example_dags/example_short_circuit_decorator.py
[2026-04-21T19:24:20.755+0530] {processor.py:914} INFO - Processing file /home/ubantu/airflow-src/airflow/example_dags/example_short_circuit_decorator.py for tasks to queue
[2026-04-21T19:24:20.757+0530] {logging_mixin.py:190} INFO - [2026-04-21T19:24:20.756+0530] {dagbag.py:588} INFO - Filling up the DagBag from /home/ubantu/airflow-src/airflow/example_dags/example_short_circuit_decorator.py
[2026-04-21T19:24:20.765+0530] {processor.py:925} INFO - DAG(s) 'example_short_circuit_decorator' retrieved from /home/ubantu/airflow-src/airflow/example_dags/example_short_circuit_decorator.py
[2026-04-21T19:24:20.783+0530] {logging_mixin.py:190} INFO - [2026-04-21T19:24:20.783+0530] {dag.py:3239} INFO - Sync 1 DAGs
[2026-04-21T19:24:20.793+0530] {logging_mixin.py:190} INFO - [2026-04-21T19:24:20.793+0530] {dag.py:4180} INFO - Setting next_dagrun for example_short_circuit_decorator to None, run_after=None
[2026-04-21T19:24:20.809+0530] {processor.py:208} INFO - Processing /home/ubantu/airflow-src/airflow/example_dags/example_short_circuit_decorator.py took 0.062 seconds
