[2026-04-21T18:45:47.790+0530] {processor.py:186} INFO - Started process (PID=5366) to work on /home/ubantu/miniconda3/envs/airflow-dev/lib/python3.11/site-packages/airflow/example_dags/tutorial_objectstorage.py
[2026-04-21T18:45:47.791+0530] {processor.py:914} INFO - Processing file /home/ubantu/miniconda3/envs/airflow-dev/lib/python3.11/site-packages/airflow/example_dags/tutorial_objectstorage.py for tasks to queue
[2026-04-21T18:45:47.793+0530] {logging_mixin.py:190} INFO - [2026-04-21T18:45:47.792+0530] {dagbag.py:588} INFO - Filling up the DagBag from /home/ubantu/miniconda3/envs/airflow-dev/lib/python3.11/site-packages/airflow/example_dags/tutorial_objectstorage.py
[2026-04-21T18:45:47.805+0530] {processor.py:925} INFO - DAG(s) 'tutorial_objectstorage' retrieved from /home/ubantu/miniconda3/envs/airflow-dev/lib/python3.11/site-packages/airflow/example_dags/tutorial_objectstorage.py
[2026-04-21T18:45:47.894+0530] {logging_mixin.py:190} INFO - [2026-04-21T18:45:47.894+0530] {dag.py:3239} INFO - Sync 1 DAGs
[2026-04-21T18:45:47.903+0530] {logging_mixin.py:190} INFO - [2026-04-21T18:45:47.903+0530] {dag.py:4180} INFO - Setting next_dagrun for tutorial_objectstorage to None, run_after=None
[2026-04-21T18:45:47.920+0530] {processor.py:208} INFO - Processing /home/ubantu/miniconda3/envs/airflow-dev/lib/python3.11/site-packages/airflow/example_dags/tutorial_objectstorage.py took 0.137 seconds
[2026-04-21T18:47:43.139+0530] {processor.py:186} INFO - Started process (PID=5596) to work on /home/ubantu/miniconda3/envs/airflow-dev/lib/python3.11/site-packages/airflow/example_dags/tutorial_objectstorage.py
[2026-04-21T18:47:43.140+0530] {processor.py:914} INFO - Processing file /home/ubantu/miniconda3/envs/airflow-dev/lib/python3.11/site-packages/airflow/example_dags/tutorial_objectstorage.py for tasks to queue
[2026-04-21T18:47:43.143+0530] {logging_mixin.py:190} INFO - [2026-04-21T18:47:43.142+0530] {dagbag.py:588} INFO - Filling up the DagBag from /home/ubantu/miniconda3/envs/airflow-dev/lib/python3.11/site-packages/airflow/example_dags/tutorial_objectstorage.py
[2026-04-21T18:47:43.154+0530] {processor.py:925} INFO - DAG(s) 'tutorial_objectstorage' retrieved from /home/ubantu/miniconda3/envs/airflow-dev/lib/python3.11/site-packages/airflow/example_dags/tutorial_objectstorage.py
[2026-04-21T18:47:43.169+0530] {logging_mixin.py:190} INFO - [2026-04-21T18:47:43.168+0530] {dag.py:3239} INFO - Sync 1 DAGs
[2026-04-21T18:47:43.181+0530] {logging_mixin.py:190} INFO - [2026-04-21T18:47:43.181+0530] {dag.py:4180} INFO - Setting next_dagrun for tutorial_objectstorage to None, run_after=None
[2026-04-21T18:47:43.201+0530] {processor.py:208} INFO - Processing /home/ubantu/miniconda3/envs/airflow-dev/lib/python3.11/site-packages/airflow/example_dags/tutorial_objectstorage.py took 0.068 seconds
[2026-04-21T18:49:08.282+0530] {processor.py:186} INFO - Started process (PID=5707) to work on /home/ubantu/miniconda3/envs/airflow-dev/lib/python3.11/site-packages/airflow/example_dags/tutorial_objectstorage.py
[2026-04-21T18:49:08.283+0530] {processor.py:914} INFO - Processing file /home/ubantu/miniconda3/envs/airflow-dev/lib/python3.11/site-packages/airflow/example_dags/tutorial_objectstorage.py for tasks to queue
[2026-04-21T18:49:08.286+0530] {logging_mixin.py:190} INFO - [2026-04-21T18:49:08.285+0530] {dagbag.py:588} INFO - Filling up the DagBag from /home/ubantu/miniconda3/envs/airflow-dev/lib/python3.11/site-packages/airflow/example_dags/tutorial_objectstorage.py
[2026-04-21T18:49:08.296+0530] {processor.py:925} INFO - DAG(s) 'tutorial_objectstorage' retrieved from /home/ubantu/miniconda3/envs/airflow-dev/lib/python3.11/site-packages/airflow/example_dags/tutorial_objectstorage.py
[2026-04-21T18:49:08.412+0530] {logging_mixin.py:190} INFO - [2026-04-21T18:49:08.412+0530] {dag.py:3239} INFO - Sync 1 DAGs
[2026-04-21T18:49:08.421+0530] {logging_mixin.py:190} INFO - [2026-04-21T18:49:08.421+0530] {dag.py:4180} INFO - Setting next_dagrun for tutorial_objectstorage to None, run_after=None
[2026-04-21T18:49:08.437+0530] {processor.py:208} INFO - Processing /home/ubantu/miniconda3/envs/airflow-dev/lib/python3.11/site-packages/airflow/example_dags/tutorial_objectstorage.py took 0.161 seconds
[2026-04-21T18:50:28.987+0530] {processor.py:186} INFO - Started process (PID=5830) to work on /home/ubantu/miniconda3/envs/airflow-dev/lib/python3.11/site-packages/airflow/example_dags/tutorial_objectstorage.py
[2026-04-21T18:50:28.988+0530] {processor.py:914} INFO - Processing file /home/ubantu/miniconda3/envs/airflow-dev/lib/python3.11/site-packages/airflow/example_dags/tutorial_objectstorage.py for tasks to queue
[2026-04-21T18:50:28.990+0530] {logging_mixin.py:190} INFO - [2026-04-21T18:50:28.989+0530] {dagbag.py:588} INFO - Filling up the DagBag from /home/ubantu/miniconda3/envs/airflow-dev/lib/python3.11/site-packages/airflow/example_dags/tutorial_objectstorage.py
[2026-04-21T18:50:29.000+0530] {processor.py:925} INFO - DAG(s) 'tutorial_objectstorage' retrieved from /home/ubantu/miniconda3/envs/airflow-dev/lib/python3.11/site-packages/airflow/example_dags/tutorial_objectstorage.py
[2026-04-21T18:50:29.015+0530] {logging_mixin.py:190} INFO - [2026-04-21T18:50:29.015+0530] {dag.py:3239} INFO - Sync 1 DAGs
[2026-04-21T18:50:29.026+0530] {logging_mixin.py:190} INFO - [2026-04-21T18:50:29.026+0530] {dag.py:4180} INFO - Setting next_dagrun for tutorial_objectstorage to None, run_after=None
[2026-04-21T18:50:29.045+0530] {processor.py:208} INFO - Processing /home/ubantu/miniconda3/envs/airflow-dev/lib/python3.11/site-packages/airflow/example_dags/tutorial_objectstorage.py took 0.065 seconds
[2026-04-21T18:51:49.013+0530] {processor.py:186} INFO - Started process (PID=5918) to work on /home/ubantu/miniconda3/envs/airflow-dev/lib/python3.11/site-packages/airflow/example_dags/tutorial_objectstorage.py
[2026-04-21T18:51:49.014+0530] {processor.py:914} INFO - Processing file /home/ubantu/miniconda3/envs/airflow-dev/lib/python3.11/site-packages/airflow/example_dags/tutorial_objectstorage.py for tasks to queue
[2026-04-21T18:51:49.016+0530] {logging_mixin.py:190} INFO - [2026-04-21T18:51:49.016+0530] {dagbag.py:588} INFO - Filling up the DagBag from /home/ubantu/miniconda3/envs/airflow-dev/lib/python3.11/site-packages/airflow/example_dags/tutorial_objectstorage.py
[2026-04-21T18:51:49.026+0530] {processor.py:925} INFO - DAG(s) 'tutorial_objectstorage' retrieved from /home/ubantu/miniconda3/envs/airflow-dev/lib/python3.11/site-packages/airflow/example_dags/tutorial_objectstorage.py
[2026-04-21T18:51:49.041+0530] {logging_mixin.py:190} INFO - [2026-04-21T18:51:49.040+0530] {dag.py:3239} INFO - Sync 1 DAGs
[2026-04-21T18:51:49.053+0530] {logging_mixin.py:190} INFO - [2026-04-21T18:51:49.053+0530] {dag.py:4180} INFO - Setting next_dagrun for tutorial_objectstorage to None, run_after=None
[2026-04-21T18:51:49.072+0530] {processor.py:208} INFO - Processing /home/ubantu/miniconda3/envs/airflow-dev/lib/python3.11/site-packages/airflow/example_dags/tutorial_objectstorage.py took 0.065 seconds
[2026-04-21T18:53:07.956+0530] {processor.py:186} INFO - Started process (PID=6040) to work on /home/ubantu/miniconda3/envs/airflow-dev/lib/python3.11/site-packages/airflow/example_dags/tutorial_objectstorage.py
[2026-04-21T18:53:07.958+0530] {processor.py:914} INFO - Processing file /home/ubantu/miniconda3/envs/airflow-dev/lib/python3.11/site-packages/airflow/example_dags/tutorial_objectstorage.py for tasks to queue
[2026-04-21T18:53:07.960+0530] {logging_mixin.py:190} INFO - [2026-04-21T18:53:07.959+0530] {dagbag.py:588} INFO - Filling up the DagBag from /home/ubantu/miniconda3/envs/airflow-dev/lib/python3.11/site-packages/airflow/example_dags/tutorial_objectstorage.py
[2026-04-21T18:53:07.970+0530] {processor.py:925} INFO - DAG(s) 'tutorial_objectstorage' retrieved from /home/ubantu/miniconda3/envs/airflow-dev/lib/python3.11/site-packages/airflow/example_dags/tutorial_objectstorage.py
[2026-04-21T18:53:07.984+0530] {logging_mixin.py:190} INFO - [2026-04-21T18:53:07.984+0530] {dag.py:3239} INFO - Sync 1 DAGs
[2026-04-21T18:53:07.995+0530] {logging_mixin.py:190} INFO - [2026-04-21T18:53:07.995+0530] {dag.py:4180} INFO - Setting next_dagrun for tutorial_objectstorage to None, run_after=None
[2026-04-21T18:53:08.015+0530] {processor.py:208} INFO - Processing /home/ubantu/miniconda3/envs/airflow-dev/lib/python3.11/site-packages/airflow/example_dags/tutorial_objectstorage.py took 0.064 seconds
[2026-04-21T18:54:27.445+0530] {processor.py:186} INFO - Started process (PID=6153) to work on /home/ubantu/miniconda3/envs/airflow-dev/lib/python3.11/site-packages/airflow/example_dags/tutorial_objectstorage.py
[2026-04-21T18:54:27.446+0530] {processor.py:914} INFO - Processing file /home/ubantu/miniconda3/envs/airflow-dev/lib/python3.11/site-packages/airflow/example_dags/tutorial_objectstorage.py for tasks to queue
[2026-04-21T18:54:27.449+0530] {logging_mixin.py:190} INFO - [2026-04-21T18:54:27.448+0530] {dagbag.py:588} INFO - Filling up the DagBag from /home/ubantu/miniconda3/envs/airflow-dev/lib/python3.11/site-packages/airflow/example_dags/tutorial_objectstorage.py
[2026-04-21T18:54:27.460+0530] {processor.py:925} INFO - DAG(s) 'tutorial_objectstorage' retrieved from /home/ubantu/miniconda3/envs/airflow-dev/lib/python3.11/site-packages/airflow/example_dags/tutorial_objectstorage.py
[2026-04-21T18:54:27.475+0530] {logging_mixin.py:190} INFO - [2026-04-21T18:54:27.475+0530] {dag.py:3239} INFO - Sync 1 DAGs
[2026-04-21T18:54:27.485+0530] {logging_mixin.py:190} INFO - [2026-04-21T18:54:27.485+0530] {dag.py:4180} INFO - Setting next_dagrun for tutorial_objectstorage to None, run_after=None
[2026-04-21T18:54:27.503+0530] {processor.py:208} INFO - Processing /home/ubantu/miniconda3/envs/airflow-dev/lib/python3.11/site-packages/airflow/example_dags/tutorial_objectstorage.py took 0.065 seconds
[2026-04-21T18:55:46.719+0530] {processor.py:186} INFO - Started process (PID=6263) to work on /home/ubantu/miniconda3/envs/airflow-dev/lib/python3.11/site-packages/airflow/example_dags/tutorial_objectstorage.py
[2026-04-21T18:55:46.720+0530] {processor.py:914} INFO - Processing file /home/ubantu/miniconda3/envs/airflow-dev/lib/python3.11/site-packages/airflow/example_dags/tutorial_objectstorage.py for tasks to queue
[2026-04-21T18:55:46.722+0530] {logging_mixin.py:190} INFO - [2026-04-21T18:55:46.722+0530] {dagbag.py:588} INFO - Filling up the DagBag from /home/ubantu/miniconda3/envs/airflow-dev/lib/python3.11/site-packages/airflow/example_dags/tutorial_objectstorage.py
[2026-04-21T18:55:46.733+0530] {processor.py:925} INFO - DAG(s) 'tutorial_objectstorage' retrieved from /home/ubantu/miniconda3/envs/airflow-dev/lib/python3.11/site-packages/airflow/example_dags/tutorial_objectstorage.py
[2026-04-21T18:55:46.752+0530] {logging_mixin.py:190} INFO - [2026-04-21T18:55:46.752+0530] {dag.py:3239} INFO - Sync 1 DAGs
[2026-04-21T18:55:46.768+0530] {logging_mixin.py:190} INFO - [2026-04-21T18:55:46.768+0530] {dag.py:4180} INFO - Setting next_dagrun for tutorial_objectstorage to None, run_after=None
[2026-04-21T18:55:46.788+0530] {processor.py:208} INFO - Processing /home/ubantu/miniconda3/envs/airflow-dev/lib/python3.11/site-packages/airflow/example_dags/tutorial_objectstorage.py took 0.075 seconds
[2026-04-21T18:57:04.840+0530] {processor.py:186} INFO - Started process (PID=6376) to work on /home/ubantu/miniconda3/envs/airflow-dev/lib/python3.11/site-packages/airflow/example_dags/tutorial_objectstorage.py
[2026-04-21T18:57:04.842+0530] {processor.py:914} INFO - Processing file /home/ubantu/miniconda3/envs/airflow-dev/lib/python3.11/site-packages/airflow/example_dags/tutorial_objectstorage.py for tasks to queue
[2026-04-21T18:57:04.844+0530] {logging_mixin.py:190} INFO - [2026-04-21T18:57:04.843+0530] {dagbag.py:588} INFO - Filling up the DagBag from /home/ubantu/miniconda3/envs/airflow-dev/lib/python3.11/site-packages/airflow/example_dags/tutorial_objectstorage.py
[2026-04-21T18:57:04.854+0530] {processor.py:925} INFO - DAG(s) 'tutorial_objectstorage' retrieved from /home/ubantu/miniconda3/envs/airflow-dev/lib/python3.11/site-packages/airflow/example_dags/tutorial_objectstorage.py
[2026-04-21T18:57:04.869+0530] {logging_mixin.py:190} INFO - [2026-04-21T18:57:04.869+0530] {dag.py:3239} INFO - Sync 1 DAGs
[2026-04-21T18:57:04.881+0530] {logging_mixin.py:190} INFO - [2026-04-21T18:57:04.881+0530] {dag.py:4180} INFO - Setting next_dagrun for tutorial_objectstorage to None, run_after=None
[2026-04-21T18:57:04.901+0530] {processor.py:208} INFO - Processing /home/ubantu/miniconda3/envs/airflow-dev/lib/python3.11/site-packages/airflow/example_dags/tutorial_objectstorage.py took 0.067 seconds
[2026-04-21T19:00:44.577+0530] {processor.py:186} INFO - Started process (PID=6511) to work on /home/ubantu/miniconda3/envs/airflow-dev/lib/python3.11/site-packages/airflow/example_dags/tutorial_objectstorage.py
[2026-04-21T19:00:44.578+0530] {processor.py:914} INFO - Processing file /home/ubantu/miniconda3/envs/airflow-dev/lib/python3.11/site-packages/airflow/example_dags/tutorial_objectstorage.py for tasks to queue
[2026-04-21T19:00:44.580+0530] {logging_mixin.py:190} INFO - [2026-04-21T19:00:44.579+0530] {dagbag.py:588} INFO - Filling up the DagBag from /home/ubantu/miniconda3/envs/airflow-dev/lib/python3.11/site-packages/airflow/example_dags/tutorial_objectstorage.py
[2026-04-21T19:00:44.588+0530] {processor.py:925} INFO - DAG(s) 'tutorial_objectstorage' retrieved from /home/ubantu/miniconda3/envs/airflow-dev/lib/python3.11/site-packages/airflow/example_dags/tutorial_objectstorage.py
[2026-04-21T19:00:44.607+0530] {logging_mixin.py:190} INFO - [2026-04-21T19:00:44.607+0530] {dag.py:3239} INFO - Sync 1 DAGs
[2026-04-21T19:00:44.617+0530] {logging_mixin.py:190} INFO - [2026-04-21T19:00:44.617+0530] {dag.py:4180} INFO - Setting next_dagrun for tutorial_objectstorage to None, run_after=None
[2026-04-21T19:00:44.634+0530] {processor.py:208} INFO - Processing /home/ubantu/miniconda3/envs/airflow-dev/lib/python3.11/site-packages/airflow/example_dags/tutorial_objectstorage.py took 0.062 seconds
[2026-04-21T19:02:34.351+0530] {processor.py:186} INFO - Started process (PID=6649) to work on /home/ubantu/miniconda3/envs/airflow-dev/lib/python3.11/site-packages/airflow/example_dags/tutorial_objectstorage.py
[2026-04-21T19:02:34.352+0530] {processor.py:914} INFO - Processing file /home/ubantu/miniconda3/envs/airflow-dev/lib/python3.11/site-packages/airflow/example_dags/tutorial_objectstorage.py for tasks to queue
[2026-04-21T19:02:34.354+0530] {logging_mixin.py:190} INFO - [2026-04-21T19:02:34.353+0530] {dagbag.py:588} INFO - Filling up the DagBag from /home/ubantu/miniconda3/envs/airflow-dev/lib/python3.11/site-packages/airflow/example_dags/tutorial_objectstorage.py
[2026-04-21T19:02:34.362+0530] {processor.py:925} INFO - DAG(s) 'tutorial_objectstorage' retrieved from /home/ubantu/miniconda3/envs/airflow-dev/lib/python3.11/site-packages/airflow/example_dags/tutorial_objectstorage.py
[2026-04-21T19:02:34.380+0530] {logging_mixin.py:190} INFO - [2026-04-21T19:02:34.380+0530] {dag.py:3239} INFO - Sync 1 DAGs
[2026-04-21T19:02:34.392+0530] {logging_mixin.py:190} INFO - [2026-04-21T19:02:34.392+0530] {dag.py:4180} INFO - Setting next_dagrun for tutorial_objectstorage to None, run_after=None
[2026-04-21T19:02:34.409+0530] {processor.py:208} INFO - Processing /home/ubantu/miniconda3/envs/airflow-dev/lib/python3.11/site-packages/airflow/example_dags/tutorial_objectstorage.py took 0.065 seconds
[2026-04-21T19:03:53.845+0530] {processor.py:186} INFO - Started process (PID=6754) to work on /home/ubantu/miniconda3/envs/airflow-dev/lib/python3.11/site-packages/airflow/example_dags/tutorial_objectstorage.py
[2026-04-21T19:03:53.847+0530] {processor.py:914} INFO - Processing file /home/ubantu/miniconda3/envs/airflow-dev/lib/python3.11/site-packages/airflow/example_dags/tutorial_objectstorage.py for tasks to queue
[2026-04-21T19:03:53.849+0530] {logging_mixin.py:190} INFO - [2026-04-21T19:03:53.849+0530] {dagbag.py:588} INFO - Filling up the DagBag from /home/ubantu/miniconda3/envs/airflow-dev/lib/python3.11/site-packages/airflow/example_dags/tutorial_objectstorage.py
[2026-04-21T19:03:53.865+0530] {processor.py:925} INFO - DAG(s) 'tutorial_objectstorage' retrieved from /home/ubantu/miniconda3/envs/airflow-dev/lib/python3.11/site-packages/airflow/example_dags/tutorial_objectstorage.py
[2026-04-21T19:03:53.889+0530] {logging_mixin.py:190} INFO - [2026-04-21T19:03:53.889+0530] {dag.py:3239} INFO - Sync 1 DAGs
[2026-04-21T19:03:53.902+0530] {logging_mixin.py:190} INFO - [2026-04-21T19:03:53.902+0530] {dag.py:4180} INFO - Setting next_dagrun for tutorial_objectstorage to None, run_after=None
[2026-04-21T19:03:53.922+0530] {processor.py:208} INFO - Processing /home/ubantu/miniconda3/envs/airflow-dev/lib/python3.11/site-packages/airflow/example_dags/tutorial_objectstorage.py took 0.090 seconds
[2026-04-21T19:05:18.783+0530] {processor.py:186} INFO - Started process (PID=6807) to work on /home/ubantu/miniconda3/envs/airflow-dev/lib/python3.11/site-packages/airflow/example_dags/tutorial_objectstorage.py
[2026-04-21T19:05:18.784+0530] {processor.py:914} INFO - Processing file /home/ubantu/miniconda3/envs/airflow-dev/lib/python3.11/site-packages/airflow/example_dags/tutorial_objectstorage.py for tasks to queue
[2026-04-21T19:05:18.786+0530] {logging_mixin.py:190} INFO - [2026-04-21T19:05:18.785+0530] {dagbag.py:588} INFO - Filling up the DagBag from /home/ubantu/miniconda3/envs/airflow-dev/lib/python3.11/site-packages/airflow/example_dags/tutorial_objectstorage.py
[2026-04-21T19:05:18.798+0530] {processor.py:925} INFO - DAG(s) 'tutorial_objectstorage' retrieved from /home/ubantu/miniconda3/envs/airflow-dev/lib/python3.11/site-packages/airflow/example_dags/tutorial_objectstorage.py
[2026-04-21T19:05:18.819+0530] {logging_mixin.py:190} INFO - [2026-04-21T19:05:18.819+0530] {dag.py:3239} INFO - Sync 1 DAGs
[2026-04-21T19:05:18.830+0530] {logging_mixin.py:190} INFO - [2026-04-21T19:05:18.829+0530] {dag.py:4180} INFO - Setting next_dagrun for tutorial_objectstorage to None, run_after=None
[2026-04-21T19:05:18.846+0530] {processor.py:208} INFO - Processing /home/ubantu/miniconda3/envs/airflow-dev/lib/python3.11/site-packages/airflow/example_dags/tutorial_objectstorage.py took 0.070 seconds
[2026-04-21T19:07:07.113+0530] {processor.py:186} INFO - Started process (PID=6963) to work on /home/ubantu/miniconda3/envs/airflow-dev/lib/python3.11/site-packages/airflow/example_dags/tutorial_objectstorage.py
[2026-04-21T19:07:07.114+0530] {processor.py:914} INFO - Processing file /home/ubantu/miniconda3/envs/airflow-dev/lib/python3.11/site-packages/airflow/example_dags/tutorial_objectstorage.py for tasks to queue
[2026-04-21T19:07:07.116+0530] {logging_mixin.py:190} INFO - [2026-04-21T19:07:07.115+0530] {dagbag.py:588} INFO - Filling up the DagBag from /home/ubantu/miniconda3/envs/airflow-dev/lib/python3.11/site-packages/airflow/example_dags/tutorial_objectstorage.py
[2026-04-21T19:07:07.125+0530] {processor.py:925} INFO - DAG(s) 'tutorial_objectstorage' retrieved from /home/ubantu/miniconda3/envs/airflow-dev/lib/python3.11/site-packages/airflow/example_dags/tutorial_objectstorage.py
[2026-04-21T19:07:07.140+0530] {logging_mixin.py:190} INFO - [2026-04-21T19:07:07.140+0530] {dag.py:3239} INFO - Sync 1 DAGs
[2026-04-21T19:07:07.152+0530] {logging_mixin.py:190} INFO - [2026-04-21T19:07:07.152+0530] {dag.py:4180} INFO - Setting next_dagrun for tutorial_objectstorage to None, run_after=None
[2026-04-21T19:07:07.169+0530] {processor.py:208} INFO - Processing /home/ubantu/miniconda3/envs/airflow-dev/lib/python3.11/site-packages/airflow/example_dags/tutorial_objectstorage.py took 0.063 seconds
[2026-04-21T19:08:24.633+0530] {processor.py:186} INFO - Started process (PID=7068) to work on /home/ubantu/miniconda3/envs/airflow-dev/lib/python3.11/site-packages/airflow/example_dags/tutorial_objectstorage.py
[2026-04-21T19:08:24.635+0530] {processor.py:914} INFO - Processing file /home/ubantu/miniconda3/envs/airflow-dev/lib/python3.11/site-packages/airflow/example_dags/tutorial_objectstorage.py for tasks to queue
[2026-04-21T19:08:24.638+0530] {logging_mixin.py:190} INFO - [2026-04-21T19:08:24.637+0530] {dagbag.py:588} INFO - Filling up the DagBag from /home/ubantu/miniconda3/envs/airflow-dev/lib/python3.11/site-packages/airflow/example_dags/tutorial_objectstorage.py
[2026-04-21T19:08:24.651+0530] {processor.py:925} INFO - DAG(s) 'tutorial_objectstorage' retrieved from /home/ubantu/miniconda3/envs/airflow-dev/lib/python3.11/site-packages/airflow/example_dags/tutorial_objectstorage.py
[2026-04-21T19:08:24.667+0530] {logging_mixin.py:190} INFO - [2026-04-21T19:08:24.667+0530] {dag.py:3239} INFO - Sync 1 DAGs
[2026-04-21T19:08:24.677+0530] {logging_mixin.py:190} INFO - [2026-04-21T19:08:24.677+0530] {dag.py:4180} INFO - Setting next_dagrun for tutorial_objectstorage to None, run_after=None
[2026-04-21T19:08:24.694+0530] {processor.py:208} INFO - Processing /home/ubantu/miniconda3/envs/airflow-dev/lib/python3.11/site-packages/airflow/example_dags/tutorial_objectstorage.py took 0.074 seconds
[2026-04-21T19:09:42.364+0530] {processor.py:186} INFO - Started process (PID=7171) to work on /home/ubantu/miniconda3/envs/airflow-dev/lib/python3.11/site-packages/airflow/example_dags/tutorial_objectstorage.py
[2026-04-21T19:09:42.365+0530] {processor.py:914} INFO - Processing file /home/ubantu/miniconda3/envs/airflow-dev/lib/python3.11/site-packages/airflow/example_dags/tutorial_objectstorage.py for tasks to queue
[2026-04-21T19:09:42.367+0530] {logging_mixin.py:190} INFO - [2026-04-21T19:09:42.366+0530] {dagbag.py:588} INFO - Filling up the DagBag from /home/ubantu/miniconda3/envs/airflow-dev/lib/python3.11/site-packages/airflow/example_dags/tutorial_objectstorage.py
[2026-04-21T19:09:42.375+0530] {processor.py:925} INFO - DAG(s) 'tutorial_objectstorage' retrieved from /home/ubantu/miniconda3/envs/airflow-dev/lib/python3.11/site-packages/airflow/example_dags/tutorial_objectstorage.py
[2026-04-21T19:09:42.390+0530] {logging_mixin.py:190} INFO - [2026-04-21T19:09:42.390+0530] {dag.py:3239} INFO - Sync 1 DAGs
[2026-04-21T19:09:42.401+0530] {logging_mixin.py:190} INFO - [2026-04-21T19:09:42.401+0530] {dag.py:4180} INFO - Setting next_dagrun for tutorial_objectstorage to None, run_after=None
[2026-04-21T19:09:42.418+0530] {processor.py:208} INFO - Processing /home/ubantu/miniconda3/envs/airflow-dev/lib/python3.11/site-packages/airflow/example_dags/tutorial_objectstorage.py took 0.061 seconds
[2026-04-21T19:10:59.253+0530] {processor.py:186} INFO - Started process (PID=7261) to work on /home/ubantu/miniconda3/envs/airflow-dev/lib/python3.11/site-packages/airflow/example_dags/tutorial_objectstorage.py
[2026-04-21T19:10:59.255+0530] {processor.py:914} INFO - Processing file /home/ubantu/miniconda3/envs/airflow-dev/lib/python3.11/site-packages/airflow/example_dags/tutorial_objectstorage.py for tasks to queue
[2026-04-21T19:10:59.257+0530] {logging_mixin.py:190} INFO - [2026-04-21T19:10:59.256+0530] {dagbag.py:588} INFO - Filling up the DagBag from /home/ubantu/miniconda3/envs/airflow-dev/lib/python3.11/site-packages/airflow/example_dags/tutorial_objectstorage.py
[2026-04-21T19:10:59.267+0530] {processor.py:925} INFO - DAG(s) 'tutorial_objectstorage' retrieved from /home/ubantu/miniconda3/envs/airflow-dev/lib/python3.11/site-packages/airflow/example_dags/tutorial_objectstorage.py
[2026-04-21T19:10:59.281+0530] {logging_mixin.py:190} INFO - [2026-04-21T19:10:59.281+0530] {dag.py:3239} INFO - Sync 1 DAGs
[2026-04-21T19:10:59.291+0530] {logging_mixin.py:190} INFO - [2026-04-21T19:10:59.290+0530] {dag.py:4180} INFO - Setting next_dagrun for tutorial_objectstorage to None, run_after=None
[2026-04-21T19:10:59.307+0530] {processor.py:208} INFO - Processing /home/ubantu/miniconda3/envs/airflow-dev/lib/python3.11/site-packages/airflow/example_dags/tutorial_objectstorage.py took 0.065 seconds
[2026-04-21T19:12:18.762+0530] {processor.py:186} INFO - Started process (PID=7367) to work on /home/ubantu/miniconda3/envs/airflow-dev/lib/python3.11/site-packages/airflow/example_dags/tutorial_objectstorage.py
[2026-04-21T19:12:18.763+0530] {processor.py:914} INFO - Processing file /home/ubantu/miniconda3/envs/airflow-dev/lib/python3.11/site-packages/airflow/example_dags/tutorial_objectstorage.py for tasks to queue
[2026-04-21T19:12:18.764+0530] {logging_mixin.py:190} INFO - [2026-04-21T19:12:18.764+0530] {dagbag.py:588} INFO - Filling up the DagBag from /home/ubantu/miniconda3/envs/airflow-dev/lib/python3.11/site-packages/airflow/example_dags/tutorial_objectstorage.py
[2026-04-21T19:12:18.773+0530] {processor.py:925} INFO - DAG(s) 'tutorial_objectstorage' retrieved from /home/ubantu/miniconda3/envs/airflow-dev/lib/python3.11/site-packages/airflow/example_dags/tutorial_objectstorage.py
[2026-04-21T19:12:18.789+0530] {logging_mixin.py:190} INFO - [2026-04-21T19:12:18.788+0530] {dag.py:3239} INFO - Sync 1 DAGs
[2026-04-21T19:12:18.799+0530] {logging_mixin.py:190} INFO - [2026-04-21T19:12:18.799+0530] {dag.py:4180} INFO - Setting next_dagrun for tutorial_objectstorage to None, run_after=None
[2026-04-21T19:12:18.816+0530] {processor.py:208} INFO - Processing /home/ubantu/miniconda3/envs/airflow-dev/lib/python3.11/site-packages/airflow/example_dags/tutorial_objectstorage.py took 0.060 seconds
[2026-04-21T19:13:39.779+0530] {processor.py:186} INFO - Started process (PID=7491) to work on /home/ubantu/miniconda3/envs/airflow-dev/lib/python3.11/site-packages/airflow/example_dags/tutorial_objectstorage.py
[2026-04-21T19:13:39.780+0530] {processor.py:914} INFO - Processing file /home/ubantu/miniconda3/envs/airflow-dev/lib/python3.11/site-packages/airflow/example_dags/tutorial_objectstorage.py for tasks to queue
[2026-04-21T19:13:39.781+0530] {logging_mixin.py:190} INFO - [2026-04-21T19:13:39.781+0530] {dagbag.py:588} INFO - Filling up the DagBag from /home/ubantu/miniconda3/envs/airflow-dev/lib/python3.11/site-packages/airflow/example_dags/tutorial_objectstorage.py
[2026-04-21T19:13:39.789+0530] {processor.py:925} INFO - DAG(s) 'tutorial_objectstorage' retrieved from /home/ubantu/miniconda3/envs/airflow-dev/lib/python3.11/site-packages/airflow/example_dags/tutorial_objectstorage.py
[2026-04-21T19:13:39.804+0530] {logging_mixin.py:190} INFO - [2026-04-21T19:13:39.804+0530] {dag.py:3239} INFO - Sync 1 DAGs
[2026-04-21T19:13:39.815+0530] {logging_mixin.py:190} INFO - [2026-04-21T19:13:39.815+0530] {dag.py:4180} INFO - Setting next_dagrun for tutorial_objectstorage to None, run_after=None
[2026-04-21T19:13:39.834+0530] {processor.py:208} INFO - Processing /home/ubantu/miniconda3/envs/airflow-dev/lib/python3.11/site-packages/airflow/example_dags/tutorial_objectstorage.py took 0.061 seconds
[2026-04-21T19:15:00.388+0530] {processor.py:186} INFO - Started process (PID=7595) to work on /home/ubantu/miniconda3/envs/airflow-dev/lib/python3.11/site-packages/airflow/example_dags/tutorial_objectstorage.py
[2026-04-21T19:15:00.389+0530] {processor.py:914} INFO - Processing file /home/ubantu/miniconda3/envs/airflow-dev/lib/python3.11/site-packages/airflow/example_dags/tutorial_objectstorage.py for tasks to queue
[2026-04-21T19:15:00.390+0530] {logging_mixin.py:190} INFO - [2026-04-21T19:15:00.390+0530] {dagbag.py:588} INFO - Filling up the DagBag from /home/ubantu/miniconda3/envs/airflow-dev/lib/python3.11/site-packages/airflow/example_dags/tutorial_objectstorage.py
[2026-04-21T19:15:00.398+0530] {processor.py:925} INFO - DAG(s) 'tutorial_objectstorage' retrieved from /home/ubantu/miniconda3/envs/airflow-dev/lib/python3.11/site-packages/airflow/example_dags/tutorial_objectstorage.py
[2026-04-21T19:15:00.419+0530] {logging_mixin.py:190} INFO - [2026-04-21T19:15:00.418+0530] {dag.py:3239} INFO - Sync 1 DAGs
[2026-04-21T19:15:00.431+0530] {logging_mixin.py:190} INFO - [2026-04-21T19:15:00.431+0530] {dag.py:4180} INFO - Setting next_dagrun for tutorial_objectstorage to None, run_after=None
[2026-04-21T19:15:00.449+0530] {processor.py:208} INFO - Processing /home/ubantu/miniconda3/envs/airflow-dev/lib/python3.11/site-packages/airflow/example_dags/tutorial_objectstorage.py took 0.070 seconds
[2026-04-21T19:16:19.323+0530] {processor.py:186} INFO - Started process (PID=7711) to work on /home/ubantu/miniconda3/envs/airflow-dev/lib/python3.11/site-packages/airflow/example_dags/tutorial_objectstorage.py
[2026-04-21T19:16:19.324+0530] {processor.py:914} INFO - Processing file /home/ubantu/miniconda3/envs/airflow-dev/lib/python3.11/site-packages/airflow/example_dags/tutorial_objectstorage.py for tasks to queue
[2026-04-21T19:16:19.325+0530] {logging_mixin.py:190} INFO - [2026-04-21T19:16:19.325+0530] {dagbag.py:588} INFO - Filling up the DagBag from /home/ubantu/miniconda3/envs/airflow-dev/lib/python3.11/site-packages/airflow/example_dags/tutorial_objectstorage.py
[2026-04-21T19:16:19.334+0530] {processor.py:925} INFO - DAG(s) 'tutorial_objectstorage' retrieved from /home/ubantu/miniconda3/envs/airflow-dev/lib/python3.11/site-packages/airflow/example_dags/tutorial_objectstorage.py
[2026-04-21T19:16:19.352+0530] {logging_mixin.py:190} INFO - [2026-04-21T19:16:19.351+0530] {dag.py:3239} INFO - Sync 1 DAGs
[2026-04-21T19:16:19.363+0530] {logging_mixin.py:190} INFO - [2026-04-21T19:16:19.363+0530] {dag.py:4180} INFO - Setting next_dagrun for tutorial_objectstorage to None, run_after=None
[2026-04-21T19:16:19.382+0530] {processor.py:208} INFO - Processing /home/ubantu/miniconda3/envs/airflow-dev/lib/python3.11/site-packages/airflow/example_dags/tutorial_objectstorage.py took 0.067 seconds
[2026-04-21T19:22:02.915+0530] {processor.py:186} INFO - Started process (PID=8306) to work on /home/ubantu/airflow-src/airflow/example_dags/tutorial_objectstorage.py
[2026-04-21T19:22:02.916+0530] {processor.py:914} INFO - Processing file /home/ubantu/airflow-src/airflow/example_dags/tutorial_objectstorage.py for tasks to queue
[2026-04-21T19:22:02.918+0530] {logging_mixin.py:190} INFO - [2026-04-21T19:22:02.917+0530] {dagbag.py:588} INFO - Filling up the DagBag from /home/ubantu/airflow-src/airflow/example_dags/tutorial_objectstorage.py
[2026-04-21T19:22:02.927+0530] {processor.py:925} INFO - DAG(s) 'tutorial_objectstorage' retrieved from /home/ubantu/airflow-src/airflow/example_dags/tutorial_objectstorage.py
[2026-04-21T19:22:03.009+0530] {logging_mixin.py:190} INFO - [2026-04-21T19:22:03.008+0530] {dag.py:3239} INFO - Sync 1 DAGs
[2026-04-21T19:22:03.018+0530] {logging_mixin.py:190} INFO - [2026-04-21T19:22:03.018+0530] {dag.py:4180} INFO - Setting next_dagrun for tutorial_objectstorage to None, run_after=None
[2026-04-21T19:22:03.036+0530] {processor.py:208} INFO - Processing /home/ubantu/airflow-src/airflow/example_dags/tutorial_objectstorage.py took 0.128 seconds
[2026-04-21T19:23:57.593+0530] {processor.py:186} INFO - Started process (PID=8439) to work on /home/ubantu/airflow-src/airflow/example_dags/tutorial_objectstorage.py
[2026-04-21T19:23:57.594+0530] {processor.py:914} INFO - Processing file /home/ubantu/airflow-src/airflow/example_dags/tutorial_objectstorage.py for tasks to queue
[2026-04-21T19:23:57.595+0530] {logging_mixin.py:190} INFO - [2026-04-21T19:23:57.595+0530] {dagbag.py:588} INFO - Filling up the DagBag from /home/ubantu/airflow-src/airflow/example_dags/tutorial_objectstorage.py
[2026-04-21T19:23:57.604+0530] {processor.py:925} INFO - DAG(s) 'tutorial_objectstorage' retrieved from /home/ubantu/airflow-src/airflow/example_dags/tutorial_objectstorage.py
[2026-04-21T19:23:57.619+0530] {logging_mixin.py:190} INFO - [2026-04-21T19:23:57.619+0530] {dag.py:3239} INFO - Sync 1 DAGs
[2026-04-21T19:23:57.630+0530] {logging_mixin.py:190} INFO - [2026-04-21T19:23:57.630+0530] {dag.py:4180} INFO - Setting next_dagrun for tutorial_objectstorage to None, run_after=None
[2026-04-21T19:23:57.649+0530] {processor.py:208} INFO - Processing /home/ubantu/airflow-src/airflow/example_dags/tutorial_objectstorage.py took 0.063 seconds
[2026-04-21T19:25:22.506+0530] {processor.py:186} INFO - Started process (PID=8576) to work on /home/ubantu/airflow-src/airflow/example_dags/tutorial_objectstorage.py
[2026-04-21T19:25:22.507+0530] {processor.py:914} INFO - Processing file /home/ubantu/airflow-src/airflow/example_dags/tutorial_objectstorage.py for tasks to queue
[2026-04-21T19:25:22.508+0530] {logging_mixin.py:190} INFO - [2026-04-21T19:25:22.507+0530] {dagbag.py:588} INFO - Filling up the DagBag from /home/ubantu/airflow-src/airflow/example_dags/tutorial_objectstorage.py
[2026-04-21T19:25:22.515+0530] {processor.py:925} INFO - DAG(s) 'tutorial_objectstorage' retrieved from /home/ubantu/airflow-src/airflow/example_dags/tutorial_objectstorage.py
[2026-04-21T19:25:22.529+0530] {logging_mixin.py:190} INFO - [2026-04-21T19:25:22.528+0530] {dag.py:3239} INFO - Sync 1 DAGs
[2026-04-21T19:25:22.539+0530] {logging_mixin.py:190} INFO - [2026-04-21T19:25:22.539+0530] {dag.py:4180} INFO - Setting next_dagrun for tutorial_objectstorage to None, run_after=None
[2026-04-21T19:25:22.557+0530] {processor.py:208} INFO - Processing /home/ubantu/airflow-src/airflow/example_dags/tutorial_objectstorage.py took 0.056 seconds
