[2026-04-21T18:45:44.151+0530] {processor.py:186} INFO - Started process (PID=5363) to work on /home/ubantu/miniconda3/envs/airflow-dev/lib/python3.11/site-packages/airflow/example_dags/tutorial_taskflow_templates.py
[2026-04-21T18:45:44.152+0530] {processor.py:914} INFO - Processing file /home/ubantu/miniconda3/envs/airflow-dev/lib/python3.11/site-packages/airflow/example_dags/tutorial_taskflow_templates.py for tasks to queue
[2026-04-21T18:45:44.156+0530] {logging_mixin.py:190} INFO - [2026-04-21T18:45:44.155+0530] {dagbag.py:588} INFO - Filling up the DagBag from /home/ubantu/miniconda3/envs/airflow-dev/lib/python3.11/site-packages/airflow/example_dags/tutorial_taskflow_templates.py
[2026-04-21T18:45:44.173+0530] {processor.py:925} INFO - DAG(s) 'tutorial_taskflow_templates' retrieved from /home/ubantu/miniconda3/envs/airflow-dev/lib/python3.11/site-packages/airflow/example_dags/tutorial_taskflow_templates.py
[2026-04-21T18:45:44.268+0530] {logging_mixin.py:190} INFO - [2026-04-21T18:45:44.268+0530] {dag.py:3239} INFO - Sync 1 DAGs
[2026-04-21T18:45:44.285+0530] {logging_mixin.py:190} INFO - [2026-04-21T18:45:44.285+0530] {dag.py:4180} INFO - Setting next_dagrun for tutorial_taskflow_templates to 2026-04-20 00:00:00+00:00, run_after=2026-04-21 00:00:00+00:00
[2026-04-21T18:45:44.303+0530] {processor.py:208} INFO - Processing /home/ubantu/miniconda3/envs/airflow-dev/lib/python3.11/site-packages/airflow/example_dags/tutorial_taskflow_templates.py took 0.158 seconds
[2026-04-21T18:47:39.708+0530] {processor.py:186} INFO - Started process (PID=5588) to work on /home/ubantu/miniconda3/envs/airflow-dev/lib/python3.11/site-packages/airflow/example_dags/tutorial_taskflow_templates.py
[2026-04-21T18:47:39.709+0530] {processor.py:914} INFO - Processing file /home/ubantu/miniconda3/envs/airflow-dev/lib/python3.11/site-packages/airflow/example_dags/tutorial_taskflow_templates.py for tasks to queue
[2026-04-21T18:47:39.712+0530] {logging_mixin.py:190} INFO - [2026-04-21T18:47:39.712+0530] {dagbag.py:588} INFO - Filling up the DagBag from /home/ubantu/miniconda3/envs/airflow-dev/lib/python3.11/site-packages/airflow/example_dags/tutorial_taskflow_templates.py
[2026-04-21T18:47:39.729+0530] {processor.py:925} INFO - DAG(s) 'tutorial_taskflow_templates' retrieved from /home/ubantu/miniconda3/envs/airflow-dev/lib/python3.11/site-packages/airflow/example_dags/tutorial_taskflow_templates.py
[2026-04-21T18:47:39.747+0530] {logging_mixin.py:190} INFO - [2026-04-21T18:47:39.746+0530] {dag.py:3239} INFO - Sync 1 DAGs
[2026-04-21T18:47:39.769+0530] {logging_mixin.py:190} INFO - [2026-04-21T18:47:39.768+0530] {dag.py:4180} INFO - Setting next_dagrun for tutorial_taskflow_templates to 2026-04-20 00:00:00+00:00, run_after=2026-04-21 00:00:00+00:00
[2026-04-21T18:47:39.785+0530] {processor.py:208} INFO - Processing /home/ubantu/miniconda3/envs/airflow-dev/lib/python3.11/site-packages/airflow/example_dags/tutorial_taskflow_templates.py took 0.085 seconds
[2026-04-21T18:49:04.642+0530] {processor.py:186} INFO - Started process (PID=5704) to work on /home/ubantu/miniconda3/envs/airflow-dev/lib/python3.11/site-packages/airflow/example_dags/tutorial_taskflow_templates.py
[2026-04-21T18:49:04.644+0530] {processor.py:914} INFO - Processing file /home/ubantu/miniconda3/envs/airflow-dev/lib/python3.11/site-packages/airflow/example_dags/tutorial_taskflow_templates.py for tasks to queue
[2026-04-21T18:49:04.646+0530] {logging_mixin.py:190} INFO - [2026-04-21T18:49:04.645+0530] {dagbag.py:588} INFO - Filling up the DagBag from /home/ubantu/miniconda3/envs/airflow-dev/lib/python3.11/site-packages/airflow/example_dags/tutorial_taskflow_templates.py
[2026-04-21T18:49:04.661+0530] {processor.py:925} INFO - DAG(s) 'tutorial_taskflow_templates' retrieved from /home/ubantu/miniconda3/envs/airflow-dev/lib/python3.11/site-packages/airflow/example_dags/tutorial_taskflow_templates.py
[2026-04-21T18:49:04.779+0530] {logging_mixin.py:190} INFO - [2026-04-21T18:49:04.779+0530] {dag.py:3239} INFO - Sync 1 DAGs
[2026-04-21T18:49:04.796+0530] {logging_mixin.py:190} INFO - [2026-04-21T18:49:04.796+0530] {dag.py:4180} INFO - Setting next_dagrun for tutorial_taskflow_templates to 2026-04-20 00:00:00+00:00, run_after=2026-04-21 00:00:00+00:00
[2026-04-21T18:49:04.812+0530] {processor.py:208} INFO - Processing /home/ubantu/miniconda3/envs/airflow-dev/lib/python3.11/site-packages/airflow/example_dags/tutorial_taskflow_templates.py took 0.176 seconds
[2026-04-21T18:50:27.194+0530] {processor.py:186} INFO - Started process (PID=5827) to work on /home/ubantu/miniconda3/envs/airflow-dev/lib/python3.11/site-packages/airflow/example_dags/tutorial_taskflow_templates.py
[2026-04-21T18:50:27.195+0530] {processor.py:914} INFO - Processing file /home/ubantu/miniconda3/envs/airflow-dev/lib/python3.11/site-packages/airflow/example_dags/tutorial_taskflow_templates.py for tasks to queue
[2026-04-21T18:50:27.198+0530] {logging_mixin.py:190} INFO - [2026-04-21T18:50:27.197+0530] {dagbag.py:588} INFO - Filling up the DagBag from /home/ubantu/miniconda3/envs/airflow-dev/lib/python3.11/site-packages/airflow/example_dags/tutorial_taskflow_templates.py
[2026-04-21T18:50:27.212+0530] {processor.py:925} INFO - DAG(s) 'tutorial_taskflow_templates' retrieved from /home/ubantu/miniconda3/envs/airflow-dev/lib/python3.11/site-packages/airflow/example_dags/tutorial_taskflow_templates.py
[2026-04-21T18:50:27.228+0530] {logging_mixin.py:190} INFO - [2026-04-21T18:50:27.228+0530] {dag.py:3239} INFO - Sync 1 DAGs
[2026-04-21T18:50:27.246+0530] {logging_mixin.py:190} INFO - [2026-04-21T18:50:27.246+0530] {dag.py:4180} INFO - Setting next_dagrun for tutorial_taskflow_templates to 2026-04-20 00:00:00+00:00, run_after=2026-04-21 00:00:00+00:00
[2026-04-21T18:50:27.264+0530] {processor.py:208} INFO - Processing /home/ubantu/miniconda3/envs/airflow-dev/lib/python3.11/site-packages/airflow/example_dags/tutorial_taskflow_templates.py took 0.076 seconds
[2026-04-21T18:51:45.597+0530] {processor.py:186} INFO - Started process (PID=5915) to work on /home/ubantu/miniconda3/envs/airflow-dev/lib/python3.11/site-packages/airflow/example_dags/tutorial_taskflow_templates.py
[2026-04-21T18:51:45.598+0530] {processor.py:914} INFO - Processing file /home/ubantu/miniconda3/envs/airflow-dev/lib/python3.11/site-packages/airflow/example_dags/tutorial_taskflow_templates.py for tasks to queue
[2026-04-21T18:51:45.601+0530] {logging_mixin.py:190} INFO - [2026-04-21T18:51:45.600+0530] {dagbag.py:588} INFO - Filling up the DagBag from /home/ubantu/miniconda3/envs/airflow-dev/lib/python3.11/site-packages/airflow/example_dags/tutorial_taskflow_templates.py
[2026-04-21T18:51:45.614+0530] {processor.py:925} INFO - DAG(s) 'tutorial_taskflow_templates' retrieved from /home/ubantu/miniconda3/envs/airflow-dev/lib/python3.11/site-packages/airflow/example_dags/tutorial_taskflow_templates.py
[2026-04-21T18:51:45.630+0530] {logging_mixin.py:190} INFO - [2026-04-21T18:51:45.629+0530] {dag.py:3239} INFO - Sync 1 DAGs
[2026-04-21T18:51:45.648+0530] {logging_mixin.py:190} INFO - [2026-04-21T18:51:45.648+0530] {dag.py:4180} INFO - Setting next_dagrun for tutorial_taskflow_templates to 2026-04-20 00:00:00+00:00, run_after=2026-04-21 00:00:00+00:00
[2026-04-21T18:51:45.665+0530] {processor.py:208} INFO - Processing /home/ubantu/miniconda3/envs/airflow-dev/lib/python3.11/site-packages/airflow/example_dags/tutorial_taskflow_templates.py took 0.073 seconds
[2026-04-21T18:53:04.774+0530] {processor.py:186} INFO - Started process (PID=6037) to work on /home/ubantu/miniconda3/envs/airflow-dev/lib/python3.11/site-packages/airflow/example_dags/tutorial_taskflow_templates.py
[2026-04-21T18:53:04.775+0530] {processor.py:914} INFO - Processing file /home/ubantu/miniconda3/envs/airflow-dev/lib/python3.11/site-packages/airflow/example_dags/tutorial_taskflow_templates.py for tasks to queue
[2026-04-21T18:53:04.778+0530] {logging_mixin.py:190} INFO - [2026-04-21T18:53:04.777+0530] {dagbag.py:588} INFO - Filling up the DagBag from /home/ubantu/miniconda3/envs/airflow-dev/lib/python3.11/site-packages/airflow/example_dags/tutorial_taskflow_templates.py
[2026-04-21T18:53:04.792+0530] {processor.py:925} INFO - DAG(s) 'tutorial_taskflow_templates' retrieved from /home/ubantu/miniconda3/envs/airflow-dev/lib/python3.11/site-packages/airflow/example_dags/tutorial_taskflow_templates.py
[2026-04-21T18:53:04.807+0530] {logging_mixin.py:190} INFO - [2026-04-21T18:53:04.807+0530] {dag.py:3239} INFO - Sync 1 DAGs
[2026-04-21T18:53:04.825+0530] {logging_mixin.py:190} INFO - [2026-04-21T18:53:04.825+0530] {dag.py:4180} INFO - Setting next_dagrun for tutorial_taskflow_templates to 2026-04-20 00:00:00+00:00, run_after=2026-04-21 00:00:00+00:00
[2026-04-21T18:53:04.841+0530] {processor.py:208} INFO - Processing /home/ubantu/miniconda3/envs/airflow-dev/lib/python3.11/site-packages/airflow/example_dags/tutorial_taskflow_templates.py took 0.072 seconds
[2026-04-21T18:54:24.603+0530] {processor.py:186} INFO - Started process (PID=6150) to work on /home/ubantu/miniconda3/envs/airflow-dev/lib/python3.11/site-packages/airflow/example_dags/tutorial_taskflow_templates.py
[2026-04-21T18:54:24.605+0530] {processor.py:914} INFO - Processing file /home/ubantu/miniconda3/envs/airflow-dev/lib/python3.11/site-packages/airflow/example_dags/tutorial_taskflow_templates.py for tasks to queue
[2026-04-21T18:54:24.607+0530] {logging_mixin.py:190} INFO - [2026-04-21T18:54:24.606+0530] {dagbag.py:588} INFO - Filling up the DagBag from /home/ubantu/miniconda3/envs/airflow-dev/lib/python3.11/site-packages/airflow/example_dags/tutorial_taskflow_templates.py
[2026-04-21T18:54:24.621+0530] {processor.py:925} INFO - DAG(s) 'tutorial_taskflow_templates' retrieved from /home/ubantu/miniconda3/envs/airflow-dev/lib/python3.11/site-packages/airflow/example_dags/tutorial_taskflow_templates.py
[2026-04-21T18:54:24.637+0530] {logging_mixin.py:190} INFO - [2026-04-21T18:54:24.637+0530] {dag.py:3239} INFO - Sync 1 DAGs
[2026-04-21T18:54:24.657+0530] {logging_mixin.py:190} INFO - [2026-04-21T18:54:24.656+0530] {dag.py:4180} INFO - Setting next_dagrun for tutorial_taskflow_templates to 2026-04-20 00:00:00+00:00, run_after=2026-04-21 00:00:00+00:00
[2026-04-21T18:54:24.673+0530] {processor.py:208} INFO - Processing /home/ubantu/miniconda3/envs/airflow-dev/lib/python3.11/site-packages/airflow/example_dags/tutorial_taskflow_templates.py took 0.076 seconds
[2026-04-21T18:55:43.739+0530] {processor.py:186} INFO - Started process (PID=6260) to work on /home/ubantu/miniconda3/envs/airflow-dev/lib/python3.11/site-packages/airflow/example_dags/tutorial_taskflow_templates.py
[2026-04-21T18:55:43.740+0530] {processor.py:914} INFO - Processing file /home/ubantu/miniconda3/envs/airflow-dev/lib/python3.11/site-packages/airflow/example_dags/tutorial_taskflow_templates.py for tasks to queue
[2026-04-21T18:55:43.742+0530] {logging_mixin.py:190} INFO - [2026-04-21T18:55:43.742+0530] {dagbag.py:588} INFO - Filling up the DagBag from /home/ubantu/miniconda3/envs/airflow-dev/lib/python3.11/site-packages/airflow/example_dags/tutorial_taskflow_templates.py
[2026-04-21T18:55:43.757+0530] {processor.py:925} INFO - DAG(s) 'tutorial_taskflow_templates' retrieved from /home/ubantu/miniconda3/envs/airflow-dev/lib/python3.11/site-packages/airflow/example_dags/tutorial_taskflow_templates.py
[2026-04-21T18:55:43.772+0530] {logging_mixin.py:190} INFO - [2026-04-21T18:55:43.772+0530] {dag.py:3239} INFO - Sync 1 DAGs
[2026-04-21T18:55:43.790+0530] {logging_mixin.py:190} INFO - [2026-04-21T18:55:43.790+0530] {dag.py:4180} INFO - Setting next_dagrun for tutorial_taskflow_templates to 2026-04-20 00:00:00+00:00, run_after=2026-04-21 00:00:00+00:00
[2026-04-21T18:55:43.807+0530] {processor.py:208} INFO - Processing /home/ubantu/miniconda3/envs/airflow-dev/lib/python3.11/site-packages/airflow/example_dags/tutorial_taskflow_templates.py took 0.075 seconds
[2026-04-21T18:57:00.338+0530] {processor.py:186} INFO - Started process (PID=6369) to work on /home/ubantu/miniconda3/envs/airflow-dev/lib/python3.11/site-packages/airflow/example_dags/tutorial_taskflow_templates.py
[2026-04-21T18:57:00.339+0530] {processor.py:914} INFO - Processing file /home/ubantu/miniconda3/envs/airflow-dev/lib/python3.11/site-packages/airflow/example_dags/tutorial_taskflow_templates.py for tasks to queue
[2026-04-21T18:57:00.341+0530] {logging_mixin.py:190} INFO - [2026-04-21T18:57:00.341+0530] {dagbag.py:588} INFO - Filling up the DagBag from /home/ubantu/miniconda3/envs/airflow-dev/lib/python3.11/site-packages/airflow/example_dags/tutorial_taskflow_templates.py
[2026-04-21T18:57:00.355+0530] {processor.py:925} INFO - DAG(s) 'tutorial_taskflow_templates' retrieved from /home/ubantu/miniconda3/envs/airflow-dev/lib/python3.11/site-packages/airflow/example_dags/tutorial_taskflow_templates.py
[2026-04-21T18:57:00.371+0530] {logging_mixin.py:190} INFO - [2026-04-21T18:57:00.370+0530] {dag.py:3239} INFO - Sync 1 DAGs
[2026-04-21T18:57:00.389+0530] {logging_mixin.py:190} INFO - [2026-04-21T18:57:00.389+0530] {dag.py:4180} INFO - Setting next_dagrun for tutorial_taskflow_templates to 2026-04-20 00:00:00+00:00, run_after=2026-04-21 00:00:00+00:00
[2026-04-21T18:57:00.406+0530] {processor.py:208} INFO - Processing /home/ubantu/miniconda3/envs/airflow-dev/lib/python3.11/site-packages/airflow/example_dags/tutorial_taskflow_templates.py took 0.074 seconds
[2026-04-21T19:00:41.895+0530] {processor.py:186} INFO - Started process (PID=6508) to work on /home/ubantu/miniconda3/envs/airflow-dev/lib/python3.11/site-packages/airflow/example_dags/tutorial_taskflow_templates.py
[2026-04-21T19:00:41.896+0530] {processor.py:914} INFO - Processing file /home/ubantu/miniconda3/envs/airflow-dev/lib/python3.11/site-packages/airflow/example_dags/tutorial_taskflow_templates.py for tasks to queue
[2026-04-21T19:00:41.897+0530] {logging_mixin.py:190} INFO - [2026-04-21T19:00:41.896+0530] {dagbag.py:588} INFO - Filling up the DagBag from /home/ubantu/miniconda3/envs/airflow-dev/lib/python3.11/site-packages/airflow/example_dags/tutorial_taskflow_templates.py
[2026-04-21T19:00:41.906+0530] {processor.py:925} INFO - DAG(s) 'tutorial_taskflow_templates' retrieved from /home/ubantu/miniconda3/envs/airflow-dev/lib/python3.11/site-packages/airflow/example_dags/tutorial_taskflow_templates.py
[2026-04-21T19:00:41.926+0530] {logging_mixin.py:190} INFO - [2026-04-21T19:00:41.926+0530] {dag.py:3239} INFO - Sync 1 DAGs
[2026-04-21T19:00:41.942+0530] {logging_mixin.py:190} INFO - [2026-04-21T19:00:41.941+0530] {dag.py:4180} INFO - Setting next_dagrun for tutorial_taskflow_templates to 2026-04-20 00:00:00+00:00, run_after=2026-04-21 00:00:00+00:00
[2026-04-21T19:00:41.958+0530] {processor.py:208} INFO - Processing /home/ubantu/miniconda3/envs/airflow-dev/lib/python3.11/site-packages/airflow/example_dags/tutorial_taskflow_templates.py took 0.069 seconds
[2026-04-21T19:02:31.497+0530] {processor.py:186} INFO - Started process (PID=6646) to work on /home/ubantu/miniconda3/envs/airflow-dev/lib/python3.11/site-packages/airflow/example_dags/tutorial_taskflow_templates.py
[2026-04-21T19:02:31.498+0530] {processor.py:914} INFO - Processing file /home/ubantu/miniconda3/envs/airflow-dev/lib/python3.11/site-packages/airflow/example_dags/tutorial_taskflow_templates.py for tasks to queue
[2026-04-21T19:02:31.500+0530] {logging_mixin.py:190} INFO - [2026-04-21T19:02:31.499+0530] {dagbag.py:588} INFO - Filling up the DagBag from /home/ubantu/miniconda3/envs/airflow-dev/lib/python3.11/site-packages/airflow/example_dags/tutorial_taskflow_templates.py
[2026-04-21T19:02:31.513+0530] {processor.py:925} INFO - DAG(s) 'tutorial_taskflow_templates' retrieved from /home/ubantu/miniconda3/envs/airflow-dev/lib/python3.11/site-packages/airflow/example_dags/tutorial_taskflow_templates.py
[2026-04-21T19:02:31.530+0530] {logging_mixin.py:190} INFO - [2026-04-21T19:02:31.530+0530] {dag.py:3239} INFO - Sync 1 DAGs
[2026-04-21T19:02:31.548+0530] {logging_mixin.py:190} INFO - [2026-04-21T19:02:31.548+0530] {dag.py:4180} INFO - Setting next_dagrun for tutorial_taskflow_templates to 2026-04-20 00:00:00+00:00, run_after=2026-04-21 00:00:00+00:00
[2026-04-21T19:02:31.564+0530] {processor.py:208} INFO - Processing /home/ubantu/miniconda3/envs/airflow-dev/lib/python3.11/site-packages/airflow/example_dags/tutorial_taskflow_templates.py took 0.074 seconds
[2026-04-21T19:03:50.475+0530] {processor.py:186} INFO - Started process (PID=6751) to work on /home/ubantu/miniconda3/envs/airflow-dev/lib/python3.11/site-packages/airflow/example_dags/tutorial_taskflow_templates.py
[2026-04-21T19:03:50.477+0530] {processor.py:914} INFO - Processing file /home/ubantu/miniconda3/envs/airflow-dev/lib/python3.11/site-packages/airflow/example_dags/tutorial_taskflow_templates.py for tasks to queue
[2026-04-21T19:03:50.480+0530] {logging_mixin.py:190} INFO - [2026-04-21T19:03:50.479+0530] {dagbag.py:588} INFO - Filling up the DagBag from /home/ubantu/miniconda3/envs/airflow-dev/lib/python3.11/site-packages/airflow/example_dags/tutorial_taskflow_templates.py
[2026-04-21T19:03:50.496+0530] {processor.py:925} INFO - DAG(s) 'tutorial_taskflow_templates' retrieved from /home/ubantu/miniconda3/envs/airflow-dev/lib/python3.11/site-packages/airflow/example_dags/tutorial_taskflow_templates.py
[2026-04-21T19:03:50.512+0530] {logging_mixin.py:190} INFO - [2026-04-21T19:03:50.512+0530] {dag.py:3239} INFO - Sync 1 DAGs
[2026-04-21T19:03:50.534+0530] {logging_mixin.py:190} INFO - [2026-04-21T19:03:50.534+0530] {dag.py:4180} INFO - Setting next_dagrun for tutorial_taskflow_templates to 2026-04-20 00:00:00+00:00, run_after=2026-04-21 00:00:00+00:00
[2026-04-21T19:03:50.559+0530] {processor.py:208} INFO - Processing /home/ubantu/miniconda3/envs/airflow-dev/lib/python3.11/site-packages/airflow/example_dags/tutorial_taskflow_templates.py took 0.097 seconds
[2026-04-21T19:05:16.106+0530] {processor.py:186} INFO - Started process (PID=6804) to work on /home/ubantu/miniconda3/envs/airflow-dev/lib/python3.11/site-packages/airflow/example_dags/tutorial_taskflow_templates.py
[2026-04-21T19:05:16.107+0530] {processor.py:914} INFO - Processing file /home/ubantu/miniconda3/envs/airflow-dev/lib/python3.11/site-packages/airflow/example_dags/tutorial_taskflow_templates.py for tasks to queue
[2026-04-21T19:05:16.109+0530] {logging_mixin.py:190} INFO - [2026-04-21T19:05:16.108+0530] {dagbag.py:588} INFO - Filling up the DagBag from /home/ubantu/miniconda3/envs/airflow-dev/lib/python3.11/site-packages/airflow/example_dags/tutorial_taskflow_templates.py
[2026-04-21T19:05:16.120+0530] {processor.py:925} INFO - DAG(s) 'tutorial_taskflow_templates' retrieved from /home/ubantu/miniconda3/envs/airflow-dev/lib/python3.11/site-packages/airflow/example_dags/tutorial_taskflow_templates.py
[2026-04-21T19:05:16.144+0530] {logging_mixin.py:190} INFO - [2026-04-21T19:05:16.144+0530] {dag.py:3239} INFO - Sync 1 DAGs
[2026-04-21T19:05:16.161+0530] {logging_mixin.py:190} INFO - [2026-04-21T19:05:16.160+0530] {dag.py:4180} INFO - Setting next_dagrun for tutorial_taskflow_templates to 2026-04-20 00:00:00+00:00, run_after=2026-04-21 00:00:00+00:00
[2026-04-21T19:05:16.176+0530] {processor.py:208} INFO - Processing /home/ubantu/miniconda3/envs/airflow-dev/lib/python3.11/site-packages/airflow/example_dags/tutorial_taskflow_templates.py took 0.077 seconds
[2026-04-21T19:07:03.653+0530] {processor.py:186} INFO - Started process (PID=6950) to work on /home/ubantu/miniconda3/envs/airflow-dev/lib/python3.11/site-packages/airflow/example_dags/tutorial_taskflow_templates.py
[2026-04-21T19:07:03.654+0530] {processor.py:914} INFO - Processing file /home/ubantu/miniconda3/envs/airflow-dev/lib/python3.11/site-packages/airflow/example_dags/tutorial_taskflow_templates.py for tasks to queue
[2026-04-21T19:07:03.656+0530] {logging_mixin.py:190} INFO - [2026-04-21T19:07:03.655+0530] {dagbag.py:588} INFO - Filling up the DagBag from /home/ubantu/miniconda3/envs/airflow-dev/lib/python3.11/site-packages/airflow/example_dags/tutorial_taskflow_templates.py
[2026-04-21T19:07:03.670+0530] {processor.py:925} INFO - DAG(s) 'tutorial_taskflow_templates' retrieved from /home/ubantu/miniconda3/envs/airflow-dev/lib/python3.11/site-packages/airflow/example_dags/tutorial_taskflow_templates.py
[2026-04-21T19:07:03.690+0530] {logging_mixin.py:190} INFO - [2026-04-21T19:07:03.689+0530] {dag.py:3239} INFO - Sync 1 DAGs
[2026-04-21T19:07:03.705+0530] {logging_mixin.py:190} INFO - [2026-04-21T19:07:03.705+0530] {dag.py:4180} INFO - Setting next_dagrun for tutorial_taskflow_templates to 2026-04-20 00:00:00+00:00, run_after=2026-04-21 00:00:00+00:00
[2026-04-21T19:07:03.724+0530] {processor.py:208} INFO - Processing /home/ubantu/miniconda3/envs/airflow-dev/lib/python3.11/site-packages/airflow/example_dags/tutorial_taskflow_templates.py took 0.079 seconds
[2026-04-21T19:08:21.768+0530] {processor.py:186} INFO - Started process (PID=7064) to work on /home/ubantu/miniconda3/envs/airflow-dev/lib/python3.11/site-packages/airflow/example_dags/tutorial_taskflow_templates.py
[2026-04-21T19:08:21.769+0530] {processor.py:914} INFO - Processing file /home/ubantu/miniconda3/envs/airflow-dev/lib/python3.11/site-packages/airflow/example_dags/tutorial_taskflow_templates.py for tasks to queue
[2026-04-21T19:08:21.771+0530] {logging_mixin.py:190} INFO - [2026-04-21T19:08:21.770+0530] {dagbag.py:588} INFO - Filling up the DagBag from /home/ubantu/miniconda3/envs/airflow-dev/lib/python3.11/site-packages/airflow/example_dags/tutorial_taskflow_templates.py
[2026-04-21T19:08:21.782+0530] {processor.py:925} INFO - DAG(s) 'tutorial_taskflow_templates' retrieved from /home/ubantu/miniconda3/envs/airflow-dev/lib/python3.11/site-packages/airflow/example_dags/tutorial_taskflow_templates.py
[2026-04-21T19:08:21.801+0530] {logging_mixin.py:190} INFO - [2026-04-21T19:08:21.800+0530] {dag.py:3239} INFO - Sync 1 DAGs
[2026-04-21T19:08:21.820+0530] {logging_mixin.py:190} INFO - [2026-04-21T19:08:21.819+0530] {dag.py:4180} INFO - Setting next_dagrun for tutorial_taskflow_templates to 2026-04-20 00:00:00+00:00, run_after=2026-04-21 00:00:00+00:00
[2026-04-21T19:08:21.839+0530] {processor.py:208} INFO - Processing /home/ubantu/miniconda3/envs/airflow-dev/lib/python3.11/site-packages/airflow/example_dags/tutorial_taskflow_templates.py took 0.078 seconds
[2026-04-21T19:09:39.529+0530] {processor.py:186} INFO - Started process (PID=7167) to work on /home/ubantu/miniconda3/envs/airflow-dev/lib/python3.11/site-packages/airflow/example_dags/tutorial_taskflow_templates.py
[2026-04-21T19:09:39.530+0530] {processor.py:914} INFO - Processing file /home/ubantu/miniconda3/envs/airflow-dev/lib/python3.11/site-packages/airflow/example_dags/tutorial_taskflow_templates.py for tasks to queue
[2026-04-21T19:09:39.531+0530] {logging_mixin.py:190} INFO - [2026-04-21T19:09:39.531+0530] {dagbag.py:588} INFO - Filling up the DagBag from /home/ubantu/miniconda3/envs/airflow-dev/lib/python3.11/site-packages/airflow/example_dags/tutorial_taskflow_templates.py
[2026-04-21T19:09:39.541+0530] {processor.py:925} INFO - DAG(s) 'tutorial_taskflow_templates' retrieved from /home/ubantu/miniconda3/envs/airflow-dev/lib/python3.11/site-packages/airflow/example_dags/tutorial_taskflow_templates.py
[2026-04-21T19:09:39.555+0530] {logging_mixin.py:190} INFO - [2026-04-21T19:09:39.555+0530] {dag.py:3239} INFO - Sync 1 DAGs
[2026-04-21T19:09:39.571+0530] {logging_mixin.py:190} INFO - [2026-04-21T19:09:39.571+0530] {dag.py:4180} INFO - Setting next_dagrun for tutorial_taskflow_templates to 2026-04-20 00:00:00+00:00, run_after=2026-04-21 00:00:00+00:00
[2026-04-21T19:09:39.587+0530] {processor.py:208} INFO - Processing /home/ubantu/miniconda3/envs/airflow-dev/lib/python3.11/site-packages/airflow/example_dags/tutorial_taskflow_templates.py took 0.064 seconds
[2026-04-21T19:10:56.724+0530] {processor.py:186} INFO - Started process (PID=7258) to work on /home/ubantu/miniconda3/envs/airflow-dev/lib/python3.11/site-packages/airflow/example_dags/tutorial_taskflow_templates.py
[2026-04-21T19:10:56.725+0530] {processor.py:914} INFO - Processing file /home/ubantu/miniconda3/envs/airflow-dev/lib/python3.11/site-packages/airflow/example_dags/tutorial_taskflow_templates.py for tasks to queue
[2026-04-21T19:10:56.726+0530] {logging_mixin.py:190} INFO - [2026-04-21T19:10:56.726+0530] {dagbag.py:588} INFO - Filling up the DagBag from /home/ubantu/miniconda3/envs/airflow-dev/lib/python3.11/site-packages/airflow/example_dags/tutorial_taskflow_templates.py
[2026-04-21T19:10:56.738+0530] {processor.py:925} INFO - DAG(s) 'tutorial_taskflow_templates' retrieved from /home/ubantu/miniconda3/envs/airflow-dev/lib/python3.11/site-packages/airflow/example_dags/tutorial_taskflow_templates.py
[2026-04-21T19:10:56.756+0530] {logging_mixin.py:190} INFO - [2026-04-21T19:10:56.756+0530] {dag.py:3239} INFO - Sync 1 DAGs
[2026-04-21T19:10:56.773+0530] {logging_mixin.py:190} INFO - [2026-04-21T19:10:56.773+0530] {dag.py:4180} INFO - Setting next_dagrun for tutorial_taskflow_templates to 2026-04-20 00:00:00+00:00, run_after=2026-04-21 00:00:00+00:00
[2026-04-21T19:10:56.789+0530] {processor.py:208} INFO - Processing /home/ubantu/miniconda3/envs/airflow-dev/lib/python3.11/site-packages/airflow/example_dags/tutorial_taskflow_templates.py took 0.073 seconds
[2026-04-21T19:12:15.969+0530] {processor.py:186} INFO - Started process (PID=7364) to work on /home/ubantu/miniconda3/envs/airflow-dev/lib/python3.11/site-packages/airflow/example_dags/tutorial_taskflow_templates.py
[2026-04-21T19:12:15.970+0530] {processor.py:914} INFO - Processing file /home/ubantu/miniconda3/envs/airflow-dev/lib/python3.11/site-packages/airflow/example_dags/tutorial_taskflow_templates.py for tasks to queue
[2026-04-21T19:12:15.971+0530] {logging_mixin.py:190} INFO - [2026-04-21T19:12:15.971+0530] {dagbag.py:588} INFO - Filling up the DagBag from /home/ubantu/miniconda3/envs/airflow-dev/lib/python3.11/site-packages/airflow/example_dags/tutorial_taskflow_templates.py
[2026-04-21T19:12:15.982+0530] {processor.py:925} INFO - DAG(s) 'tutorial_taskflow_templates' retrieved from /home/ubantu/miniconda3/envs/airflow-dev/lib/python3.11/site-packages/airflow/example_dags/tutorial_taskflow_templates.py
[2026-04-21T19:12:15.998+0530] {logging_mixin.py:190} INFO - [2026-04-21T19:12:15.998+0530] {dag.py:3239} INFO - Sync 1 DAGs
[2026-04-21T19:12:16.015+0530] {logging_mixin.py:190} INFO - [2026-04-21T19:12:16.015+0530] {dag.py:4180} INFO - Setting next_dagrun for tutorial_taskflow_templates to 2026-04-20 00:00:00+00:00, run_after=2026-04-21 00:00:00+00:00
[2026-04-21T19:12:16.033+0530] {processor.py:208} INFO - Processing /home/ubantu/miniconda3/envs/airflow-dev/lib/python3.11/site-packages/airflow/example_dags/tutorial_taskflow_templates.py took 0.070 seconds
[2026-04-21T19:13:36.926+0530] {processor.py:186} INFO - Started process (PID=7488) to work on /home/ubantu/miniconda3/envs/airflow-dev/lib/python3.11/site-packages/airflow/example_dags/tutorial_taskflow_templates.py
[2026-04-21T19:13:36.927+0530] {processor.py:914} INFO - Processing file /home/ubantu/miniconda3/envs/airflow-dev/lib/python3.11/site-packages/airflow/example_dags/tutorial_taskflow_templates.py for tasks to queue
[2026-04-21T19:13:36.928+0530] {logging_mixin.py:190} INFO - [2026-04-21T19:13:36.928+0530] {dagbag.py:588} INFO - Filling up the DagBag from /home/ubantu/miniconda3/envs/airflow-dev/lib/python3.11/site-packages/airflow/example_dags/tutorial_taskflow_templates.py
[2026-04-21T19:13:36.939+0530] {processor.py:925} INFO - DAG(s) 'tutorial_taskflow_templates' retrieved from /home/ubantu/miniconda3/envs/airflow-dev/lib/python3.11/site-packages/airflow/example_dags/tutorial_taskflow_templates.py
[2026-04-21T19:13:36.954+0530] {logging_mixin.py:190} INFO - [2026-04-21T19:13:36.954+0530] {dag.py:3239} INFO - Sync 1 DAGs
[2026-04-21T19:13:36.971+0530] {logging_mixin.py:190} INFO - [2026-04-21T19:13:36.971+0530] {dag.py:4180} INFO - Setting next_dagrun for tutorial_taskflow_templates to 2026-04-20 00:00:00+00:00, run_after=2026-04-21 00:00:00+00:00
[2026-04-21T19:13:36.989+0530] {processor.py:208} INFO - Processing /home/ubantu/miniconda3/envs/airflow-dev/lib/python3.11/site-packages/airflow/example_dags/tutorial_taskflow_templates.py took 0.070 seconds
[2026-04-21T19:14:58.179+0530] {processor.py:186} INFO - Started process (PID=7592) to work on /home/ubantu/miniconda3/envs/airflow-dev/lib/python3.11/site-packages/airflow/example_dags/tutorial_taskflow_templates.py
[2026-04-21T19:14:58.180+0530] {processor.py:914} INFO - Processing file /home/ubantu/miniconda3/envs/airflow-dev/lib/python3.11/site-packages/airflow/example_dags/tutorial_taskflow_templates.py for tasks to queue
[2026-04-21T19:14:58.181+0530] {logging_mixin.py:190} INFO - [2026-04-21T19:14:58.181+0530] {dagbag.py:588} INFO - Filling up the DagBag from /home/ubantu/miniconda3/envs/airflow-dev/lib/python3.11/site-packages/airflow/example_dags/tutorial_taskflow_templates.py
[2026-04-21T19:14:58.193+0530] {processor.py:925} INFO - DAG(s) 'tutorial_taskflow_templates' retrieved from /home/ubantu/miniconda3/envs/airflow-dev/lib/python3.11/site-packages/airflow/example_dags/tutorial_taskflow_templates.py
[2026-04-21T19:14:58.211+0530] {logging_mixin.py:190} INFO - [2026-04-21T19:14:58.210+0530] {dag.py:3239} INFO - Sync 1 DAGs
[2026-04-21T19:14:58.228+0530] {logging_mixin.py:190} INFO - [2026-04-21T19:14:58.228+0530] {dag.py:4180} INFO - Setting next_dagrun for tutorial_taskflow_templates to 2026-04-20 00:00:00+00:00, run_after=2026-04-21 00:00:00+00:00
[2026-04-21T19:14:58.244+0530] {processor.py:208} INFO - Processing /home/ubantu/miniconda3/envs/airflow-dev/lib/python3.11/site-packages/airflow/example_dags/tutorial_taskflow_templates.py took 0.073 seconds
[2026-04-21T19:16:15.862+0530] {processor.py:186} INFO - Started process (PID=7708) to work on /home/ubantu/miniconda3/envs/airflow-dev/lib/python3.11/site-packages/airflow/example_dags/tutorial_taskflow_templates.py
[2026-04-21T19:16:15.863+0530] {processor.py:914} INFO - Processing file /home/ubantu/miniconda3/envs/airflow-dev/lib/python3.11/site-packages/airflow/example_dags/tutorial_taskflow_templates.py for tasks to queue
[2026-04-21T19:16:15.864+0530] {logging_mixin.py:190} INFO - [2026-04-21T19:16:15.864+0530] {dagbag.py:588} INFO - Filling up the DagBag from /home/ubantu/miniconda3/envs/airflow-dev/lib/python3.11/site-packages/airflow/example_dags/tutorial_taskflow_templates.py
[2026-04-21T19:16:15.876+0530] {processor.py:925} INFO - DAG(s) 'tutorial_taskflow_templates' retrieved from /home/ubantu/miniconda3/envs/airflow-dev/lib/python3.11/site-packages/airflow/example_dags/tutorial_taskflow_templates.py
[2026-04-21T19:16:15.893+0530] {logging_mixin.py:190} INFO - [2026-04-21T19:16:15.892+0530] {dag.py:3239} INFO - Sync 1 DAGs
[2026-04-21T19:16:15.908+0530] {logging_mixin.py:190} INFO - [2026-04-21T19:16:15.908+0530] {dag.py:4180} INFO - Setting next_dagrun for tutorial_taskflow_templates to 2026-04-20 00:00:00+00:00, run_after=2026-04-21 00:00:00+00:00
[2026-04-21T19:16:15.924+0530] {processor.py:208} INFO - Processing /home/ubantu/miniconda3/envs/airflow-dev/lib/python3.11/site-packages/airflow/example_dags/tutorial_taskflow_templates.py took 0.069 seconds
[2026-04-21T19:22:08.151+0530] {processor.py:186} INFO - Started process (PID=8316) to work on /home/ubantu/airflow-src/airflow/example_dags/tutorial_taskflow_templates.py
[2026-04-21T19:22:08.152+0530] {processor.py:914} INFO - Processing file /home/ubantu/airflow-src/airflow/example_dags/tutorial_taskflow_templates.py for tasks to queue
[2026-04-21T19:22:08.153+0530] {logging_mixin.py:190} INFO - [2026-04-21T19:22:08.153+0530] {dagbag.py:588} INFO - Filling up the DagBag from /home/ubantu/airflow-src/airflow/example_dags/tutorial_taskflow_templates.py
[2026-04-21T19:22:08.166+0530] {processor.py:925} INFO - DAG(s) 'tutorial_taskflow_templates' retrieved from /home/ubantu/airflow-src/airflow/example_dags/tutorial_taskflow_templates.py
[2026-04-21T19:22:08.227+0530] {logging_mixin.py:190} INFO - [2026-04-21T19:22:08.227+0530] {dag.py:3239} INFO - Sync 1 DAGs
[2026-04-21T19:22:08.243+0530] {logging_mixin.py:190} INFO - [2026-04-21T19:22:08.242+0530] {dag.py:4180} INFO - Setting next_dagrun for tutorial_taskflow_templates to 2026-04-20 00:00:00+00:00, run_after=2026-04-21 00:00:00+00:00
[2026-04-21T19:22:08.261+0530] {processor.py:208} INFO - Processing /home/ubantu/airflow-src/airflow/example_dags/tutorial_taskflow_templates.py took 0.117 seconds
[2026-04-21T19:24:01.955+0530] {processor.py:186} INFO - Started process (PID=8443) to work on /home/ubantu/airflow-src/airflow/example_dags/tutorial_taskflow_templates.py
[2026-04-21T19:24:01.956+0530] {processor.py:914} INFO - Processing file /home/ubantu/airflow-src/airflow/example_dags/tutorial_taskflow_templates.py for tasks to queue
[2026-04-21T19:24:01.957+0530] {logging_mixin.py:190} INFO - [2026-04-21T19:24:01.957+0530] {dagbag.py:588} INFO - Filling up the DagBag from /home/ubantu/airflow-src/airflow/example_dags/tutorial_taskflow_templates.py
[2026-04-21T19:24:01.968+0530] {processor.py:925} INFO - DAG(s) 'tutorial_taskflow_templates' retrieved from /home/ubantu/airflow-src/airflow/example_dags/tutorial_taskflow_templates.py
[2026-04-21T19:24:01.985+0530] {logging_mixin.py:190} INFO - [2026-04-21T19:24:01.984+0530] {dag.py:3239} INFO - Sync 1 DAGs
[2026-04-21T19:24:02.001+0530] {logging_mixin.py:190} INFO - [2026-04-21T19:24:02.001+0530] {dag.py:4180} INFO - Setting next_dagrun for tutorial_taskflow_templates to 2026-04-20 00:00:00+00:00, run_after=2026-04-21 00:00:00+00:00
[2026-04-21T19:24:02.018+0530] {processor.py:208} INFO - Processing /home/ubantu/airflow-src/airflow/example_dags/tutorial_taskflow_templates.py took 0.068 seconds
[2026-04-21T19:26:43.166+0530] {processor.py:186} INFO - Started process (PID=8673) to work on /home/ubantu/airflow-src/airflow/example_dags/tutorial_taskflow_templates.py
[2026-04-21T19:26:43.168+0530] {processor.py:914} INFO - Processing file /home/ubantu/airflow-src/airflow/example_dags/tutorial_taskflow_templates.py for tasks to queue
[2026-04-21T19:26:43.169+0530] {logging_mixin.py:190} INFO - [2026-04-21T19:26:43.169+0530] {dagbag.py:588} INFO - Filling up the DagBag from /home/ubantu/airflow-src/airflow/example_dags/tutorial_taskflow_templates.py
[2026-04-21T19:26:43.186+0530] {processor.py:925} INFO - DAG(s) 'tutorial_taskflow_templates' retrieved from /home/ubantu/airflow-src/airflow/example_dags/tutorial_taskflow_templates.py
[2026-04-21T19:26:43.208+0530] {logging_mixin.py:190} INFO - [2026-04-21T19:26:43.207+0530] {dag.py:3239} INFO - Sync 1 DAGs
[2026-04-21T19:26:43.226+0530] {logging_mixin.py:190} INFO - [2026-04-21T19:26:43.226+0530] {dag.py:4180} INFO - Setting next_dagrun for tutorial_taskflow_templates to 2026-04-20 00:00:00+00:00, run_after=2026-04-21 00:00:00+00:00
[2026-04-21T19:26:43.245+0530] {processor.py:208} INFO - Processing /home/ubantu/airflow-src/airflow/example_dags/tutorial_taskflow_templates.py took 0.087 seconds
