[2026-04-21T18:45:45.396+0530] {processor.py:186} INFO - Started process (PID=5364) to work on /home/ubantu/miniconda3/envs/airflow-dev/lib/python3.11/site-packages/airflow/example_dags/tutorial_taskflow_api_virtualenv.py
[2026-04-21T18:45:45.397+0530] {processor.py:914} INFO - Processing file /home/ubantu/miniconda3/envs/airflow-dev/lib/python3.11/site-packages/airflow/example_dags/tutorial_taskflow_api_virtualenv.py for tasks to queue
[2026-04-21T18:45:45.400+0530] {logging_mixin.py:190} INFO - [2026-04-21T18:45:45.400+0530] {dagbag.py:588} INFO - Filling up the DagBag from /home/ubantu/miniconda3/envs/airflow-dev/lib/python3.11/site-packages/airflow/example_dags/tutorial_taskflow_api_virtualenv.py
[2026-04-21T18:45:45.403+0530] {logging_mixin.py:190} INFO - [2026-04-21T18:45:45.403+0530] {tutorial_taskflow_api_virtualenv.py:29} WARNING - The tutorial_taskflow_api_virtualenv example DAG requires virtualenv, please install it.
[2026-04-21T18:45:45.403+0530] {processor.py:927} WARNING - No viable dags retrieved from /home/ubantu/miniconda3/envs/airflow-dev/lib/python3.11/site-packages/airflow/example_dags/tutorial_taskflow_api_virtualenv.py
[2026-04-21T18:45:45.413+0530] {processor.py:208} INFO - Processing /home/ubantu/miniconda3/envs/airflow-dev/lib/python3.11/site-packages/airflow/example_dags/tutorial_taskflow_api_virtualenv.py took 0.024 seconds
[2026-04-21T18:47:40.849+0530] {processor.py:186} INFO - Started process (PID=5594) to work on /home/ubantu/miniconda3/envs/airflow-dev/lib/python3.11/site-packages/airflow/example_dags/tutorial_taskflow_api_virtualenv.py
[2026-04-21T18:47:40.850+0530] {processor.py:914} INFO - Processing file /home/ubantu/miniconda3/envs/airflow-dev/lib/python3.11/site-packages/airflow/example_dags/tutorial_taskflow_api_virtualenv.py for tasks to queue
[2026-04-21T18:47:40.852+0530] {logging_mixin.py:190} INFO - [2026-04-21T18:47:40.852+0530] {dagbag.py:588} INFO - Filling up the DagBag from /home/ubantu/miniconda3/envs/airflow-dev/lib/python3.11/site-packages/airflow/example_dags/tutorial_taskflow_api_virtualenv.py
[2026-04-21T18:47:40.855+0530] {logging_mixin.py:190} INFO - [2026-04-21T18:47:40.855+0530] {tutorial_taskflow_api_virtualenv.py:29} WARNING - The tutorial_taskflow_api_virtualenv example DAG requires virtualenv, please install it.
[2026-04-21T18:47:40.855+0530] {processor.py:927} WARNING - No viable dags retrieved from /home/ubantu/miniconda3/envs/airflow-dev/lib/python3.11/site-packages/airflow/example_dags/tutorial_taskflow_api_virtualenv.py
[2026-04-21T18:47:40.866+0530] {processor.py:208} INFO - Processing /home/ubantu/miniconda3/envs/airflow-dev/lib/python3.11/site-packages/airflow/example_dags/tutorial_taskflow_api_virtualenv.py took 0.023 seconds
[2026-04-21T18:49:05.885+0530] {processor.py:186} INFO - Started process (PID=5705) to work on /home/ubantu/miniconda3/envs/airflow-dev/lib/python3.11/site-packages/airflow/example_dags/tutorial_taskflow_api_virtualenv.py
[2026-04-21T18:49:05.886+0530] {processor.py:914} INFO - Processing file /home/ubantu/miniconda3/envs/airflow-dev/lib/python3.11/site-packages/airflow/example_dags/tutorial_taskflow_api_virtualenv.py for tasks to queue
[2026-04-21T18:49:05.889+0530] {logging_mixin.py:190} INFO - [2026-04-21T18:49:05.888+0530] {dagbag.py:588} INFO - Filling up the DagBag from /home/ubantu/miniconda3/envs/airflow-dev/lib/python3.11/site-packages/airflow/example_dags/tutorial_taskflow_api_virtualenv.py
[2026-04-21T18:49:05.892+0530] {logging_mixin.py:190} INFO - [2026-04-21T18:49:05.892+0530] {tutorial_taskflow_api_virtualenv.py:29} WARNING - The tutorial_taskflow_api_virtualenv example DAG requires virtualenv, please install it.
[2026-04-21T18:49:05.892+0530] {processor.py:927} WARNING - No viable dags retrieved from /home/ubantu/miniconda3/envs/airflow-dev/lib/python3.11/site-packages/airflow/example_dags/tutorial_taskflow_api_virtualenv.py
[2026-04-21T18:49:05.905+0530] {processor.py:208} INFO - Processing /home/ubantu/miniconda3/envs/airflow-dev/lib/python3.11/site-packages/airflow/example_dags/tutorial_taskflow_api_virtualenv.py took 0.027 seconds
[2026-04-21T18:50:27.515+0530] {processor.py:186} INFO - Started process (PID=5828) to work on /home/ubantu/miniconda3/envs/airflow-dev/lib/python3.11/site-packages/airflow/example_dags/tutorial_taskflow_api_virtualenv.py
[2026-04-21T18:50:27.516+0530] {processor.py:914} INFO - Processing file /home/ubantu/miniconda3/envs/airflow-dev/lib/python3.11/site-packages/airflow/example_dags/tutorial_taskflow_api_virtualenv.py for tasks to queue
[2026-04-21T18:50:27.518+0530] {logging_mixin.py:190} INFO - [2026-04-21T18:50:27.518+0530] {dagbag.py:588} INFO - Filling up the DagBag from /home/ubantu/miniconda3/envs/airflow-dev/lib/python3.11/site-packages/airflow/example_dags/tutorial_taskflow_api_virtualenv.py
[2026-04-21T18:50:27.521+0530] {logging_mixin.py:190} INFO - [2026-04-21T18:50:27.521+0530] {tutorial_taskflow_api_virtualenv.py:29} WARNING - The tutorial_taskflow_api_virtualenv example DAG requires virtualenv, please install it.
[2026-04-21T18:50:27.521+0530] {processor.py:927} WARNING - No viable dags retrieved from /home/ubantu/miniconda3/envs/airflow-dev/lib/python3.11/site-packages/airflow/example_dags/tutorial_taskflow_api_virtualenv.py
[2026-04-21T18:50:27.531+0530] {processor.py:208} INFO - Processing /home/ubantu/miniconda3/envs/airflow-dev/lib/python3.11/site-packages/airflow/example_dags/tutorial_taskflow_api_virtualenv.py took 0.023 seconds
[2026-04-21T18:51:46.748+0530] {processor.py:186} INFO - Started process (PID=5916) to work on /home/ubantu/miniconda3/envs/airflow-dev/lib/python3.11/site-packages/airflow/example_dags/tutorial_taskflow_api_virtualenv.py
[2026-04-21T18:51:46.750+0530] {processor.py:914} INFO - Processing file /home/ubantu/miniconda3/envs/airflow-dev/lib/python3.11/site-packages/airflow/example_dags/tutorial_taskflow_api_virtualenv.py for tasks to queue
[2026-04-21T18:51:46.752+0530] {logging_mixin.py:190} INFO - [2026-04-21T18:51:46.751+0530] {dagbag.py:588} INFO - Filling up the DagBag from /home/ubantu/miniconda3/envs/airflow-dev/lib/python3.11/site-packages/airflow/example_dags/tutorial_taskflow_api_virtualenv.py
[2026-04-21T18:51:46.755+0530] {logging_mixin.py:190} INFO - [2026-04-21T18:51:46.755+0530] {tutorial_taskflow_api_virtualenv.py:29} WARNING - The tutorial_taskflow_api_virtualenv example DAG requires virtualenv, please install it.
[2026-04-21T18:51:46.755+0530] {processor.py:927} WARNING - No viable dags retrieved from /home/ubantu/miniconda3/envs/airflow-dev/lib/python3.11/site-packages/airflow/example_dags/tutorial_taskflow_api_virtualenv.py
[2026-04-21T18:51:46.765+0530] {processor.py:208} INFO - Processing /home/ubantu/miniconda3/envs/airflow-dev/lib/python3.11/site-packages/airflow/example_dags/tutorial_taskflow_api_virtualenv.py took 0.023 seconds
[2026-04-21T18:53:05.933+0530] {processor.py:186} INFO - Started process (PID=6038) to work on /home/ubantu/miniconda3/envs/airflow-dev/lib/python3.11/site-packages/airflow/example_dags/tutorial_taskflow_api_virtualenv.py
[2026-04-21T18:53:05.934+0530] {processor.py:914} INFO - Processing file /home/ubantu/miniconda3/envs/airflow-dev/lib/python3.11/site-packages/airflow/example_dags/tutorial_taskflow_api_virtualenv.py for tasks to queue
[2026-04-21T18:53:05.936+0530] {logging_mixin.py:190} INFO - [2026-04-21T18:53:05.936+0530] {dagbag.py:588} INFO - Filling up the DagBag from /home/ubantu/miniconda3/envs/airflow-dev/lib/python3.11/site-packages/airflow/example_dags/tutorial_taskflow_api_virtualenv.py
[2026-04-21T18:53:05.939+0530] {logging_mixin.py:190} INFO - [2026-04-21T18:53:05.939+0530] {tutorial_taskflow_api_virtualenv.py:29} WARNING - The tutorial_taskflow_api_virtualenv example DAG requires virtualenv, please install it.
[2026-04-21T18:53:05.939+0530] {processor.py:927} WARNING - No viable dags retrieved from /home/ubantu/miniconda3/envs/airflow-dev/lib/python3.11/site-packages/airflow/example_dags/tutorial_taskflow_api_virtualenv.py
[2026-04-21T18:53:05.950+0530] {processor.py:208} INFO - Processing /home/ubantu/miniconda3/envs/airflow-dev/lib/python3.11/site-packages/airflow/example_dags/tutorial_taskflow_api_virtualenv.py took 0.024 seconds
[2026-04-21T18:54:25.751+0530] {processor.py:186} INFO - Started process (PID=6151) to work on /home/ubantu/miniconda3/envs/airflow-dev/lib/python3.11/site-packages/airflow/example_dags/tutorial_taskflow_api_virtualenv.py
[2026-04-21T18:54:25.752+0530] {processor.py:914} INFO - Processing file /home/ubantu/miniconda3/envs/airflow-dev/lib/python3.11/site-packages/airflow/example_dags/tutorial_taskflow_api_virtualenv.py for tasks to queue
[2026-04-21T18:54:25.755+0530] {logging_mixin.py:190} INFO - [2026-04-21T18:54:25.754+0530] {dagbag.py:588} INFO - Filling up the DagBag from /home/ubantu/miniconda3/envs/airflow-dev/lib/python3.11/site-packages/airflow/example_dags/tutorial_taskflow_api_virtualenv.py
[2026-04-21T18:54:25.758+0530] {logging_mixin.py:190} INFO - [2026-04-21T18:54:25.758+0530] {tutorial_taskflow_api_virtualenv.py:29} WARNING - The tutorial_taskflow_api_virtualenv example DAG requires virtualenv, please install it.
[2026-04-21T18:54:25.758+0530] {processor.py:927} WARNING - No viable dags retrieved from /home/ubantu/miniconda3/envs/airflow-dev/lib/python3.11/site-packages/airflow/example_dags/tutorial_taskflow_api_virtualenv.py
[2026-04-21T18:54:25.770+0530] {processor.py:208} INFO - Processing /home/ubantu/miniconda3/envs/airflow-dev/lib/python3.11/site-packages/airflow/example_dags/tutorial_taskflow_api_virtualenv.py took 0.025 seconds
[2026-04-21T18:55:44.904+0530] {processor.py:186} INFO - Started process (PID=6261) to work on /home/ubantu/miniconda3/envs/airflow-dev/lib/python3.11/site-packages/airflow/example_dags/tutorial_taskflow_api_virtualenv.py
[2026-04-21T18:55:44.906+0530] {processor.py:914} INFO - Processing file /home/ubantu/miniconda3/envs/airflow-dev/lib/python3.11/site-packages/airflow/example_dags/tutorial_taskflow_api_virtualenv.py for tasks to queue
[2026-04-21T18:55:44.910+0530] {logging_mixin.py:190} INFO - [2026-04-21T18:55:44.909+0530] {dagbag.py:588} INFO - Filling up the DagBag from /home/ubantu/miniconda3/envs/airflow-dev/lib/python3.11/site-packages/airflow/example_dags/tutorial_taskflow_api_virtualenv.py
[2026-04-21T18:55:44.917+0530] {logging_mixin.py:190} INFO - [2026-04-21T18:55:44.916+0530] {tutorial_taskflow_api_virtualenv.py:29} WARNING - The tutorial_taskflow_api_virtualenv example DAG requires virtualenv, please install it.
[2026-04-21T18:55:44.917+0530] {processor.py:927} WARNING - No viable dags retrieved from /home/ubantu/miniconda3/envs/airflow-dev/lib/python3.11/site-packages/airflow/example_dags/tutorial_taskflow_api_virtualenv.py
[2026-04-21T18:55:44.938+0530] {processor.py:208} INFO - Processing /home/ubantu/miniconda3/envs/airflow-dev/lib/python3.11/site-packages/airflow/example_dags/tutorial_taskflow_api_virtualenv.py took 0.047 seconds
[2026-04-21T18:57:01.485+0530] {processor.py:186} INFO - Started process (PID=6370) to work on /home/ubantu/miniconda3/envs/airflow-dev/lib/python3.11/site-packages/airflow/example_dags/tutorial_taskflow_api_virtualenv.py
[2026-04-21T18:57:01.487+0530] {processor.py:914} INFO - Processing file /home/ubantu/miniconda3/envs/airflow-dev/lib/python3.11/site-packages/airflow/example_dags/tutorial_taskflow_api_virtualenv.py for tasks to queue
[2026-04-21T18:57:01.489+0530] {logging_mixin.py:190} INFO - [2026-04-21T18:57:01.489+0530] {dagbag.py:588} INFO - Filling up the DagBag from /home/ubantu/miniconda3/envs/airflow-dev/lib/python3.11/site-packages/airflow/example_dags/tutorial_taskflow_api_virtualenv.py
[2026-04-21T18:57:01.492+0530] {logging_mixin.py:190} INFO - [2026-04-21T18:57:01.492+0530] {tutorial_taskflow_api_virtualenv.py:29} WARNING - The tutorial_taskflow_api_virtualenv example DAG requires virtualenv, please install it.
[2026-04-21T18:57:01.492+0530] {processor.py:927} WARNING - No viable dags retrieved from /home/ubantu/miniconda3/envs/airflow-dev/lib/python3.11/site-packages/airflow/example_dags/tutorial_taskflow_api_virtualenv.py
[2026-04-21T18:57:01.502+0530] {processor.py:208} INFO - Processing /home/ubantu/miniconda3/envs/airflow-dev/lib/python3.11/site-packages/airflow/example_dags/tutorial_taskflow_api_virtualenv.py took 0.022 seconds
[2026-04-21T19:00:43.050+0530] {processor.py:186} INFO - Started process (PID=6509) to work on /home/ubantu/miniconda3/envs/airflow-dev/lib/python3.11/site-packages/airflow/example_dags/tutorial_taskflow_api_virtualenv.py
[2026-04-21T19:00:43.052+0530] {processor.py:914} INFO - Processing file /home/ubantu/miniconda3/envs/airflow-dev/lib/python3.11/site-packages/airflow/example_dags/tutorial_taskflow_api_virtualenv.py for tasks to queue
[2026-04-21T19:00:43.053+0530] {logging_mixin.py:190} INFO - [2026-04-21T19:00:43.053+0530] {dagbag.py:588} INFO - Filling up the DagBag from /home/ubantu/miniconda3/envs/airflow-dev/lib/python3.11/site-packages/airflow/example_dags/tutorial_taskflow_api_virtualenv.py
[2026-04-21T19:00:43.057+0530] {logging_mixin.py:190} INFO - [2026-04-21T19:00:43.057+0530] {tutorial_taskflow_api_virtualenv.py:29} WARNING - The tutorial_taskflow_api_virtualenv example DAG requires virtualenv, please install it.
[2026-04-21T19:00:43.057+0530] {processor.py:927} WARNING - No viable dags retrieved from /home/ubantu/miniconda3/envs/airflow-dev/lib/python3.11/site-packages/airflow/example_dags/tutorial_taskflow_api_virtualenv.py
[2026-04-21T19:00:43.070+0530] {processor.py:208} INFO - Processing /home/ubantu/miniconda3/envs/airflow-dev/lib/python3.11/site-packages/airflow/example_dags/tutorial_taskflow_api_virtualenv.py took 0.026 seconds
[2026-04-21T19:02:32.663+0530] {processor.py:186} INFO - Started process (PID=6647) to work on /home/ubantu/miniconda3/envs/airflow-dev/lib/python3.11/site-packages/airflow/example_dags/tutorial_taskflow_api_virtualenv.py
[2026-04-21T19:02:32.665+0530] {processor.py:914} INFO - Processing file /home/ubantu/miniconda3/envs/airflow-dev/lib/python3.11/site-packages/airflow/example_dags/tutorial_taskflow_api_virtualenv.py for tasks to queue
[2026-04-21T19:02:32.668+0530] {logging_mixin.py:190} INFO - [2026-04-21T19:02:32.667+0530] {dagbag.py:588} INFO - Filling up the DagBag from /home/ubantu/miniconda3/envs/airflow-dev/lib/python3.11/site-packages/airflow/example_dags/tutorial_taskflow_api_virtualenv.py
[2026-04-21T19:02:32.673+0530] {logging_mixin.py:190} INFO - [2026-04-21T19:02:32.673+0530] {tutorial_taskflow_api_virtualenv.py:29} WARNING - The tutorial_taskflow_api_virtualenv example DAG requires virtualenv, please install it.
[2026-04-21T19:02:32.674+0530] {processor.py:927} WARNING - No viable dags retrieved from /home/ubantu/miniconda3/envs/airflow-dev/lib/python3.11/site-packages/airflow/example_dags/tutorial_taskflow_api_virtualenv.py
[2026-04-21T19:02:32.694+0530] {processor.py:208} INFO - Processing /home/ubantu/miniconda3/envs/airflow-dev/lib/python3.11/site-packages/airflow/example_dags/tutorial_taskflow_api_virtualenv.py took 0.043 seconds
[2026-04-21T19:03:51.519+0530] {processor.py:186} INFO - Started process (PID=6752) to work on /home/ubantu/miniconda3/envs/airflow-dev/lib/python3.11/site-packages/airflow/example_dags/tutorial_taskflow_api_virtualenv.py
[2026-04-21T19:03:51.520+0530] {processor.py:914} INFO - Processing file /home/ubantu/miniconda3/envs/airflow-dev/lib/python3.11/site-packages/airflow/example_dags/tutorial_taskflow_api_virtualenv.py for tasks to queue
[2026-04-21T19:03:51.522+0530] {logging_mixin.py:190} INFO - [2026-04-21T19:03:51.521+0530] {dagbag.py:588} INFO - Filling up the DagBag from /home/ubantu/miniconda3/envs/airflow-dev/lib/python3.11/site-packages/airflow/example_dags/tutorial_taskflow_api_virtualenv.py
[2026-04-21T19:03:51.525+0530] {logging_mixin.py:190} INFO - [2026-04-21T19:03:51.525+0530] {tutorial_taskflow_api_virtualenv.py:29} WARNING - The tutorial_taskflow_api_virtualenv example DAG requires virtualenv, please install it.
[2026-04-21T19:03:51.526+0530] {processor.py:927} WARNING - No viable dags retrieved from /home/ubantu/miniconda3/envs/airflow-dev/lib/python3.11/site-packages/airflow/example_dags/tutorial_taskflow_api_virtualenv.py
[2026-04-21T19:03:51.540+0530] {processor.py:208} INFO - Processing /home/ubantu/miniconda3/envs/airflow-dev/lib/python3.11/site-packages/airflow/example_dags/tutorial_taskflow_api_virtualenv.py took 0.029 seconds
[2026-04-21T19:05:17.249+0530] {processor.py:186} INFO - Started process (PID=6805) to work on /home/ubantu/miniconda3/envs/airflow-dev/lib/python3.11/site-packages/airflow/example_dags/tutorial_taskflow_api_virtualenv.py
[2026-04-21T19:05:17.250+0530] {processor.py:914} INFO - Processing file /home/ubantu/miniconda3/envs/airflow-dev/lib/python3.11/site-packages/airflow/example_dags/tutorial_taskflow_api_virtualenv.py for tasks to queue
[2026-04-21T19:05:17.252+0530] {logging_mixin.py:190} INFO - [2026-04-21T19:05:17.251+0530] {dagbag.py:588} INFO - Filling up the DagBag from /home/ubantu/miniconda3/envs/airflow-dev/lib/python3.11/site-packages/airflow/example_dags/tutorial_taskflow_api_virtualenv.py
[2026-04-21T19:05:17.254+0530] {logging_mixin.py:190} INFO - [2026-04-21T19:05:17.254+0530] {tutorial_taskflow_api_virtualenv.py:29} WARNING - The tutorial_taskflow_api_virtualenv example DAG requires virtualenv, please install it.
[2026-04-21T19:05:17.255+0530] {processor.py:927} WARNING - No viable dags retrieved from /home/ubantu/miniconda3/envs/airflow-dev/lib/python3.11/site-packages/airflow/example_dags/tutorial_taskflow_api_virtualenv.py
[2026-04-21T19:05:17.265+0530] {processor.py:208} INFO - Processing /home/ubantu/miniconda3/envs/airflow-dev/lib/python3.11/site-packages/airflow/example_dags/tutorial_taskflow_api_virtualenv.py took 0.022 seconds
[2026-04-21T19:07:04.827+0530] {processor.py:186} INFO - Started process (PID=6953) to work on /home/ubantu/miniconda3/envs/airflow-dev/lib/python3.11/site-packages/airflow/example_dags/tutorial_taskflow_api_virtualenv.py
[2026-04-21T19:07:04.828+0530] {processor.py:914} INFO - Processing file /home/ubantu/miniconda3/envs/airflow-dev/lib/python3.11/site-packages/airflow/example_dags/tutorial_taskflow_api_virtualenv.py for tasks to queue
[2026-04-21T19:07:04.830+0530] {logging_mixin.py:190} INFO - [2026-04-21T19:07:04.830+0530] {dagbag.py:588} INFO - Filling up the DagBag from /home/ubantu/miniconda3/envs/airflow-dev/lib/python3.11/site-packages/airflow/example_dags/tutorial_taskflow_api_virtualenv.py
[2026-04-21T19:07:04.835+0530] {logging_mixin.py:190} INFO - [2026-04-21T19:07:04.835+0530] {tutorial_taskflow_api_virtualenv.py:29} WARNING - The tutorial_taskflow_api_virtualenv example DAG requires virtualenv, please install it.
[2026-04-21T19:07:04.835+0530] {processor.py:927} WARNING - No viable dags retrieved from /home/ubantu/miniconda3/envs/airflow-dev/lib/python3.11/site-packages/airflow/example_dags/tutorial_taskflow_api_virtualenv.py
[2026-04-21T19:07:04.853+0530] {processor.py:208} INFO - Processing /home/ubantu/miniconda3/envs/airflow-dev/lib/python3.11/site-packages/airflow/example_dags/tutorial_taskflow_api_virtualenv.py took 0.038 seconds
[2026-04-21T19:08:22.917+0530] {processor.py:186} INFO - Started process (PID=7066) to work on /home/ubantu/miniconda3/envs/airflow-dev/lib/python3.11/site-packages/airflow/example_dags/tutorial_taskflow_api_virtualenv.py
[2026-04-21T19:08:22.918+0530] {processor.py:914} INFO - Processing file /home/ubantu/miniconda3/envs/airflow-dev/lib/python3.11/site-packages/airflow/example_dags/tutorial_taskflow_api_virtualenv.py for tasks to queue
[2026-04-21T19:08:22.919+0530] {logging_mixin.py:190} INFO - [2026-04-21T19:08:22.919+0530] {dagbag.py:588} INFO - Filling up the DagBag from /home/ubantu/miniconda3/envs/airflow-dev/lib/python3.11/site-packages/airflow/example_dags/tutorial_taskflow_api_virtualenv.py
[2026-04-21T19:08:22.922+0530] {logging_mixin.py:190} INFO - [2026-04-21T19:08:22.922+0530] {tutorial_taskflow_api_virtualenv.py:29} WARNING - The tutorial_taskflow_api_virtualenv example DAG requires virtualenv, please install it.
[2026-04-21T19:08:22.923+0530] {processor.py:927} WARNING - No viable dags retrieved from /home/ubantu/miniconda3/envs/airflow-dev/lib/python3.11/site-packages/airflow/example_dags/tutorial_taskflow_api_virtualenv.py
[2026-04-21T19:08:22.934+0530] {processor.py:208} INFO - Processing /home/ubantu/miniconda3/envs/airflow-dev/lib/python3.11/site-packages/airflow/example_dags/tutorial_taskflow_api_virtualenv.py took 0.024 seconds
[2026-04-21T19:09:40.675+0530] {processor.py:186} INFO - Started process (PID=7168) to work on /home/ubantu/miniconda3/envs/airflow-dev/lib/python3.11/site-packages/airflow/example_dags/tutorial_taskflow_api_virtualenv.py
[2026-04-21T19:09:40.676+0530] {processor.py:914} INFO - Processing file /home/ubantu/miniconda3/envs/airflow-dev/lib/python3.11/site-packages/airflow/example_dags/tutorial_taskflow_api_virtualenv.py for tasks to queue
[2026-04-21T19:09:40.678+0530] {logging_mixin.py:190} INFO - [2026-04-21T19:09:40.677+0530] {dagbag.py:588} INFO - Filling up the DagBag from /home/ubantu/miniconda3/envs/airflow-dev/lib/python3.11/site-packages/airflow/example_dags/tutorial_taskflow_api_virtualenv.py
[2026-04-21T19:09:40.680+0530] {logging_mixin.py:190} INFO - [2026-04-21T19:09:40.680+0530] {tutorial_taskflow_api_virtualenv.py:29} WARNING - The tutorial_taskflow_api_virtualenv example DAG requires virtualenv, please install it.
[2026-04-21T19:09:40.680+0530] {processor.py:927} WARNING - No viable dags retrieved from /home/ubantu/miniconda3/envs/airflow-dev/lib/python3.11/site-packages/airflow/example_dags/tutorial_taskflow_api_virtualenv.py
[2026-04-21T19:09:40.689+0530] {processor.py:208} INFO - Processing /home/ubantu/miniconda3/envs/airflow-dev/lib/python3.11/site-packages/airflow/example_dags/tutorial_taskflow_api_virtualenv.py took 0.019 seconds
[2026-04-21T19:10:56.935+0530] {processor.py:186} INFO - Started process (PID=7259) to work on /home/ubantu/miniconda3/envs/airflow-dev/lib/python3.11/site-packages/airflow/example_dags/tutorial_taskflow_api_virtualenv.py
[2026-04-21T19:10:56.937+0530] {processor.py:914} INFO - Processing file /home/ubantu/miniconda3/envs/airflow-dev/lib/python3.11/site-packages/airflow/example_dags/tutorial_taskflow_api_virtualenv.py for tasks to queue
[2026-04-21T19:10:56.939+0530] {logging_mixin.py:190} INFO - [2026-04-21T19:10:56.938+0530] {dagbag.py:588} INFO - Filling up the DagBag from /home/ubantu/miniconda3/envs/airflow-dev/lib/python3.11/site-packages/airflow/example_dags/tutorial_taskflow_api_virtualenv.py
[2026-04-21T19:10:56.942+0530] {logging_mixin.py:190} INFO - [2026-04-21T19:10:56.942+0530] {tutorial_taskflow_api_virtualenv.py:29} WARNING - The tutorial_taskflow_api_virtualenv example DAG requires virtualenv, please install it.
[2026-04-21T19:10:56.942+0530] {processor.py:927} WARNING - No viable dags retrieved from /home/ubantu/miniconda3/envs/airflow-dev/lib/python3.11/site-packages/airflow/example_dags/tutorial_taskflow_api_virtualenv.py
[2026-04-21T19:10:56.955+0530] {processor.py:208} INFO - Processing /home/ubantu/miniconda3/envs/airflow-dev/lib/python3.11/site-packages/airflow/example_dags/tutorial_taskflow_api_virtualenv.py took 0.027 seconds
[2026-04-21T19:12:16.465+0530] {processor.py:186} INFO - Started process (PID=7365) to work on /home/ubantu/miniconda3/envs/airflow-dev/lib/python3.11/site-packages/airflow/example_dags/tutorial_taskflow_api_virtualenv.py
[2026-04-21T19:12:16.466+0530] {processor.py:914} INFO - Processing file /home/ubantu/miniconda3/envs/airflow-dev/lib/python3.11/site-packages/airflow/example_dags/tutorial_taskflow_api_virtualenv.py for tasks to queue
[2026-04-21T19:12:16.467+0530] {logging_mixin.py:190} INFO - [2026-04-21T19:12:16.467+0530] {dagbag.py:588} INFO - Filling up the DagBag from /home/ubantu/miniconda3/envs/airflow-dev/lib/python3.11/site-packages/airflow/example_dags/tutorial_taskflow_api_virtualenv.py
[2026-04-21T19:12:16.470+0530] {logging_mixin.py:190} INFO - [2026-04-21T19:12:16.470+0530] {tutorial_taskflow_api_virtualenv.py:29} WARNING - The tutorial_taskflow_api_virtualenv example DAG requires virtualenv, please install it.
[2026-04-21T19:12:16.470+0530] {processor.py:927} WARNING - No viable dags retrieved from /home/ubantu/miniconda3/envs/airflow-dev/lib/python3.11/site-packages/airflow/example_dags/tutorial_taskflow_api_virtualenv.py
[2026-04-21T19:12:16.481+0530] {processor.py:208} INFO - Processing /home/ubantu/miniconda3/envs/airflow-dev/lib/python3.11/site-packages/airflow/example_dags/tutorial_taskflow_api_virtualenv.py took 0.021 seconds
[2026-04-21T19:13:37.681+0530] {processor.py:186} INFO - Started process (PID=7489) to work on /home/ubantu/miniconda3/envs/airflow-dev/lib/python3.11/site-packages/airflow/example_dags/tutorial_taskflow_api_virtualenv.py
[2026-04-21T19:13:37.682+0530] {processor.py:914} INFO - Processing file /home/ubantu/miniconda3/envs/airflow-dev/lib/python3.11/site-packages/airflow/example_dags/tutorial_taskflow_api_virtualenv.py for tasks to queue
[2026-04-21T19:13:37.684+0530] {logging_mixin.py:190} INFO - [2026-04-21T19:13:37.683+0530] {dagbag.py:588} INFO - Filling up the DagBag from /home/ubantu/miniconda3/envs/airflow-dev/lib/python3.11/site-packages/airflow/example_dags/tutorial_taskflow_api_virtualenv.py
[2026-04-21T19:13:37.687+0530] {logging_mixin.py:190} INFO - [2026-04-21T19:13:37.686+0530] {tutorial_taskflow_api_virtualenv.py:29} WARNING - The tutorial_taskflow_api_virtualenv example DAG requires virtualenv, please install it.
[2026-04-21T19:13:37.687+0530] {processor.py:927} WARNING - No viable dags retrieved from /home/ubantu/miniconda3/envs/airflow-dev/lib/python3.11/site-packages/airflow/example_dags/tutorial_taskflow_api_virtualenv.py
[2026-04-21T19:13:37.697+0530] {processor.py:208} INFO - Processing /home/ubantu/miniconda3/envs/airflow-dev/lib/python3.11/site-packages/airflow/example_dags/tutorial_taskflow_api_virtualenv.py took 0.022 seconds
[2026-04-21T19:14:58.890+0530] {processor.py:186} INFO - Started process (PID=7593) to work on /home/ubantu/miniconda3/envs/airflow-dev/lib/python3.11/site-packages/airflow/example_dags/tutorial_taskflow_api_virtualenv.py
[2026-04-21T19:14:58.892+0530] {processor.py:914} INFO - Processing file /home/ubantu/miniconda3/envs/airflow-dev/lib/python3.11/site-packages/airflow/example_dags/tutorial_taskflow_api_virtualenv.py for tasks to queue
[2026-04-21T19:14:58.894+0530] {logging_mixin.py:190} INFO - [2026-04-21T19:14:58.893+0530] {dagbag.py:588} INFO - Filling up the DagBag from /home/ubantu/miniconda3/envs/airflow-dev/lib/python3.11/site-packages/airflow/example_dags/tutorial_taskflow_api_virtualenv.py
[2026-04-21T19:14:58.898+0530] {logging_mixin.py:190} INFO - [2026-04-21T19:14:58.897+0530] {tutorial_taskflow_api_virtualenv.py:29} WARNING - The tutorial_taskflow_api_virtualenv example DAG requires virtualenv, please install it.
[2026-04-21T19:14:58.898+0530] {processor.py:927} WARNING - No viable dags retrieved from /home/ubantu/miniconda3/envs/airflow-dev/lib/python3.11/site-packages/airflow/example_dags/tutorial_taskflow_api_virtualenv.py
[2026-04-21T19:14:58.912+0530] {processor.py:208} INFO - Processing /home/ubantu/miniconda3/envs/airflow-dev/lib/python3.11/site-packages/airflow/example_dags/tutorial_taskflow_api_virtualenv.py took 0.030 seconds
[2026-04-21T19:16:17.022+0530] {processor.py:186} INFO - Started process (PID=7709) to work on /home/ubantu/miniconda3/envs/airflow-dev/lib/python3.11/site-packages/airflow/example_dags/tutorial_taskflow_api_virtualenv.py
[2026-04-21T19:16:17.023+0530] {processor.py:914} INFO - Processing file /home/ubantu/miniconda3/envs/airflow-dev/lib/python3.11/site-packages/airflow/example_dags/tutorial_taskflow_api_virtualenv.py for tasks to queue
[2026-04-21T19:16:17.025+0530] {logging_mixin.py:190} INFO - [2026-04-21T19:16:17.024+0530] {dagbag.py:588} INFO - Filling up the DagBag from /home/ubantu/miniconda3/envs/airflow-dev/lib/python3.11/site-packages/airflow/example_dags/tutorial_taskflow_api_virtualenv.py
[2026-04-21T19:16:17.028+0530] {logging_mixin.py:190} INFO - [2026-04-21T19:16:17.028+0530] {tutorial_taskflow_api_virtualenv.py:29} WARNING - The tutorial_taskflow_api_virtualenv example DAG requires virtualenv, please install it.
[2026-04-21T19:16:17.028+0530] {processor.py:927} WARNING - No viable dags retrieved from /home/ubantu/miniconda3/envs/airflow-dev/lib/python3.11/site-packages/airflow/example_dags/tutorial_taskflow_api_virtualenv.py
[2026-04-21T19:16:17.039+0530] {processor.py:208} INFO - Processing /home/ubantu/miniconda3/envs/airflow-dev/lib/python3.11/site-packages/airflow/example_dags/tutorial_taskflow_api_virtualenv.py took 0.024 seconds
[2026-04-21T19:22:05.339+0530] {processor.py:186} INFO - Started process (PID=8311) to work on /home/ubantu/airflow-src/airflow/example_dags/tutorial_taskflow_api_virtualenv.py
[2026-04-21T19:22:05.341+0530] {processor.py:914} INFO - Processing file /home/ubantu/airflow-src/airflow/example_dags/tutorial_taskflow_api_virtualenv.py for tasks to queue
[2026-04-21T19:22:05.342+0530] {logging_mixin.py:190} INFO - [2026-04-21T19:22:05.341+0530] {dagbag.py:588} INFO - Filling up the DagBag from /home/ubantu/airflow-src/airflow/example_dags/tutorial_taskflow_api_virtualenv.py
[2026-04-21T19:22:05.345+0530] {logging_mixin.py:190} INFO - [2026-04-21T19:22:05.344+0530] {tutorial_taskflow_api_virtualenv.py:29} WARNING - The tutorial_taskflow_api_virtualenv example DAG requires virtualenv, please install it.
[2026-04-21T19:22:05.345+0530] {processor.py:927} WARNING - No viable dags retrieved from /home/ubantu/airflow-src/airflow/example_dags/tutorial_taskflow_api_virtualenv.py
[2026-04-21T19:22:05.353+0530] {processor.py:208} INFO - Processing /home/ubantu/airflow-src/airflow/example_dags/tutorial_taskflow_api_virtualenv.py took 0.020 seconds
[2026-04-21T19:23:58.681+0530] {processor.py:186} INFO - Started process (PID=8440) to work on /home/ubantu/airflow-src/airflow/example_dags/tutorial_taskflow_api_virtualenv.py
[2026-04-21T19:23:58.682+0530] {processor.py:914} INFO - Processing file /home/ubantu/airflow-src/airflow/example_dags/tutorial_taskflow_api_virtualenv.py for tasks to queue
[2026-04-21T19:23:58.684+0530] {logging_mixin.py:190} INFO - [2026-04-21T19:23:58.683+0530] {dagbag.py:588} INFO - Filling up the DagBag from /home/ubantu/airflow-src/airflow/example_dags/tutorial_taskflow_api_virtualenv.py
[2026-04-21T19:23:58.687+0530] {logging_mixin.py:190} INFO - [2026-04-21T19:23:58.686+0530] {tutorial_taskflow_api_virtualenv.py:29} WARNING - The tutorial_taskflow_api_virtualenv example DAG requires virtualenv, please install it.
[2026-04-21T19:23:58.687+0530] {processor.py:927} WARNING - No viable dags retrieved from /home/ubantu/airflow-src/airflow/example_dags/tutorial_taskflow_api_virtualenv.py
[2026-04-21T19:23:58.697+0530] {processor.py:208} INFO - Processing /home/ubantu/airflow-src/airflow/example_dags/tutorial_taskflow_api_virtualenv.py took 0.021 seconds
[2026-04-21T19:25:23.660+0530] {processor.py:186} INFO - Started process (PID=8577) to work on /home/ubantu/airflow-src/airflow/example_dags/tutorial_taskflow_api_virtualenv.py
[2026-04-21T19:25:23.661+0530] {processor.py:914} INFO - Processing file /home/ubantu/airflow-src/airflow/example_dags/tutorial_taskflow_api_virtualenv.py for tasks to queue
[2026-04-21T19:25:23.663+0530] {logging_mixin.py:190} INFO - [2026-04-21T19:25:23.662+0530] {dagbag.py:588} INFO - Filling up the DagBag from /home/ubantu/airflow-src/airflow/example_dags/tutorial_taskflow_api_virtualenv.py
[2026-04-21T19:25:23.666+0530] {logging_mixin.py:190} INFO - [2026-04-21T19:25:23.666+0530] {tutorial_taskflow_api_virtualenv.py:29} WARNING - The tutorial_taskflow_api_virtualenv example DAG requires virtualenv, please install it.
[2026-04-21T19:25:23.666+0530] {processor.py:927} WARNING - No viable dags retrieved from /home/ubantu/airflow-src/airflow/example_dags/tutorial_taskflow_api_virtualenv.py
[2026-04-21T19:25:23.679+0530] {processor.py:208} INFO - Processing /home/ubantu/airflow-src/airflow/example_dags/tutorial_taskflow_api_virtualenv.py took 0.027 seconds
