[2026-04-21T18:45:48.128+0530] {processor.py:186} INFO - Started process (PID=5367) to work on /home/ubantu/miniconda3/envs/airflow-dev/lib/python3.11/site-packages/airflow/example_dags/tutorial_dag.py
[2026-04-21T18:45:48.128+0530] {processor.py:914} INFO - Processing file /home/ubantu/miniconda3/envs/airflow-dev/lib/python3.11/site-packages/airflow/example_dags/tutorial_dag.py for tasks to queue
[2026-04-21T18:45:48.130+0530] {logging_mixin.py:190} INFO - [2026-04-21T18:45:48.130+0530] {dagbag.py:588} INFO - Filling up the DagBag from /home/ubantu/miniconda3/envs/airflow-dev/lib/python3.11/site-packages/airflow/example_dags/tutorial_dag.py
[2026-04-21T18:45:48.139+0530] {processor.py:925} INFO - DAG(s) 'tutorial_dag' retrieved from /home/ubantu/miniconda3/envs/airflow-dev/lib/python3.11/site-packages/airflow/example_dags/tutorial_dag.py
[2026-04-21T18:45:48.239+0530] {logging_mixin.py:190} INFO - [2026-04-21T18:45:48.239+0530] {dag.py:3239} INFO - Sync 1 DAGs
[2026-04-21T18:45:48.248+0530] {logging_mixin.py:190} INFO - [2026-04-21T18:45:48.248+0530] {dag.py:4180} INFO - Setting next_dagrun for tutorial_dag to None, run_after=None
[2026-04-21T18:45:48.266+0530] {processor.py:208} INFO - Processing /home/ubantu/miniconda3/envs/airflow-dev/lib/python3.11/site-packages/airflow/example_dags/tutorial_dag.py took 0.144 seconds
[2026-04-21T18:47:44.128+0530] {processor.py:186} INFO - Started process (PID=5597) to work on /home/ubantu/miniconda3/envs/airflow-dev/lib/python3.11/site-packages/airflow/example_dags/tutorial_dag.py
[2026-04-21T18:47:44.130+0530] {processor.py:914} INFO - Processing file /home/ubantu/miniconda3/envs/airflow-dev/lib/python3.11/site-packages/airflow/example_dags/tutorial_dag.py for tasks to queue
[2026-04-21T18:47:44.132+0530] {logging_mixin.py:190} INFO - [2026-04-21T18:47:44.131+0530] {dagbag.py:588} INFO - Filling up the DagBag from /home/ubantu/miniconda3/envs/airflow-dev/lib/python3.11/site-packages/airflow/example_dags/tutorial_dag.py
[2026-04-21T18:47:44.141+0530] {processor.py:925} INFO - DAG(s) 'tutorial_dag' retrieved from /home/ubantu/miniconda3/envs/airflow-dev/lib/python3.11/site-packages/airflow/example_dags/tutorial_dag.py
[2026-04-21T18:47:44.157+0530] {logging_mixin.py:190} INFO - [2026-04-21T18:47:44.156+0530] {dag.py:3239} INFO - Sync 1 DAGs
[2026-04-21T18:47:44.167+0530] {logging_mixin.py:190} INFO - [2026-04-21T18:47:44.167+0530] {dag.py:4180} INFO - Setting next_dagrun for tutorial_dag to None, run_after=None
[2026-04-21T18:47:44.185+0530] {processor.py:208} INFO - Processing /home/ubantu/miniconda3/envs/airflow-dev/lib/python3.11/site-packages/airflow/example_dags/tutorial_dag.py took 0.063 seconds
[2026-04-21T18:49:09.537+0530] {processor.py:186} INFO - Started process (PID=5708) to work on /home/ubantu/miniconda3/envs/airflow-dev/lib/python3.11/site-packages/airflow/example_dags/tutorial_dag.py
[2026-04-21T18:49:09.538+0530] {processor.py:914} INFO - Processing file /home/ubantu/miniconda3/envs/airflow-dev/lib/python3.11/site-packages/airflow/example_dags/tutorial_dag.py for tasks to queue
[2026-04-21T18:49:09.541+0530] {logging_mixin.py:190} INFO - [2026-04-21T18:49:09.540+0530] {dagbag.py:588} INFO - Filling up the DagBag from /home/ubantu/miniconda3/envs/airflow-dev/lib/python3.11/site-packages/airflow/example_dags/tutorial_dag.py
[2026-04-21T18:49:09.549+0530] {processor.py:925} INFO - DAG(s) 'tutorial_dag' retrieved from /home/ubantu/miniconda3/envs/airflow-dev/lib/python3.11/site-packages/airflow/example_dags/tutorial_dag.py
[2026-04-21T18:49:09.664+0530] {logging_mixin.py:190} INFO - [2026-04-21T18:49:09.663+0530] {dag.py:3239} INFO - Sync 1 DAGs
[2026-04-21T18:49:09.674+0530] {logging_mixin.py:190} INFO - [2026-04-21T18:49:09.674+0530] {dag.py:4180} INFO - Setting next_dagrun for tutorial_dag to None, run_after=None
[2026-04-21T18:49:09.690+0530] {processor.py:208} INFO - Processing /home/ubantu/miniconda3/envs/airflow-dev/lib/python3.11/site-packages/airflow/example_dags/tutorial_dag.py took 0.158 seconds
[2026-04-21T18:50:30.130+0530] {processor.py:186} INFO - Started process (PID=5831) to work on /home/ubantu/miniconda3/envs/airflow-dev/lib/python3.11/site-packages/airflow/example_dags/tutorial_dag.py
[2026-04-21T18:50:30.131+0530] {processor.py:914} INFO - Processing file /home/ubantu/miniconda3/envs/airflow-dev/lib/python3.11/site-packages/airflow/example_dags/tutorial_dag.py for tasks to queue
[2026-04-21T18:50:30.133+0530] {logging_mixin.py:190} INFO - [2026-04-21T18:50:30.132+0530] {dagbag.py:588} INFO - Filling up the DagBag from /home/ubantu/miniconda3/envs/airflow-dev/lib/python3.11/site-packages/airflow/example_dags/tutorial_dag.py
[2026-04-21T18:50:30.141+0530] {processor.py:925} INFO - DAG(s) 'tutorial_dag' retrieved from /home/ubantu/miniconda3/envs/airflow-dev/lib/python3.11/site-packages/airflow/example_dags/tutorial_dag.py
[2026-04-21T18:50:30.155+0530] {logging_mixin.py:190} INFO - [2026-04-21T18:50:30.155+0530] {dag.py:3239} INFO - Sync 1 DAGs
[2026-04-21T18:50:30.166+0530] {logging_mixin.py:190} INFO - [2026-04-21T18:50:30.166+0530] {dag.py:4180} INFO - Setting next_dagrun for tutorial_dag to None, run_after=None
[2026-04-21T18:50:30.184+0530] {processor.py:208} INFO - Processing /home/ubantu/miniconda3/envs/airflow-dev/lib/python3.11/site-packages/airflow/example_dags/tutorial_dag.py took 0.061 seconds
[2026-04-21T18:51:49.923+0530] {processor.py:186} INFO - Started process (PID=5919) to work on /home/ubantu/miniconda3/envs/airflow-dev/lib/python3.11/site-packages/airflow/example_dags/tutorial_dag.py
[2026-04-21T18:51:49.924+0530] {processor.py:914} INFO - Processing file /home/ubantu/miniconda3/envs/airflow-dev/lib/python3.11/site-packages/airflow/example_dags/tutorial_dag.py for tasks to queue
[2026-04-21T18:51:49.926+0530] {logging_mixin.py:190} INFO - [2026-04-21T18:51:49.926+0530] {dagbag.py:588} INFO - Filling up the DagBag from /home/ubantu/miniconda3/envs/airflow-dev/lib/python3.11/site-packages/airflow/example_dags/tutorial_dag.py
[2026-04-21T18:51:49.934+0530] {processor.py:925} INFO - DAG(s) 'tutorial_dag' retrieved from /home/ubantu/miniconda3/envs/airflow-dev/lib/python3.11/site-packages/airflow/example_dags/tutorial_dag.py
[2026-04-21T18:51:49.948+0530] {logging_mixin.py:190} INFO - [2026-04-21T18:51:49.948+0530] {dag.py:3239} INFO - Sync 1 DAGs
[2026-04-21T18:51:49.960+0530] {logging_mixin.py:190} INFO - [2026-04-21T18:51:49.960+0530] {dag.py:4180} INFO - Setting next_dagrun for tutorial_dag to None, run_after=None
[2026-04-21T18:51:49.979+0530] {processor.py:208} INFO - Processing /home/ubantu/miniconda3/envs/airflow-dev/lib/python3.11/site-packages/airflow/example_dags/tutorial_dag.py took 0.062 seconds
[2026-04-21T18:53:08.876+0530] {processor.py:186} INFO - Started process (PID=6041) to work on /home/ubantu/miniconda3/envs/airflow-dev/lib/python3.11/site-packages/airflow/example_dags/tutorial_dag.py
[2026-04-21T18:53:08.878+0530] {processor.py:914} INFO - Processing file /home/ubantu/miniconda3/envs/airflow-dev/lib/python3.11/site-packages/airflow/example_dags/tutorial_dag.py for tasks to queue
[2026-04-21T18:53:08.880+0530] {logging_mixin.py:190} INFO - [2026-04-21T18:53:08.880+0530] {dagbag.py:588} INFO - Filling up the DagBag from /home/ubantu/miniconda3/envs/airflow-dev/lib/python3.11/site-packages/airflow/example_dags/tutorial_dag.py
[2026-04-21T18:53:08.888+0530] {processor.py:925} INFO - DAG(s) 'tutorial_dag' retrieved from /home/ubantu/miniconda3/envs/airflow-dev/lib/python3.11/site-packages/airflow/example_dags/tutorial_dag.py
[2026-04-21T18:53:08.905+0530] {logging_mixin.py:190} INFO - [2026-04-21T18:53:08.905+0530] {dag.py:3239} INFO - Sync 1 DAGs
[2026-04-21T18:53:08.918+0530] {logging_mixin.py:190} INFO - [2026-04-21T18:53:08.917+0530] {dag.py:4180} INFO - Setting next_dagrun for tutorial_dag to None, run_after=None
[2026-04-21T18:53:08.938+0530] {processor.py:208} INFO - Processing /home/ubantu/miniconda3/envs/airflow-dev/lib/python3.11/site-packages/airflow/example_dags/tutorial_dag.py took 0.068 seconds
[2026-04-21T18:54:27.903+0530] {processor.py:186} INFO - Started process (PID=6154) to work on /home/ubantu/miniconda3/envs/airflow-dev/lib/python3.11/site-packages/airflow/example_dags/tutorial_dag.py
[2026-04-21T18:54:27.904+0530] {processor.py:914} INFO - Processing file /home/ubantu/miniconda3/envs/airflow-dev/lib/python3.11/site-packages/airflow/example_dags/tutorial_dag.py for tasks to queue
[2026-04-21T18:54:27.907+0530] {logging_mixin.py:190} INFO - [2026-04-21T18:54:27.907+0530] {dagbag.py:588} INFO - Filling up the DagBag from /home/ubantu/miniconda3/envs/airflow-dev/lib/python3.11/site-packages/airflow/example_dags/tutorial_dag.py
[2026-04-21T18:54:27.918+0530] {processor.py:925} INFO - DAG(s) 'tutorial_dag' retrieved from /home/ubantu/miniconda3/envs/airflow-dev/lib/python3.11/site-packages/airflow/example_dags/tutorial_dag.py
[2026-04-21T18:54:27.936+0530] {logging_mixin.py:190} INFO - [2026-04-21T18:54:27.936+0530] {dag.py:3239} INFO - Sync 1 DAGs
[2026-04-21T18:54:27.947+0530] {logging_mixin.py:190} INFO - [2026-04-21T18:54:27.947+0530] {dag.py:4180} INFO - Setting next_dagrun for tutorial_dag to None, run_after=None
[2026-04-21T18:54:27.964+0530] {processor.py:208} INFO - Processing /home/ubantu/miniconda3/envs/airflow-dev/lib/python3.11/site-packages/airflow/example_dags/tutorial_dag.py took 0.068 seconds
[2026-04-21T18:55:47.863+0530] {processor.py:186} INFO - Started process (PID=6265) to work on /home/ubantu/miniconda3/envs/airflow-dev/lib/python3.11/site-packages/airflow/example_dags/tutorial_dag.py
[2026-04-21T18:55:47.864+0530] {processor.py:914} INFO - Processing file /home/ubantu/miniconda3/envs/airflow-dev/lib/python3.11/site-packages/airflow/example_dags/tutorial_dag.py for tasks to queue
[2026-04-21T18:55:47.866+0530] {logging_mixin.py:190} INFO - [2026-04-21T18:55:47.866+0530] {dagbag.py:588} INFO - Filling up the DagBag from /home/ubantu/miniconda3/envs/airflow-dev/lib/python3.11/site-packages/airflow/example_dags/tutorial_dag.py
[2026-04-21T18:55:47.874+0530] {processor.py:925} INFO - DAG(s) 'tutorial_dag' retrieved from /home/ubantu/miniconda3/envs/airflow-dev/lib/python3.11/site-packages/airflow/example_dags/tutorial_dag.py
[2026-04-21T18:55:47.888+0530] {logging_mixin.py:190} INFO - [2026-04-21T18:55:47.888+0530] {dag.py:3239} INFO - Sync 1 DAGs
[2026-04-21T18:55:47.899+0530] {logging_mixin.py:190} INFO - [2026-04-21T18:55:47.899+0530] {dag.py:4180} INFO - Setting next_dagrun for tutorial_dag to None, run_after=None
[2026-04-21T18:55:47.916+0530] {processor.py:208} INFO - Processing /home/ubantu/miniconda3/envs/airflow-dev/lib/python3.11/site-packages/airflow/example_dags/tutorial_dag.py took 0.058 seconds
[2026-04-21T18:57:05.249+0530] {processor.py:186} INFO - Started process (PID=6377) to work on /home/ubantu/miniconda3/envs/airflow-dev/lib/python3.11/site-packages/airflow/example_dags/tutorial_dag.py
[2026-04-21T18:57:05.250+0530] {processor.py:914} INFO - Processing file /home/ubantu/miniconda3/envs/airflow-dev/lib/python3.11/site-packages/airflow/example_dags/tutorial_dag.py for tasks to queue
[2026-04-21T18:57:05.252+0530] {logging_mixin.py:190} INFO - [2026-04-21T18:57:05.252+0530] {dagbag.py:588} INFO - Filling up the DagBag from /home/ubantu/miniconda3/envs/airflow-dev/lib/python3.11/site-packages/airflow/example_dags/tutorial_dag.py
[2026-04-21T18:57:05.262+0530] {processor.py:925} INFO - DAG(s) 'tutorial_dag' retrieved from /home/ubantu/miniconda3/envs/airflow-dev/lib/python3.11/site-packages/airflow/example_dags/tutorial_dag.py
[2026-04-21T18:57:05.277+0530] {logging_mixin.py:190} INFO - [2026-04-21T18:57:05.277+0530] {dag.py:3239} INFO - Sync 1 DAGs
[2026-04-21T18:57:05.289+0530] {logging_mixin.py:190} INFO - [2026-04-21T18:57:05.289+0530] {dag.py:4180} INFO - Setting next_dagrun for tutorial_dag to None, run_after=None
[2026-04-21T18:57:05.306+0530] {processor.py:208} INFO - Processing /home/ubantu/miniconda3/envs/airflow-dev/lib/python3.11/site-packages/airflow/example_dags/tutorial_dag.py took 0.063 seconds
[2026-04-21T19:00:44.734+0530] {processor.py:186} INFO - Started process (PID=6512) to work on /home/ubantu/miniconda3/envs/airflow-dev/lib/python3.11/site-packages/airflow/example_dags/tutorial_dag.py
[2026-04-21T19:00:44.735+0530] {processor.py:914} INFO - Processing file /home/ubantu/miniconda3/envs/airflow-dev/lib/python3.11/site-packages/airflow/example_dags/tutorial_dag.py for tasks to queue
[2026-04-21T19:00:44.736+0530] {logging_mixin.py:190} INFO - [2026-04-21T19:00:44.735+0530] {dagbag.py:588} INFO - Filling up the DagBag from /home/ubantu/miniconda3/envs/airflow-dev/lib/python3.11/site-packages/airflow/example_dags/tutorial_dag.py
[2026-04-21T19:00:44.740+0530] {processor.py:925} INFO - DAG(s) 'tutorial_dag' retrieved from /home/ubantu/miniconda3/envs/airflow-dev/lib/python3.11/site-packages/airflow/example_dags/tutorial_dag.py
[2026-04-21T19:00:44.760+0530] {logging_mixin.py:190} INFO - [2026-04-21T19:00:44.760+0530] {dag.py:3239} INFO - Sync 1 DAGs
[2026-04-21T19:00:44.770+0530] {logging_mixin.py:190} INFO - [2026-04-21T19:00:44.770+0530] {dag.py:4180} INFO - Setting next_dagrun for tutorial_dag to None, run_after=None
[2026-04-21T19:00:44.787+0530] {processor.py:208} INFO - Processing /home/ubantu/miniconda3/envs/airflow-dev/lib/python3.11/site-packages/airflow/example_dags/tutorial_dag.py took 0.058 seconds
[2026-04-21T19:02:34.742+0530] {processor.py:186} INFO - Started process (PID=6650) to work on /home/ubantu/miniconda3/envs/airflow-dev/lib/python3.11/site-packages/airflow/example_dags/tutorial_dag.py
[2026-04-21T19:02:34.744+0530] {processor.py:914} INFO - Processing file /home/ubantu/miniconda3/envs/airflow-dev/lib/python3.11/site-packages/airflow/example_dags/tutorial_dag.py for tasks to queue
[2026-04-21T19:02:34.746+0530] {logging_mixin.py:190} INFO - [2026-04-21T19:02:34.745+0530] {dagbag.py:588} INFO - Filling up the DagBag from /home/ubantu/miniconda3/envs/airflow-dev/lib/python3.11/site-packages/airflow/example_dags/tutorial_dag.py
[2026-04-21T19:02:34.753+0530] {processor.py:925} INFO - DAG(s) 'tutorial_dag' retrieved from /home/ubantu/miniconda3/envs/airflow-dev/lib/python3.11/site-packages/airflow/example_dags/tutorial_dag.py
[2026-04-21T19:02:34.773+0530] {logging_mixin.py:190} INFO - [2026-04-21T19:02:34.773+0530] {dag.py:3239} INFO - Sync 1 DAGs
[2026-04-21T19:02:34.788+0530] {logging_mixin.py:190} INFO - [2026-04-21T19:02:34.787+0530] {dag.py:4180} INFO - Setting next_dagrun for tutorial_dag to None, run_after=None
[2026-04-21T19:02:34.811+0530] {processor.py:208} INFO - Processing /home/ubantu/miniconda3/envs/airflow-dev/lib/python3.11/site-packages/airflow/example_dags/tutorial_dag.py took 0.076 seconds
[2026-04-21T19:03:54.977+0530] {processor.py:186} INFO - Started process (PID=6758) to work on /home/ubantu/miniconda3/envs/airflow-dev/lib/python3.11/site-packages/airflow/example_dags/tutorial_dag.py
[2026-04-21T19:03:54.978+0530] {processor.py:914} INFO - Processing file /home/ubantu/miniconda3/envs/airflow-dev/lib/python3.11/site-packages/airflow/example_dags/tutorial_dag.py for tasks to queue
[2026-04-21T19:03:54.979+0530] {logging_mixin.py:190} INFO - [2026-04-21T19:03:54.979+0530] {dagbag.py:588} INFO - Filling up the DagBag from /home/ubantu/miniconda3/envs/airflow-dev/lib/python3.11/site-packages/airflow/example_dags/tutorial_dag.py
[2026-04-21T19:03:54.985+0530] {processor.py:925} INFO - DAG(s) 'tutorial_dag' retrieved from /home/ubantu/miniconda3/envs/airflow-dev/lib/python3.11/site-packages/airflow/example_dags/tutorial_dag.py
[2026-04-21T19:03:55.005+0530] {logging_mixin.py:190} INFO - [2026-04-21T19:03:55.005+0530] {dag.py:3239} INFO - Sync 1 DAGs
[2026-04-21T19:03:55.019+0530] {logging_mixin.py:190} INFO - [2026-04-21T19:03:55.018+0530] {dag.py:4180} INFO - Setting next_dagrun for tutorial_dag to None, run_after=None
[2026-04-21T19:03:55.039+0530] {processor.py:208} INFO - Processing /home/ubantu/miniconda3/envs/airflow-dev/lib/python3.11/site-packages/airflow/example_dags/tutorial_dag.py took 0.069 seconds
[2026-04-21T19:05:18.941+0530] {processor.py:186} INFO - Started process (PID=6808) to work on /home/ubantu/miniconda3/envs/airflow-dev/lib/python3.11/site-packages/airflow/example_dags/tutorial_dag.py
[2026-04-21T19:05:18.942+0530] {processor.py:914} INFO - Processing file /home/ubantu/miniconda3/envs/airflow-dev/lib/python3.11/site-packages/airflow/example_dags/tutorial_dag.py for tasks to queue
[2026-04-21T19:05:18.943+0530] {logging_mixin.py:190} INFO - [2026-04-21T19:05:18.943+0530] {dagbag.py:588} INFO - Filling up the DagBag from /home/ubantu/miniconda3/envs/airflow-dev/lib/python3.11/site-packages/airflow/example_dags/tutorial_dag.py
[2026-04-21T19:05:18.949+0530] {processor.py:925} INFO - DAG(s) 'tutorial_dag' retrieved from /home/ubantu/miniconda3/envs/airflow-dev/lib/python3.11/site-packages/airflow/example_dags/tutorial_dag.py
[2026-04-21T19:05:18.981+0530] {logging_mixin.py:190} INFO - [2026-04-21T19:05:18.980+0530] {dag.py:3239} INFO - Sync 1 DAGs
[2026-04-21T19:05:18.991+0530] {logging_mixin.py:190} INFO - [2026-04-21T19:05:18.990+0530] {dag.py:4180} INFO - Setting next_dagrun for tutorial_dag to None, run_after=None
[2026-04-21T19:05:19.006+0530] {processor.py:208} INFO - Processing /home/ubantu/miniconda3/envs/airflow-dev/lib/python3.11/site-packages/airflow/example_dags/tutorial_dag.py took 0.071 seconds
[2026-04-21T19:07:08.261+0530] {processor.py:186} INFO - Started process (PID=6964) to work on /home/ubantu/miniconda3/envs/airflow-dev/lib/python3.11/site-packages/airflow/example_dags/tutorial_dag.py
[2026-04-21T19:07:08.262+0530] {processor.py:914} INFO - Processing file /home/ubantu/miniconda3/envs/airflow-dev/lib/python3.11/site-packages/airflow/example_dags/tutorial_dag.py for tasks to queue
[2026-04-21T19:07:08.264+0530] {logging_mixin.py:190} INFO - [2026-04-21T19:07:08.263+0530] {dagbag.py:588} INFO - Filling up the DagBag from /home/ubantu/miniconda3/envs/airflow-dev/lib/python3.11/site-packages/airflow/example_dags/tutorial_dag.py
[2026-04-21T19:07:08.270+0530] {processor.py:925} INFO - DAG(s) 'tutorial_dag' retrieved from /home/ubantu/miniconda3/envs/airflow-dev/lib/python3.11/site-packages/airflow/example_dags/tutorial_dag.py
[2026-04-21T19:07:08.290+0530] {logging_mixin.py:190} INFO - [2026-04-21T19:07:08.290+0530] {dag.py:3239} INFO - Sync 1 DAGs
[2026-04-21T19:07:08.303+0530] {logging_mixin.py:190} INFO - [2026-04-21T19:07:08.303+0530] {dag.py:4180} INFO - Setting next_dagrun for tutorial_dag to None, run_after=None
[2026-04-21T19:07:08.320+0530] {processor.py:208} INFO - Processing /home/ubantu/miniconda3/envs/airflow-dev/lib/python3.11/site-packages/airflow/example_dags/tutorial_dag.py took 0.067 seconds
[2026-04-21T19:08:25.445+0530] {processor.py:186} INFO - Started process (PID=7069) to work on /home/ubantu/miniconda3/envs/airflow-dev/lib/python3.11/site-packages/airflow/example_dags/tutorial_dag.py
[2026-04-21T19:08:25.446+0530] {processor.py:914} INFO - Processing file /home/ubantu/miniconda3/envs/airflow-dev/lib/python3.11/site-packages/airflow/example_dags/tutorial_dag.py for tasks to queue
[2026-04-21T19:08:25.447+0530] {logging_mixin.py:190} INFO - [2026-04-21T19:08:25.446+0530] {dagbag.py:588} INFO - Filling up the DagBag from /home/ubantu/miniconda3/envs/airflow-dev/lib/python3.11/site-packages/airflow/example_dags/tutorial_dag.py
[2026-04-21T19:08:25.451+0530] {processor.py:925} INFO - DAG(s) 'tutorial_dag' retrieved from /home/ubantu/miniconda3/envs/airflow-dev/lib/python3.11/site-packages/airflow/example_dags/tutorial_dag.py
[2026-04-21T19:08:25.465+0530] {logging_mixin.py:190} INFO - [2026-04-21T19:08:25.465+0530] {dag.py:3239} INFO - Sync 1 DAGs
[2026-04-21T19:08:25.475+0530] {logging_mixin.py:190} INFO - [2026-04-21T19:08:25.475+0530] {dag.py:4180} INFO - Setting next_dagrun for tutorial_dag to None, run_after=None
[2026-04-21T19:08:25.492+0530] {processor.py:208} INFO - Processing /home/ubantu/miniconda3/envs/airflow-dev/lib/python3.11/site-packages/airflow/example_dags/tutorial_dag.py took 0.053 seconds
[2026-04-21T19:09:43.507+0530] {processor.py:186} INFO - Started process (PID=7172) to work on /home/ubantu/miniconda3/envs/airflow-dev/lib/python3.11/site-packages/airflow/example_dags/tutorial_dag.py
[2026-04-21T19:09:43.508+0530] {processor.py:914} INFO - Processing file /home/ubantu/miniconda3/envs/airflow-dev/lib/python3.11/site-packages/airflow/example_dags/tutorial_dag.py for tasks to queue
[2026-04-21T19:09:43.509+0530] {logging_mixin.py:190} INFO - [2026-04-21T19:09:43.509+0530] {dagbag.py:588} INFO - Filling up the DagBag from /home/ubantu/miniconda3/envs/airflow-dev/lib/python3.11/site-packages/airflow/example_dags/tutorial_dag.py
[2026-04-21T19:09:43.514+0530] {processor.py:925} INFO - DAG(s) 'tutorial_dag' retrieved from /home/ubantu/miniconda3/envs/airflow-dev/lib/python3.11/site-packages/airflow/example_dags/tutorial_dag.py
[2026-04-21T19:09:43.529+0530] {logging_mixin.py:190} INFO - [2026-04-21T19:09:43.529+0530] {dag.py:3239} INFO - Sync 1 DAGs
[2026-04-21T19:09:43.539+0530] {logging_mixin.py:190} INFO - [2026-04-21T19:09:43.539+0530] {dag.py:4180} INFO - Setting next_dagrun for tutorial_dag to None, run_after=None
[2026-04-21T19:09:43.559+0530] {processor.py:208} INFO - Processing /home/ubantu/miniconda3/envs/airflow-dev/lib/python3.11/site-packages/airflow/example_dags/tutorial_dag.py took 0.059 seconds
[2026-04-21T19:11:00.428+0530] {processor.py:186} INFO - Started process (PID=7262) to work on /home/ubantu/miniconda3/envs/airflow-dev/lib/python3.11/site-packages/airflow/example_dags/tutorial_dag.py
[2026-04-21T19:11:00.430+0530] {processor.py:914} INFO - Processing file /home/ubantu/miniconda3/envs/airflow-dev/lib/python3.11/site-packages/airflow/example_dags/tutorial_dag.py for tasks to queue
[2026-04-21T19:11:00.433+0530] {logging_mixin.py:190} INFO - [2026-04-21T19:11:00.432+0530] {dagbag.py:588} INFO - Filling up the DagBag from /home/ubantu/miniconda3/envs/airflow-dev/lib/python3.11/site-packages/airflow/example_dags/tutorial_dag.py
[2026-04-21T19:11:00.444+0530] {processor.py:925} INFO - DAG(s) 'tutorial_dag' retrieved from /home/ubantu/miniconda3/envs/airflow-dev/lib/python3.11/site-packages/airflow/example_dags/tutorial_dag.py
[2026-04-21T19:11:00.476+0530] {logging_mixin.py:190} INFO - [2026-04-21T19:11:00.476+0530] {dag.py:3239} INFO - Sync 1 DAGs
[2026-04-21T19:11:00.493+0530] {logging_mixin.py:190} INFO - [2026-04-21T19:11:00.493+0530] {dag.py:4180} INFO - Setting next_dagrun for tutorial_dag to None, run_after=None
[2026-04-21T19:11:00.512+0530] {processor.py:208} INFO - Processing /home/ubantu/miniconda3/envs/airflow-dev/lib/python3.11/site-packages/airflow/example_dags/tutorial_dag.py took 0.097 seconds
[2026-04-21T19:12:19.907+0530] {processor.py:186} INFO - Started process (PID=7370) to work on /home/ubantu/miniconda3/envs/airflow-dev/lib/python3.11/site-packages/airflow/example_dags/tutorial_dag.py
[2026-04-21T19:12:19.908+0530] {processor.py:914} INFO - Processing file /home/ubantu/miniconda3/envs/airflow-dev/lib/python3.11/site-packages/airflow/example_dags/tutorial_dag.py for tasks to queue
[2026-04-21T19:12:19.909+0530] {logging_mixin.py:190} INFO - [2026-04-21T19:12:19.909+0530] {dagbag.py:588} INFO - Filling up the DagBag from /home/ubantu/miniconda3/envs/airflow-dev/lib/python3.11/site-packages/airflow/example_dags/tutorial_dag.py
[2026-04-21T19:12:19.914+0530] {processor.py:925} INFO - DAG(s) 'tutorial_dag' retrieved from /home/ubantu/miniconda3/envs/airflow-dev/lib/python3.11/site-packages/airflow/example_dags/tutorial_dag.py
[2026-04-21T19:12:19.929+0530] {logging_mixin.py:190} INFO - [2026-04-21T19:12:19.929+0530] {dag.py:3239} INFO - Sync 1 DAGs
[2026-04-21T19:12:19.940+0530] {logging_mixin.py:190} INFO - [2026-04-21T19:12:19.940+0530] {dag.py:4180} INFO - Setting next_dagrun for tutorial_dag to None, run_after=None
[2026-04-21T19:12:19.957+0530] {processor.py:208} INFO - Processing /home/ubantu/miniconda3/envs/airflow-dev/lib/python3.11/site-packages/airflow/example_dags/tutorial_dag.py took 0.056 seconds
[2026-04-21T19:13:40.937+0530] {processor.py:186} INFO - Started process (PID=7492) to work on /home/ubantu/miniconda3/envs/airflow-dev/lib/python3.11/site-packages/airflow/example_dags/tutorial_dag.py
[2026-04-21T19:13:40.938+0530] {processor.py:914} INFO - Processing file /home/ubantu/miniconda3/envs/airflow-dev/lib/python3.11/site-packages/airflow/example_dags/tutorial_dag.py for tasks to queue
[2026-04-21T19:13:40.939+0530] {logging_mixin.py:190} INFO - [2026-04-21T19:13:40.939+0530] {dagbag.py:588} INFO - Filling up the DagBag from /home/ubantu/miniconda3/envs/airflow-dev/lib/python3.11/site-packages/airflow/example_dags/tutorial_dag.py
[2026-04-21T19:13:40.945+0530] {processor.py:925} INFO - DAG(s) 'tutorial_dag' retrieved from /home/ubantu/miniconda3/envs/airflow-dev/lib/python3.11/site-packages/airflow/example_dags/tutorial_dag.py
[2026-04-21T19:13:40.959+0530] {logging_mixin.py:190} INFO - [2026-04-21T19:13:40.959+0530] {dag.py:3239} INFO - Sync 1 DAGs
[2026-04-21T19:13:40.970+0530] {logging_mixin.py:190} INFO - [2026-04-21T19:13:40.969+0530] {dag.py:4180} INFO - Setting next_dagrun for tutorial_dag to None, run_after=None
[2026-04-21T19:13:40.988+0530] {processor.py:208} INFO - Processing /home/ubantu/miniconda3/envs/airflow-dev/lib/python3.11/site-packages/airflow/example_dags/tutorial_dag.py took 0.056 seconds
[2026-04-21T19:15:01.549+0530] {processor.py:186} INFO - Started process (PID=7599) to work on /home/ubantu/miniconda3/envs/airflow-dev/lib/python3.11/site-packages/airflow/example_dags/tutorial_dag.py
[2026-04-21T19:15:01.551+0530] {processor.py:914} INFO - Processing file /home/ubantu/miniconda3/envs/airflow-dev/lib/python3.11/site-packages/airflow/example_dags/tutorial_dag.py for tasks to queue
[2026-04-21T19:15:01.552+0530] {logging_mixin.py:190} INFO - [2026-04-21T19:15:01.552+0530] {dagbag.py:588} INFO - Filling up the DagBag from /home/ubantu/miniconda3/envs/airflow-dev/lib/python3.11/site-packages/airflow/example_dags/tutorial_dag.py
[2026-04-21T19:15:01.558+0530] {processor.py:925} INFO - DAG(s) 'tutorial_dag' retrieved from /home/ubantu/miniconda3/envs/airflow-dev/lib/python3.11/site-packages/airflow/example_dags/tutorial_dag.py
[2026-04-21T19:15:01.577+0530] {logging_mixin.py:190} INFO - [2026-04-21T19:15:01.577+0530] {dag.py:3239} INFO - Sync 1 DAGs
[2026-04-21T19:15:01.590+0530] {logging_mixin.py:190} INFO - [2026-04-21T19:15:01.590+0530] {dag.py:4180} INFO - Setting next_dagrun for tutorial_dag to None, run_after=None
[2026-04-21T19:15:01.611+0530] {processor.py:208} INFO - Processing /home/ubantu/miniconda3/envs/airflow-dev/lib/python3.11/site-packages/airflow/example_dags/tutorial_dag.py took 0.069 seconds
[2026-04-21T19:16:19.954+0530] {processor.py:186} INFO - Started process (PID=7713) to work on /home/ubantu/miniconda3/envs/airflow-dev/lib/python3.11/site-packages/airflow/example_dags/tutorial_dag.py
[2026-04-21T19:16:19.955+0530] {processor.py:914} INFO - Processing file /home/ubantu/miniconda3/envs/airflow-dev/lib/python3.11/site-packages/airflow/example_dags/tutorial_dag.py for tasks to queue
[2026-04-21T19:16:19.957+0530] {logging_mixin.py:190} INFO - [2026-04-21T19:16:19.956+0530] {dagbag.py:588} INFO - Filling up the DagBag from /home/ubantu/miniconda3/envs/airflow-dev/lib/python3.11/site-packages/airflow/example_dags/tutorial_dag.py
[2026-04-21T19:16:19.963+0530] {processor.py:925} INFO - DAG(s) 'tutorial_dag' retrieved from /home/ubantu/miniconda3/envs/airflow-dev/lib/python3.11/site-packages/airflow/example_dags/tutorial_dag.py
[2026-04-21T19:16:19.981+0530] {logging_mixin.py:190} INFO - [2026-04-21T19:16:19.981+0530] {dag.py:3239} INFO - Sync 1 DAGs
[2026-04-21T19:16:19.994+0530] {logging_mixin.py:190} INFO - [2026-04-21T19:16:19.993+0530] {dag.py:4180} INFO - Setting next_dagrun for tutorial_dag to None, run_after=None
[2026-04-21T19:16:20.013+0530] {processor.py:208} INFO - Processing /home/ubantu/miniconda3/envs/airflow-dev/lib/python3.11/site-packages/airflow/example_dags/tutorial_dag.py took 0.067 seconds
[2026-04-21T19:22:09.404+0530] {processor.py:186} INFO - Started process (PID=8317) to work on /home/ubantu/airflow-src/airflow/example_dags/tutorial_dag.py
[2026-04-21T19:22:09.406+0530] {processor.py:914} INFO - Processing file /home/ubantu/airflow-src/airflow/example_dags/tutorial_dag.py for tasks to queue
[2026-04-21T19:22:09.407+0530] {logging_mixin.py:190} INFO - [2026-04-21T19:22:09.407+0530] {dagbag.py:588} INFO - Filling up the DagBag from /home/ubantu/airflow-src/airflow/example_dags/tutorial_dag.py
[2026-04-21T19:22:09.413+0530] {processor.py:925} INFO - DAG(s) 'tutorial_dag' retrieved from /home/ubantu/airflow-src/airflow/example_dags/tutorial_dag.py
[2026-04-21T19:22:09.474+0530] {logging_mixin.py:190} INFO - [2026-04-21T19:22:09.474+0530] {dag.py:3239} INFO - Sync 1 DAGs
[2026-04-21T19:22:09.483+0530] {logging_mixin.py:190} INFO - [2026-04-21T19:22:09.483+0530] {dag.py:4180} INFO - Setting next_dagrun for tutorial_dag to None, run_after=None
[2026-04-21T19:22:09.500+0530] {processor.py:208} INFO - Processing /home/ubantu/airflow-src/airflow/example_dags/tutorial_dag.py took 0.103 seconds
[2026-04-21T19:24:04.435+0530] {processor.py:186} INFO - Started process (PID=8448) to work on /home/ubantu/airflow-src/airflow/example_dags/tutorial_dag.py
[2026-04-21T19:24:04.436+0530] {processor.py:914} INFO - Processing file /home/ubantu/airflow-src/airflow/example_dags/tutorial_dag.py for tasks to queue
[2026-04-21T19:24:04.437+0530] {logging_mixin.py:190} INFO - [2026-04-21T19:24:04.437+0530] {dagbag.py:588} INFO - Filling up the DagBag from /home/ubantu/airflow-src/airflow/example_dags/tutorial_dag.py
[2026-04-21T19:24:04.443+0530] {processor.py:925} INFO - DAG(s) 'tutorial_dag' retrieved from /home/ubantu/airflow-src/airflow/example_dags/tutorial_dag.py
[2026-04-21T19:24:04.462+0530] {logging_mixin.py:190} INFO - [2026-04-21T19:24:04.462+0530] {dag.py:3239} INFO - Sync 1 DAGs
[2026-04-21T19:24:04.474+0530] {logging_mixin.py:190} INFO - [2026-04-21T19:24:04.474+0530] {dag.py:4180} INFO - Setting next_dagrun for tutorial_dag to None, run_after=None
[2026-04-21T19:24:04.490+0530] {processor.py:208} INFO - Processing /home/ubantu/airflow-src/airflow/example_dags/tutorial_dag.py took 0.061 seconds
[2026-04-21T19:26:44.310+0530] {processor.py:186} INFO - Started process (PID=8674) to work on /home/ubantu/airflow-src/airflow/example_dags/tutorial_dag.py
[2026-04-21T19:26:44.311+0530] {processor.py:914} INFO - Processing file /home/ubantu/airflow-src/airflow/example_dags/tutorial_dag.py for tasks to queue
[2026-04-21T19:26:44.313+0530] {logging_mixin.py:190} INFO - [2026-04-21T19:26:44.312+0530] {dagbag.py:588} INFO - Filling up the DagBag from /home/ubantu/airflow-src/airflow/example_dags/tutorial_dag.py
[2026-04-21T19:26:44.319+0530] {processor.py:925} INFO - DAG(s) 'tutorial_dag' retrieved from /home/ubantu/airflow-src/airflow/example_dags/tutorial_dag.py
[2026-04-21T19:26:44.339+0530] {logging_mixin.py:190} INFO - [2026-04-21T19:26:44.339+0530] {dag.py:3239} INFO - Sync 1 DAGs
[2026-04-21T19:26:44.353+0530] {logging_mixin.py:190} INFO - [2026-04-21T19:26:44.353+0530] {dag.py:4180} INFO - Setting next_dagrun for tutorial_dag to None, run_after=None
[2026-04-21T19:26:44.370+0530] {processor.py:208} INFO - Processing /home/ubantu/airflow-src/airflow/example_dags/tutorial_dag.py took 0.067 seconds
