[2026-04-07T05:09:30.576+0530] {local_task_job_runner.py:123} INFO - ::group::Pre task execution logs
[2026-04-07T05:09:30.584+0530] {taskinstance.py:2613} INFO - Dependencies all met for dep_context=non-requeueable deps ti=<TaskInstance: zombie_experiment.zombie_task manual__2026-04-06T23:36:31+00:00 [queued]>
[2026-04-07T05:09:30.589+0530] {taskinstance.py:2613} INFO - Dependencies all met for dep_context=requeueable deps ti=<TaskInstance: zombie_experiment.zombie_task manual__2026-04-06T23:36:31+00:00 [queued]>
[2026-04-07T05:09:30.589+0530] {taskinstance.py:2866} INFO - Starting attempt 1 of 1
[2026-04-07T05:09:30.599+0530] {taskinstance.py:2889} INFO - Executing <Task(PythonOperator): zombie_task> on 2026-04-06 23:36:31+00:00
[2026-04-07T05:09:30.603+0530] {standard_task_runner.py:72} INFO - Started process 10929 to run task
[2026-04-07T05:09:30.606+0530] {standard_task_runner.py:104} INFO - Running: ['airflow', 'tasks', 'run', 'zombie_experiment', 'zombie_task', 'manual__2026-04-06T23:36:31+00:00', '--job-id', '19', '--raw', '--subdir', 'DAGS_FOLDER/zombie_experiment.py', '--cfg-path', '/tmp/tmprb81p7j2']
[2026-04-07T05:09:30.607+0530] {standard_task_runner.py:105} INFO - Job 19: Subtask zombie_task
[2026-04-07T05:09:30.641+0530] {task_command.py:467} INFO - Running <TaskInstance: zombie_experiment.zombie_task manual__2026-04-06T23:36:31+00:00 [running]> on host ubantu-Victus-by-HP-Gaming-Laptop-15-fa1xxx
[2026-04-07T05:09:30.686+0530] {taskinstance.py:3132} INFO - Exporting env vars: AIRFLOW_CTX_DAG_OWNER='airflow' AIRFLOW_CTX_DAG_ID='zombie_experiment' AIRFLOW_CTX_TASK_ID='zombie_task' AIRFLOW_CTX_EXECUTION_DATE='2026-04-06T23:36:31+00:00' AIRFLOW_CTX_TRY_NUMBER='1' AIRFLOW_CTX_DAG_RUN_ID='manual__2026-04-06T23:36:31+00:00'
[2026-04-07T05:09:30.687+0530] {logging_mixin.py:190} INFO - Task instance is in running state
[2026-04-07T05:09:30.687+0530] {logging_mixin.py:190} INFO -  Previous state of the Task instance: queued
[2026-04-07T05:09:30.687+0530] {logging_mixin.py:190} INFO - Current task name:zombie_task state:running start_date:2026-04-06 23:39:30.584772+00:00
[2026-04-07T05:09:30.687+0530] {logging_mixin.py:190} INFO - Dag name:zombie_experiment and current dag run status:running
[2026-04-07T05:09:30.688+0530] {taskinstance.py:731} INFO - ::endgroup::
[2026-04-07T05:09:30.688+0530] {logging_mixin.py:190} INFO - Task started - will simulate worker crash in 10 seconds
[2026-04-07T05:09:40.689+0530] {logging_mixin.py:190} INFO - Simulating worker crash now!
[2026-04-07T05:09:40.703+0530] {local_task_job_runner.py:266} INFO - Task exited with return code -9. For more information, see https://airflow.apache.org/docs/apache-airflow/stable/troubleshooting.html#LocalTaskJob-killed
[2026-04-07T05:09:40.721+0530] {taskinstance.py:3895} INFO - 0 downstream tasks scheduled from follow-on schedule check
[2026-04-07T05:09:40.723+0530] {local_task_job_runner.py:245} INFO - ::endgroup::
