[2026-04-07T04:07:43.809+0530] {processor.py:186} INFO - Started process (PID=5791) to work on /home/ubantu/miniconda3/envs/airflow-env/lib/python3.11/site-packages/airflow/example_dags/example_setup_teardown.py
[2026-04-07T04:07:43.810+0530] {processor.py:914} INFO - Processing file /home/ubantu/miniconda3/envs/airflow-env/lib/python3.11/site-packages/airflow/example_dags/example_setup_teardown.py for tasks to queue
[2026-04-07T04:07:43.812+0530] {logging_mixin.py:190} INFO - [2026-04-07T04:07:43.812+0530] {dagbag.py:588} INFO - Filling up the DagBag from /home/ubantu/miniconda3/envs/airflow-env/lib/python3.11/site-packages/airflow/example_dags/example_setup_teardown.py
[2026-04-07T04:07:43.822+0530] {processor.py:925} INFO - DAG(s) 'example_setup_teardown' retrieved from /home/ubantu/miniconda3/envs/airflow-env/lib/python3.11/site-packages/airflow/example_dags/example_setup_teardown.py
[2026-04-07T04:07:43.908+0530] {logging_mixin.py:190} INFO - [2026-04-07T04:07:43.907+0530] {override.py:1911} INFO - Created Permission View: can delete on DAG:example_setup_teardown
[2026-04-07T04:07:43.917+0530] {logging_mixin.py:190} INFO - [2026-04-07T04:07:43.917+0530] {override.py:1911} INFO - Created Permission View: can edit on DAG:example_setup_teardown
[2026-04-07T04:07:43.924+0530] {logging_mixin.py:190} INFO - [2026-04-07T04:07:43.923+0530] {override.py:1911} INFO - Created Permission View: can read on DAG:example_setup_teardown
[2026-04-07T04:07:43.933+0530] {logging_mixin.py:190} INFO - [2026-04-07T04:07:43.933+0530] {override.py:1911} INFO - Created Permission View: can create on DAG Run:example_setup_teardown
[2026-04-07T04:07:43.939+0530] {logging_mixin.py:190} INFO - [2026-04-07T04:07:43.939+0530] {override.py:1911} INFO - Created Permission View: can delete on DAG Run:example_setup_teardown
[2026-04-07T04:07:43.945+0530] {logging_mixin.py:190} INFO - [2026-04-07T04:07:43.945+0530] {override.py:1911} INFO - Created Permission View: menu access on DAG Run:example_setup_teardown
[2026-04-07T04:07:43.952+0530] {logging_mixin.py:190} INFO - [2026-04-07T04:07:43.952+0530] {override.py:1911} INFO - Created Permission View: can read on DAG Run:example_setup_teardown
[2026-04-07T04:07:43.952+0530] {logging_mixin.py:190} INFO - [2026-04-07T04:07:43.952+0530] {dag.py:3239} INFO - Sync 1 DAGs
[2026-04-07T04:07:43.963+0530] {logging_mixin.py:190} INFO - [2026-04-07T04:07:43.963+0530] {dag.py:3262} INFO - Creating ORM DAG for example_setup_teardown
[2026-04-07T04:07:43.963+0530] {logging_mixin.py:190} INFO - [2026-04-07T04:07:43.963+0530] {dag.py:4180} INFO - Setting next_dagrun for example_setup_teardown to None, run_after=None
[2026-04-07T04:07:43.978+0530] {processor.py:208} INFO - Processing /home/ubantu/miniconda3/envs/airflow-env/lib/python3.11/site-packages/airflow/example_dags/example_setup_teardown.py took 0.175 seconds
[2026-04-07T04:08:47.904+0530] {processor.py:186} INFO - Started process (PID=5974) to work on /home/ubantu/miniconda3/envs/airflow-env/lib/python3.11/site-packages/airflow/example_dags/example_setup_teardown.py
[2026-04-07T04:08:47.905+0530] {processor.py:914} INFO - Processing file /home/ubantu/miniconda3/envs/airflow-env/lib/python3.11/site-packages/airflow/example_dags/example_setup_teardown.py for tasks to queue
[2026-04-07T04:08:47.907+0530] {logging_mixin.py:190} INFO - [2026-04-07T04:08:47.906+0530] {dagbag.py:588} INFO - Filling up the DagBag from /home/ubantu/miniconda3/envs/airflow-env/lib/python3.11/site-packages/airflow/example_dags/example_setup_teardown.py
[2026-04-07T04:08:47.916+0530] {processor.py:925} INFO - DAG(s) 'example_setup_teardown' retrieved from /home/ubantu/miniconda3/envs/airflow-env/lib/python3.11/site-packages/airflow/example_dags/example_setup_teardown.py
[2026-04-07T04:08:47.934+0530] {logging_mixin.py:190} INFO - [2026-04-07T04:08:47.933+0530] {dag.py:3239} INFO - Sync 1 DAGs
[2026-04-07T04:08:47.947+0530] {logging_mixin.py:190} INFO - [2026-04-07T04:08:47.946+0530] {dag.py:4180} INFO - Setting next_dagrun for example_setup_teardown to None, run_after=None
[2026-04-07T04:08:47.967+0530] {processor.py:208} INFO - Processing /home/ubantu/miniconda3/envs/airflow-env/lib/python3.11/site-packages/airflow/example_dags/example_setup_teardown.py took 0.070 seconds
[2026-04-07T04:09:44.744+0530] {processor.py:186} INFO - Started process (PID=6148) to work on /home/ubantu/miniconda3/envs/airflow-env/lib/python3.11/site-packages/airflow/example_dags/example_setup_teardown.py
[2026-04-07T04:09:44.745+0530] {processor.py:914} INFO - Processing file /home/ubantu/miniconda3/envs/airflow-env/lib/python3.11/site-packages/airflow/example_dags/example_setup_teardown.py for tasks to queue
[2026-04-07T04:09:44.747+0530] {logging_mixin.py:190} INFO - [2026-04-07T04:09:44.747+0530] {dagbag.py:588} INFO - Filling up the DagBag from /home/ubantu/miniconda3/envs/airflow-env/lib/python3.11/site-packages/airflow/example_dags/example_setup_teardown.py
[2026-04-07T04:09:44.758+0530] {processor.py:925} INFO - DAG(s) 'example_setup_teardown' retrieved from /home/ubantu/miniconda3/envs/airflow-env/lib/python3.11/site-packages/airflow/example_dags/example_setup_teardown.py
[2026-04-07T04:09:44.775+0530] {logging_mixin.py:190} INFO - [2026-04-07T04:09:44.775+0530] {dag.py:3239} INFO - Sync 1 DAGs
[2026-04-07T04:09:44.789+0530] {logging_mixin.py:190} INFO - [2026-04-07T04:09:44.789+0530] {dag.py:4180} INFO - Setting next_dagrun for example_setup_teardown to None, run_after=None
[2026-04-07T04:09:44.908+0530] {processor.py:208} INFO - Processing /home/ubantu/miniconda3/envs/airflow-env/lib/python3.11/site-packages/airflow/example_dags/example_setup_teardown.py took 0.171 seconds
[2026-04-07T04:10:39.557+0530] {processor.py:186} INFO - Started process (PID=6217) to work on /home/ubantu/miniconda3/envs/airflow-env/lib/python3.11/site-packages/airflow/example_dags/example_setup_teardown.py
[2026-04-07T04:10:39.558+0530] {processor.py:914} INFO - Processing file /home/ubantu/miniconda3/envs/airflow-env/lib/python3.11/site-packages/airflow/example_dags/example_setup_teardown.py for tasks to queue
[2026-04-07T04:10:39.560+0530] {logging_mixin.py:190} INFO - [2026-04-07T04:10:39.560+0530] {dagbag.py:588} INFO - Filling up the DagBag from /home/ubantu/miniconda3/envs/airflow-env/lib/python3.11/site-packages/airflow/example_dags/example_setup_teardown.py
[2026-04-07T04:10:39.569+0530] {processor.py:925} INFO - DAG(s) 'example_setup_teardown' retrieved from /home/ubantu/miniconda3/envs/airflow-env/lib/python3.11/site-packages/airflow/example_dags/example_setup_teardown.py
[2026-04-07T04:10:39.585+0530] {logging_mixin.py:190} INFO - [2026-04-07T04:10:39.585+0530] {dag.py:3239} INFO - Sync 1 DAGs
[2026-04-07T04:10:39.598+0530] {logging_mixin.py:190} INFO - [2026-04-07T04:10:39.597+0530] {dag.py:4180} INFO - Setting next_dagrun for example_setup_teardown to None, run_after=None
[2026-04-07T04:10:39.615+0530] {processor.py:208} INFO - Processing /home/ubantu/miniconda3/envs/airflow-env/lib/python3.11/site-packages/airflow/example_dags/example_setup_teardown.py took 0.065 seconds
[2026-04-07T04:11:30.616+0530] {processor.py:186} INFO - Started process (PID=6274) to work on /home/ubantu/miniconda3/envs/airflow-env/lib/python3.11/site-packages/airflow/example_dags/example_setup_teardown.py
[2026-04-07T04:11:30.617+0530] {processor.py:914} INFO - Processing file /home/ubantu/miniconda3/envs/airflow-env/lib/python3.11/site-packages/airflow/example_dags/example_setup_teardown.py for tasks to queue
[2026-04-07T04:11:30.619+0530] {logging_mixin.py:190} INFO - [2026-04-07T04:11:30.619+0530] {dagbag.py:588} INFO - Filling up the DagBag from /home/ubantu/miniconda3/envs/airflow-env/lib/python3.11/site-packages/airflow/example_dags/example_setup_teardown.py
[2026-04-07T04:11:30.629+0530] {processor.py:925} INFO - DAG(s) 'example_setup_teardown' retrieved from /home/ubantu/miniconda3/envs/airflow-env/lib/python3.11/site-packages/airflow/example_dags/example_setup_teardown.py
[2026-04-07T04:11:30.645+0530] {logging_mixin.py:190} INFO - [2026-04-07T04:11:30.645+0530] {dag.py:3239} INFO - Sync 1 DAGs
[2026-04-07T04:11:30.656+0530] {logging_mixin.py:190} INFO - [2026-04-07T04:11:30.656+0530] {dag.py:4180} INFO - Setting next_dagrun for example_setup_teardown to None, run_after=None
[2026-04-07T04:11:30.675+0530] {processor.py:208} INFO - Processing /home/ubantu/miniconda3/envs/airflow-env/lib/python3.11/site-packages/airflow/example_dags/example_setup_teardown.py took 0.065 seconds
[2026-04-07T04:12:22.119+0530] {processor.py:186} INFO - Started process (PID=6342) to work on /home/ubantu/miniconda3/envs/airflow-env/lib/python3.11/site-packages/airflow/example_dags/example_setup_teardown.py
[2026-04-07T04:12:22.120+0530] {processor.py:914} INFO - Processing file /home/ubantu/miniconda3/envs/airflow-env/lib/python3.11/site-packages/airflow/example_dags/example_setup_teardown.py for tasks to queue
[2026-04-07T04:12:22.122+0530] {logging_mixin.py:190} INFO - [2026-04-07T04:12:22.121+0530] {dagbag.py:588} INFO - Filling up the DagBag from /home/ubantu/miniconda3/envs/airflow-env/lib/python3.11/site-packages/airflow/example_dags/example_setup_teardown.py
[2026-04-07T04:12:22.131+0530] {processor.py:925} INFO - DAG(s) 'example_setup_teardown' retrieved from /home/ubantu/miniconda3/envs/airflow-env/lib/python3.11/site-packages/airflow/example_dags/example_setup_teardown.py
[2026-04-07T04:12:22.147+0530] {logging_mixin.py:190} INFO - [2026-04-07T04:12:22.147+0530] {dag.py:3239} INFO - Sync 1 DAGs
[2026-04-07T04:12:22.158+0530] {logging_mixin.py:190} INFO - [2026-04-07T04:12:22.158+0530] {dag.py:4180} INFO - Setting next_dagrun for example_setup_teardown to None, run_after=None
[2026-04-07T04:12:22.176+0530] {processor.py:208} INFO - Processing /home/ubantu/miniconda3/envs/airflow-env/lib/python3.11/site-packages/airflow/example_dags/example_setup_teardown.py took 0.063 seconds
[2026-04-07T04:13:14.325+0530] {processor.py:186} INFO - Started process (PID=6399) to work on /home/ubantu/miniconda3/envs/airflow-env/lib/python3.11/site-packages/airflow/example_dags/example_setup_teardown.py
[2026-04-07T04:13:14.327+0530] {processor.py:914} INFO - Processing file /home/ubantu/miniconda3/envs/airflow-env/lib/python3.11/site-packages/airflow/example_dags/example_setup_teardown.py for tasks to queue
[2026-04-07T04:13:14.329+0530] {logging_mixin.py:190} INFO - [2026-04-07T04:13:14.329+0530] {dagbag.py:588} INFO - Filling up the DagBag from /home/ubantu/miniconda3/envs/airflow-env/lib/python3.11/site-packages/airflow/example_dags/example_setup_teardown.py
[2026-04-07T04:13:14.340+0530] {processor.py:925} INFO - DAG(s) 'example_setup_teardown' retrieved from /home/ubantu/miniconda3/envs/airflow-env/lib/python3.11/site-packages/airflow/example_dags/example_setup_teardown.py
[2026-04-07T04:13:14.357+0530] {logging_mixin.py:190} INFO - [2026-04-07T04:13:14.357+0530] {dag.py:3239} INFO - Sync 1 DAGs
[2026-04-07T04:13:14.369+0530] {logging_mixin.py:190} INFO - [2026-04-07T04:13:14.369+0530] {dag.py:4180} INFO - Setting next_dagrun for example_setup_teardown to None, run_after=None
[2026-04-07T04:13:14.387+0530] {processor.py:208} INFO - Processing /home/ubantu/miniconda3/envs/airflow-env/lib/python3.11/site-packages/airflow/example_dags/example_setup_teardown.py took 0.069 seconds
[2026-04-07T04:14:08.752+0530] {processor.py:186} INFO - Started process (PID=6468) to work on /home/ubantu/miniconda3/envs/airflow-env/lib/python3.11/site-packages/airflow/example_dags/example_setup_teardown.py
[2026-04-07T04:14:08.754+0530] {processor.py:914} INFO - Processing file /home/ubantu/miniconda3/envs/airflow-env/lib/python3.11/site-packages/airflow/example_dags/example_setup_teardown.py for tasks to queue
[2026-04-07T04:14:08.756+0530] {logging_mixin.py:190} INFO - [2026-04-07T04:14:08.755+0530] {dagbag.py:588} INFO - Filling up the DagBag from /home/ubantu/miniconda3/envs/airflow-env/lib/python3.11/site-packages/airflow/example_dags/example_setup_teardown.py
[2026-04-07T04:14:08.765+0530] {processor.py:925} INFO - DAG(s) 'example_setup_teardown' retrieved from /home/ubantu/miniconda3/envs/airflow-env/lib/python3.11/site-packages/airflow/example_dags/example_setup_teardown.py
[2026-04-07T04:14:08.781+0530] {logging_mixin.py:190} INFO - [2026-04-07T04:14:08.780+0530] {dag.py:3239} INFO - Sync 1 DAGs
[2026-04-07T04:14:08.792+0530] {logging_mixin.py:190} INFO - [2026-04-07T04:14:08.792+0530] {dag.py:4180} INFO - Setting next_dagrun for example_setup_teardown to None, run_after=None
[2026-04-07T04:14:08.809+0530] {processor.py:208} INFO - Processing /home/ubantu/miniconda3/envs/airflow-env/lib/python3.11/site-packages/airflow/example_dags/example_setup_teardown.py took 0.062 seconds
[2026-04-07T04:15:03.755+0530] {processor.py:186} INFO - Started process (PID=6532) to work on /home/ubantu/miniconda3/envs/airflow-env/lib/python3.11/site-packages/airflow/example_dags/example_setup_teardown.py
[2026-04-07T04:15:03.756+0530] {processor.py:914} INFO - Processing file /home/ubantu/miniconda3/envs/airflow-env/lib/python3.11/site-packages/airflow/example_dags/example_setup_teardown.py for tasks to queue
[2026-04-07T04:15:03.758+0530] {logging_mixin.py:190} INFO - [2026-04-07T04:15:03.758+0530] {dagbag.py:588} INFO - Filling up the DagBag from /home/ubantu/miniconda3/envs/airflow-env/lib/python3.11/site-packages/airflow/example_dags/example_setup_teardown.py
[2026-04-07T04:15:03.767+0530] {processor.py:925} INFO - DAG(s) 'example_setup_teardown' retrieved from /home/ubantu/miniconda3/envs/airflow-env/lib/python3.11/site-packages/airflow/example_dags/example_setup_teardown.py
[2026-04-07T04:15:03.783+0530] {logging_mixin.py:190} INFO - [2026-04-07T04:15:03.782+0530] {dag.py:3239} INFO - Sync 1 DAGs
[2026-04-07T04:15:03.794+0530] {logging_mixin.py:190} INFO - [2026-04-07T04:15:03.794+0530] {dag.py:4180} INFO - Setting next_dagrun for example_setup_teardown to None, run_after=None
[2026-04-07T04:15:03.814+0530] {processor.py:208} INFO - Processing /home/ubantu/miniconda3/envs/airflow-env/lib/python3.11/site-packages/airflow/example_dags/example_setup_teardown.py took 0.065 seconds
[2026-04-07T04:15:53.730+0530] {processor.py:186} INFO - Started process (PID=6588) to work on /home/ubantu/miniconda3/envs/airflow-env/lib/python3.11/site-packages/airflow/example_dags/example_setup_teardown.py
[2026-04-07T04:15:53.731+0530] {processor.py:914} INFO - Processing file /home/ubantu/miniconda3/envs/airflow-env/lib/python3.11/site-packages/airflow/example_dags/example_setup_teardown.py for tasks to queue
[2026-04-07T04:15:53.733+0530] {logging_mixin.py:190} INFO - [2026-04-07T04:15:53.733+0530] {dagbag.py:588} INFO - Filling up the DagBag from /home/ubantu/miniconda3/envs/airflow-env/lib/python3.11/site-packages/airflow/example_dags/example_setup_teardown.py
[2026-04-07T04:15:53.743+0530] {processor.py:925} INFO - DAG(s) 'example_setup_teardown' retrieved from /home/ubantu/miniconda3/envs/airflow-env/lib/python3.11/site-packages/airflow/example_dags/example_setup_teardown.py
[2026-04-07T04:15:53.759+0530] {logging_mixin.py:190} INFO - [2026-04-07T04:15:53.759+0530] {dag.py:3239} INFO - Sync 1 DAGs
[2026-04-07T04:15:53.769+0530] {logging_mixin.py:190} INFO - [2026-04-07T04:15:53.769+0530] {dag.py:4180} INFO - Setting next_dagrun for example_setup_teardown to None, run_after=None
[2026-04-07T04:15:53.787+0530] {processor.py:208} INFO - Processing /home/ubantu/miniconda3/envs/airflow-env/lib/python3.11/site-packages/airflow/example_dags/example_setup_teardown.py took 0.063 seconds
[2026-04-07T04:16:44.979+0530] {processor.py:186} INFO - Started process (PID=6647) to work on /home/ubantu/miniconda3/envs/airflow-env/lib/python3.11/site-packages/airflow/example_dags/example_setup_teardown.py
[2026-04-07T04:16:44.980+0530] {processor.py:914} INFO - Processing file /home/ubantu/miniconda3/envs/airflow-env/lib/python3.11/site-packages/airflow/example_dags/example_setup_teardown.py for tasks to queue
[2026-04-07T04:16:44.982+0530] {logging_mixin.py:190} INFO - [2026-04-07T04:16:44.981+0530] {dagbag.py:588} INFO - Filling up the DagBag from /home/ubantu/miniconda3/envs/airflow-env/lib/python3.11/site-packages/airflow/example_dags/example_setup_teardown.py
[2026-04-07T04:16:44.991+0530] {processor.py:925} INFO - DAG(s) 'example_setup_teardown' retrieved from /home/ubantu/miniconda3/envs/airflow-env/lib/python3.11/site-packages/airflow/example_dags/example_setup_teardown.py
[2026-04-07T04:16:45.006+0530] {logging_mixin.py:190} INFO - [2026-04-07T04:16:45.006+0530] {dag.py:3239} INFO - Sync 1 DAGs
[2026-04-07T04:16:45.018+0530] {logging_mixin.py:190} INFO - [2026-04-07T04:16:45.018+0530] {dag.py:4180} INFO - Setting next_dagrun for example_setup_teardown to None, run_after=None
[2026-04-07T04:16:45.036+0530] {processor.py:208} INFO - Processing /home/ubantu/miniconda3/envs/airflow-env/lib/python3.11/site-packages/airflow/example_dags/example_setup_teardown.py took 0.063 seconds
[2026-04-07T04:17:35.270+0530] {processor.py:186} INFO - Started process (PID=6710) to work on /home/ubantu/miniconda3/envs/airflow-env/lib/python3.11/site-packages/airflow/example_dags/example_setup_teardown.py
[2026-04-07T04:17:35.271+0530] {processor.py:914} INFO - Processing file /home/ubantu/miniconda3/envs/airflow-env/lib/python3.11/site-packages/airflow/example_dags/example_setup_teardown.py for tasks to queue
[2026-04-07T04:17:35.273+0530] {logging_mixin.py:190} INFO - [2026-04-07T04:17:35.273+0530] {dagbag.py:588} INFO - Filling up the DagBag from /home/ubantu/miniconda3/envs/airflow-env/lib/python3.11/site-packages/airflow/example_dags/example_setup_teardown.py
[2026-04-07T04:17:35.283+0530] {processor.py:925} INFO - DAG(s) 'example_setup_teardown' retrieved from /home/ubantu/miniconda3/envs/airflow-env/lib/python3.11/site-packages/airflow/example_dags/example_setup_teardown.py
[2026-04-07T04:17:35.298+0530] {logging_mixin.py:190} INFO - [2026-04-07T04:17:35.298+0530] {dag.py:3239} INFO - Sync 1 DAGs
[2026-04-07T04:17:35.309+0530] {logging_mixin.py:190} INFO - [2026-04-07T04:17:35.309+0530] {dag.py:4180} INFO - Setting next_dagrun for example_setup_teardown to None, run_after=None
[2026-04-07T04:17:35.326+0530] {processor.py:208} INFO - Processing /home/ubantu/miniconda3/envs/airflow-env/lib/python3.11/site-packages/airflow/example_dags/example_setup_teardown.py took 0.062 seconds
[2026-04-07T04:18:35.982+0530] {processor.py:186} INFO - Started process (PID=6828) to work on /home/ubantu/miniconda3/envs/airflow-env/lib/python3.11/site-packages/airflow/example_dags/example_setup_teardown.py
[2026-04-07T04:18:35.983+0530] {processor.py:914} INFO - Processing file /home/ubantu/miniconda3/envs/airflow-env/lib/python3.11/site-packages/airflow/example_dags/example_setup_teardown.py for tasks to queue
[2026-04-07T04:18:35.986+0530] {logging_mixin.py:190} INFO - [2026-04-07T04:18:35.985+0530] {dagbag.py:588} INFO - Filling up the DagBag from /home/ubantu/miniconda3/envs/airflow-env/lib/python3.11/site-packages/airflow/example_dags/example_setup_teardown.py
[2026-04-07T04:18:35.995+0530] {processor.py:925} INFO - DAG(s) 'example_setup_teardown' retrieved from /home/ubantu/miniconda3/envs/airflow-env/lib/python3.11/site-packages/airflow/example_dags/example_setup_teardown.py
[2026-04-07T04:18:36.012+0530] {logging_mixin.py:190} INFO - [2026-04-07T04:18:36.012+0530] {dag.py:3239} INFO - Sync 1 DAGs
[2026-04-07T04:18:36.025+0530] {logging_mixin.py:190} INFO - [2026-04-07T04:18:36.025+0530] {dag.py:4180} INFO - Setting next_dagrun for example_setup_teardown to None, run_after=None
[2026-04-07T04:18:36.050+0530] {processor.py:208} INFO - Processing /home/ubantu/miniconda3/envs/airflow-env/lib/python3.11/site-packages/airflow/example_dags/example_setup_teardown.py took 0.074 seconds
[2026-04-07T04:19:28.186+0530] {processor.py:186} INFO - Started process (PID=6888) to work on /home/ubantu/miniconda3/envs/airflow-env/lib/python3.11/site-packages/airflow/example_dags/example_setup_teardown.py
[2026-04-07T04:19:28.187+0530] {processor.py:914} INFO - Processing file /home/ubantu/miniconda3/envs/airflow-env/lib/python3.11/site-packages/airflow/example_dags/example_setup_teardown.py for tasks to queue
[2026-04-07T04:19:28.189+0530] {logging_mixin.py:190} INFO - [2026-04-07T04:19:28.188+0530] {dagbag.py:588} INFO - Filling up the DagBag from /home/ubantu/miniconda3/envs/airflow-env/lib/python3.11/site-packages/airflow/example_dags/example_setup_teardown.py
[2026-04-07T04:19:28.198+0530] {processor.py:925} INFO - DAG(s) 'example_setup_teardown' retrieved from /home/ubantu/miniconda3/envs/airflow-env/lib/python3.11/site-packages/airflow/example_dags/example_setup_teardown.py
[2026-04-07T04:19:28.214+0530] {logging_mixin.py:190} INFO - [2026-04-07T04:19:28.214+0530] {dag.py:3239} INFO - Sync 1 DAGs
[2026-04-07T04:19:28.226+0530] {logging_mixin.py:190} INFO - [2026-04-07T04:19:28.226+0530] {dag.py:4180} INFO - Setting next_dagrun for example_setup_teardown to None, run_after=None
[2026-04-07T04:19:28.246+0530] {processor.py:208} INFO - Processing /home/ubantu/miniconda3/envs/airflow-env/lib/python3.11/site-packages/airflow/example_dags/example_setup_teardown.py took 0.067 seconds
[2026-04-07T04:20:18.623+0530] {processor.py:186} INFO - Started process (PID=6949) to work on /home/ubantu/miniconda3/envs/airflow-env/lib/python3.11/site-packages/airflow/example_dags/example_setup_teardown.py
[2026-04-07T04:20:18.624+0530] {processor.py:914} INFO - Processing file /home/ubantu/miniconda3/envs/airflow-env/lib/python3.11/site-packages/airflow/example_dags/example_setup_teardown.py for tasks to queue
[2026-04-07T04:20:18.626+0530] {logging_mixin.py:190} INFO - [2026-04-07T04:20:18.626+0530] {dagbag.py:588} INFO - Filling up the DagBag from /home/ubantu/miniconda3/envs/airflow-env/lib/python3.11/site-packages/airflow/example_dags/example_setup_teardown.py
[2026-04-07T04:20:18.636+0530] {processor.py:925} INFO - DAG(s) 'example_setup_teardown' retrieved from /home/ubantu/miniconda3/envs/airflow-env/lib/python3.11/site-packages/airflow/example_dags/example_setup_teardown.py
[2026-04-07T04:20:18.652+0530] {logging_mixin.py:190} INFO - [2026-04-07T04:20:18.652+0530] {dag.py:3239} INFO - Sync 1 DAGs
[2026-04-07T04:20:18.664+0530] {logging_mixin.py:190} INFO - [2026-04-07T04:20:18.663+0530] {dag.py:4180} INFO - Setting next_dagrun for example_setup_teardown to None, run_after=None
[2026-04-07T04:20:18.682+0530] {processor.py:208} INFO - Processing /home/ubantu/miniconda3/envs/airflow-env/lib/python3.11/site-packages/airflow/example_dags/example_setup_teardown.py took 0.065 seconds
[2026-04-07T04:21:11.661+0530] {processor.py:186} INFO - Started process (PID=7006) to work on /home/ubantu/miniconda3/envs/airflow-env/lib/python3.11/site-packages/airflow/example_dags/example_setup_teardown.py
[2026-04-07T04:21:11.662+0530] {processor.py:914} INFO - Processing file /home/ubantu/miniconda3/envs/airflow-env/lib/python3.11/site-packages/airflow/example_dags/example_setup_teardown.py for tasks to queue
[2026-04-07T04:21:11.665+0530] {logging_mixin.py:190} INFO - [2026-04-07T04:21:11.664+0530] {dagbag.py:588} INFO - Filling up the DagBag from /home/ubantu/miniconda3/envs/airflow-env/lib/python3.11/site-packages/airflow/example_dags/example_setup_teardown.py
[2026-04-07T04:21:11.674+0530] {processor.py:925} INFO - DAG(s) 'example_setup_teardown' retrieved from /home/ubantu/miniconda3/envs/airflow-env/lib/python3.11/site-packages/airflow/example_dags/example_setup_teardown.py
[2026-04-07T04:21:11.690+0530] {logging_mixin.py:190} INFO - [2026-04-07T04:21:11.690+0530] {dag.py:3239} INFO - Sync 1 DAGs
[2026-04-07T04:21:11.701+0530] {logging_mixin.py:190} INFO - [2026-04-07T04:21:11.701+0530] {dag.py:4180} INFO - Setting next_dagrun for example_setup_teardown to None, run_after=None
[2026-04-07T04:21:11.718+0530] {processor.py:208} INFO - Processing /home/ubantu/miniconda3/envs/airflow-env/lib/python3.11/site-packages/airflow/example_dags/example_setup_teardown.py took 0.063 seconds
[2026-04-07T04:22:06.949+0530] {processor.py:186} INFO - Started process (PID=7070) to work on /home/ubantu/miniconda3/envs/airflow-env/lib/python3.11/site-packages/airflow/example_dags/example_setup_teardown.py
[2026-04-07T04:22:06.950+0530] {processor.py:914} INFO - Processing file /home/ubantu/miniconda3/envs/airflow-env/lib/python3.11/site-packages/airflow/example_dags/example_setup_teardown.py for tasks to queue
[2026-04-07T04:22:06.952+0530] {logging_mixin.py:190} INFO - [2026-04-07T04:22:06.952+0530] {dagbag.py:588} INFO - Filling up the DagBag from /home/ubantu/miniconda3/envs/airflow-env/lib/python3.11/site-packages/airflow/example_dags/example_setup_teardown.py
[2026-04-07T04:22:06.961+0530] {processor.py:925} INFO - DAG(s) 'example_setup_teardown' retrieved from /home/ubantu/miniconda3/envs/airflow-env/lib/python3.11/site-packages/airflow/example_dags/example_setup_teardown.py
[2026-04-07T04:22:06.976+0530] {logging_mixin.py:190} INFO - [2026-04-07T04:22:06.976+0530] {dag.py:3239} INFO - Sync 1 DAGs
[2026-04-07T04:22:06.987+0530] {logging_mixin.py:190} INFO - [2026-04-07T04:22:06.987+0530] {dag.py:4180} INFO - Setting next_dagrun for example_setup_teardown to None, run_after=None
[2026-04-07T04:22:07.008+0530] {processor.py:208} INFO - Processing /home/ubantu/miniconda3/envs/airflow-env/lib/python3.11/site-packages/airflow/example_dags/example_setup_teardown.py took 0.065 seconds
[2026-04-07T04:23:01.189+0530] {processor.py:186} INFO - Started process (PID=7151) to work on /home/ubantu/miniconda3/envs/airflow-env/lib/python3.11/site-packages/airflow/example_dags/example_setup_teardown.py
[2026-04-07T04:23:01.190+0530] {processor.py:914} INFO - Processing file /home/ubantu/miniconda3/envs/airflow-env/lib/python3.11/site-packages/airflow/example_dags/example_setup_teardown.py for tasks to queue
[2026-04-07T04:23:01.192+0530] {logging_mixin.py:190} INFO - [2026-04-07T04:23:01.192+0530] {dagbag.py:588} INFO - Filling up the DagBag from /home/ubantu/miniconda3/envs/airflow-env/lib/python3.11/site-packages/airflow/example_dags/example_setup_teardown.py
[2026-04-07T04:23:01.204+0530] {processor.py:925} INFO - DAG(s) 'example_setup_teardown' retrieved from /home/ubantu/miniconda3/envs/airflow-env/lib/python3.11/site-packages/airflow/example_dags/example_setup_teardown.py
[2026-04-07T04:23:01.222+0530] {logging_mixin.py:190} INFO - [2026-04-07T04:23:01.222+0530] {dag.py:3239} INFO - Sync 1 DAGs
[2026-04-07T04:23:01.233+0530] {logging_mixin.py:190} INFO - [2026-04-07T04:23:01.233+0530] {dag.py:4180} INFO - Setting next_dagrun for example_setup_teardown to None, run_after=None
[2026-04-07T04:23:01.252+0530] {processor.py:208} INFO - Processing /home/ubantu/miniconda3/envs/airflow-env/lib/python3.11/site-packages/airflow/example_dags/example_setup_teardown.py took 0.070 seconds
[2026-04-07T04:23:51.917+0530] {processor.py:186} INFO - Started process (PID=7243) to work on /home/ubantu/miniconda3/envs/airflow-env/lib/python3.11/site-packages/airflow/example_dags/example_setup_teardown.py
[2026-04-07T04:23:51.918+0530] {processor.py:914} INFO - Processing file /home/ubantu/miniconda3/envs/airflow-env/lib/python3.11/site-packages/airflow/example_dags/example_setup_teardown.py for tasks to queue
[2026-04-07T04:23:51.920+0530] {logging_mixin.py:190} INFO - [2026-04-07T04:23:51.919+0530] {dagbag.py:588} INFO - Filling up the DagBag from /home/ubantu/miniconda3/envs/airflow-env/lib/python3.11/site-packages/airflow/example_dags/example_setup_teardown.py
[2026-04-07T04:23:51.930+0530] {processor.py:925} INFO - DAG(s) 'example_setup_teardown' retrieved from /home/ubantu/miniconda3/envs/airflow-env/lib/python3.11/site-packages/airflow/example_dags/example_setup_teardown.py
[2026-04-07T04:23:51.946+0530] {logging_mixin.py:190} INFO - [2026-04-07T04:23:51.946+0530] {dag.py:3239} INFO - Sync 1 DAGs
[2026-04-07T04:23:51.957+0530] {logging_mixin.py:190} INFO - [2026-04-07T04:23:51.957+0530] {dag.py:4180} INFO - Setting next_dagrun for example_setup_teardown to None, run_after=None
[2026-04-07T04:23:51.978+0530] {processor.py:208} INFO - Processing /home/ubantu/miniconda3/envs/airflow-env/lib/python3.11/site-packages/airflow/example_dags/example_setup_teardown.py took 0.067 seconds
[2026-04-07T04:24:43.828+0530] {processor.py:186} INFO - Started process (PID=7341) to work on /home/ubantu/miniconda3/envs/airflow-env/lib/python3.11/site-packages/airflow/example_dags/example_setup_teardown.py
[2026-04-07T04:24:43.830+0530] {processor.py:914} INFO - Processing file /home/ubantu/miniconda3/envs/airflow-env/lib/python3.11/site-packages/airflow/example_dags/example_setup_teardown.py for tasks to queue
[2026-04-07T04:24:43.832+0530] {logging_mixin.py:190} INFO - [2026-04-07T04:24:43.831+0530] {dagbag.py:588} INFO - Filling up the DagBag from /home/ubantu/miniconda3/envs/airflow-env/lib/python3.11/site-packages/airflow/example_dags/example_setup_teardown.py
[2026-04-07T04:24:43.841+0530] {processor.py:925} INFO - DAG(s) 'example_setup_teardown' retrieved from /home/ubantu/miniconda3/envs/airflow-env/lib/python3.11/site-packages/airflow/example_dags/example_setup_teardown.py
[2026-04-07T04:24:43.857+0530] {logging_mixin.py:190} INFO - [2026-04-07T04:24:43.857+0530] {dag.py:3239} INFO - Sync 1 DAGs
[2026-04-07T04:24:43.868+0530] {logging_mixin.py:190} INFO - [2026-04-07T04:24:43.868+0530] {dag.py:4180} INFO - Setting next_dagrun for example_setup_teardown to None, run_after=None
[2026-04-07T04:24:43.887+0530] {processor.py:208} INFO - Processing /home/ubantu/miniconda3/envs/airflow-env/lib/python3.11/site-packages/airflow/example_dags/example_setup_teardown.py took 0.064 seconds
[2026-04-07T04:25:38.516+0530] {processor.py:186} INFO - Started process (PID=7431) to work on /home/ubantu/miniconda3/envs/airflow-env/lib/python3.11/site-packages/airflow/example_dags/example_setup_teardown.py
[2026-04-07T04:25:38.517+0530] {processor.py:914} INFO - Processing file /home/ubantu/miniconda3/envs/airflow-env/lib/python3.11/site-packages/airflow/example_dags/example_setup_teardown.py for tasks to queue
[2026-04-07T04:25:38.520+0530] {logging_mixin.py:190} INFO - [2026-04-07T04:25:38.519+0530] {dagbag.py:588} INFO - Filling up the DagBag from /home/ubantu/miniconda3/envs/airflow-env/lib/python3.11/site-packages/airflow/example_dags/example_setup_teardown.py
[2026-04-07T04:25:38.530+0530] {processor.py:925} INFO - DAG(s) 'example_setup_teardown' retrieved from /home/ubantu/miniconda3/envs/airflow-env/lib/python3.11/site-packages/airflow/example_dags/example_setup_teardown.py
[2026-04-07T04:25:38.548+0530] {logging_mixin.py:190} INFO - [2026-04-07T04:25:38.548+0530] {dag.py:3239} INFO - Sync 1 DAGs
[2026-04-07T04:25:38.561+0530] {logging_mixin.py:190} INFO - [2026-04-07T04:25:38.561+0530] {dag.py:4180} INFO - Setting next_dagrun for example_setup_teardown to None, run_after=None
[2026-04-07T04:25:38.579+0530] {processor.py:208} INFO - Processing /home/ubantu/miniconda3/envs/airflow-env/lib/python3.11/site-packages/airflow/example_dags/example_setup_teardown.py took 0.070 seconds
[2026-04-07T04:26:33.858+0530] {processor.py:186} INFO - Started process (PID=7499) to work on /home/ubantu/miniconda3/envs/airflow-env/lib/python3.11/site-packages/airflow/example_dags/example_setup_teardown.py
[2026-04-07T04:26:33.859+0530] {processor.py:914} INFO - Processing file /home/ubantu/miniconda3/envs/airflow-env/lib/python3.11/site-packages/airflow/example_dags/example_setup_teardown.py for tasks to queue
[2026-04-07T04:26:33.861+0530] {logging_mixin.py:190} INFO - [2026-04-07T04:26:33.861+0530] {dagbag.py:588} INFO - Filling up the DagBag from /home/ubantu/miniconda3/envs/airflow-env/lib/python3.11/site-packages/airflow/example_dags/example_setup_teardown.py
[2026-04-07T04:26:33.872+0530] {processor.py:925} INFO - DAG(s) 'example_setup_teardown' retrieved from /home/ubantu/miniconda3/envs/airflow-env/lib/python3.11/site-packages/airflow/example_dags/example_setup_teardown.py
[2026-04-07T04:26:33.891+0530] {logging_mixin.py:190} INFO - [2026-04-07T04:26:33.890+0530] {dag.py:3239} INFO - Sync 1 DAGs
[2026-04-07T04:26:33.904+0530] {logging_mixin.py:190} INFO - [2026-04-07T04:26:33.904+0530] {dag.py:4180} INFO - Setting next_dagrun for example_setup_teardown to None, run_after=None
[2026-04-07T04:26:33.924+0530] {processor.py:208} INFO - Processing /home/ubantu/miniconda3/envs/airflow-env/lib/python3.11/site-packages/airflow/example_dags/example_setup_teardown.py took 0.074 seconds
[2026-04-07T04:27:28.017+0530] {processor.py:186} INFO - Started process (PID=7566) to work on /home/ubantu/miniconda3/envs/airflow-env/lib/python3.11/site-packages/airflow/example_dags/example_setup_teardown.py
[2026-04-07T04:27:28.018+0530] {processor.py:914} INFO - Processing file /home/ubantu/miniconda3/envs/airflow-env/lib/python3.11/site-packages/airflow/example_dags/example_setup_teardown.py for tasks to queue
[2026-04-07T04:27:28.020+0530] {logging_mixin.py:190} INFO - [2026-04-07T04:27:28.019+0530] {dagbag.py:588} INFO - Filling up the DagBag from /home/ubantu/miniconda3/envs/airflow-env/lib/python3.11/site-packages/airflow/example_dags/example_setup_teardown.py
[2026-04-07T04:27:28.029+0530] {processor.py:925} INFO - DAG(s) 'example_setup_teardown' retrieved from /home/ubantu/miniconda3/envs/airflow-env/lib/python3.11/site-packages/airflow/example_dags/example_setup_teardown.py
[2026-04-07T04:27:28.045+0530] {logging_mixin.py:190} INFO - [2026-04-07T04:27:28.044+0530] {dag.py:3239} INFO - Sync 1 DAGs
[2026-04-07T04:27:28.057+0530] {logging_mixin.py:190} INFO - [2026-04-07T04:27:28.057+0530] {dag.py:4180} INFO - Setting next_dagrun for example_setup_teardown to None, run_after=None
[2026-04-07T04:27:28.077+0530] {processor.py:208} INFO - Processing /home/ubantu/miniconda3/envs/airflow-env/lib/python3.11/site-packages/airflow/example_dags/example_setup_teardown.py took 0.068 seconds
[2026-04-07T04:28:19.659+0530] {processor.py:186} INFO - Started process (PID=7627) to work on /home/ubantu/miniconda3/envs/airflow-env/lib/python3.11/site-packages/airflow/example_dags/example_setup_teardown.py
[2026-04-07T04:28:19.660+0530] {processor.py:914} INFO - Processing file /home/ubantu/miniconda3/envs/airflow-env/lib/python3.11/site-packages/airflow/example_dags/example_setup_teardown.py for tasks to queue
[2026-04-07T04:28:19.662+0530] {logging_mixin.py:190} INFO - [2026-04-07T04:28:19.662+0530] {dagbag.py:588} INFO - Filling up the DagBag from /home/ubantu/miniconda3/envs/airflow-env/lib/python3.11/site-packages/airflow/example_dags/example_setup_teardown.py
[2026-04-07T04:28:19.669+0530] {processor.py:925} INFO - DAG(s) 'example_setup_teardown' retrieved from /home/ubantu/miniconda3/envs/airflow-env/lib/python3.11/site-packages/airflow/example_dags/example_setup_teardown.py
[2026-04-07T04:28:19.682+0530] {logging_mixin.py:190} INFO - [2026-04-07T04:28:19.682+0530] {dag.py:3239} INFO - Sync 1 DAGs
[2026-04-07T04:28:19.693+0530] {logging_mixin.py:190} INFO - [2026-04-07T04:28:19.692+0530] {dag.py:4180} INFO - Setting next_dagrun for example_setup_teardown to None, run_after=None
[2026-04-07T04:28:19.709+0530] {processor.py:208} INFO - Processing /home/ubantu/miniconda3/envs/airflow-env/lib/python3.11/site-packages/airflow/example_dags/example_setup_teardown.py took 0.055 seconds
[2026-04-07T04:29:12.745+0530] {processor.py:186} INFO - Started process (PID=7697) to work on /home/ubantu/miniconda3/envs/airflow-env/lib/python3.11/site-packages/airflow/example_dags/example_setup_teardown.py
[2026-04-07T04:29:12.747+0530] {processor.py:914} INFO - Processing file /home/ubantu/miniconda3/envs/airflow-env/lib/python3.11/site-packages/airflow/example_dags/example_setup_teardown.py for tasks to queue
[2026-04-07T04:29:12.749+0530] {logging_mixin.py:190} INFO - [2026-04-07T04:29:12.748+0530] {dagbag.py:588} INFO - Filling up the DagBag from /home/ubantu/miniconda3/envs/airflow-env/lib/python3.11/site-packages/airflow/example_dags/example_setup_teardown.py
[2026-04-07T04:29:12.757+0530] {processor.py:925} INFO - DAG(s) 'example_setup_teardown' retrieved from /home/ubantu/miniconda3/envs/airflow-env/lib/python3.11/site-packages/airflow/example_dags/example_setup_teardown.py
[2026-04-07T04:29:12.777+0530] {logging_mixin.py:190} INFO - [2026-04-07T04:29:12.777+0530] {dag.py:3239} INFO - Sync 1 DAGs
[2026-04-07T04:29:12.793+0530] {logging_mixin.py:190} INFO - [2026-04-07T04:29:12.792+0530] {dag.py:4180} INFO - Setting next_dagrun for example_setup_teardown to None, run_after=None
[2026-04-07T04:29:12.838+0530] {processor.py:208} INFO - Processing /home/ubantu/miniconda3/envs/airflow-env/lib/python3.11/site-packages/airflow/example_dags/example_setup_teardown.py took 0.100 seconds
[2026-04-07T04:30:10.307+0530] {processor.py:186} INFO - Started process (PID=7765) to work on /home/ubantu/miniconda3/envs/airflow-env/lib/python3.11/site-packages/airflow/example_dags/example_setup_teardown.py
[2026-04-07T04:30:10.309+0530] {processor.py:914} INFO - Processing file /home/ubantu/miniconda3/envs/airflow-env/lib/python3.11/site-packages/airflow/example_dags/example_setup_teardown.py for tasks to queue
[2026-04-07T04:30:10.311+0530] {logging_mixin.py:190} INFO - [2026-04-07T04:30:10.311+0530] {dagbag.py:588} INFO - Filling up the DagBag from /home/ubantu/miniconda3/envs/airflow-env/lib/python3.11/site-packages/airflow/example_dags/example_setup_teardown.py
[2026-04-07T04:30:10.319+0530] {processor.py:925} INFO - DAG(s) 'example_setup_teardown' retrieved from /home/ubantu/miniconda3/envs/airflow-env/lib/python3.11/site-packages/airflow/example_dags/example_setup_teardown.py
[2026-04-07T04:30:10.334+0530] {logging_mixin.py:190} INFO - [2026-04-07T04:30:10.334+0530] {dag.py:3239} INFO - Sync 1 DAGs
[2026-04-07T04:30:10.345+0530] {logging_mixin.py:190} INFO - [2026-04-07T04:30:10.345+0530] {dag.py:4180} INFO - Setting next_dagrun for example_setup_teardown to None, run_after=None
[2026-04-07T04:30:10.385+0530] {processor.py:208} INFO - Processing /home/ubantu/miniconda3/envs/airflow-env/lib/python3.11/site-packages/airflow/example_dags/example_setup_teardown.py took 0.085 seconds
[2026-04-07T04:31:08.068+0530] {processor.py:186} INFO - Started process (PID=7833) to work on /home/ubantu/miniconda3/envs/airflow-env/lib/python3.11/site-packages/airflow/example_dags/example_setup_teardown.py
[2026-04-07T04:31:08.071+0530] {processor.py:914} INFO - Processing file /home/ubantu/miniconda3/envs/airflow-env/lib/python3.11/site-packages/airflow/example_dags/example_setup_teardown.py for tasks to queue
[2026-04-07T04:31:08.073+0530] {logging_mixin.py:190} INFO - [2026-04-07T04:31:08.073+0530] {dagbag.py:588} INFO - Filling up the DagBag from /home/ubantu/miniconda3/envs/airflow-env/lib/python3.11/site-packages/airflow/example_dags/example_setup_teardown.py
[2026-04-07T04:31:08.084+0530] {processor.py:925} INFO - DAG(s) 'example_setup_teardown' retrieved from /home/ubantu/miniconda3/envs/airflow-env/lib/python3.11/site-packages/airflow/example_dags/example_setup_teardown.py
[2026-04-07T04:31:08.101+0530] {logging_mixin.py:190} INFO - [2026-04-07T04:31:08.101+0530] {dag.py:3239} INFO - Sync 1 DAGs
[2026-04-07T04:31:08.113+0530] {logging_mixin.py:190} INFO - [2026-04-07T04:31:08.113+0530] {dag.py:4180} INFO - Setting next_dagrun for example_setup_teardown to None, run_after=None
[2026-04-07T04:31:08.154+0530] {processor.py:208} INFO - Processing /home/ubantu/miniconda3/envs/airflow-env/lib/python3.11/site-packages/airflow/example_dags/example_setup_teardown.py took 0.093 seconds
[2026-04-07T04:32:06.180+0530] {processor.py:186} INFO - Started process (PID=7898) to work on /home/ubantu/miniconda3/envs/airflow-env/lib/python3.11/site-packages/airflow/example_dags/example_setup_teardown.py
[2026-04-07T04:32:06.182+0530] {processor.py:914} INFO - Processing file /home/ubantu/miniconda3/envs/airflow-env/lib/python3.11/site-packages/airflow/example_dags/example_setup_teardown.py for tasks to queue
[2026-04-07T04:32:06.183+0530] {logging_mixin.py:190} INFO - [2026-04-07T04:32:06.183+0530] {dagbag.py:588} INFO - Filling up the DagBag from /home/ubantu/miniconda3/envs/airflow-env/lib/python3.11/site-packages/airflow/example_dags/example_setup_teardown.py
[2026-04-07T04:32:06.191+0530] {processor.py:925} INFO - DAG(s) 'example_setup_teardown' retrieved from /home/ubantu/miniconda3/envs/airflow-env/lib/python3.11/site-packages/airflow/example_dags/example_setup_teardown.py
[2026-04-07T04:32:06.204+0530] {logging_mixin.py:190} INFO - [2026-04-07T04:32:06.204+0530] {dag.py:3239} INFO - Sync 1 DAGs
[2026-04-07T04:32:06.215+0530] {logging_mixin.py:190} INFO - [2026-04-07T04:32:06.214+0530] {dag.py:4180} INFO - Setting next_dagrun for example_setup_teardown to None, run_after=None
[2026-04-07T04:32:06.254+0530] {processor.py:208} INFO - Processing /home/ubantu/miniconda3/envs/airflow-env/lib/python3.11/site-packages/airflow/example_dags/example_setup_teardown.py took 0.079 seconds
[2026-04-07T04:33:03.014+0530] {processor.py:186} INFO - Started process (PID=7973) to work on /home/ubantu/miniconda3/envs/airflow-env/lib/python3.11/site-packages/airflow/example_dags/example_setup_teardown.py
[2026-04-07T04:33:03.015+0530] {processor.py:914} INFO - Processing file /home/ubantu/miniconda3/envs/airflow-env/lib/python3.11/site-packages/airflow/example_dags/example_setup_teardown.py for tasks to queue
[2026-04-07T04:33:03.017+0530] {logging_mixin.py:190} INFO - [2026-04-07T04:33:03.016+0530] {dagbag.py:588} INFO - Filling up the DagBag from /home/ubantu/miniconda3/envs/airflow-env/lib/python3.11/site-packages/airflow/example_dags/example_setup_teardown.py
[2026-04-07T04:33:03.024+0530] {processor.py:925} INFO - DAG(s) 'example_setup_teardown' retrieved from /home/ubantu/miniconda3/envs/airflow-env/lib/python3.11/site-packages/airflow/example_dags/example_setup_teardown.py
[2026-04-07T04:33:03.039+0530] {logging_mixin.py:190} INFO - [2026-04-07T04:33:03.038+0530] {dag.py:3239} INFO - Sync 1 DAGs
[2026-04-07T04:33:03.049+0530] {logging_mixin.py:190} INFO - [2026-04-07T04:33:03.049+0530] {dag.py:4180} INFO - Setting next_dagrun for example_setup_teardown to None, run_after=None
[2026-04-07T04:33:03.068+0530] {processor.py:208} INFO - Processing /home/ubantu/miniconda3/envs/airflow-env/lib/python3.11/site-packages/airflow/example_dags/example_setup_teardown.py took 0.059 seconds
[2026-04-07T04:33:57.127+0530] {processor.py:186} INFO - Started process (PID=8152) to work on /home/ubantu/miniconda3/envs/airflow-env/lib/python3.11/site-packages/airflow/example_dags/example_setup_teardown.py
[2026-04-07T04:33:57.128+0530] {processor.py:914} INFO - Processing file /home/ubantu/miniconda3/envs/airflow-env/lib/python3.11/site-packages/airflow/example_dags/example_setup_teardown.py for tasks to queue
[2026-04-07T04:33:57.131+0530] {logging_mixin.py:190} INFO - [2026-04-07T04:33:57.130+0530] {dagbag.py:588} INFO - Filling up the DagBag from /home/ubantu/miniconda3/envs/airflow-env/lib/python3.11/site-packages/airflow/example_dags/example_setup_teardown.py
[2026-04-07T04:33:57.141+0530] {processor.py:925} INFO - DAG(s) 'example_setup_teardown' retrieved from /home/ubantu/miniconda3/envs/airflow-env/lib/python3.11/site-packages/airflow/example_dags/example_setup_teardown.py
[2026-04-07T04:33:57.157+0530] {logging_mixin.py:190} INFO - [2026-04-07T04:33:57.157+0530] {dag.py:3239} INFO - Sync 1 DAGs
[2026-04-07T04:33:57.169+0530] {logging_mixin.py:190} INFO - [2026-04-07T04:33:57.169+0530] {dag.py:4180} INFO - Setting next_dagrun for example_setup_teardown to None, run_after=None
[2026-04-07T04:33:57.186+0530] {processor.py:208} INFO - Processing /home/ubantu/miniconda3/envs/airflow-env/lib/python3.11/site-packages/airflow/example_dags/example_setup_teardown.py took 0.066 seconds
[2026-04-07T04:34:51.580+0530] {processor.py:186} INFO - Started process (PID=8222) to work on /home/ubantu/miniconda3/envs/airflow-env/lib/python3.11/site-packages/airflow/example_dags/example_setup_teardown.py
[2026-04-07T04:34:51.581+0530] {processor.py:914} INFO - Processing file /home/ubantu/miniconda3/envs/airflow-env/lib/python3.11/site-packages/airflow/example_dags/example_setup_teardown.py for tasks to queue
[2026-04-07T04:34:51.584+0530] {logging_mixin.py:190} INFO - [2026-04-07T04:34:51.583+0530] {dagbag.py:588} INFO - Filling up the DagBag from /home/ubantu/miniconda3/envs/airflow-env/lib/python3.11/site-packages/airflow/example_dags/example_setup_teardown.py
[2026-04-07T04:34:51.593+0530] {processor.py:925} INFO - DAG(s) 'example_setup_teardown' retrieved from /home/ubantu/miniconda3/envs/airflow-env/lib/python3.11/site-packages/airflow/example_dags/example_setup_teardown.py
[2026-04-07T04:34:51.608+0530] {logging_mixin.py:190} INFO - [2026-04-07T04:34:51.608+0530] {dag.py:3239} INFO - Sync 1 DAGs
[2026-04-07T04:34:51.619+0530] {logging_mixin.py:190} INFO - [2026-04-07T04:34:51.619+0530] {dag.py:4180} INFO - Setting next_dagrun for example_setup_teardown to None, run_after=None
[2026-04-07T04:34:51.636+0530] {processor.py:208} INFO - Processing /home/ubantu/miniconda3/envs/airflow-env/lib/python3.11/site-packages/airflow/example_dags/example_setup_teardown.py took 0.062 seconds
[2026-04-07T04:35:44.511+0530] {processor.py:186} INFO - Started process (PID=8296) to work on /home/ubantu/miniconda3/envs/airflow-env/lib/python3.11/site-packages/airflow/example_dags/example_setup_teardown.py
[2026-04-07T04:35:44.512+0530] {processor.py:914} INFO - Processing file /home/ubantu/miniconda3/envs/airflow-env/lib/python3.11/site-packages/airflow/example_dags/example_setup_teardown.py for tasks to queue
[2026-04-07T04:35:44.514+0530] {logging_mixin.py:190} INFO - [2026-04-07T04:35:44.514+0530] {dagbag.py:588} INFO - Filling up the DagBag from /home/ubantu/miniconda3/envs/airflow-env/lib/python3.11/site-packages/airflow/example_dags/example_setup_teardown.py
[2026-04-07T04:35:44.523+0530] {processor.py:925} INFO - DAG(s) 'example_setup_teardown' retrieved from /home/ubantu/miniconda3/envs/airflow-env/lib/python3.11/site-packages/airflow/example_dags/example_setup_teardown.py
[2026-04-07T04:35:44.540+0530] {logging_mixin.py:190} INFO - [2026-04-07T04:35:44.539+0530] {dag.py:3239} INFO - Sync 1 DAGs
[2026-04-07T04:35:44.553+0530] {logging_mixin.py:190} INFO - [2026-04-07T04:35:44.553+0530] {dag.py:4180} INFO - Setting next_dagrun for example_setup_teardown to None, run_after=None
[2026-04-07T04:35:44.574+0530] {processor.py:208} INFO - Processing /home/ubantu/miniconda3/envs/airflow-env/lib/python3.11/site-packages/airflow/example_dags/example_setup_teardown.py took 0.070 seconds
[2026-04-07T04:36:40.027+0530] {processor.py:186} INFO - Started process (PID=8370) to work on /home/ubantu/miniconda3/envs/airflow-env/lib/python3.11/site-packages/airflow/example_dags/example_setup_teardown.py
[2026-04-07T04:36:40.029+0530] {processor.py:914} INFO - Processing file /home/ubantu/miniconda3/envs/airflow-env/lib/python3.11/site-packages/airflow/example_dags/example_setup_teardown.py for tasks to queue
[2026-04-07T04:36:40.033+0530] {logging_mixin.py:190} INFO - [2026-04-07T04:36:40.032+0530] {dagbag.py:588} INFO - Filling up the DagBag from /home/ubantu/miniconda3/envs/airflow-env/lib/python3.11/site-packages/airflow/example_dags/example_setup_teardown.py
[2026-04-07T04:36:40.053+0530] {processor.py:925} INFO - DAG(s) 'example_setup_teardown' retrieved from /home/ubantu/miniconda3/envs/airflow-env/lib/python3.11/site-packages/airflow/example_dags/example_setup_teardown.py
[2026-04-07T04:36:40.076+0530] {logging_mixin.py:190} INFO - [2026-04-07T04:36:40.076+0530] {dag.py:3239} INFO - Sync 1 DAGs
[2026-04-07T04:36:40.088+0530] {logging_mixin.py:190} INFO - [2026-04-07T04:36:40.088+0530] {dag.py:4180} INFO - Setting next_dagrun for example_setup_teardown to None, run_after=None
[2026-04-07T04:36:40.106+0530] {processor.py:208} INFO - Processing /home/ubantu/miniconda3/envs/airflow-env/lib/python3.11/site-packages/airflow/example_dags/example_setup_teardown.py took 0.088 seconds
[2026-04-07T04:37:33.077+0530] {processor.py:186} INFO - Started process (PID=8458) to work on /home/ubantu/miniconda3/envs/airflow-env/lib/python3.11/site-packages/airflow/example_dags/example_setup_teardown.py
[2026-04-07T04:37:33.078+0530] {processor.py:914} INFO - Processing file /home/ubantu/miniconda3/envs/airflow-env/lib/python3.11/site-packages/airflow/example_dags/example_setup_teardown.py for tasks to queue
[2026-04-07T04:37:33.079+0530] {logging_mixin.py:190} INFO - [2026-04-07T04:37:33.079+0530] {dagbag.py:588} INFO - Filling up the DagBag from /home/ubantu/miniconda3/envs/airflow-env/lib/python3.11/site-packages/airflow/example_dags/example_setup_teardown.py
[2026-04-07T04:37:33.090+0530] {processor.py:925} INFO - DAG(s) 'example_setup_teardown' retrieved from /home/ubantu/miniconda3/envs/airflow-env/lib/python3.11/site-packages/airflow/example_dags/example_setup_teardown.py
[2026-04-07T04:37:33.108+0530] {logging_mixin.py:190} INFO - [2026-04-07T04:37:33.108+0530] {dag.py:3239} INFO - Sync 1 DAGs
[2026-04-07T04:37:33.123+0530] {logging_mixin.py:190} INFO - [2026-04-07T04:37:33.122+0530] {dag.py:4180} INFO - Setting next_dagrun for example_setup_teardown to None, run_after=None
[2026-04-07T04:37:33.142+0530] {processor.py:208} INFO - Processing /home/ubantu/miniconda3/envs/airflow-env/lib/python3.11/site-packages/airflow/example_dags/example_setup_teardown.py took 0.073 seconds
[2026-04-07T04:38:38.540+0530] {processor.py:186} INFO - Started process (PID=8566) to work on /home/ubantu/miniconda3/envs/airflow-env/lib/python3.11/site-packages/airflow/example_dags/example_setup_teardown.py
[2026-04-07T04:38:38.541+0530] {processor.py:914} INFO - Processing file /home/ubantu/miniconda3/envs/airflow-env/lib/python3.11/site-packages/airflow/example_dags/example_setup_teardown.py for tasks to queue
[2026-04-07T04:38:38.543+0530] {logging_mixin.py:190} INFO - [2026-04-07T04:38:38.542+0530] {dagbag.py:588} INFO - Filling up the DagBag from /home/ubantu/miniconda3/envs/airflow-env/lib/python3.11/site-packages/airflow/example_dags/example_setup_teardown.py
[2026-04-07T04:38:38.553+0530] {processor.py:925} INFO - DAG(s) 'example_setup_teardown' retrieved from /home/ubantu/miniconda3/envs/airflow-env/lib/python3.11/site-packages/airflow/example_dags/example_setup_teardown.py
[2026-04-07T04:38:38.570+0530] {logging_mixin.py:190} INFO - [2026-04-07T04:38:38.570+0530] {dag.py:3239} INFO - Sync 1 DAGs
[2026-04-07T04:38:38.582+0530] {logging_mixin.py:190} INFO - [2026-04-07T04:38:38.582+0530] {dag.py:4180} INFO - Setting next_dagrun for example_setup_teardown to None, run_after=None
[2026-04-07T04:38:38.600+0530] {processor.py:208} INFO - Processing /home/ubantu/miniconda3/envs/airflow-env/lib/python3.11/site-packages/airflow/example_dags/example_setup_teardown.py took 0.067 seconds
[2026-04-07T04:39:36.570+0530] {processor.py:186} INFO - Started process (PID=8642) to work on /home/ubantu/miniconda3/envs/airflow-env/lib/python3.11/site-packages/airflow/example_dags/example_setup_teardown.py
[2026-04-07T04:39:36.571+0530] {processor.py:914} INFO - Processing file /home/ubantu/miniconda3/envs/airflow-env/lib/python3.11/site-packages/airflow/example_dags/example_setup_teardown.py for tasks to queue
[2026-04-07T04:39:36.572+0530] {logging_mixin.py:190} INFO - [2026-04-07T04:39:36.572+0530] {dagbag.py:588} INFO - Filling up the DagBag from /home/ubantu/miniconda3/envs/airflow-env/lib/python3.11/site-packages/airflow/example_dags/example_setup_teardown.py
[2026-04-07T04:39:36.581+0530] {processor.py:925} INFO - DAG(s) 'example_setup_teardown' retrieved from /home/ubantu/miniconda3/envs/airflow-env/lib/python3.11/site-packages/airflow/example_dags/example_setup_teardown.py
[2026-04-07T04:39:36.595+0530] {logging_mixin.py:190} INFO - [2026-04-07T04:39:36.594+0530] {dag.py:3239} INFO - Sync 1 DAGs
[2026-04-07T04:39:36.605+0530] {logging_mixin.py:190} INFO - [2026-04-07T04:39:36.605+0530] {dag.py:4180} INFO - Setting next_dagrun for example_setup_teardown to None, run_after=None
[2026-04-07T04:39:36.623+0530] {processor.py:208} INFO - Processing /home/ubantu/miniconda3/envs/airflow-env/lib/python3.11/site-packages/airflow/example_dags/example_setup_teardown.py took 0.058 seconds
[2026-04-07T04:40:33.217+0530] {processor.py:186} INFO - Started process (PID=8721) to work on /home/ubantu/miniconda3/envs/airflow-env/lib/python3.11/site-packages/airflow/example_dags/example_setup_teardown.py
[2026-04-07T04:40:33.219+0530] {processor.py:914} INFO - Processing file /home/ubantu/miniconda3/envs/airflow-env/lib/python3.11/site-packages/airflow/example_dags/example_setup_teardown.py for tasks to queue
[2026-04-07T04:40:33.220+0530] {logging_mixin.py:190} INFO - [2026-04-07T04:40:33.220+0530] {dagbag.py:588} INFO - Filling up the DagBag from /home/ubantu/miniconda3/envs/airflow-env/lib/python3.11/site-packages/airflow/example_dags/example_setup_teardown.py
[2026-04-07T04:40:33.230+0530] {processor.py:925} INFO - DAG(s) 'example_setup_teardown' retrieved from /home/ubantu/miniconda3/envs/airflow-env/lib/python3.11/site-packages/airflow/example_dags/example_setup_teardown.py
[2026-04-07T04:40:33.245+0530] {logging_mixin.py:190} INFO - [2026-04-07T04:40:33.245+0530] {dag.py:3239} INFO - Sync 1 DAGs
[2026-04-07T04:40:33.257+0530] {logging_mixin.py:190} INFO - [2026-04-07T04:40:33.257+0530] {dag.py:4180} INFO - Setting next_dagrun for example_setup_teardown to None, run_after=None
[2026-04-07T04:40:33.275+0530] {processor.py:208} INFO - Processing /home/ubantu/miniconda3/envs/airflow-env/lib/python3.11/site-packages/airflow/example_dags/example_setup_teardown.py took 0.064 seconds
[2026-04-07T04:41:24.471+0530] {processor.py:186} INFO - Started process (PID=8874) to work on /home/ubantu/miniconda3/envs/airflow-env/lib/python3.11/site-packages/airflow/example_dags/example_setup_teardown.py
[2026-04-07T04:41:24.472+0530] {processor.py:914} INFO - Processing file /home/ubantu/miniconda3/envs/airflow-env/lib/python3.11/site-packages/airflow/example_dags/example_setup_teardown.py for tasks to queue
[2026-04-07T04:41:24.474+0530] {logging_mixin.py:190} INFO - [2026-04-07T04:41:24.474+0530] {dagbag.py:588} INFO - Filling up the DagBag from /home/ubantu/miniconda3/envs/airflow-env/lib/python3.11/site-packages/airflow/example_dags/example_setup_teardown.py
[2026-04-07T04:41:24.486+0530] {processor.py:925} INFO - DAG(s) 'example_setup_teardown' retrieved from /home/ubantu/miniconda3/envs/airflow-env/lib/python3.11/site-packages/airflow/example_dags/example_setup_teardown.py
[2026-04-07T04:41:24.505+0530] {logging_mixin.py:190} INFO - [2026-04-07T04:41:24.504+0530] {dag.py:3239} INFO - Sync 1 DAGs
[2026-04-07T04:41:24.517+0530] {logging_mixin.py:190} INFO - [2026-04-07T04:41:24.517+0530] {dag.py:4180} INFO - Setting next_dagrun for example_setup_teardown to None, run_after=None
[2026-04-07T04:41:24.535+0530] {processor.py:208} INFO - Processing /home/ubantu/miniconda3/envs/airflow-env/lib/python3.11/site-packages/airflow/example_dags/example_setup_teardown.py took 0.070 seconds
[2026-04-07T04:41:31.565+0530] {processor.py:186} INFO - Started process (PID=8889) to work on /home/ubantu/miniconda3/envs/airflow-env/lib/python3.11/site-packages/airflow/example_dags/example_setup_teardown.py
[2026-04-07T04:41:31.565+0530] {processor.py:914} INFO - Processing file /home/ubantu/miniconda3/envs/airflow-env/lib/python3.11/site-packages/airflow/example_dags/example_setup_teardown.py for tasks to queue
[2026-04-07T04:41:31.566+0530] {logging_mixin.py:190} INFO - [2026-04-07T04:41:31.566+0530] {dagbag.py:588} INFO - Filling up the DagBag from /home/ubantu/miniconda3/envs/airflow-env/lib/python3.11/site-packages/airflow/example_dags/example_setup_teardown.py
[2026-04-07T04:41:31.574+0530] {processor.py:925} INFO - DAG(s) 'example_setup_teardown' retrieved from /home/ubantu/miniconda3/envs/airflow-env/lib/python3.11/site-packages/airflow/example_dags/example_setup_teardown.py
[2026-04-07T04:41:31.587+0530] {logging_mixin.py:190} INFO - [2026-04-07T04:41:31.587+0530] {dag.py:3239} INFO - Sync 1 DAGs
[2026-04-07T04:41:31.597+0530] {logging_mixin.py:190} INFO - [2026-04-07T04:41:31.597+0530] {dag.py:4180} INFO - Setting next_dagrun for example_setup_teardown to None, run_after=None
[2026-04-07T04:41:31.617+0530] {processor.py:208} INFO - Processing /home/ubantu/miniconda3/envs/airflow-env/lib/python3.11/site-packages/airflow/example_dags/example_setup_teardown.py took 0.057 seconds
[2026-04-07T04:42:18.182+0530] {processor.py:186} INFO - Started process (PID=9009) to work on /home/ubantu/miniconda3/envs/airflow-env/lib/python3.11/site-packages/airflow/example_dags/example_setup_teardown.py
[2026-04-07T04:42:18.183+0530] {processor.py:914} INFO - Processing file /home/ubantu/miniconda3/envs/airflow-env/lib/python3.11/site-packages/airflow/example_dags/example_setup_teardown.py for tasks to queue
[2026-04-07T04:42:18.185+0530] {logging_mixin.py:190} INFO - [2026-04-07T04:42:18.185+0530] {dagbag.py:588} INFO - Filling up the DagBag from /home/ubantu/miniconda3/envs/airflow-env/lib/python3.11/site-packages/airflow/example_dags/example_setup_teardown.py
[2026-04-07T04:42:18.201+0530] {processor.py:925} INFO - DAG(s) 'example_setup_teardown' retrieved from /home/ubantu/miniconda3/envs/airflow-env/lib/python3.11/site-packages/airflow/example_dags/example_setup_teardown.py
[2026-04-07T04:42:18.228+0530] {logging_mixin.py:190} INFO - [2026-04-07T04:42:18.228+0530] {dag.py:3239} INFO - Sync 1 DAGs
[2026-04-07T04:42:18.239+0530] {logging_mixin.py:190} INFO - [2026-04-07T04:42:18.239+0530] {dag.py:4180} INFO - Setting next_dagrun for example_setup_teardown to None, run_after=None
[2026-04-07T04:42:18.256+0530] {processor.py:208} INFO - Processing /home/ubantu/miniconda3/envs/airflow-env/lib/python3.11/site-packages/airflow/example_dags/example_setup_teardown.py took 0.081 seconds
[2026-04-07T04:42:26.118+0530] {processor.py:186} INFO - Started process (PID=9027) to work on /home/ubantu/miniconda3/envs/airflow-env/lib/python3.11/site-packages/airflow/example_dags/example_setup_teardown.py
[2026-04-07T04:42:26.118+0530] {processor.py:914} INFO - Processing file /home/ubantu/miniconda3/envs/airflow-env/lib/python3.11/site-packages/airflow/example_dags/example_setup_teardown.py for tasks to queue
[2026-04-07T04:42:26.120+0530] {logging_mixin.py:190} INFO - [2026-04-07T04:42:26.119+0530] {dagbag.py:588} INFO - Filling up the DagBag from /home/ubantu/miniconda3/envs/airflow-env/lib/python3.11/site-packages/airflow/example_dags/example_setup_teardown.py
[2026-04-07T04:42:26.128+0530] {processor.py:925} INFO - DAG(s) 'example_setup_teardown' retrieved from /home/ubantu/miniconda3/envs/airflow-env/lib/python3.11/site-packages/airflow/example_dags/example_setup_teardown.py
[2026-04-07T04:42:26.143+0530] {logging_mixin.py:190} INFO - [2026-04-07T04:42:26.142+0530] {dag.py:3239} INFO - Sync 1 DAGs
[2026-04-07T04:42:26.154+0530] {logging_mixin.py:190} INFO - [2026-04-07T04:42:26.154+0530] {dag.py:4180} INFO - Setting next_dagrun for example_setup_teardown to None, run_after=None
[2026-04-07T04:42:26.171+0530] {processor.py:208} INFO - Processing /home/ubantu/miniconda3/envs/airflow-env/lib/python3.11/site-packages/airflow/example_dags/example_setup_teardown.py took 0.060 seconds
[2026-04-07T04:43:15.443+0530] {processor.py:186} INFO - Started process (PID=9154) to work on /home/ubantu/miniconda3/envs/airflow-env/lib/python3.11/site-packages/airflow/example_dags/example_setup_teardown.py
[2026-04-07T04:43:15.444+0530] {processor.py:914} INFO - Processing file /home/ubantu/miniconda3/envs/airflow-env/lib/python3.11/site-packages/airflow/example_dags/example_setup_teardown.py for tasks to queue
[2026-04-07T04:43:15.446+0530] {logging_mixin.py:190} INFO - [2026-04-07T04:43:15.446+0530] {dagbag.py:588} INFO - Filling up the DagBag from /home/ubantu/miniconda3/envs/airflow-env/lib/python3.11/site-packages/airflow/example_dags/example_setup_teardown.py
[2026-04-07T04:43:15.456+0530] {processor.py:925} INFO - DAG(s) 'example_setup_teardown' retrieved from /home/ubantu/miniconda3/envs/airflow-env/lib/python3.11/site-packages/airflow/example_dags/example_setup_teardown.py
[2026-04-07T04:43:15.473+0530] {logging_mixin.py:190} INFO - [2026-04-07T04:43:15.473+0530] {dag.py:3239} INFO - Sync 1 DAGs
[2026-04-07T04:43:15.484+0530] {logging_mixin.py:190} INFO - [2026-04-07T04:43:15.484+0530] {dag.py:4180} INFO - Setting next_dagrun for example_setup_teardown to None, run_after=None
[2026-04-07T04:43:15.502+0530] {processor.py:208} INFO - Processing /home/ubantu/miniconda3/envs/airflow-env/lib/python3.11/site-packages/airflow/example_dags/example_setup_teardown.py took 0.065 seconds
[2026-04-07T04:43:19.010+0530] {processor.py:186} INFO - Started process (PID=9162) to work on /home/ubantu/miniconda3/envs/airflow-env/lib/python3.11/site-packages/airflow/example_dags/example_setup_teardown.py
[2026-04-07T04:43:19.011+0530] {processor.py:914} INFO - Processing file /home/ubantu/miniconda3/envs/airflow-env/lib/python3.11/site-packages/airflow/example_dags/example_setup_teardown.py for tasks to queue
[2026-04-07T04:43:19.012+0530] {logging_mixin.py:190} INFO - [2026-04-07T04:43:19.011+0530] {dagbag.py:588} INFO - Filling up the DagBag from /home/ubantu/miniconda3/envs/airflow-env/lib/python3.11/site-packages/airflow/example_dags/example_setup_teardown.py
[2026-04-07T04:43:19.021+0530] {processor.py:925} INFO - DAG(s) 'example_setup_teardown' retrieved from /home/ubantu/miniconda3/envs/airflow-env/lib/python3.11/site-packages/airflow/example_dags/example_setup_teardown.py
[2026-04-07T04:43:19.037+0530] {logging_mixin.py:190} INFO - [2026-04-07T04:43:19.037+0530] {dag.py:3239} INFO - Sync 1 DAGs
[2026-04-07T04:43:19.047+0530] {logging_mixin.py:190} INFO - [2026-04-07T04:43:19.047+0530] {dag.py:4180} INFO - Setting next_dagrun for example_setup_teardown to None, run_after=None
[2026-04-07T04:43:19.068+0530] {processor.py:208} INFO - Processing /home/ubantu/miniconda3/envs/airflow-env/lib/python3.11/site-packages/airflow/example_dags/example_setup_teardown.py took 0.064 seconds
[2026-04-07T04:44:12.914+0530] {processor.py:186} INFO - Started process (PID=9298) to work on /home/ubantu/miniconda3/envs/airflow-env/lib/python3.11/site-packages/airflow/example_dags/example_setup_teardown.py
[2026-04-07T04:44:12.915+0530] {processor.py:914} INFO - Processing file /home/ubantu/miniconda3/envs/airflow-env/lib/python3.11/site-packages/airflow/example_dags/example_setup_teardown.py for tasks to queue
[2026-04-07T04:44:12.916+0530] {logging_mixin.py:190} INFO - [2026-04-07T04:44:12.916+0530] {dagbag.py:588} INFO - Filling up the DagBag from /home/ubantu/miniconda3/envs/airflow-env/lib/python3.11/site-packages/airflow/example_dags/example_setup_teardown.py
[2026-04-07T04:44:12.925+0530] {processor.py:925} INFO - DAG(s) 'example_setup_teardown' retrieved from /home/ubantu/miniconda3/envs/airflow-env/lib/python3.11/site-packages/airflow/example_dags/example_setup_teardown.py
[2026-04-07T04:44:12.938+0530] {logging_mixin.py:190} INFO - [2026-04-07T04:44:12.938+0530] {dag.py:3239} INFO - Sync 1 DAGs
[2026-04-07T04:44:12.949+0530] {logging_mixin.py:190} INFO - [2026-04-07T04:44:12.949+0530] {dag.py:4180} INFO - Setting next_dagrun for example_setup_teardown to None, run_after=None
[2026-04-07T04:44:12.967+0530] {processor.py:208} INFO - Processing /home/ubantu/miniconda3/envs/airflow-env/lib/python3.11/site-packages/airflow/example_dags/example_setup_teardown.py took 0.059 seconds
[2026-04-07T04:44:13.651+0530] {processor.py:186} INFO - Started process (PID=9299) to work on /home/ubantu/miniconda3/envs/airflow-env/lib/python3.11/site-packages/airflow/example_dags/example_setup_teardown.py
[2026-04-07T04:44:13.652+0530] {processor.py:914} INFO - Processing file /home/ubantu/miniconda3/envs/airflow-env/lib/python3.11/site-packages/airflow/example_dags/example_setup_teardown.py for tasks to queue
[2026-04-07T04:44:13.655+0530] {logging_mixin.py:190} INFO - [2026-04-07T04:44:13.655+0530] {dagbag.py:588} INFO - Filling up the DagBag from /home/ubantu/miniconda3/envs/airflow-env/lib/python3.11/site-packages/airflow/example_dags/example_setup_teardown.py
[2026-04-07T04:44:13.666+0530] {processor.py:925} INFO - DAG(s) 'example_setup_teardown' retrieved from /home/ubantu/miniconda3/envs/airflow-env/lib/python3.11/site-packages/airflow/example_dags/example_setup_teardown.py
[2026-04-07T04:44:13.686+0530] {logging_mixin.py:190} INFO - [2026-04-07T04:44:13.685+0530] {dag.py:3239} INFO - Sync 1 DAGs
[2026-04-07T04:44:13.700+0530] {logging_mixin.py:190} INFO - [2026-04-07T04:44:13.700+0530] {dag.py:4180} INFO - Setting next_dagrun for example_setup_teardown to None, run_after=None
[2026-04-07T04:44:13.720+0530] {processor.py:208} INFO - Processing /home/ubantu/miniconda3/envs/airflow-env/lib/python3.11/site-packages/airflow/example_dags/example_setup_teardown.py took 0.075 seconds
[2026-04-07T04:45:10.152+0530] {processor.py:186} INFO - Started process (PID=9426) to work on /home/ubantu/miniconda3/envs/airflow-env/lib/python3.11/site-packages/airflow/example_dags/example_setup_teardown.py
[2026-04-07T04:45:10.153+0530] {processor.py:914} INFO - Processing file /home/ubantu/miniconda3/envs/airflow-env/lib/python3.11/site-packages/airflow/example_dags/example_setup_teardown.py for tasks to queue
[2026-04-07T04:45:10.154+0530] {logging_mixin.py:190} INFO - [2026-04-07T04:45:10.154+0530] {dagbag.py:588} INFO - Filling up the DagBag from /home/ubantu/miniconda3/envs/airflow-env/lib/python3.11/site-packages/airflow/example_dags/example_setup_teardown.py
[2026-04-07T04:45:10.164+0530] {processor.py:925} INFO - DAG(s) 'example_setup_teardown' retrieved from /home/ubantu/miniconda3/envs/airflow-env/lib/python3.11/site-packages/airflow/example_dags/example_setup_teardown.py
[2026-04-07T04:45:10.180+0530] {logging_mixin.py:190} INFO - [2026-04-07T04:45:10.179+0530] {dag.py:3239} INFO - Sync 1 DAGs
[2026-04-07T04:45:10.192+0530] {logging_mixin.py:190} INFO - [2026-04-07T04:45:10.192+0530] {dag.py:4180} INFO - Setting next_dagrun for example_setup_teardown to None, run_after=None
[2026-04-07T04:45:10.211+0530] {processor.py:208} INFO - Processing /home/ubantu/miniconda3/envs/airflow-env/lib/python3.11/site-packages/airflow/example_dags/example_setup_teardown.py took 0.065 seconds
[2026-04-07T04:45:13.486+0530] {processor.py:186} INFO - Started process (PID=9435) to work on /home/ubantu/miniconda3/envs/airflow-env/lib/python3.11/site-packages/airflow/example_dags/example_setup_teardown.py
[2026-04-07T04:45:13.486+0530] {processor.py:914} INFO - Processing file /home/ubantu/miniconda3/envs/airflow-env/lib/python3.11/site-packages/airflow/example_dags/example_setup_teardown.py for tasks to queue
[2026-04-07T04:45:13.489+0530] {logging_mixin.py:190} INFO - [2026-04-07T04:45:13.488+0530] {dagbag.py:588} INFO - Filling up the DagBag from /home/ubantu/miniconda3/envs/airflow-env/lib/python3.11/site-packages/airflow/example_dags/example_setup_teardown.py
[2026-04-07T04:45:13.497+0530] {processor.py:925} INFO - DAG(s) 'example_setup_teardown' retrieved from /home/ubantu/miniconda3/envs/airflow-env/lib/python3.11/site-packages/airflow/example_dags/example_setup_teardown.py
[2026-04-07T04:45:13.513+0530] {logging_mixin.py:190} INFO - [2026-04-07T04:45:13.513+0530] {dag.py:3239} INFO - Sync 1 DAGs
[2026-04-07T04:45:13.524+0530] {logging_mixin.py:190} INFO - [2026-04-07T04:45:13.524+0530] {dag.py:4180} INFO - Setting next_dagrun for example_setup_teardown to None, run_after=None
[2026-04-07T04:45:13.542+0530] {processor.py:208} INFO - Processing /home/ubantu/miniconda3/envs/airflow-env/lib/python3.11/site-packages/airflow/example_dags/example_setup_teardown.py took 0.063 seconds
[2026-04-07T04:46:02.201+0530] {processor.py:186} INFO - Started process (PID=9541) to work on /home/ubantu/miniconda3/envs/airflow-env/lib/python3.11/site-packages/airflow/example_dags/example_setup_teardown.py
[2026-04-07T04:46:02.202+0530] {processor.py:914} INFO - Processing file /home/ubantu/miniconda3/envs/airflow-env/lib/python3.11/site-packages/airflow/example_dags/example_setup_teardown.py for tasks to queue
[2026-04-07T04:46:02.203+0530] {logging_mixin.py:190} INFO - [2026-04-07T04:46:02.203+0530] {dagbag.py:588} INFO - Filling up the DagBag from /home/ubantu/miniconda3/envs/airflow-env/lib/python3.11/site-packages/airflow/example_dags/example_setup_teardown.py
[2026-04-07T04:46:02.211+0530] {processor.py:925} INFO - DAG(s) 'example_setup_teardown' retrieved from /home/ubantu/miniconda3/envs/airflow-env/lib/python3.11/site-packages/airflow/example_dags/example_setup_teardown.py
[2026-04-07T04:46:02.225+0530] {logging_mixin.py:190} INFO - [2026-04-07T04:46:02.225+0530] {dag.py:3239} INFO - Sync 1 DAGs
[2026-04-07T04:46:02.236+0530] {logging_mixin.py:190} INFO - [2026-04-07T04:46:02.236+0530] {dag.py:4180} INFO - Setting next_dagrun for example_setup_teardown to None, run_after=None
[2026-04-07T04:46:02.254+0530] {processor.py:208} INFO - Processing /home/ubantu/miniconda3/envs/airflow-env/lib/python3.11/site-packages/airflow/example_dags/example_setup_teardown.py took 0.057 seconds
[2026-04-07T04:46:10.151+0530] {processor.py:186} INFO - Started process (PID=9561) to work on /home/ubantu/miniconda3/envs/airflow-env/lib/python3.11/site-packages/airflow/example_dags/example_setup_teardown.py
[2026-04-07T04:46:10.152+0530] {processor.py:914} INFO - Processing file /home/ubantu/miniconda3/envs/airflow-env/lib/python3.11/site-packages/airflow/example_dags/example_setup_teardown.py for tasks to queue
[2026-04-07T04:46:10.154+0530] {logging_mixin.py:190} INFO - [2026-04-07T04:46:10.154+0530] {dagbag.py:588} INFO - Filling up the DagBag from /home/ubantu/miniconda3/envs/airflow-env/lib/python3.11/site-packages/airflow/example_dags/example_setup_teardown.py
[2026-04-07T04:46:10.164+0530] {processor.py:925} INFO - DAG(s) 'example_setup_teardown' retrieved from /home/ubantu/miniconda3/envs/airflow-env/lib/python3.11/site-packages/airflow/example_dags/example_setup_teardown.py
[2026-04-07T04:46:10.179+0530] {logging_mixin.py:190} INFO - [2026-04-07T04:46:10.179+0530] {dag.py:3239} INFO - Sync 1 DAGs
[2026-04-07T04:46:10.191+0530] {logging_mixin.py:190} INFO - [2026-04-07T04:46:10.191+0530] {dag.py:4180} INFO - Setting next_dagrun for example_setup_teardown to None, run_after=None
[2026-04-07T04:46:10.209+0530] {processor.py:208} INFO - Processing /home/ubantu/miniconda3/envs/airflow-env/lib/python3.11/site-packages/airflow/example_dags/example_setup_teardown.py took 0.064 seconds
[2026-04-07T04:46:55.252+0530] {processor.py:186} INFO - Started process (PID=9655) to work on /home/ubantu/miniconda3/envs/airflow-env/lib/python3.11/site-packages/airflow/example_dags/example_setup_teardown.py
[2026-04-07T04:46:55.253+0530] {processor.py:914} INFO - Processing file /home/ubantu/miniconda3/envs/airflow-env/lib/python3.11/site-packages/airflow/example_dags/example_setup_teardown.py for tasks to queue
[2026-04-07T04:46:55.254+0530] {logging_mixin.py:190} INFO - [2026-04-07T04:46:55.253+0530] {dagbag.py:588} INFO - Filling up the DagBag from /home/ubantu/miniconda3/envs/airflow-env/lib/python3.11/site-packages/airflow/example_dags/example_setup_teardown.py
[2026-04-07T04:46:55.263+0530] {processor.py:925} INFO - DAG(s) 'example_setup_teardown' retrieved from /home/ubantu/miniconda3/envs/airflow-env/lib/python3.11/site-packages/airflow/example_dags/example_setup_teardown.py
[2026-04-07T04:46:55.278+0530] {logging_mixin.py:190} INFO - [2026-04-07T04:46:55.278+0530] {dag.py:3239} INFO - Sync 1 DAGs
[2026-04-07T04:46:55.289+0530] {logging_mixin.py:190} INFO - [2026-04-07T04:46:55.289+0530] {dag.py:4180} INFO - Setting next_dagrun for example_setup_teardown to None, run_after=None
[2026-04-07T04:46:55.306+0530] {processor.py:208} INFO - Processing /home/ubantu/miniconda3/envs/airflow-env/lib/python3.11/site-packages/airflow/example_dags/example_setup_teardown.py took 0.061 seconds
[2026-04-07T04:47:07.992+0530] {processor.py:186} INFO - Started process (PID=9687) to work on /home/ubantu/miniconda3/envs/airflow-env/lib/python3.11/site-packages/airflow/example_dags/example_setup_teardown.py
[2026-04-07T04:47:07.993+0530] {processor.py:914} INFO - Processing file /home/ubantu/miniconda3/envs/airflow-env/lib/python3.11/site-packages/airflow/example_dags/example_setup_teardown.py for tasks to queue
[2026-04-07T04:47:07.995+0530] {logging_mixin.py:190} INFO - [2026-04-07T04:47:07.995+0530] {dagbag.py:588} INFO - Filling up the DagBag from /home/ubantu/miniconda3/envs/airflow-env/lib/python3.11/site-packages/airflow/example_dags/example_setup_teardown.py
[2026-04-07T04:47:08.004+0530] {processor.py:925} INFO - DAG(s) 'example_setup_teardown' retrieved from /home/ubantu/miniconda3/envs/airflow-env/lib/python3.11/site-packages/airflow/example_dags/example_setup_teardown.py
[2026-04-07T04:47:08.020+0530] {logging_mixin.py:190} INFO - [2026-04-07T04:47:08.020+0530] {dag.py:3239} INFO - Sync 1 DAGs
[2026-04-07T04:47:08.031+0530] {logging_mixin.py:190} INFO - [2026-04-07T04:47:08.031+0530] {dag.py:4180} INFO - Setting next_dagrun for example_setup_teardown to None, run_after=None
[2026-04-07T04:47:08.051+0530] {processor.py:208} INFO - Processing /home/ubantu/miniconda3/envs/airflow-env/lib/python3.11/site-packages/airflow/example_dags/example_setup_teardown.py took 0.065 seconds
[2026-04-07T04:47:48.021+0530] {processor.py:186} INFO - Started process (PID=9788) to work on /home/ubantu/miniconda3/envs/airflow-env/lib/python3.11/site-packages/airflow/example_dags/example_setup_teardown.py
[2026-04-07T04:47:48.022+0530] {processor.py:914} INFO - Processing file /home/ubantu/miniconda3/envs/airflow-env/lib/python3.11/site-packages/airflow/example_dags/example_setup_teardown.py for tasks to queue
[2026-04-07T04:47:48.023+0530] {logging_mixin.py:190} INFO - [2026-04-07T04:47:48.022+0530] {dagbag.py:588} INFO - Filling up the DagBag from /home/ubantu/miniconda3/envs/airflow-env/lib/python3.11/site-packages/airflow/example_dags/example_setup_teardown.py
[2026-04-07T04:47:48.031+0530] {processor.py:925} INFO - DAG(s) 'example_setup_teardown' retrieved from /home/ubantu/miniconda3/envs/airflow-env/lib/python3.11/site-packages/airflow/example_dags/example_setup_teardown.py
[2026-04-07T04:47:48.045+0530] {logging_mixin.py:190} INFO - [2026-04-07T04:47:48.045+0530] {dag.py:3239} INFO - Sync 1 DAGs
[2026-04-07T04:47:48.056+0530] {logging_mixin.py:190} INFO - [2026-04-07T04:47:48.056+0530] {dag.py:4180} INFO - Setting next_dagrun for example_setup_teardown to None, run_after=None
[2026-04-07T04:47:48.075+0530] {processor.py:208} INFO - Processing /home/ubantu/miniconda3/envs/airflow-env/lib/python3.11/site-packages/airflow/example_dags/example_setup_teardown.py took 0.059 seconds
[2026-04-07T04:48:06.280+0530] {processor.py:186} INFO - Started process (PID=9834) to work on /home/ubantu/miniconda3/envs/airflow-env/lib/python3.11/site-packages/airflow/example_dags/example_setup_teardown.py
[2026-04-07T04:48:06.281+0530] {processor.py:914} INFO - Processing file /home/ubantu/miniconda3/envs/airflow-env/lib/python3.11/site-packages/airflow/example_dags/example_setup_teardown.py for tasks to queue
[2026-04-07T04:48:06.284+0530] {logging_mixin.py:190} INFO - [2026-04-07T04:48:06.283+0530] {dagbag.py:588} INFO - Filling up the DagBag from /home/ubantu/miniconda3/envs/airflow-env/lib/python3.11/site-packages/airflow/example_dags/example_setup_teardown.py
[2026-04-07T04:48:06.296+0530] {processor.py:925} INFO - DAG(s) 'example_setup_teardown' retrieved from /home/ubantu/miniconda3/envs/airflow-env/lib/python3.11/site-packages/airflow/example_dags/example_setup_teardown.py
[2026-04-07T04:48:06.317+0530] {logging_mixin.py:190} INFO - [2026-04-07T04:48:06.317+0530] {dag.py:3239} INFO - Sync 1 DAGs
[2026-04-07T04:48:06.331+0530] {logging_mixin.py:190} INFO - [2026-04-07T04:48:06.330+0530] {dag.py:4180} INFO - Setting next_dagrun for example_setup_teardown to None, run_after=None
[2026-04-07T04:48:06.353+0530] {processor.py:208} INFO - Processing /home/ubantu/miniconda3/envs/airflow-env/lib/python3.11/site-packages/airflow/example_dags/example_setup_teardown.py took 0.082 seconds
[2026-04-07T05:10:04.566+0530] {processor.py:186} INFO - Started process (PID=10976) to work on /home/ubantu/miniconda3/envs/airflow-env/lib/python3.11/site-packages/airflow/example_dags/example_setup_teardown.py
[2026-04-07T05:10:04.568+0530] {processor.py:914} INFO - Processing file /home/ubantu/miniconda3/envs/airflow-env/lib/python3.11/site-packages/airflow/example_dags/example_setup_teardown.py for tasks to queue
[2026-04-07T05:10:04.570+0530] {logging_mixin.py:190} INFO - [2026-04-07T05:10:04.570+0530] {dagbag.py:588} INFO - Filling up the DagBag from /home/ubantu/miniconda3/envs/airflow-env/lib/python3.11/site-packages/airflow/example_dags/example_setup_teardown.py
[2026-04-07T05:10:04.584+0530] {processor.py:925} INFO - DAG(s) 'example_setup_teardown' retrieved from /home/ubantu/miniconda3/envs/airflow-env/lib/python3.11/site-packages/airflow/example_dags/example_setup_teardown.py
[2026-04-07T05:10:04.672+0530] {logging_mixin.py:190} INFO - [2026-04-07T05:10:04.672+0530] {dag.py:3239} INFO - Sync 1 DAGs
[2026-04-07T05:10:04.681+0530] {logging_mixin.py:190} INFO - [2026-04-07T05:10:04.681+0530] {dag.py:4180} INFO - Setting next_dagrun for example_setup_teardown to None, run_after=None
[2026-04-07T05:10:04.699+0530] {processor.py:208} INFO - Processing /home/ubantu/miniconda3/envs/airflow-env/lib/python3.11/site-packages/airflow/example_dags/example_setup_teardown.py took 0.140 seconds
[2026-04-07T05:11:35.540+0530] {processor.py:186} INFO - Started process (PID=11128) to work on /home/ubantu/miniconda3/envs/airflow-env/lib/python3.11/site-packages/airflow/example_dags/example_setup_teardown.py
[2026-04-07T05:11:35.541+0530] {processor.py:914} INFO - Processing file /home/ubantu/miniconda3/envs/airflow-env/lib/python3.11/site-packages/airflow/example_dags/example_setup_teardown.py for tasks to queue
[2026-04-07T05:11:35.544+0530] {logging_mixin.py:190} INFO - [2026-04-07T05:11:35.543+0530] {dagbag.py:588} INFO - Filling up the DagBag from /home/ubantu/miniconda3/envs/airflow-env/lib/python3.11/site-packages/airflow/example_dags/example_setup_teardown.py
[2026-04-07T05:11:35.556+0530] {processor.py:925} INFO - DAG(s) 'example_setup_teardown' retrieved from /home/ubantu/miniconda3/envs/airflow-env/lib/python3.11/site-packages/airflow/example_dags/example_setup_teardown.py
[2026-04-07T05:11:35.575+0530] {logging_mixin.py:190} INFO - [2026-04-07T05:11:35.575+0530] {dag.py:3239} INFO - Sync 1 DAGs
[2026-04-07T05:11:35.587+0530] {logging_mixin.py:190} INFO - [2026-04-07T05:11:35.587+0530] {dag.py:4180} INFO - Setting next_dagrun for example_setup_teardown to None, run_after=None
[2026-04-07T05:11:35.605+0530] {processor.py:208} INFO - Processing /home/ubantu/miniconda3/envs/airflow-env/lib/python3.11/site-packages/airflow/example_dags/example_setup_teardown.py took 0.071 seconds
[2026-04-07T05:12:34.276+0530] {processor.py:186} INFO - Started process (PID=11210) to work on /home/ubantu/miniconda3/envs/airflow-env/lib/python3.11/site-packages/airflow/example_dags/example_setup_teardown.py
[2026-04-07T05:12:34.277+0530] {processor.py:914} INFO - Processing file /home/ubantu/miniconda3/envs/airflow-env/lib/python3.11/site-packages/airflow/example_dags/example_setup_teardown.py for tasks to queue
[2026-04-07T05:12:34.280+0530] {logging_mixin.py:190} INFO - [2026-04-07T05:12:34.279+0530] {dagbag.py:588} INFO - Filling up the DagBag from /home/ubantu/miniconda3/envs/airflow-env/lib/python3.11/site-packages/airflow/example_dags/example_setup_teardown.py
[2026-04-07T05:12:34.291+0530] {processor.py:925} INFO - DAG(s) 'example_setup_teardown' retrieved from /home/ubantu/miniconda3/envs/airflow-env/lib/python3.11/site-packages/airflow/example_dags/example_setup_teardown.py
[2026-04-07T05:12:34.308+0530] {logging_mixin.py:190} INFO - [2026-04-07T05:12:34.308+0530] {dag.py:3239} INFO - Sync 1 DAGs
[2026-04-07T05:12:34.319+0530] {logging_mixin.py:190} INFO - [2026-04-07T05:12:34.319+0530] {dag.py:4180} INFO - Setting next_dagrun for example_setup_teardown to None, run_after=None
[2026-04-07T05:12:34.336+0530] {processor.py:208} INFO - Processing /home/ubantu/miniconda3/envs/airflow-env/lib/python3.11/site-packages/airflow/example_dags/example_setup_teardown.py took 0.067 seconds
[2026-04-07T05:13:35.254+0530] {processor.py:186} INFO - Started process (PID=11301) to work on /home/ubantu/miniconda3/envs/airflow-env/lib/python3.11/site-packages/airflow/example_dags/example_setup_teardown.py
[2026-04-07T05:13:35.256+0530] {processor.py:914} INFO - Processing file /home/ubantu/miniconda3/envs/airflow-env/lib/python3.11/site-packages/airflow/example_dags/example_setup_teardown.py for tasks to queue
[2026-04-07T05:13:35.258+0530] {logging_mixin.py:190} INFO - [2026-04-07T05:13:35.257+0530] {dagbag.py:588} INFO - Filling up the DagBag from /home/ubantu/miniconda3/envs/airflow-env/lib/python3.11/site-packages/airflow/example_dags/example_setup_teardown.py
[2026-04-07T05:13:35.268+0530] {processor.py:925} INFO - DAG(s) 'example_setup_teardown' retrieved from /home/ubantu/miniconda3/envs/airflow-env/lib/python3.11/site-packages/airflow/example_dags/example_setup_teardown.py
[2026-04-07T05:13:35.286+0530] {logging_mixin.py:190} INFO - [2026-04-07T05:13:35.286+0530] {dag.py:3239} INFO - Sync 1 DAGs
[2026-04-07T05:13:35.300+0530] {logging_mixin.py:190} INFO - [2026-04-07T05:13:35.300+0530] {dag.py:4180} INFO - Setting next_dagrun for example_setup_teardown to None, run_after=None
[2026-04-07T05:13:35.418+0530] {processor.py:208} INFO - Processing /home/ubantu/miniconda3/envs/airflow-env/lib/python3.11/site-packages/airflow/example_dags/example_setup_teardown.py took 0.171 seconds
[2026-04-07T05:17:45.286+0530] {processor.py:186} INFO - Started process (PID=11587) to work on /home/ubantu/miniconda3/envs/airflow-env/lib/python3.11/site-packages/airflow/example_dags/example_setup_teardown.py
[2026-04-07T05:17:45.287+0530] {processor.py:914} INFO - Processing file /home/ubantu/miniconda3/envs/airflow-env/lib/python3.11/site-packages/airflow/example_dags/example_setup_teardown.py for tasks to queue
[2026-04-07T05:17:45.289+0530] {logging_mixin.py:190} INFO - [2026-04-07T05:17:45.289+0530] {dagbag.py:588} INFO - Filling up the DagBag from /home/ubantu/miniconda3/envs/airflow-env/lib/python3.11/site-packages/airflow/example_dags/example_setup_teardown.py
[2026-04-07T05:17:45.297+0530] {processor.py:925} INFO - DAG(s) 'example_setup_teardown' retrieved from /home/ubantu/miniconda3/envs/airflow-env/lib/python3.11/site-packages/airflow/example_dags/example_setup_teardown.py
[2026-04-07T05:17:45.313+0530] {logging_mixin.py:190} INFO - [2026-04-07T05:17:45.313+0530] {dag.py:3239} INFO - Sync 1 DAGs
[2026-04-07T05:17:45.324+0530] {logging_mixin.py:190} INFO - [2026-04-07T05:17:45.324+0530] {dag.py:4180} INFO - Setting next_dagrun for example_setup_teardown to None, run_after=None
[2026-04-07T05:17:45.342+0530] {processor.py:208} INFO - Processing /home/ubantu/miniconda3/envs/airflow-env/lib/python3.11/site-packages/airflow/example_dags/example_setup_teardown.py took 0.062 seconds
