[2026-04-07T04:08:15.815+0530] {processor.py:186} INFO - Started process (PID=5883) to work on /home/ubantu/miniconda3/envs/airflow-env/lib/python3.11/site-packages/airflow/example_dags/example_branch_operator.py
[2026-04-07T04:08:15.817+0530] {processor.py:914} INFO - Processing file /home/ubantu/miniconda3/envs/airflow-env/lib/python3.11/site-packages/airflow/example_dags/example_branch_operator.py for tasks to queue
[2026-04-07T04:08:15.819+0530] {logging_mixin.py:190} INFO - [2026-04-07T04:08:15.819+0530] {dagbag.py:588} INFO - Filling up the DagBag from /home/ubantu/miniconda3/envs/airflow-env/lib/python3.11/site-packages/airflow/example_dags/example_branch_operator.py
[2026-04-07T04:08:15.822+0530] {processor.py:927} WARNING - No viable dags retrieved from /home/ubantu/miniconda3/envs/airflow-env/lib/python3.11/site-packages/airflow/example_dags/example_branch_operator.py
[2026-04-07T04:08:15.836+0530] {processor.py:208} INFO - Processing /home/ubantu/miniconda3/envs/airflow-env/lib/python3.11/site-packages/airflow/example_dags/example_branch_operator.py took 0.027 seconds
[2026-04-07T04:09:16.930+0530] {processor.py:186} INFO - Started process (PID=6022) to work on /home/ubantu/miniconda3/envs/airflow-env/lib/python3.11/site-packages/airflow/example_dags/example_branch_operator.py
[2026-04-07T04:09:16.932+0530] {processor.py:914} INFO - Processing file /home/ubantu/miniconda3/envs/airflow-env/lib/python3.11/site-packages/airflow/example_dags/example_branch_operator.py for tasks to queue
[2026-04-07T04:09:16.936+0530] {logging_mixin.py:190} INFO - [2026-04-07T04:09:16.935+0530] {dagbag.py:588} INFO - Filling up the DagBag from /home/ubantu/miniconda3/envs/airflow-env/lib/python3.11/site-packages/airflow/example_dags/example_branch_operator.py
[2026-04-07T04:09:16.939+0530] {processor.py:927} WARNING - No viable dags retrieved from /home/ubantu/miniconda3/envs/airflow-env/lib/python3.11/site-packages/airflow/example_dags/example_branch_operator.py
[2026-04-07T04:09:16.959+0530] {processor.py:208} INFO - Processing /home/ubantu/miniconda3/envs/airflow-env/lib/python3.11/site-packages/airflow/example_dags/example_branch_operator.py took 0.037 seconds
[2026-04-07T04:10:16.284+0530] {processor.py:186} INFO - Started process (PID=6187) to work on /home/ubantu/miniconda3/envs/airflow-env/lib/python3.11/site-packages/airflow/example_dags/example_branch_operator.py
[2026-04-07T04:10:16.285+0530] {processor.py:914} INFO - Processing file /home/ubantu/miniconda3/envs/airflow-env/lib/python3.11/site-packages/airflow/example_dags/example_branch_operator.py for tasks to queue
[2026-04-07T04:10:16.287+0530] {logging_mixin.py:190} INFO - [2026-04-07T04:10:16.287+0530] {dagbag.py:588} INFO - Filling up the DagBag from /home/ubantu/miniconda3/envs/airflow-env/lib/python3.11/site-packages/airflow/example_dags/example_branch_operator.py
[2026-04-07T04:10:16.290+0530] {processor.py:927} WARNING - No viable dags retrieved from /home/ubantu/miniconda3/envs/airflow-env/lib/python3.11/site-packages/airflow/example_dags/example_branch_operator.py
[2026-04-07T04:10:16.301+0530] {processor.py:208} INFO - Processing /home/ubantu/miniconda3/envs/airflow-env/lib/python3.11/site-packages/airflow/example_dags/example_branch_operator.py took 0.022 seconds
[2026-04-07T04:11:31.183+0530] {processor.py:186} INFO - Started process (PID=6275) to work on /home/ubantu/miniconda3/envs/airflow-env/lib/python3.11/site-packages/airflow/example_dags/example_branch_operator.py
[2026-04-07T04:11:31.184+0530] {processor.py:914} INFO - Processing file /home/ubantu/miniconda3/envs/airflow-env/lib/python3.11/site-packages/airflow/example_dags/example_branch_operator.py for tasks to queue
[2026-04-07T04:11:31.186+0530] {logging_mixin.py:190} INFO - [2026-04-07T04:11:31.186+0530] {dagbag.py:588} INFO - Filling up the DagBag from /home/ubantu/miniconda3/envs/airflow-env/lib/python3.11/site-packages/airflow/example_dags/example_branch_operator.py
[2026-04-07T04:11:31.189+0530] {processor.py:927} WARNING - No viable dags retrieved from /home/ubantu/miniconda3/envs/airflow-env/lib/python3.11/site-packages/airflow/example_dags/example_branch_operator.py
[2026-04-07T04:11:31.200+0530] {processor.py:208} INFO - Processing /home/ubantu/miniconda3/envs/airflow-env/lib/python3.11/site-packages/airflow/example_dags/example_branch_operator.py took 0.024 seconds
[2026-04-07T04:12:26.294+0530] {processor.py:186} INFO - Started process (PID=6346) to work on /home/ubantu/miniconda3/envs/airflow-env/lib/python3.11/site-packages/airflow/example_dags/example_branch_operator.py
[2026-04-07T04:12:26.295+0530] {processor.py:914} INFO - Processing file /home/ubantu/miniconda3/envs/airflow-env/lib/python3.11/site-packages/airflow/example_dags/example_branch_operator.py for tasks to queue
[2026-04-07T04:12:26.298+0530] {logging_mixin.py:190} INFO - [2026-04-07T04:12:26.297+0530] {dagbag.py:588} INFO - Filling up the DagBag from /home/ubantu/miniconda3/envs/airflow-env/lib/python3.11/site-packages/airflow/example_dags/example_branch_operator.py
[2026-04-07T04:12:26.301+0530] {processor.py:927} WARNING - No viable dags retrieved from /home/ubantu/miniconda3/envs/airflow-env/lib/python3.11/site-packages/airflow/example_dags/example_branch_operator.py
[2026-04-07T04:12:26.312+0530] {processor.py:208} INFO - Processing /home/ubantu/miniconda3/envs/airflow-env/lib/python3.11/site-packages/airflow/example_dags/example_branch_operator.py took 0.024 seconds
[2026-04-07T04:13:45.465+0530] {processor.py:186} INFO - Started process (PID=6442) to work on /home/ubantu/miniconda3/envs/airflow-env/lib/python3.11/site-packages/airflow/example_dags/example_branch_operator.py
[2026-04-07T04:13:45.466+0530] {processor.py:914} INFO - Processing file /home/ubantu/miniconda3/envs/airflow-env/lib/python3.11/site-packages/airflow/example_dags/example_branch_operator.py for tasks to queue
[2026-04-07T04:13:45.469+0530] {logging_mixin.py:190} INFO - [2026-04-07T04:13:45.468+0530] {dagbag.py:588} INFO - Filling up the DagBag from /home/ubantu/miniconda3/envs/airflow-env/lib/python3.11/site-packages/airflow/example_dags/example_branch_operator.py
[2026-04-07T04:13:45.471+0530] {processor.py:927} WARNING - No viable dags retrieved from /home/ubantu/miniconda3/envs/airflow-env/lib/python3.11/site-packages/airflow/example_dags/example_branch_operator.py
[2026-04-07T04:13:45.482+0530] {processor.py:208} INFO - Processing /home/ubantu/miniconda3/envs/airflow-env/lib/python3.11/site-packages/airflow/example_dags/example_branch_operator.py took 0.023 seconds
[2026-04-07T04:14:41.416+0530] {processor.py:186} INFO - Started process (PID=6503) to work on /home/ubantu/miniconda3/envs/airflow-env/lib/python3.11/site-packages/airflow/example_dags/example_branch_operator.py
[2026-04-07T04:14:41.417+0530] {processor.py:914} INFO - Processing file /home/ubantu/miniconda3/envs/airflow-env/lib/python3.11/site-packages/airflow/example_dags/example_branch_operator.py for tasks to queue
[2026-04-07T04:14:41.419+0530] {logging_mixin.py:190} INFO - [2026-04-07T04:14:41.419+0530] {dagbag.py:588} INFO - Filling up the DagBag from /home/ubantu/miniconda3/envs/airflow-env/lib/python3.11/site-packages/airflow/example_dags/example_branch_operator.py
[2026-04-07T04:14:41.422+0530] {processor.py:927} WARNING - No viable dags retrieved from /home/ubantu/miniconda3/envs/airflow-env/lib/python3.11/site-packages/airflow/example_dags/example_branch_operator.py
[2026-04-07T04:14:41.432+0530] {processor.py:208} INFO - Processing /home/ubantu/miniconda3/envs/airflow-env/lib/python3.11/site-packages/airflow/example_dags/example_branch_operator.py took 0.021 seconds
[2026-04-07T04:15:57.456+0530] {processor.py:186} INFO - Started process (PID=6592) to work on /home/ubantu/miniconda3/envs/airflow-env/lib/python3.11/site-packages/airflow/example_dags/example_branch_operator.py
[2026-04-07T04:15:57.457+0530] {processor.py:914} INFO - Processing file /home/ubantu/miniconda3/envs/airflow-env/lib/python3.11/site-packages/airflow/example_dags/example_branch_operator.py for tasks to queue
[2026-04-07T04:15:57.460+0530] {logging_mixin.py:190} INFO - [2026-04-07T04:15:57.459+0530] {dagbag.py:588} INFO - Filling up the DagBag from /home/ubantu/miniconda3/envs/airflow-env/lib/python3.11/site-packages/airflow/example_dags/example_branch_operator.py
[2026-04-07T04:15:57.463+0530] {processor.py:927} WARNING - No viable dags retrieved from /home/ubantu/miniconda3/envs/airflow-env/lib/python3.11/site-packages/airflow/example_dags/example_branch_operator.py
[2026-04-07T04:15:57.474+0530] {processor.py:208} INFO - Processing /home/ubantu/miniconda3/envs/airflow-env/lib/python3.11/site-packages/airflow/example_dags/example_branch_operator.py took 0.024 seconds
[2026-04-07T04:17:13.498+0530] {processor.py:186} INFO - Started process (PID=6685) to work on /home/ubantu/miniconda3/envs/airflow-env/lib/python3.11/site-packages/airflow/example_dags/example_branch_operator.py
[2026-04-07T04:17:13.500+0530] {processor.py:914} INFO - Processing file /home/ubantu/miniconda3/envs/airflow-env/lib/python3.11/site-packages/airflow/example_dags/example_branch_operator.py for tasks to queue
[2026-04-07T04:17:13.502+0530] {logging_mixin.py:190} INFO - [2026-04-07T04:17:13.502+0530] {dagbag.py:588} INFO - Filling up the DagBag from /home/ubantu/miniconda3/envs/airflow-env/lib/python3.11/site-packages/airflow/example_dags/example_branch_operator.py
[2026-04-07T04:17:13.506+0530] {processor.py:927} WARNING - No viable dags retrieved from /home/ubantu/miniconda3/envs/airflow-env/lib/python3.11/site-packages/airflow/example_dags/example_branch_operator.py
[2026-04-07T04:17:13.517+0530] {processor.py:208} INFO - Processing /home/ubantu/miniconda3/envs/airflow-env/lib/python3.11/site-packages/airflow/example_dags/example_branch_operator.py took 0.026 seconds
[2026-04-07T04:18:28.540+0530] {processor.py:186} INFO - Started process (PID=6776) to work on /home/ubantu/miniconda3/envs/airflow-env/lib/python3.11/site-packages/airflow/example_dags/example_branch_operator.py
[2026-04-07T04:18:28.541+0530] {processor.py:914} INFO - Processing file /home/ubantu/miniconda3/envs/airflow-env/lib/python3.11/site-packages/airflow/example_dags/example_branch_operator.py for tasks to queue
[2026-04-07T04:18:28.543+0530] {logging_mixin.py:190} INFO - [2026-04-07T04:18:28.543+0530] {dagbag.py:588} INFO - Filling up the DagBag from /home/ubantu/miniconda3/envs/airflow-env/lib/python3.11/site-packages/airflow/example_dags/example_branch_operator.py
[2026-04-07T04:18:28.546+0530] {processor.py:927} WARNING - No viable dags retrieved from /home/ubantu/miniconda3/envs/airflow-env/lib/python3.11/site-packages/airflow/example_dags/example_branch_operator.py
[2026-04-07T04:18:28.560+0530] {processor.py:208} INFO - Processing /home/ubantu/miniconda3/envs/airflow-env/lib/python3.11/site-packages/airflow/example_dags/example_branch_operator.py took 0.027 seconds
[2026-04-07T04:19:46.894+0530] {processor.py:186} INFO - Started process (PID=6910) to work on /home/ubantu/miniconda3/envs/airflow-env/lib/python3.11/site-packages/airflow/example_dags/example_branch_operator.py
[2026-04-07T04:19:46.895+0530] {processor.py:914} INFO - Processing file /home/ubantu/miniconda3/envs/airflow-env/lib/python3.11/site-packages/airflow/example_dags/example_branch_operator.py for tasks to queue
[2026-04-07T04:19:46.898+0530] {logging_mixin.py:190} INFO - [2026-04-07T04:19:46.897+0530] {dagbag.py:588} INFO - Filling up the DagBag from /home/ubantu/miniconda3/envs/airflow-env/lib/python3.11/site-packages/airflow/example_dags/example_branch_operator.py
[2026-04-07T04:19:46.900+0530] {processor.py:927} WARNING - No viable dags retrieved from /home/ubantu/miniconda3/envs/airflow-env/lib/python3.11/site-packages/airflow/example_dags/example_branch_operator.py
[2026-04-07T04:19:46.912+0530] {processor.py:208} INFO - Processing /home/ubantu/miniconda3/envs/airflow-env/lib/python3.11/site-packages/airflow/example_dags/example_branch_operator.py took 0.023 seconds
[2026-04-07T04:21:05.217+0530] {processor.py:186} INFO - Started process (PID=6999) to work on /home/ubantu/miniconda3/envs/airflow-env/lib/python3.11/site-packages/airflow/example_dags/example_branch_operator.py
[2026-04-07T04:21:05.218+0530] {processor.py:914} INFO - Processing file /home/ubantu/miniconda3/envs/airflow-env/lib/python3.11/site-packages/airflow/example_dags/example_branch_operator.py for tasks to queue
[2026-04-07T04:21:05.221+0530] {logging_mixin.py:190} INFO - [2026-04-07T04:21:05.220+0530] {dagbag.py:588} INFO - Filling up the DagBag from /home/ubantu/miniconda3/envs/airflow-env/lib/python3.11/site-packages/airflow/example_dags/example_branch_operator.py
[2026-04-07T04:21:05.223+0530] {processor.py:927} WARNING - No viable dags retrieved from /home/ubantu/miniconda3/envs/airflow-env/lib/python3.11/site-packages/airflow/example_dags/example_branch_operator.py
[2026-04-07T04:21:05.234+0530] {processor.py:208} INFO - Processing /home/ubantu/miniconda3/envs/airflow-env/lib/python3.11/site-packages/airflow/example_dags/example_branch_operator.py took 0.022 seconds
[2026-04-07T04:22:27.410+0530] {processor.py:186} INFO - Started process (PID=7092) to work on /home/ubantu/miniconda3/envs/airflow-env/lib/python3.11/site-packages/airflow/example_dags/example_branch_operator.py
[2026-04-07T04:22:27.412+0530] {processor.py:914} INFO - Processing file /home/ubantu/miniconda3/envs/airflow-env/lib/python3.11/site-packages/airflow/example_dags/example_branch_operator.py for tasks to queue
[2026-04-07T04:22:27.414+0530] {logging_mixin.py:190} INFO - [2026-04-07T04:22:27.413+0530] {dagbag.py:588} INFO - Filling up the DagBag from /home/ubantu/miniconda3/envs/airflow-env/lib/python3.11/site-packages/airflow/example_dags/example_branch_operator.py
[2026-04-07T04:22:27.416+0530] {processor.py:927} WARNING - No viable dags retrieved from /home/ubantu/miniconda3/envs/airflow-env/lib/python3.11/site-packages/airflow/example_dags/example_branch_operator.py
[2026-04-07T04:22:27.426+0530] {processor.py:208} INFO - Processing /home/ubantu/miniconda3/envs/airflow-env/lib/python3.11/site-packages/airflow/example_dags/example_branch_operator.py took 0.022 seconds
[2026-04-07T04:23:45.160+0530] {processor.py:186} INFO - Started process (PID=7234) to work on /home/ubantu/miniconda3/envs/airflow-env/lib/python3.11/site-packages/airflow/example_dags/example_branch_operator.py
[2026-04-07T04:23:45.161+0530] {processor.py:914} INFO - Processing file /home/ubantu/miniconda3/envs/airflow-env/lib/python3.11/site-packages/airflow/example_dags/example_branch_operator.py for tasks to queue
[2026-04-07T04:23:45.163+0530] {logging_mixin.py:190} INFO - [2026-04-07T04:23:45.163+0530] {dagbag.py:588} INFO - Filling up the DagBag from /home/ubantu/miniconda3/envs/airflow-env/lib/python3.11/site-packages/airflow/example_dags/example_branch_operator.py
[2026-04-07T04:23:45.166+0530] {processor.py:927} WARNING - No viable dags retrieved from /home/ubantu/miniconda3/envs/airflow-env/lib/python3.11/site-packages/airflow/example_dags/example_branch_operator.py
[2026-04-07T04:23:45.177+0530] {processor.py:208} INFO - Processing /home/ubantu/miniconda3/envs/airflow-env/lib/python3.11/site-packages/airflow/example_dags/example_branch_operator.py took 0.023 seconds
[2026-04-07T04:25:04.121+0530] {processor.py:186} INFO - Started process (PID=7367) to work on /home/ubantu/miniconda3/envs/airflow-env/lib/python3.11/site-packages/airflow/example_dags/example_branch_operator.py
[2026-04-07T04:25:04.121+0530] {processor.py:914} INFO - Processing file /home/ubantu/miniconda3/envs/airflow-env/lib/python3.11/site-packages/airflow/example_dags/example_branch_operator.py for tasks to queue
[2026-04-07T04:25:04.123+0530] {logging_mixin.py:190} INFO - [2026-04-07T04:25:04.123+0530] {dagbag.py:588} INFO - Filling up the DagBag from /home/ubantu/miniconda3/envs/airflow-env/lib/python3.11/site-packages/airflow/example_dags/example_branch_operator.py
[2026-04-07T04:25:04.126+0530] {processor.py:927} WARNING - No viable dags retrieved from /home/ubantu/miniconda3/envs/airflow-env/lib/python3.11/site-packages/airflow/example_dags/example_branch_operator.py
[2026-04-07T04:25:04.136+0530] {processor.py:208} INFO - Processing /home/ubantu/miniconda3/envs/airflow-env/lib/python3.11/site-packages/airflow/example_dags/example_branch_operator.py took 0.022 seconds
[2026-04-07T04:26:26.007+0530] {processor.py:186} INFO - Started process (PID=7489) to work on /home/ubantu/miniconda3/envs/airflow-env/lib/python3.11/site-packages/airflow/example_dags/example_branch_operator.py
[2026-04-07T04:26:26.008+0530] {processor.py:914} INFO - Processing file /home/ubantu/miniconda3/envs/airflow-env/lib/python3.11/site-packages/airflow/example_dags/example_branch_operator.py for tasks to queue
[2026-04-07T04:26:26.011+0530] {logging_mixin.py:190} INFO - [2026-04-07T04:26:26.011+0530] {dagbag.py:588} INFO - Filling up the DagBag from /home/ubantu/miniconda3/envs/airflow-env/lib/python3.11/site-packages/airflow/example_dags/example_branch_operator.py
[2026-04-07T04:26:26.015+0530] {processor.py:927} WARNING - No viable dags retrieved from /home/ubantu/miniconda3/envs/airflow-env/lib/python3.11/site-packages/airflow/example_dags/example_branch_operator.py
[2026-04-07T04:26:26.029+0530] {processor.py:208} INFO - Processing /home/ubantu/miniconda3/envs/airflow-env/lib/python3.11/site-packages/airflow/example_dags/example_branch_operator.py took 0.030 seconds
[2026-04-07T04:27:19.683+0530] {processor.py:186} INFO - Started process (PID=7557) to work on /home/ubantu/miniconda3/envs/airflow-env/lib/python3.11/site-packages/airflow/example_dags/example_branch_operator.py
[2026-04-07T04:27:19.684+0530] {processor.py:914} INFO - Processing file /home/ubantu/miniconda3/envs/airflow-env/lib/python3.11/site-packages/airflow/example_dags/example_branch_operator.py for tasks to queue
[2026-04-07T04:27:19.686+0530] {logging_mixin.py:190} INFO - [2026-04-07T04:27:19.685+0530] {dagbag.py:588} INFO - Filling up the DagBag from /home/ubantu/miniconda3/envs/airflow-env/lib/python3.11/site-packages/airflow/example_dags/example_branch_operator.py
[2026-04-07T04:27:19.688+0530] {processor.py:927} WARNING - No viable dags retrieved from /home/ubantu/miniconda3/envs/airflow-env/lib/python3.11/site-packages/airflow/example_dags/example_branch_operator.py
[2026-04-07T04:27:19.698+0530] {processor.py:208} INFO - Processing /home/ubantu/miniconda3/envs/airflow-env/lib/python3.11/site-packages/airflow/example_dags/example_branch_operator.py took 0.020 seconds
[2026-04-07T04:28:38.003+0530] {processor.py:186} INFO - Started process (PID=7653) to work on /home/ubantu/miniconda3/envs/airflow-env/lib/python3.11/site-packages/airflow/example_dags/example_branch_operator.py
[2026-04-07T04:28:38.004+0530] {processor.py:914} INFO - Processing file /home/ubantu/miniconda3/envs/airflow-env/lib/python3.11/site-packages/airflow/example_dags/example_branch_operator.py for tasks to queue
[2026-04-07T04:28:38.006+0530] {logging_mixin.py:190} INFO - [2026-04-07T04:28:38.006+0530] {dagbag.py:588} INFO - Filling up the DagBag from /home/ubantu/miniconda3/envs/airflow-env/lib/python3.11/site-packages/airflow/example_dags/example_branch_operator.py
[2026-04-07T04:28:38.010+0530] {processor.py:927} WARNING - No viable dags retrieved from /home/ubantu/miniconda3/envs/airflow-env/lib/python3.11/site-packages/airflow/example_dags/example_branch_operator.py
[2026-04-07T04:28:38.023+0530] {processor.py:208} INFO - Processing /home/ubantu/miniconda3/envs/airflow-env/lib/python3.11/site-packages/airflow/example_dags/example_branch_operator.py took 0.028 seconds
[2026-04-07T04:30:01.177+0530] {processor.py:186} INFO - Started process (PID=7751) to work on /home/ubantu/miniconda3/envs/airflow-env/lib/python3.11/site-packages/airflow/example_dags/example_branch_operator.py
[2026-04-07T04:30:01.179+0530] {processor.py:914} INFO - Processing file /home/ubantu/miniconda3/envs/airflow-env/lib/python3.11/site-packages/airflow/example_dags/example_branch_operator.py for tasks to queue
[2026-04-07T04:30:01.181+0530] {logging_mixin.py:190} INFO - [2026-04-07T04:30:01.181+0530] {dagbag.py:588} INFO - Filling up the DagBag from /home/ubantu/miniconda3/envs/airflow-env/lib/python3.11/site-packages/airflow/example_dags/example_branch_operator.py
[2026-04-07T04:30:01.185+0530] {processor.py:927} WARNING - No viable dags retrieved from /home/ubantu/miniconda3/envs/airflow-env/lib/python3.11/site-packages/airflow/example_dags/example_branch_operator.py
[2026-04-07T04:30:01.197+0530] {processor.py:208} INFO - Processing /home/ubantu/miniconda3/envs/airflow-env/lib/python3.11/site-packages/airflow/example_dags/example_branch_operator.py took 0.028 seconds
[2026-04-07T04:30:59.432+0530] {processor.py:186} INFO - Started process (PID=7823) to work on /home/ubantu/miniconda3/envs/airflow-env/lib/python3.11/site-packages/airflow/example_dags/example_branch_operator.py
[2026-04-07T04:30:59.433+0530] {processor.py:914} INFO - Processing file /home/ubantu/miniconda3/envs/airflow-env/lib/python3.11/site-packages/airflow/example_dags/example_branch_operator.py for tasks to queue
[2026-04-07T04:30:59.435+0530] {logging_mixin.py:190} INFO - [2026-04-07T04:30:59.435+0530] {dagbag.py:588} INFO - Filling up the DagBag from /home/ubantu/miniconda3/envs/airflow-env/lib/python3.11/site-packages/airflow/example_dags/example_branch_operator.py
[2026-04-07T04:30:59.438+0530] {processor.py:927} WARNING - No viable dags retrieved from /home/ubantu/miniconda3/envs/airflow-env/lib/python3.11/site-packages/airflow/example_dags/example_branch_operator.py
[2026-04-07T04:30:59.447+0530] {processor.py:208} INFO - Processing /home/ubantu/miniconda3/envs/airflow-env/lib/python3.11/site-packages/airflow/example_dags/example_branch_operator.py took 0.021 seconds
[2026-04-07T04:31:58.148+0530] {processor.py:186} INFO - Started process (PID=7887) to work on /home/ubantu/miniconda3/envs/airflow-env/lib/python3.11/site-packages/airflow/example_dags/example_branch_operator.py
[2026-04-07T04:31:58.149+0530] {processor.py:914} INFO - Processing file /home/ubantu/miniconda3/envs/airflow-env/lib/python3.11/site-packages/airflow/example_dags/example_branch_operator.py for tasks to queue
[2026-04-07T04:31:58.152+0530] {logging_mixin.py:190} INFO - [2026-04-07T04:31:58.151+0530] {dagbag.py:588} INFO - Filling up the DagBag from /home/ubantu/miniconda3/envs/airflow-env/lib/python3.11/site-packages/airflow/example_dags/example_branch_operator.py
[2026-04-07T04:31:58.154+0530] {processor.py:927} WARNING - No viable dags retrieved from /home/ubantu/miniconda3/envs/airflow-env/lib/python3.11/site-packages/airflow/example_dags/example_branch_operator.py
[2026-04-07T04:31:58.164+0530] {processor.py:208} INFO - Processing /home/ubantu/miniconda3/envs/airflow-env/lib/python3.11/site-packages/airflow/example_dags/example_branch_operator.py took 0.022 seconds
[2026-04-07T04:32:55.263+0530] {processor.py:186} INFO - Started process (PID=7964) to work on /home/ubantu/miniconda3/envs/airflow-env/lib/python3.11/site-packages/airflow/example_dags/example_branch_operator.py
[2026-04-07T04:32:55.264+0530] {processor.py:914} INFO - Processing file /home/ubantu/miniconda3/envs/airflow-env/lib/python3.11/site-packages/airflow/example_dags/example_branch_operator.py for tasks to queue
[2026-04-07T04:32:55.266+0530] {logging_mixin.py:190} INFO - [2026-04-07T04:32:55.265+0530] {dagbag.py:588} INFO - Filling up the DagBag from /home/ubantu/miniconda3/envs/airflow-env/lib/python3.11/site-packages/airflow/example_dags/example_branch_operator.py
[2026-04-07T04:32:55.268+0530] {processor.py:927} WARNING - No viable dags retrieved from /home/ubantu/miniconda3/envs/airflow-env/lib/python3.11/site-packages/airflow/example_dags/example_branch_operator.py
[2026-04-07T04:32:55.278+0530] {processor.py:208} INFO - Processing /home/ubantu/miniconda3/envs/airflow-env/lib/python3.11/site-packages/airflow/example_dags/example_branch_operator.py took 0.021 seconds
[2026-04-07T04:34:17.758+0530] {processor.py:186} INFO - Started process (PID=8182) to work on /home/ubantu/miniconda3/envs/airflow-env/lib/python3.11/site-packages/airflow/example_dags/example_branch_operator.py
[2026-04-07T04:34:17.760+0530] {processor.py:914} INFO - Processing file /home/ubantu/miniconda3/envs/airflow-env/lib/python3.11/site-packages/airflow/example_dags/example_branch_operator.py for tasks to queue
[2026-04-07T04:34:17.763+0530] {logging_mixin.py:190} INFO - [2026-04-07T04:34:17.762+0530] {dagbag.py:588} INFO - Filling up the DagBag from /home/ubantu/miniconda3/envs/airflow-env/lib/python3.11/site-packages/airflow/example_dags/example_branch_operator.py
[2026-04-07T04:34:17.766+0530] {processor.py:927} WARNING - No viable dags retrieved from /home/ubantu/miniconda3/envs/airflow-env/lib/python3.11/site-packages/airflow/example_dags/example_branch_operator.py
[2026-04-07T04:34:17.780+0530] {processor.py:208} INFO - Processing /home/ubantu/miniconda3/envs/airflow-env/lib/python3.11/site-packages/airflow/example_dags/example_branch_operator.py took 0.029 seconds
[2026-04-07T04:35:35.937+0530] {processor.py:186} INFO - Started process (PID=8285) to work on /home/ubantu/miniconda3/envs/airflow-env/lib/python3.11/site-packages/airflow/example_dags/example_branch_operator.py
[2026-04-07T04:35:35.938+0530] {processor.py:914} INFO - Processing file /home/ubantu/miniconda3/envs/airflow-env/lib/python3.11/site-packages/airflow/example_dags/example_branch_operator.py for tasks to queue
[2026-04-07T04:35:35.941+0530] {logging_mixin.py:190} INFO - [2026-04-07T04:35:35.941+0530] {dagbag.py:588} INFO - Filling up the DagBag from /home/ubantu/miniconda3/envs/airflow-env/lib/python3.11/site-packages/airflow/example_dags/example_branch_operator.py
[2026-04-07T04:35:35.945+0530] {processor.py:927} WARNING - No viable dags retrieved from /home/ubantu/miniconda3/envs/airflow-env/lib/python3.11/site-packages/airflow/example_dags/example_branch_operator.py
[2026-04-07T04:35:35.954+0530] {processor.py:208} INFO - Processing /home/ubantu/miniconda3/envs/airflow-env/lib/python3.11/site-packages/airflow/example_dags/example_branch_operator.py took 0.025 seconds
[2026-04-07T04:36:32.168+0530] {processor.py:186} INFO - Started process (PID=8360) to work on /home/ubantu/miniconda3/envs/airflow-env/lib/python3.11/site-packages/airflow/example_dags/example_branch_operator.py
[2026-04-07T04:36:32.169+0530] {processor.py:914} INFO - Processing file /home/ubantu/miniconda3/envs/airflow-env/lib/python3.11/site-packages/airflow/example_dags/example_branch_operator.py for tasks to queue
[2026-04-07T04:36:32.171+0530] {logging_mixin.py:190} INFO - [2026-04-07T04:36:32.170+0530] {dagbag.py:588} INFO - Filling up the DagBag from /home/ubantu/miniconda3/envs/airflow-env/lib/python3.11/site-packages/airflow/example_dags/example_branch_operator.py
[2026-04-07T04:36:32.173+0530] {processor.py:927} WARNING - No viable dags retrieved from /home/ubantu/miniconda3/envs/airflow-env/lib/python3.11/site-packages/airflow/example_dags/example_branch_operator.py
[2026-04-07T04:36:32.182+0530] {processor.py:208} INFO - Processing /home/ubantu/miniconda3/envs/airflow-env/lib/python3.11/site-packages/airflow/example_dags/example_branch_operator.py took 0.019 seconds
[2026-04-07T04:37:55.200+0530] {processor.py:186} INFO - Started process (PID=8494) to work on /home/ubantu/miniconda3/envs/airflow-env/lib/python3.11/site-packages/airflow/example_dags/example_branch_operator.py
[2026-04-07T04:37:55.201+0530] {processor.py:914} INFO - Processing file /home/ubantu/miniconda3/envs/airflow-env/lib/python3.11/site-packages/airflow/example_dags/example_branch_operator.py for tasks to queue
[2026-04-07T04:37:55.203+0530] {logging_mixin.py:190} INFO - [2026-04-07T04:37:55.202+0530] {dagbag.py:588} INFO - Filling up the DagBag from /home/ubantu/miniconda3/envs/airflow-env/lib/python3.11/site-packages/airflow/example_dags/example_branch_operator.py
[2026-04-07T04:37:55.206+0530] {processor.py:927} WARNING - No viable dags retrieved from /home/ubantu/miniconda3/envs/airflow-env/lib/python3.11/site-packages/airflow/example_dags/example_branch_operator.py
[2026-04-07T04:37:55.220+0530] {processor.py:208} INFO - Processing /home/ubantu/miniconda3/envs/airflow-env/lib/python3.11/site-packages/airflow/example_dags/example_branch_operator.py took 0.028 seconds
[2026-04-07T04:38:59.349+0530] {processor.py:186} INFO - Started process (PID=8589) to work on /home/ubantu/miniconda3/envs/airflow-env/lib/python3.11/site-packages/airflow/example_dags/example_branch_operator.py
[2026-04-07T04:38:59.350+0530] {processor.py:914} INFO - Processing file /home/ubantu/miniconda3/envs/airflow-env/lib/python3.11/site-packages/airflow/example_dags/example_branch_operator.py for tasks to queue
[2026-04-07T04:38:59.352+0530] {logging_mixin.py:190} INFO - [2026-04-07T04:38:59.351+0530] {dagbag.py:588} INFO - Filling up the DagBag from /home/ubantu/miniconda3/envs/airflow-env/lib/python3.11/site-packages/airflow/example_dags/example_branch_operator.py
[2026-04-07T04:38:59.355+0530] {processor.py:927} WARNING - No viable dags retrieved from /home/ubantu/miniconda3/envs/airflow-env/lib/python3.11/site-packages/airflow/example_dags/example_branch_operator.py
[2026-04-07T04:38:59.365+0530] {processor.py:208} INFO - Processing /home/ubantu/miniconda3/envs/airflow-env/lib/python3.11/site-packages/airflow/example_dags/example_branch_operator.py took 0.022 seconds
[2026-04-07T04:39:55.712+0530] {processor.py:186} INFO - Started process (PID=8672) to work on /home/ubantu/miniconda3/envs/airflow-env/lib/python3.11/site-packages/airflow/example_dags/example_branch_operator.py
[2026-04-07T04:39:55.713+0530] {processor.py:914} INFO - Processing file /home/ubantu/miniconda3/envs/airflow-env/lib/python3.11/site-packages/airflow/example_dags/example_branch_operator.py for tasks to queue
[2026-04-07T04:39:55.714+0530] {logging_mixin.py:190} INFO - [2026-04-07T04:39:55.713+0530] {dagbag.py:588} INFO - Filling up the DagBag from /home/ubantu/miniconda3/envs/airflow-env/lib/python3.11/site-packages/airflow/example_dags/example_branch_operator.py
[2026-04-07T04:39:55.717+0530] {processor.py:927} WARNING - No viable dags retrieved from /home/ubantu/miniconda3/envs/airflow-env/lib/python3.11/site-packages/airflow/example_dags/example_branch_operator.py
[2026-04-07T04:39:55.729+0530] {processor.py:208} INFO - Processing /home/ubantu/miniconda3/envs/airflow-env/lib/python3.11/site-packages/airflow/example_dags/example_branch_operator.py took 0.024 seconds
[2026-04-07T04:40:52.483+0530] {processor.py:186} INFO - Started process (PID=8783) to work on /home/ubantu/miniconda3/envs/airflow-env/lib/python3.11/site-packages/airflow/example_dags/example_branch_operator.py
[2026-04-07T04:40:52.484+0530] {processor.py:914} INFO - Processing file /home/ubantu/miniconda3/envs/airflow-env/lib/python3.11/site-packages/airflow/example_dags/example_branch_operator.py for tasks to queue
[2026-04-07T04:40:52.485+0530] {logging_mixin.py:190} INFO - [2026-04-07T04:40:52.485+0530] {dagbag.py:588} INFO - Filling up the DagBag from /home/ubantu/miniconda3/envs/airflow-env/lib/python3.11/site-packages/airflow/example_dags/example_branch_operator.py
[2026-04-07T04:40:52.488+0530] {processor.py:927} WARNING - No viable dags retrieved from /home/ubantu/miniconda3/envs/airflow-env/lib/python3.11/site-packages/airflow/example_dags/example_branch_operator.py
[2026-04-07T04:40:52.503+0530] {processor.py:208} INFO - Processing /home/ubantu/miniconda3/envs/airflow-env/lib/python3.11/site-packages/airflow/example_dags/example_branch_operator.py took 0.030 seconds
[2026-04-07T04:41:49.921+0530] {processor.py:186} INFO - Started process (PID=8923) to work on /home/ubantu/miniconda3/envs/airflow-env/lib/python3.11/site-packages/airflow/example_dags/example_branch_operator.py
[2026-04-07T04:41:49.922+0530] {processor.py:914} INFO - Processing file /home/ubantu/miniconda3/envs/airflow-env/lib/python3.11/site-packages/airflow/example_dags/example_branch_operator.py for tasks to queue
[2026-04-07T04:41:49.923+0530] {logging_mixin.py:190} INFO - [2026-04-07T04:41:49.922+0530] {dagbag.py:588} INFO - Filling up the DagBag from /home/ubantu/miniconda3/envs/airflow-env/lib/python3.11/site-packages/airflow/example_dags/example_branch_operator.py
[2026-04-07T04:41:49.925+0530] {processor.py:927} WARNING - No viable dags retrieved from /home/ubantu/miniconda3/envs/airflow-env/lib/python3.11/site-packages/airflow/example_dags/example_branch_operator.py
[2026-04-07T04:41:49.935+0530] {processor.py:208} INFO - Processing /home/ubantu/miniconda3/envs/airflow-env/lib/python3.11/site-packages/airflow/example_dags/example_branch_operator.py took 0.020 seconds
[2026-04-07T04:42:44.490+0530] {processor.py:186} INFO - Started process (PID=9080) to work on /home/ubantu/miniconda3/envs/airflow-env/lib/python3.11/site-packages/airflow/example_dags/example_branch_operator.py
[2026-04-07T04:42:44.491+0530] {processor.py:914} INFO - Processing file /home/ubantu/miniconda3/envs/airflow-env/lib/python3.11/site-packages/airflow/example_dags/example_branch_operator.py for tasks to queue
[2026-04-07T04:42:44.493+0530] {logging_mixin.py:190} INFO - [2026-04-07T04:42:44.493+0530] {dagbag.py:588} INFO - Filling up the DagBag from /home/ubantu/miniconda3/envs/airflow-env/lib/python3.11/site-packages/airflow/example_dags/example_branch_operator.py
[2026-04-07T04:42:44.496+0530] {processor.py:927} WARNING - No viable dags retrieved from /home/ubantu/miniconda3/envs/airflow-env/lib/python3.11/site-packages/airflow/example_dags/example_branch_operator.py
[2026-04-07T04:42:44.506+0530] {processor.py:208} INFO - Processing /home/ubantu/miniconda3/envs/airflow-env/lib/python3.11/site-packages/airflow/example_dags/example_branch_operator.py took 0.021 seconds
[2026-04-07T04:42:46.730+0530] {processor.py:186} INFO - Started process (PID=9085) to work on /home/ubantu/miniconda3/envs/airflow-env/lib/python3.11/site-packages/airflow/example_dags/example_branch_operator.py
[2026-04-07T04:42:46.731+0530] {processor.py:914} INFO - Processing file /home/ubantu/miniconda3/envs/airflow-env/lib/python3.11/site-packages/airflow/example_dags/example_branch_operator.py for tasks to queue
[2026-04-07T04:42:46.733+0530] {logging_mixin.py:190} INFO - [2026-04-07T04:42:46.732+0530] {dagbag.py:588} INFO - Filling up the DagBag from /home/ubantu/miniconda3/envs/airflow-env/lib/python3.11/site-packages/airflow/example_dags/example_branch_operator.py
[2026-04-07T04:42:46.736+0530] {processor.py:927} WARNING - No viable dags retrieved from /home/ubantu/miniconda3/envs/airflow-env/lib/python3.11/site-packages/airflow/example_dags/example_branch_operator.py
[2026-04-07T04:42:46.749+0530] {processor.py:208} INFO - Processing /home/ubantu/miniconda3/envs/airflow-env/lib/python3.11/site-packages/airflow/example_dags/example_branch_operator.py took 0.026 seconds
[2026-04-07T04:43:41.195+0530] {processor.py:186} INFO - Started process (PID=9220) to work on /home/ubantu/miniconda3/envs/airflow-env/lib/python3.11/site-packages/airflow/example_dags/example_branch_operator.py
[2026-04-07T04:43:41.196+0530] {processor.py:914} INFO - Processing file /home/ubantu/miniconda3/envs/airflow-env/lib/python3.11/site-packages/airflow/example_dags/example_branch_operator.py for tasks to queue
[2026-04-07T04:43:41.199+0530] {logging_mixin.py:190} INFO - [2026-04-07T04:43:41.199+0530] {dagbag.py:588} INFO - Filling up the DagBag from /home/ubantu/miniconda3/envs/airflow-env/lib/python3.11/site-packages/airflow/example_dags/example_branch_operator.py
[2026-04-07T04:43:41.202+0530] {processor.py:927} WARNING - No viable dags retrieved from /home/ubantu/miniconda3/envs/airflow-env/lib/python3.11/site-packages/airflow/example_dags/example_branch_operator.py
[2026-04-07T04:43:41.216+0530] {processor.py:208} INFO - Processing /home/ubantu/miniconda3/envs/airflow-env/lib/python3.11/site-packages/airflow/example_dags/example_branch_operator.py took 0.027 seconds
[2026-04-07T04:44:06.258+0530] {processor.py:186} INFO - Started process (PID=9285) to work on /home/ubantu/miniconda3/envs/airflow-env/lib/python3.11/site-packages/airflow/example_dags/example_branch_operator.py
[2026-04-07T04:44:06.259+0530] {processor.py:914} INFO - Processing file /home/ubantu/miniconda3/envs/airflow-env/lib/python3.11/site-packages/airflow/example_dags/example_branch_operator.py for tasks to queue
[2026-04-07T04:44:06.260+0530] {logging_mixin.py:190} INFO - [2026-04-07T04:44:06.260+0530] {dagbag.py:588} INFO - Filling up the DagBag from /home/ubantu/miniconda3/envs/airflow-env/lib/python3.11/site-packages/airflow/example_dags/example_branch_operator.py
[2026-04-07T04:44:06.263+0530] {processor.py:927} WARNING - No viable dags retrieved from /home/ubantu/miniconda3/envs/airflow-env/lib/python3.11/site-packages/airflow/example_dags/example_branch_operator.py
[2026-04-07T04:44:06.272+0530] {processor.py:208} INFO - Processing /home/ubantu/miniconda3/envs/airflow-env/lib/python3.11/site-packages/airflow/example_dags/example_branch_operator.py took 0.021 seconds
[2026-04-07T04:44:43.990+0530] {processor.py:186} INFO - Started process (PID=9362) to work on /home/ubantu/miniconda3/envs/airflow-env/lib/python3.11/site-packages/airflow/example_dags/example_branch_operator.py
[2026-04-07T04:44:43.991+0530] {processor.py:914} INFO - Processing file /home/ubantu/miniconda3/envs/airflow-env/lib/python3.11/site-packages/airflow/example_dags/example_branch_operator.py for tasks to queue
[2026-04-07T04:44:43.993+0530] {logging_mixin.py:190} INFO - [2026-04-07T04:44:43.992+0530] {dagbag.py:588} INFO - Filling up the DagBag from /home/ubantu/miniconda3/envs/airflow-env/lib/python3.11/site-packages/airflow/example_dags/example_branch_operator.py
[2026-04-07T04:44:43.996+0530] {processor.py:927} WARNING - No viable dags retrieved from /home/ubantu/miniconda3/envs/airflow-env/lib/python3.11/site-packages/airflow/example_dags/example_branch_operator.py
[2026-04-07T04:44:44.006+0530] {processor.py:208} INFO - Processing /home/ubantu/miniconda3/envs/airflow-env/lib/python3.11/site-packages/airflow/example_dags/example_branch_operator.py took 0.022 seconds
[2026-04-07T04:45:01.880+0530] {processor.py:186} INFO - Started process (PID=9402) to work on /home/ubantu/miniconda3/envs/airflow-env/lib/python3.11/site-packages/airflow/example_dags/example_branch_operator.py
[2026-04-07T04:45:01.881+0530] {processor.py:914} INFO - Processing file /home/ubantu/miniconda3/envs/airflow-env/lib/python3.11/site-packages/airflow/example_dags/example_branch_operator.py for tasks to queue
[2026-04-07T04:45:01.882+0530] {logging_mixin.py:190} INFO - [2026-04-07T04:45:01.881+0530] {dagbag.py:588} INFO - Filling up the DagBag from /home/ubantu/miniconda3/envs/airflow-env/lib/python3.11/site-packages/airflow/example_dags/example_branch_operator.py
[2026-04-07T04:45:01.884+0530] {processor.py:927} WARNING - No viable dags retrieved from /home/ubantu/miniconda3/envs/airflow-env/lib/python3.11/site-packages/airflow/example_dags/example_branch_operator.py
[2026-04-07T04:45:01.893+0530] {processor.py:208} INFO - Processing /home/ubantu/miniconda3/envs/airflow-env/lib/python3.11/site-packages/airflow/example_dags/example_branch_operator.py took 0.018 seconds
[2026-04-07T04:45:40.035+0530] {processor.py:186} INFO - Started process (PID=9490) to work on /home/ubantu/miniconda3/envs/airflow-env/lib/python3.11/site-packages/airflow/example_dags/example_branch_operator.py
[2026-04-07T04:45:40.036+0530] {processor.py:914} INFO - Processing file /home/ubantu/miniconda3/envs/airflow-env/lib/python3.11/site-packages/airflow/example_dags/example_branch_operator.py for tasks to queue
[2026-04-07T04:45:40.038+0530] {logging_mixin.py:190} INFO - [2026-04-07T04:45:40.038+0530] {dagbag.py:588} INFO - Filling up the DagBag from /home/ubantu/miniconda3/envs/airflow-env/lib/python3.11/site-packages/airflow/example_dags/example_branch_operator.py
[2026-04-07T04:45:40.041+0530] {processor.py:927} WARNING - No viable dags retrieved from /home/ubantu/miniconda3/envs/airflow-env/lib/python3.11/site-packages/airflow/example_dags/example_branch_operator.py
[2026-04-07T04:45:40.052+0530] {processor.py:208} INFO - Processing /home/ubantu/miniconda3/envs/airflow-env/lib/python3.11/site-packages/airflow/example_dags/example_branch_operator.py took 0.023 seconds
[2026-04-07T04:46:20.393+0530] {processor.py:186} INFO - Started process (PID=9582) to work on /home/ubantu/miniconda3/envs/airflow-env/lib/python3.11/site-packages/airflow/example_dags/example_branch_operator.py
[2026-04-07T04:46:20.395+0530] {processor.py:914} INFO - Processing file /home/ubantu/miniconda3/envs/airflow-env/lib/python3.11/site-packages/airflow/example_dags/example_branch_operator.py for tasks to queue
[2026-04-07T04:46:20.396+0530] {logging_mixin.py:190} INFO - [2026-04-07T04:46:20.396+0530] {dagbag.py:588} INFO - Filling up the DagBag from /home/ubantu/miniconda3/envs/airflow-env/lib/python3.11/site-packages/airflow/example_dags/example_branch_operator.py
[2026-04-07T04:46:20.399+0530] {processor.py:927} WARNING - No viable dags retrieved from /home/ubantu/miniconda3/envs/airflow-env/lib/python3.11/site-packages/airflow/example_dags/example_branch_operator.py
[2026-04-07T04:46:20.409+0530] {processor.py:208} INFO - Processing /home/ubantu/miniconda3/envs/airflow-env/lib/python3.11/site-packages/airflow/example_dags/example_branch_operator.py took 0.022 seconds
[2026-04-07T04:46:35.801+0530] {processor.py:186} INFO - Started process (PID=9614) to work on /home/ubantu/miniconda3/envs/airflow-env/lib/python3.11/site-packages/airflow/example_dags/example_branch_operator.py
[2026-04-07T04:46:35.801+0530] {processor.py:914} INFO - Processing file /home/ubantu/miniconda3/envs/airflow-env/lib/python3.11/site-packages/airflow/example_dags/example_branch_operator.py for tasks to queue
[2026-04-07T04:46:35.803+0530] {logging_mixin.py:190} INFO - [2026-04-07T04:46:35.803+0530] {dagbag.py:588} INFO - Filling up the DagBag from /home/ubantu/miniconda3/envs/airflow-env/lib/python3.11/site-packages/airflow/example_dags/example_branch_operator.py
[2026-04-07T04:46:35.806+0530] {processor.py:927} WARNING - No viable dags retrieved from /home/ubantu/miniconda3/envs/airflow-env/lib/python3.11/site-packages/airflow/example_dags/example_branch_operator.py
[2026-04-07T04:46:35.816+0530] {processor.py:208} INFO - Processing /home/ubantu/miniconda3/envs/airflow-env/lib/python3.11/site-packages/airflow/example_dags/example_branch_operator.py took 0.022 seconds
[2026-04-07T04:47:34.312+0530] {processor.py:186} INFO - Started process (PID=9760) to work on /home/ubantu/miniconda3/envs/airflow-env/lib/python3.11/site-packages/airflow/example_dags/example_branch_operator.py
[2026-04-07T04:47:34.313+0530] {processor.py:914} INFO - Processing file /home/ubantu/miniconda3/envs/airflow-env/lib/python3.11/site-packages/airflow/example_dags/example_branch_operator.py for tasks to queue
[2026-04-07T04:47:34.315+0530] {logging_mixin.py:190} INFO - [2026-04-07T04:47:34.315+0530] {dagbag.py:588} INFO - Filling up the DagBag from /home/ubantu/miniconda3/envs/airflow-env/lib/python3.11/site-packages/airflow/example_dags/example_branch_operator.py
[2026-04-07T04:47:34.317+0530] {processor.py:927} WARNING - No viable dags retrieved from /home/ubantu/miniconda3/envs/airflow-env/lib/python3.11/site-packages/airflow/example_dags/example_branch_operator.py
[2026-04-07T04:47:34.327+0530] {processor.py:208} INFO - Processing /home/ubantu/miniconda3/envs/airflow-env/lib/python3.11/site-packages/airflow/example_dags/example_branch_operator.py took 0.021 seconds
[2026-04-07T04:47:40.114+0530] {processor.py:186} INFO - Started process (PID=9771) to work on /home/ubantu/miniconda3/envs/airflow-env/lib/python3.11/site-packages/airflow/example_dags/example_branch_operator.py
[2026-04-07T04:47:40.115+0530] {processor.py:914} INFO - Processing file /home/ubantu/miniconda3/envs/airflow-env/lib/python3.11/site-packages/airflow/example_dags/example_branch_operator.py for tasks to queue
[2026-04-07T04:47:40.117+0530] {logging_mixin.py:190} INFO - [2026-04-07T04:47:40.116+0530] {dagbag.py:588} INFO - Filling up the DagBag from /home/ubantu/miniconda3/envs/airflow-env/lib/python3.11/site-packages/airflow/example_dags/example_branch_operator.py
[2026-04-07T04:47:40.120+0530] {processor.py:927} WARNING - No viable dags retrieved from /home/ubantu/miniconda3/envs/airflow-env/lib/python3.11/site-packages/airflow/example_dags/example_branch_operator.py
[2026-04-07T04:47:40.133+0530] {processor.py:208} INFO - Processing /home/ubantu/miniconda3/envs/airflow-env/lib/python3.11/site-packages/airflow/example_dags/example_branch_operator.py took 0.027 seconds
[2026-04-07T05:10:26.894+0530] {processor.py:186} INFO - Started process (PID=11011) to work on /home/ubantu/miniconda3/envs/airflow-env/lib/python3.11/site-packages/airflow/example_dags/example_branch_operator.py
[2026-04-07T05:10:26.896+0530] {processor.py:914} INFO - Processing file /home/ubantu/miniconda3/envs/airflow-env/lib/python3.11/site-packages/airflow/example_dags/example_branch_operator.py for tasks to queue
[2026-04-07T05:10:26.898+0530] {logging_mixin.py:190} INFO - [2026-04-07T05:10:26.898+0530] {dagbag.py:588} INFO - Filling up the DagBag from /home/ubantu/miniconda3/envs/airflow-env/lib/python3.11/site-packages/airflow/example_dags/example_branch_operator.py
[2026-04-07T05:10:26.902+0530] {processor.py:927} WARNING - No viable dags retrieved from /home/ubantu/miniconda3/envs/airflow-env/lib/python3.11/site-packages/airflow/example_dags/example_branch_operator.py
[2026-04-07T05:10:26.915+0530] {processor.py:208} INFO - Processing /home/ubantu/miniconda3/envs/airflow-env/lib/python3.11/site-packages/airflow/example_dags/example_branch_operator.py took 0.028 seconds
[2026-04-07T05:12:01.871+0530] {processor.py:186} INFO - Started process (PID=11169) to work on /home/ubantu/miniconda3/envs/airflow-env/lib/python3.11/site-packages/airflow/example_dags/example_branch_operator.py
[2026-04-07T05:12:01.872+0530] {processor.py:914} INFO - Processing file /home/ubantu/miniconda3/envs/airflow-env/lib/python3.11/site-packages/airflow/example_dags/example_branch_operator.py for tasks to queue
[2026-04-07T05:12:01.875+0530] {logging_mixin.py:190} INFO - [2026-04-07T05:12:01.875+0530] {dagbag.py:588} INFO - Filling up the DagBag from /home/ubantu/miniconda3/envs/airflow-env/lib/python3.11/site-packages/airflow/example_dags/example_branch_operator.py
[2026-04-07T05:12:01.880+0530] {processor.py:927} WARNING - No viable dags retrieved from /home/ubantu/miniconda3/envs/airflow-env/lib/python3.11/site-packages/airflow/example_dags/example_branch_operator.py
[2026-04-07T05:12:01.899+0530] {processor.py:208} INFO - Processing /home/ubantu/miniconda3/envs/airflow-env/lib/python3.11/site-packages/airflow/example_dags/example_branch_operator.py took 0.033 seconds
[2026-04-07T05:13:01.359+0530] {processor.py:186} INFO - Started process (PID=11262) to work on /home/ubantu/miniconda3/envs/airflow-env/lib/python3.11/site-packages/airflow/example_dags/example_branch_operator.py
[2026-04-07T05:13:01.359+0530] {processor.py:914} INFO - Processing file /home/ubantu/miniconda3/envs/airflow-env/lib/python3.11/site-packages/airflow/example_dags/example_branch_operator.py for tasks to queue
[2026-04-07T05:13:01.361+0530] {logging_mixin.py:190} INFO - [2026-04-07T05:13:01.361+0530] {dagbag.py:588} INFO - Filling up the DagBag from /home/ubantu/miniconda3/envs/airflow-env/lib/python3.11/site-packages/airflow/example_dags/example_branch_operator.py
[2026-04-07T05:13:01.363+0530] {processor.py:927} WARNING - No viable dags retrieved from /home/ubantu/miniconda3/envs/airflow-env/lib/python3.11/site-packages/airflow/example_dags/example_branch_operator.py
[2026-04-07T05:13:01.373+0530] {processor.py:208} INFO - Processing /home/ubantu/miniconda3/envs/airflow-env/lib/python3.11/site-packages/airflow/example_dags/example_branch_operator.py took 0.020 seconds
[2026-04-07T05:14:07.468+0530] {processor.py:186} INFO - Started process (PID=11343) to work on /home/ubantu/miniconda3/envs/airflow-env/lib/python3.11/site-packages/airflow/example_dags/example_branch_operator.py
[2026-04-07T05:14:07.469+0530] {processor.py:914} INFO - Processing file /home/ubantu/miniconda3/envs/airflow-env/lib/python3.11/site-packages/airflow/example_dags/example_branch_operator.py for tasks to queue
[2026-04-07T05:14:07.471+0530] {logging_mixin.py:190} INFO - [2026-04-07T05:14:07.471+0530] {dagbag.py:588} INFO - Filling up the DagBag from /home/ubantu/miniconda3/envs/airflow-env/lib/python3.11/site-packages/airflow/example_dags/example_branch_operator.py
[2026-04-07T05:14:07.476+0530] {processor.py:927} WARNING - No viable dags retrieved from /home/ubantu/miniconda3/envs/airflow-env/lib/python3.11/site-packages/airflow/example_dags/example_branch_operator.py
[2026-04-07T05:14:07.584+0530] {processor.py:208} INFO - Processing /home/ubantu/miniconda3/envs/airflow-env/lib/python3.11/site-packages/airflow/example_dags/example_branch_operator.py took 0.126 seconds
[2026-04-07T05:18:11.535+0530] {processor.py:186} INFO - Started process (PID=12085) to work on /home/ubantu/miniconda3/envs/airflow-env/lib/python3.11/site-packages/airflow/example_dags/example_branch_operator.py
[2026-04-07T05:18:11.537+0530] {processor.py:914} INFO - Processing file /home/ubantu/miniconda3/envs/airflow-env/lib/python3.11/site-packages/airflow/example_dags/example_branch_operator.py for tasks to queue
[2026-04-07T05:18:11.539+0530] {logging_mixin.py:190} INFO - [2026-04-07T05:18:11.539+0530] {dagbag.py:588} INFO - Filling up the DagBag from /home/ubantu/miniconda3/envs/airflow-env/lib/python3.11/site-packages/airflow/example_dags/example_branch_operator.py
[2026-04-07T05:18:11.543+0530] {processor.py:927} WARNING - No viable dags retrieved from /home/ubantu/miniconda3/envs/airflow-env/lib/python3.11/site-packages/airflow/example_dags/example_branch_operator.py
[2026-04-07T05:18:11.559+0530] {processor.py:208} INFO - Processing /home/ubantu/miniconda3/envs/airflow-env/lib/python3.11/site-packages/airflow/example_dags/example_branch_operator.py took 0.032 seconds
