[2026-04-07T04:07:37.254+0530] {processor.py:186} INFO - Started process (PID=5659) to work on /home/ubantu/miniconda3/envs/airflow-env/lib/python3.11/site-packages/airflow/example_dags/example_sla_dag.py
[2026-04-07T04:07:37.255+0530] {processor.py:914} INFO - Processing file /home/ubantu/miniconda3/envs/airflow-env/lib/python3.11/site-packages/airflow/example_dags/example_sla_dag.py for tasks to queue
[2026-04-07T04:07:37.258+0530] {logging_mixin.py:190} INFO - [2026-04-07T04:07:37.257+0530] {dagbag.py:588} INFO - Filling up the DagBag from /home/ubantu/miniconda3/envs/airflow-env/lib/python3.11/site-packages/airflow/example_dags/example_sla_dag.py
[2026-04-07T04:07:37.271+0530] {processor.py:925} INFO - DAG(s) 'example_sla_dag' retrieved from /home/ubantu/miniconda3/envs/airflow-env/lib/python3.11/site-packages/airflow/example_dags/example_sla_dag.py
[2026-04-07T04:07:37.367+0530] {logging_mixin.py:190} INFO - [2026-04-07T04:07:37.367+0530] {override.py:1911} INFO - Created Permission View: can delete on DAG:example_sla_dag
[2026-04-07T04:07:37.378+0530] {logging_mixin.py:190} INFO - [2026-04-07T04:07:37.377+0530] {override.py:1911} INFO - Created Permission View: can edit on DAG:example_sla_dag
[2026-04-07T04:07:37.387+0530] {logging_mixin.py:190} INFO - [2026-04-07T04:07:37.387+0530] {override.py:1911} INFO - Created Permission View: can read on DAG:example_sla_dag
[2026-04-07T04:07:37.400+0530] {logging_mixin.py:190} INFO - [2026-04-07T04:07:37.399+0530] {override.py:1911} INFO - Created Permission View: can create on DAG Run:example_sla_dag
[2026-04-07T04:07:37.408+0530] {logging_mixin.py:190} INFO - [2026-04-07T04:07:37.407+0530] {override.py:1911} INFO - Created Permission View: can delete on DAG Run:example_sla_dag
[2026-04-07T04:07:37.416+0530] {logging_mixin.py:190} INFO - [2026-04-07T04:07:37.416+0530] {override.py:1911} INFO - Created Permission View: menu access on DAG Run:example_sla_dag
[2026-04-07T04:07:37.425+0530] {logging_mixin.py:190} INFO - [2026-04-07T04:07:37.424+0530] {override.py:1911} INFO - Created Permission View: can read on DAG Run:example_sla_dag
[2026-04-07T04:07:37.425+0530] {logging_mixin.py:190} INFO - [2026-04-07T04:07:37.425+0530] {dag.py:3239} INFO - Sync 1 DAGs
[2026-04-07T04:07:37.439+0530] {logging_mixin.py:190} INFO - [2026-04-07T04:07:37.439+0530] {dag.py:3262} INFO - Creating ORM DAG for example_sla_dag
[2026-04-07T04:07:37.450+0530] {logging_mixin.py:190} INFO - [2026-04-07T04:07:37.450+0530] {dag.py:4180} INFO - Setting next_dagrun for example_sla_dag to 2026-04-06 22:34:00+00:00, run_after=2026-04-06 22:36:00+00:00
[2026-04-07T04:07:37.464+0530] {processor.py:208} INFO - Processing /home/ubantu/miniconda3/envs/airflow-env/lib/python3.11/site-packages/airflow/example_dags/example_sla_dag.py took 0.217 seconds
[2026-04-07T04:08:42.738+0530] {processor.py:186} INFO - Started process (PID=5967) to work on /home/ubantu/miniconda3/envs/airflow-env/lib/python3.11/site-packages/airflow/example_dags/example_sla_dag.py
[2026-04-07T04:08:42.739+0530] {processor.py:914} INFO - Processing file /home/ubantu/miniconda3/envs/airflow-env/lib/python3.11/site-packages/airflow/example_dags/example_sla_dag.py for tasks to queue
[2026-04-07T04:08:42.741+0530] {logging_mixin.py:190} INFO - [2026-04-07T04:08:42.741+0530] {dagbag.py:588} INFO - Filling up the DagBag from /home/ubantu/miniconda3/envs/airflow-env/lib/python3.11/site-packages/airflow/example_dags/example_sla_dag.py
[2026-04-07T04:08:42.750+0530] {processor.py:925} INFO - DAG(s) 'example_sla_dag' retrieved from /home/ubantu/miniconda3/envs/airflow-env/lib/python3.11/site-packages/airflow/example_dags/example_sla_dag.py
[2026-04-07T04:08:42.763+0530] {logging_mixin.py:190} INFO - [2026-04-07T04:08:42.763+0530] {dag.py:3239} INFO - Sync 1 DAGs
[2026-04-07T04:08:42.782+0530] {logging_mixin.py:190} INFO - [2026-04-07T04:08:42.782+0530] {dag.py:4180} INFO - Setting next_dagrun for example_sla_dag to 2026-04-06 22:36:00+00:00, run_after=2026-04-06 22:38:00+00:00
[2026-04-07T04:08:42.799+0530] {processor.py:208} INFO - Processing /home/ubantu/miniconda3/envs/airflow-env/lib/python3.11/site-packages/airflow/example_dags/example_sla_dag.py took 0.066 seconds
[2026-04-07T04:09:39.584+0530] {processor.py:186} INFO - Started process (PID=6143) to work on /home/ubantu/miniconda3/envs/airflow-env/lib/python3.11/site-packages/airflow/example_dags/example_sla_dag.py
[2026-04-07T04:09:39.585+0530] {processor.py:914} INFO - Processing file /home/ubantu/miniconda3/envs/airflow-env/lib/python3.11/site-packages/airflow/example_dags/example_sla_dag.py for tasks to queue
[2026-04-07T04:09:39.588+0530] {logging_mixin.py:190} INFO - [2026-04-07T04:09:39.588+0530] {dagbag.py:588} INFO - Filling up the DagBag from /home/ubantu/miniconda3/envs/airflow-env/lib/python3.11/site-packages/airflow/example_dags/example_sla_dag.py
[2026-04-07T04:09:39.600+0530] {processor.py:925} INFO - DAG(s) 'example_sla_dag' retrieved from /home/ubantu/miniconda3/envs/airflow-env/lib/python3.11/site-packages/airflow/example_dags/example_sla_dag.py
[2026-04-07T04:09:39.616+0530] {logging_mixin.py:190} INFO - [2026-04-07T04:09:39.616+0530] {dag.py:3239} INFO - Sync 1 DAGs
[2026-04-07T04:09:39.640+0530] {logging_mixin.py:190} INFO - [2026-04-07T04:09:39.640+0530] {dag.py:4180} INFO - Setting next_dagrun for example_sla_dag to 2026-04-06 22:36:00+00:00, run_after=2026-04-06 22:38:00+00:00
[2026-04-07T04:09:39.753+0530] {processor.py:208} INFO - Processing /home/ubantu/miniconda3/envs/airflow-env/lib/python3.11/site-packages/airflow/example_dags/example_sla_dag.py took 0.176 seconds
[2026-04-07T04:10:34.400+0530] {processor.py:186} INFO - Started process (PID=6211) to work on /home/ubantu/miniconda3/envs/airflow-env/lib/python3.11/site-packages/airflow/example_dags/example_sla_dag.py
[2026-04-07T04:10:34.401+0530] {processor.py:914} INFO - Processing file /home/ubantu/miniconda3/envs/airflow-env/lib/python3.11/site-packages/airflow/example_dags/example_sla_dag.py for tasks to queue
[2026-04-07T04:10:34.403+0530] {logging_mixin.py:190} INFO - [2026-04-07T04:10:34.402+0530] {dagbag.py:588} INFO - Filling up the DagBag from /home/ubantu/miniconda3/envs/airflow-env/lib/python3.11/site-packages/airflow/example_dags/example_sla_dag.py
[2026-04-07T04:10:34.414+0530] {processor.py:925} INFO - DAG(s) 'example_sla_dag' retrieved from /home/ubantu/miniconda3/envs/airflow-env/lib/python3.11/site-packages/airflow/example_dags/example_sla_dag.py
[2026-04-07T04:10:34.429+0530] {logging_mixin.py:190} INFO - [2026-04-07T04:10:34.428+0530] {dag.py:3239} INFO - Sync 1 DAGs
[2026-04-07T04:10:34.451+0530] {logging_mixin.py:190} INFO - [2026-04-07T04:10:34.451+0530] {dag.py:4180} INFO - Setting next_dagrun for example_sla_dag to 2026-04-06 22:38:00+00:00, run_after=2026-04-06 22:40:00+00:00
[2026-04-07T04:10:34.470+0530] {processor.py:208} INFO - Processing /home/ubantu/miniconda3/envs/airflow-env/lib/python3.11/site-packages/airflow/example_dags/example_sla_dag.py took 0.077 seconds
[2026-04-07T04:11:24.881+0530] {processor.py:186} INFO - Started process (PID=6269) to work on /home/ubantu/miniconda3/envs/airflow-env/lib/python3.11/site-packages/airflow/example_dags/example_sla_dag.py
[2026-04-07T04:11:24.882+0530] {processor.py:914} INFO - Processing file /home/ubantu/miniconda3/envs/airflow-env/lib/python3.11/site-packages/airflow/example_dags/example_sla_dag.py for tasks to queue
[2026-04-07T04:11:24.885+0530] {logging_mixin.py:190} INFO - [2026-04-07T04:11:24.884+0530] {dagbag.py:588} INFO - Filling up the DagBag from /home/ubantu/miniconda3/envs/airflow-env/lib/python3.11/site-packages/airflow/example_dags/example_sla_dag.py
[2026-04-07T04:11:24.896+0530] {processor.py:925} INFO - DAG(s) 'example_sla_dag' retrieved from /home/ubantu/miniconda3/envs/airflow-env/lib/python3.11/site-packages/airflow/example_dags/example_sla_dag.py
[2026-04-07T04:11:24.912+0530] {logging_mixin.py:190} INFO - [2026-04-07T04:11:24.912+0530] {dag.py:3239} INFO - Sync 1 DAGs
[2026-04-07T04:11:24.935+0530] {logging_mixin.py:190} INFO - [2026-04-07T04:11:24.935+0530] {dag.py:4180} INFO - Setting next_dagrun for example_sla_dag to 2026-04-06 22:38:00+00:00, run_after=2026-04-06 22:40:00+00:00
[2026-04-07T04:11:24.952+0530] {processor.py:208} INFO - Processing /home/ubantu/miniconda3/envs/airflow-env/lib/python3.11/site-packages/airflow/example_dags/example_sla_dag.py took 0.079 seconds
[2026-04-07T04:12:17.689+0530] {processor.py:186} INFO - Started process (PID=6337) to work on /home/ubantu/miniconda3/envs/airflow-env/lib/python3.11/site-packages/airflow/example_dags/example_sla_dag.py
[2026-04-07T04:12:17.690+0530] {processor.py:914} INFO - Processing file /home/ubantu/miniconda3/envs/airflow-env/lib/python3.11/site-packages/airflow/example_dags/example_sla_dag.py for tasks to queue
[2026-04-07T04:12:17.692+0530] {logging_mixin.py:190} INFO - [2026-04-07T04:12:17.692+0530] {dagbag.py:588} INFO - Filling up the DagBag from /home/ubantu/miniconda3/envs/airflow-env/lib/python3.11/site-packages/airflow/example_dags/example_sla_dag.py
[2026-04-07T04:12:17.704+0530] {processor.py:925} INFO - DAG(s) 'example_sla_dag' retrieved from /home/ubantu/miniconda3/envs/airflow-env/lib/python3.11/site-packages/airflow/example_dags/example_sla_dag.py
[2026-04-07T04:12:17.718+0530] {logging_mixin.py:190} INFO - [2026-04-07T04:12:17.718+0530] {dag.py:3239} INFO - Sync 1 DAGs
[2026-04-07T04:12:17.738+0530] {logging_mixin.py:190} INFO - [2026-04-07T04:12:17.738+0530] {dag.py:4180} INFO - Setting next_dagrun for example_sla_dag to 2026-04-06 22:40:00+00:00, run_after=2026-04-06 22:42:00+00:00
[2026-04-07T04:12:17.756+0530] {processor.py:208} INFO - Processing /home/ubantu/miniconda3/envs/airflow-env/lib/python3.11/site-packages/airflow/example_dags/example_sla_dag.py took 0.073 seconds
[2026-04-07T04:13:10.323+0530] {processor.py:186} INFO - Started process (PID=6394) to work on /home/ubantu/miniconda3/envs/airflow-env/lib/python3.11/site-packages/airflow/example_dags/example_sla_dag.py
[2026-04-07T04:13:10.324+0530] {processor.py:914} INFO - Processing file /home/ubantu/miniconda3/envs/airflow-env/lib/python3.11/site-packages/airflow/example_dags/example_sla_dag.py for tasks to queue
[2026-04-07T04:13:10.326+0530] {logging_mixin.py:190} INFO - [2026-04-07T04:13:10.326+0530] {dagbag.py:588} INFO - Filling up the DagBag from /home/ubantu/miniconda3/envs/airflow-env/lib/python3.11/site-packages/airflow/example_dags/example_sla_dag.py
[2026-04-07T04:13:10.338+0530] {processor.py:925} INFO - DAG(s) 'example_sla_dag' retrieved from /home/ubantu/miniconda3/envs/airflow-env/lib/python3.11/site-packages/airflow/example_dags/example_sla_dag.py
[2026-04-07T04:13:10.353+0530] {logging_mixin.py:190} INFO - [2026-04-07T04:13:10.352+0530] {dag.py:3239} INFO - Sync 1 DAGs
[2026-04-07T04:13:10.374+0530] {logging_mixin.py:190} INFO - [2026-04-07T04:13:10.374+0530] {dag.py:4180} INFO - Setting next_dagrun for example_sla_dag to 2026-04-06 22:40:00+00:00, run_after=2026-04-06 22:42:00+00:00
[2026-04-07T04:13:10.393+0530] {processor.py:208} INFO - Processing /home/ubantu/miniconda3/envs/airflow-env/lib/python3.11/site-packages/airflow/example_dags/example_sla_dag.py took 0.076 seconds
[2026-04-07T04:14:03.685+0530] {processor.py:186} INFO - Started process (PID=6463) to work on /home/ubantu/miniconda3/envs/airflow-env/lib/python3.11/site-packages/airflow/example_dags/example_sla_dag.py
[2026-04-07T04:14:03.686+0530] {processor.py:914} INFO - Processing file /home/ubantu/miniconda3/envs/airflow-env/lib/python3.11/site-packages/airflow/example_dags/example_sla_dag.py for tasks to queue
[2026-04-07T04:14:03.688+0530] {logging_mixin.py:190} INFO - [2026-04-07T04:14:03.688+0530] {dagbag.py:588} INFO - Filling up the DagBag from /home/ubantu/miniconda3/envs/airflow-env/lib/python3.11/site-packages/airflow/example_dags/example_sla_dag.py
[2026-04-07T04:14:03.700+0530] {processor.py:925} INFO - DAG(s) 'example_sla_dag' retrieved from /home/ubantu/miniconda3/envs/airflow-env/lib/python3.11/site-packages/airflow/example_dags/example_sla_dag.py
[2026-04-07T04:14:03.714+0530] {logging_mixin.py:190} INFO - [2026-04-07T04:14:03.714+0530] {dag.py:3239} INFO - Sync 1 DAGs
[2026-04-07T04:14:03.735+0530] {logging_mixin.py:190} INFO - [2026-04-07T04:14:03.735+0530] {dag.py:4180} INFO - Setting next_dagrun for example_sla_dag to 2026-04-06 22:42:00+00:00, run_after=2026-04-06 22:44:00+00:00
[2026-04-07T04:14:03.758+0530] {processor.py:208} INFO - Processing /home/ubantu/miniconda3/envs/airflow-env/lib/python3.11/site-packages/airflow/example_dags/example_sla_dag.py took 0.078 seconds
[2026-04-07T04:14:58.599+0530] {processor.py:186} INFO - Started process (PID=6522) to work on /home/ubantu/miniconda3/envs/airflow-env/lib/python3.11/site-packages/airflow/example_dags/example_sla_dag.py
[2026-04-07T04:14:58.601+0530] {processor.py:914} INFO - Processing file /home/ubantu/miniconda3/envs/airflow-env/lib/python3.11/site-packages/airflow/example_dags/example_sla_dag.py for tasks to queue
[2026-04-07T04:14:58.603+0530] {logging_mixin.py:190} INFO - [2026-04-07T04:14:58.603+0530] {dagbag.py:588} INFO - Filling up the DagBag from /home/ubantu/miniconda3/envs/airflow-env/lib/python3.11/site-packages/airflow/example_dags/example_sla_dag.py
[2026-04-07T04:14:58.614+0530] {processor.py:925} INFO - DAG(s) 'example_sla_dag' retrieved from /home/ubantu/miniconda3/envs/airflow-env/lib/python3.11/site-packages/airflow/example_dags/example_sla_dag.py
[2026-04-07T04:14:58.629+0530] {logging_mixin.py:190} INFO - [2026-04-07T04:14:58.628+0530] {dag.py:3239} INFO - Sync 1 DAGs
[2026-04-07T04:14:58.650+0530] {logging_mixin.py:190} INFO - [2026-04-07T04:14:58.650+0530] {dag.py:4180} INFO - Setting next_dagrun for example_sla_dag to 2026-04-06 22:42:00+00:00, run_after=2026-04-06 22:44:00+00:00
[2026-04-07T04:14:58.669+0530] {processor.py:208} INFO - Processing /home/ubantu/miniconda3/envs/airflow-env/lib/python3.11/site-packages/airflow/example_dags/example_sla_dag.py took 0.077 seconds
[2026-04-07T04:15:48.851+0530] {processor.py:186} INFO - Started process (PID=6583) to work on /home/ubantu/miniconda3/envs/airflow-env/lib/python3.11/site-packages/airflow/example_dags/example_sla_dag.py
[2026-04-07T04:15:48.852+0530] {processor.py:914} INFO - Processing file /home/ubantu/miniconda3/envs/airflow-env/lib/python3.11/site-packages/airflow/example_dags/example_sla_dag.py for tasks to queue
[2026-04-07T04:15:48.854+0530] {logging_mixin.py:190} INFO - [2026-04-07T04:15:48.853+0530] {dagbag.py:588} INFO - Filling up the DagBag from /home/ubantu/miniconda3/envs/airflow-env/lib/python3.11/site-packages/airflow/example_dags/example_sla_dag.py
[2026-04-07T04:15:48.865+0530] {processor.py:925} INFO - DAG(s) 'example_sla_dag' retrieved from /home/ubantu/miniconda3/envs/airflow-env/lib/python3.11/site-packages/airflow/example_dags/example_sla_dag.py
[2026-04-07T04:15:48.879+0530] {logging_mixin.py:190} INFO - [2026-04-07T04:15:48.879+0530] {dag.py:3239} INFO - Sync 1 DAGs
[2026-04-07T04:15:48.900+0530] {logging_mixin.py:190} INFO - [2026-04-07T04:15:48.900+0530] {dag.py:4180} INFO - Setting next_dagrun for example_sla_dag to 2026-04-06 22:42:00+00:00, run_after=2026-04-06 22:44:00+00:00
[2026-04-07T04:15:48.917+0530] {processor.py:208} INFO - Processing /home/ubantu/miniconda3/envs/airflow-env/lib/python3.11/site-packages/airflow/example_dags/example_sla_dag.py took 0.073 seconds
[2026-04-07T04:16:40.188+0530] {processor.py:186} INFO - Started process (PID=6641) to work on /home/ubantu/miniconda3/envs/airflow-env/lib/python3.11/site-packages/airflow/example_dags/example_sla_dag.py
[2026-04-07T04:16:40.189+0530] {processor.py:914} INFO - Processing file /home/ubantu/miniconda3/envs/airflow-env/lib/python3.11/site-packages/airflow/example_dags/example_sla_dag.py for tasks to queue
[2026-04-07T04:16:40.192+0530] {logging_mixin.py:190} INFO - [2026-04-07T04:16:40.192+0530] {dagbag.py:588} INFO - Filling up the DagBag from /home/ubantu/miniconda3/envs/airflow-env/lib/python3.11/site-packages/airflow/example_dags/example_sla_dag.py
[2026-04-07T04:16:40.204+0530] {processor.py:925} INFO - DAG(s) 'example_sla_dag' retrieved from /home/ubantu/miniconda3/envs/airflow-env/lib/python3.11/site-packages/airflow/example_dags/example_sla_dag.py
[2026-04-07T04:16:40.218+0530] {logging_mixin.py:190} INFO - [2026-04-07T04:16:40.218+0530] {dag.py:3239} INFO - Sync 1 DAGs
[2026-04-07T04:16:40.239+0530] {logging_mixin.py:190} INFO - [2026-04-07T04:16:40.239+0530] {dag.py:4180} INFO - Setting next_dagrun for example_sla_dag to 2026-04-06 22:44:00+00:00, run_after=2026-04-06 22:46:00+00:00
[2026-04-07T04:16:40.257+0530] {processor.py:208} INFO - Processing /home/ubantu/miniconda3/envs/airflow-env/lib/python3.11/site-packages/airflow/example_dags/example_sla_dag.py took 0.075 seconds
[2026-04-07T04:17:30.105+0530] {processor.py:186} INFO - Started process (PID=6704) to work on /home/ubantu/miniconda3/envs/airflow-env/lib/python3.11/site-packages/airflow/example_dags/example_sla_dag.py
[2026-04-07T04:17:30.106+0530] {processor.py:914} INFO - Processing file /home/ubantu/miniconda3/envs/airflow-env/lib/python3.11/site-packages/airflow/example_dags/example_sla_dag.py for tasks to queue
[2026-04-07T04:17:30.109+0530] {logging_mixin.py:190} INFO - [2026-04-07T04:17:30.109+0530] {dagbag.py:588} INFO - Filling up the DagBag from /home/ubantu/miniconda3/envs/airflow-env/lib/python3.11/site-packages/airflow/example_dags/example_sla_dag.py
[2026-04-07T04:17:30.120+0530] {processor.py:925} INFO - DAG(s) 'example_sla_dag' retrieved from /home/ubantu/miniconda3/envs/airflow-env/lib/python3.11/site-packages/airflow/example_dags/example_sla_dag.py
[2026-04-07T04:17:30.134+0530] {logging_mixin.py:190} INFO - [2026-04-07T04:17:30.134+0530] {dag.py:3239} INFO - Sync 1 DAGs
[2026-04-07T04:17:30.154+0530] {logging_mixin.py:190} INFO - [2026-04-07T04:17:30.154+0530] {dag.py:4180} INFO - Setting next_dagrun for example_sla_dag to 2026-04-06 22:44:00+00:00, run_after=2026-04-06 22:46:00+00:00
[2026-04-07T04:17:30.178+0530] {processor.py:208} INFO - Processing /home/ubantu/miniconda3/envs/airflow-env/lib/python3.11/site-packages/airflow/example_dags/example_sla_dag.py took 0.078 seconds
[2026-04-07T04:18:20.624+0530] {processor.py:186} INFO - Started process (PID=6761) to work on /home/ubantu/miniconda3/envs/airflow-env/lib/python3.11/site-packages/airflow/example_dags/example_sla_dag.py
[2026-04-07T04:18:20.625+0530] {processor.py:914} INFO - Processing file /home/ubantu/miniconda3/envs/airflow-env/lib/python3.11/site-packages/airflow/example_dags/example_sla_dag.py for tasks to queue
[2026-04-07T04:18:20.627+0530] {logging_mixin.py:190} INFO - [2026-04-07T04:18:20.627+0530] {dagbag.py:588} INFO - Filling up the DagBag from /home/ubantu/miniconda3/envs/airflow-env/lib/python3.11/site-packages/airflow/example_dags/example_sla_dag.py
[2026-04-07T04:18:20.640+0530] {processor.py:925} INFO - DAG(s) 'example_sla_dag' retrieved from /home/ubantu/miniconda3/envs/airflow-env/lib/python3.11/site-packages/airflow/example_dags/example_sla_dag.py
[2026-04-07T04:18:20.655+0530] {logging_mixin.py:190} INFO - [2026-04-07T04:18:20.655+0530] {dag.py:3239} INFO - Sync 1 DAGs
[2026-04-07T04:18:20.677+0530] {logging_mixin.py:190} INFO - [2026-04-07T04:18:20.677+0530] {dag.py:4180} INFO - Setting next_dagrun for example_sla_dag to 2026-04-06 22:46:00+00:00, run_after=2026-04-06 22:48:00+00:00
[2026-04-07T04:18:20.694+0530] {processor.py:208} INFO - Processing /home/ubantu/miniconda3/envs/airflow-env/lib/python3.11/site-packages/airflow/example_dags/example_sla_dag.py took 0.077 seconds
[2026-04-07T04:19:13.097+0530] {processor.py:186} INFO - Started process (PID=6872) to work on /home/ubantu/miniconda3/envs/airflow-env/lib/python3.11/site-packages/airflow/example_dags/example_sla_dag.py
[2026-04-07T04:19:13.099+0530] {processor.py:914} INFO - Processing file /home/ubantu/miniconda3/envs/airflow-env/lib/python3.11/site-packages/airflow/example_dags/example_sla_dag.py for tasks to queue
[2026-04-07T04:19:13.101+0530] {logging_mixin.py:190} INFO - [2026-04-07T04:19:13.101+0530] {dagbag.py:588} INFO - Filling up the DagBag from /home/ubantu/miniconda3/envs/airflow-env/lib/python3.11/site-packages/airflow/example_dags/example_sla_dag.py
[2026-04-07T04:19:13.113+0530] {processor.py:925} INFO - DAG(s) 'example_sla_dag' retrieved from /home/ubantu/miniconda3/envs/airflow-env/lib/python3.11/site-packages/airflow/example_dags/example_sla_dag.py
[2026-04-07T04:19:13.127+0530] {logging_mixin.py:190} INFO - [2026-04-07T04:19:13.127+0530] {dag.py:3239} INFO - Sync 1 DAGs
[2026-04-07T04:19:13.148+0530] {logging_mixin.py:190} INFO - [2026-04-07T04:19:13.148+0530] {dag.py:4180} INFO - Setting next_dagrun for example_sla_dag to 2026-04-06 22:46:00+00:00, run_after=2026-04-06 22:48:00+00:00
[2026-04-07T04:19:13.166+0530] {processor.py:208} INFO - Processing /home/ubantu/miniconda3/envs/airflow-env/lib/python3.11/site-packages/airflow/example_dags/example_sla_dag.py took 0.076 seconds
[2026-04-07T04:20:04.523+0530] {processor.py:186} INFO - Started process (PID=6933) to work on /home/ubantu/miniconda3/envs/airflow-env/lib/python3.11/site-packages/airflow/example_dags/example_sla_dag.py
[2026-04-07T04:20:04.524+0530] {processor.py:914} INFO - Processing file /home/ubantu/miniconda3/envs/airflow-env/lib/python3.11/site-packages/airflow/example_dags/example_sla_dag.py for tasks to queue
[2026-04-07T04:20:04.526+0530] {logging_mixin.py:190} INFO - [2026-04-07T04:20:04.525+0530] {dagbag.py:588} INFO - Filling up the DagBag from /home/ubantu/miniconda3/envs/airflow-env/lib/python3.11/site-packages/airflow/example_dags/example_sla_dag.py
[2026-04-07T04:20:04.536+0530] {processor.py:925} INFO - DAG(s) 'example_sla_dag' retrieved from /home/ubantu/miniconda3/envs/airflow-env/lib/python3.11/site-packages/airflow/example_dags/example_sla_dag.py
[2026-04-07T04:20:04.553+0530] {logging_mixin.py:190} INFO - [2026-04-07T04:20:04.553+0530] {dag.py:3239} INFO - Sync 1 DAGs
[2026-04-07T04:20:04.574+0530] {logging_mixin.py:190} INFO - [2026-04-07T04:20:04.574+0530] {dag.py:4180} INFO - Setting next_dagrun for example_sla_dag to 2026-04-06 22:48:00+00:00, run_after=2026-04-06 22:50:00+00:00
[2026-04-07T04:20:04.591+0530] {processor.py:208} INFO - Processing /home/ubantu/miniconda3/envs/airflow-env/lib/python3.11/site-packages/airflow/example_dags/example_sla_dag.py took 0.075 seconds
[2026-04-07T04:20:55.364+0530] {processor.py:186} INFO - Started process (PID=6987) to work on /home/ubantu/miniconda3/envs/airflow-env/lib/python3.11/site-packages/airflow/example_dags/example_sla_dag.py
[2026-04-07T04:20:55.365+0530] {processor.py:914} INFO - Processing file /home/ubantu/miniconda3/envs/airflow-env/lib/python3.11/site-packages/airflow/example_dags/example_sla_dag.py for tasks to queue
[2026-04-07T04:20:55.367+0530] {logging_mixin.py:190} INFO - [2026-04-07T04:20:55.366+0530] {dagbag.py:588} INFO - Filling up the DagBag from /home/ubantu/miniconda3/envs/airflow-env/lib/python3.11/site-packages/airflow/example_dags/example_sla_dag.py
[2026-04-07T04:20:55.378+0530] {processor.py:925} INFO - DAG(s) 'example_sla_dag' retrieved from /home/ubantu/miniconda3/envs/airflow-env/lib/python3.11/site-packages/airflow/example_dags/example_sla_dag.py
[2026-04-07T04:20:55.392+0530] {logging_mixin.py:190} INFO - [2026-04-07T04:20:55.391+0530] {dag.py:3239} INFO - Sync 1 DAGs
[2026-04-07T04:20:55.411+0530] {logging_mixin.py:190} INFO - [2026-04-07T04:20:55.411+0530] {dag.py:4180} INFO - Setting next_dagrun for example_sla_dag to 2026-04-06 22:48:00+00:00, run_after=2026-04-06 22:50:00+00:00
[2026-04-07T04:20:55.429+0530] {processor.py:208} INFO - Processing /home/ubantu/miniconda3/envs/airflow-env/lib/python3.11/site-packages/airflow/example_dags/example_sla_dag.py took 0.072 seconds
[2026-04-07T04:21:51.291+0530] {processor.py:186} INFO - Started process (PID=7051) to work on /home/ubantu/miniconda3/envs/airflow-env/lib/python3.11/site-packages/airflow/example_dags/example_sla_dag.py
[2026-04-07T04:21:51.292+0530] {processor.py:914} INFO - Processing file /home/ubantu/miniconda3/envs/airflow-env/lib/python3.11/site-packages/airflow/example_dags/example_sla_dag.py for tasks to queue
[2026-04-07T04:21:51.294+0530] {logging_mixin.py:190} INFO - [2026-04-07T04:21:51.294+0530] {dagbag.py:588} INFO - Filling up the DagBag from /home/ubantu/miniconda3/envs/airflow-env/lib/python3.11/site-packages/airflow/example_dags/example_sla_dag.py
[2026-04-07T04:21:51.306+0530] {processor.py:925} INFO - DAG(s) 'example_sla_dag' retrieved from /home/ubantu/miniconda3/envs/airflow-env/lib/python3.11/site-packages/airflow/example_dags/example_sla_dag.py
[2026-04-07T04:21:51.321+0530] {logging_mixin.py:190} INFO - [2026-04-07T04:21:51.321+0530] {dag.py:3239} INFO - Sync 1 DAGs
[2026-04-07T04:21:51.344+0530] {logging_mixin.py:190} INFO - [2026-04-07T04:21:51.344+0530] {dag.py:4180} INFO - Setting next_dagrun for example_sla_dag to 2026-04-06 22:48:00+00:00, run_after=2026-04-06 22:50:00+00:00
[2026-04-07T04:21:51.364+0530] {processor.py:208} INFO - Processing /home/ubantu/miniconda3/envs/airflow-env/lib/python3.11/site-packages/airflow/example_dags/example_sla_dag.py took 0.081 seconds
[2026-04-07T04:22:43.704+0530] {processor.py:186} INFO - Started process (PID=7115) to work on /home/ubantu/miniconda3/envs/airflow-env/lib/python3.11/site-packages/airflow/example_dags/example_sla_dag.py
[2026-04-07T04:22:43.706+0530] {processor.py:914} INFO - Processing file /home/ubantu/miniconda3/envs/airflow-env/lib/python3.11/site-packages/airflow/example_dags/example_sla_dag.py for tasks to queue
[2026-04-07T04:22:43.708+0530] {logging_mixin.py:190} INFO - [2026-04-07T04:22:43.707+0530] {dagbag.py:588} INFO - Filling up the DagBag from /home/ubantu/miniconda3/envs/airflow-env/lib/python3.11/site-packages/airflow/example_dags/example_sla_dag.py
[2026-04-07T04:22:43.720+0530] {processor.py:925} INFO - DAG(s) 'example_sla_dag' retrieved from /home/ubantu/miniconda3/envs/airflow-env/lib/python3.11/site-packages/airflow/example_dags/example_sla_dag.py
[2026-04-07T04:22:43.735+0530] {logging_mixin.py:190} INFO - [2026-04-07T04:22:43.735+0530] {dag.py:3239} INFO - Sync 1 DAGs
[2026-04-07T04:22:43.759+0530] {logging_mixin.py:190} INFO - [2026-04-07T04:22:43.759+0530] {dag.py:4180} INFO - Setting next_dagrun for example_sla_dag to 2026-04-06 22:50:00+00:00, run_after=2026-04-06 22:52:00+00:00
[2026-04-07T04:22:43.781+0530] {processor.py:208} INFO - Processing /home/ubantu/miniconda3/envs/airflow-env/lib/python3.11/site-packages/airflow/example_dags/example_sla_dag.py took 0.084 seconds
[2026-04-07T04:23:37.039+0530] {processor.py:186} INFO - Started process (PID=7217) to work on /home/ubantu/miniconda3/envs/airflow-env/lib/python3.11/site-packages/airflow/example_dags/example_sla_dag.py
[2026-04-07T04:23:37.041+0530] {processor.py:914} INFO - Processing file /home/ubantu/miniconda3/envs/airflow-env/lib/python3.11/site-packages/airflow/example_dags/example_sla_dag.py for tasks to queue
[2026-04-07T04:23:37.045+0530] {logging_mixin.py:190} INFO - [2026-04-07T04:23:37.044+0530] {dagbag.py:588} INFO - Filling up the DagBag from /home/ubantu/miniconda3/envs/airflow-env/lib/python3.11/site-packages/airflow/example_dags/example_sla_dag.py
[2026-04-07T04:23:37.068+0530] {processor.py:925} INFO - DAG(s) 'example_sla_dag' retrieved from /home/ubantu/miniconda3/envs/airflow-env/lib/python3.11/site-packages/airflow/example_dags/example_sla_dag.py
[2026-04-07T04:23:37.095+0530] {logging_mixin.py:190} INFO - [2026-04-07T04:23:37.094+0530] {dag.py:3239} INFO - Sync 1 DAGs
[2026-04-07T04:23:37.130+0530] {logging_mixin.py:190} INFO - [2026-04-07T04:23:37.130+0530] {dag.py:4180} INFO - Setting next_dagrun for example_sla_dag to 2026-04-06 22:50:00+00:00, run_after=2026-04-06 22:52:00+00:00
[2026-04-07T04:23:37.148+0530] {processor.py:208} INFO - Processing /home/ubantu/miniconda3/envs/airflow-env/lib/python3.11/site-packages/airflow/example_dags/example_sla_dag.py took 0.122 seconds
[2026-04-07T04:24:27.582+0530] {processor.py:186} INFO - Started process (PID=7322) to work on /home/ubantu/miniconda3/envs/airflow-env/lib/python3.11/site-packages/airflow/example_dags/example_sla_dag.py
[2026-04-07T04:24:27.583+0530] {processor.py:914} INFO - Processing file /home/ubantu/miniconda3/envs/airflow-env/lib/python3.11/site-packages/airflow/example_dags/example_sla_dag.py for tasks to queue
[2026-04-07T04:24:27.586+0530] {logging_mixin.py:190} INFO - [2026-04-07T04:24:27.586+0530] {dagbag.py:588} INFO - Filling up the DagBag from /home/ubantu/miniconda3/envs/airflow-env/lib/python3.11/site-packages/airflow/example_dags/example_sla_dag.py
[2026-04-07T04:24:27.598+0530] {processor.py:925} INFO - DAG(s) 'example_sla_dag' retrieved from /home/ubantu/miniconda3/envs/airflow-env/lib/python3.11/site-packages/airflow/example_dags/example_sla_dag.py
[2026-04-07T04:24:27.612+0530] {logging_mixin.py:190} INFO - [2026-04-07T04:24:27.612+0530] {dag.py:3239} INFO - Sync 1 DAGs
[2026-04-07T04:24:27.634+0530] {logging_mixin.py:190} INFO - [2026-04-07T04:24:27.634+0530] {dag.py:4180} INFO - Setting next_dagrun for example_sla_dag to 2026-04-06 22:52:00+00:00, run_after=2026-04-06 22:54:00+00:00
[2026-04-07T04:24:27.656+0530] {processor.py:208} INFO - Processing /home/ubantu/miniconda3/envs/airflow-env/lib/python3.11/site-packages/airflow/example_dags/example_sla_dag.py took 0.080 seconds
[2026-04-07T04:25:20.732+0530] {processor.py:186} INFO - Started process (PID=7387) to work on /home/ubantu/miniconda3/envs/airflow-env/lib/python3.11/site-packages/airflow/example_dags/example_sla_dag.py
[2026-04-07T04:25:20.733+0530] {processor.py:914} INFO - Processing file /home/ubantu/miniconda3/envs/airflow-env/lib/python3.11/site-packages/airflow/example_dags/example_sla_dag.py for tasks to queue
[2026-04-07T04:25:20.735+0530] {logging_mixin.py:190} INFO - [2026-04-07T04:25:20.735+0530] {dagbag.py:588} INFO - Filling up the DagBag from /home/ubantu/miniconda3/envs/airflow-env/lib/python3.11/site-packages/airflow/example_dags/example_sla_dag.py
[2026-04-07T04:25:20.745+0530] {processor.py:925} INFO - DAG(s) 'example_sla_dag' retrieved from /home/ubantu/miniconda3/envs/airflow-env/lib/python3.11/site-packages/airflow/example_dags/example_sla_dag.py
[2026-04-07T04:25:20.759+0530] {logging_mixin.py:190} INFO - [2026-04-07T04:25:20.759+0530] {dag.py:3239} INFO - Sync 1 DAGs
[2026-04-07T04:25:20.781+0530] {logging_mixin.py:190} INFO - [2026-04-07T04:25:20.780+0530] {dag.py:4180} INFO - Setting next_dagrun for example_sla_dag to 2026-04-06 22:52:00+00:00, run_after=2026-04-06 22:54:00+00:00
[2026-04-07T04:25:20.799+0530] {processor.py:208} INFO - Processing /home/ubantu/miniconda3/envs/airflow-env/lib/python3.11/site-packages/airflow/example_dags/example_sla_dag.py took 0.074 seconds
[2026-04-07T04:26:17.081+0530] {processor.py:186} INFO - Started process (PID=7480) to work on /home/ubantu/miniconda3/envs/airflow-env/lib/python3.11/site-packages/airflow/example_dags/example_sla_dag.py
[2026-04-07T04:26:17.082+0530] {processor.py:914} INFO - Processing file /home/ubantu/miniconda3/envs/airflow-env/lib/python3.11/site-packages/airflow/example_dags/example_sla_dag.py for tasks to queue
[2026-04-07T04:26:17.084+0530] {logging_mixin.py:190} INFO - [2026-04-07T04:26:17.083+0530] {dagbag.py:588} INFO - Filling up the DagBag from /home/ubantu/miniconda3/envs/airflow-env/lib/python3.11/site-packages/airflow/example_dags/example_sla_dag.py
[2026-04-07T04:26:17.095+0530] {processor.py:925} INFO - DAG(s) 'example_sla_dag' retrieved from /home/ubantu/miniconda3/envs/airflow-env/lib/python3.11/site-packages/airflow/example_dags/example_sla_dag.py
[2026-04-07T04:26:17.109+0530] {logging_mixin.py:190} INFO - [2026-04-07T04:26:17.109+0530] {dag.py:3239} INFO - Sync 1 DAGs
[2026-04-07T04:26:17.132+0530] {logging_mixin.py:190} INFO - [2026-04-07T04:26:17.131+0530] {dag.py:4180} INFO - Setting next_dagrun for example_sla_dag to 2026-04-06 22:54:00+00:00, run_after=2026-04-06 22:56:00+00:00
[2026-04-07T04:26:17.148+0530] {processor.py:208} INFO - Processing /home/ubantu/miniconda3/envs/airflow-env/lib/python3.11/site-packages/airflow/example_dags/example_sla_dag.py took 0.074 seconds
[2026-04-07T04:27:12.534+0530] {processor.py:186} INFO - Started process (PID=7547) to work on /home/ubantu/miniconda3/envs/airflow-env/lib/python3.11/site-packages/airflow/example_dags/example_sla_dag.py
[2026-04-07T04:27:12.535+0530] {processor.py:914} INFO - Processing file /home/ubantu/miniconda3/envs/airflow-env/lib/python3.11/site-packages/airflow/example_dags/example_sla_dag.py for tasks to queue
[2026-04-07T04:27:12.537+0530] {logging_mixin.py:190} INFO - [2026-04-07T04:27:12.536+0530] {dagbag.py:588} INFO - Filling up the DagBag from /home/ubantu/miniconda3/envs/airflow-env/lib/python3.11/site-packages/airflow/example_dags/example_sla_dag.py
[2026-04-07T04:27:12.547+0530] {processor.py:925} INFO - DAG(s) 'example_sla_dag' retrieved from /home/ubantu/miniconda3/envs/airflow-env/lib/python3.11/site-packages/airflow/example_dags/example_sla_dag.py
[2026-04-07T04:27:12.561+0530] {logging_mixin.py:190} INFO - [2026-04-07T04:27:12.561+0530] {dag.py:3239} INFO - Sync 1 DAGs
[2026-04-07T04:27:12.581+0530] {logging_mixin.py:190} INFO - [2026-04-07T04:27:12.581+0530] {dag.py:4180} INFO - Setting next_dagrun for example_sla_dag to 2026-04-06 22:54:00+00:00, run_after=2026-04-06 22:56:00+00:00
[2026-04-07T04:27:12.600+0530] {processor.py:208} INFO - Processing /home/ubantu/miniconda3/envs/airflow-env/lib/python3.11/site-packages/airflow/example_dags/example_sla_dag.py took 0.072 seconds
[2026-04-07T04:28:04.212+0530] {processor.py:186} INFO - Started process (PID=7610) to work on /home/ubantu/miniconda3/envs/airflow-env/lib/python3.11/site-packages/airflow/example_dags/example_sla_dag.py
[2026-04-07T04:28:04.213+0530] {processor.py:914} INFO - Processing file /home/ubantu/miniconda3/envs/airflow-env/lib/python3.11/site-packages/airflow/example_dags/example_sla_dag.py for tasks to queue
[2026-04-07T04:28:04.215+0530] {logging_mixin.py:190} INFO - [2026-04-07T04:28:04.215+0530] {dagbag.py:588} INFO - Filling up the DagBag from /home/ubantu/miniconda3/envs/airflow-env/lib/python3.11/site-packages/airflow/example_dags/example_sla_dag.py
[2026-04-07T04:28:04.227+0530] {processor.py:925} INFO - DAG(s) 'example_sla_dag' retrieved from /home/ubantu/miniconda3/envs/airflow-env/lib/python3.11/site-packages/airflow/example_dags/example_sla_dag.py
[2026-04-07T04:28:04.243+0530] {logging_mixin.py:190} INFO - [2026-04-07T04:28:04.243+0530] {dag.py:3239} INFO - Sync 1 DAGs
[2026-04-07T04:28:04.267+0530] {logging_mixin.py:190} INFO - [2026-04-07T04:28:04.267+0530] {dag.py:4180} INFO - Setting next_dagrun for example_sla_dag to 2026-04-06 22:56:00+00:00, run_after=2026-04-06 22:58:00+00:00
[2026-04-07T04:28:04.284+0530] {processor.py:208} INFO - Processing /home/ubantu/miniconda3/envs/airflow-env/lib/python3.11/site-packages/airflow/example_dags/example_sla_dag.py took 0.080 seconds
[2026-04-07T04:28:56.895+0530] {processor.py:186} INFO - Started process (PID=7674) to work on /home/ubantu/miniconda3/envs/airflow-env/lib/python3.11/site-packages/airflow/example_dags/example_sla_dag.py
[2026-04-07T04:28:56.897+0530] {processor.py:914} INFO - Processing file /home/ubantu/miniconda3/envs/airflow-env/lib/python3.11/site-packages/airflow/example_dags/example_sla_dag.py for tasks to queue
[2026-04-07T04:28:56.899+0530] {logging_mixin.py:190} INFO - [2026-04-07T04:28:56.898+0530] {dagbag.py:588} INFO - Filling up the DagBag from /home/ubantu/miniconda3/envs/airflow-env/lib/python3.11/site-packages/airflow/example_dags/example_sla_dag.py
[2026-04-07T04:28:56.910+0530] {processor.py:925} INFO - DAG(s) 'example_sla_dag' retrieved from /home/ubantu/miniconda3/envs/airflow-env/lib/python3.11/site-packages/airflow/example_dags/example_sla_dag.py
[2026-04-07T04:28:56.924+0530] {logging_mixin.py:190} INFO - [2026-04-07T04:28:56.924+0530] {dag.py:3239} INFO - Sync 1 DAGs
[2026-04-07T04:28:56.945+0530] {logging_mixin.py:190} INFO - [2026-04-07T04:28:56.945+0530] {dag.py:4180} INFO - Setting next_dagrun for example_sla_dag to 2026-04-06 22:56:00+00:00, run_after=2026-04-06 22:58:00+00:00
[2026-04-07T04:28:56.987+0530] {processor.py:208} INFO - Processing /home/ubantu/miniconda3/envs/airflow-env/lib/python3.11/site-packages/airflow/example_dags/example_sla_dag.py took 0.099 seconds
[2026-04-07T04:29:52.682+0530] {processor.py:186} INFO - Started process (PID=7742) to work on /home/ubantu/miniconda3/envs/airflow-env/lib/python3.11/site-packages/airflow/example_dags/example_sla_dag.py
[2026-04-07T04:29:52.684+0530] {processor.py:914} INFO - Processing file /home/ubantu/miniconda3/envs/airflow-env/lib/python3.11/site-packages/airflow/example_dags/example_sla_dag.py for tasks to queue
[2026-04-07T04:29:52.686+0530] {logging_mixin.py:190} INFO - [2026-04-07T04:29:52.686+0530] {dagbag.py:588} INFO - Filling up the DagBag from /home/ubantu/miniconda3/envs/airflow-env/lib/python3.11/site-packages/airflow/example_dags/example_sla_dag.py
[2026-04-07T04:29:52.698+0530] {processor.py:925} INFO - DAG(s) 'example_sla_dag' retrieved from /home/ubantu/miniconda3/envs/airflow-env/lib/python3.11/site-packages/airflow/example_dags/example_sla_dag.py
[2026-04-07T04:29:52.712+0530] {logging_mixin.py:190} INFO - [2026-04-07T04:29:52.712+0530] {dag.py:3239} INFO - Sync 1 DAGs
[2026-04-07T04:29:52.732+0530] {logging_mixin.py:190} INFO - [2026-04-07T04:29:52.732+0530] {dag.py:4180} INFO - Setting next_dagrun for example_sla_dag to 2026-04-06 22:56:00+00:00, run_after=2026-04-06 22:58:00+00:00
[2026-04-07T04:29:52.773+0530] {processor.py:208} INFO - Processing /home/ubantu/miniconda3/envs/airflow-env/lib/python3.11/site-packages/airflow/example_dags/example_sla_dag.py took 0.098 seconds
[2026-04-07T04:30:51.260+0530] {processor.py:186} INFO - Started process (PID=7814) to work on /home/ubantu/miniconda3/envs/airflow-env/lib/python3.11/site-packages/airflow/example_dags/example_sla_dag.py
[2026-04-07T04:30:51.263+0530] {processor.py:914} INFO - Processing file /home/ubantu/miniconda3/envs/airflow-env/lib/python3.11/site-packages/airflow/example_dags/example_sla_dag.py for tasks to queue
[2026-04-07T04:30:51.265+0530] {logging_mixin.py:190} INFO - [2026-04-07T04:30:51.265+0530] {dagbag.py:588} INFO - Filling up the DagBag from /home/ubantu/miniconda3/envs/airflow-env/lib/python3.11/site-packages/airflow/example_dags/example_sla_dag.py
[2026-04-07T04:30:51.275+0530] {processor.py:925} INFO - DAG(s) 'example_sla_dag' retrieved from /home/ubantu/miniconda3/envs/airflow-env/lib/python3.11/site-packages/airflow/example_dags/example_sla_dag.py
[2026-04-07T04:30:51.289+0530] {logging_mixin.py:190} INFO - [2026-04-07T04:30:51.289+0530] {dag.py:3239} INFO - Sync 1 DAGs
[2026-04-07T04:30:51.318+0530] {logging_mixin.py:190} INFO - [2026-04-07T04:30:51.318+0530] {dag.py:4180} INFO - Setting next_dagrun for example_sla_dag to 2026-04-06 22:58:00+00:00, run_after=2026-04-06 23:00:00+00:00
[2026-04-07T04:30:51.367+0530] {processor.py:208} INFO - Processing /home/ubantu/miniconda3/envs/airflow-env/lib/python3.11/site-packages/airflow/example_dags/example_sla_dag.py took 0.113 seconds
[2026-04-07T04:31:49.858+0530] {processor.py:186} INFO - Started process (PID=7879) to work on /home/ubantu/miniconda3/envs/airflow-env/lib/python3.11/site-packages/airflow/example_dags/example_sla_dag.py
[2026-04-07T04:31:49.860+0530] {processor.py:914} INFO - Processing file /home/ubantu/miniconda3/envs/airflow-env/lib/python3.11/site-packages/airflow/example_dags/example_sla_dag.py for tasks to queue
[2026-04-07T04:31:49.862+0530] {logging_mixin.py:190} INFO - [2026-04-07T04:31:49.862+0530] {dagbag.py:588} INFO - Filling up the DagBag from /home/ubantu/miniconda3/envs/airflow-env/lib/python3.11/site-packages/airflow/example_dags/example_sla_dag.py
[2026-04-07T04:31:49.872+0530] {processor.py:925} INFO - DAG(s) 'example_sla_dag' retrieved from /home/ubantu/miniconda3/envs/airflow-env/lib/python3.11/site-packages/airflow/example_dags/example_sla_dag.py
[2026-04-07T04:31:49.887+0530] {logging_mixin.py:190} INFO - [2026-04-07T04:31:49.887+0530] {dag.py:3239} INFO - Sync 1 DAGs
[2026-04-07T04:31:49.912+0530] {logging_mixin.py:190} INFO - [2026-04-07T04:31:49.911+0530] {dag.py:4180} INFO - Setting next_dagrun for example_sla_dag to 2026-04-06 22:58:00+00:00, run_after=2026-04-06 23:00:00+00:00
[2026-04-07T04:31:49.950+0530] {processor.py:208} INFO - Processing /home/ubantu/miniconda3/envs/airflow-env/lib/python3.11/site-packages/airflow/example_dags/example_sla_dag.py took 0.099 seconds
[2026-04-07T04:32:47.231+0530] {processor.py:186} INFO - Started process (PID=7948) to work on /home/ubantu/miniconda3/envs/airflow-env/lib/python3.11/site-packages/airflow/example_dags/example_sla_dag.py
[2026-04-07T04:32:47.232+0530] {processor.py:914} INFO - Processing file /home/ubantu/miniconda3/envs/airflow-env/lib/python3.11/site-packages/airflow/example_dags/example_sla_dag.py for tasks to queue
[2026-04-07T04:32:47.235+0530] {logging_mixin.py:190} INFO - [2026-04-07T04:32:47.235+0530] {dagbag.py:588} INFO - Filling up the DagBag from /home/ubantu/miniconda3/envs/airflow-env/lib/python3.11/site-packages/airflow/example_dags/example_sla_dag.py
[2026-04-07T04:32:47.248+0530] {processor.py:925} INFO - DAG(s) 'example_sla_dag' retrieved from /home/ubantu/miniconda3/envs/airflow-env/lib/python3.11/site-packages/airflow/example_dags/example_sla_dag.py
[2026-04-07T04:32:47.264+0530] {logging_mixin.py:190} INFO - [2026-04-07T04:32:47.264+0530] {dag.py:3239} INFO - Sync 1 DAGs
[2026-04-07T04:32:47.287+0530] {logging_mixin.py:190} INFO - [2026-04-07T04:32:47.287+0530] {dag.py:4180} INFO - Setting next_dagrun for example_sla_dag to 2026-04-06 23:00:00+00:00, run_after=2026-04-06 23:02:00+00:00
[2026-04-07T04:32:47.305+0530] {processor.py:208} INFO - Processing /home/ubantu/miniconda3/envs/airflow-env/lib/python3.11/site-packages/airflow/example_dags/example_sla_dag.py took 0.082 seconds
[2026-04-07T04:33:41.390+0530] {processor.py:186} INFO - Started process (PID=8131) to work on /home/ubantu/miniconda3/envs/airflow-env/lib/python3.11/site-packages/airflow/example_dags/example_sla_dag.py
[2026-04-07T04:33:41.391+0530] {processor.py:914} INFO - Processing file /home/ubantu/miniconda3/envs/airflow-env/lib/python3.11/site-packages/airflow/example_dags/example_sla_dag.py for tasks to queue
[2026-04-07T04:33:41.394+0530] {logging_mixin.py:190} INFO - [2026-04-07T04:33:41.393+0530] {dagbag.py:588} INFO - Filling up the DagBag from /home/ubantu/miniconda3/envs/airflow-env/lib/python3.11/site-packages/airflow/example_dags/example_sla_dag.py
[2026-04-07T04:33:41.414+0530] {processor.py:925} INFO - DAG(s) 'example_sla_dag' retrieved from /home/ubantu/miniconda3/envs/airflow-env/lib/python3.11/site-packages/airflow/example_dags/example_sla_dag.py
[2026-04-07T04:33:41.431+0530] {logging_mixin.py:190} INFO - [2026-04-07T04:33:41.431+0530] {dag.py:3239} INFO - Sync 1 DAGs
[2026-04-07T04:33:41.452+0530] {logging_mixin.py:190} INFO - [2026-04-07T04:33:41.452+0530] {dag.py:4180} INFO - Setting next_dagrun for example_sla_dag to 2026-04-06 23:00:00+00:00, run_after=2026-04-06 23:02:00+00:00
[2026-04-07T04:33:41.470+0530] {processor.py:208} INFO - Processing /home/ubantu/miniconda3/envs/airflow-env/lib/python3.11/site-packages/airflow/example_dags/example_sla_dag.py took 0.088 seconds
[2026-04-07T04:34:35.375+0530] {processor.py:186} INFO - Started process (PID=8204) to work on /home/ubantu/miniconda3/envs/airflow-env/lib/python3.11/site-packages/airflow/example_dags/example_sla_dag.py
[2026-04-07T04:34:35.377+0530] {processor.py:914} INFO - Processing file /home/ubantu/miniconda3/envs/airflow-env/lib/python3.11/site-packages/airflow/example_dags/example_sla_dag.py for tasks to queue
[2026-04-07T04:34:35.380+0530] {logging_mixin.py:190} INFO - [2026-04-07T04:34:35.380+0530] {dagbag.py:588} INFO - Filling up the DagBag from /home/ubantu/miniconda3/envs/airflow-env/lib/python3.11/site-packages/airflow/example_dags/example_sla_dag.py
[2026-04-07T04:34:35.393+0530] {processor.py:925} INFO - DAG(s) 'example_sla_dag' retrieved from /home/ubantu/miniconda3/envs/airflow-env/lib/python3.11/site-packages/airflow/example_dags/example_sla_dag.py
[2026-04-07T04:34:35.406+0530] {logging_mixin.py:190} INFO - [2026-04-07T04:34:35.406+0530] {dag.py:3239} INFO - Sync 1 DAGs
[2026-04-07T04:34:35.426+0530] {logging_mixin.py:190} INFO - [2026-04-07T04:34:35.426+0530] {dag.py:4180} INFO - Setting next_dagrun for example_sla_dag to 2026-04-06 23:02:00+00:00, run_after=2026-04-06 23:04:00+00:00
[2026-04-07T04:34:35.443+0530] {processor.py:208} INFO - Processing /home/ubantu/miniconda3/envs/airflow-env/lib/python3.11/site-packages/airflow/example_dags/example_sla_dag.py took 0.079 seconds
[2026-04-07T04:35:29.051+0530] {processor.py:186} INFO - Started process (PID=8276) to work on /home/ubantu/miniconda3/envs/airflow-env/lib/python3.11/site-packages/airflow/example_dags/example_sla_dag.py
[2026-04-07T04:35:29.053+0530] {processor.py:914} INFO - Processing file /home/ubantu/miniconda3/envs/airflow-env/lib/python3.11/site-packages/airflow/example_dags/example_sla_dag.py for tasks to queue
[2026-04-07T04:35:29.056+0530] {logging_mixin.py:190} INFO - [2026-04-07T04:35:29.055+0530] {dagbag.py:588} INFO - Filling up the DagBag from /home/ubantu/miniconda3/envs/airflow-env/lib/python3.11/site-packages/airflow/example_dags/example_sla_dag.py
[2026-04-07T04:35:29.067+0530] {processor.py:925} INFO - DAG(s) 'example_sla_dag' retrieved from /home/ubantu/miniconda3/envs/airflow-env/lib/python3.11/site-packages/airflow/example_dags/example_sla_dag.py
[2026-04-07T04:35:29.080+0530] {logging_mixin.py:190} INFO - [2026-04-07T04:35:29.080+0530] {dag.py:3239} INFO - Sync 1 DAGs
[2026-04-07T04:35:29.101+0530] {logging_mixin.py:190} INFO - [2026-04-07T04:35:29.101+0530] {dag.py:4180} INFO - Setting next_dagrun for example_sla_dag to 2026-04-06 23:02:00+00:00, run_after=2026-04-06 23:04:00+00:00
[2026-04-07T04:35:29.118+0530] {processor.py:208} INFO - Processing /home/ubantu/miniconda3/envs/airflow-env/lib/python3.11/site-packages/airflow/example_dags/example_sla_dag.py took 0.080 seconds
[2026-04-07T04:36:22.729+0530] {processor.py:186} INFO - Started process (PID=8340) to work on /home/ubantu/miniconda3/envs/airflow-env/lib/python3.11/site-packages/airflow/example_dags/example_sla_dag.py
[2026-04-07T04:36:22.731+0530] {processor.py:914} INFO - Processing file /home/ubantu/miniconda3/envs/airflow-env/lib/python3.11/site-packages/airflow/example_dags/example_sla_dag.py for tasks to queue
[2026-04-07T04:36:22.734+0530] {logging_mixin.py:190} INFO - [2026-04-07T04:36:22.733+0530] {dagbag.py:588} INFO - Filling up the DagBag from /home/ubantu/miniconda3/envs/airflow-env/lib/python3.11/site-packages/airflow/example_dags/example_sla_dag.py
[2026-04-07T04:36:22.754+0530] {processor.py:925} INFO - DAG(s) 'example_sla_dag' retrieved from /home/ubantu/miniconda3/envs/airflow-env/lib/python3.11/site-packages/airflow/example_dags/example_sla_dag.py
[2026-04-07T04:36:22.774+0530] {logging_mixin.py:190} INFO - [2026-04-07T04:36:22.773+0530] {dag.py:3239} INFO - Sync 1 DAGs
[2026-04-07T04:36:22.797+0530] {logging_mixin.py:190} INFO - [2026-04-07T04:36:22.797+0530] {dag.py:4180} INFO - Setting next_dagrun for example_sla_dag to 2026-04-06 23:04:00+00:00, run_after=2026-04-06 23:06:00+00:00
[2026-04-07T04:36:22.819+0530] {processor.py:208} INFO - Processing /home/ubantu/miniconda3/envs/airflow-env/lib/python3.11/site-packages/airflow/example_dags/example_sla_dag.py took 0.102 seconds
[2026-04-07T04:37:17.321+0530] {processor.py:186} INFO - Started process (PID=8426) to work on /home/ubantu/miniconda3/envs/airflow-env/lib/python3.11/site-packages/airflow/example_dags/example_sla_dag.py
[2026-04-07T04:37:17.322+0530] {processor.py:914} INFO - Processing file /home/ubantu/miniconda3/envs/airflow-env/lib/python3.11/site-packages/airflow/example_dags/example_sla_dag.py for tasks to queue
[2026-04-07T04:37:17.325+0530] {logging_mixin.py:190} INFO - [2026-04-07T04:37:17.325+0530] {dagbag.py:588} INFO - Filling up the DagBag from /home/ubantu/miniconda3/envs/airflow-env/lib/python3.11/site-packages/airflow/example_dags/example_sla_dag.py
[2026-04-07T04:37:17.340+0530] {processor.py:925} INFO - DAG(s) 'example_sla_dag' retrieved from /home/ubantu/miniconda3/envs/airflow-env/lib/python3.11/site-packages/airflow/example_dags/example_sla_dag.py
[2026-04-07T04:37:17.360+0530] {logging_mixin.py:190} INFO - [2026-04-07T04:37:17.359+0530] {dag.py:3239} INFO - Sync 1 DAGs
[2026-04-07T04:37:17.390+0530] {logging_mixin.py:190} INFO - [2026-04-07T04:37:17.390+0530] {dag.py:4180} INFO - Setting next_dagrun for example_sla_dag to 2026-04-06 23:04:00+00:00, run_after=2026-04-06 23:06:00+00:00
[2026-04-07T04:37:17.417+0530] {processor.py:208} INFO - Processing /home/ubantu/miniconda3/envs/airflow-env/lib/python3.11/site-packages/airflow/example_dags/example_sla_dag.py took 0.104 seconds
[2026-04-07T04:38:18.938+0530] {processor.py:186} INFO - Started process (PID=8538) to work on /home/ubantu/miniconda3/envs/airflow-env/lib/python3.11/site-packages/airflow/example_dags/example_sla_dag.py
[2026-04-07T04:38:18.939+0530] {processor.py:914} INFO - Processing file /home/ubantu/miniconda3/envs/airflow-env/lib/python3.11/site-packages/airflow/example_dags/example_sla_dag.py for tasks to queue
[2026-04-07T04:38:18.940+0530] {logging_mixin.py:190} INFO - [2026-04-07T04:38:18.940+0530] {dagbag.py:588} INFO - Filling up the DagBag from /home/ubantu/miniconda3/envs/airflow-env/lib/python3.11/site-packages/airflow/example_dags/example_sla_dag.py
[2026-04-07T04:38:18.952+0530] {processor.py:925} INFO - DAG(s) 'example_sla_dag' retrieved from /home/ubantu/miniconda3/envs/airflow-env/lib/python3.11/site-packages/airflow/example_dags/example_sla_dag.py
[2026-04-07T04:38:18.966+0530] {logging_mixin.py:190} INFO - [2026-04-07T04:38:18.966+0530] {dag.py:3239} INFO - Sync 1 DAGs
[2026-04-07T04:38:18.987+0530] {logging_mixin.py:190} INFO - [2026-04-07T04:38:18.987+0530] {dag.py:4180} INFO - Setting next_dagrun for example_sla_dag to 2026-04-06 23:06:00+00:00, run_after=2026-04-06 23:08:00+00:00
[2026-04-07T04:38:19.004+0530] {processor.py:208} INFO - Processing /home/ubantu/miniconda3/envs/airflow-env/lib/python3.11/site-packages/airflow/example_dags/example_sla_dag.py took 0.071 seconds
[2026-04-07T04:39:19.855+0530] {processor.py:186} INFO - Started process (PID=8620) to work on /home/ubantu/miniconda3/envs/airflow-env/lib/python3.11/site-packages/airflow/example_dags/example_sla_dag.py
[2026-04-07T04:39:19.857+0530] {processor.py:914} INFO - Processing file /home/ubantu/miniconda3/envs/airflow-env/lib/python3.11/site-packages/airflow/example_dags/example_sla_dag.py for tasks to queue
[2026-04-07T04:39:19.858+0530] {logging_mixin.py:190} INFO - [2026-04-07T04:39:19.858+0530] {dagbag.py:588} INFO - Filling up the DagBag from /home/ubantu/miniconda3/envs/airflow-env/lib/python3.11/site-packages/airflow/example_dags/example_sla_dag.py
[2026-04-07T04:39:19.872+0530] {processor.py:925} INFO - DAG(s) 'example_sla_dag' retrieved from /home/ubantu/miniconda3/envs/airflow-env/lib/python3.11/site-packages/airflow/example_dags/example_sla_dag.py
[2026-04-07T04:39:19.896+0530] {logging_mixin.py:190} INFO - [2026-04-07T04:39:19.896+0530] {dag.py:3239} INFO - Sync 1 DAGs
[2026-04-07T04:39:19.934+0530] {logging_mixin.py:190} INFO - [2026-04-07T04:39:19.933+0530] {dag.py:4180} INFO - Setting next_dagrun for example_sla_dag to 2026-04-06 23:06:00+00:00, run_after=2026-04-06 23:08:00+00:00
[2026-04-07T04:39:19.966+0530] {processor.py:208} INFO - Processing /home/ubantu/miniconda3/envs/airflow-env/lib/python3.11/site-packages/airflow/example_dags/example_sla_dag.py took 0.118 seconds
[2026-04-07T04:40:17.146+0530] {processor.py:186} INFO - Started process (PID=8702) to work on /home/ubantu/miniconda3/envs/airflow-env/lib/python3.11/site-packages/airflow/example_dags/example_sla_dag.py
[2026-04-07T04:40:17.147+0530] {processor.py:914} INFO - Processing file /home/ubantu/miniconda3/envs/airflow-env/lib/python3.11/site-packages/airflow/example_dags/example_sla_dag.py for tasks to queue
[2026-04-07T04:40:17.148+0530] {logging_mixin.py:190} INFO - [2026-04-07T04:40:17.147+0530] {dagbag.py:588} INFO - Filling up the DagBag from /home/ubantu/miniconda3/envs/airflow-env/lib/python3.11/site-packages/airflow/example_dags/example_sla_dag.py
[2026-04-07T04:40:17.160+0530] {processor.py:925} INFO - DAG(s) 'example_sla_dag' retrieved from /home/ubantu/miniconda3/envs/airflow-env/lib/python3.11/site-packages/airflow/example_dags/example_sla_dag.py
[2026-04-07T04:40:17.175+0530] {logging_mixin.py:190} INFO - [2026-04-07T04:40:17.175+0530] {dag.py:3239} INFO - Sync 1 DAGs
[2026-04-07T04:40:17.196+0530] {logging_mixin.py:190} INFO - [2026-04-07T04:40:17.196+0530] {dag.py:4180} INFO - Setting next_dagrun for example_sla_dag to 2026-04-06 23:08:00+00:00, run_after=2026-04-06 23:10:00+00:00
[2026-04-07T04:40:17.214+0530] {processor.py:208} INFO - Processing /home/ubantu/miniconda3/envs/airflow-env/lib/python3.11/site-packages/airflow/example_dags/example_sla_dag.py took 0.074 seconds
[2026-04-07T04:41:16.063+0530] {processor.py:186} INFO - Started process (PID=8845) to work on /home/ubantu/miniconda3/envs/airflow-env/lib/python3.11/site-packages/airflow/example_dags/example_sla_dag.py
[2026-04-07T04:41:16.063+0530] {processor.py:914} INFO - Processing file /home/ubantu/miniconda3/envs/airflow-env/lib/python3.11/site-packages/airflow/example_dags/example_sla_dag.py for tasks to queue
[2026-04-07T04:41:16.065+0530] {logging_mixin.py:190} INFO - [2026-04-07T04:41:16.064+0530] {dagbag.py:588} INFO - Filling up the DagBag from /home/ubantu/miniconda3/envs/airflow-env/lib/python3.11/site-packages/airflow/example_dags/example_sla_dag.py
[2026-04-07T04:41:16.077+0530] {processor.py:925} INFO - DAG(s) 'example_sla_dag' retrieved from /home/ubantu/miniconda3/envs/airflow-env/lib/python3.11/site-packages/airflow/example_dags/example_sla_dag.py
[2026-04-07T04:41:16.090+0530] {logging_mixin.py:190} INFO - [2026-04-07T04:41:16.090+0530] {dag.py:3239} INFO - Sync 1 DAGs
[2026-04-07T04:41:16.112+0530] {logging_mixin.py:190} INFO - [2026-04-07T04:41:16.112+0530] {dag.py:4180} INFO - Setting next_dagrun for example_sla_dag to 2026-04-06 23:08:00+00:00, run_after=2026-04-06 23:10:00+00:00
[2026-04-07T04:41:16.131+0530] {processor.py:208} INFO - Processing /home/ubantu/miniconda3/envs/airflow-env/lib/python3.11/site-packages/airflow/example_dags/example_sla_dag.py took 0.074 seconds
[2026-04-07T04:41:19.632+0530] {processor.py:186} INFO - Started process (PID=8852) to work on /home/ubantu/miniconda3/envs/airflow-env/lib/python3.11/site-packages/airflow/example_dags/example_sla_dag.py
[2026-04-07T04:41:19.633+0530] {processor.py:914} INFO - Processing file /home/ubantu/miniconda3/envs/airflow-env/lib/python3.11/site-packages/airflow/example_dags/example_sla_dag.py for tasks to queue
[2026-04-07T04:41:19.636+0530] {logging_mixin.py:190} INFO - [2026-04-07T04:41:19.635+0530] {dagbag.py:588} INFO - Filling up the DagBag from /home/ubantu/miniconda3/envs/airflow-env/lib/python3.11/site-packages/airflow/example_dags/example_sla_dag.py
[2026-04-07T04:41:19.650+0530] {processor.py:925} INFO - DAG(s) 'example_sla_dag' retrieved from /home/ubantu/miniconda3/envs/airflow-env/lib/python3.11/site-packages/airflow/example_dags/example_sla_dag.py
[2026-04-07T04:41:19.672+0530] {logging_mixin.py:190} INFO - [2026-04-07T04:41:19.672+0530] {dag.py:3239} INFO - Sync 1 DAGs
[2026-04-07T04:41:19.692+0530] {logging_mixin.py:190} INFO - [2026-04-07T04:41:19.692+0530] {dag.py:4180} INFO - Setting next_dagrun for example_sla_dag to 2026-04-06 23:08:00+00:00, run_after=2026-04-06 23:10:00+00:00
[2026-04-07T04:41:19.709+0530] {processor.py:208} INFO - Processing /home/ubantu/miniconda3/envs/airflow-env/lib/python3.11/site-packages/airflow/example_dags/example_sla_dag.py took 0.084 seconds
[2026-04-07T04:42:12.959+0530] {processor.py:186} INFO - Started process (PID=8987) to work on /home/ubantu/miniconda3/envs/airflow-env/lib/python3.11/site-packages/airflow/example_dags/example_sla_dag.py
[2026-04-07T04:42:12.960+0530] {processor.py:914} INFO - Processing file /home/ubantu/miniconda3/envs/airflow-env/lib/python3.11/site-packages/airflow/example_dags/example_sla_dag.py for tasks to queue
[2026-04-07T04:42:12.962+0530] {logging_mixin.py:190} INFO - [2026-04-07T04:42:12.962+0530] {dagbag.py:588} INFO - Filling up the DagBag from /home/ubantu/miniconda3/envs/airflow-env/lib/python3.11/site-packages/airflow/example_dags/example_sla_dag.py
[2026-04-07T04:42:12.978+0530] {processor.py:925} INFO - DAG(s) 'example_sla_dag' retrieved from /home/ubantu/miniconda3/envs/airflow-env/lib/python3.11/site-packages/airflow/example_dags/example_sla_dag.py
[2026-04-07T04:42:12.997+0530] {logging_mixin.py:190} INFO - [2026-04-07T04:42:12.996+0530] {dag.py:3239} INFO - Sync 1 DAGs
[2026-04-07T04:42:13.020+0530] {logging_mixin.py:190} INFO - [2026-04-07T04:42:13.020+0530] {dag.py:4180} INFO - Setting next_dagrun for example_sla_dag to 2026-04-06 23:10:00+00:00, run_after=2026-04-06 23:12:00+00:00
[2026-04-07T04:42:13.046+0530] {processor.py:208} INFO - Processing /home/ubantu/miniconda3/envs/airflow-env/lib/python3.11/site-packages/airflow/example_dags/example_sla_dag.py took 0.095 seconds
[2026-04-07T04:42:13.058+0530] {processor.py:186} INFO - Started process (PID=8988) to work on /home/ubantu/miniconda3/envs/airflow-env/lib/python3.11/site-packages/airflow/example_dags/example_sla_dag.py
[2026-04-07T04:42:13.059+0530] {processor.py:914} INFO - Processing file /home/ubantu/miniconda3/envs/airflow-env/lib/python3.11/site-packages/airflow/example_dags/example_sla_dag.py for tasks to queue
[2026-04-07T04:42:13.061+0530] {logging_mixin.py:190} INFO - [2026-04-07T04:42:13.061+0530] {dagbag.py:588} INFO - Filling up the DagBag from /home/ubantu/miniconda3/envs/airflow-env/lib/python3.11/site-packages/airflow/example_dags/example_sla_dag.py
[2026-04-07T04:42:13.072+0530] {processor.py:925} INFO - DAG(s) 'example_sla_dag' retrieved from /home/ubantu/miniconda3/envs/airflow-env/lib/python3.11/site-packages/airflow/example_dags/example_sla_dag.py
[2026-04-07T04:42:13.093+0530] {logging_mixin.py:190} INFO - [2026-04-07T04:42:13.093+0530] {dag.py:3239} INFO - Sync 1 DAGs
[2026-04-07T04:42:13.117+0530] {logging_mixin.py:190} INFO - [2026-04-07T04:42:13.117+0530] {dag.py:4180} INFO - Setting next_dagrun for example_sla_dag to 2026-04-06 23:10:00+00:00, run_after=2026-04-06 23:12:00+00:00
[2026-04-07T04:42:13.135+0530] {processor.py:208} INFO - Processing /home/ubantu/miniconda3/envs/airflow-env/lib/python3.11/site-packages/airflow/example_dags/example_sla_dag.py took 0.084 seconds
[2026-04-07T04:43:04.481+0530] {processor.py:186} INFO - Started process (PID=9130) to work on /home/ubantu/miniconda3/envs/airflow-env/lib/python3.11/site-packages/airflow/example_dags/example_sla_dag.py
[2026-04-07T04:43:04.483+0530] {processor.py:914} INFO - Processing file /home/ubantu/miniconda3/envs/airflow-env/lib/python3.11/site-packages/airflow/example_dags/example_sla_dag.py for tasks to queue
[2026-04-07T04:43:04.485+0530] {logging_mixin.py:190} INFO - [2026-04-07T04:43:04.484+0530] {dagbag.py:588} INFO - Filling up the DagBag from /home/ubantu/miniconda3/envs/airflow-env/lib/python3.11/site-packages/airflow/example_dags/example_sla_dag.py
[2026-04-07T04:43:04.501+0530] {processor.py:925} INFO - DAG(s) 'example_sla_dag' retrieved from /home/ubantu/miniconda3/envs/airflow-env/lib/python3.11/site-packages/airflow/example_dags/example_sla_dag.py
[2026-04-07T04:43:04.519+0530] {logging_mixin.py:190} INFO - [2026-04-07T04:43:04.519+0530] {dag.py:3239} INFO - Sync 1 DAGs
[2026-04-07T04:43:04.546+0530] {logging_mixin.py:190} INFO - [2026-04-07T04:43:04.546+0530] {dag.py:4180} INFO - Setting next_dagrun for example_sla_dag to 2026-04-06 23:10:00+00:00, run_after=2026-04-06 23:12:00+00:00
[2026-04-07T04:43:04.563+0530] {processor.py:208} INFO - Processing /home/ubantu/miniconda3/envs/airflow-env/lib/python3.11/site-packages/airflow/example_dags/example_sla_dag.py took 0.089 seconds
[2026-04-07T04:43:11.451+0530] {processor.py:186} INFO - Started process (PID=9146) to work on /home/ubantu/miniconda3/envs/airflow-env/lib/python3.11/site-packages/airflow/example_dags/example_sla_dag.py
[2026-04-07T04:43:11.452+0530] {processor.py:914} INFO - Processing file /home/ubantu/miniconda3/envs/airflow-env/lib/python3.11/site-packages/airflow/example_dags/example_sla_dag.py for tasks to queue
[2026-04-07T04:43:11.455+0530] {logging_mixin.py:190} INFO - [2026-04-07T04:43:11.454+0530] {dagbag.py:588} INFO - Filling up the DagBag from /home/ubantu/miniconda3/envs/airflow-env/lib/python3.11/site-packages/airflow/example_dags/example_sla_dag.py
[2026-04-07T04:43:11.466+0530] {processor.py:925} INFO - DAG(s) 'example_sla_dag' retrieved from /home/ubantu/miniconda3/envs/airflow-env/lib/python3.11/site-packages/airflow/example_dags/example_sla_dag.py
[2026-04-07T04:43:11.479+0530] {logging_mixin.py:190} INFO - [2026-04-07T04:43:11.479+0530] {dag.py:3239} INFO - Sync 1 DAGs
[2026-04-07T04:43:11.504+0530] {logging_mixin.py:190} INFO - [2026-04-07T04:43:11.503+0530] {dag.py:4180} INFO - Setting next_dagrun for example_sla_dag to 2026-04-06 23:10:00+00:00, run_after=2026-04-06 23:12:00+00:00
[2026-04-07T04:43:11.525+0530] {processor.py:208} INFO - Processing /home/ubantu/miniconda3/envs/airflow-env/lib/python3.11/site-packages/airflow/example_dags/example_sla_dag.py took 0.081 seconds
[2026-04-07T04:43:56.682+0530] {processor.py:186} INFO - Started process (PID=9259) to work on /home/ubantu/miniconda3/envs/airflow-env/lib/python3.11/site-packages/airflow/example_dags/example_sla_dag.py
[2026-04-07T04:43:56.683+0530] {processor.py:914} INFO - Processing file /home/ubantu/miniconda3/envs/airflow-env/lib/python3.11/site-packages/airflow/example_dags/example_sla_dag.py for tasks to queue
[2026-04-07T04:43:56.685+0530] {logging_mixin.py:190} INFO - [2026-04-07T04:43:56.684+0530] {dagbag.py:588} INFO - Filling up the DagBag from /home/ubantu/miniconda3/envs/airflow-env/lib/python3.11/site-packages/airflow/example_dags/example_sla_dag.py
[2026-04-07T04:43:56.698+0530] {processor.py:925} INFO - DAG(s) 'example_sla_dag' retrieved from /home/ubantu/miniconda3/envs/airflow-env/lib/python3.11/site-packages/airflow/example_dags/example_sla_dag.py
[2026-04-07T04:43:56.715+0530] {logging_mixin.py:190} INFO - [2026-04-07T04:43:56.715+0530] {dag.py:3239} INFO - Sync 1 DAGs
[2026-04-07T04:43:56.736+0530] {logging_mixin.py:190} INFO - [2026-04-07T04:43:56.736+0530] {dag.py:4180} INFO - Setting next_dagrun for example_sla_dag to 2026-04-06 23:10:00+00:00, run_after=2026-04-06 23:12:00+00:00
[2026-04-07T04:43:56.754+0530] {processor.py:208} INFO - Processing /home/ubantu/miniconda3/envs/airflow-env/lib/python3.11/site-packages/airflow/example_dags/example_sla_dag.py took 0.080 seconds
[2026-04-07T04:44:08.598+0530] {processor.py:186} INFO - Started process (PID=9289) to work on /home/ubantu/miniconda3/envs/airflow-env/lib/python3.11/site-packages/airflow/example_dags/example_sla_dag.py
[2026-04-07T04:44:08.599+0530] {processor.py:914} INFO - Processing file /home/ubantu/miniconda3/envs/airflow-env/lib/python3.11/site-packages/airflow/example_dags/example_sla_dag.py for tasks to queue
[2026-04-07T04:44:08.601+0530] {logging_mixin.py:190} INFO - [2026-04-07T04:44:08.601+0530] {dagbag.py:588} INFO - Filling up the DagBag from /home/ubantu/miniconda3/envs/airflow-env/lib/python3.11/site-packages/airflow/example_dags/example_sla_dag.py
[2026-04-07T04:44:08.610+0530] {processor.py:925} INFO - DAG(s) 'example_sla_dag' retrieved from /home/ubantu/miniconda3/envs/airflow-env/lib/python3.11/site-packages/airflow/example_dags/example_sla_dag.py
[2026-04-07T04:44:08.623+0530] {logging_mixin.py:190} INFO - [2026-04-07T04:44:08.622+0530] {dag.py:3239} INFO - Sync 1 DAGs
[2026-04-07T04:44:08.642+0530] {logging_mixin.py:190} INFO - [2026-04-07T04:44:08.641+0530] {dag.py:4180} INFO - Setting next_dagrun for example_sla_dag to 2026-04-06 23:12:00+00:00, run_after=2026-04-06 23:14:00+00:00
[2026-04-07T04:44:08.751+0530] {processor.py:208} INFO - Processing /home/ubantu/miniconda3/envs/airflow-env/lib/python3.11/site-packages/airflow/example_dags/example_sla_dag.py took 0.159 seconds
[2026-04-07T04:44:53.859+0530] {processor.py:186} INFO - Started process (PID=9383) to work on /home/ubantu/miniconda3/envs/airflow-env/lib/python3.11/site-packages/airflow/example_dags/example_sla_dag.py
[2026-04-07T04:44:53.860+0530] {processor.py:914} INFO - Processing file /home/ubantu/miniconda3/envs/airflow-env/lib/python3.11/site-packages/airflow/example_dags/example_sla_dag.py for tasks to queue
[2026-04-07T04:44:53.861+0530] {logging_mixin.py:190} INFO - [2026-04-07T04:44:53.861+0530] {dagbag.py:588} INFO - Filling up the DagBag from /home/ubantu/miniconda3/envs/airflow-env/lib/python3.11/site-packages/airflow/example_dags/example_sla_dag.py
[2026-04-07T04:44:53.872+0530] {processor.py:925} INFO - DAG(s) 'example_sla_dag' retrieved from /home/ubantu/miniconda3/envs/airflow-env/lib/python3.11/site-packages/airflow/example_dags/example_sla_dag.py
[2026-04-07T04:44:53.887+0530] {logging_mixin.py:190} INFO - [2026-04-07T04:44:53.886+0530] {dag.py:3239} INFO - Sync 1 DAGs
[2026-04-07T04:44:53.909+0530] {logging_mixin.py:190} INFO - [2026-04-07T04:44:53.909+0530] {dag.py:4180} INFO - Setting next_dagrun for example_sla_dag to 2026-04-06 23:12:00+00:00, run_after=2026-04-06 23:14:00+00:00
[2026-04-07T04:44:53.927+0530] {processor.py:208} INFO - Processing /home/ubantu/miniconda3/envs/airflow-env/lib/python3.11/site-packages/airflow/example_dags/example_sla_dag.py took 0.074 seconds
[2026-04-07T04:45:09.488+0530] {processor.py:186} INFO - Started process (PID=9424) to work on /home/ubantu/miniconda3/envs/airflow-env/lib/python3.11/site-packages/airflow/example_dags/example_sla_dag.py
[2026-04-07T04:45:09.489+0530] {processor.py:914} INFO - Processing file /home/ubantu/miniconda3/envs/airflow-env/lib/python3.11/site-packages/airflow/example_dags/example_sla_dag.py for tasks to queue
[2026-04-07T04:45:09.491+0530] {logging_mixin.py:190} INFO - [2026-04-07T04:45:09.491+0530] {dagbag.py:588} INFO - Filling up the DagBag from /home/ubantu/miniconda3/envs/airflow-env/lib/python3.11/site-packages/airflow/example_dags/example_sla_dag.py
[2026-04-07T04:45:09.501+0530] {processor.py:925} INFO - DAG(s) 'example_sla_dag' retrieved from /home/ubantu/miniconda3/envs/airflow-env/lib/python3.11/site-packages/airflow/example_dags/example_sla_dag.py
[2026-04-07T04:45:09.516+0530] {logging_mixin.py:190} INFO - [2026-04-07T04:45:09.515+0530] {dag.py:3239} INFO - Sync 1 DAGs
[2026-04-07T04:45:09.536+0530] {logging_mixin.py:190} INFO - [2026-04-07T04:45:09.535+0530] {dag.py:4180} INFO - Setting next_dagrun for example_sla_dag to 2026-04-06 23:12:00+00:00, run_after=2026-04-06 23:14:00+00:00
[2026-04-07T04:45:09.552+0530] {processor.py:208} INFO - Processing /home/ubantu/miniconda3/envs/airflow-env/lib/python3.11/site-packages/airflow/example_dags/example_sla_dag.py took 0.071 seconds
[2026-04-07T04:45:48.218+0530] {processor.py:186} INFO - Started process (PID=9508) to work on /home/ubantu/miniconda3/envs/airflow-env/lib/python3.11/site-packages/airflow/example_dags/example_sla_dag.py
[2026-04-07T04:45:48.219+0530] {processor.py:914} INFO - Processing file /home/ubantu/miniconda3/envs/airflow-env/lib/python3.11/site-packages/airflow/example_dags/example_sla_dag.py for tasks to queue
[2026-04-07T04:45:48.221+0530] {logging_mixin.py:190} INFO - [2026-04-07T04:45:48.220+0530] {dagbag.py:588} INFO - Filling up the DagBag from /home/ubantu/miniconda3/envs/airflow-env/lib/python3.11/site-packages/airflow/example_dags/example_sla_dag.py
[2026-04-07T04:45:48.232+0530] {processor.py:925} INFO - DAG(s) 'example_sla_dag' retrieved from /home/ubantu/miniconda3/envs/airflow-env/lib/python3.11/site-packages/airflow/example_dags/example_sla_dag.py
[2026-04-07T04:45:48.246+0530] {logging_mixin.py:190} INFO - [2026-04-07T04:45:48.246+0530] {dag.py:3239} INFO - Sync 1 DAGs
[2026-04-07T04:45:48.268+0530] {logging_mixin.py:190} INFO - [2026-04-07T04:45:48.268+0530] {dag.py:4180} INFO - Setting next_dagrun for example_sla_dag to 2026-04-06 23:12:00+00:00, run_after=2026-04-06 23:14:00+00:00
[2026-04-07T04:45:48.286+0530] {processor.py:208} INFO - Processing /home/ubantu/miniconda3/envs/airflow-env/lib/python3.11/site-packages/airflow/example_dags/example_sla_dag.py took 0.074 seconds
[2026-04-07T04:46:05.004+0530] {processor.py:186} INFO - Started process (PID=9549) to work on /home/ubantu/miniconda3/envs/airflow-env/lib/python3.11/site-packages/airflow/example_dags/example_sla_dag.py
[2026-04-07T04:46:05.005+0530] {processor.py:914} INFO - Processing file /home/ubantu/miniconda3/envs/airflow-env/lib/python3.11/site-packages/airflow/example_dags/example_sla_dag.py for tasks to queue
[2026-04-07T04:46:05.007+0530] {logging_mixin.py:190} INFO - [2026-04-07T04:46:05.007+0530] {dagbag.py:588} INFO - Filling up the DagBag from /home/ubantu/miniconda3/envs/airflow-env/lib/python3.11/site-packages/airflow/example_dags/example_sla_dag.py
[2026-04-07T04:46:05.017+0530] {processor.py:925} INFO - DAG(s) 'example_sla_dag' retrieved from /home/ubantu/miniconda3/envs/airflow-env/lib/python3.11/site-packages/airflow/example_dags/example_sla_dag.py
[2026-04-07T04:46:05.031+0530] {logging_mixin.py:190} INFO - [2026-04-07T04:46:05.031+0530] {dag.py:3239} INFO - Sync 1 DAGs
[2026-04-07T04:46:05.050+0530] {logging_mixin.py:190} INFO - [2026-04-07T04:46:05.050+0530] {dag.py:4180} INFO - Setting next_dagrun for example_sla_dag to 2026-04-06 23:14:00+00:00, run_after=2026-04-06 23:16:00+00:00
[2026-04-07T04:46:05.066+0530] {processor.py:208} INFO - Processing /home/ubantu/miniconda3/envs/airflow-env/lib/python3.11/site-packages/airflow/example_dags/example_sla_dag.py took 0.069 seconds
[2026-04-07T04:46:39.872+0530] {processor.py:186} INFO - Started process (PID=9623) to work on /home/ubantu/miniconda3/envs/airflow-env/lib/python3.11/site-packages/airflow/example_dags/example_sla_dag.py
[2026-04-07T04:46:39.873+0530] {processor.py:914} INFO - Processing file /home/ubantu/miniconda3/envs/airflow-env/lib/python3.11/site-packages/airflow/example_dags/example_sla_dag.py for tasks to queue
[2026-04-07T04:46:39.875+0530] {logging_mixin.py:190} INFO - [2026-04-07T04:46:39.874+0530] {dagbag.py:588} INFO - Filling up the DagBag from /home/ubantu/miniconda3/envs/airflow-env/lib/python3.11/site-packages/airflow/example_dags/example_sla_dag.py
[2026-04-07T04:46:39.887+0530] {processor.py:925} INFO - DAG(s) 'example_sla_dag' retrieved from /home/ubantu/miniconda3/envs/airflow-env/lib/python3.11/site-packages/airflow/example_dags/example_sla_dag.py
[2026-04-07T04:46:39.902+0530] {logging_mixin.py:190} INFO - [2026-04-07T04:46:39.902+0530] {dag.py:3239} INFO - Sync 1 DAGs
[2026-04-07T04:46:39.921+0530] {logging_mixin.py:190} INFO - [2026-04-07T04:46:39.921+0530] {dag.py:4180} INFO - Setting next_dagrun for example_sla_dag to 2026-04-06 23:14:00+00:00, run_after=2026-04-06 23:16:00+00:00
[2026-04-07T04:46:39.938+0530] {processor.py:208} INFO - Processing /home/ubantu/miniconda3/envs/airflow-env/lib/python3.11/site-packages/airflow/example_dags/example_sla_dag.py took 0.072 seconds
[2026-04-07T04:46:57.845+0530] {processor.py:186} INFO - Started process (PID=9661) to work on /home/ubantu/miniconda3/envs/airflow-env/lib/python3.11/site-packages/airflow/example_dags/example_sla_dag.py
[2026-04-07T04:46:57.846+0530] {processor.py:914} INFO - Processing file /home/ubantu/miniconda3/envs/airflow-env/lib/python3.11/site-packages/airflow/example_dags/example_sla_dag.py for tasks to queue
[2026-04-07T04:46:57.848+0530] {logging_mixin.py:190} INFO - [2026-04-07T04:46:57.847+0530] {dagbag.py:588} INFO - Filling up the DagBag from /home/ubantu/miniconda3/envs/airflow-env/lib/python3.11/site-packages/airflow/example_dags/example_sla_dag.py
[2026-04-07T04:46:57.859+0530] {processor.py:925} INFO - DAG(s) 'example_sla_dag' retrieved from /home/ubantu/miniconda3/envs/airflow-env/lib/python3.11/site-packages/airflow/example_dags/example_sla_dag.py
[2026-04-07T04:46:57.874+0530] {logging_mixin.py:190} INFO - [2026-04-07T04:46:57.874+0530] {dag.py:3239} INFO - Sync 1 DAGs
[2026-04-07T04:46:57.895+0530] {logging_mixin.py:190} INFO - [2026-04-07T04:46:57.895+0530] {dag.py:4180} INFO - Setting next_dagrun for example_sla_dag to 2026-04-06 23:14:00+00:00, run_after=2026-04-06 23:16:00+00:00
[2026-04-07T04:46:57.912+0530] {processor.py:208} INFO - Processing /home/ubantu/miniconda3/envs/airflow-env/lib/python3.11/site-packages/airflow/example_dags/example_sla_dag.py took 0.074 seconds
[2026-04-07T04:47:32.340+0530] {processor.py:186} INFO - Started process (PID=9756) to work on /home/ubantu/miniconda3/envs/airflow-env/lib/python3.11/site-packages/airflow/example_dags/example_sla_dag.py
[2026-04-07T04:47:32.342+0530] {processor.py:914} INFO - Processing file /home/ubantu/miniconda3/envs/airflow-env/lib/python3.11/site-packages/airflow/example_dags/example_sla_dag.py for tasks to queue
[2026-04-07T04:47:32.343+0530] {logging_mixin.py:190} INFO - [2026-04-07T04:47:32.342+0530] {dagbag.py:588} INFO - Filling up the DagBag from /home/ubantu/miniconda3/envs/airflow-env/lib/python3.11/site-packages/airflow/example_dags/example_sla_dag.py
[2026-04-07T04:47:32.353+0530] {processor.py:925} INFO - DAG(s) 'example_sla_dag' retrieved from /home/ubantu/miniconda3/envs/airflow-env/lib/python3.11/site-packages/airflow/example_dags/example_sla_dag.py
[2026-04-07T04:47:32.367+0530] {logging_mixin.py:190} INFO - [2026-04-07T04:47:32.366+0530] {dag.py:3239} INFO - Sync 1 DAGs
[2026-04-07T04:47:32.388+0530] {logging_mixin.py:190} INFO - [2026-04-07T04:47:32.388+0530] {dag.py:4180} INFO - Setting next_dagrun for example_sla_dag to 2026-04-06 23:14:00+00:00, run_after=2026-04-06 23:16:00+00:00
[2026-04-07T04:47:32.406+0530] {processor.py:208} INFO - Processing /home/ubantu/miniconda3/envs/airflow-env/lib/python3.11/site-packages/airflow/example_dags/example_sla_dag.py took 0.071 seconds
[2026-04-07T04:47:56.259+0530] {processor.py:186} INFO - Started process (PID=9805) to work on /home/ubantu/miniconda3/envs/airflow-env/lib/python3.11/site-packages/airflow/example_dags/example_sla_dag.py
[2026-04-07T04:47:56.261+0530] {processor.py:914} INFO - Processing file /home/ubantu/miniconda3/envs/airflow-env/lib/python3.11/site-packages/airflow/example_dags/example_sla_dag.py for tasks to queue
[2026-04-07T04:47:56.263+0530] {logging_mixin.py:190} INFO - [2026-04-07T04:47:56.263+0530] {dagbag.py:588} INFO - Filling up the DagBag from /home/ubantu/miniconda3/envs/airflow-env/lib/python3.11/site-packages/airflow/example_dags/example_sla_dag.py
[2026-04-07T04:47:56.278+0530] {processor.py:925} INFO - DAG(s) 'example_sla_dag' retrieved from /home/ubantu/miniconda3/envs/airflow-env/lib/python3.11/site-packages/airflow/example_dags/example_sla_dag.py
[2026-04-07T04:47:56.297+0530] {logging_mixin.py:190} INFO - [2026-04-07T04:47:56.297+0530] {dag.py:3239} INFO - Sync 1 DAGs
[2026-04-07T04:47:56.317+0530] {logging_mixin.py:190} INFO - [2026-04-07T04:47:56.317+0530] {dag.py:4180} INFO - Setting next_dagrun for example_sla_dag to 2026-04-06 23:14:00+00:00, run_after=2026-04-06 23:16:00+00:00
[2026-04-07T04:47:56.335+0530] {processor.py:208} INFO - Processing /home/ubantu/miniconda3/envs/airflow-env/lib/python3.11/site-packages/airflow/example_dags/example_sla_dag.py took 0.086 seconds
[2026-04-07T05:10:00.549+0530] {processor.py:186} INFO - Started process (PID=10970) to work on /home/ubantu/miniconda3/envs/airflow-env/lib/python3.11/site-packages/airflow/example_dags/example_sla_dag.py
[2026-04-07T05:10:00.550+0530] {processor.py:914} INFO - Processing file /home/ubantu/miniconda3/envs/airflow-env/lib/python3.11/site-packages/airflow/example_dags/example_sla_dag.py for tasks to queue
[2026-04-07T05:10:00.552+0530] {logging_mixin.py:190} INFO - [2026-04-07T05:10:00.552+0530] {dagbag.py:588} INFO - Filling up the DagBag from /home/ubantu/miniconda3/envs/airflow-env/lib/python3.11/site-packages/airflow/example_dags/example_sla_dag.py
[2026-04-07T05:10:00.563+0530] {processor.py:925} INFO - DAG(s) 'example_sla_dag' retrieved from /home/ubantu/miniconda3/envs/airflow-env/lib/python3.11/site-packages/airflow/example_dags/example_sla_dag.py
[2026-04-07T05:10:00.646+0530] {logging_mixin.py:190} INFO - [2026-04-07T05:10:00.646+0530] {dag.py:3239} INFO - Sync 1 DAGs
[2026-04-07T05:10:00.663+0530] {logging_mixin.py:190} INFO - [2026-04-07T05:10:00.663+0530] {dag.py:4180} INFO - Setting next_dagrun for example_sla_dag to 2026-04-06 23:38:00+00:00, run_after=2026-04-06 23:40:00+00:00
[2026-04-07T05:10:00.679+0530] {processor.py:208} INFO - Processing /home/ubantu/miniconda3/envs/airflow-env/lib/python3.11/site-packages/airflow/example_dags/example_sla_dag.py took 0.137 seconds
[2026-04-07T05:11:30.623+0530] {processor.py:186} INFO - Started process (PID=11123) to work on /home/ubantu/miniconda3/envs/airflow-env/lib/python3.11/site-packages/airflow/example_dags/example_sla_dag.py
[2026-04-07T05:11:30.624+0530] {processor.py:914} INFO - Processing file /home/ubantu/miniconda3/envs/airflow-env/lib/python3.11/site-packages/airflow/example_dags/example_sla_dag.py for tasks to queue
[2026-04-07T05:11:30.626+0530] {logging_mixin.py:190} INFO - [2026-04-07T05:11:30.625+0530] {dagbag.py:588} INFO - Filling up the DagBag from /home/ubantu/miniconda3/envs/airflow-env/lib/python3.11/site-packages/airflow/example_dags/example_sla_dag.py
[2026-04-07T05:11:30.637+0530] {processor.py:925} INFO - DAG(s) 'example_sla_dag' retrieved from /home/ubantu/miniconda3/envs/airflow-env/lib/python3.11/site-packages/airflow/example_dags/example_sla_dag.py
[2026-04-07T05:11:30.655+0530] {logging_mixin.py:190} INFO - [2026-04-07T05:11:30.655+0530] {dag.py:3239} INFO - Sync 1 DAGs
[2026-04-07T05:11:30.677+0530] {logging_mixin.py:190} INFO - [2026-04-07T05:11:30.677+0530] {dag.py:4180} INFO - Setting next_dagrun for example_sla_dag to 2026-04-06 23:38:00+00:00, run_after=2026-04-06 23:40:00+00:00
[2026-04-07T05:11:30.693+0530] {processor.py:208} INFO - Processing /home/ubantu/miniconda3/envs/airflow-env/lib/python3.11/site-packages/airflow/example_dags/example_sla_dag.py took 0.077 seconds
[2026-04-07T05:12:29.128+0530] {processor.py:186} INFO - Started process (PID=11205) to work on /home/ubantu/miniconda3/envs/airflow-env/lib/python3.11/site-packages/airflow/example_dags/example_sla_dag.py
[2026-04-07T05:12:29.130+0530] {processor.py:914} INFO - Processing file /home/ubantu/miniconda3/envs/airflow-env/lib/python3.11/site-packages/airflow/example_dags/example_sla_dag.py for tasks to queue
[2026-04-07T05:12:29.133+0530] {logging_mixin.py:190} INFO - [2026-04-07T05:12:29.132+0530] {dagbag.py:588} INFO - Filling up the DagBag from /home/ubantu/miniconda3/envs/airflow-env/lib/python3.11/site-packages/airflow/example_dags/example_sla_dag.py
[2026-04-07T05:12:29.148+0530] {processor.py:925} INFO - DAG(s) 'example_sla_dag' retrieved from /home/ubantu/miniconda3/envs/airflow-env/lib/python3.11/site-packages/airflow/example_dags/example_sla_dag.py
[2026-04-07T05:12:29.164+0530] {logging_mixin.py:190} INFO - [2026-04-07T05:12:29.164+0530] {dag.py:3239} INFO - Sync 1 DAGs
[2026-04-07T05:12:29.185+0530] {logging_mixin.py:190} INFO - [2026-04-07T05:12:29.185+0530] {dag.py:4180} INFO - Setting next_dagrun for example_sla_dag to 2026-04-06 23:40:00+00:00, run_after=2026-04-06 23:42:00+00:00
[2026-04-07T05:12:29.203+0530] {processor.py:208} INFO - Processing /home/ubantu/miniconda3/envs/airflow-env/lib/python3.11/site-packages/airflow/example_dags/example_sla_dag.py took 0.083 seconds
[2026-04-07T05:13:29.998+0530] {processor.py:186} INFO - Started process (PID=11296) to work on /home/ubantu/miniconda3/envs/airflow-env/lib/python3.11/site-packages/airflow/example_dags/example_sla_dag.py
[2026-04-07T05:13:29.999+0530] {processor.py:914} INFO - Processing file /home/ubantu/miniconda3/envs/airflow-env/lib/python3.11/site-packages/airflow/example_dags/example_sla_dag.py for tasks to queue
[2026-04-07T05:13:30.002+0530] {logging_mixin.py:190} INFO - [2026-04-07T05:13:30.001+0530] {dagbag.py:588} INFO - Filling up the DagBag from /home/ubantu/miniconda3/envs/airflow-env/lib/python3.11/site-packages/airflow/example_dags/example_sla_dag.py
[2026-04-07T05:13:30.014+0530] {processor.py:925} INFO - DAG(s) 'example_sla_dag' retrieved from /home/ubantu/miniconda3/envs/airflow-env/lib/python3.11/site-packages/airflow/example_dags/example_sla_dag.py
[2026-04-07T05:13:30.030+0530] {logging_mixin.py:190} INFO - [2026-04-07T05:13:30.030+0530] {dag.py:3239} INFO - Sync 1 DAGs
[2026-04-07T05:13:30.052+0530] {logging_mixin.py:190} INFO - [2026-04-07T05:13:30.052+0530] {dag.py:4180} INFO - Setting next_dagrun for example_sla_dag to 2026-04-06 23:40:00+00:00, run_after=2026-04-06 23:42:00+00:00
[2026-04-07T05:13:30.163+0530] {processor.py:208} INFO - Processing /home/ubantu/miniconda3/envs/airflow-env/lib/python3.11/site-packages/airflow/example_dags/example_sla_dag.py took 0.173 seconds
[2026-04-07T05:17:40.022+0530] {processor.py:186} INFO - Started process (PID=11573) to work on /home/ubantu/miniconda3/envs/airflow-env/lib/python3.11/site-packages/airflow/example_dags/example_sla_dag.py
[2026-04-07T05:17:40.023+0530] {processor.py:914} INFO - Processing file /home/ubantu/miniconda3/envs/airflow-env/lib/python3.11/site-packages/airflow/example_dags/example_sla_dag.py for tasks to queue
[2026-04-07T05:17:40.028+0530] {logging_mixin.py:190} INFO - [2026-04-07T05:17:40.028+0530] {dagbag.py:588} INFO - Filling up the DagBag from /home/ubantu/miniconda3/envs/airflow-env/lib/python3.11/site-packages/airflow/example_dags/example_sla_dag.py
[2026-04-07T05:17:40.041+0530] {processor.py:925} INFO - DAG(s) 'example_sla_dag' retrieved from /home/ubantu/miniconda3/envs/airflow-env/lib/python3.11/site-packages/airflow/example_dags/example_sla_dag.py
[2026-04-07T05:17:40.061+0530] {logging_mixin.py:190} INFO - [2026-04-07T05:17:40.061+0530] {dag.py:3239} INFO - Sync 1 DAGs
[2026-04-07T05:17:40.081+0530] {logging_mixin.py:190} INFO - [2026-04-07T05:17:40.081+0530] {dag.py:4180} INFO - Setting next_dagrun for example_sla_dag to 2026-04-06 23:44:00+00:00, run_after=2026-04-06 23:46:00+00:00
[2026-04-07T05:17:40.098+0530] {processor.py:208} INFO - Processing /home/ubantu/miniconda3/envs/airflow-env/lib/python3.11/site-packages/airflow/example_dags/example_sla_dag.py took 0.084 seconds
