[2026-04-07T04:07:33.256+0530] {processor.py:186} INFO - Started process (PID=5637) to work on /home/ubantu/miniconda3/envs/airflow-env/lib/python3.11/site-packages/airflow/example_dags/example_time_delta_sensor_async.py
[2026-04-07T04:07:33.256+0530] {processor.py:914} INFO - Processing file /home/ubantu/miniconda3/envs/airflow-env/lib/python3.11/site-packages/airflow/example_dags/example_time_delta_sensor_async.py for tasks to queue
[2026-04-07T04:07:33.258+0530] {logging_mixin.py:190} INFO - [2026-04-07T04:07:33.258+0530] {dagbag.py:588} INFO - Filling up the DagBag from /home/ubantu/miniconda3/envs/airflow-env/lib/python3.11/site-packages/airflow/example_dags/example_time_delta_sensor_async.py
[2026-04-07T04:07:33.265+0530] {processor.py:925} INFO - DAG(s) 'example_time_delta_sensor_async' retrieved from /home/ubantu/miniconda3/envs/airflow-env/lib/python3.11/site-packages/airflow/example_dags/example_time_delta_sensor_async.py
[2026-04-07T04:07:33.351+0530] {logging_mixin.py:190} INFO - [2026-04-07T04:07:33.351+0530] {override.py:1911} INFO - Created Permission View: can delete on DAG:example_time_delta_sensor_async
[2026-04-07T04:07:33.360+0530] {logging_mixin.py:190} INFO - [2026-04-07T04:07:33.360+0530] {override.py:1911} INFO - Created Permission View: can edit on DAG:example_time_delta_sensor_async
[2026-04-07T04:07:33.366+0530] {logging_mixin.py:190} INFO - [2026-04-07T04:07:33.366+0530] {override.py:1911} INFO - Created Permission View: can read on DAG:example_time_delta_sensor_async
[2026-04-07T04:07:33.376+0530] {logging_mixin.py:190} INFO - [2026-04-07T04:07:33.375+0530] {override.py:1911} INFO - Created Permission View: can create on DAG Run:example_time_delta_sensor_async
[2026-04-07T04:07:33.383+0530] {logging_mixin.py:190} INFO - [2026-04-07T04:07:33.382+0530] {override.py:1911} INFO - Created Permission View: can delete on DAG Run:example_time_delta_sensor_async
[2026-04-07T04:07:33.389+0530] {logging_mixin.py:190} INFO - [2026-04-07T04:07:33.389+0530] {override.py:1911} INFO - Created Permission View: menu access on DAG Run:example_time_delta_sensor_async
[2026-04-07T04:07:33.395+0530] {logging_mixin.py:190} INFO - [2026-04-07T04:07:33.395+0530] {override.py:1911} INFO - Created Permission View: can read on DAG Run:example_time_delta_sensor_async
[2026-04-07T04:07:33.395+0530] {logging_mixin.py:190} INFO - [2026-04-07T04:07:33.395+0530] {dag.py:3239} INFO - Sync 1 DAGs
[2026-04-07T04:07:33.405+0530] {logging_mixin.py:190} INFO - [2026-04-07T04:07:33.405+0530] {dag.py:3262} INFO - Creating ORM DAG for example_time_delta_sensor_async
[2026-04-07T04:07:33.405+0530] {logging_mixin.py:190} INFO - [2026-04-07T04:07:33.405+0530] {dag.py:4180} INFO - Setting next_dagrun for example_time_delta_sensor_async to None, run_after=None
[2026-04-07T04:07:33.419+0530] {processor.py:208} INFO - Processing /home/ubantu/miniconda3/envs/airflow-env/lib/python3.11/site-packages/airflow/example_dags/example_time_delta_sensor_async.py took 0.169 seconds
[2026-04-07T04:08:38.697+0530] {processor.py:186} INFO - Started process (PID=5958) to work on /home/ubantu/miniconda3/envs/airflow-env/lib/python3.11/site-packages/airflow/example_dags/example_time_delta_sensor_async.py
[2026-04-07T04:08:38.698+0530] {processor.py:914} INFO - Processing file /home/ubantu/miniconda3/envs/airflow-env/lib/python3.11/site-packages/airflow/example_dags/example_time_delta_sensor_async.py for tasks to queue
[2026-04-07T04:08:38.700+0530] {logging_mixin.py:190} INFO - [2026-04-07T04:08:38.700+0530] {dagbag.py:588} INFO - Filling up the DagBag from /home/ubantu/miniconda3/envs/airflow-env/lib/python3.11/site-packages/airflow/example_dags/example_time_delta_sensor_async.py
[2026-04-07T04:08:38.707+0530] {processor.py:925} INFO - DAG(s) 'example_time_delta_sensor_async' retrieved from /home/ubantu/miniconda3/envs/airflow-env/lib/python3.11/site-packages/airflow/example_dags/example_time_delta_sensor_async.py
[2026-04-07T04:08:38.721+0530] {logging_mixin.py:190} INFO - [2026-04-07T04:08:38.721+0530] {dag.py:3239} INFO - Sync 1 DAGs
[2026-04-07T04:08:38.733+0530] {logging_mixin.py:190} INFO - [2026-04-07T04:08:38.733+0530] {dag.py:4180} INFO - Setting next_dagrun for example_time_delta_sensor_async to None, run_after=None
[2026-04-07T04:08:38.753+0530] {processor.py:208} INFO - Processing /home/ubantu/miniconda3/envs/airflow-env/lib/python3.11/site-packages/airflow/example_dags/example_time_delta_sensor_async.py took 0.063 seconds
[2026-04-07T04:09:34.842+0530] {processor.py:186} INFO - Started process (PID=6138) to work on /home/ubantu/miniconda3/envs/airflow-env/lib/python3.11/site-packages/airflow/example_dags/example_time_delta_sensor_async.py
[2026-04-07T04:09:34.843+0530] {processor.py:914} INFO - Processing file /home/ubantu/miniconda3/envs/airflow-env/lib/python3.11/site-packages/airflow/example_dags/example_time_delta_sensor_async.py for tasks to queue
[2026-04-07T04:09:34.846+0530] {logging_mixin.py:190} INFO - [2026-04-07T04:09:34.845+0530] {dagbag.py:588} INFO - Filling up the DagBag from /home/ubantu/miniconda3/envs/airflow-env/lib/python3.11/site-packages/airflow/example_dags/example_time_delta_sensor_async.py
[2026-04-07T04:09:34.854+0530] {processor.py:925} INFO - DAG(s) 'example_time_delta_sensor_async' retrieved from /home/ubantu/miniconda3/envs/airflow-env/lib/python3.11/site-packages/airflow/example_dags/example_time_delta_sensor_async.py
[2026-04-07T04:09:34.869+0530] {logging_mixin.py:190} INFO - [2026-04-07T04:09:34.869+0530] {dag.py:3239} INFO - Sync 1 DAGs
[2026-04-07T04:09:34.882+0530] {logging_mixin.py:190} INFO - [2026-04-07T04:09:34.882+0530] {dag.py:4180} INFO - Setting next_dagrun for example_time_delta_sensor_async to None, run_after=None
[2026-04-07T04:09:34.902+0530] {processor.py:208} INFO - Processing /home/ubantu/miniconda3/envs/airflow-env/lib/python3.11/site-packages/airflow/example_dags/example_time_delta_sensor_async.py took 0.066 seconds
[2026-04-07T04:10:30.712+0530] {processor.py:186} INFO - Started process (PID=6205) to work on /home/ubantu/miniconda3/envs/airflow-env/lib/python3.11/site-packages/airflow/example_dags/example_time_delta_sensor_async.py
[2026-04-07T04:10:30.713+0530] {processor.py:914} INFO - Processing file /home/ubantu/miniconda3/envs/airflow-env/lib/python3.11/site-packages/airflow/example_dags/example_time_delta_sensor_async.py for tasks to queue
[2026-04-07T04:10:30.715+0530] {logging_mixin.py:190} INFO - [2026-04-07T04:10:30.715+0530] {dagbag.py:588} INFO - Filling up the DagBag from /home/ubantu/miniconda3/envs/airflow-env/lib/python3.11/site-packages/airflow/example_dags/example_time_delta_sensor_async.py
[2026-04-07T04:10:30.722+0530] {processor.py:925} INFO - DAG(s) 'example_time_delta_sensor_async' retrieved from /home/ubantu/miniconda3/envs/airflow-env/lib/python3.11/site-packages/airflow/example_dags/example_time_delta_sensor_async.py
[2026-04-07T04:10:30.736+0530] {logging_mixin.py:190} INFO - [2026-04-07T04:10:30.736+0530] {dag.py:3239} INFO - Sync 1 DAGs
[2026-04-07T04:10:30.748+0530] {logging_mixin.py:190} INFO - [2026-04-07T04:10:30.748+0530] {dag.py:4180} INFO - Setting next_dagrun for example_time_delta_sensor_async to None, run_after=None
[2026-04-07T04:10:30.769+0530] {processor.py:208} INFO - Processing /home/ubantu/miniconda3/envs/airflow-env/lib/python3.11/site-packages/airflow/example_dags/example_time_delta_sensor_async.py took 0.063 seconds
[2026-04-07T04:11:20.895+0530] {processor.py:186} INFO - Started process (PID=6265) to work on /home/ubantu/miniconda3/envs/airflow-env/lib/python3.11/site-packages/airflow/example_dags/example_time_delta_sensor_async.py
[2026-04-07T04:11:20.896+0530] {processor.py:914} INFO - Processing file /home/ubantu/miniconda3/envs/airflow-env/lib/python3.11/site-packages/airflow/example_dags/example_time_delta_sensor_async.py for tasks to queue
[2026-04-07T04:11:20.899+0530] {logging_mixin.py:190} INFO - [2026-04-07T04:11:20.899+0530] {dagbag.py:588} INFO - Filling up the DagBag from /home/ubantu/miniconda3/envs/airflow-env/lib/python3.11/site-packages/airflow/example_dags/example_time_delta_sensor_async.py
[2026-04-07T04:11:20.907+0530] {processor.py:925} INFO - DAG(s) 'example_time_delta_sensor_async' retrieved from /home/ubantu/miniconda3/envs/airflow-env/lib/python3.11/site-packages/airflow/example_dags/example_time_delta_sensor_async.py
[2026-04-07T04:11:20.925+0530] {logging_mixin.py:190} INFO - [2026-04-07T04:11:20.925+0530] {dag.py:3239} INFO - Sync 1 DAGs
[2026-04-07T04:11:20.936+0530] {logging_mixin.py:190} INFO - [2026-04-07T04:11:20.935+0530] {dag.py:4180} INFO - Setting next_dagrun for example_time_delta_sensor_async to None, run_after=None
[2026-04-07T04:11:20.957+0530] {processor.py:208} INFO - Processing /home/ubantu/miniconda3/envs/airflow-env/lib/python3.11/site-packages/airflow/example_dags/example_time_delta_sensor_async.py took 0.069 seconds
[2026-04-07T04:12:14.833+0530] {processor.py:186} INFO - Started process (PID=6333) to work on /home/ubantu/miniconda3/envs/airflow-env/lib/python3.11/site-packages/airflow/example_dags/example_time_delta_sensor_async.py
[2026-04-07T04:12:14.834+0530] {processor.py:914} INFO - Processing file /home/ubantu/miniconda3/envs/airflow-env/lib/python3.11/site-packages/airflow/example_dags/example_time_delta_sensor_async.py for tasks to queue
[2026-04-07T04:12:14.836+0530] {logging_mixin.py:190} INFO - [2026-04-07T04:12:14.836+0530] {dagbag.py:588} INFO - Filling up the DagBag from /home/ubantu/miniconda3/envs/airflow-env/lib/python3.11/site-packages/airflow/example_dags/example_time_delta_sensor_async.py
[2026-04-07T04:12:14.843+0530] {processor.py:925} INFO - DAG(s) 'example_time_delta_sensor_async' retrieved from /home/ubantu/miniconda3/envs/airflow-env/lib/python3.11/site-packages/airflow/example_dags/example_time_delta_sensor_async.py
[2026-04-07T04:12:14.857+0530] {logging_mixin.py:190} INFO - [2026-04-07T04:12:14.857+0530] {dag.py:3239} INFO - Sync 1 DAGs
[2026-04-07T04:12:14.870+0530] {logging_mixin.py:190} INFO - [2026-04-07T04:12:14.870+0530] {dag.py:4180} INFO - Setting next_dagrun for example_time_delta_sensor_async to None, run_after=None
[2026-04-07T04:12:14.890+0530] {processor.py:208} INFO - Processing /home/ubantu/miniconda3/envs/airflow-env/lib/python3.11/site-packages/airflow/example_dags/example_time_delta_sensor_async.py took 0.063 seconds
[2026-04-07T04:13:05.862+0530] {processor.py:186} INFO - Started process (PID=6390) to work on /home/ubantu/miniconda3/envs/airflow-env/lib/python3.11/site-packages/airflow/example_dags/example_time_delta_sensor_async.py
[2026-04-07T04:13:05.864+0530] {processor.py:914} INFO - Processing file /home/ubantu/miniconda3/envs/airflow-env/lib/python3.11/site-packages/airflow/example_dags/example_time_delta_sensor_async.py for tasks to queue
[2026-04-07T04:13:05.866+0530] {logging_mixin.py:190} INFO - [2026-04-07T04:13:05.866+0530] {dagbag.py:588} INFO - Filling up the DagBag from /home/ubantu/miniconda3/envs/airflow-env/lib/python3.11/site-packages/airflow/example_dags/example_time_delta_sensor_async.py
[2026-04-07T04:13:05.874+0530] {processor.py:925} INFO - DAG(s) 'example_time_delta_sensor_async' retrieved from /home/ubantu/miniconda3/envs/airflow-env/lib/python3.11/site-packages/airflow/example_dags/example_time_delta_sensor_async.py
[2026-04-07T04:13:05.892+0530] {logging_mixin.py:190} INFO - [2026-04-07T04:13:05.891+0530] {dag.py:3239} INFO - Sync 1 DAGs
[2026-04-07T04:13:05.906+0530] {logging_mixin.py:190} INFO - [2026-04-07T04:13:05.905+0530] {dag.py:4180} INFO - Setting next_dagrun for example_time_delta_sensor_async to None, run_after=None
[2026-04-07T04:13:05.928+0530] {processor.py:208} INFO - Processing /home/ubantu/miniconda3/envs/airflow-env/lib/python3.11/site-packages/airflow/example_dags/example_time_delta_sensor_async.py took 0.073 seconds
[2026-04-07T04:14:00.377+0530] {processor.py:186} INFO - Started process (PID=6457) to work on /home/ubantu/miniconda3/envs/airflow-env/lib/python3.11/site-packages/airflow/example_dags/example_time_delta_sensor_async.py
[2026-04-07T04:14:00.379+0530] {processor.py:914} INFO - Processing file /home/ubantu/miniconda3/envs/airflow-env/lib/python3.11/site-packages/airflow/example_dags/example_time_delta_sensor_async.py for tasks to queue
[2026-04-07T04:14:00.381+0530] {logging_mixin.py:190} INFO - [2026-04-07T04:14:00.380+0530] {dagbag.py:588} INFO - Filling up the DagBag from /home/ubantu/miniconda3/envs/airflow-env/lib/python3.11/site-packages/airflow/example_dags/example_time_delta_sensor_async.py
[2026-04-07T04:14:00.388+0530] {processor.py:925} INFO - DAG(s) 'example_time_delta_sensor_async' retrieved from /home/ubantu/miniconda3/envs/airflow-env/lib/python3.11/site-packages/airflow/example_dags/example_time_delta_sensor_async.py
[2026-04-07T04:14:00.403+0530] {logging_mixin.py:190} INFO - [2026-04-07T04:14:00.403+0530] {dag.py:3239} INFO - Sync 1 DAGs
[2026-04-07T04:14:00.415+0530] {logging_mixin.py:190} INFO - [2026-04-07T04:14:00.415+0530] {dag.py:4180} INFO - Setting next_dagrun for example_time_delta_sensor_async to None, run_after=None
[2026-04-07T04:14:00.432+0530] {processor.py:208} INFO - Processing /home/ubantu/miniconda3/envs/airflow-env/lib/python3.11/site-packages/airflow/example_dags/example_time_delta_sensor_async.py took 0.062 seconds
[2026-04-07T04:14:54.350+0530] {processor.py:186} INFO - Started process (PID=6517) to work on /home/ubantu/miniconda3/envs/airflow-env/lib/python3.11/site-packages/airflow/example_dags/example_time_delta_sensor_async.py
[2026-04-07T04:14:54.351+0530] {processor.py:914} INFO - Processing file /home/ubantu/miniconda3/envs/airflow-env/lib/python3.11/site-packages/airflow/example_dags/example_time_delta_sensor_async.py for tasks to queue
[2026-04-07T04:14:54.354+0530] {logging_mixin.py:190} INFO - [2026-04-07T04:14:54.353+0530] {dagbag.py:588} INFO - Filling up the DagBag from /home/ubantu/miniconda3/envs/airflow-env/lib/python3.11/site-packages/airflow/example_dags/example_time_delta_sensor_async.py
[2026-04-07T04:14:54.361+0530] {processor.py:925} INFO - DAG(s) 'example_time_delta_sensor_async' retrieved from /home/ubantu/miniconda3/envs/airflow-env/lib/python3.11/site-packages/airflow/example_dags/example_time_delta_sensor_async.py
[2026-04-07T04:14:54.375+0530] {logging_mixin.py:190} INFO - [2026-04-07T04:14:54.375+0530] {dag.py:3239} INFO - Sync 1 DAGs
[2026-04-07T04:14:54.386+0530] {logging_mixin.py:190} INFO - [2026-04-07T04:14:54.386+0530] {dag.py:4180} INFO - Setting next_dagrun for example_time_delta_sensor_async to None, run_after=None
[2026-04-07T04:14:54.403+0530] {processor.py:208} INFO - Processing /home/ubantu/miniconda3/envs/airflow-env/lib/python3.11/site-packages/airflow/example_dags/example_time_delta_sensor_async.py took 0.060 seconds
[2026-04-07T04:15:45.090+0530] {processor.py:186} INFO - Started process (PID=6579) to work on /home/ubantu/miniconda3/envs/airflow-env/lib/python3.11/site-packages/airflow/example_dags/example_time_delta_sensor_async.py
[2026-04-07T04:15:45.091+0530] {processor.py:914} INFO - Processing file /home/ubantu/miniconda3/envs/airflow-env/lib/python3.11/site-packages/airflow/example_dags/example_time_delta_sensor_async.py for tasks to queue
[2026-04-07T04:15:45.094+0530] {logging_mixin.py:190} INFO - [2026-04-07T04:15:45.094+0530] {dagbag.py:588} INFO - Filling up the DagBag from /home/ubantu/miniconda3/envs/airflow-env/lib/python3.11/site-packages/airflow/example_dags/example_time_delta_sensor_async.py
[2026-04-07T04:15:45.101+0530] {processor.py:925} INFO - DAG(s) 'example_time_delta_sensor_async' retrieved from /home/ubantu/miniconda3/envs/airflow-env/lib/python3.11/site-packages/airflow/example_dags/example_time_delta_sensor_async.py
[2026-04-07T04:15:45.116+0530] {logging_mixin.py:190} INFO - [2026-04-07T04:15:45.116+0530] {dag.py:3239} INFO - Sync 1 DAGs
[2026-04-07T04:15:45.128+0530] {logging_mixin.py:190} INFO - [2026-04-07T04:15:45.128+0530] {dag.py:4180} INFO - Setting next_dagrun for example_time_delta_sensor_async to None, run_after=None
[2026-04-07T04:15:45.148+0530] {processor.py:208} INFO - Processing /home/ubantu/miniconda3/envs/airflow-env/lib/python3.11/site-packages/airflow/example_dags/example_time_delta_sensor_async.py took 0.065 seconds
[2026-04-07T04:16:35.754+0530] {processor.py:186} INFO - Started process (PID=6636) to work on /home/ubantu/miniconda3/envs/airflow-env/lib/python3.11/site-packages/airflow/example_dags/example_time_delta_sensor_async.py
[2026-04-07T04:16:35.755+0530] {processor.py:914} INFO - Processing file /home/ubantu/miniconda3/envs/airflow-env/lib/python3.11/site-packages/airflow/example_dags/example_time_delta_sensor_async.py for tasks to queue
[2026-04-07T04:16:35.757+0530] {logging_mixin.py:190} INFO - [2026-04-07T04:16:35.757+0530] {dagbag.py:588} INFO - Filling up the DagBag from /home/ubantu/miniconda3/envs/airflow-env/lib/python3.11/site-packages/airflow/example_dags/example_time_delta_sensor_async.py
[2026-04-07T04:16:35.765+0530] {processor.py:925} INFO - DAG(s) 'example_time_delta_sensor_async' retrieved from /home/ubantu/miniconda3/envs/airflow-env/lib/python3.11/site-packages/airflow/example_dags/example_time_delta_sensor_async.py
[2026-04-07T04:16:35.779+0530] {logging_mixin.py:190} INFO - [2026-04-07T04:16:35.779+0530] {dag.py:3239} INFO - Sync 1 DAGs
[2026-04-07T04:16:35.791+0530] {logging_mixin.py:190} INFO - [2026-04-07T04:16:35.791+0530] {dag.py:4180} INFO - Setting next_dagrun for example_time_delta_sensor_async to None, run_after=None
[2026-04-07T04:16:35.812+0530] {processor.py:208} INFO - Processing /home/ubantu/miniconda3/envs/airflow-env/lib/python3.11/site-packages/airflow/example_dags/example_time_delta_sensor_async.py took 0.064 seconds
[2026-04-07T04:17:26.508+0530] {processor.py:186} INFO - Started process (PID=6700) to work on /home/ubantu/miniconda3/envs/airflow-env/lib/python3.11/site-packages/airflow/example_dags/example_time_delta_sensor_async.py
[2026-04-07T04:17:26.509+0530] {processor.py:914} INFO - Processing file /home/ubantu/miniconda3/envs/airflow-env/lib/python3.11/site-packages/airflow/example_dags/example_time_delta_sensor_async.py for tasks to queue
[2026-04-07T04:17:26.512+0530] {logging_mixin.py:190} INFO - [2026-04-07T04:17:26.511+0530] {dagbag.py:588} INFO - Filling up the DagBag from /home/ubantu/miniconda3/envs/airflow-env/lib/python3.11/site-packages/airflow/example_dags/example_time_delta_sensor_async.py
[2026-04-07T04:17:26.519+0530] {processor.py:925} INFO - DAG(s) 'example_time_delta_sensor_async' retrieved from /home/ubantu/miniconda3/envs/airflow-env/lib/python3.11/site-packages/airflow/example_dags/example_time_delta_sensor_async.py
[2026-04-07T04:17:26.534+0530] {logging_mixin.py:190} INFO - [2026-04-07T04:17:26.534+0530] {dag.py:3239} INFO - Sync 1 DAGs
[2026-04-07T04:17:26.546+0530] {logging_mixin.py:190} INFO - [2026-04-07T04:17:26.546+0530] {dag.py:4180} INFO - Setting next_dagrun for example_time_delta_sensor_async to None, run_after=None
[2026-04-07T04:17:26.565+0530] {processor.py:208} INFO - Processing /home/ubantu/miniconda3/envs/airflow-env/lib/python3.11/site-packages/airflow/example_dags/example_time_delta_sensor_async.py took 0.063 seconds
[2026-04-07T04:18:16.608+0530] {processor.py:186} INFO - Started process (PID=6757) to work on /home/ubantu/miniconda3/envs/airflow-env/lib/python3.11/site-packages/airflow/example_dags/example_time_delta_sensor_async.py
[2026-04-07T04:18:16.609+0530] {processor.py:914} INFO - Processing file /home/ubantu/miniconda3/envs/airflow-env/lib/python3.11/site-packages/airflow/example_dags/example_time_delta_sensor_async.py for tasks to queue
[2026-04-07T04:18:16.612+0530] {logging_mixin.py:190} INFO - [2026-04-07T04:18:16.612+0530] {dagbag.py:588} INFO - Filling up the DagBag from /home/ubantu/miniconda3/envs/airflow-env/lib/python3.11/site-packages/airflow/example_dags/example_time_delta_sensor_async.py
[2026-04-07T04:18:16.619+0530] {processor.py:925} INFO - DAG(s) 'example_time_delta_sensor_async' retrieved from /home/ubantu/miniconda3/envs/airflow-env/lib/python3.11/site-packages/airflow/example_dags/example_time_delta_sensor_async.py
[2026-04-07T04:18:16.633+0530] {logging_mixin.py:190} INFO - [2026-04-07T04:18:16.633+0530] {dag.py:3239} INFO - Sync 1 DAGs
[2026-04-07T04:18:16.646+0530] {logging_mixin.py:190} INFO - [2026-04-07T04:18:16.645+0530] {dag.py:4180} INFO - Setting next_dagrun for example_time_delta_sensor_async to None, run_after=None
[2026-04-07T04:18:16.666+0530] {processor.py:208} INFO - Processing /home/ubantu/miniconda3/envs/airflow-env/lib/python3.11/site-packages/airflow/example_dags/example_time_delta_sensor_async.py took 0.063 seconds
[2026-04-07T04:19:09.346+0530] {processor.py:186} INFO - Started process (PID=6868) to work on /home/ubantu/miniconda3/envs/airflow-env/lib/python3.11/site-packages/airflow/example_dags/example_time_delta_sensor_async.py
[2026-04-07T04:19:09.347+0530] {processor.py:914} INFO - Processing file /home/ubantu/miniconda3/envs/airflow-env/lib/python3.11/site-packages/airflow/example_dags/example_time_delta_sensor_async.py for tasks to queue
[2026-04-07T04:19:09.350+0530] {logging_mixin.py:190} INFO - [2026-04-07T04:19:09.349+0530] {dagbag.py:588} INFO - Filling up the DagBag from /home/ubantu/miniconda3/envs/airflow-env/lib/python3.11/site-packages/airflow/example_dags/example_time_delta_sensor_async.py
[2026-04-07T04:19:09.356+0530] {processor.py:925} INFO - DAG(s) 'example_time_delta_sensor_async' retrieved from /home/ubantu/miniconda3/envs/airflow-env/lib/python3.11/site-packages/airflow/example_dags/example_time_delta_sensor_async.py
[2026-04-07T04:19:09.370+0530] {logging_mixin.py:190} INFO - [2026-04-07T04:19:09.370+0530] {dag.py:3239} INFO - Sync 1 DAGs
[2026-04-07T04:19:09.381+0530] {logging_mixin.py:190} INFO - [2026-04-07T04:19:09.381+0530] {dag.py:4180} INFO - Setting next_dagrun for example_time_delta_sensor_async to None, run_after=None
[2026-04-07T04:19:09.397+0530] {processor.py:208} INFO - Processing /home/ubantu/miniconda3/envs/airflow-env/lib/python3.11/site-packages/airflow/example_dags/example_time_delta_sensor_async.py took 0.058 seconds
[2026-04-07T04:20:00.922+0530] {processor.py:186} INFO - Started process (PID=6927) to work on /home/ubantu/miniconda3/envs/airflow-env/lib/python3.11/site-packages/airflow/example_dags/example_time_delta_sensor_async.py
[2026-04-07T04:20:00.923+0530] {processor.py:914} INFO - Processing file /home/ubantu/miniconda3/envs/airflow-env/lib/python3.11/site-packages/airflow/example_dags/example_time_delta_sensor_async.py for tasks to queue
[2026-04-07T04:20:00.927+0530] {logging_mixin.py:190} INFO - [2026-04-07T04:20:00.926+0530] {dagbag.py:588} INFO - Filling up the DagBag from /home/ubantu/miniconda3/envs/airflow-env/lib/python3.11/site-packages/airflow/example_dags/example_time_delta_sensor_async.py
[2026-04-07T04:20:00.934+0530] {processor.py:925} INFO - DAG(s) 'example_time_delta_sensor_async' retrieved from /home/ubantu/miniconda3/envs/airflow-env/lib/python3.11/site-packages/airflow/example_dags/example_time_delta_sensor_async.py
[2026-04-07T04:20:00.948+0530] {logging_mixin.py:190} INFO - [2026-04-07T04:20:00.948+0530] {dag.py:3239} INFO - Sync 1 DAGs
[2026-04-07T04:20:00.960+0530] {logging_mixin.py:190} INFO - [2026-04-07T04:20:00.960+0530] {dag.py:4180} INFO - Setting next_dagrun for example_time_delta_sensor_async to None, run_after=None
[2026-04-07T04:20:00.979+0530] {processor.py:208} INFO - Processing /home/ubantu/miniconda3/envs/airflow-env/lib/python3.11/site-packages/airflow/example_dags/example_time_delta_sensor_async.py took 0.063 seconds
[2026-04-07T04:20:51.652+0530] {processor.py:186} INFO - Started process (PID=6983) to work on /home/ubantu/miniconda3/envs/airflow-env/lib/python3.11/site-packages/airflow/example_dags/example_time_delta_sensor_async.py
[2026-04-07T04:20:51.654+0530] {processor.py:914} INFO - Processing file /home/ubantu/miniconda3/envs/airflow-env/lib/python3.11/site-packages/airflow/example_dags/example_time_delta_sensor_async.py for tasks to queue
[2026-04-07T04:20:51.657+0530] {logging_mixin.py:190} INFO - [2026-04-07T04:20:51.656+0530] {dagbag.py:588} INFO - Filling up the DagBag from /home/ubantu/miniconda3/envs/airflow-env/lib/python3.11/site-packages/airflow/example_dags/example_time_delta_sensor_async.py
[2026-04-07T04:20:51.664+0530] {processor.py:925} INFO - DAG(s) 'example_time_delta_sensor_async' retrieved from /home/ubantu/miniconda3/envs/airflow-env/lib/python3.11/site-packages/airflow/example_dags/example_time_delta_sensor_async.py
[2026-04-07T04:20:51.678+0530] {logging_mixin.py:190} INFO - [2026-04-07T04:20:51.678+0530] {dag.py:3239} INFO - Sync 1 DAGs
[2026-04-07T04:20:51.691+0530] {logging_mixin.py:190} INFO - [2026-04-07T04:20:51.691+0530] {dag.py:4180} INFO - Setting next_dagrun for example_time_delta_sensor_async to None, run_after=None
[2026-04-07T04:20:51.708+0530] {processor.py:208} INFO - Processing /home/ubantu/miniconda3/envs/airflow-env/lib/python3.11/site-packages/airflow/example_dags/example_time_delta_sensor_async.py took 0.062 seconds
[2026-04-07T04:21:47.599+0530] {processor.py:186} INFO - Started process (PID=7047) to work on /home/ubantu/miniconda3/envs/airflow-env/lib/python3.11/site-packages/airflow/example_dags/example_time_delta_sensor_async.py
[2026-04-07T04:21:47.600+0530] {processor.py:914} INFO - Processing file /home/ubantu/miniconda3/envs/airflow-env/lib/python3.11/site-packages/airflow/example_dags/example_time_delta_sensor_async.py for tasks to queue
[2026-04-07T04:21:47.603+0530] {logging_mixin.py:190} INFO - [2026-04-07T04:21:47.603+0530] {dagbag.py:588} INFO - Filling up the DagBag from /home/ubantu/miniconda3/envs/airflow-env/lib/python3.11/site-packages/airflow/example_dags/example_time_delta_sensor_async.py
[2026-04-07T04:21:47.610+0530] {processor.py:925} INFO - DAG(s) 'example_time_delta_sensor_async' retrieved from /home/ubantu/miniconda3/envs/airflow-env/lib/python3.11/site-packages/airflow/example_dags/example_time_delta_sensor_async.py
[2026-04-07T04:21:47.624+0530] {logging_mixin.py:190} INFO - [2026-04-07T04:21:47.624+0530] {dag.py:3239} INFO - Sync 1 DAGs
[2026-04-07T04:21:47.636+0530] {logging_mixin.py:190} INFO - [2026-04-07T04:21:47.636+0530] {dag.py:4180} INFO - Setting next_dagrun for example_time_delta_sensor_async to None, run_after=None
[2026-04-07T04:21:47.653+0530] {processor.py:208} INFO - Processing /home/ubantu/miniconda3/envs/airflow-env/lib/python3.11/site-packages/airflow/example_dags/example_time_delta_sensor_async.py took 0.060 seconds
[2026-04-07T04:22:40.729+0530] {processor.py:186} INFO - Started process (PID=7108) to work on /home/ubantu/miniconda3/envs/airflow-env/lib/python3.11/site-packages/airflow/example_dags/example_time_delta_sensor_async.py
[2026-04-07T04:22:40.730+0530] {processor.py:914} INFO - Processing file /home/ubantu/miniconda3/envs/airflow-env/lib/python3.11/site-packages/airflow/example_dags/example_time_delta_sensor_async.py for tasks to queue
[2026-04-07T04:22:40.735+0530] {logging_mixin.py:190} INFO - [2026-04-07T04:22:40.734+0530] {dagbag.py:588} INFO - Filling up the DagBag from /home/ubantu/miniconda3/envs/airflow-env/lib/python3.11/site-packages/airflow/example_dags/example_time_delta_sensor_async.py
[2026-04-07T04:22:40.743+0530] {processor.py:925} INFO - DAG(s) 'example_time_delta_sensor_async' retrieved from /home/ubantu/miniconda3/envs/airflow-env/lib/python3.11/site-packages/airflow/example_dags/example_time_delta_sensor_async.py
[2026-04-07T04:22:40.757+0530] {logging_mixin.py:190} INFO - [2026-04-07T04:22:40.757+0530] {dag.py:3239} INFO - Sync 1 DAGs
[2026-04-07T04:22:40.768+0530] {logging_mixin.py:190} INFO - [2026-04-07T04:22:40.768+0530] {dag.py:4180} INFO - Setting next_dagrun for example_time_delta_sensor_async to None, run_after=None
[2026-04-07T04:22:40.785+0530] {processor.py:208} INFO - Processing /home/ubantu/miniconda3/envs/airflow-env/lib/python3.11/site-packages/airflow/example_dags/example_time_delta_sensor_async.py took 0.068 seconds
[2026-04-07T04:23:32.445+0530] {processor.py:186} INFO - Started process (PID=7213) to work on /home/ubantu/miniconda3/envs/airflow-env/lib/python3.11/site-packages/airflow/example_dags/example_time_delta_sensor_async.py
[2026-04-07T04:23:32.446+0530] {processor.py:914} INFO - Processing file /home/ubantu/miniconda3/envs/airflow-env/lib/python3.11/site-packages/airflow/example_dags/example_time_delta_sensor_async.py for tasks to queue
[2026-04-07T04:23:32.449+0530] {logging_mixin.py:190} INFO - [2026-04-07T04:23:32.448+0530] {dagbag.py:588} INFO - Filling up the DagBag from /home/ubantu/miniconda3/envs/airflow-env/lib/python3.11/site-packages/airflow/example_dags/example_time_delta_sensor_async.py
[2026-04-07T04:23:32.456+0530] {processor.py:925} INFO - DAG(s) 'example_time_delta_sensor_async' retrieved from /home/ubantu/miniconda3/envs/airflow-env/lib/python3.11/site-packages/airflow/example_dags/example_time_delta_sensor_async.py
[2026-04-07T04:23:32.470+0530] {logging_mixin.py:190} INFO - [2026-04-07T04:23:32.470+0530] {dag.py:3239} INFO - Sync 1 DAGs
[2026-04-07T04:23:32.482+0530] {logging_mixin.py:190} INFO - [2026-04-07T04:23:32.482+0530] {dag.py:4180} INFO - Setting next_dagrun for example_time_delta_sensor_async to None, run_after=None
[2026-04-07T04:23:32.500+0530] {processor.py:208} INFO - Processing /home/ubantu/miniconda3/envs/airflow-env/lib/python3.11/site-packages/airflow/example_dags/example_time_delta_sensor_async.py took 0.061 seconds
[2026-04-07T04:24:23.523+0530] {processor.py:186} INFO - Started process (PID=7315) to work on /home/ubantu/miniconda3/envs/airflow-env/lib/python3.11/site-packages/airflow/example_dags/example_time_delta_sensor_async.py
[2026-04-07T04:24:23.524+0530] {processor.py:914} INFO - Processing file /home/ubantu/miniconda3/envs/airflow-env/lib/python3.11/site-packages/airflow/example_dags/example_time_delta_sensor_async.py for tasks to queue
[2026-04-07T04:24:23.527+0530] {logging_mixin.py:190} INFO - [2026-04-07T04:24:23.526+0530] {dagbag.py:588} INFO - Filling up the DagBag from /home/ubantu/miniconda3/envs/airflow-env/lib/python3.11/site-packages/airflow/example_dags/example_time_delta_sensor_async.py
[2026-04-07T04:24:23.535+0530] {processor.py:925} INFO - DAG(s) 'example_time_delta_sensor_async' retrieved from /home/ubantu/miniconda3/envs/airflow-env/lib/python3.11/site-packages/airflow/example_dags/example_time_delta_sensor_async.py
[2026-04-07T04:24:23.550+0530] {logging_mixin.py:190} INFO - [2026-04-07T04:24:23.550+0530] {dag.py:3239} INFO - Sync 1 DAGs
[2026-04-07T04:24:23.561+0530] {logging_mixin.py:190} INFO - [2026-04-07T04:24:23.561+0530] {dag.py:4180} INFO - Setting next_dagrun for example_time_delta_sensor_async to None, run_after=None
[2026-04-07T04:24:23.578+0530] {processor.py:208} INFO - Processing /home/ubantu/miniconda3/envs/airflow-env/lib/python3.11/site-packages/airflow/example_dags/example_time_delta_sensor_async.py took 0.062 seconds
[2026-04-07T04:25:17.645+0530] {processor.py:186} INFO - Started process (PID=7383) to work on /home/ubantu/miniconda3/envs/airflow-env/lib/python3.11/site-packages/airflow/example_dags/example_time_delta_sensor_async.py
[2026-04-07T04:25:17.646+0530] {processor.py:914} INFO - Processing file /home/ubantu/miniconda3/envs/airflow-env/lib/python3.11/site-packages/airflow/example_dags/example_time_delta_sensor_async.py for tasks to queue
[2026-04-07T04:25:17.649+0530] {logging_mixin.py:190} INFO - [2026-04-07T04:25:17.649+0530] {dagbag.py:588} INFO - Filling up the DagBag from /home/ubantu/miniconda3/envs/airflow-env/lib/python3.11/site-packages/airflow/example_dags/example_time_delta_sensor_async.py
[2026-04-07T04:25:17.656+0530] {processor.py:925} INFO - DAG(s) 'example_time_delta_sensor_async' retrieved from /home/ubantu/miniconda3/envs/airflow-env/lib/python3.11/site-packages/airflow/example_dags/example_time_delta_sensor_async.py
[2026-04-07T04:25:17.670+0530] {logging_mixin.py:190} INFO - [2026-04-07T04:25:17.670+0530] {dag.py:3239} INFO - Sync 1 DAGs
[2026-04-07T04:25:17.681+0530] {logging_mixin.py:190} INFO - [2026-04-07T04:25:17.681+0530] {dag.py:4180} INFO - Setting next_dagrun for example_time_delta_sensor_async to None, run_after=None
[2026-04-07T04:25:17.700+0530] {processor.py:208} INFO - Processing /home/ubantu/miniconda3/envs/airflow-env/lib/python3.11/site-packages/airflow/example_dags/example_time_delta_sensor_async.py took 0.061 seconds
[2026-04-07T04:26:13.389+0530] {processor.py:186} INFO - Started process (PID=7474) to work on /home/ubantu/miniconda3/envs/airflow-env/lib/python3.11/site-packages/airflow/example_dags/example_time_delta_sensor_async.py
[2026-04-07T04:26:13.390+0530] {processor.py:914} INFO - Processing file /home/ubantu/miniconda3/envs/airflow-env/lib/python3.11/site-packages/airflow/example_dags/example_time_delta_sensor_async.py for tasks to queue
[2026-04-07T04:26:13.393+0530] {logging_mixin.py:190} INFO - [2026-04-07T04:26:13.392+0530] {dagbag.py:588} INFO - Filling up the DagBag from /home/ubantu/miniconda3/envs/airflow-env/lib/python3.11/site-packages/airflow/example_dags/example_time_delta_sensor_async.py
[2026-04-07T04:26:13.401+0530] {processor.py:925} INFO - DAG(s) 'example_time_delta_sensor_async' retrieved from /home/ubantu/miniconda3/envs/airflow-env/lib/python3.11/site-packages/airflow/example_dags/example_time_delta_sensor_async.py
[2026-04-07T04:26:13.416+0530] {logging_mixin.py:190} INFO - [2026-04-07T04:26:13.416+0530] {dag.py:3239} INFO - Sync 1 DAGs
[2026-04-07T04:26:13.428+0530] {logging_mixin.py:190} INFO - [2026-04-07T04:26:13.428+0530] {dag.py:4180} INFO - Setting next_dagrun for example_time_delta_sensor_async to None, run_after=None
[2026-04-07T04:26:13.446+0530] {processor.py:208} INFO - Processing /home/ubantu/miniconda3/envs/airflow-env/lib/python3.11/site-packages/airflow/example_dags/example_time_delta_sensor_async.py took 0.064 seconds
[2026-04-07T04:27:08.811+0530] {processor.py:186} INFO - Started process (PID=7543) to work on /home/ubantu/miniconda3/envs/airflow-env/lib/python3.11/site-packages/airflow/example_dags/example_time_delta_sensor_async.py
[2026-04-07T04:27:08.812+0530] {processor.py:914} INFO - Processing file /home/ubantu/miniconda3/envs/airflow-env/lib/python3.11/site-packages/airflow/example_dags/example_time_delta_sensor_async.py for tasks to queue
[2026-04-07T04:27:08.815+0530] {logging_mixin.py:190} INFO - [2026-04-07T04:27:08.815+0530] {dagbag.py:588} INFO - Filling up the DagBag from /home/ubantu/miniconda3/envs/airflow-env/lib/python3.11/site-packages/airflow/example_dags/example_time_delta_sensor_async.py
[2026-04-07T04:27:08.823+0530] {processor.py:925} INFO - DAG(s) 'example_time_delta_sensor_async' retrieved from /home/ubantu/miniconda3/envs/airflow-env/lib/python3.11/site-packages/airflow/example_dags/example_time_delta_sensor_async.py
[2026-04-07T04:27:08.839+0530] {logging_mixin.py:190} INFO - [2026-04-07T04:27:08.839+0530] {dag.py:3239} INFO - Sync 1 DAGs
[2026-04-07T04:27:08.852+0530] {logging_mixin.py:190} INFO - [2026-04-07T04:27:08.852+0530] {dag.py:4180} INFO - Setting next_dagrun for example_time_delta_sensor_async to None, run_after=None
[2026-04-07T04:27:08.873+0530] {processor.py:208} INFO - Processing /home/ubantu/miniconda3/envs/airflow-env/lib/python3.11/site-packages/airflow/example_dags/example_time_delta_sensor_async.py took 0.069 seconds
[2026-04-07T04:27:59.668+0530] {processor.py:186} INFO - Started process (PID=7605) to work on /home/ubantu/miniconda3/envs/airflow-env/lib/python3.11/site-packages/airflow/example_dags/example_time_delta_sensor_async.py
[2026-04-07T04:27:59.669+0530] {processor.py:914} INFO - Processing file /home/ubantu/miniconda3/envs/airflow-env/lib/python3.11/site-packages/airflow/example_dags/example_time_delta_sensor_async.py for tasks to queue
[2026-04-07T04:27:59.673+0530] {logging_mixin.py:190} INFO - [2026-04-07T04:27:59.672+0530] {dagbag.py:588} INFO - Filling up the DagBag from /home/ubantu/miniconda3/envs/airflow-env/lib/python3.11/site-packages/airflow/example_dags/example_time_delta_sensor_async.py
[2026-04-07T04:27:59.680+0530] {processor.py:925} INFO - DAG(s) 'example_time_delta_sensor_async' retrieved from /home/ubantu/miniconda3/envs/airflow-env/lib/python3.11/site-packages/airflow/example_dags/example_time_delta_sensor_async.py
[2026-04-07T04:27:59.694+0530] {logging_mixin.py:190} INFO - [2026-04-07T04:27:59.694+0530] {dag.py:3239} INFO - Sync 1 DAGs
[2026-04-07T04:27:59.706+0530] {logging_mixin.py:190} INFO - [2026-04-07T04:27:59.706+0530] {dag.py:4180} INFO - Setting next_dagrun for example_time_delta_sensor_async to None, run_after=None
[2026-04-07T04:27:59.726+0530] {processor.py:208} INFO - Processing /home/ubantu/miniconda3/envs/airflow-env/lib/python3.11/site-packages/airflow/example_dags/example_time_delta_sensor_async.py took 0.064 seconds
[2026-04-07T04:28:52.556+0530] {processor.py:186} INFO - Started process (PID=7670) to work on /home/ubantu/miniconda3/envs/airflow-env/lib/python3.11/site-packages/airflow/example_dags/example_time_delta_sensor_async.py
[2026-04-07T04:28:52.558+0530] {processor.py:914} INFO - Processing file /home/ubantu/miniconda3/envs/airflow-env/lib/python3.11/site-packages/airflow/example_dags/example_time_delta_sensor_async.py for tasks to queue
[2026-04-07T04:28:52.562+0530] {logging_mixin.py:190} INFO - [2026-04-07T04:28:52.562+0530] {dagbag.py:588} INFO - Filling up the DagBag from /home/ubantu/miniconda3/envs/airflow-env/lib/python3.11/site-packages/airflow/example_dags/example_time_delta_sensor_async.py
[2026-04-07T04:28:52.570+0530] {processor.py:925} INFO - DAG(s) 'example_time_delta_sensor_async' retrieved from /home/ubantu/miniconda3/envs/airflow-env/lib/python3.11/site-packages/airflow/example_dags/example_time_delta_sensor_async.py
[2026-04-07T04:28:52.586+0530] {logging_mixin.py:190} INFO - [2026-04-07T04:28:52.586+0530] {dag.py:3239} INFO - Sync 1 DAGs
[2026-04-07T04:28:52.599+0530] {logging_mixin.py:190} INFO - [2026-04-07T04:28:52.599+0530] {dag.py:4180} INFO - Setting next_dagrun for example_time_delta_sensor_async to None, run_after=None
[2026-04-07T04:28:52.641+0530] {processor.py:208} INFO - Processing /home/ubantu/miniconda3/envs/airflow-env/lib/python3.11/site-packages/airflow/example_dags/example_time_delta_sensor_async.py took 0.092 seconds
[2026-04-07T04:29:47.846+0530] {processor.py:186} INFO - Started process (PID=7738) to work on /home/ubantu/miniconda3/envs/airflow-env/lib/python3.11/site-packages/airflow/example_dags/example_time_delta_sensor_async.py
[2026-04-07T04:29:47.849+0530] {processor.py:914} INFO - Processing file /home/ubantu/miniconda3/envs/airflow-env/lib/python3.11/site-packages/airflow/example_dags/example_time_delta_sensor_async.py for tasks to queue
[2026-04-07T04:29:47.852+0530] {logging_mixin.py:190} INFO - [2026-04-07T04:29:47.852+0530] {dagbag.py:588} INFO - Filling up the DagBag from /home/ubantu/miniconda3/envs/airflow-env/lib/python3.11/site-packages/airflow/example_dags/example_time_delta_sensor_async.py
[2026-04-07T04:29:47.859+0530] {processor.py:925} INFO - DAG(s) 'example_time_delta_sensor_async' retrieved from /home/ubantu/miniconda3/envs/airflow-env/lib/python3.11/site-packages/airflow/example_dags/example_time_delta_sensor_async.py
[2026-04-07T04:29:47.874+0530] {logging_mixin.py:190} INFO - [2026-04-07T04:29:47.873+0530] {dag.py:3239} INFO - Sync 1 DAGs
[2026-04-07T04:29:47.886+0530] {logging_mixin.py:190} INFO - [2026-04-07T04:29:47.885+0530] {dag.py:4180} INFO - Setting next_dagrun for example_time_delta_sensor_async to None, run_after=None
[2026-04-07T04:29:47.927+0530] {processor.py:208} INFO - Processing /home/ubantu/miniconda3/envs/airflow-env/lib/python3.11/site-packages/airflow/example_dags/example_time_delta_sensor_async.py took 0.087 seconds
[2026-04-07T04:30:46.679+0530] {processor.py:186} INFO - Started process (PID=7810) to work on /home/ubantu/miniconda3/envs/airflow-env/lib/python3.11/site-packages/airflow/example_dags/example_time_delta_sensor_async.py
[2026-04-07T04:30:46.681+0530] {processor.py:914} INFO - Processing file /home/ubantu/miniconda3/envs/airflow-env/lib/python3.11/site-packages/airflow/example_dags/example_time_delta_sensor_async.py for tasks to queue
[2026-04-07T04:30:46.684+0530] {logging_mixin.py:190} INFO - [2026-04-07T04:30:46.684+0530] {dagbag.py:588} INFO - Filling up the DagBag from /home/ubantu/miniconda3/envs/airflow-env/lib/python3.11/site-packages/airflow/example_dags/example_time_delta_sensor_async.py
[2026-04-07T04:30:46.691+0530] {processor.py:925} INFO - DAG(s) 'example_time_delta_sensor_async' retrieved from /home/ubantu/miniconda3/envs/airflow-env/lib/python3.11/site-packages/airflow/example_dags/example_time_delta_sensor_async.py
[2026-04-07T04:30:46.706+0530] {logging_mixin.py:190} INFO - [2026-04-07T04:30:46.706+0530] {dag.py:3239} INFO - Sync 1 DAGs
[2026-04-07T04:30:46.718+0530] {logging_mixin.py:190} INFO - [2026-04-07T04:30:46.718+0530] {dag.py:4180} INFO - Setting next_dagrun for example_time_delta_sensor_async to None, run_after=None
[2026-04-07T04:30:46.759+0530] {processor.py:208} INFO - Processing /home/ubantu/miniconda3/envs/airflow-env/lib/python3.11/site-packages/airflow/example_dags/example_time_delta_sensor_async.py took 0.086 seconds
[2026-04-07T04:31:45.022+0530] {processor.py:186} INFO - Started process (PID=7874) to work on /home/ubantu/miniconda3/envs/airflow-env/lib/python3.11/site-packages/airflow/example_dags/example_time_delta_sensor_async.py
[2026-04-07T04:31:45.023+0530] {processor.py:914} INFO - Processing file /home/ubantu/miniconda3/envs/airflow-env/lib/python3.11/site-packages/airflow/example_dags/example_time_delta_sensor_async.py for tasks to queue
[2026-04-07T04:31:45.026+0530] {logging_mixin.py:190} INFO - [2026-04-07T04:31:45.026+0530] {dagbag.py:588} INFO - Filling up the DagBag from /home/ubantu/miniconda3/envs/airflow-env/lib/python3.11/site-packages/airflow/example_dags/example_time_delta_sensor_async.py
[2026-04-07T04:31:45.034+0530] {processor.py:925} INFO - DAG(s) 'example_time_delta_sensor_async' retrieved from /home/ubantu/miniconda3/envs/airflow-env/lib/python3.11/site-packages/airflow/example_dags/example_time_delta_sensor_async.py
[2026-04-07T04:31:45.050+0530] {logging_mixin.py:190} INFO - [2026-04-07T04:31:45.050+0530] {dag.py:3239} INFO - Sync 1 DAGs
[2026-04-07T04:31:45.064+0530] {logging_mixin.py:190} INFO - [2026-04-07T04:31:45.063+0530] {dag.py:4180} INFO - Setting next_dagrun for example_time_delta_sensor_async to None, run_after=None
[2026-04-07T04:31:45.109+0530] {processor.py:208} INFO - Processing /home/ubantu/miniconda3/envs/airflow-env/lib/python3.11/site-packages/airflow/example_dags/example_time_delta_sensor_async.py took 0.093 seconds
[2026-04-07T04:32:42.642+0530] {processor.py:186} INFO - Started process (PID=7943) to work on /home/ubantu/miniconda3/envs/airflow-env/lib/python3.11/site-packages/airflow/example_dags/example_time_delta_sensor_async.py
[2026-04-07T04:32:42.644+0530] {processor.py:914} INFO - Processing file /home/ubantu/miniconda3/envs/airflow-env/lib/python3.11/site-packages/airflow/example_dags/example_time_delta_sensor_async.py for tasks to queue
[2026-04-07T04:32:42.647+0530] {logging_mixin.py:190} INFO - [2026-04-07T04:32:42.647+0530] {dagbag.py:588} INFO - Filling up the DagBag from /home/ubantu/miniconda3/envs/airflow-env/lib/python3.11/site-packages/airflow/example_dags/example_time_delta_sensor_async.py
[2026-04-07T04:32:42.656+0530] {processor.py:925} INFO - DAG(s) 'example_time_delta_sensor_async' retrieved from /home/ubantu/miniconda3/envs/airflow-env/lib/python3.11/site-packages/airflow/example_dags/example_time_delta_sensor_async.py
[2026-04-07T04:32:42.673+0530] {logging_mixin.py:190} INFO - [2026-04-07T04:32:42.673+0530] {dag.py:3239} INFO - Sync 1 DAGs
[2026-04-07T04:32:42.686+0530] {logging_mixin.py:190} INFO - [2026-04-07T04:32:42.686+0530] {dag.py:4180} INFO - Setting next_dagrun for example_time_delta_sensor_async to None, run_after=None
[2026-04-07T04:32:42.706+0530] {processor.py:208} INFO - Processing /home/ubantu/miniconda3/envs/airflow-env/lib/python3.11/site-packages/airflow/example_dags/example_time_delta_sensor_async.py took 0.071 seconds
[2026-04-07T04:33:37.647+0530] {processor.py:186} INFO - Started process (PID=8123) to work on /home/ubantu/miniconda3/envs/airflow-env/lib/python3.11/site-packages/airflow/example_dags/example_time_delta_sensor_async.py
[2026-04-07T04:33:37.648+0530] {processor.py:914} INFO - Processing file /home/ubantu/miniconda3/envs/airflow-env/lib/python3.11/site-packages/airflow/example_dags/example_time_delta_sensor_async.py for tasks to queue
[2026-04-07T04:33:37.651+0530] {logging_mixin.py:190} INFO - [2026-04-07T04:33:37.650+0530] {dagbag.py:588} INFO - Filling up the DagBag from /home/ubantu/miniconda3/envs/airflow-env/lib/python3.11/site-packages/airflow/example_dags/example_time_delta_sensor_async.py
[2026-04-07T04:33:37.657+0530] {processor.py:925} INFO - DAG(s) 'example_time_delta_sensor_async' retrieved from /home/ubantu/miniconda3/envs/airflow-env/lib/python3.11/site-packages/airflow/example_dags/example_time_delta_sensor_async.py
[2026-04-07T04:33:37.671+0530] {logging_mixin.py:190} INFO - [2026-04-07T04:33:37.671+0530] {dag.py:3239} INFO - Sync 1 DAGs
[2026-04-07T04:33:37.684+0530] {logging_mixin.py:190} INFO - [2026-04-07T04:33:37.683+0530] {dag.py:4180} INFO - Setting next_dagrun for example_time_delta_sensor_async to None, run_after=None
[2026-04-07T04:33:37.701+0530] {processor.py:208} INFO - Processing /home/ubantu/miniconda3/envs/airflow-env/lib/python3.11/site-packages/airflow/example_dags/example_time_delta_sensor_async.py took 0.060 seconds
[2026-04-07T04:34:31.017+0530] {processor.py:186} INFO - Started process (PID=8199) to work on /home/ubantu/miniconda3/envs/airflow-env/lib/python3.11/site-packages/airflow/example_dags/example_time_delta_sensor_async.py
[2026-04-07T04:34:31.018+0530] {processor.py:914} INFO - Processing file /home/ubantu/miniconda3/envs/airflow-env/lib/python3.11/site-packages/airflow/example_dags/example_time_delta_sensor_async.py for tasks to queue
[2026-04-07T04:34:31.021+0530] {logging_mixin.py:190} INFO - [2026-04-07T04:34:31.021+0530] {dagbag.py:588} INFO - Filling up the DagBag from /home/ubantu/miniconda3/envs/airflow-env/lib/python3.11/site-packages/airflow/example_dags/example_time_delta_sensor_async.py
[2026-04-07T04:34:31.028+0530] {processor.py:925} INFO - DAG(s) 'example_time_delta_sensor_async' retrieved from /home/ubantu/miniconda3/envs/airflow-env/lib/python3.11/site-packages/airflow/example_dags/example_time_delta_sensor_async.py
[2026-04-07T04:34:31.042+0530] {logging_mixin.py:190} INFO - [2026-04-07T04:34:31.042+0530] {dag.py:3239} INFO - Sync 1 DAGs
[2026-04-07T04:34:31.053+0530] {logging_mixin.py:190} INFO - [2026-04-07T04:34:31.053+0530] {dag.py:4180} INFO - Setting next_dagrun for example_time_delta_sensor_async to None, run_after=None
[2026-04-07T04:34:31.072+0530] {processor.py:208} INFO - Processing /home/ubantu/miniconda3/envs/airflow-env/lib/python3.11/site-packages/airflow/example_dags/example_time_delta_sensor_async.py took 0.063 seconds
[2026-04-07T04:35:25.027+0530] {processor.py:186} INFO - Started process (PID=8272) to work on /home/ubantu/miniconda3/envs/airflow-env/lib/python3.11/site-packages/airflow/example_dags/example_time_delta_sensor_async.py
[2026-04-07T04:35:25.028+0530] {processor.py:914} INFO - Processing file /home/ubantu/miniconda3/envs/airflow-env/lib/python3.11/site-packages/airflow/example_dags/example_time_delta_sensor_async.py for tasks to queue
[2026-04-07T04:35:25.031+0530] {logging_mixin.py:190} INFO - [2026-04-07T04:35:25.031+0530] {dagbag.py:588} INFO - Filling up the DagBag from /home/ubantu/miniconda3/envs/airflow-env/lib/python3.11/site-packages/airflow/example_dags/example_time_delta_sensor_async.py
[2026-04-07T04:35:25.039+0530] {processor.py:925} INFO - DAG(s) 'example_time_delta_sensor_async' retrieved from /home/ubantu/miniconda3/envs/airflow-env/lib/python3.11/site-packages/airflow/example_dags/example_time_delta_sensor_async.py
[2026-04-07T04:35:25.056+0530] {logging_mixin.py:190} INFO - [2026-04-07T04:35:25.056+0530] {dag.py:3239} INFO - Sync 1 DAGs
[2026-04-07T04:35:25.069+0530] {logging_mixin.py:190} INFO - [2026-04-07T04:35:25.069+0530] {dag.py:4180} INFO - Setting next_dagrun for example_time_delta_sensor_async to None, run_after=None
[2026-04-07T04:35:25.090+0530] {processor.py:208} INFO - Processing /home/ubantu/miniconda3/envs/airflow-env/lib/python3.11/site-packages/airflow/example_dags/example_time_delta_sensor_async.py took 0.070 seconds
[2026-04-07T04:36:19.448+0530] {processor.py:186} INFO - Started process (PID=8336) to work on /home/ubantu/miniconda3/envs/airflow-env/lib/python3.11/site-packages/airflow/example_dags/example_time_delta_sensor_async.py
[2026-04-07T04:36:19.449+0530] {processor.py:914} INFO - Processing file /home/ubantu/miniconda3/envs/airflow-env/lib/python3.11/site-packages/airflow/example_dags/example_time_delta_sensor_async.py for tasks to queue
[2026-04-07T04:36:19.453+0530] {logging_mixin.py:190} INFO - [2026-04-07T04:36:19.453+0530] {dagbag.py:588} INFO - Filling up the DagBag from /home/ubantu/miniconda3/envs/airflow-env/lib/python3.11/site-packages/airflow/example_dags/example_time_delta_sensor_async.py
[2026-04-07T04:36:19.461+0530] {processor.py:925} INFO - DAG(s) 'example_time_delta_sensor_async' retrieved from /home/ubantu/miniconda3/envs/airflow-env/lib/python3.11/site-packages/airflow/example_dags/example_time_delta_sensor_async.py
[2026-04-07T04:36:19.475+0530] {logging_mixin.py:190} INFO - [2026-04-07T04:36:19.474+0530] {dag.py:3239} INFO - Sync 1 DAGs
[2026-04-07T04:36:19.486+0530] {logging_mixin.py:190} INFO - [2026-04-07T04:36:19.485+0530] {dag.py:4180} INFO - Setting next_dagrun for example_time_delta_sensor_async to None, run_after=None
[2026-04-07T04:36:19.504+0530] {processor.py:208} INFO - Processing /home/ubantu/miniconda3/envs/airflow-env/lib/python3.11/site-packages/airflow/example_dags/example_time_delta_sensor_async.py took 0.067 seconds
[2026-04-07T04:37:13.443+0530] {processor.py:186} INFO - Started process (PID=8420) to work on /home/ubantu/miniconda3/envs/airflow-env/lib/python3.11/site-packages/airflow/example_dags/example_time_delta_sensor_async.py
[2026-04-07T04:37:13.444+0530] {processor.py:914} INFO - Processing file /home/ubantu/miniconda3/envs/airflow-env/lib/python3.11/site-packages/airflow/example_dags/example_time_delta_sensor_async.py for tasks to queue
[2026-04-07T04:37:13.447+0530] {logging_mixin.py:190} INFO - [2026-04-07T04:37:13.447+0530] {dagbag.py:588} INFO - Filling up the DagBag from /home/ubantu/miniconda3/envs/airflow-env/lib/python3.11/site-packages/airflow/example_dags/example_time_delta_sensor_async.py
[2026-04-07T04:37:13.456+0530] {processor.py:925} INFO - DAG(s) 'example_time_delta_sensor_async' retrieved from /home/ubantu/miniconda3/envs/airflow-env/lib/python3.11/site-packages/airflow/example_dags/example_time_delta_sensor_async.py
[2026-04-07T04:37:13.473+0530] {logging_mixin.py:190} INFO - [2026-04-07T04:37:13.473+0530] {dag.py:3239} INFO - Sync 1 DAGs
[2026-04-07T04:37:13.485+0530] {logging_mixin.py:190} INFO - [2026-04-07T04:37:13.484+0530] {dag.py:4180} INFO - Setting next_dagrun for example_time_delta_sensor_async to None, run_after=None
[2026-04-07T04:37:13.502+0530] {processor.py:208} INFO - Processing /home/ubantu/miniconda3/envs/airflow-env/lib/python3.11/site-packages/airflow/example_dags/example_time_delta_sensor_async.py took 0.066 seconds
[2026-04-07T04:38:14.352+0530] {processor.py:186} INFO - Started process (PID=8531) to work on /home/ubantu/miniconda3/envs/airflow-env/lib/python3.11/site-packages/airflow/example_dags/example_time_delta_sensor_async.py
[2026-04-07T04:38:14.353+0530] {processor.py:914} INFO - Processing file /home/ubantu/miniconda3/envs/airflow-env/lib/python3.11/site-packages/airflow/example_dags/example_time_delta_sensor_async.py for tasks to queue
[2026-04-07T04:38:14.355+0530] {logging_mixin.py:190} INFO - [2026-04-07T04:38:14.354+0530] {dagbag.py:588} INFO - Filling up the DagBag from /home/ubantu/miniconda3/envs/airflow-env/lib/python3.11/site-packages/airflow/example_dags/example_time_delta_sensor_async.py
[2026-04-07T04:38:14.362+0530] {processor.py:925} INFO - DAG(s) 'example_time_delta_sensor_async' retrieved from /home/ubantu/miniconda3/envs/airflow-env/lib/python3.11/site-packages/airflow/example_dags/example_time_delta_sensor_async.py
[2026-04-07T04:38:14.379+0530] {logging_mixin.py:190} INFO - [2026-04-07T04:38:14.379+0530] {dag.py:3239} INFO - Sync 1 DAGs
[2026-04-07T04:38:14.391+0530] {logging_mixin.py:190} INFO - [2026-04-07T04:38:14.391+0530] {dag.py:4180} INFO - Setting next_dagrun for example_time_delta_sensor_async to None, run_after=None
[2026-04-07T04:38:14.408+0530] {processor.py:208} INFO - Processing /home/ubantu/miniconda3/envs/airflow-env/lib/python3.11/site-packages/airflow/example_dags/example_time_delta_sensor_async.py took 0.063 seconds
[2026-04-07T04:39:15.117+0530] {processor.py:186} INFO - Started process (PID=8616) to work on /home/ubantu/miniconda3/envs/airflow-env/lib/python3.11/site-packages/airflow/example_dags/example_time_delta_sensor_async.py
[2026-04-07T04:39:15.118+0530] {processor.py:914} INFO - Processing file /home/ubantu/miniconda3/envs/airflow-env/lib/python3.11/site-packages/airflow/example_dags/example_time_delta_sensor_async.py for tasks to queue
[2026-04-07T04:39:15.119+0530] {logging_mixin.py:190} INFO - [2026-04-07T04:39:15.119+0530] {dagbag.py:588} INFO - Filling up the DagBag from /home/ubantu/miniconda3/envs/airflow-env/lib/python3.11/site-packages/airflow/example_dags/example_time_delta_sensor_async.py
[2026-04-07T04:39:15.127+0530] {processor.py:925} INFO - DAG(s) 'example_time_delta_sensor_async' retrieved from /home/ubantu/miniconda3/envs/airflow-env/lib/python3.11/site-packages/airflow/example_dags/example_time_delta_sensor_async.py
[2026-04-07T04:39:15.144+0530] {logging_mixin.py:190} INFO - [2026-04-07T04:39:15.144+0530] {dag.py:3239} INFO - Sync 1 DAGs
[2026-04-07T04:39:15.159+0530] {logging_mixin.py:190} INFO - [2026-04-07T04:39:15.159+0530] {dag.py:4180} INFO - Setting next_dagrun for example_time_delta_sensor_async to None, run_after=None
[2026-04-07T04:39:15.179+0530] {processor.py:208} INFO - Processing /home/ubantu/miniconda3/envs/airflow-env/lib/python3.11/site-packages/airflow/example_dags/example_time_delta_sensor_async.py took 0.069 seconds
[2026-04-07T04:40:13.788+0530] {processor.py:186} INFO - Started process (PID=8698) to work on /home/ubantu/miniconda3/envs/airflow-env/lib/python3.11/site-packages/airflow/example_dags/example_time_delta_sensor_async.py
[2026-04-07T04:40:13.789+0530] {processor.py:914} INFO - Processing file /home/ubantu/miniconda3/envs/airflow-env/lib/python3.11/site-packages/airflow/example_dags/example_time_delta_sensor_async.py for tasks to queue
[2026-04-07T04:40:13.791+0530] {logging_mixin.py:190} INFO - [2026-04-07T04:40:13.790+0530] {dagbag.py:588} INFO - Filling up the DagBag from /home/ubantu/miniconda3/envs/airflow-env/lib/python3.11/site-packages/airflow/example_dags/example_time_delta_sensor_async.py
[2026-04-07T04:40:13.800+0530] {processor.py:925} INFO - DAG(s) 'example_time_delta_sensor_async' retrieved from /home/ubantu/miniconda3/envs/airflow-env/lib/python3.11/site-packages/airflow/example_dags/example_time_delta_sensor_async.py
[2026-04-07T04:40:13.820+0530] {logging_mixin.py:190} INFO - [2026-04-07T04:40:13.820+0530] {dag.py:3239} INFO - Sync 1 DAGs
[2026-04-07T04:40:13.833+0530] {logging_mixin.py:190} INFO - [2026-04-07T04:40:13.832+0530] {dag.py:4180} INFO - Setting next_dagrun for example_time_delta_sensor_async to None, run_after=None
[2026-04-07T04:40:13.850+0530] {processor.py:208} INFO - Processing /home/ubantu/miniconda3/envs/airflow-env/lib/python3.11/site-packages/airflow/example_dags/example_time_delta_sensor_async.py took 0.071 seconds
[2026-04-07T04:41:12.065+0530] {processor.py:186} INFO - Started process (PID=8830) to work on /home/ubantu/miniconda3/envs/airflow-env/lib/python3.11/site-packages/airflow/example_dags/example_time_delta_sensor_async.py
[2026-04-07T04:41:12.066+0530] {processor.py:914} INFO - Processing file /home/ubantu/miniconda3/envs/airflow-env/lib/python3.11/site-packages/airflow/example_dags/example_time_delta_sensor_async.py for tasks to queue
[2026-04-07T04:41:12.068+0530] {logging_mixin.py:190} INFO - [2026-04-07T04:41:12.068+0530] {dagbag.py:588} INFO - Filling up the DagBag from /home/ubantu/miniconda3/envs/airflow-env/lib/python3.11/site-packages/airflow/example_dags/example_time_delta_sensor_async.py
[2026-04-07T04:41:12.076+0530] {processor.py:925} INFO - DAG(s) 'example_time_delta_sensor_async' retrieved from /home/ubantu/miniconda3/envs/airflow-env/lib/python3.11/site-packages/airflow/example_dags/example_time_delta_sensor_async.py
[2026-04-07T04:41:12.089+0530] {logging_mixin.py:190} INFO - [2026-04-07T04:41:12.089+0530] {dag.py:3239} INFO - Sync 1 DAGs
[2026-04-07T04:41:12.100+0530] {logging_mixin.py:190} INFO - [2026-04-07T04:41:12.100+0530] {dag.py:4180} INFO - Setting next_dagrun for example_time_delta_sensor_async to None, run_after=None
[2026-04-07T04:41:12.118+0530] {processor.py:208} INFO - Processing /home/ubantu/miniconda3/envs/airflow-env/lib/python3.11/site-packages/airflow/example_dags/example_time_delta_sensor_async.py took 0.063 seconds
[2026-04-07T04:41:15.792+0530] {processor.py:186} INFO - Started process (PID=8844) to work on /home/ubantu/miniconda3/envs/airflow-env/lib/python3.11/site-packages/airflow/example_dags/example_time_delta_sensor_async.py
[2026-04-07T04:41:15.792+0530] {processor.py:914} INFO - Processing file /home/ubantu/miniconda3/envs/airflow-env/lib/python3.11/site-packages/airflow/example_dags/example_time_delta_sensor_async.py for tasks to queue
[2026-04-07T04:41:15.795+0530] {logging_mixin.py:190} INFO - [2026-04-07T04:41:15.794+0530] {dagbag.py:588} INFO - Filling up the DagBag from /home/ubantu/miniconda3/envs/airflow-env/lib/python3.11/site-packages/airflow/example_dags/example_time_delta_sensor_async.py
[2026-04-07T04:41:15.802+0530] {processor.py:925} INFO - DAG(s) 'example_time_delta_sensor_async' retrieved from /home/ubantu/miniconda3/envs/airflow-env/lib/python3.11/site-packages/airflow/example_dags/example_time_delta_sensor_async.py
[2026-04-07T04:41:15.820+0530] {logging_mixin.py:190} INFO - [2026-04-07T04:41:15.820+0530] {dag.py:3239} INFO - Sync 1 DAGs
[2026-04-07T04:41:15.832+0530] {logging_mixin.py:190} INFO - [2026-04-07T04:41:15.832+0530] {dag.py:4180} INFO - Setting next_dagrun for example_time_delta_sensor_async to None, run_after=None
[2026-04-07T04:41:15.851+0530] {processor.py:208} INFO - Processing /home/ubantu/miniconda3/envs/airflow-env/lib/python3.11/site-packages/airflow/example_dags/example_time_delta_sensor_async.py took 0.067 seconds
[2026-04-07T04:42:08.253+0530] {processor.py:186} INFO - Started process (PID=8979) to work on /home/ubantu/miniconda3/envs/airflow-env/lib/python3.11/site-packages/airflow/example_dags/example_time_delta_sensor_async.py
[2026-04-07T04:42:08.254+0530] {processor.py:914} INFO - Processing file /home/ubantu/miniconda3/envs/airflow-env/lib/python3.11/site-packages/airflow/example_dags/example_time_delta_sensor_async.py for tasks to queue
[2026-04-07T04:42:08.256+0530] {logging_mixin.py:190} INFO - [2026-04-07T04:42:08.256+0530] {dagbag.py:588} INFO - Filling up the DagBag from /home/ubantu/miniconda3/envs/airflow-env/lib/python3.11/site-packages/airflow/example_dags/example_time_delta_sensor_async.py
[2026-04-07T04:42:08.264+0530] {processor.py:925} INFO - DAG(s) 'example_time_delta_sensor_async' retrieved from /home/ubantu/miniconda3/envs/airflow-env/lib/python3.11/site-packages/airflow/example_dags/example_time_delta_sensor_async.py
[2026-04-07T04:42:08.281+0530] {logging_mixin.py:190} INFO - [2026-04-07T04:42:08.281+0530] {dag.py:3239} INFO - Sync 1 DAGs
[2026-04-07T04:42:08.292+0530] {logging_mixin.py:190} INFO - [2026-04-07T04:42:08.292+0530] {dag.py:4180} INFO - Setting next_dagrun for example_time_delta_sensor_async to None, run_after=None
[2026-04-07T04:42:08.309+0530] {processor.py:208} INFO - Processing /home/ubantu/miniconda3/envs/airflow-env/lib/python3.11/site-packages/airflow/example_dags/example_time_delta_sensor_async.py took 0.061 seconds
[2026-04-07T04:42:08.334+0530] {processor.py:186} INFO - Started process (PID=8980) to work on /home/ubantu/miniconda3/envs/airflow-env/lib/python3.11/site-packages/airflow/example_dags/example_time_delta_sensor_async.py
[2026-04-07T04:42:08.335+0530] {processor.py:914} INFO - Processing file /home/ubantu/miniconda3/envs/airflow-env/lib/python3.11/site-packages/airflow/example_dags/example_time_delta_sensor_async.py for tasks to queue
[2026-04-07T04:42:08.336+0530] {logging_mixin.py:190} INFO - [2026-04-07T04:42:08.335+0530] {dagbag.py:588} INFO - Filling up the DagBag from /home/ubantu/miniconda3/envs/airflow-env/lib/python3.11/site-packages/airflow/example_dags/example_time_delta_sensor_async.py
[2026-04-07T04:42:08.341+0530] {processor.py:925} INFO - DAG(s) 'example_time_delta_sensor_async' retrieved from /home/ubantu/miniconda3/envs/airflow-env/lib/python3.11/site-packages/airflow/example_dags/example_time_delta_sensor_async.py
[2026-04-07T04:42:08.355+0530] {logging_mixin.py:190} INFO - [2026-04-07T04:42:08.355+0530] {dag.py:3239} INFO - Sync 1 DAGs
[2026-04-07T04:42:08.366+0530] {logging_mixin.py:190} INFO - [2026-04-07T04:42:08.366+0530] {dag.py:4180} INFO - Setting next_dagrun for example_time_delta_sensor_async to None, run_after=None
[2026-04-07T04:42:08.384+0530] {processor.py:208} INFO - Processing /home/ubantu/miniconda3/envs/airflow-env/lib/python3.11/site-packages/airflow/example_dags/example_time_delta_sensor_async.py took 0.055 seconds
[2026-04-07T04:43:00.708+0530] {processor.py:186} INFO - Started process (PID=9119) to work on /home/ubantu/miniconda3/envs/airflow-env/lib/python3.11/site-packages/airflow/example_dags/example_time_delta_sensor_async.py
[2026-04-07T04:43:00.709+0530] {processor.py:914} INFO - Processing file /home/ubantu/miniconda3/envs/airflow-env/lib/python3.11/site-packages/airflow/example_dags/example_time_delta_sensor_async.py for tasks to queue
[2026-04-07T04:43:00.710+0530] {logging_mixin.py:190} INFO - [2026-04-07T04:43:00.710+0530] {dagbag.py:588} INFO - Filling up the DagBag from /home/ubantu/miniconda3/envs/airflow-env/lib/python3.11/site-packages/airflow/example_dags/example_time_delta_sensor_async.py
[2026-04-07T04:43:00.717+0530] {processor.py:925} INFO - DAG(s) 'example_time_delta_sensor_async' retrieved from /home/ubantu/miniconda3/envs/airflow-env/lib/python3.11/site-packages/airflow/example_dags/example_time_delta_sensor_async.py
[2026-04-07T04:43:00.731+0530] {logging_mixin.py:190} INFO - [2026-04-07T04:43:00.731+0530] {dag.py:3239} INFO - Sync 1 DAGs
[2026-04-07T04:43:00.743+0530] {logging_mixin.py:190} INFO - [2026-04-07T04:43:00.743+0530] {dag.py:4180} INFO - Setting next_dagrun for example_time_delta_sensor_async to None, run_after=None
[2026-04-07T04:43:00.760+0530] {processor.py:208} INFO - Processing /home/ubantu/miniconda3/envs/airflow-env/lib/python3.11/site-packages/airflow/example_dags/example_time_delta_sensor_async.py took 0.058 seconds
[2026-04-07T04:43:07.451+0530] {processor.py:186} INFO - Started process (PID=9138) to work on /home/ubantu/miniconda3/envs/airflow-env/lib/python3.11/site-packages/airflow/example_dags/example_time_delta_sensor_async.py
[2026-04-07T04:43:07.452+0530] {processor.py:914} INFO - Processing file /home/ubantu/miniconda3/envs/airflow-env/lib/python3.11/site-packages/airflow/example_dags/example_time_delta_sensor_async.py for tasks to queue
[2026-04-07T04:43:07.455+0530] {logging_mixin.py:190} INFO - [2026-04-07T04:43:07.454+0530] {dagbag.py:588} INFO - Filling up the DagBag from /home/ubantu/miniconda3/envs/airflow-env/lib/python3.11/site-packages/airflow/example_dags/example_time_delta_sensor_async.py
[2026-04-07T04:43:07.462+0530] {processor.py:925} INFO - DAG(s) 'example_time_delta_sensor_async' retrieved from /home/ubantu/miniconda3/envs/airflow-env/lib/python3.11/site-packages/airflow/example_dags/example_time_delta_sensor_async.py
[2026-04-07T04:43:07.475+0530] {logging_mixin.py:190} INFO - [2026-04-07T04:43:07.474+0530] {dag.py:3239} INFO - Sync 1 DAGs
[2026-04-07T04:43:07.486+0530] {logging_mixin.py:190} INFO - [2026-04-07T04:43:07.485+0530] {dag.py:4180} INFO - Setting next_dagrun for example_time_delta_sensor_async to None, run_after=None
[2026-04-07T04:43:07.503+0530] {processor.py:208} INFO - Processing /home/ubantu/miniconda3/envs/airflow-env/lib/python3.11/site-packages/airflow/example_dags/example_time_delta_sensor_async.py took 0.059 seconds
[2026-04-07T04:43:52.628+0530] {processor.py:186} INFO - Started process (PID=9246) to work on /home/ubantu/miniconda3/envs/airflow-env/lib/python3.11/site-packages/airflow/example_dags/example_time_delta_sensor_async.py
[2026-04-07T04:43:52.629+0530] {processor.py:914} INFO - Processing file /home/ubantu/miniconda3/envs/airflow-env/lib/python3.11/site-packages/airflow/example_dags/example_time_delta_sensor_async.py for tasks to queue
[2026-04-07T04:43:52.630+0530] {logging_mixin.py:190} INFO - [2026-04-07T04:43:52.630+0530] {dagbag.py:588} INFO - Filling up the DagBag from /home/ubantu/miniconda3/envs/airflow-env/lib/python3.11/site-packages/airflow/example_dags/example_time_delta_sensor_async.py
[2026-04-07T04:43:52.638+0530] {processor.py:925} INFO - DAG(s) 'example_time_delta_sensor_async' retrieved from /home/ubantu/miniconda3/envs/airflow-env/lib/python3.11/site-packages/airflow/example_dags/example_time_delta_sensor_async.py
[2026-04-07T04:43:52.653+0530] {logging_mixin.py:190} INFO - [2026-04-07T04:43:52.653+0530] {dag.py:3239} INFO - Sync 1 DAGs
[2026-04-07T04:43:52.665+0530] {logging_mixin.py:190} INFO - [2026-04-07T04:43:52.665+0530] {dag.py:4180} INFO - Setting next_dagrun for example_time_delta_sensor_async to None, run_after=None
[2026-04-07T04:43:52.683+0530] {processor.py:208} INFO - Processing /home/ubantu/miniconda3/envs/airflow-env/lib/python3.11/site-packages/airflow/example_dags/example_time_delta_sensor_async.py took 0.061 seconds
[2026-04-07T04:44:03.957+0530] {processor.py:186} INFO - Started process (PID=9280) to work on /home/ubantu/miniconda3/envs/airflow-env/lib/python3.11/site-packages/airflow/example_dags/example_time_delta_sensor_async.py
[2026-04-07T04:44:03.958+0530] {processor.py:914} INFO - Processing file /home/ubantu/miniconda3/envs/airflow-env/lib/python3.11/site-packages/airflow/example_dags/example_time_delta_sensor_async.py for tasks to queue
[2026-04-07T04:44:03.961+0530] {logging_mixin.py:190} INFO - [2026-04-07T04:44:03.960+0530] {dagbag.py:588} INFO - Filling up the DagBag from /home/ubantu/miniconda3/envs/airflow-env/lib/python3.11/site-packages/airflow/example_dags/example_time_delta_sensor_async.py
[2026-04-07T04:44:03.969+0530] {processor.py:925} INFO - DAG(s) 'example_time_delta_sensor_async' retrieved from /home/ubantu/miniconda3/envs/airflow-env/lib/python3.11/site-packages/airflow/example_dags/example_time_delta_sensor_async.py
[2026-04-07T04:44:03.985+0530] {logging_mixin.py:190} INFO - [2026-04-07T04:44:03.985+0530] {dag.py:3239} INFO - Sync 1 DAGs
[2026-04-07T04:44:03.996+0530] {logging_mixin.py:190} INFO - [2026-04-07T04:44:03.996+0530] {dag.py:4180} INFO - Setting next_dagrun for example_time_delta_sensor_async to None, run_after=None
[2026-04-07T04:44:04.013+0530] {processor.py:208} INFO - Processing /home/ubantu/miniconda3/envs/airflow-env/lib/python3.11/site-packages/airflow/example_dags/example_time_delta_sensor_async.py took 0.064 seconds
[2026-04-07T04:44:50.026+0530] {processor.py:186} INFO - Started process (PID=9376) to work on /home/ubantu/miniconda3/envs/airflow-env/lib/python3.11/site-packages/airflow/example_dags/example_time_delta_sensor_async.py
[2026-04-07T04:44:50.027+0530] {processor.py:914} INFO - Processing file /home/ubantu/miniconda3/envs/airflow-env/lib/python3.11/site-packages/airflow/example_dags/example_time_delta_sensor_async.py for tasks to queue
[2026-04-07T04:44:50.029+0530] {logging_mixin.py:190} INFO - [2026-04-07T04:44:50.028+0530] {dagbag.py:588} INFO - Filling up the DagBag from /home/ubantu/miniconda3/envs/airflow-env/lib/python3.11/site-packages/airflow/example_dags/example_time_delta_sensor_async.py
[2026-04-07T04:44:50.037+0530] {processor.py:925} INFO - DAG(s) 'example_time_delta_sensor_async' retrieved from /home/ubantu/miniconda3/envs/airflow-env/lib/python3.11/site-packages/airflow/example_dags/example_time_delta_sensor_async.py
[2026-04-07T04:44:50.053+0530] {logging_mixin.py:190} INFO - [2026-04-07T04:44:50.052+0530] {dag.py:3239} INFO - Sync 1 DAGs
[2026-04-07T04:44:50.064+0530] {logging_mixin.py:190} INFO - [2026-04-07T04:44:50.064+0530] {dag.py:4180} INFO - Setting next_dagrun for example_time_delta_sensor_async to None, run_after=None
[2026-04-07T04:44:50.083+0530] {processor.py:208} INFO - Processing /home/ubantu/miniconda3/envs/airflow-env/lib/python3.11/site-packages/airflow/example_dags/example_time_delta_sensor_async.py took 0.063 seconds
[2026-04-07T04:45:05.628+0530] {processor.py:186} INFO - Started process (PID=9416) to work on /home/ubantu/miniconda3/envs/airflow-env/lib/python3.11/site-packages/airflow/example_dags/example_time_delta_sensor_async.py
[2026-04-07T04:45:05.629+0530] {processor.py:914} INFO - Processing file /home/ubantu/miniconda3/envs/airflow-env/lib/python3.11/site-packages/airflow/example_dags/example_time_delta_sensor_async.py for tasks to queue
[2026-04-07T04:45:05.632+0530] {logging_mixin.py:190} INFO - [2026-04-07T04:45:05.632+0530] {dagbag.py:588} INFO - Filling up the DagBag from /home/ubantu/miniconda3/envs/airflow-env/lib/python3.11/site-packages/airflow/example_dags/example_time_delta_sensor_async.py
[2026-04-07T04:45:05.640+0530] {processor.py:925} INFO - DAG(s) 'example_time_delta_sensor_async' retrieved from /home/ubantu/miniconda3/envs/airflow-env/lib/python3.11/site-packages/airflow/example_dags/example_time_delta_sensor_async.py
[2026-04-07T04:45:05.654+0530] {logging_mixin.py:190} INFO - [2026-04-07T04:45:05.654+0530] {dag.py:3239} INFO - Sync 1 DAGs
[2026-04-07T04:45:05.666+0530] {logging_mixin.py:190} INFO - [2026-04-07T04:45:05.666+0530] {dag.py:4180} INFO - Setting next_dagrun for example_time_delta_sensor_async to None, run_after=None
[2026-04-07T04:45:05.686+0530] {processor.py:208} INFO - Processing /home/ubantu/miniconda3/envs/airflow-env/lib/python3.11/site-packages/airflow/example_dags/example_time_delta_sensor_async.py took 0.063 seconds
[2026-04-07T04:45:44.204+0530] {processor.py:186} INFO - Started process (PID=9499) to work on /home/ubantu/miniconda3/envs/airflow-env/lib/python3.11/site-packages/airflow/example_dags/example_time_delta_sensor_async.py
[2026-04-07T04:45:44.205+0530] {processor.py:914} INFO - Processing file /home/ubantu/miniconda3/envs/airflow-env/lib/python3.11/site-packages/airflow/example_dags/example_time_delta_sensor_async.py for tasks to queue
[2026-04-07T04:45:44.207+0530] {logging_mixin.py:190} INFO - [2026-04-07T04:45:44.206+0530] {dagbag.py:588} INFO - Filling up the DagBag from /home/ubantu/miniconda3/envs/airflow-env/lib/python3.11/site-packages/airflow/example_dags/example_time_delta_sensor_async.py
[2026-04-07T04:45:44.214+0530] {processor.py:925} INFO - DAG(s) 'example_time_delta_sensor_async' retrieved from /home/ubantu/miniconda3/envs/airflow-env/lib/python3.11/site-packages/airflow/example_dags/example_time_delta_sensor_async.py
[2026-04-07T04:45:44.229+0530] {logging_mixin.py:190} INFO - [2026-04-07T04:45:44.229+0530] {dag.py:3239} INFO - Sync 1 DAGs
[2026-04-07T04:45:44.241+0530] {logging_mixin.py:190} INFO - [2026-04-07T04:45:44.241+0530] {dag.py:4180} INFO - Setting next_dagrun for example_time_delta_sensor_async to None, run_after=None
[2026-04-07T04:45:44.261+0530] {processor.py:208} INFO - Processing /home/ubantu/miniconda3/envs/airflow-env/lib/python3.11/site-packages/airflow/example_dags/example_time_delta_sensor_async.py took 0.063 seconds
[2026-04-07T04:45:59.858+0530] {processor.py:186} INFO - Started process (PID=9535) to work on /home/ubantu/miniconda3/envs/airflow-env/lib/python3.11/site-packages/airflow/example_dags/example_time_delta_sensor_async.py
[2026-04-07T04:45:59.859+0530] {processor.py:914} INFO - Processing file /home/ubantu/miniconda3/envs/airflow-env/lib/python3.11/site-packages/airflow/example_dags/example_time_delta_sensor_async.py for tasks to queue
[2026-04-07T04:45:59.861+0530] {logging_mixin.py:190} INFO - [2026-04-07T04:45:59.861+0530] {dagbag.py:588} INFO - Filling up the DagBag from /home/ubantu/miniconda3/envs/airflow-env/lib/python3.11/site-packages/airflow/example_dags/example_time_delta_sensor_async.py
[2026-04-07T04:45:59.868+0530] {processor.py:925} INFO - DAG(s) 'example_time_delta_sensor_async' retrieved from /home/ubantu/miniconda3/envs/airflow-env/lib/python3.11/site-packages/airflow/example_dags/example_time_delta_sensor_async.py
[2026-04-07T04:45:59.883+0530] {logging_mixin.py:190} INFO - [2026-04-07T04:45:59.882+0530] {dag.py:3239} INFO - Sync 1 DAGs
[2026-04-07T04:45:59.894+0530] {logging_mixin.py:190} INFO - [2026-04-07T04:45:59.894+0530] {dag.py:4180} INFO - Setting next_dagrun for example_time_delta_sensor_async to None, run_after=None
[2026-04-07T04:45:59.914+0530] {processor.py:208} INFO - Processing /home/ubantu/miniconda3/envs/airflow-env/lib/python3.11/site-packages/airflow/example_dags/example_time_delta_sensor_async.py took 0.062 seconds
[2026-04-07T04:46:35.854+0530] {processor.py:186} INFO - Started process (PID=9615) to work on /home/ubantu/miniconda3/envs/airflow-env/lib/python3.11/site-packages/airflow/example_dags/example_time_delta_sensor_async.py
[2026-04-07T04:46:35.855+0530] {processor.py:914} INFO - Processing file /home/ubantu/miniconda3/envs/airflow-env/lib/python3.11/site-packages/airflow/example_dags/example_time_delta_sensor_async.py for tasks to queue
[2026-04-07T04:46:35.857+0530] {logging_mixin.py:190} INFO - [2026-04-07T04:46:35.856+0530] {dagbag.py:588} INFO - Filling up the DagBag from /home/ubantu/miniconda3/envs/airflow-env/lib/python3.11/site-packages/airflow/example_dags/example_time_delta_sensor_async.py
[2026-04-07T04:46:35.863+0530] {processor.py:925} INFO - DAG(s) 'example_time_delta_sensor_async' retrieved from /home/ubantu/miniconda3/envs/airflow-env/lib/python3.11/site-packages/airflow/example_dags/example_time_delta_sensor_async.py
[2026-04-07T04:46:35.877+0530] {logging_mixin.py:190} INFO - [2026-04-07T04:46:35.877+0530] {dag.py:3239} INFO - Sync 1 DAGs
[2026-04-07T04:46:35.888+0530] {logging_mixin.py:190} INFO - [2026-04-07T04:46:35.888+0530] {dag.py:4180} INFO - Setting next_dagrun for example_time_delta_sensor_async to None, run_after=None
[2026-04-07T04:46:35.906+0530] {processor.py:208} INFO - Processing /home/ubantu/miniconda3/envs/airflow-env/lib/python3.11/site-packages/airflow/example_dags/example_time_delta_sensor_async.py took 0.058 seconds
[2026-04-07T04:46:54.554+0530] {processor.py:186} INFO - Started process (PID=9654) to work on /home/ubantu/miniconda3/envs/airflow-env/lib/python3.11/site-packages/airflow/example_dags/example_time_delta_sensor_async.py
[2026-04-07T04:46:54.555+0530] {processor.py:914} INFO - Processing file /home/ubantu/miniconda3/envs/airflow-env/lib/python3.11/site-packages/airflow/example_dags/example_time_delta_sensor_async.py for tasks to queue
[2026-04-07T04:46:54.557+0530] {logging_mixin.py:190} INFO - [2026-04-07T04:46:54.556+0530] {dagbag.py:588} INFO - Filling up the DagBag from /home/ubantu/miniconda3/envs/airflow-env/lib/python3.11/site-packages/airflow/example_dags/example_time_delta_sensor_async.py
[2026-04-07T04:46:54.564+0530] {processor.py:925} INFO - DAG(s) 'example_time_delta_sensor_async' retrieved from /home/ubantu/miniconda3/envs/airflow-env/lib/python3.11/site-packages/airflow/example_dags/example_time_delta_sensor_async.py
[2026-04-07T04:46:54.580+0530] {logging_mixin.py:190} INFO - [2026-04-07T04:46:54.579+0530] {dag.py:3239} INFO - Sync 1 DAGs
[2026-04-07T04:46:54.592+0530] {logging_mixin.py:190} INFO - [2026-04-07T04:46:54.592+0530] {dag.py:4180} INFO - Setting next_dagrun for example_time_delta_sensor_async to None, run_after=None
[2026-04-07T04:46:54.612+0530] {processor.py:208} INFO - Processing /home/ubantu/miniconda3/envs/airflow-env/lib/python3.11/site-packages/airflow/example_dags/example_time_delta_sensor_async.py took 0.064 seconds
[2026-04-07T04:47:28.864+0530] {processor.py:186} INFO - Started process (PID=9738) to work on /home/ubantu/miniconda3/envs/airflow-env/lib/python3.11/site-packages/airflow/example_dags/example_time_delta_sensor_async.py
[2026-04-07T04:47:28.866+0530] {processor.py:914} INFO - Processing file /home/ubantu/miniconda3/envs/airflow-env/lib/python3.11/site-packages/airflow/example_dags/example_time_delta_sensor_async.py for tasks to queue
[2026-04-07T04:47:28.867+0530] {logging_mixin.py:190} INFO - [2026-04-07T04:47:28.867+0530] {dagbag.py:588} INFO - Filling up the DagBag from /home/ubantu/miniconda3/envs/airflow-env/lib/python3.11/site-packages/airflow/example_dags/example_time_delta_sensor_async.py
[2026-04-07T04:47:28.878+0530] {processor.py:925} INFO - DAG(s) 'example_time_delta_sensor_async' retrieved from /home/ubantu/miniconda3/envs/airflow-env/lib/python3.11/site-packages/airflow/example_dags/example_time_delta_sensor_async.py
[2026-04-07T04:47:28.894+0530] {logging_mixin.py:190} INFO - [2026-04-07T04:47:28.894+0530] {dag.py:3239} INFO - Sync 1 DAGs
[2026-04-07T04:47:28.906+0530] {logging_mixin.py:190} INFO - [2026-04-07T04:47:28.906+0530] {dag.py:4180} INFO - Setting next_dagrun for example_time_delta_sensor_async to None, run_after=None
[2026-04-07T04:47:28.925+0530] {processor.py:208} INFO - Processing /home/ubantu/miniconda3/envs/airflow-env/lib/python3.11/site-packages/airflow/example_dags/example_time_delta_sensor_async.py took 0.068 seconds
[2026-04-07T04:47:53.149+0530] {processor.py:186} INFO - Started process (PID=9798) to work on /home/ubantu/miniconda3/envs/airflow-env/lib/python3.11/site-packages/airflow/example_dags/example_time_delta_sensor_async.py
[2026-04-07T04:47:53.150+0530] {processor.py:914} INFO - Processing file /home/ubantu/miniconda3/envs/airflow-env/lib/python3.11/site-packages/airflow/example_dags/example_time_delta_sensor_async.py for tasks to queue
[2026-04-07T04:47:53.152+0530] {logging_mixin.py:190} INFO - [2026-04-07T04:47:53.152+0530] {dagbag.py:588} INFO - Filling up the DagBag from /home/ubantu/miniconda3/envs/airflow-env/lib/python3.11/site-packages/airflow/example_dags/example_time_delta_sensor_async.py
[2026-04-07T04:47:53.159+0530] {processor.py:925} INFO - DAG(s) 'example_time_delta_sensor_async' retrieved from /home/ubantu/miniconda3/envs/airflow-env/lib/python3.11/site-packages/airflow/example_dags/example_time_delta_sensor_async.py
[2026-04-07T04:47:53.174+0530] {logging_mixin.py:190} INFO - [2026-04-07T04:47:53.174+0530] {dag.py:3239} INFO - Sync 1 DAGs
[2026-04-07T04:47:53.186+0530] {logging_mixin.py:190} INFO - [2026-04-07T04:47:53.186+0530] {dag.py:4180} INFO - Setting next_dagrun for example_time_delta_sensor_async to None, run_after=None
[2026-04-07T04:47:53.203+0530] {processor.py:208} INFO - Processing /home/ubantu/miniconda3/envs/airflow-env/lib/python3.11/site-packages/airflow/example_dags/example_time_delta_sensor_async.py took 0.060 seconds
[2026-04-07T05:09:56.417+0530] {processor.py:186} INFO - Started process (PID=10966) to work on /home/ubantu/miniconda3/envs/airflow-env/lib/python3.11/site-packages/airflow/example_dags/example_time_delta_sensor_async.py
[2026-04-07T05:09:56.418+0530] {processor.py:914} INFO - Processing file /home/ubantu/miniconda3/envs/airflow-env/lib/python3.11/site-packages/airflow/example_dags/example_time_delta_sensor_async.py for tasks to queue
[2026-04-07T05:09:56.420+0530] {logging_mixin.py:190} INFO - [2026-04-07T05:09:56.420+0530] {dagbag.py:588} INFO - Filling up the DagBag from /home/ubantu/miniconda3/envs/airflow-env/lib/python3.11/site-packages/airflow/example_dags/example_time_delta_sensor_async.py
[2026-04-07T05:09:56.428+0530] {processor.py:925} INFO - DAG(s) 'example_time_delta_sensor_async' retrieved from /home/ubantu/miniconda3/envs/airflow-env/lib/python3.11/site-packages/airflow/example_dags/example_time_delta_sensor_async.py
[2026-04-07T05:09:56.514+0530] {logging_mixin.py:190} INFO - [2026-04-07T05:09:56.514+0530] {dag.py:3239} INFO - Sync 1 DAGs
[2026-04-07T05:09:56.524+0530] {logging_mixin.py:190} INFO - [2026-04-07T05:09:56.523+0530] {dag.py:4180} INFO - Setting next_dagrun for example_time_delta_sensor_async to None, run_after=None
[2026-04-07T05:09:56.541+0530] {processor.py:208} INFO - Processing /home/ubantu/miniconda3/envs/airflow-env/lib/python3.11/site-packages/airflow/example_dags/example_time_delta_sensor_async.py took 0.132 seconds
[2026-04-07T05:11:26.947+0530] {processor.py:186} INFO - Started process (PID=11119) to work on /home/ubantu/miniconda3/envs/airflow-env/lib/python3.11/site-packages/airflow/example_dags/example_time_delta_sensor_async.py
[2026-04-07T05:11:26.948+0530] {processor.py:914} INFO - Processing file /home/ubantu/miniconda3/envs/airflow-env/lib/python3.11/site-packages/airflow/example_dags/example_time_delta_sensor_async.py for tasks to queue
[2026-04-07T05:11:26.950+0530] {logging_mixin.py:190} INFO - [2026-04-07T05:11:26.950+0530] {dagbag.py:588} INFO - Filling up the DagBag from /home/ubantu/miniconda3/envs/airflow-env/lib/python3.11/site-packages/airflow/example_dags/example_time_delta_sensor_async.py
[2026-04-07T05:11:26.958+0530] {processor.py:925} INFO - DAG(s) 'example_time_delta_sensor_async' retrieved from /home/ubantu/miniconda3/envs/airflow-env/lib/python3.11/site-packages/airflow/example_dags/example_time_delta_sensor_async.py
[2026-04-07T05:11:26.975+0530] {logging_mixin.py:190} INFO - [2026-04-07T05:11:26.975+0530] {dag.py:3239} INFO - Sync 1 DAGs
[2026-04-07T05:11:26.987+0530] {logging_mixin.py:190} INFO - [2026-04-07T05:11:26.987+0530] {dag.py:4180} INFO - Setting next_dagrun for example_time_delta_sensor_async to None, run_after=None
[2026-04-07T05:11:27.005+0530] {processor.py:208} INFO - Processing /home/ubantu/miniconda3/envs/airflow-env/lib/python3.11/site-packages/airflow/example_dags/example_time_delta_sensor_async.py took 0.064 seconds
[2026-04-07T05:12:25.106+0530] {processor.py:186} INFO - Started process (PID=11201) to work on /home/ubantu/miniconda3/envs/airflow-env/lib/python3.11/site-packages/airflow/example_dags/example_time_delta_sensor_async.py
[2026-04-07T05:12:25.107+0530] {processor.py:914} INFO - Processing file /home/ubantu/miniconda3/envs/airflow-env/lib/python3.11/site-packages/airflow/example_dags/example_time_delta_sensor_async.py for tasks to queue
[2026-04-07T05:12:25.109+0530] {logging_mixin.py:190} INFO - [2026-04-07T05:12:25.109+0530] {dagbag.py:588} INFO - Filling up the DagBag from /home/ubantu/miniconda3/envs/airflow-env/lib/python3.11/site-packages/airflow/example_dags/example_time_delta_sensor_async.py
[2026-04-07T05:12:25.116+0530] {processor.py:925} INFO - DAG(s) 'example_time_delta_sensor_async' retrieved from /home/ubantu/miniconda3/envs/airflow-env/lib/python3.11/site-packages/airflow/example_dags/example_time_delta_sensor_async.py
[2026-04-07T05:12:25.129+0530] {logging_mixin.py:190} INFO - [2026-04-07T05:12:25.129+0530] {dag.py:3239} INFO - Sync 1 DAGs
[2026-04-07T05:12:25.141+0530] {logging_mixin.py:190} INFO - [2026-04-07T05:12:25.141+0530] {dag.py:4180} INFO - Setting next_dagrun for example_time_delta_sensor_async to None, run_after=None
[2026-04-07T05:12:25.160+0530] {processor.py:208} INFO - Processing /home/ubantu/miniconda3/envs/airflow-env/lib/python3.11/site-packages/airflow/example_dags/example_time_delta_sensor_async.py took 0.060 seconds
[2026-04-07T05:13:25.999+0530] {processor.py:186} INFO - Started process (PID=11292) to work on /home/ubantu/miniconda3/envs/airflow-env/lib/python3.11/site-packages/airflow/example_dags/example_time_delta_sensor_async.py
[2026-04-07T05:13:26.000+0530] {processor.py:914} INFO - Processing file /home/ubantu/miniconda3/envs/airflow-env/lib/python3.11/site-packages/airflow/example_dags/example_time_delta_sensor_async.py for tasks to queue
[2026-04-07T05:13:26.004+0530] {logging_mixin.py:190} INFO - [2026-04-07T05:13:26.003+0530] {dagbag.py:588} INFO - Filling up the DagBag from /home/ubantu/miniconda3/envs/airflow-env/lib/python3.11/site-packages/airflow/example_dags/example_time_delta_sensor_async.py
[2026-04-07T05:13:26.013+0530] {processor.py:925} INFO - DAG(s) 'example_time_delta_sensor_async' retrieved from /home/ubantu/miniconda3/envs/airflow-env/lib/python3.11/site-packages/airflow/example_dags/example_time_delta_sensor_async.py
[2026-04-07T05:13:26.031+0530] {logging_mixin.py:190} INFO - [2026-04-07T05:13:26.030+0530] {dag.py:3239} INFO - Sync 1 DAGs
[2026-04-07T05:13:26.041+0530] {logging_mixin.py:190} INFO - [2026-04-07T05:13:26.041+0530] {dag.py:4180} INFO - Setting next_dagrun for example_time_delta_sensor_async to None, run_after=None
[2026-04-07T05:13:26.062+0530] {processor.py:208} INFO - Processing /home/ubantu/miniconda3/envs/airflow-env/lib/python3.11/site-packages/airflow/example_dags/example_time_delta_sensor_async.py took 0.071 seconds
[2026-04-07T05:17:35.498+0530] {processor.py:186} INFO - Started process (PID=11563) to work on /home/ubantu/miniconda3/envs/airflow-env/lib/python3.11/site-packages/airflow/example_dags/example_time_delta_sensor_async.py
[2026-04-07T05:17:35.500+0530] {processor.py:914} INFO - Processing file /home/ubantu/miniconda3/envs/airflow-env/lib/python3.11/site-packages/airflow/example_dags/example_time_delta_sensor_async.py for tasks to queue
[2026-04-07T05:17:35.505+0530] {logging_mixin.py:190} INFO - [2026-04-07T05:17:35.504+0530] {dagbag.py:588} INFO - Filling up the DagBag from /home/ubantu/miniconda3/envs/airflow-env/lib/python3.11/site-packages/airflow/example_dags/example_time_delta_sensor_async.py
[2026-04-07T05:17:35.525+0530] {processor.py:925} INFO - DAG(s) 'example_time_delta_sensor_async' retrieved from /home/ubantu/miniconda3/envs/airflow-env/lib/python3.11/site-packages/airflow/example_dags/example_time_delta_sensor_async.py
[2026-04-07T05:17:35.553+0530] {logging_mixin.py:190} INFO - [2026-04-07T05:17:35.553+0530] {dag.py:3239} INFO - Sync 1 DAGs
[2026-04-07T05:17:35.565+0530] {logging_mixin.py:190} INFO - [2026-04-07T05:17:35.565+0530] {dag.py:4180} INFO - Setting next_dagrun for example_time_delta_sensor_async to None, run_after=None
[2026-04-07T05:17:35.584+0530] {processor.py:208} INFO - Processing /home/ubantu/miniconda3/envs/airflow-env/lib/python3.11/site-packages/airflow/example_dags/example_time_delta_sensor_async.py took 0.097 seconds
