[2026-04-07T04:07:27.997+0530] {processor.py:186} INFO - Started process (PID=5632) to work on /home/ubantu/miniconda3/envs/airflow-env/lib/python3.11/site-packages/airflow/example_dags/example_xcomargs.py
[2026-04-07T04:07:27.997+0530] {processor.py:914} INFO - Processing file /home/ubantu/miniconda3/envs/airflow-env/lib/python3.11/site-packages/airflow/example_dags/example_xcomargs.py for tasks to queue
[2026-04-07T04:07:28.000+0530] {logging_mixin.py:190} INFO - [2026-04-07T04:07:27.999+0530] {dagbag.py:588} INFO - Filling up the DagBag from /home/ubantu/miniconda3/envs/airflow-env/lib/python3.11/site-packages/airflow/example_dags/example_xcomargs.py
[2026-04-07T04:07:28.011+0530] {processor.py:925} INFO - DAG(s) 'example_xcom_args_with_operators', 'example_xcom_args' retrieved from /home/ubantu/miniconda3/envs/airflow-env/lib/python3.11/site-packages/airflow/example_dags/example_xcomargs.py
[2026-04-07T04:07:28.103+0530] {logging_mixin.py:190} INFO - [2026-04-07T04:07:28.103+0530] {override.py:1911} INFO - Created Permission View: can delete on DAG:example_xcom_args_with_operators
[2026-04-07T04:07:28.114+0530] {logging_mixin.py:190} INFO - [2026-04-07T04:07:28.113+0530] {override.py:1911} INFO - Created Permission View: can edit on DAG:example_xcom_args_with_operators
[2026-04-07T04:07:28.121+0530] {logging_mixin.py:190} INFO - [2026-04-07T04:07:28.120+0530] {override.py:1911} INFO - Created Permission View: can read on DAG:example_xcom_args_with_operators
[2026-04-07T04:07:28.130+0530] {logging_mixin.py:190} INFO - [2026-04-07T04:07:28.129+0530] {override.py:1911} INFO - Created Permission View: can create on DAG Run:example_xcom_args_with_operators
[2026-04-07T04:07:28.136+0530] {logging_mixin.py:190} INFO - [2026-04-07T04:07:28.136+0530] {override.py:1911} INFO - Created Permission View: can delete on DAG Run:example_xcom_args_with_operators
[2026-04-07T04:07:28.143+0530] {logging_mixin.py:190} INFO - [2026-04-07T04:07:28.143+0530] {override.py:1911} INFO - Created Permission View: menu access on DAG Run:example_xcom_args_with_operators
[2026-04-07T04:07:28.150+0530] {logging_mixin.py:190} INFO - [2026-04-07T04:07:28.149+0530] {override.py:1911} INFO - Created Permission View: can read on DAG Run:example_xcom_args_with_operators
[2026-04-07T04:07:28.164+0530] {logging_mixin.py:190} INFO - [2026-04-07T04:07:28.164+0530] {override.py:1911} INFO - Created Permission View: can delete on DAG:example_xcom_args
[2026-04-07T04:07:28.171+0530] {logging_mixin.py:190} INFO - [2026-04-07T04:07:28.170+0530] {override.py:1911} INFO - Created Permission View: can edit on DAG:example_xcom_args
[2026-04-07T04:07:28.178+0530] {logging_mixin.py:190} INFO - [2026-04-07T04:07:28.178+0530] {override.py:1911} INFO - Created Permission View: can read on DAG:example_xcom_args
[2026-04-07T04:07:28.190+0530] {logging_mixin.py:190} INFO - [2026-04-07T04:07:28.190+0530] {override.py:1911} INFO - Created Permission View: can create on DAG Run:example_xcom_args
[2026-04-07T04:07:28.198+0530] {logging_mixin.py:190} INFO - [2026-04-07T04:07:28.198+0530] {override.py:1911} INFO - Created Permission View: can delete on DAG Run:example_xcom_args
[2026-04-07T04:07:28.206+0530] {logging_mixin.py:190} INFO - [2026-04-07T04:07:28.206+0530] {override.py:1911} INFO - Created Permission View: menu access on DAG Run:example_xcom_args
[2026-04-07T04:07:28.214+0530] {logging_mixin.py:190} INFO - [2026-04-07T04:07:28.214+0530] {override.py:1911} INFO - Created Permission View: can read on DAG Run:example_xcom_args
[2026-04-07T04:07:28.215+0530] {logging_mixin.py:190} INFO - [2026-04-07T04:07:28.215+0530] {dag.py:3239} INFO - Sync 2 DAGs
[2026-04-07T04:07:28.226+0530] {logging_mixin.py:190} INFO - [2026-04-07T04:07:28.225+0530] {dag.py:3262} INFO - Creating ORM DAG for example_xcom_args_with_operators
[2026-04-07T04:07:28.226+0530] {logging_mixin.py:190} INFO - [2026-04-07T04:07:28.226+0530] {dag.py:3262} INFO - Creating ORM DAG for example_xcom_args
[2026-04-07T04:07:28.226+0530] {logging_mixin.py:190} INFO - [2026-04-07T04:07:28.226+0530] {dag.py:4180} INFO - Setting next_dagrun for example_xcom_args to None, run_after=None
[2026-04-07T04:07:28.227+0530] {logging_mixin.py:190} INFO - [2026-04-07T04:07:28.227+0530] {dag.py:4180} INFO - Setting next_dagrun for example_xcom_args_with_operators to None, run_after=None
[2026-04-07T04:07:28.242+0530] {processor.py:208} INFO - Processing /home/ubantu/miniconda3/envs/airflow-env/lib/python3.11/site-packages/airflow/example_dags/example_xcomargs.py took 0.252 seconds
[2026-04-07T04:08:32.901+0530] {processor.py:186} INFO - Started process (PID=5938) to work on /home/ubantu/miniconda3/envs/airflow-env/lib/python3.11/site-packages/airflow/example_dags/example_xcomargs.py
[2026-04-07T04:08:32.902+0530] {processor.py:914} INFO - Processing file /home/ubantu/miniconda3/envs/airflow-env/lib/python3.11/site-packages/airflow/example_dags/example_xcomargs.py for tasks to queue
[2026-04-07T04:08:32.906+0530] {logging_mixin.py:190} INFO - [2026-04-07T04:08:32.905+0530] {dagbag.py:588} INFO - Filling up the DagBag from /home/ubantu/miniconda3/envs/airflow-env/lib/python3.11/site-packages/airflow/example_dags/example_xcomargs.py
[2026-04-07T04:08:32.922+0530] {processor.py:925} INFO - DAG(s) 'example_xcom_args', 'example_xcom_args_with_operators' retrieved from /home/ubantu/miniconda3/envs/airflow-env/lib/python3.11/site-packages/airflow/example_dags/example_xcomargs.py
[2026-04-07T04:08:32.946+0530] {logging_mixin.py:190} INFO - [2026-04-07T04:08:32.945+0530] {dag.py:3239} INFO - Sync 2 DAGs
[2026-04-07T04:08:32.967+0530] {logging_mixin.py:190} INFO - [2026-04-07T04:08:32.966+0530] {dag.py:4180} INFO - Setting next_dagrun for example_xcom_args to None, run_after=None
[2026-04-07T04:08:32.971+0530] {logging_mixin.py:190} INFO - [2026-04-07T04:08:32.971+0530] {dag.py:4180} INFO - Setting next_dagrun for example_xcom_args_with_operators to None, run_after=None
[2026-04-07T04:08:32.991+0530] {processor.py:208} INFO - Processing /home/ubantu/miniconda3/envs/airflow-env/lib/python3.11/site-packages/airflow/example_dags/example_xcomargs.py took 0.099 seconds
[2026-04-07T04:09:29.528+0530] {processor.py:186} INFO - Started process (PID=6130) to work on /home/ubantu/miniconda3/envs/airflow-env/lib/python3.11/site-packages/airflow/example_dags/example_xcomargs.py
[2026-04-07T04:09:29.529+0530] {processor.py:914} INFO - Processing file /home/ubantu/miniconda3/envs/airflow-env/lib/python3.11/site-packages/airflow/example_dags/example_xcomargs.py for tasks to queue
[2026-04-07T04:09:29.530+0530] {logging_mixin.py:190} INFO - [2026-04-07T04:09:29.530+0530] {dagbag.py:588} INFO - Filling up the DagBag from /home/ubantu/miniconda3/envs/airflow-env/lib/python3.11/site-packages/airflow/example_dags/example_xcomargs.py
[2026-04-07T04:09:29.541+0530] {processor.py:925} INFO - DAG(s) 'example_xcom_args', 'example_xcom_args_with_operators' retrieved from /home/ubantu/miniconda3/envs/airflow-env/lib/python3.11/site-packages/airflow/example_dags/example_xcomargs.py
[2026-04-07T04:09:29.558+0530] {logging_mixin.py:190} INFO - [2026-04-07T04:09:29.558+0530] {dag.py:3239} INFO - Sync 2 DAGs
[2026-04-07T04:09:29.570+0530] {logging_mixin.py:190} INFO - [2026-04-07T04:09:29.570+0530] {dag.py:4180} INFO - Setting next_dagrun for example_xcom_args to None, run_after=None
[2026-04-07T04:09:29.573+0530] {logging_mixin.py:190} INFO - [2026-04-07T04:09:29.573+0530] {dag.py:4180} INFO - Setting next_dagrun for example_xcom_args_with_operators to None, run_after=None
[2026-04-07T04:09:29.590+0530] {processor.py:208} INFO - Processing /home/ubantu/miniconda3/envs/airflow-env/lib/python3.11/site-packages/airflow/example_dags/example_xcomargs.py took 0.068 seconds
[2026-04-07T04:10:26.489+0530] {processor.py:186} INFO - Started process (PID=6199) to work on /home/ubantu/miniconda3/envs/airflow-env/lib/python3.11/site-packages/airflow/example_dags/example_xcomargs.py
[2026-04-07T04:10:26.490+0530] {processor.py:914} INFO - Processing file /home/ubantu/miniconda3/envs/airflow-env/lib/python3.11/site-packages/airflow/example_dags/example_xcomargs.py for tasks to queue
[2026-04-07T04:10:26.493+0530] {logging_mixin.py:190} INFO - [2026-04-07T04:10:26.492+0530] {dagbag.py:588} INFO - Filling up the DagBag from /home/ubantu/miniconda3/envs/airflow-env/lib/python3.11/site-packages/airflow/example_dags/example_xcomargs.py
[2026-04-07T04:10:26.505+0530] {processor.py:925} INFO - DAG(s) 'example_xcom_args_with_operators', 'example_xcom_args' retrieved from /home/ubantu/miniconda3/envs/airflow-env/lib/python3.11/site-packages/airflow/example_dags/example_xcomargs.py
[2026-04-07T04:10:26.523+0530] {logging_mixin.py:190} INFO - [2026-04-07T04:10:26.523+0530] {dag.py:3239} INFO - Sync 2 DAGs
[2026-04-07T04:10:26.535+0530] {logging_mixin.py:190} INFO - [2026-04-07T04:10:26.535+0530] {dag.py:4180} INFO - Setting next_dagrun for example_xcom_args to None, run_after=None
[2026-04-07T04:10:26.538+0530] {logging_mixin.py:190} INFO - [2026-04-07T04:10:26.538+0530] {dag.py:4180} INFO - Setting next_dagrun for example_xcom_args_with_operators to None, run_after=None
[2026-04-07T04:10:26.553+0530] {processor.py:208} INFO - Processing /home/ubantu/miniconda3/envs/airflow-env/lib/python3.11/site-packages/airflow/example_dags/example_xcomargs.py took 0.071 seconds
[2026-04-07T04:11:16.626+0530] {processor.py:186} INFO - Started process (PID=6260) to work on /home/ubantu/miniconda3/envs/airflow-env/lib/python3.11/site-packages/airflow/example_dags/example_xcomargs.py
[2026-04-07T04:11:16.627+0530] {processor.py:914} INFO - Processing file /home/ubantu/miniconda3/envs/airflow-env/lib/python3.11/site-packages/airflow/example_dags/example_xcomargs.py for tasks to queue
[2026-04-07T04:11:16.630+0530] {logging_mixin.py:190} INFO - [2026-04-07T04:11:16.630+0530] {dagbag.py:588} INFO - Filling up the DagBag from /home/ubantu/miniconda3/envs/airflow-env/lib/python3.11/site-packages/airflow/example_dags/example_xcomargs.py
[2026-04-07T04:11:16.642+0530] {processor.py:925} INFO - DAG(s) 'example_xcom_args', 'example_xcom_args_with_operators' retrieved from /home/ubantu/miniconda3/envs/airflow-env/lib/python3.11/site-packages/airflow/example_dags/example_xcomargs.py
[2026-04-07T04:11:16.660+0530] {logging_mixin.py:190} INFO - [2026-04-07T04:11:16.660+0530] {dag.py:3239} INFO - Sync 2 DAGs
[2026-04-07T04:11:16.672+0530] {logging_mixin.py:190} INFO - [2026-04-07T04:11:16.672+0530] {dag.py:4180} INFO - Setting next_dagrun for example_xcom_args to None, run_after=None
[2026-04-07T04:11:16.675+0530] {logging_mixin.py:190} INFO - [2026-04-07T04:11:16.675+0530] {dag.py:4180} INFO - Setting next_dagrun for example_xcom_args_with_operators to None, run_after=None
[2026-04-07T04:11:16.692+0530] {processor.py:208} INFO - Processing /home/ubantu/miniconda3/envs/airflow-env/lib/python3.11/site-packages/airflow/example_dags/example_xcomargs.py took 0.072 seconds
[2026-04-07T04:12:09.681+0530] {processor.py:186} INFO - Started process (PID=6327) to work on /home/ubantu/miniconda3/envs/airflow-env/lib/python3.11/site-packages/airflow/example_dags/example_xcomargs.py
[2026-04-07T04:12:09.682+0530] {processor.py:914} INFO - Processing file /home/ubantu/miniconda3/envs/airflow-env/lib/python3.11/site-packages/airflow/example_dags/example_xcomargs.py for tasks to queue
[2026-04-07T04:12:09.685+0530] {logging_mixin.py:190} INFO - [2026-04-07T04:12:09.685+0530] {dagbag.py:588} INFO - Filling up the DagBag from /home/ubantu/miniconda3/envs/airflow-env/lib/python3.11/site-packages/airflow/example_dags/example_xcomargs.py
[2026-04-07T04:12:09.697+0530] {processor.py:925} INFO - DAG(s) 'example_xcom_args_with_operators', 'example_xcom_args' retrieved from /home/ubantu/miniconda3/envs/airflow-env/lib/python3.11/site-packages/airflow/example_dags/example_xcomargs.py
[2026-04-07T04:12:09.718+0530] {logging_mixin.py:190} INFO - [2026-04-07T04:12:09.717+0530] {dag.py:3239} INFO - Sync 2 DAGs
[2026-04-07T04:12:09.732+0530] {logging_mixin.py:190} INFO - [2026-04-07T04:12:09.732+0530] {dag.py:4180} INFO - Setting next_dagrun for example_xcom_args to None, run_after=None
[2026-04-07T04:12:09.735+0530] {logging_mixin.py:190} INFO - [2026-04-07T04:12:09.735+0530] {dag.py:4180} INFO - Setting next_dagrun for example_xcom_args_with_operators to None, run_after=None
[2026-04-07T04:12:09.750+0530] {processor.py:208} INFO - Processing /home/ubantu/miniconda3/envs/airflow-env/lib/python3.11/site-packages/airflow/example_dags/example_xcomargs.py took 0.076 seconds
[2026-04-07T04:13:02.307+0530] {processor.py:186} INFO - Started process (PID=6385) to work on /home/ubantu/miniconda3/envs/airflow-env/lib/python3.11/site-packages/airflow/example_dags/example_xcomargs.py
[2026-04-07T04:13:02.309+0530] {processor.py:914} INFO - Processing file /home/ubantu/miniconda3/envs/airflow-env/lib/python3.11/site-packages/airflow/example_dags/example_xcomargs.py for tasks to queue
[2026-04-07T04:13:02.312+0530] {logging_mixin.py:190} INFO - [2026-04-07T04:13:02.311+0530] {dagbag.py:588} INFO - Filling up the DagBag from /home/ubantu/miniconda3/envs/airflow-env/lib/python3.11/site-packages/airflow/example_dags/example_xcomargs.py
[2026-04-07T04:13:02.324+0530] {processor.py:925} INFO - DAG(s) 'example_xcom_args_with_operators', 'example_xcom_args' retrieved from /home/ubantu/miniconda3/envs/airflow-env/lib/python3.11/site-packages/airflow/example_dags/example_xcomargs.py
[2026-04-07T04:13:02.343+0530] {logging_mixin.py:190} INFO - [2026-04-07T04:13:02.343+0530] {dag.py:3239} INFO - Sync 2 DAGs
[2026-04-07T04:13:02.356+0530] {logging_mixin.py:190} INFO - [2026-04-07T04:13:02.355+0530] {dag.py:4180} INFO - Setting next_dagrun for example_xcom_args to None, run_after=None
[2026-04-07T04:13:02.358+0530] {logging_mixin.py:190} INFO - [2026-04-07T04:13:02.358+0530] {dag.py:4180} INFO - Setting next_dagrun for example_xcom_args_with_operators to None, run_after=None
[2026-04-07T04:13:02.374+0530] {processor.py:208} INFO - Processing /home/ubantu/miniconda3/envs/airflow-env/lib/python3.11/site-packages/airflow/example_dags/example_xcomargs.py took 0.073 seconds
[2026-04-07T04:13:54.687+0530] {processor.py:186} INFO - Started process (PID=6451) to work on /home/ubantu/miniconda3/envs/airflow-env/lib/python3.11/site-packages/airflow/example_dags/example_xcomargs.py
[2026-04-07T04:13:54.688+0530] {processor.py:914} INFO - Processing file /home/ubantu/miniconda3/envs/airflow-env/lib/python3.11/site-packages/airflow/example_dags/example_xcomargs.py for tasks to queue
[2026-04-07T04:13:54.692+0530] {logging_mixin.py:190} INFO - [2026-04-07T04:13:54.691+0530] {dagbag.py:588} INFO - Filling up the DagBag from /home/ubantu/miniconda3/envs/airflow-env/lib/python3.11/site-packages/airflow/example_dags/example_xcomargs.py
[2026-04-07T04:13:54.703+0530] {processor.py:925} INFO - DAG(s) 'example_xcom_args_with_operators', 'example_xcom_args' retrieved from /home/ubantu/miniconda3/envs/airflow-env/lib/python3.11/site-packages/airflow/example_dags/example_xcomargs.py
[2026-04-07T04:13:54.721+0530] {logging_mixin.py:190} INFO - [2026-04-07T04:13:54.720+0530] {dag.py:3239} INFO - Sync 2 DAGs
[2026-04-07T04:13:54.733+0530] {logging_mixin.py:190} INFO - [2026-04-07T04:13:54.732+0530] {dag.py:4180} INFO - Setting next_dagrun for example_xcom_args to None, run_after=None
[2026-04-07T04:13:54.736+0530] {logging_mixin.py:190} INFO - [2026-04-07T04:13:54.735+0530] {dag.py:4180} INFO - Setting next_dagrun for example_xcom_args_with_operators to None, run_after=None
[2026-04-07T04:13:54.752+0530] {processor.py:208} INFO - Processing /home/ubantu/miniconda3/envs/airflow-env/lib/python3.11/site-packages/airflow/example_dags/example_xcomargs.py took 0.071 seconds
[2026-04-07T04:14:50.584+0530] {processor.py:186} INFO - Started process (PID=6512) to work on /home/ubantu/miniconda3/envs/airflow-env/lib/python3.11/site-packages/airflow/example_dags/example_xcomargs.py
[2026-04-07T04:14:50.585+0530] {processor.py:914} INFO - Processing file /home/ubantu/miniconda3/envs/airflow-env/lib/python3.11/site-packages/airflow/example_dags/example_xcomargs.py for tasks to queue
[2026-04-07T04:14:50.588+0530] {logging_mixin.py:190} INFO - [2026-04-07T04:14:50.588+0530] {dagbag.py:588} INFO - Filling up the DagBag from /home/ubantu/miniconda3/envs/airflow-env/lib/python3.11/site-packages/airflow/example_dags/example_xcomargs.py
[2026-04-07T04:14:50.599+0530] {processor.py:925} INFO - DAG(s) 'example_xcom_args_with_operators', 'example_xcom_args' retrieved from /home/ubantu/miniconda3/envs/airflow-env/lib/python3.11/site-packages/airflow/example_dags/example_xcomargs.py
[2026-04-07T04:14:50.616+0530] {logging_mixin.py:190} INFO - [2026-04-07T04:14:50.616+0530] {dag.py:3239} INFO - Sync 2 DAGs
[2026-04-07T04:14:50.628+0530] {logging_mixin.py:190} INFO - [2026-04-07T04:14:50.628+0530] {dag.py:4180} INFO - Setting next_dagrun for example_xcom_args to None, run_after=None
[2026-04-07T04:14:50.631+0530] {logging_mixin.py:190} INFO - [2026-04-07T04:14:50.631+0530] {dag.py:4180} INFO - Setting next_dagrun for example_xcom_args_with_operators to None, run_after=None
[2026-04-07T04:14:50.646+0530] {processor.py:208} INFO - Processing /home/ubantu/miniconda3/envs/airflow-env/lib/python3.11/site-packages/airflow/example_dags/example_xcomargs.py took 0.068 seconds
[2026-04-07T04:15:40.842+0530] {processor.py:186} INFO - Started process (PID=6574) to work on /home/ubantu/miniconda3/envs/airflow-env/lib/python3.11/site-packages/airflow/example_dags/example_xcomargs.py
[2026-04-07T04:15:40.843+0530] {processor.py:914} INFO - Processing file /home/ubantu/miniconda3/envs/airflow-env/lib/python3.11/site-packages/airflow/example_dags/example_xcomargs.py for tasks to queue
[2026-04-07T04:15:40.846+0530] {logging_mixin.py:190} INFO - [2026-04-07T04:15:40.845+0530] {dagbag.py:588} INFO - Filling up the DagBag from /home/ubantu/miniconda3/envs/airflow-env/lib/python3.11/site-packages/airflow/example_dags/example_xcomargs.py
[2026-04-07T04:15:40.856+0530] {processor.py:925} INFO - DAG(s) 'example_xcom_args', 'example_xcom_args_with_operators' retrieved from /home/ubantu/miniconda3/envs/airflow-env/lib/python3.11/site-packages/airflow/example_dags/example_xcomargs.py
[2026-04-07T04:15:40.875+0530] {logging_mixin.py:190} INFO - [2026-04-07T04:15:40.875+0530] {dag.py:3239} INFO - Sync 2 DAGs
[2026-04-07T04:15:40.888+0530] {logging_mixin.py:190} INFO - [2026-04-07T04:15:40.888+0530] {dag.py:4180} INFO - Setting next_dagrun for example_xcom_args to None, run_after=None
[2026-04-07T04:15:40.891+0530] {logging_mixin.py:190} INFO - [2026-04-07T04:15:40.891+0530] {dag.py:4180} INFO - Setting next_dagrun for example_xcom_args_with_operators to None, run_after=None
[2026-04-07T04:15:40.910+0530] {processor.py:208} INFO - Processing /home/ubantu/miniconda3/envs/airflow-env/lib/python3.11/site-packages/airflow/example_dags/example_xcomargs.py took 0.074 seconds
[2026-04-07T04:16:31.235+0530] {processor.py:186} INFO - Started process (PID=6630) to work on /home/ubantu/miniconda3/envs/airflow-env/lib/python3.11/site-packages/airflow/example_dags/example_xcomargs.py
[2026-04-07T04:16:31.236+0530] {processor.py:914} INFO - Processing file /home/ubantu/miniconda3/envs/airflow-env/lib/python3.11/site-packages/airflow/example_dags/example_xcomargs.py for tasks to queue
[2026-04-07T04:16:31.238+0530] {logging_mixin.py:190} INFO - [2026-04-07T04:16:31.238+0530] {dagbag.py:588} INFO - Filling up the DagBag from /home/ubantu/miniconda3/envs/airflow-env/lib/python3.11/site-packages/airflow/example_dags/example_xcomargs.py
[2026-04-07T04:16:31.249+0530] {processor.py:925} INFO - DAG(s) 'example_xcom_args_with_operators', 'example_xcom_args' retrieved from /home/ubantu/miniconda3/envs/airflow-env/lib/python3.11/site-packages/airflow/example_dags/example_xcomargs.py
[2026-04-07T04:16:31.266+0530] {logging_mixin.py:190} INFO - [2026-04-07T04:16:31.266+0530] {dag.py:3239} INFO - Sync 2 DAGs
[2026-04-07T04:16:31.278+0530] {logging_mixin.py:190} INFO - [2026-04-07T04:16:31.277+0530] {dag.py:4180} INFO - Setting next_dagrun for example_xcom_args to None, run_after=None
[2026-04-07T04:16:31.281+0530] {logging_mixin.py:190} INFO - [2026-04-07T04:16:31.280+0530] {dag.py:4180} INFO - Setting next_dagrun for example_xcom_args_with_operators to None, run_after=None
[2026-04-07T04:16:31.299+0530] {processor.py:208} INFO - Processing /home/ubantu/miniconda3/envs/airflow-env/lib/python3.11/site-packages/airflow/example_dags/example_xcomargs.py took 0.070 seconds
[2026-04-07T04:17:21.509+0530] {processor.py:186} INFO - Started process (PID=6695) to work on /home/ubantu/miniconda3/envs/airflow-env/lib/python3.11/site-packages/airflow/example_dags/example_xcomargs.py
[2026-04-07T04:17:21.510+0530] {processor.py:914} INFO - Processing file /home/ubantu/miniconda3/envs/airflow-env/lib/python3.11/site-packages/airflow/example_dags/example_xcomargs.py for tasks to queue
[2026-04-07T04:17:21.513+0530] {logging_mixin.py:190} INFO - [2026-04-07T04:17:21.512+0530] {dagbag.py:588} INFO - Filling up the DagBag from /home/ubantu/miniconda3/envs/airflow-env/lib/python3.11/site-packages/airflow/example_dags/example_xcomargs.py
[2026-04-07T04:17:21.525+0530] {processor.py:925} INFO - DAG(s) 'example_xcom_args_with_operators', 'example_xcom_args' retrieved from /home/ubantu/miniconda3/envs/airflow-env/lib/python3.11/site-packages/airflow/example_dags/example_xcomargs.py
[2026-04-07T04:17:21.544+0530] {logging_mixin.py:190} INFO - [2026-04-07T04:17:21.544+0530] {dag.py:3239} INFO - Sync 2 DAGs
[2026-04-07T04:17:21.556+0530] {logging_mixin.py:190} INFO - [2026-04-07T04:17:21.556+0530] {dag.py:4180} INFO - Setting next_dagrun for example_xcom_args to None, run_after=None
[2026-04-07T04:17:21.559+0530] {logging_mixin.py:190} INFO - [2026-04-07T04:17:21.559+0530] {dag.py:4180} INFO - Setting next_dagrun for example_xcom_args_with_operators to None, run_after=None
[2026-04-07T04:17:21.574+0530] {processor.py:208} INFO - Processing /home/ubantu/miniconda3/envs/airflow-env/lib/python3.11/site-packages/airflow/example_dags/example_xcomargs.py took 0.071 seconds
[2026-04-07T04:18:11.088+0530] {processor.py:186} INFO - Started process (PID=6751) to work on /home/ubantu/miniconda3/envs/airflow-env/lib/python3.11/site-packages/airflow/example_dags/example_xcomargs.py
[2026-04-07T04:18:11.089+0530] {processor.py:914} INFO - Processing file /home/ubantu/miniconda3/envs/airflow-env/lib/python3.11/site-packages/airflow/example_dags/example_xcomargs.py for tasks to queue
[2026-04-07T04:18:11.092+0530] {logging_mixin.py:190} INFO - [2026-04-07T04:18:11.092+0530] {dagbag.py:588} INFO - Filling up the DagBag from /home/ubantu/miniconda3/envs/airflow-env/lib/python3.11/site-packages/airflow/example_dags/example_xcomargs.py
[2026-04-07T04:18:11.103+0530] {processor.py:925} INFO - DAG(s) 'example_xcom_args', 'example_xcom_args_with_operators' retrieved from /home/ubantu/miniconda3/envs/airflow-env/lib/python3.11/site-packages/airflow/example_dags/example_xcomargs.py
[2026-04-07T04:18:11.121+0530] {logging_mixin.py:190} INFO - [2026-04-07T04:18:11.120+0530] {dag.py:3239} INFO - Sync 2 DAGs
[2026-04-07T04:18:11.132+0530] {logging_mixin.py:190} INFO - [2026-04-07T04:18:11.132+0530] {dag.py:4180} INFO - Setting next_dagrun for example_xcom_args to None, run_after=None
[2026-04-07T04:18:11.135+0530] {logging_mixin.py:190} INFO - [2026-04-07T04:18:11.135+0530] {dag.py:4180} INFO - Setting next_dagrun for example_xcom_args_with_operators to None, run_after=None
[2026-04-07T04:18:11.150+0530] {processor.py:208} INFO - Processing /home/ubantu/miniconda3/envs/airflow-env/lib/python3.11/site-packages/airflow/example_dags/example_xcomargs.py took 0.068 seconds
[2026-04-07T04:19:04.501+0530] {processor.py:186} INFO - Started process (PID=6863) to work on /home/ubantu/miniconda3/envs/airflow-env/lib/python3.11/site-packages/airflow/example_dags/example_xcomargs.py
[2026-04-07T04:19:04.502+0530] {processor.py:914} INFO - Processing file /home/ubantu/miniconda3/envs/airflow-env/lib/python3.11/site-packages/airflow/example_dags/example_xcomargs.py for tasks to queue
[2026-04-07T04:19:04.505+0530] {logging_mixin.py:190} INFO - [2026-04-07T04:19:04.504+0530] {dagbag.py:588} INFO - Filling up the DagBag from /home/ubantu/miniconda3/envs/airflow-env/lib/python3.11/site-packages/airflow/example_dags/example_xcomargs.py
[2026-04-07T04:19:04.515+0530] {processor.py:925} INFO - DAG(s) 'example_xcom_args_with_operators', 'example_xcom_args' retrieved from /home/ubantu/miniconda3/envs/airflow-env/lib/python3.11/site-packages/airflow/example_dags/example_xcomargs.py
[2026-04-07T04:19:04.532+0530] {logging_mixin.py:190} INFO - [2026-04-07T04:19:04.531+0530] {dag.py:3239} INFO - Sync 2 DAGs
[2026-04-07T04:19:04.544+0530] {logging_mixin.py:190} INFO - [2026-04-07T04:19:04.544+0530] {dag.py:4180} INFO - Setting next_dagrun for example_xcom_args to None, run_after=None
[2026-04-07T04:19:04.547+0530] {logging_mixin.py:190} INFO - [2026-04-07T04:19:04.547+0530] {dag.py:4180} INFO - Setting next_dagrun for example_xcom_args_with_operators to None, run_after=None
[2026-04-07T04:19:04.564+0530] {processor.py:208} INFO - Processing /home/ubantu/miniconda3/envs/airflow-env/lib/python3.11/site-packages/airflow/example_dags/example_xcomargs.py took 0.070 seconds
[2026-04-07T04:19:55.930+0530] {processor.py:186} INFO - Started process (PID=6921) to work on /home/ubantu/miniconda3/envs/airflow-env/lib/python3.11/site-packages/airflow/example_dags/example_xcomargs.py
[2026-04-07T04:19:55.931+0530] {processor.py:914} INFO - Processing file /home/ubantu/miniconda3/envs/airflow-env/lib/python3.11/site-packages/airflow/example_dags/example_xcomargs.py for tasks to queue
[2026-04-07T04:19:55.933+0530] {logging_mixin.py:190} INFO - [2026-04-07T04:19:55.933+0530] {dagbag.py:588} INFO - Filling up the DagBag from /home/ubantu/miniconda3/envs/airflow-env/lib/python3.11/site-packages/airflow/example_dags/example_xcomargs.py
[2026-04-07T04:19:55.945+0530] {processor.py:925} INFO - DAG(s) 'example_xcom_args_with_operators', 'example_xcom_args' retrieved from /home/ubantu/miniconda3/envs/airflow-env/lib/python3.11/site-packages/airflow/example_dags/example_xcomargs.py
[2026-04-07T04:19:55.963+0530] {logging_mixin.py:190} INFO - [2026-04-07T04:19:55.963+0530] {dag.py:3239} INFO - Sync 2 DAGs
[2026-04-07T04:19:55.974+0530] {logging_mixin.py:190} INFO - [2026-04-07T04:19:55.974+0530] {dag.py:4180} INFO - Setting next_dagrun for example_xcom_args to None, run_after=None
[2026-04-07T04:19:55.976+0530] {logging_mixin.py:190} INFO - [2026-04-07T04:19:55.976+0530] {dag.py:4180} INFO - Setting next_dagrun for example_xcom_args_with_operators to None, run_after=None
[2026-04-07T04:19:55.992+0530] {processor.py:208} INFO - Processing /home/ubantu/miniconda3/envs/airflow-env/lib/python3.11/site-packages/airflow/example_dags/example_xcomargs.py took 0.068 seconds
[2026-04-07T04:20:46.910+0530] {processor.py:186} INFO - Started process (PID=6978) to work on /home/ubantu/miniconda3/envs/airflow-env/lib/python3.11/site-packages/airflow/example_dags/example_xcomargs.py
[2026-04-07T04:20:46.911+0530] {processor.py:914} INFO - Processing file /home/ubantu/miniconda3/envs/airflow-env/lib/python3.11/site-packages/airflow/example_dags/example_xcomargs.py for tasks to queue
[2026-04-07T04:20:46.914+0530] {logging_mixin.py:190} INFO - [2026-04-07T04:20:46.913+0530] {dagbag.py:588} INFO - Filling up the DagBag from /home/ubantu/miniconda3/envs/airflow-env/lib/python3.11/site-packages/airflow/example_dags/example_xcomargs.py
[2026-04-07T04:20:46.926+0530] {processor.py:925} INFO - DAG(s) 'example_xcom_args', 'example_xcom_args_with_operators' retrieved from /home/ubantu/miniconda3/envs/airflow-env/lib/python3.11/site-packages/airflow/example_dags/example_xcomargs.py
[2026-04-07T04:20:46.944+0530] {logging_mixin.py:190} INFO - [2026-04-07T04:20:46.943+0530] {dag.py:3239} INFO - Sync 2 DAGs
[2026-04-07T04:20:46.956+0530] {logging_mixin.py:190} INFO - [2026-04-07T04:20:46.956+0530] {dag.py:4180} INFO - Setting next_dagrun for example_xcom_args to None, run_after=None
[2026-04-07T04:20:46.959+0530] {logging_mixin.py:190} INFO - [2026-04-07T04:20:46.959+0530] {dag.py:4180} INFO - Setting next_dagrun for example_xcom_args_with_operators to None, run_after=None
[2026-04-07T04:20:46.974+0530] {processor.py:208} INFO - Processing /home/ubantu/miniconda3/envs/airflow-env/lib/python3.11/site-packages/airflow/example_dags/example_xcomargs.py took 0.070 seconds
[2026-04-07T04:21:41.962+0530] {processor.py:186} INFO - Started process (PID=7042) to work on /home/ubantu/miniconda3/envs/airflow-env/lib/python3.11/site-packages/airflow/example_dags/example_xcomargs.py
[2026-04-07T04:21:41.963+0530] {processor.py:914} INFO - Processing file /home/ubantu/miniconda3/envs/airflow-env/lib/python3.11/site-packages/airflow/example_dags/example_xcomargs.py for tasks to queue
[2026-04-07T04:21:41.966+0530] {logging_mixin.py:190} INFO - [2026-04-07T04:21:41.965+0530] {dagbag.py:588} INFO - Filling up the DagBag from /home/ubantu/miniconda3/envs/airflow-env/lib/python3.11/site-packages/airflow/example_dags/example_xcomargs.py
[2026-04-07T04:21:41.977+0530] {processor.py:925} INFO - DAG(s) 'example_xcom_args', 'example_xcom_args_with_operators' retrieved from /home/ubantu/miniconda3/envs/airflow-env/lib/python3.11/site-packages/airflow/example_dags/example_xcomargs.py
[2026-04-07T04:21:41.994+0530] {logging_mixin.py:190} INFO - [2026-04-07T04:21:41.994+0530] {dag.py:3239} INFO - Sync 2 DAGs
[2026-04-07T04:21:42.005+0530] {logging_mixin.py:190} INFO - [2026-04-07T04:21:42.005+0530] {dag.py:4180} INFO - Setting next_dagrun for example_xcom_args to None, run_after=None
[2026-04-07T04:21:42.008+0530] {logging_mixin.py:190} INFO - [2026-04-07T04:21:42.008+0530] {dag.py:4180} INFO - Setting next_dagrun for example_xcom_args_with_operators to None, run_after=None
[2026-04-07T04:21:42.024+0530] {processor.py:208} INFO - Processing /home/ubantu/miniconda3/envs/airflow-env/lib/python3.11/site-packages/airflow/example_dags/example_xcomargs.py took 0.068 seconds
[2026-04-07T04:22:35.556+0530] {processor.py:186} INFO - Started process (PID=7101) to work on /home/ubantu/miniconda3/envs/airflow-env/lib/python3.11/site-packages/airflow/example_dags/example_xcomargs.py
[2026-04-07T04:22:35.557+0530] {processor.py:914} INFO - Processing file /home/ubantu/miniconda3/envs/airflow-env/lib/python3.11/site-packages/airflow/example_dags/example_xcomargs.py for tasks to queue
[2026-04-07T04:22:35.559+0530] {logging_mixin.py:190} INFO - [2026-04-07T04:22:35.559+0530] {dagbag.py:588} INFO - Filling up the DagBag from /home/ubantu/miniconda3/envs/airflow-env/lib/python3.11/site-packages/airflow/example_dags/example_xcomargs.py
[2026-04-07T04:22:35.570+0530] {processor.py:925} INFO - DAG(s) 'example_xcom_args', 'example_xcom_args_with_operators' retrieved from /home/ubantu/miniconda3/envs/airflow-env/lib/python3.11/site-packages/airflow/example_dags/example_xcomargs.py
[2026-04-07T04:22:35.588+0530] {logging_mixin.py:190} INFO - [2026-04-07T04:22:35.587+0530] {dag.py:3239} INFO - Sync 2 DAGs
[2026-04-07T04:22:35.598+0530] {logging_mixin.py:190} INFO - [2026-04-07T04:22:35.597+0530] {dag.py:4180} INFO - Setting next_dagrun for example_xcom_args to None, run_after=None
[2026-04-07T04:22:35.600+0530] {logging_mixin.py:190} INFO - [2026-04-07T04:22:35.600+0530] {dag.py:4180} INFO - Setting next_dagrun for example_xcom_args_with_operators to None, run_after=None
[2026-04-07T04:22:35.615+0530] {processor.py:208} INFO - Processing /home/ubantu/miniconda3/envs/airflow-env/lib/python3.11/site-packages/airflow/example_dags/example_xcomargs.py took 0.065 seconds
[2026-04-07T04:23:27.296+0530] {processor.py:186} INFO - Started process (PID=7208) to work on /home/ubantu/miniconda3/envs/airflow-env/lib/python3.11/site-packages/airflow/example_dags/example_xcomargs.py
[2026-04-07T04:23:27.297+0530] {processor.py:914} INFO - Processing file /home/ubantu/miniconda3/envs/airflow-env/lib/python3.11/site-packages/airflow/example_dags/example_xcomargs.py for tasks to queue
[2026-04-07T04:23:27.300+0530] {logging_mixin.py:190} INFO - [2026-04-07T04:23:27.299+0530] {dagbag.py:588} INFO - Filling up the DagBag from /home/ubantu/miniconda3/envs/airflow-env/lib/python3.11/site-packages/airflow/example_dags/example_xcomargs.py
[2026-04-07T04:23:27.314+0530] {processor.py:925} INFO - DAG(s) 'example_xcom_args_with_operators', 'example_xcom_args' retrieved from /home/ubantu/miniconda3/envs/airflow-env/lib/python3.11/site-packages/airflow/example_dags/example_xcomargs.py
[2026-04-07T04:23:27.337+0530] {logging_mixin.py:190} INFO - [2026-04-07T04:23:27.336+0530] {dag.py:3239} INFO - Sync 2 DAGs
[2026-04-07T04:23:27.349+0530] {logging_mixin.py:190} INFO - [2026-04-07T04:23:27.348+0530] {dag.py:4180} INFO - Setting next_dagrun for example_xcom_args to None, run_after=None
[2026-04-07T04:23:27.351+0530] {logging_mixin.py:190} INFO - [2026-04-07T04:23:27.351+0530] {dag.py:4180} INFO - Setting next_dagrun for example_xcom_args_with_operators to None, run_after=None
[2026-04-07T04:23:27.368+0530] {processor.py:208} INFO - Processing /home/ubantu/miniconda3/envs/airflow-env/lib/python3.11/site-packages/airflow/example_dags/example_xcomargs.py took 0.080 seconds
[2026-04-07T04:24:19.077+0530] {processor.py:186} INFO - Started process (PID=7296) to work on /home/ubantu/miniconda3/envs/airflow-env/lib/python3.11/site-packages/airflow/example_dags/example_xcomargs.py
[2026-04-07T04:24:19.078+0530] {processor.py:914} INFO - Processing file /home/ubantu/miniconda3/envs/airflow-env/lib/python3.11/site-packages/airflow/example_dags/example_xcomargs.py for tasks to queue
[2026-04-07T04:24:19.080+0530] {logging_mixin.py:190} INFO - [2026-04-07T04:24:19.080+0530] {dagbag.py:588} INFO - Filling up the DagBag from /home/ubantu/miniconda3/envs/airflow-env/lib/python3.11/site-packages/airflow/example_dags/example_xcomargs.py
[2026-04-07T04:24:19.092+0530] {processor.py:925} INFO - DAG(s) 'example_xcom_args_with_operators', 'example_xcom_args' retrieved from /home/ubantu/miniconda3/envs/airflow-env/lib/python3.11/site-packages/airflow/example_dags/example_xcomargs.py
[2026-04-07T04:24:19.108+0530] {logging_mixin.py:190} INFO - [2026-04-07T04:24:19.108+0530] {dag.py:3239} INFO - Sync 2 DAGs
[2026-04-07T04:24:19.119+0530] {logging_mixin.py:190} INFO - [2026-04-07T04:24:19.119+0530] {dag.py:4180} INFO - Setting next_dagrun for example_xcom_args to None, run_after=None
[2026-04-07T04:24:19.122+0530] {logging_mixin.py:190} INFO - [2026-04-07T04:24:19.122+0530] {dag.py:4180} INFO - Setting next_dagrun for example_xcom_args_with_operators to None, run_after=None
[2026-04-07T04:24:19.138+0530] {processor.py:208} INFO - Processing /home/ubantu/miniconda3/envs/airflow-env/lib/python3.11/site-packages/airflow/example_dags/example_xcomargs.py took 0.069 seconds
[2026-04-07T04:25:12.976+0530] {processor.py:186} INFO - Started process (PID=7377) to work on /home/ubantu/miniconda3/envs/airflow-env/lib/python3.11/site-packages/airflow/example_dags/example_xcomargs.py
[2026-04-07T04:25:12.977+0530] {processor.py:914} INFO - Processing file /home/ubantu/miniconda3/envs/airflow-env/lib/python3.11/site-packages/airflow/example_dags/example_xcomargs.py for tasks to queue
[2026-04-07T04:25:12.979+0530] {logging_mixin.py:190} INFO - [2026-04-07T04:25:12.979+0530] {dagbag.py:588} INFO - Filling up the DagBag from /home/ubantu/miniconda3/envs/airflow-env/lib/python3.11/site-packages/airflow/example_dags/example_xcomargs.py
[2026-04-07T04:25:12.991+0530] {processor.py:925} INFO - DAG(s) 'example_xcom_args', 'example_xcom_args_with_operators' retrieved from /home/ubantu/miniconda3/envs/airflow-env/lib/python3.11/site-packages/airflow/example_dags/example_xcomargs.py
[2026-04-07T04:25:13.009+0530] {logging_mixin.py:190} INFO - [2026-04-07T04:25:13.009+0530] {dag.py:3239} INFO - Sync 2 DAGs
[2026-04-07T04:25:13.022+0530] {logging_mixin.py:190} INFO - [2026-04-07T04:25:13.022+0530] {dag.py:4180} INFO - Setting next_dagrun for example_xcom_args to None, run_after=None
[2026-04-07T04:25:13.025+0530] {logging_mixin.py:190} INFO - [2026-04-07T04:25:13.025+0530] {dag.py:4180} INFO - Setting next_dagrun for example_xcom_args_with_operators to None, run_after=None
[2026-04-07T04:25:13.044+0530] {processor.py:208} INFO - Processing /home/ubantu/miniconda3/envs/airflow-env/lib/python3.11/site-packages/airflow/example_dags/example_xcomargs.py took 0.075 seconds
[2026-04-07T04:26:08.230+0530] {processor.py:186} INFO - Started process (PID=7468) to work on /home/ubantu/miniconda3/envs/airflow-env/lib/python3.11/site-packages/airflow/example_dags/example_xcomargs.py
[2026-04-07T04:26:08.231+0530] {processor.py:914} INFO - Processing file /home/ubantu/miniconda3/envs/airflow-env/lib/python3.11/site-packages/airflow/example_dags/example_xcomargs.py for tasks to queue
[2026-04-07T04:26:08.233+0530] {logging_mixin.py:190} INFO - [2026-04-07T04:26:08.233+0530] {dagbag.py:588} INFO - Filling up the DagBag from /home/ubantu/miniconda3/envs/airflow-env/lib/python3.11/site-packages/airflow/example_dags/example_xcomargs.py
[2026-04-07T04:26:08.244+0530] {processor.py:925} INFO - DAG(s) 'example_xcom_args_with_operators', 'example_xcom_args' retrieved from /home/ubantu/miniconda3/envs/airflow-env/lib/python3.11/site-packages/airflow/example_dags/example_xcomargs.py
[2026-04-07T04:26:08.262+0530] {logging_mixin.py:190} INFO - [2026-04-07T04:26:08.262+0530] {dag.py:3239} INFO - Sync 2 DAGs
[2026-04-07T04:26:08.273+0530] {logging_mixin.py:190} INFO - [2026-04-07T04:26:08.272+0530] {dag.py:4180} INFO - Setting next_dagrun for example_xcom_args to None, run_after=None
[2026-04-07T04:26:08.275+0530] {logging_mixin.py:190} INFO - [2026-04-07T04:26:08.275+0530] {dag.py:4180} INFO - Setting next_dagrun for example_xcom_args_with_operators to None, run_after=None
[2026-04-07T04:26:08.290+0530] {processor.py:208} INFO - Processing /home/ubantu/miniconda3/envs/airflow-env/lib/python3.11/site-packages/airflow/example_dags/example_xcomargs.py took 0.066 seconds
[2026-04-07T04:27:03.935+0530] {processor.py:186} INFO - Started process (PID=7537) to work on /home/ubantu/miniconda3/envs/airflow-env/lib/python3.11/site-packages/airflow/example_dags/example_xcomargs.py
[2026-04-07T04:27:03.936+0530] {processor.py:914} INFO - Processing file /home/ubantu/miniconda3/envs/airflow-env/lib/python3.11/site-packages/airflow/example_dags/example_xcomargs.py for tasks to queue
[2026-04-07T04:27:03.938+0530] {logging_mixin.py:190} INFO - [2026-04-07T04:27:03.938+0530] {dagbag.py:588} INFO - Filling up the DagBag from /home/ubantu/miniconda3/envs/airflow-env/lib/python3.11/site-packages/airflow/example_dags/example_xcomargs.py
[2026-04-07T04:27:03.949+0530] {processor.py:925} INFO - DAG(s) 'example_xcom_args', 'example_xcom_args_with_operators' retrieved from /home/ubantu/miniconda3/envs/airflow-env/lib/python3.11/site-packages/airflow/example_dags/example_xcomargs.py
[2026-04-07T04:27:03.967+0530] {logging_mixin.py:190} INFO - [2026-04-07T04:27:03.966+0530] {dag.py:3239} INFO - Sync 2 DAGs
[2026-04-07T04:27:03.978+0530] {logging_mixin.py:190} INFO - [2026-04-07T04:27:03.978+0530] {dag.py:4180} INFO - Setting next_dagrun for example_xcom_args to None, run_after=None
[2026-04-07T04:27:03.981+0530] {logging_mixin.py:190} INFO - [2026-04-07T04:27:03.981+0530] {dag.py:4180} INFO - Setting next_dagrun for example_xcom_args_with_operators to None, run_after=None
[2026-04-07T04:27:03.997+0530] {processor.py:208} INFO - Processing /home/ubantu/miniconda3/envs/airflow-env/lib/python3.11/site-packages/airflow/example_dags/example_xcomargs.py took 0.069 seconds
[2026-04-07T04:27:54.682+0530] {processor.py:186} INFO - Started process (PID=7596) to work on /home/ubantu/miniconda3/envs/airflow-env/lib/python3.11/site-packages/airflow/example_dags/example_xcomargs.py
[2026-04-07T04:27:54.684+0530] {processor.py:914} INFO - Processing file /home/ubantu/miniconda3/envs/airflow-env/lib/python3.11/site-packages/airflow/example_dags/example_xcomargs.py for tasks to queue
[2026-04-07T04:27:54.688+0530] {logging_mixin.py:190} INFO - [2026-04-07T04:27:54.687+0530] {dagbag.py:588} INFO - Filling up the DagBag from /home/ubantu/miniconda3/envs/airflow-env/lib/python3.11/site-packages/airflow/example_dags/example_xcomargs.py
[2026-04-07T04:27:54.709+0530] {processor.py:925} INFO - DAG(s) 'example_xcom_args', 'example_xcom_args_with_operators' retrieved from /home/ubantu/miniconda3/envs/airflow-env/lib/python3.11/site-packages/airflow/example_dags/example_xcomargs.py
[2026-04-07T04:27:54.742+0530] {logging_mixin.py:190} INFO - [2026-04-07T04:27:54.742+0530] {dag.py:3239} INFO - Sync 2 DAGs
[2026-04-07T04:27:54.768+0530] {logging_mixin.py:190} INFO - [2026-04-07T04:27:54.767+0530] {dag.py:4180} INFO - Setting next_dagrun for example_xcom_args to None, run_after=None
[2026-04-07T04:27:54.772+0530] {logging_mixin.py:190} INFO - [2026-04-07T04:27:54.772+0530] {dag.py:4180} INFO - Setting next_dagrun for example_xcom_args_with_operators to None, run_after=None
[2026-04-07T04:27:54.794+0530] {processor.py:208} INFO - Processing /home/ubantu/miniconda3/envs/airflow-env/lib/python3.11/site-packages/airflow/example_dags/example_xcomargs.py took 0.125 seconds
[2026-04-07T04:28:47.274+0530] {processor.py:186} INFO - Started process (PID=7665) to work on /home/ubantu/miniconda3/envs/airflow-env/lib/python3.11/site-packages/airflow/example_dags/example_xcomargs.py
[2026-04-07T04:28:47.276+0530] {processor.py:914} INFO - Processing file /home/ubantu/miniconda3/envs/airflow-env/lib/python3.11/site-packages/airflow/example_dags/example_xcomargs.py for tasks to queue
[2026-04-07T04:28:47.279+0530] {logging_mixin.py:190} INFO - [2026-04-07T04:28:47.278+0530] {dagbag.py:588} INFO - Filling up the DagBag from /home/ubantu/miniconda3/envs/airflow-env/lib/python3.11/site-packages/airflow/example_dags/example_xcomargs.py
[2026-04-07T04:28:47.291+0530] {processor.py:925} INFO - DAG(s) 'example_xcom_args_with_operators', 'example_xcom_args' retrieved from /home/ubantu/miniconda3/envs/airflow-env/lib/python3.11/site-packages/airflow/example_dags/example_xcomargs.py
[2026-04-07T04:28:47.309+0530] {logging_mixin.py:190} INFO - [2026-04-07T04:28:47.309+0530] {dag.py:3239} INFO - Sync 2 DAGs
[2026-04-07T04:28:47.322+0530] {logging_mixin.py:190} INFO - [2026-04-07T04:28:47.322+0530] {dag.py:4180} INFO - Setting next_dagrun for example_xcom_args to None, run_after=None
[2026-04-07T04:28:47.324+0530] {logging_mixin.py:190} INFO - [2026-04-07T04:28:47.324+0530] {dag.py:4180} INFO - Setting next_dagrun for example_xcom_args_with_operators to None, run_after=None
[2026-04-07T04:28:47.365+0530] {processor.py:208} INFO - Processing /home/ubantu/miniconda3/envs/airflow-env/lib/python3.11/site-packages/airflow/example_dags/example_xcomargs.py took 0.098 seconds
[2026-04-07T04:29:43.276+0530] {processor.py:186} INFO - Started process (PID=7733) to work on /home/ubantu/miniconda3/envs/airflow-env/lib/python3.11/site-packages/airflow/example_dags/example_xcomargs.py
[2026-04-07T04:29:43.278+0530] {processor.py:914} INFO - Processing file /home/ubantu/miniconda3/envs/airflow-env/lib/python3.11/site-packages/airflow/example_dags/example_xcomargs.py for tasks to queue
[2026-04-07T04:29:43.282+0530] {logging_mixin.py:190} INFO - [2026-04-07T04:29:43.281+0530] {dagbag.py:588} INFO - Filling up the DagBag from /home/ubantu/miniconda3/envs/airflow-env/lib/python3.11/site-packages/airflow/example_dags/example_xcomargs.py
[2026-04-07T04:29:43.296+0530] {processor.py:925} INFO - DAG(s) 'example_xcom_args_with_operators', 'example_xcom_args' retrieved from /home/ubantu/miniconda3/envs/airflow-env/lib/python3.11/site-packages/airflow/example_dags/example_xcomargs.py
[2026-04-07T04:29:43.317+0530] {logging_mixin.py:190} INFO - [2026-04-07T04:29:43.317+0530] {dag.py:3239} INFO - Sync 2 DAGs
[2026-04-07T04:29:43.328+0530] {logging_mixin.py:190} INFO - [2026-04-07T04:29:43.327+0530] {dag.py:4180} INFO - Setting next_dagrun for example_xcom_args to None, run_after=None
[2026-04-07T04:29:43.331+0530] {logging_mixin.py:190} INFO - [2026-04-07T04:29:43.330+0530] {dag.py:4180} INFO - Setting next_dagrun for example_xcom_args_with_operators to None, run_after=None
[2026-04-07T04:29:43.370+0530] {processor.py:208} INFO - Processing /home/ubantu/miniconda3/envs/airflow-env/lib/python3.11/site-packages/airflow/example_dags/example_xcomargs.py took 0.101 seconds
[2026-04-07T04:30:41.043+0530] {processor.py:186} INFO - Started process (PID=7800) to work on /home/ubantu/miniconda3/envs/airflow-env/lib/python3.11/site-packages/airflow/example_dags/example_xcomargs.py
[2026-04-07T04:30:41.046+0530] {processor.py:914} INFO - Processing file /home/ubantu/miniconda3/envs/airflow-env/lib/python3.11/site-packages/airflow/example_dags/example_xcomargs.py for tasks to queue
[2026-04-07T04:30:41.050+0530] {logging_mixin.py:190} INFO - [2026-04-07T04:30:41.048+0530] {dagbag.py:588} INFO - Filling up the DagBag from /home/ubantu/miniconda3/envs/airflow-env/lib/python3.11/site-packages/airflow/example_dags/example_xcomargs.py
[2026-04-07T04:30:41.065+0530] {processor.py:925} INFO - DAG(s) 'example_xcom_args', 'example_xcom_args_with_operators' retrieved from /home/ubantu/miniconda3/envs/airflow-env/lib/python3.11/site-packages/airflow/example_dags/example_xcomargs.py
[2026-04-07T04:30:41.087+0530] {logging_mixin.py:190} INFO - [2026-04-07T04:30:41.087+0530] {dag.py:3239} INFO - Sync 2 DAGs
[2026-04-07T04:30:41.098+0530] {logging_mixin.py:190} INFO - [2026-04-07T04:30:41.098+0530] {dag.py:4180} INFO - Setting next_dagrun for example_xcom_args to None, run_after=None
[2026-04-07T04:30:41.101+0530] {logging_mixin.py:190} INFO - [2026-04-07T04:30:41.100+0530] {dag.py:4180} INFO - Setting next_dagrun for example_xcom_args_with_operators to None, run_after=None
[2026-04-07T04:30:41.143+0530] {processor.py:208} INFO - Processing /home/ubantu/miniconda3/envs/airflow-env/lib/python3.11/site-packages/airflow/example_dags/example_xcomargs.py took 0.108 seconds
[2026-04-07T04:31:39.743+0530] {processor.py:186} INFO - Started process (PID=7868) to work on /home/ubantu/miniconda3/envs/airflow-env/lib/python3.11/site-packages/airflow/example_dags/example_xcomargs.py
[2026-04-07T04:31:39.745+0530] {processor.py:914} INFO - Processing file /home/ubantu/miniconda3/envs/airflow-env/lib/python3.11/site-packages/airflow/example_dags/example_xcomargs.py for tasks to queue
[2026-04-07T04:31:39.748+0530] {logging_mixin.py:190} INFO - [2026-04-07T04:31:39.747+0530] {dagbag.py:588} INFO - Filling up the DagBag from /home/ubantu/miniconda3/envs/airflow-env/lib/python3.11/site-packages/airflow/example_dags/example_xcomargs.py
[2026-04-07T04:31:39.760+0530] {processor.py:925} INFO - DAG(s) 'example_xcom_args_with_operators', 'example_xcom_args' retrieved from /home/ubantu/miniconda3/envs/airflow-env/lib/python3.11/site-packages/airflow/example_dags/example_xcomargs.py
[2026-04-07T04:31:39.780+0530] {logging_mixin.py:190} INFO - [2026-04-07T04:31:39.780+0530] {dag.py:3239} INFO - Sync 2 DAGs
[2026-04-07T04:31:39.793+0530] {logging_mixin.py:190} INFO - [2026-04-07T04:31:39.793+0530] {dag.py:4180} INFO - Setting next_dagrun for example_xcom_args to None, run_after=None
[2026-04-07T04:31:39.796+0530] {logging_mixin.py:190} INFO - [2026-04-07T04:31:39.796+0530] {dag.py:4180} INFO - Setting next_dagrun for example_xcom_args_with_operators to None, run_after=None
[2026-04-07T04:31:39.837+0530] {processor.py:208} INFO - Processing /home/ubantu/miniconda3/envs/airflow-env/lib/python3.11/site-packages/airflow/example_dags/example_xcomargs.py took 0.102 seconds
[2026-04-07T04:32:37.482+0530] {processor.py:186} INFO - Started process (PID=7934) to work on /home/ubantu/miniconda3/envs/airflow-env/lib/python3.11/site-packages/airflow/example_dags/example_xcomargs.py
[2026-04-07T04:32:37.483+0530] {processor.py:914} INFO - Processing file /home/ubantu/miniconda3/envs/airflow-env/lib/python3.11/site-packages/airflow/example_dags/example_xcomargs.py for tasks to queue
[2026-04-07T04:32:37.486+0530] {logging_mixin.py:190} INFO - [2026-04-07T04:32:37.485+0530] {dagbag.py:588} INFO - Filling up the DagBag from /home/ubantu/miniconda3/envs/airflow-env/lib/python3.11/site-packages/airflow/example_dags/example_xcomargs.py
[2026-04-07T04:32:37.498+0530] {processor.py:925} INFO - DAG(s) 'example_xcom_args', 'example_xcom_args_with_operators' retrieved from /home/ubantu/miniconda3/envs/airflow-env/lib/python3.11/site-packages/airflow/example_dags/example_xcomargs.py
[2026-04-07T04:32:37.517+0530] {logging_mixin.py:190} INFO - [2026-04-07T04:32:37.517+0530] {dag.py:3239} INFO - Sync 2 DAGs
[2026-04-07T04:32:37.529+0530] {logging_mixin.py:190} INFO - [2026-04-07T04:32:37.529+0530] {dag.py:4180} INFO - Setting next_dagrun for example_xcom_args to None, run_after=None
[2026-04-07T04:32:37.532+0530] {logging_mixin.py:190} INFO - [2026-04-07T04:32:37.531+0530] {dag.py:4180} INFO - Setting next_dagrun for example_xcom_args_with_operators to None, run_after=None
[2026-04-07T04:32:37.548+0530] {processor.py:208} INFO - Processing /home/ubantu/miniconda3/envs/airflow-env/lib/python3.11/site-packages/airflow/example_dags/example_xcomargs.py took 0.073 seconds
[2026-04-07T04:33:32.417+0530] {processor.py:186} INFO - Started process (PID=8113) to work on /home/ubantu/miniconda3/envs/airflow-env/lib/python3.11/site-packages/airflow/example_dags/example_xcomargs.py
[2026-04-07T04:33:32.419+0530] {processor.py:914} INFO - Processing file /home/ubantu/miniconda3/envs/airflow-env/lib/python3.11/site-packages/airflow/example_dags/example_xcomargs.py for tasks to queue
[2026-04-07T04:33:32.421+0530] {logging_mixin.py:190} INFO - [2026-04-07T04:33:32.421+0530] {dagbag.py:588} INFO - Filling up the DagBag from /home/ubantu/miniconda3/envs/airflow-env/lib/python3.11/site-packages/airflow/example_dags/example_xcomargs.py
[2026-04-07T04:33:32.436+0530] {processor.py:925} INFO - DAG(s) 'example_xcom_args', 'example_xcom_args_with_operators' retrieved from /home/ubantu/miniconda3/envs/airflow-env/lib/python3.11/site-packages/airflow/example_dags/example_xcomargs.py
[2026-04-07T04:33:32.461+0530] {logging_mixin.py:190} INFO - [2026-04-07T04:33:32.460+0530] {dag.py:3239} INFO - Sync 2 DAGs
[2026-04-07T04:33:32.476+0530] {logging_mixin.py:190} INFO - [2026-04-07T04:33:32.476+0530] {dag.py:4180} INFO - Setting next_dagrun for example_xcom_args to None, run_after=None
[2026-04-07T04:33:32.479+0530] {logging_mixin.py:190} INFO - [2026-04-07T04:33:32.479+0530] {dag.py:4180} INFO - Setting next_dagrun for example_xcom_args_with_operators to None, run_after=None
[2026-04-07T04:33:32.503+0530] {processor.py:208} INFO - Processing /home/ubantu/miniconda3/envs/airflow-env/lib/python3.11/site-packages/airflow/example_dags/example_xcomargs.py took 0.095 seconds
[2026-04-07T04:34:25.864+0530] {processor.py:186} INFO - Started process (PID=8193) to work on /home/ubantu/miniconda3/envs/airflow-env/lib/python3.11/site-packages/airflow/example_dags/example_xcomargs.py
[2026-04-07T04:34:25.865+0530] {processor.py:914} INFO - Processing file /home/ubantu/miniconda3/envs/airflow-env/lib/python3.11/site-packages/airflow/example_dags/example_xcomargs.py for tasks to queue
[2026-04-07T04:34:25.869+0530] {logging_mixin.py:190} INFO - [2026-04-07T04:34:25.867+0530] {dagbag.py:588} INFO - Filling up the DagBag from /home/ubantu/miniconda3/envs/airflow-env/lib/python3.11/site-packages/airflow/example_dags/example_xcomargs.py
[2026-04-07T04:34:25.883+0530] {processor.py:925} INFO - DAG(s) 'example_xcom_args', 'example_xcom_args_with_operators' retrieved from /home/ubantu/miniconda3/envs/airflow-env/lib/python3.11/site-packages/airflow/example_dags/example_xcomargs.py
[2026-04-07T04:34:25.907+0530] {logging_mixin.py:190} INFO - [2026-04-07T04:34:25.907+0530] {dag.py:3239} INFO - Sync 2 DAGs
[2026-04-07T04:34:25.918+0530] {logging_mixin.py:190} INFO - [2026-04-07T04:34:25.918+0530] {dag.py:4180} INFO - Setting next_dagrun for example_xcom_args to None, run_after=None
[2026-04-07T04:34:25.921+0530] {logging_mixin.py:190} INFO - [2026-04-07T04:34:25.921+0530] {dag.py:4180} INFO - Setting next_dagrun for example_xcom_args_with_operators to None, run_after=None
[2026-04-07T04:34:25.937+0530] {processor.py:208} INFO - Processing /home/ubantu/miniconda3/envs/airflow-env/lib/python3.11/site-packages/airflow/example_dags/example_xcomargs.py took 0.081 seconds
[2026-04-07T04:35:19.647+0530] {processor.py:186} INFO - Started process (PID=8267) to work on /home/ubantu/miniconda3/envs/airflow-env/lib/python3.11/site-packages/airflow/example_dags/example_xcomargs.py
[2026-04-07T04:35:19.648+0530] {processor.py:914} INFO - Processing file /home/ubantu/miniconda3/envs/airflow-env/lib/python3.11/site-packages/airflow/example_dags/example_xcomargs.py for tasks to queue
[2026-04-07T04:35:19.650+0530] {logging_mixin.py:190} INFO - [2026-04-07T04:35:19.650+0530] {dagbag.py:588} INFO - Filling up the DagBag from /home/ubantu/miniconda3/envs/airflow-env/lib/python3.11/site-packages/airflow/example_dags/example_xcomargs.py
[2026-04-07T04:35:19.662+0530] {processor.py:925} INFO - DAG(s) 'example_xcom_args', 'example_xcom_args_with_operators' retrieved from /home/ubantu/miniconda3/envs/airflow-env/lib/python3.11/site-packages/airflow/example_dags/example_xcomargs.py
[2026-04-07T04:35:19.681+0530] {logging_mixin.py:190} INFO - [2026-04-07T04:35:19.681+0530] {dag.py:3239} INFO - Sync 2 DAGs
[2026-04-07T04:35:19.694+0530] {logging_mixin.py:190} INFO - [2026-04-07T04:35:19.693+0530] {dag.py:4180} INFO - Setting next_dagrun for example_xcom_args to None, run_after=None
[2026-04-07T04:35:19.697+0530] {logging_mixin.py:190} INFO - [2026-04-07T04:35:19.696+0530] {dag.py:4180} INFO - Setting next_dagrun for example_xcom_args_with_operators to None, run_after=None
[2026-04-07T04:35:19.712+0530] {processor.py:208} INFO - Processing /home/ubantu/miniconda3/envs/airflow-env/lib/python3.11/site-packages/airflow/example_dags/example_xcomargs.py took 0.071 seconds
[2026-04-07T04:36:14.276+0530] {processor.py:186} INFO - Started process (PID=8330) to work on /home/ubantu/miniconda3/envs/airflow-env/lib/python3.11/site-packages/airflow/example_dags/example_xcomargs.py
[2026-04-07T04:36:14.277+0530] {processor.py:914} INFO - Processing file /home/ubantu/miniconda3/envs/airflow-env/lib/python3.11/site-packages/airflow/example_dags/example_xcomargs.py for tasks to queue
[2026-04-07T04:36:14.280+0530] {logging_mixin.py:190} INFO - [2026-04-07T04:36:14.279+0530] {dagbag.py:588} INFO - Filling up the DagBag from /home/ubantu/miniconda3/envs/airflow-env/lib/python3.11/site-packages/airflow/example_dags/example_xcomargs.py
[2026-04-07T04:36:14.291+0530] {processor.py:925} INFO - DAG(s) 'example_xcom_args_with_operators', 'example_xcom_args' retrieved from /home/ubantu/miniconda3/envs/airflow-env/lib/python3.11/site-packages/airflow/example_dags/example_xcomargs.py
[2026-04-07T04:36:14.309+0530] {logging_mixin.py:190} INFO - [2026-04-07T04:36:14.309+0530] {dag.py:3239} INFO - Sync 2 DAGs
[2026-04-07T04:36:14.320+0530] {logging_mixin.py:190} INFO - [2026-04-07T04:36:14.319+0530] {dag.py:4180} INFO - Setting next_dagrun for example_xcom_args to None, run_after=None
[2026-04-07T04:36:14.322+0530] {logging_mixin.py:190} INFO - [2026-04-07T04:36:14.322+0530] {dag.py:4180} INFO - Setting next_dagrun for example_xcom_args_with_operators to None, run_after=None
[2026-04-07T04:36:14.337+0530] {processor.py:208} INFO - Processing /home/ubantu/miniconda3/envs/airflow-env/lib/python3.11/site-packages/airflow/example_dags/example_xcomargs.py took 0.067 seconds
[2026-04-07T04:37:08.412+0530] {processor.py:186} INFO - Started process (PID=8411) to work on /home/ubantu/miniconda3/envs/airflow-env/lib/python3.11/site-packages/airflow/example_dags/example_xcomargs.py
[2026-04-07T04:37:08.413+0530] {processor.py:914} INFO - Processing file /home/ubantu/miniconda3/envs/airflow-env/lib/python3.11/site-packages/airflow/example_dags/example_xcomargs.py for tasks to queue
[2026-04-07T04:37:08.415+0530] {logging_mixin.py:190} INFO - [2026-04-07T04:37:08.415+0530] {dagbag.py:588} INFO - Filling up the DagBag from /home/ubantu/miniconda3/envs/airflow-env/lib/python3.11/site-packages/airflow/example_dags/example_xcomargs.py
[2026-04-07T04:37:08.427+0530] {processor.py:925} INFO - DAG(s) 'example_xcom_args_with_operators', 'example_xcom_args' retrieved from /home/ubantu/miniconda3/envs/airflow-env/lib/python3.11/site-packages/airflow/example_dags/example_xcomargs.py
[2026-04-07T04:37:08.445+0530] {logging_mixin.py:190} INFO - [2026-04-07T04:37:08.445+0530] {dag.py:3239} INFO - Sync 2 DAGs
[2026-04-07T04:37:08.457+0530] {logging_mixin.py:190} INFO - [2026-04-07T04:37:08.457+0530] {dag.py:4180} INFO - Setting next_dagrun for example_xcom_args to None, run_after=None
[2026-04-07T04:37:08.460+0530] {logging_mixin.py:190} INFO - [2026-04-07T04:37:08.460+0530] {dag.py:4180} INFO - Setting next_dagrun for example_xcom_args_with_operators to None, run_after=None
[2026-04-07T04:37:08.476+0530] {processor.py:208} INFO - Processing /home/ubantu/miniconda3/envs/airflow-env/lib/python3.11/site-packages/airflow/example_dags/example_xcomargs.py took 0.070 seconds
[2026-04-07T04:38:09.345+0530] {processor.py:186} INFO - Started process (PID=8526) to work on /home/ubantu/miniconda3/envs/airflow-env/lib/python3.11/site-packages/airflow/example_dags/example_xcomargs.py
[2026-04-07T04:38:09.346+0530] {processor.py:914} INFO - Processing file /home/ubantu/miniconda3/envs/airflow-env/lib/python3.11/site-packages/airflow/example_dags/example_xcomargs.py for tasks to queue
[2026-04-07T04:38:09.347+0530] {logging_mixin.py:190} INFO - [2026-04-07T04:38:09.347+0530] {dagbag.py:588} INFO - Filling up the DagBag from /home/ubantu/miniconda3/envs/airflow-env/lib/python3.11/site-packages/airflow/example_dags/example_xcomargs.py
[2026-04-07T04:38:09.357+0530] {processor.py:925} INFO - DAG(s) 'example_xcom_args_with_operators', 'example_xcom_args' retrieved from /home/ubantu/miniconda3/envs/airflow-env/lib/python3.11/site-packages/airflow/example_dags/example_xcomargs.py
[2026-04-07T04:38:09.373+0530] {logging_mixin.py:190} INFO - [2026-04-07T04:38:09.373+0530] {dag.py:3239} INFO - Sync 2 DAGs
[2026-04-07T04:38:09.384+0530] {logging_mixin.py:190} INFO - [2026-04-07T04:38:09.384+0530] {dag.py:4180} INFO - Setting next_dagrun for example_xcom_args to None, run_after=None
[2026-04-07T04:38:09.387+0530] {logging_mixin.py:190} INFO - [2026-04-07T04:38:09.387+0530] {dag.py:4180} INFO - Setting next_dagrun for example_xcom_args_with_operators to None, run_after=None
[2026-04-07T04:38:09.404+0530] {processor.py:208} INFO - Processing /home/ubantu/miniconda3/envs/airflow-env/lib/python3.11/site-packages/airflow/example_dags/example_xcomargs.py took 0.064 seconds
[2026-04-07T04:39:10.673+0530] {processor.py:186} INFO - Started process (PID=8611) to work on /home/ubantu/miniconda3/envs/airflow-env/lib/python3.11/site-packages/airflow/example_dags/example_xcomargs.py
[2026-04-07T04:39:10.674+0530] {processor.py:914} INFO - Processing file /home/ubantu/miniconda3/envs/airflow-env/lib/python3.11/site-packages/airflow/example_dags/example_xcomargs.py for tasks to queue
[2026-04-07T04:39:10.676+0530] {logging_mixin.py:190} INFO - [2026-04-07T04:39:10.675+0530] {dagbag.py:588} INFO - Filling up the DagBag from /home/ubantu/miniconda3/envs/airflow-env/lib/python3.11/site-packages/airflow/example_dags/example_xcomargs.py
[2026-04-07T04:39:10.687+0530] {processor.py:925} INFO - DAG(s) 'example_xcom_args_with_operators', 'example_xcom_args' retrieved from /home/ubantu/miniconda3/envs/airflow-env/lib/python3.11/site-packages/airflow/example_dags/example_xcomargs.py
[2026-04-07T04:39:10.705+0530] {logging_mixin.py:190} INFO - [2026-04-07T04:39:10.705+0530] {dag.py:3239} INFO - Sync 2 DAGs
[2026-04-07T04:39:10.717+0530] {logging_mixin.py:190} INFO - [2026-04-07T04:39:10.717+0530] {dag.py:4180} INFO - Setting next_dagrun for example_xcom_args to None, run_after=None
[2026-04-07T04:39:10.720+0530] {logging_mixin.py:190} INFO - [2026-04-07T04:39:10.720+0530] {dag.py:4180} INFO - Setting next_dagrun for example_xcom_args_with_operators to None, run_after=None
[2026-04-07T04:39:10.735+0530] {processor.py:208} INFO - Processing /home/ubantu/miniconda3/envs/airflow-env/lib/python3.11/site-packages/airflow/example_dags/example_xcomargs.py took 0.068 seconds
[2026-04-07T04:40:08.174+0530] {processor.py:186} INFO - Started process (PID=8692) to work on /home/ubantu/miniconda3/envs/airflow-env/lib/python3.11/site-packages/airflow/example_dags/example_xcomargs.py
[2026-04-07T04:40:08.176+0530] {processor.py:914} INFO - Processing file /home/ubantu/miniconda3/envs/airflow-env/lib/python3.11/site-packages/airflow/example_dags/example_xcomargs.py for tasks to queue
[2026-04-07T04:40:08.177+0530] {logging_mixin.py:190} INFO - [2026-04-07T04:40:08.176+0530] {dagbag.py:588} INFO - Filling up the DagBag from /home/ubantu/miniconda3/envs/airflow-env/lib/python3.11/site-packages/airflow/example_dags/example_xcomargs.py
[2026-04-07T04:40:08.187+0530] {processor.py:925} INFO - DAG(s) 'example_xcom_args', 'example_xcom_args_with_operators' retrieved from /home/ubantu/miniconda3/envs/airflow-env/lib/python3.11/site-packages/airflow/example_dags/example_xcomargs.py
[2026-04-07T04:40:08.203+0530] {logging_mixin.py:190} INFO - [2026-04-07T04:40:08.203+0530] {dag.py:3239} INFO - Sync 2 DAGs
[2026-04-07T04:40:08.214+0530] {logging_mixin.py:190} INFO - [2026-04-07T04:40:08.214+0530] {dag.py:4180} INFO - Setting next_dagrun for example_xcom_args to None, run_after=None
[2026-04-07T04:40:08.216+0530] {logging_mixin.py:190} INFO - [2026-04-07T04:40:08.216+0530] {dag.py:4180} INFO - Setting next_dagrun for example_xcom_args_with_operators to None, run_after=None
[2026-04-07T04:40:08.232+0530] {processor.py:208} INFO - Processing /home/ubantu/miniconda3/envs/airflow-env/lib/python3.11/site-packages/airflow/example_dags/example_xcomargs.py took 0.066 seconds
[2026-04-07T04:41:06.683+0530] {processor.py:186} INFO - Started process (PID=8819) to work on /home/ubantu/miniconda3/envs/airflow-env/lib/python3.11/site-packages/airflow/example_dags/example_xcomargs.py
[2026-04-07T04:41:06.684+0530] {processor.py:914} INFO - Processing file /home/ubantu/miniconda3/envs/airflow-env/lib/python3.11/site-packages/airflow/example_dags/example_xcomargs.py for tasks to queue
[2026-04-07T04:41:06.685+0530] {logging_mixin.py:190} INFO - [2026-04-07T04:41:06.685+0530] {dagbag.py:588} INFO - Filling up the DagBag from /home/ubantu/miniconda3/envs/airflow-env/lib/python3.11/site-packages/airflow/example_dags/example_xcomargs.py
[2026-04-07T04:41:06.697+0530] {processor.py:925} INFO - DAG(s) 'example_xcom_args', 'example_xcom_args_with_operators' retrieved from /home/ubantu/miniconda3/envs/airflow-env/lib/python3.11/site-packages/airflow/example_dags/example_xcomargs.py
[2026-04-07T04:41:06.715+0530] {logging_mixin.py:190} INFO - [2026-04-07T04:41:06.715+0530] {dag.py:3239} INFO - Sync 2 DAGs
[2026-04-07T04:41:06.728+0530] {logging_mixin.py:190} INFO - [2026-04-07T04:41:06.727+0530] {dag.py:4180} INFO - Setting next_dagrun for example_xcom_args to None, run_after=None
[2026-04-07T04:41:06.731+0530] {logging_mixin.py:190} INFO - [2026-04-07T04:41:06.730+0530] {dag.py:4180} INFO - Setting next_dagrun for example_xcom_args_with_operators to None, run_after=None
[2026-04-07T04:41:06.746+0530] {processor.py:208} INFO - Processing /home/ubantu/miniconda3/envs/airflow-env/lib/python3.11/site-packages/airflow/example_dags/example_xcomargs.py took 0.070 seconds
[2026-04-07T04:41:11.791+0530] {processor.py:186} INFO - Started process (PID=8829) to work on /home/ubantu/miniconda3/envs/airflow-env/lib/python3.11/site-packages/airflow/example_dags/example_xcomargs.py
[2026-04-07T04:41:11.793+0530] {processor.py:914} INFO - Processing file /home/ubantu/miniconda3/envs/airflow-env/lib/python3.11/site-packages/airflow/example_dags/example_xcomargs.py for tasks to queue
[2026-04-07T04:41:11.796+0530] {logging_mixin.py:190} INFO - [2026-04-07T04:41:11.796+0530] {dagbag.py:588} INFO - Filling up the DagBag from /home/ubantu/miniconda3/envs/airflow-env/lib/python3.11/site-packages/airflow/example_dags/example_xcomargs.py
[2026-04-07T04:41:11.806+0530] {processor.py:925} INFO - DAG(s) 'example_xcom_args_with_operators', 'example_xcom_args' retrieved from /home/ubantu/miniconda3/envs/airflow-env/lib/python3.11/site-packages/airflow/example_dags/example_xcomargs.py
[2026-04-07T04:41:11.830+0530] {logging_mixin.py:190} INFO - [2026-04-07T04:41:11.830+0530] {dag.py:3239} INFO - Sync 2 DAGs
[2026-04-07T04:41:11.840+0530] {logging_mixin.py:190} INFO - [2026-04-07T04:41:11.840+0530] {dag.py:4180} INFO - Setting next_dagrun for example_xcom_args to None, run_after=None
[2026-04-07T04:41:11.843+0530] {logging_mixin.py:190} INFO - [2026-04-07T04:41:11.843+0530] {dag.py:4180} INFO - Setting next_dagrun for example_xcom_args_with_operators to None, run_after=None
[2026-04-07T04:41:11.859+0530] {processor.py:208} INFO - Processing /home/ubantu/miniconda3/envs/airflow-env/lib/python3.11/site-packages/airflow/example_dags/example_xcomargs.py took 0.078 seconds
[2026-04-07T04:42:03.802+0530] {processor.py:186} INFO - Started process (PID=8963) to work on /home/ubantu/miniconda3/envs/airflow-env/lib/python3.11/site-packages/airflow/example_dags/example_xcomargs.py
[2026-04-07T04:42:03.803+0530] {processor.py:914} INFO - Processing file /home/ubantu/miniconda3/envs/airflow-env/lib/python3.11/site-packages/airflow/example_dags/example_xcomargs.py for tasks to queue
[2026-04-07T04:42:03.805+0530] {logging_mixin.py:190} INFO - [2026-04-07T04:42:03.804+0530] {dagbag.py:588} INFO - Filling up the DagBag from /home/ubantu/miniconda3/envs/airflow-env/lib/python3.11/site-packages/airflow/example_dags/example_xcomargs.py
[2026-04-07T04:42:03.815+0530] {processor.py:925} INFO - DAG(s) 'example_xcom_args_with_operators', 'example_xcom_args' retrieved from /home/ubantu/miniconda3/envs/airflow-env/lib/python3.11/site-packages/airflow/example_dags/example_xcomargs.py
[2026-04-07T04:42:03.832+0530] {logging_mixin.py:190} INFO - [2026-04-07T04:42:03.831+0530] {dag.py:3239} INFO - Sync 2 DAGs
[2026-04-07T04:42:03.843+0530] {logging_mixin.py:190} INFO - [2026-04-07T04:42:03.843+0530] {dag.py:4180} INFO - Setting next_dagrun for example_xcom_args to None, run_after=None
[2026-04-07T04:42:03.846+0530] {logging_mixin.py:190} INFO - [2026-04-07T04:42:03.846+0530] {dag.py:4180} INFO - Setting next_dagrun for example_xcom_args_with_operators to None, run_after=None
[2026-04-07T04:42:03.861+0530] {processor.py:208} INFO - Processing /home/ubantu/miniconda3/envs/airflow-env/lib/python3.11/site-packages/airflow/example_dags/example_xcomargs.py took 0.064 seconds
[2026-04-07T04:42:04.271+0530] {processor.py:186} INFO - Started process (PID=8964) to work on /home/ubantu/miniconda3/envs/airflow-env/lib/python3.11/site-packages/airflow/example_dags/example_xcomargs.py
[2026-04-07T04:42:04.273+0530] {processor.py:914} INFO - Processing file /home/ubantu/miniconda3/envs/airflow-env/lib/python3.11/site-packages/airflow/example_dags/example_xcomargs.py for tasks to queue
[2026-04-07T04:42:04.279+0530] {logging_mixin.py:190} INFO - [2026-04-07T04:42:04.278+0530] {dagbag.py:588} INFO - Filling up the DagBag from /home/ubantu/miniconda3/envs/airflow-env/lib/python3.11/site-packages/airflow/example_dags/example_xcomargs.py
[2026-04-07T04:42:04.306+0530] {processor.py:925} INFO - DAG(s) 'example_xcom_args', 'example_xcom_args_with_operators' retrieved from /home/ubantu/miniconda3/envs/airflow-env/lib/python3.11/site-packages/airflow/example_dags/example_xcomargs.py
[2026-04-07T04:42:04.360+0530] {logging_mixin.py:190} INFO - [2026-04-07T04:42:04.359+0530] {dag.py:3239} INFO - Sync 2 DAGs
[2026-04-07T04:42:04.386+0530] {logging_mixin.py:190} INFO - [2026-04-07T04:42:04.385+0530] {dag.py:4180} INFO - Setting next_dagrun for example_xcom_args to None, run_after=None
[2026-04-07T04:42:04.391+0530] {logging_mixin.py:190} INFO - [2026-04-07T04:42:04.391+0530] {dag.py:4180} INFO - Setting next_dagrun for example_xcom_args_with_operators to None, run_after=None
[2026-04-07T04:42:04.413+0530] {processor.py:208} INFO - Processing /home/ubantu/miniconda3/envs/airflow-env/lib/python3.11/site-packages/airflow/example_dags/example_xcomargs.py took 0.156 seconds
[2026-04-07T04:42:56.092+0530] {processor.py:186} INFO - Started process (PID=9108) to work on /home/ubantu/miniconda3/envs/airflow-env/lib/python3.11/site-packages/airflow/example_dags/example_xcomargs.py
[2026-04-07T04:42:56.093+0530] {processor.py:914} INFO - Processing file /home/ubantu/miniconda3/envs/airflow-env/lib/python3.11/site-packages/airflow/example_dags/example_xcomargs.py for tasks to queue
[2026-04-07T04:42:56.094+0530] {logging_mixin.py:190} INFO - [2026-04-07T04:42:56.094+0530] {dagbag.py:588} INFO - Filling up the DagBag from /home/ubantu/miniconda3/envs/airflow-env/lib/python3.11/site-packages/airflow/example_dags/example_xcomargs.py
[2026-04-07T04:42:56.107+0530] {processor.py:925} INFO - DAG(s) 'example_xcom_args_with_operators', 'example_xcom_args' retrieved from /home/ubantu/miniconda3/envs/airflow-env/lib/python3.11/site-packages/airflow/example_dags/example_xcomargs.py
[2026-04-07T04:42:56.128+0530] {logging_mixin.py:190} INFO - [2026-04-07T04:42:56.127+0530] {dag.py:3239} INFO - Sync 2 DAGs
[2026-04-07T04:42:56.139+0530] {logging_mixin.py:190} INFO - [2026-04-07T04:42:56.139+0530] {dag.py:4180} INFO - Setting next_dagrun for example_xcom_args to None, run_after=None
[2026-04-07T04:42:56.142+0530] {logging_mixin.py:190} INFO - [2026-04-07T04:42:56.142+0530] {dag.py:4180} INFO - Setting next_dagrun for example_xcom_args_with_operators to None, run_after=None
[2026-04-07T04:42:56.158+0530] {processor.py:208} INFO - Processing /home/ubantu/miniconda3/envs/airflow-env/lib/python3.11/site-packages/airflow/example_dags/example_xcomargs.py took 0.073 seconds
[2026-04-07T04:43:03.369+0530] {processor.py:186} INFO - Started process (PID=9128) to work on /home/ubantu/miniconda3/envs/airflow-env/lib/python3.11/site-packages/airflow/example_dags/example_xcomargs.py
[2026-04-07T04:43:03.370+0530] {processor.py:914} INFO - Processing file /home/ubantu/miniconda3/envs/airflow-env/lib/python3.11/site-packages/airflow/example_dags/example_xcomargs.py for tasks to queue
[2026-04-07T04:43:03.372+0530] {logging_mixin.py:190} INFO - [2026-04-07T04:43:03.371+0530] {dagbag.py:588} INFO - Filling up the DagBag from /home/ubantu/miniconda3/envs/airflow-env/lib/python3.11/site-packages/airflow/example_dags/example_xcomargs.py
[2026-04-07T04:43:03.381+0530] {processor.py:925} INFO - DAG(s) 'example_xcom_args', 'example_xcom_args_with_operators' retrieved from /home/ubantu/miniconda3/envs/airflow-env/lib/python3.11/site-packages/airflow/example_dags/example_xcomargs.py
[2026-04-07T04:43:03.396+0530] {logging_mixin.py:190} INFO - [2026-04-07T04:43:03.396+0530] {dag.py:3239} INFO - Sync 2 DAGs
[2026-04-07T04:43:03.407+0530] {logging_mixin.py:190} INFO - [2026-04-07T04:43:03.407+0530] {dag.py:4180} INFO - Setting next_dagrun for example_xcom_args to None, run_after=None
[2026-04-07T04:43:03.410+0530] {logging_mixin.py:190} INFO - [2026-04-07T04:43:03.410+0530] {dag.py:4180} INFO - Setting next_dagrun for example_xcom_args_with_operators to None, run_after=None
[2026-04-07T04:43:03.427+0530] {processor.py:208} INFO - Processing /home/ubantu/miniconda3/envs/airflow-env/lib/python3.11/site-packages/airflow/example_dags/example_xcomargs.py took 0.063 seconds
[2026-04-07T04:43:48.001+0530] {processor.py:186} INFO - Started process (PID=9235) to work on /home/ubantu/miniconda3/envs/airflow-env/lib/python3.11/site-packages/airflow/example_dags/example_xcomargs.py
[2026-04-07T04:43:48.002+0530] {processor.py:914} INFO - Processing file /home/ubantu/miniconda3/envs/airflow-env/lib/python3.11/site-packages/airflow/example_dags/example_xcomargs.py for tasks to queue
[2026-04-07T04:43:48.004+0530] {logging_mixin.py:190} INFO - [2026-04-07T04:43:48.003+0530] {dagbag.py:588} INFO - Filling up the DagBag from /home/ubantu/miniconda3/envs/airflow-env/lib/python3.11/site-packages/airflow/example_dags/example_xcomargs.py
[2026-04-07T04:43:48.014+0530] {processor.py:925} INFO - DAG(s) 'example_xcom_args_with_operators', 'example_xcom_args' retrieved from /home/ubantu/miniconda3/envs/airflow-env/lib/python3.11/site-packages/airflow/example_dags/example_xcomargs.py
[2026-04-07T04:43:48.030+0530] {logging_mixin.py:190} INFO - [2026-04-07T04:43:48.030+0530] {dag.py:3239} INFO - Sync 2 DAGs
[2026-04-07T04:43:48.041+0530] {logging_mixin.py:190} INFO - [2026-04-07T04:43:48.041+0530] {dag.py:4180} INFO - Setting next_dagrun for example_xcom_args to None, run_after=None
[2026-04-07T04:43:48.044+0530] {logging_mixin.py:190} INFO - [2026-04-07T04:43:48.044+0530] {dag.py:4180} INFO - Setting next_dagrun for example_xcom_args_with_operators to None, run_after=None
[2026-04-07T04:43:48.061+0530] {processor.py:208} INFO - Processing /home/ubantu/miniconda3/envs/airflow-env/lib/python3.11/site-packages/airflow/example_dags/example_xcomargs.py took 0.067 seconds
[2026-04-07T04:43:56.727+0530] {processor.py:186} INFO - Started process (PID=9260) to work on /home/ubantu/miniconda3/envs/airflow-env/lib/python3.11/site-packages/airflow/example_dags/example_xcomargs.py
[2026-04-07T04:43:56.728+0530] {processor.py:914} INFO - Processing file /home/ubantu/miniconda3/envs/airflow-env/lib/python3.11/site-packages/airflow/example_dags/example_xcomargs.py for tasks to queue
[2026-04-07T04:43:56.730+0530] {logging_mixin.py:190} INFO - [2026-04-07T04:43:56.729+0530] {dagbag.py:588} INFO - Filling up the DagBag from /home/ubantu/miniconda3/envs/airflow-env/lib/python3.11/site-packages/airflow/example_dags/example_xcomargs.py
[2026-04-07T04:43:56.739+0530] {processor.py:925} INFO - DAG(s) 'example_xcom_args', 'example_xcom_args_with_operators' retrieved from /home/ubantu/miniconda3/envs/airflow-env/lib/python3.11/site-packages/airflow/example_dags/example_xcomargs.py
[2026-04-07T04:43:56.759+0530] {logging_mixin.py:190} INFO - [2026-04-07T04:43:56.759+0530] {dag.py:3239} INFO - Sync 2 DAGs
[2026-04-07T04:43:56.770+0530] {logging_mixin.py:190} INFO - [2026-04-07T04:43:56.770+0530] {dag.py:4180} INFO - Setting next_dagrun for example_xcom_args to None, run_after=None
[2026-04-07T04:43:56.773+0530] {logging_mixin.py:190} INFO - [2026-04-07T04:43:56.773+0530] {dag.py:4180} INFO - Setting next_dagrun for example_xcom_args_with_operators to None, run_after=None
[2026-04-07T04:43:56.789+0530] {processor.py:208} INFO - Processing /home/ubantu/miniconda3/envs/airflow-env/lib/python3.11/site-packages/airflow/example_dags/example_xcomargs.py took 0.068 seconds
[2026-04-07T04:44:45.261+0530] {processor.py:186} INFO - Started process (PID=9366) to work on /home/ubantu/miniconda3/envs/airflow-env/lib/python3.11/site-packages/airflow/example_dags/example_xcomargs.py
[2026-04-07T04:44:45.262+0530] {processor.py:914} INFO - Processing file /home/ubantu/miniconda3/envs/airflow-env/lib/python3.11/site-packages/airflow/example_dags/example_xcomargs.py for tasks to queue
[2026-04-07T04:44:45.263+0530] {logging_mixin.py:190} INFO - [2026-04-07T04:44:45.263+0530] {dagbag.py:588} INFO - Filling up the DagBag from /home/ubantu/miniconda3/envs/airflow-env/lib/python3.11/site-packages/airflow/example_dags/example_xcomargs.py
[2026-04-07T04:44:45.273+0530] {processor.py:925} INFO - DAG(s) 'example_xcom_args_with_operators', 'example_xcom_args' retrieved from /home/ubantu/miniconda3/envs/airflow-env/lib/python3.11/site-packages/airflow/example_dags/example_xcomargs.py
[2026-04-07T04:44:45.289+0530] {logging_mixin.py:190} INFO - [2026-04-07T04:44:45.288+0530] {dag.py:3239} INFO - Sync 2 DAGs
[2026-04-07T04:44:45.300+0530] {logging_mixin.py:190} INFO - [2026-04-07T04:44:45.300+0530] {dag.py:4180} INFO - Setting next_dagrun for example_xcom_args to None, run_after=None
[2026-04-07T04:44:45.303+0530] {logging_mixin.py:190} INFO - [2026-04-07T04:44:45.302+0530] {dag.py:4180} INFO - Setting next_dagrun for example_xcom_args_with_operators to None, run_after=None
[2026-04-07T04:44:45.318+0530] {processor.py:208} INFO - Processing /home/ubantu/miniconda3/envs/airflow-env/lib/python3.11/site-packages/airflow/example_dags/example_xcomargs.py took 0.063 seconds
[2026-04-07T04:44:59.427+0530] {processor.py:186} INFO - Started process (PID=9395) to work on /home/ubantu/miniconda3/envs/airflow-env/lib/python3.11/site-packages/airflow/example_dags/example_xcomargs.py
[2026-04-07T04:44:59.428+0530] {processor.py:914} INFO - Processing file /home/ubantu/miniconda3/envs/airflow-env/lib/python3.11/site-packages/airflow/example_dags/example_xcomargs.py for tasks to queue
[2026-04-07T04:44:59.430+0530] {logging_mixin.py:190} INFO - [2026-04-07T04:44:59.430+0530] {dagbag.py:588} INFO - Filling up the DagBag from /home/ubantu/miniconda3/envs/airflow-env/lib/python3.11/site-packages/airflow/example_dags/example_xcomargs.py
[2026-04-07T04:44:59.441+0530] {processor.py:925} INFO - DAG(s) 'example_xcom_args_with_operators', 'example_xcom_args' retrieved from /home/ubantu/miniconda3/envs/airflow-env/lib/python3.11/site-packages/airflow/example_dags/example_xcomargs.py
[2026-04-07T04:44:59.459+0530] {logging_mixin.py:190} INFO - [2026-04-07T04:44:59.458+0530] {dag.py:3239} INFO - Sync 2 DAGs
[2026-04-07T04:44:59.470+0530] {logging_mixin.py:190} INFO - [2026-04-07T04:44:59.470+0530] {dag.py:4180} INFO - Setting next_dagrun for example_xcom_args to None, run_after=None
[2026-04-07T04:44:59.472+0530] {logging_mixin.py:190} INFO - [2026-04-07T04:44:59.472+0530] {dag.py:4180} INFO - Setting next_dagrun for example_xcom_args_with_operators to None, run_after=None
[2026-04-07T04:44:59.488+0530] {processor.py:208} INFO - Processing /home/ubantu/miniconda3/envs/airflow-env/lib/python3.11/site-packages/airflow/example_dags/example_xcomargs.py took 0.067 seconds
[2026-04-07T04:45:40.248+0530] {processor.py:186} INFO - Started process (PID=9491) to work on /home/ubantu/miniconda3/envs/airflow-env/lib/python3.11/site-packages/airflow/example_dags/example_xcomargs.py
[2026-04-07T04:45:40.249+0530] {processor.py:914} INFO - Processing file /home/ubantu/miniconda3/envs/airflow-env/lib/python3.11/site-packages/airflow/example_dags/example_xcomargs.py for tasks to queue
[2026-04-07T04:45:40.251+0530] {logging_mixin.py:190} INFO - [2026-04-07T04:45:40.250+0530] {dagbag.py:588} INFO - Filling up the DagBag from /home/ubantu/miniconda3/envs/airflow-env/lib/python3.11/site-packages/airflow/example_dags/example_xcomargs.py
[2026-04-07T04:45:40.263+0530] {processor.py:925} INFO - DAG(s) 'example_xcom_args_with_operators', 'example_xcom_args' retrieved from /home/ubantu/miniconda3/envs/airflow-env/lib/python3.11/site-packages/airflow/example_dags/example_xcomargs.py
[2026-04-07T04:45:40.280+0530] {logging_mixin.py:190} INFO - [2026-04-07T04:45:40.280+0530] {dag.py:3239} INFO - Sync 2 DAGs
[2026-04-07T04:45:40.291+0530] {logging_mixin.py:190} INFO - [2026-04-07T04:45:40.291+0530] {dag.py:4180} INFO - Setting next_dagrun for example_xcom_args to None, run_after=None
[2026-04-07T04:45:40.294+0530] {logging_mixin.py:190} INFO - [2026-04-07T04:45:40.294+0530] {dag.py:4180} INFO - Setting next_dagrun for example_xcom_args_with_operators to None, run_after=None
[2026-04-07T04:45:40.310+0530] {processor.py:208} INFO - Processing /home/ubantu/miniconda3/envs/airflow-env/lib/python3.11/site-packages/airflow/example_dags/example_xcomargs.py took 0.067 seconds
[2026-04-07T04:45:55.182+0530] {processor.py:186} INFO - Started process (PID=9524) to work on /home/ubantu/miniconda3/envs/airflow-env/lib/python3.11/site-packages/airflow/example_dags/example_xcomargs.py
[2026-04-07T04:45:55.183+0530] {processor.py:914} INFO - Processing file /home/ubantu/miniconda3/envs/airflow-env/lib/python3.11/site-packages/airflow/example_dags/example_xcomargs.py for tasks to queue
[2026-04-07T04:45:55.186+0530] {logging_mixin.py:190} INFO - [2026-04-07T04:45:55.185+0530] {dagbag.py:588} INFO - Filling up the DagBag from /home/ubantu/miniconda3/envs/airflow-env/lib/python3.11/site-packages/airflow/example_dags/example_xcomargs.py
[2026-04-07T04:45:55.196+0530] {processor.py:925} INFO - DAG(s) 'example_xcom_args_with_operators', 'example_xcom_args' retrieved from /home/ubantu/miniconda3/envs/airflow-env/lib/python3.11/site-packages/airflow/example_dags/example_xcomargs.py
[2026-04-07T04:45:55.214+0530] {logging_mixin.py:190} INFO - [2026-04-07T04:45:55.214+0530] {dag.py:3239} INFO - Sync 2 DAGs
[2026-04-07T04:45:55.226+0530] {logging_mixin.py:190} INFO - [2026-04-07T04:45:55.226+0530] {dag.py:4180} INFO - Setting next_dagrun for example_xcom_args to None, run_after=None
[2026-04-07T04:45:55.229+0530] {logging_mixin.py:190} INFO - [2026-04-07T04:45:55.229+0530] {dag.py:4180} INFO - Setting next_dagrun for example_xcom_args_with_operators to None, run_after=None
[2026-04-07T04:45:55.246+0530] {processor.py:208} INFO - Processing /home/ubantu/miniconda3/envs/airflow-env/lib/python3.11/site-packages/airflow/example_dags/example_xcomargs.py took 0.070 seconds
[2026-04-07T04:46:30.700+0530] {processor.py:186} INFO - Started process (PID=9605) to work on /home/ubantu/miniconda3/envs/airflow-env/lib/python3.11/site-packages/airflow/example_dags/example_xcomargs.py
[2026-04-07T04:46:30.701+0530] {processor.py:914} INFO - Processing file /home/ubantu/miniconda3/envs/airflow-env/lib/python3.11/site-packages/airflow/example_dags/example_xcomargs.py for tasks to queue
[2026-04-07T04:46:30.702+0530] {logging_mixin.py:190} INFO - [2026-04-07T04:46:30.701+0530] {dagbag.py:588} INFO - Filling up the DagBag from /home/ubantu/miniconda3/envs/airflow-env/lib/python3.11/site-packages/airflow/example_dags/example_xcomargs.py
[2026-04-07T04:46:30.712+0530] {processor.py:925} INFO - DAG(s) 'example_xcom_args', 'example_xcom_args_with_operators' retrieved from /home/ubantu/miniconda3/envs/airflow-env/lib/python3.11/site-packages/airflow/example_dags/example_xcomargs.py
[2026-04-07T04:46:30.727+0530] {logging_mixin.py:190} INFO - [2026-04-07T04:46:30.727+0530] {dag.py:3239} INFO - Sync 2 DAGs
[2026-04-07T04:46:30.738+0530] {logging_mixin.py:190} INFO - [2026-04-07T04:46:30.738+0530] {dag.py:4180} INFO - Setting next_dagrun for example_xcom_args to None, run_after=None
[2026-04-07T04:46:30.741+0530] {logging_mixin.py:190} INFO - [2026-04-07T04:46:30.740+0530] {dag.py:4180} INFO - Setting next_dagrun for example_xcom_args_with_operators to None, run_after=None
[2026-04-07T04:46:30.756+0530] {processor.py:208} INFO - Processing /home/ubantu/miniconda3/envs/airflow-env/lib/python3.11/site-packages/airflow/example_dags/example_xcomargs.py took 0.062 seconds
[2026-04-07T04:46:49.989+0530] {processor.py:186} INFO - Started process (PID=9644) to work on /home/ubantu/miniconda3/envs/airflow-env/lib/python3.11/site-packages/airflow/example_dags/example_xcomargs.py
[2026-04-07T04:46:49.990+0530] {processor.py:914} INFO - Processing file /home/ubantu/miniconda3/envs/airflow-env/lib/python3.11/site-packages/airflow/example_dags/example_xcomargs.py for tasks to queue
[2026-04-07T04:46:49.992+0530] {logging_mixin.py:190} INFO - [2026-04-07T04:46:49.992+0530] {dagbag.py:588} INFO - Filling up the DagBag from /home/ubantu/miniconda3/envs/airflow-env/lib/python3.11/site-packages/airflow/example_dags/example_xcomargs.py
[2026-04-07T04:46:50.003+0530] {processor.py:925} INFO - DAG(s) 'example_xcom_args_with_operators', 'example_xcom_args' retrieved from /home/ubantu/miniconda3/envs/airflow-env/lib/python3.11/site-packages/airflow/example_dags/example_xcomargs.py
[2026-04-07T04:46:50.021+0530] {logging_mixin.py:190} INFO - [2026-04-07T04:46:50.020+0530] {dag.py:3239} INFO - Sync 2 DAGs
[2026-04-07T04:46:50.032+0530] {logging_mixin.py:190} INFO - [2026-04-07T04:46:50.032+0530] {dag.py:4180} INFO - Setting next_dagrun for example_xcom_args to None, run_after=None
[2026-04-07T04:46:50.034+0530] {logging_mixin.py:190} INFO - [2026-04-07T04:46:50.034+0530] {dag.py:4180} INFO - Setting next_dagrun for example_xcom_args_with_operators to None, run_after=None
[2026-04-07T04:46:50.050+0530] {processor.py:208} INFO - Processing /home/ubantu/miniconda3/envs/airflow-env/lib/python3.11/site-packages/airflow/example_dags/example_xcomargs.py took 0.066 seconds
[2026-04-07T04:47:23.820+0530] {processor.py:186} INFO - Started process (PID=9727) to work on /home/ubantu/miniconda3/envs/airflow-env/lib/python3.11/site-packages/airflow/example_dags/example_xcomargs.py
[2026-04-07T04:47:23.822+0530] {processor.py:914} INFO - Processing file /home/ubantu/miniconda3/envs/airflow-env/lib/python3.11/site-packages/airflow/example_dags/example_xcomargs.py for tasks to queue
[2026-04-07T04:47:23.823+0530] {logging_mixin.py:190} INFO - [2026-04-07T04:47:23.823+0530] {dagbag.py:588} INFO - Filling up the DagBag from /home/ubantu/miniconda3/envs/airflow-env/lib/python3.11/site-packages/airflow/example_dags/example_xcomargs.py
[2026-04-07T04:47:23.838+0530] {processor.py:925} INFO - DAG(s) 'example_xcom_args_with_operators', 'example_xcom_args' retrieved from /home/ubantu/miniconda3/envs/airflow-env/lib/python3.11/site-packages/airflow/example_dags/example_xcomargs.py
[2026-04-07T04:47:23.864+0530] {logging_mixin.py:190} INFO - [2026-04-07T04:47:23.864+0530] {dag.py:3239} INFO - Sync 2 DAGs
[2026-04-07T04:47:23.885+0530] {logging_mixin.py:190} INFO - [2026-04-07T04:47:23.885+0530] {dag.py:4180} INFO - Setting next_dagrun for example_xcom_args to None, run_after=None
[2026-04-07T04:47:23.892+0530] {logging_mixin.py:190} INFO - [2026-04-07T04:47:23.892+0530] {dag.py:4180} INFO - Setting next_dagrun for example_xcom_args_with_operators to None, run_after=None
[2026-04-07T04:47:23.922+0530] {processor.py:208} INFO - Processing /home/ubantu/miniconda3/envs/airflow-env/lib/python3.11/site-packages/airflow/example_dags/example_xcomargs.py took 0.110 seconds
[2026-04-07T04:47:47.991+0530] {processor.py:186} INFO - Started process (PID=9787) to work on /home/ubantu/miniconda3/envs/airflow-env/lib/python3.11/site-packages/airflow/example_dags/example_xcomargs.py
[2026-04-07T04:47:47.992+0530] {processor.py:914} INFO - Processing file /home/ubantu/miniconda3/envs/airflow-env/lib/python3.11/site-packages/airflow/example_dags/example_xcomargs.py for tasks to queue
[2026-04-07T04:47:47.994+0530] {logging_mixin.py:190} INFO - [2026-04-07T04:47:47.994+0530] {dagbag.py:588} INFO - Filling up the DagBag from /home/ubantu/miniconda3/envs/airflow-env/lib/python3.11/site-packages/airflow/example_dags/example_xcomargs.py
[2026-04-07T04:47:48.004+0530] {processor.py:925} INFO - DAG(s) 'example_xcom_args', 'example_xcom_args_with_operators' retrieved from /home/ubantu/miniconda3/envs/airflow-env/lib/python3.11/site-packages/airflow/example_dags/example_xcomargs.py
[2026-04-07T04:47:48.022+0530] {logging_mixin.py:190} INFO - [2026-04-07T04:47:48.021+0530] {dag.py:3239} INFO - Sync 2 DAGs
[2026-04-07T04:47:48.032+0530] {logging_mixin.py:190} INFO - [2026-04-07T04:47:48.032+0530] {dag.py:4180} INFO - Setting next_dagrun for example_xcom_args to None, run_after=None
[2026-04-07T04:47:48.035+0530] {logging_mixin.py:190} INFO - [2026-04-07T04:47:48.035+0530] {dag.py:4180} INFO - Setting next_dagrun for example_xcom_args_with_operators to None, run_after=None
[2026-04-07T04:47:48.052+0530] {processor.py:208} INFO - Processing /home/ubantu/miniconda3/envs/airflow-env/lib/python3.11/site-packages/airflow/example_dags/example_xcomargs.py took 0.066 seconds
[2026-04-07T05:09:52.251+0530] {processor.py:186} INFO - Started process (PID=10955) to work on /home/ubantu/miniconda3/envs/airflow-env/lib/python3.11/site-packages/airflow/example_dags/example_xcomargs.py
[2026-04-07T05:09:52.252+0530] {processor.py:914} INFO - Processing file /home/ubantu/miniconda3/envs/airflow-env/lib/python3.11/site-packages/airflow/example_dags/example_xcomargs.py for tasks to queue
[2026-04-07T05:09:52.255+0530] {logging_mixin.py:190} INFO - [2026-04-07T05:09:52.255+0530] {dagbag.py:588} INFO - Filling up the DagBag from /home/ubantu/miniconda3/envs/airflow-env/lib/python3.11/site-packages/airflow/example_dags/example_xcomargs.py
[2026-04-07T05:09:52.267+0530] {processor.py:925} INFO - DAG(s) 'example_xcom_args', 'example_xcom_args_with_operators' retrieved from /home/ubantu/miniconda3/envs/airflow-env/lib/python3.11/site-packages/airflow/example_dags/example_xcomargs.py
[2026-04-07T05:09:52.365+0530] {logging_mixin.py:190} INFO - [2026-04-07T05:09:52.365+0530] {dag.py:3239} INFO - Sync 2 DAGs
[2026-04-07T05:09:52.374+0530] {logging_mixin.py:190} INFO - [2026-04-07T05:09:52.374+0530] {dag.py:4180} INFO - Setting next_dagrun for example_xcom_args to None, run_after=None
[2026-04-07T05:09:52.376+0530] {logging_mixin.py:190} INFO - [2026-04-07T05:09:52.376+0530] {dag.py:4180} INFO - Setting next_dagrun for example_xcom_args_with_operators to None, run_after=None
[2026-04-07T05:09:52.392+0530] {processor.py:208} INFO - Processing /home/ubantu/miniconda3/envs/airflow-env/lib/python3.11/site-packages/airflow/example_dags/example_xcomargs.py took 0.148 seconds
[2026-04-07T05:11:22.924+0530] {processor.py:186} INFO - Started process (PID=11107) to work on /home/ubantu/miniconda3/envs/airflow-env/lib/python3.11/site-packages/airflow/example_dags/example_xcomargs.py
[2026-04-07T05:11:22.925+0530] {processor.py:914} INFO - Processing file /home/ubantu/miniconda3/envs/airflow-env/lib/python3.11/site-packages/airflow/example_dags/example_xcomargs.py for tasks to queue
[2026-04-07T05:11:22.928+0530] {logging_mixin.py:190} INFO - [2026-04-07T05:11:22.927+0530] {dagbag.py:588} INFO - Filling up the DagBag from /home/ubantu/miniconda3/envs/airflow-env/lib/python3.11/site-packages/airflow/example_dags/example_xcomargs.py
[2026-04-07T05:11:22.938+0530] {processor.py:925} INFO - DAG(s) 'example_xcom_args', 'example_xcom_args_with_operators' retrieved from /home/ubantu/miniconda3/envs/airflow-env/lib/python3.11/site-packages/airflow/example_dags/example_xcomargs.py
[2026-04-07T05:11:22.964+0530] {logging_mixin.py:190} INFO - [2026-04-07T05:11:22.963+0530] {dag.py:3239} INFO - Sync 2 DAGs
[2026-04-07T05:11:22.974+0530] {logging_mixin.py:190} INFO - [2026-04-07T05:11:22.973+0530] {dag.py:4180} INFO - Setting next_dagrun for example_xcom_args to None, run_after=None
[2026-04-07T05:11:22.976+0530] {logging_mixin.py:190} INFO - [2026-04-07T05:11:22.976+0530] {dag.py:4180} INFO - Setting next_dagrun for example_xcom_args_with_operators to None, run_after=None
[2026-04-07T05:11:22.993+0530] {processor.py:208} INFO - Processing /home/ubantu/miniconda3/envs/airflow-env/lib/python3.11/site-packages/airflow/example_dags/example_xcomargs.py took 0.075 seconds
[2026-04-07T05:12:21.006+0530] {processor.py:186} INFO - Started process (PID=11195) to work on /home/ubantu/miniconda3/envs/airflow-env/lib/python3.11/site-packages/airflow/example_dags/example_xcomargs.py
[2026-04-07T05:12:21.007+0530] {processor.py:914} INFO - Processing file /home/ubantu/miniconda3/envs/airflow-env/lib/python3.11/site-packages/airflow/example_dags/example_xcomargs.py for tasks to queue
[2026-04-07T05:12:21.010+0530] {logging_mixin.py:190} INFO - [2026-04-07T05:12:21.009+0530] {dagbag.py:588} INFO - Filling up the DagBag from /home/ubantu/miniconda3/envs/airflow-env/lib/python3.11/site-packages/airflow/example_dags/example_xcomargs.py
[2026-04-07T05:12:21.022+0530] {processor.py:925} INFO - DAG(s) 'example_xcom_args', 'example_xcom_args_with_operators' retrieved from /home/ubantu/miniconda3/envs/airflow-env/lib/python3.11/site-packages/airflow/example_dags/example_xcomargs.py
[2026-04-07T05:12:21.041+0530] {logging_mixin.py:190} INFO - [2026-04-07T05:12:21.041+0530] {dag.py:3239} INFO - Sync 2 DAGs
[2026-04-07T05:12:21.052+0530] {logging_mixin.py:190} INFO - [2026-04-07T05:12:21.052+0530] {dag.py:4180} INFO - Setting next_dagrun for example_xcom_args to None, run_after=None
[2026-04-07T05:12:21.055+0530] {logging_mixin.py:190} INFO - [2026-04-07T05:12:21.054+0530] {dag.py:4180} INFO - Setting next_dagrun for example_xcom_args_with_operators to None, run_after=None
[2026-04-07T05:12:21.070+0530] {processor.py:208} INFO - Processing /home/ubantu/miniconda3/envs/airflow-env/lib/python3.11/site-packages/airflow/example_dags/example_xcomargs.py took 0.070 seconds
[2026-04-07T05:13:20.735+0530] {processor.py:186} INFO - Started process (PID=11282) to work on /home/ubantu/miniconda3/envs/airflow-env/lib/python3.11/site-packages/airflow/example_dags/example_xcomargs.py
[2026-04-07T05:13:20.736+0530] {processor.py:914} INFO - Processing file /home/ubantu/miniconda3/envs/airflow-env/lib/python3.11/site-packages/airflow/example_dags/example_xcomargs.py for tasks to queue
[2026-04-07T05:13:20.738+0530] {logging_mixin.py:190} INFO - [2026-04-07T05:13:20.737+0530] {dagbag.py:588} INFO - Filling up the DagBag from /home/ubantu/miniconda3/envs/airflow-env/lib/python3.11/site-packages/airflow/example_dags/example_xcomargs.py
[2026-04-07T05:13:20.747+0530] {processor.py:925} INFO - DAG(s) 'example_xcom_args', 'example_xcom_args_with_operators' retrieved from /home/ubantu/miniconda3/envs/airflow-env/lib/python3.11/site-packages/airflow/example_dags/example_xcomargs.py
[2026-04-07T05:13:20.763+0530] {logging_mixin.py:190} INFO - [2026-04-07T05:13:20.763+0530] {dag.py:3239} INFO - Sync 2 DAGs
[2026-04-07T05:13:20.774+0530] {logging_mixin.py:190} INFO - [2026-04-07T05:13:20.774+0530] {dag.py:4180} INFO - Setting next_dagrun for example_xcom_args to None, run_after=None
[2026-04-07T05:13:20.777+0530] {logging_mixin.py:190} INFO - [2026-04-07T05:13:20.777+0530] {dag.py:4180} INFO - Setting next_dagrun for example_xcom_args_with_operators to None, run_after=None
[2026-04-07T05:13:20.794+0530] {processor.py:208} INFO - Processing /home/ubantu/miniconda3/envs/airflow-env/lib/python3.11/site-packages/airflow/example_dags/example_xcomargs.py took 0.064 seconds
[2026-04-07T05:17:30.825+0530] {processor.py:186} INFO - Started process (PID=11550) to work on /home/ubantu/miniconda3/envs/airflow-env/lib/python3.11/site-packages/airflow/example_dags/example_xcomargs.py
[2026-04-07T05:17:30.826+0530] {processor.py:914} INFO - Processing file /home/ubantu/miniconda3/envs/airflow-env/lib/python3.11/site-packages/airflow/example_dags/example_xcomargs.py for tasks to queue
[2026-04-07T05:17:30.828+0530] {logging_mixin.py:190} INFO - [2026-04-07T05:17:30.827+0530] {dagbag.py:588} INFO - Filling up the DagBag from /home/ubantu/miniconda3/envs/airflow-env/lib/python3.11/site-packages/airflow/example_dags/example_xcomargs.py
[2026-04-07T05:17:30.839+0530] {processor.py:925} INFO - DAG(s) 'example_xcom_args', 'example_xcom_args_with_operators' retrieved from /home/ubantu/miniconda3/envs/airflow-env/lib/python3.11/site-packages/airflow/example_dags/example_xcomargs.py
[2026-04-07T05:17:30.863+0530] {logging_mixin.py:190} INFO - [2026-04-07T05:17:30.862+0530] {dag.py:3239} INFO - Sync 2 DAGs
[2026-04-07T05:17:30.874+0530] {logging_mixin.py:190} INFO - [2026-04-07T05:17:30.873+0530] {dag.py:4180} INFO - Setting next_dagrun for example_xcom_args to None, run_after=None
[2026-04-07T05:17:30.877+0530] {logging_mixin.py:190} INFO - [2026-04-07T05:17:30.876+0530] {dag.py:4180} INFO - Setting next_dagrun for example_xcom_args_with_operators to None, run_after=None
[2026-04-07T05:17:30.892+0530] {processor.py:208} INFO - Processing /home/ubantu/miniconda3/envs/airflow-env/lib/python3.11/site-packages/airflow/example_dags/example_xcomargs.py took 0.075 seconds
