[2026-04-07T04:07:58.451+0530] {processor.py:186} INFO - Started process (PID=5813) to work on /home/ubantu/miniconda3/envs/airflow-env/lib/python3.11/site-packages/airflow/example_dags/example_kubernetes_executor.py
[2026-04-07T04:07:58.452+0530] {processor.py:914} INFO - Processing file /home/ubantu/miniconda3/envs/airflow-env/lib/python3.11/site-packages/airflow/example_dags/example_kubernetes_executor.py for tasks to queue
[2026-04-07T04:07:58.455+0530] {logging_mixin.py:190} INFO - [2026-04-07T04:07:58.454+0530] {dagbag.py:588} INFO - Filling up the DagBag from /home/ubantu/miniconda3/envs/airflow-env/lib/python3.11/site-packages/airflow/example_dags/example_kubernetes_executor.py
[2026-04-07T04:07:58.458+0530] {logging_mixin.py:190} INFO - [2026-04-07T04:07:58.458+0530] {example_kubernetes_executor.py:39} WARNING - The example_kubernetes_executor example DAG requires the kubernetes provider. Please install it with: pip install apache-airflow[cncf.kubernetes]
[2026-04-07T04:07:58.459+0530] {processor.py:927} WARNING - No viable dags retrieved from /home/ubantu/miniconda3/envs/airflow-env/lib/python3.11/site-packages/airflow/example_dags/example_kubernetes_executor.py
[2026-04-07T04:07:58.472+0530] {processor.py:208} INFO - Processing /home/ubantu/miniconda3/envs/airflow-env/lib/python3.11/site-packages/airflow/example_dags/example_kubernetes_executor.py took 0.029 seconds
[2026-04-07T04:09:04.451+0530] {processor.py:186} INFO - Started process (PID=5999) to work on /home/ubantu/miniconda3/envs/airflow-env/lib/python3.11/site-packages/airflow/example_dags/example_kubernetes_executor.py
[2026-04-07T04:09:04.452+0530] {processor.py:914} INFO - Processing file /home/ubantu/miniconda3/envs/airflow-env/lib/python3.11/site-packages/airflow/example_dags/example_kubernetes_executor.py for tasks to queue
[2026-04-07T04:09:04.454+0530] {logging_mixin.py:190} INFO - [2026-04-07T04:09:04.454+0530] {dagbag.py:588} INFO - Filling up the DagBag from /home/ubantu/miniconda3/envs/airflow-env/lib/python3.11/site-packages/airflow/example_dags/example_kubernetes_executor.py
[2026-04-07T04:09:04.458+0530] {logging_mixin.py:190} INFO - [2026-04-07T04:09:04.457+0530] {example_kubernetes_executor.py:39} WARNING - The example_kubernetes_executor example DAG requires the kubernetes provider. Please install it with: pip install apache-airflow[cncf.kubernetes]
[2026-04-07T04:09:04.458+0530] {processor.py:927} WARNING - No viable dags retrieved from /home/ubantu/miniconda3/envs/airflow-env/lib/python3.11/site-packages/airflow/example_dags/example_kubernetes_executor.py
[2026-04-07T04:09:04.468+0530] {processor.py:208} INFO - Processing /home/ubantu/miniconda3/envs/airflow-env/lib/python3.11/site-packages/airflow/example_dags/example_kubernetes_executor.py took 0.024 seconds
[2026-04-07T04:10:02.568+0530] {processor.py:186} INFO - Started process (PID=6168) to work on /home/ubantu/miniconda3/envs/airflow-env/lib/python3.11/site-packages/airflow/example_dags/example_kubernetes_executor.py
[2026-04-07T04:10:02.569+0530] {processor.py:914} INFO - Processing file /home/ubantu/miniconda3/envs/airflow-env/lib/python3.11/site-packages/airflow/example_dags/example_kubernetes_executor.py for tasks to queue
[2026-04-07T04:10:02.571+0530] {logging_mixin.py:190} INFO - [2026-04-07T04:10:02.571+0530] {dagbag.py:588} INFO - Filling up the DagBag from /home/ubantu/miniconda3/envs/airflow-env/lib/python3.11/site-packages/airflow/example_dags/example_kubernetes_executor.py
[2026-04-07T04:10:02.574+0530] {logging_mixin.py:190} INFO - [2026-04-07T04:10:02.574+0530] {example_kubernetes_executor.py:39} WARNING - The example_kubernetes_executor example DAG requires the kubernetes provider. Please install it with: pip install apache-airflow[cncf.kubernetes]
[2026-04-07T04:10:02.575+0530] {processor.py:927} WARNING - No viable dags retrieved from /home/ubantu/miniconda3/envs/airflow-env/lib/python3.11/site-packages/airflow/example_dags/example_kubernetes_executor.py
[2026-04-07T04:10:02.585+0530] {processor.py:208} INFO - Processing /home/ubantu/miniconda3/envs/airflow-env/lib/python3.11/site-packages/airflow/example_dags/example_kubernetes_executor.py took 0.023 seconds
[2026-04-07T04:10:56.174+0530] {processor.py:186} INFO - Started process (PID=6235) to work on /home/ubantu/miniconda3/envs/airflow-env/lib/python3.11/site-packages/airflow/example_dags/example_kubernetes_executor.py
[2026-04-07T04:10:56.175+0530] {processor.py:914} INFO - Processing file /home/ubantu/miniconda3/envs/airflow-env/lib/python3.11/site-packages/airflow/example_dags/example_kubernetes_executor.py for tasks to queue
[2026-04-07T04:10:56.178+0530] {logging_mixin.py:190} INFO - [2026-04-07T04:10:56.177+0530] {dagbag.py:588} INFO - Filling up the DagBag from /home/ubantu/miniconda3/envs/airflow-env/lib/python3.11/site-packages/airflow/example_dags/example_kubernetes_executor.py
[2026-04-07T04:10:56.181+0530] {logging_mixin.py:190} INFO - [2026-04-07T04:10:56.181+0530] {example_kubernetes_executor.py:39} WARNING - The example_kubernetes_executor example DAG requires the kubernetes provider. Please install it with: pip install apache-airflow[cncf.kubernetes]
[2026-04-07T04:10:56.181+0530] {processor.py:927} WARNING - No viable dags retrieved from /home/ubantu/miniconda3/envs/airflow-env/lib/python3.11/site-packages/airflow/example_dags/example_kubernetes_executor.py
[2026-04-07T04:10:56.193+0530] {processor.py:208} INFO - Processing /home/ubantu/miniconda3/envs/airflow-env/lib/python3.11/site-packages/airflow/example_dags/example_kubernetes_executor.py took 0.026 seconds
[2026-04-07T04:11:51.252+0530] {processor.py:186} INFO - Started process (PID=6305) to work on /home/ubantu/miniconda3/envs/airflow-env/lib/python3.11/site-packages/airflow/example_dags/example_kubernetes_executor.py
[2026-04-07T04:11:51.253+0530] {processor.py:914} INFO - Processing file /home/ubantu/miniconda3/envs/airflow-env/lib/python3.11/site-packages/airflow/example_dags/example_kubernetes_executor.py for tasks to queue
[2026-04-07T04:11:51.255+0530] {logging_mixin.py:190} INFO - [2026-04-07T04:11:51.255+0530] {dagbag.py:588} INFO - Filling up the DagBag from /home/ubantu/miniconda3/envs/airflow-env/lib/python3.11/site-packages/airflow/example_dags/example_kubernetes_executor.py
[2026-04-07T04:11:51.258+0530] {logging_mixin.py:190} INFO - [2026-04-07T04:11:51.258+0530] {example_kubernetes_executor.py:39} WARNING - The example_kubernetes_executor example DAG requires the kubernetes provider. Please install it with: pip install apache-airflow[cncf.kubernetes]
[2026-04-07T04:11:51.258+0530] {processor.py:927} WARNING - No viable dags retrieved from /home/ubantu/miniconda3/envs/airflow-env/lib/python3.11/site-packages/airflow/example_dags/example_kubernetes_executor.py
[2026-04-07T04:11:51.268+0530] {processor.py:208} INFO - Processing /home/ubantu/miniconda3/envs/airflow-env/lib/python3.11/site-packages/airflow/example_dags/example_kubernetes_executor.py took 0.023 seconds
[2026-04-07T04:12:44.626+0530] {processor.py:186} INFO - Started process (PID=6365) to work on /home/ubantu/miniconda3/envs/airflow-env/lib/python3.11/site-packages/airflow/example_dags/example_kubernetes_executor.py
[2026-04-07T04:12:44.627+0530] {processor.py:914} INFO - Processing file /home/ubantu/miniconda3/envs/airflow-env/lib/python3.11/site-packages/airflow/example_dags/example_kubernetes_executor.py for tasks to queue
[2026-04-07T04:12:44.630+0530] {logging_mixin.py:190} INFO - [2026-04-07T04:12:44.629+0530] {dagbag.py:588} INFO - Filling up the DagBag from /home/ubantu/miniconda3/envs/airflow-env/lib/python3.11/site-packages/airflow/example_dags/example_kubernetes_executor.py
[2026-04-07T04:12:44.634+0530] {logging_mixin.py:190} INFO - [2026-04-07T04:12:44.633+0530] {example_kubernetes_executor.py:39} WARNING - The example_kubernetes_executor example DAG requires the kubernetes provider. Please install it with: pip install apache-airflow[cncf.kubernetes]
[2026-04-07T04:12:44.634+0530] {processor.py:927} WARNING - No viable dags retrieved from /home/ubantu/miniconda3/envs/airflow-env/lib/python3.11/site-packages/airflow/example_dags/example_kubernetes_executor.py
[2026-04-07T04:12:44.646+0530] {processor.py:208} INFO - Processing /home/ubantu/miniconda3/envs/airflow-env/lib/python3.11/site-packages/airflow/example_dags/example_kubernetes_executor.py took 0.026 seconds
[2026-04-07T04:13:37.313+0530] {processor.py:186} INFO - Started process (PID=6432) to work on /home/ubantu/miniconda3/envs/airflow-env/lib/python3.11/site-packages/airflow/example_dags/example_kubernetes_executor.py
[2026-04-07T04:13:37.314+0530] {processor.py:914} INFO - Processing file /home/ubantu/miniconda3/envs/airflow-env/lib/python3.11/site-packages/airflow/example_dags/example_kubernetes_executor.py for tasks to queue
[2026-04-07T04:13:37.317+0530] {logging_mixin.py:190} INFO - [2026-04-07T04:13:37.316+0530] {dagbag.py:588} INFO - Filling up the DagBag from /home/ubantu/miniconda3/envs/airflow-env/lib/python3.11/site-packages/airflow/example_dags/example_kubernetes_executor.py
[2026-04-07T04:13:37.320+0530] {logging_mixin.py:190} INFO - [2026-04-07T04:13:37.320+0530] {example_kubernetes_executor.py:39} WARNING - The example_kubernetes_executor example DAG requires the kubernetes provider. Please install it with: pip install apache-airflow[cncf.kubernetes]
[2026-04-07T04:13:37.321+0530] {processor.py:927} WARNING - No viable dags retrieved from /home/ubantu/miniconda3/envs/airflow-env/lib/python3.11/site-packages/airflow/example_dags/example_kubernetes_executor.py
[2026-04-07T04:13:37.334+0530] {processor.py:208} INFO - Processing /home/ubantu/miniconda3/envs/airflow-env/lib/python3.11/site-packages/airflow/example_dags/example_kubernetes_executor.py took 0.029 seconds
[2026-04-07T04:14:31.566+0530] {processor.py:186} INFO - Started process (PID=6492) to work on /home/ubantu/miniconda3/envs/airflow-env/lib/python3.11/site-packages/airflow/example_dags/example_kubernetes_executor.py
[2026-04-07T04:14:31.567+0530] {processor.py:914} INFO - Processing file /home/ubantu/miniconda3/envs/airflow-env/lib/python3.11/site-packages/airflow/example_dags/example_kubernetes_executor.py for tasks to queue
[2026-04-07T04:14:31.569+0530] {logging_mixin.py:190} INFO - [2026-04-07T04:14:31.568+0530] {dagbag.py:588} INFO - Filling up the DagBag from /home/ubantu/miniconda3/envs/airflow-env/lib/python3.11/site-packages/airflow/example_dags/example_kubernetes_executor.py
[2026-04-07T04:14:31.572+0530] {logging_mixin.py:190} INFO - [2026-04-07T04:14:31.572+0530] {example_kubernetes_executor.py:39} WARNING - The example_kubernetes_executor example DAG requires the kubernetes provider. Please install it with: pip install apache-airflow[cncf.kubernetes]
[2026-04-07T04:14:31.572+0530] {processor.py:927} WARNING - No viable dags retrieved from /home/ubantu/miniconda3/envs/airflow-env/lib/python3.11/site-packages/airflow/example_dags/example_kubernetes_executor.py
[2026-04-07T04:14:31.582+0530] {processor.py:208} INFO - Processing /home/ubantu/miniconda3/envs/airflow-env/lib/python3.11/site-packages/airflow/example_dags/example_kubernetes_executor.py took 0.023 seconds
[2026-04-07T04:15:24.273+0530] {processor.py:186} INFO - Started process (PID=6555) to work on /home/ubantu/miniconda3/envs/airflow-env/lib/python3.11/site-packages/airflow/example_dags/example_kubernetes_executor.py
[2026-04-07T04:15:24.274+0530] {processor.py:914} INFO - Processing file /home/ubantu/miniconda3/envs/airflow-env/lib/python3.11/site-packages/airflow/example_dags/example_kubernetes_executor.py for tasks to queue
[2026-04-07T04:15:24.276+0530] {logging_mixin.py:190} INFO - [2026-04-07T04:15:24.276+0530] {dagbag.py:588} INFO - Filling up the DagBag from /home/ubantu/miniconda3/envs/airflow-env/lib/python3.11/site-packages/airflow/example_dags/example_kubernetes_executor.py
[2026-04-07T04:15:24.279+0530] {logging_mixin.py:190} INFO - [2026-04-07T04:15:24.279+0530] {example_kubernetes_executor.py:39} WARNING - The example_kubernetes_executor example DAG requires the kubernetes provider. Please install it with: pip install apache-airflow[cncf.kubernetes]
[2026-04-07T04:15:24.280+0530] {processor.py:927} WARNING - No viable dags retrieved from /home/ubantu/miniconda3/envs/airflow-env/lib/python3.11/site-packages/airflow/example_dags/example_kubernetes_executor.py
[2026-04-07T04:15:24.290+0530] {processor.py:208} INFO - Processing /home/ubantu/miniconda3/envs/airflow-env/lib/python3.11/site-packages/airflow/example_dags/example_kubernetes_executor.py took 0.023 seconds
[2026-04-07T04:16:15.458+0530] {processor.py:186} INFO - Started process (PID=6614) to work on /home/ubantu/miniconda3/envs/airflow-env/lib/python3.11/site-packages/airflow/example_dags/example_kubernetes_executor.py
[2026-04-07T04:16:15.459+0530] {processor.py:914} INFO - Processing file /home/ubantu/miniconda3/envs/airflow-env/lib/python3.11/site-packages/airflow/example_dags/example_kubernetes_executor.py for tasks to queue
[2026-04-07T04:16:15.461+0530] {logging_mixin.py:190} INFO - [2026-04-07T04:16:15.461+0530] {dagbag.py:588} INFO - Filling up the DagBag from /home/ubantu/miniconda3/envs/airflow-env/lib/python3.11/site-packages/airflow/example_dags/example_kubernetes_executor.py
[2026-04-07T04:16:15.464+0530] {logging_mixin.py:190} INFO - [2026-04-07T04:16:15.464+0530] {example_kubernetes_executor.py:39} WARNING - The example_kubernetes_executor example DAG requires the kubernetes provider. Please install it with: pip install apache-airflow[cncf.kubernetes]
[2026-04-07T04:16:15.465+0530] {processor.py:927} WARNING - No viable dags retrieved from /home/ubantu/miniconda3/envs/airflow-env/lib/python3.11/site-packages/airflow/example_dags/example_kubernetes_executor.py
[2026-04-07T04:16:15.476+0530] {processor.py:208} INFO - Processing /home/ubantu/miniconda3/envs/airflow-env/lib/python3.11/site-packages/airflow/example_dags/example_kubernetes_executor.py took 0.023 seconds
[2026-04-07T04:17:05.474+0530] {processor.py:186} INFO - Started process (PID=6676) to work on /home/ubantu/miniconda3/envs/airflow-env/lib/python3.11/site-packages/airflow/example_dags/example_kubernetes_executor.py
[2026-04-07T04:17:05.475+0530] {processor.py:914} INFO - Processing file /home/ubantu/miniconda3/envs/airflow-env/lib/python3.11/site-packages/airflow/example_dags/example_kubernetes_executor.py for tasks to queue
[2026-04-07T04:17:05.477+0530] {logging_mixin.py:190} INFO - [2026-04-07T04:17:05.477+0530] {dagbag.py:588} INFO - Filling up the DagBag from /home/ubantu/miniconda3/envs/airflow-env/lib/python3.11/site-packages/airflow/example_dags/example_kubernetes_executor.py
[2026-04-07T04:17:05.480+0530] {logging_mixin.py:190} INFO - [2026-04-07T04:17:05.480+0530] {example_kubernetes_executor.py:39} WARNING - The example_kubernetes_executor example DAG requires the kubernetes provider. Please install it with: pip install apache-airflow[cncf.kubernetes]
[2026-04-07T04:17:05.480+0530] {processor.py:927} WARNING - No viable dags retrieved from /home/ubantu/miniconda3/envs/airflow-env/lib/python3.11/site-packages/airflow/example_dags/example_kubernetes_executor.py
[2026-04-07T04:17:05.491+0530] {processor.py:208} INFO - Processing /home/ubantu/miniconda3/envs/airflow-env/lib/python3.11/site-packages/airflow/example_dags/example_kubernetes_executor.py took 0.022 seconds
[2026-04-07T04:17:54.798+0530] {processor.py:186} INFO - Started process (PID=6732) to work on /home/ubantu/miniconda3/envs/airflow-env/lib/python3.11/site-packages/airflow/example_dags/example_kubernetes_executor.py
[2026-04-07T04:17:54.799+0530] {processor.py:914} INFO - Processing file /home/ubantu/miniconda3/envs/airflow-env/lib/python3.11/site-packages/airflow/example_dags/example_kubernetes_executor.py for tasks to queue
[2026-04-07T04:17:54.802+0530] {logging_mixin.py:190} INFO - [2026-04-07T04:17:54.801+0530] {dagbag.py:588} INFO - Filling up the DagBag from /home/ubantu/miniconda3/envs/airflow-env/lib/python3.11/site-packages/airflow/example_dags/example_kubernetes_executor.py
[2026-04-07T04:17:54.805+0530] {logging_mixin.py:190} INFO - [2026-04-07T04:17:54.805+0530] {example_kubernetes_executor.py:39} WARNING - The example_kubernetes_executor example DAG requires the kubernetes provider. Please install it with: pip install apache-airflow[cncf.kubernetes]
[2026-04-07T04:17:54.805+0530] {processor.py:927} WARNING - No viable dags retrieved from /home/ubantu/miniconda3/envs/airflow-env/lib/python3.11/site-packages/airflow/example_dags/example_kubernetes_executor.py
[2026-04-07T04:17:54.816+0530] {processor.py:208} INFO - Processing /home/ubantu/miniconda3/envs/airflow-env/lib/python3.11/site-packages/airflow/example_dags/example_kubernetes_executor.py took 0.024 seconds
[2026-04-07T04:18:47.690+0530] {processor.py:186} INFO - Started process (PID=6844) to work on /home/ubantu/miniconda3/envs/airflow-env/lib/python3.11/site-packages/airflow/example_dags/example_kubernetes_executor.py
[2026-04-07T04:18:47.691+0530] {processor.py:914} INFO - Processing file /home/ubantu/miniconda3/envs/airflow-env/lib/python3.11/site-packages/airflow/example_dags/example_kubernetes_executor.py for tasks to queue
[2026-04-07T04:18:47.693+0530] {logging_mixin.py:190} INFO - [2026-04-07T04:18:47.693+0530] {dagbag.py:588} INFO - Filling up the DagBag from /home/ubantu/miniconda3/envs/airflow-env/lib/python3.11/site-packages/airflow/example_dags/example_kubernetes_executor.py
[2026-04-07T04:18:47.696+0530] {logging_mixin.py:190} INFO - [2026-04-07T04:18:47.696+0530] {example_kubernetes_executor.py:39} WARNING - The example_kubernetes_executor example DAG requires the kubernetes provider. Please install it with: pip install apache-airflow[cncf.kubernetes]
[2026-04-07T04:18:47.696+0530] {processor.py:927} WARNING - No viable dags retrieved from /home/ubantu/miniconda3/envs/airflow-env/lib/python3.11/site-packages/airflow/example_dags/example_kubernetes_executor.py
[2026-04-07T04:18:47.707+0530] {processor.py:208} INFO - Processing /home/ubantu/miniconda3/envs/airflow-env/lib/python3.11/site-packages/airflow/example_dags/example_kubernetes_executor.py took 0.023 seconds
[2026-04-07T04:19:40.585+0530] {processor.py:186} INFO - Started process (PID=6903) to work on /home/ubantu/miniconda3/envs/airflow-env/lib/python3.11/site-packages/airflow/example_dags/example_kubernetes_executor.py
[2026-04-07T04:19:40.586+0530] {processor.py:914} INFO - Processing file /home/ubantu/miniconda3/envs/airflow-env/lib/python3.11/site-packages/airflow/example_dags/example_kubernetes_executor.py for tasks to queue
[2026-04-07T04:19:40.588+0530] {logging_mixin.py:190} INFO - [2026-04-07T04:19:40.588+0530] {dagbag.py:588} INFO - Filling up the DagBag from /home/ubantu/miniconda3/envs/airflow-env/lib/python3.11/site-packages/airflow/example_dags/example_kubernetes_executor.py
[2026-04-07T04:19:40.591+0530] {logging_mixin.py:190} INFO - [2026-04-07T04:19:40.591+0530] {example_kubernetes_executor.py:39} WARNING - The example_kubernetes_executor example DAG requires the kubernetes provider. Please install it with: pip install apache-airflow[cncf.kubernetes]
[2026-04-07T04:19:40.591+0530] {processor.py:927} WARNING - No viable dags retrieved from /home/ubantu/miniconda3/envs/airflow-env/lib/python3.11/site-packages/airflow/example_dags/example_kubernetes_executor.py
[2026-04-07T04:19:40.601+0530] {processor.py:208} INFO - Processing /home/ubantu/miniconda3/envs/airflow-env/lib/python3.11/site-packages/airflow/example_dags/example_kubernetes_executor.py took 0.023 seconds
[2026-04-07T04:20:31.361+0530] {processor.py:186} INFO - Started process (PID=6962) to work on /home/ubantu/miniconda3/envs/airflow-env/lib/python3.11/site-packages/airflow/example_dags/example_kubernetes_executor.py
[2026-04-07T04:20:31.362+0530] {processor.py:914} INFO - Processing file /home/ubantu/miniconda3/envs/airflow-env/lib/python3.11/site-packages/airflow/example_dags/example_kubernetes_executor.py for tasks to queue
[2026-04-07T04:20:31.364+0530] {logging_mixin.py:190} INFO - [2026-04-07T04:20:31.364+0530] {dagbag.py:588} INFO - Filling up the DagBag from /home/ubantu/miniconda3/envs/airflow-env/lib/python3.11/site-packages/airflow/example_dags/example_kubernetes_executor.py
[2026-04-07T04:20:31.367+0530] {logging_mixin.py:190} INFO - [2026-04-07T04:20:31.367+0530] {example_kubernetes_executor.py:39} WARNING - The example_kubernetes_executor example DAG requires the kubernetes provider. Please install it with: pip install apache-airflow[cncf.kubernetes]
[2026-04-07T04:20:31.368+0530] {processor.py:927} WARNING - No viable dags retrieved from /home/ubantu/miniconda3/envs/airflow-env/lib/python3.11/site-packages/airflow/example_dags/example_kubernetes_executor.py
[2026-04-07T04:20:31.378+0530] {processor.py:208} INFO - Processing /home/ubantu/miniconda3/envs/airflow-env/lib/python3.11/site-packages/airflow/example_dags/example_kubernetes_executor.py took 0.023 seconds
[2026-04-07T04:21:23.535+0530] {processor.py:186} INFO - Started process (PID=7020) to work on /home/ubantu/miniconda3/envs/airflow-env/lib/python3.11/site-packages/airflow/example_dags/example_kubernetes_executor.py
[2026-04-07T04:21:23.536+0530] {processor.py:914} INFO - Processing file /home/ubantu/miniconda3/envs/airflow-env/lib/python3.11/site-packages/airflow/example_dags/example_kubernetes_executor.py for tasks to queue
[2026-04-07T04:21:23.539+0530] {logging_mixin.py:190} INFO - [2026-04-07T04:21:23.538+0530] {dagbag.py:588} INFO - Filling up the DagBag from /home/ubantu/miniconda3/envs/airflow-env/lib/python3.11/site-packages/airflow/example_dags/example_kubernetes_executor.py
[2026-04-07T04:21:23.542+0530] {logging_mixin.py:190} INFO - [2026-04-07T04:21:23.542+0530] {example_kubernetes_executor.py:39} WARNING - The example_kubernetes_executor example DAG requires the kubernetes provider. Please install it with: pip install apache-airflow[cncf.kubernetes]
[2026-04-07T04:21:23.542+0530] {processor.py:927} WARNING - No viable dags retrieved from /home/ubantu/miniconda3/envs/airflow-env/lib/python3.11/site-packages/airflow/example_dags/example_kubernetes_executor.py
[2026-04-07T04:21:23.553+0530] {processor.py:208} INFO - Processing /home/ubantu/miniconda3/envs/airflow-env/lib/python3.11/site-packages/airflow/example_dags/example_kubernetes_executor.py took 0.024 seconds
[2026-04-07T04:22:18.938+0530] {processor.py:186} INFO - Started process (PID=7084) to work on /home/ubantu/miniconda3/envs/airflow-env/lib/python3.11/site-packages/airflow/example_dags/example_kubernetes_executor.py
[2026-04-07T04:22:18.939+0530] {processor.py:914} INFO - Processing file /home/ubantu/miniconda3/envs/airflow-env/lib/python3.11/site-packages/airflow/example_dags/example_kubernetes_executor.py for tasks to queue
[2026-04-07T04:22:18.941+0530] {logging_mixin.py:190} INFO - [2026-04-07T04:22:18.941+0530] {dagbag.py:588} INFO - Filling up the DagBag from /home/ubantu/miniconda3/envs/airflow-env/lib/python3.11/site-packages/airflow/example_dags/example_kubernetes_executor.py
[2026-04-07T04:22:18.944+0530] {logging_mixin.py:190} INFO - [2026-04-07T04:22:18.944+0530] {example_kubernetes_executor.py:39} WARNING - The example_kubernetes_executor example DAG requires the kubernetes provider. Please install it with: pip install apache-airflow[cncf.kubernetes]
[2026-04-07T04:22:18.944+0530] {processor.py:927} WARNING - No viable dags retrieved from /home/ubantu/miniconda3/envs/airflow-env/lib/python3.11/site-packages/airflow/example_dags/example_kubernetes_executor.py
[2026-04-07T04:22:18.953+0530] {processor.py:208} INFO - Processing /home/ubantu/miniconda3/envs/airflow-env/lib/python3.11/site-packages/airflow/example_dags/example_kubernetes_executor.py took 0.020 seconds
[2026-04-07T04:23:14.145+0530] {processor.py:186} INFO - Started process (PID=7181) to work on /home/ubantu/miniconda3/envs/airflow-env/lib/python3.11/site-packages/airflow/example_dags/example_kubernetes_executor.py
[2026-04-07T04:23:14.146+0530] {processor.py:914} INFO - Processing file /home/ubantu/miniconda3/envs/airflow-env/lib/python3.11/site-packages/airflow/example_dags/example_kubernetes_executor.py for tasks to queue
[2026-04-07T04:23:14.149+0530] {logging_mixin.py:190} INFO - [2026-04-07T04:23:14.148+0530] {dagbag.py:588} INFO - Filling up the DagBag from /home/ubantu/miniconda3/envs/airflow-env/lib/python3.11/site-packages/airflow/example_dags/example_kubernetes_executor.py
[2026-04-07T04:23:14.152+0530] {logging_mixin.py:190} INFO - [2026-04-07T04:23:14.152+0530] {example_kubernetes_executor.py:39} WARNING - The example_kubernetes_executor example DAG requires the kubernetes provider. Please install it with: pip install apache-airflow[cncf.kubernetes]
[2026-04-07T04:23:14.153+0530] {processor.py:927} WARNING - No viable dags retrieved from /home/ubantu/miniconda3/envs/airflow-env/lib/python3.11/site-packages/airflow/example_dags/example_kubernetes_executor.py
[2026-04-07T04:23:14.166+0530] {processor.py:208} INFO - Processing /home/ubantu/miniconda3/envs/airflow-env/lib/python3.11/site-packages/airflow/example_dags/example_kubernetes_executor.py took 0.029 seconds
[2026-04-07T04:24:04.666+0530] {processor.py:186} INFO - Started process (PID=7271) to work on /home/ubantu/miniconda3/envs/airflow-env/lib/python3.11/site-packages/airflow/example_dags/example_kubernetes_executor.py
[2026-04-07T04:24:04.667+0530] {processor.py:914} INFO - Processing file /home/ubantu/miniconda3/envs/airflow-env/lib/python3.11/site-packages/airflow/example_dags/example_kubernetes_executor.py for tasks to queue
[2026-04-07T04:24:04.669+0530] {logging_mixin.py:190} INFO - [2026-04-07T04:24:04.669+0530] {dagbag.py:588} INFO - Filling up the DagBag from /home/ubantu/miniconda3/envs/airflow-env/lib/python3.11/site-packages/airflow/example_dags/example_kubernetes_executor.py
[2026-04-07T04:24:04.673+0530] {logging_mixin.py:190} INFO - [2026-04-07T04:24:04.673+0530] {example_kubernetes_executor.py:39} WARNING - The example_kubernetes_executor example DAG requires the kubernetes provider. Please install it with: pip install apache-airflow[cncf.kubernetes]
[2026-04-07T04:24:04.673+0530] {processor.py:927} WARNING - No viable dags retrieved from /home/ubantu/miniconda3/envs/airflow-env/lib/python3.11/site-packages/airflow/example_dags/example_kubernetes_executor.py
[2026-04-07T04:24:04.688+0530] {processor.py:208} INFO - Processing /home/ubantu/miniconda3/envs/airflow-env/lib/python3.11/site-packages/airflow/example_dags/example_kubernetes_executor.py took 0.029 seconds
[2026-04-07T04:24:57.421+0530] {processor.py:186} INFO - Started process (PID=7354) to work on /home/ubantu/miniconda3/envs/airflow-env/lib/python3.11/site-packages/airflow/example_dags/example_kubernetes_executor.py
[2026-04-07T04:24:57.423+0530] {processor.py:914} INFO - Processing file /home/ubantu/miniconda3/envs/airflow-env/lib/python3.11/site-packages/airflow/example_dags/example_kubernetes_executor.py for tasks to queue
[2026-04-07T04:24:57.425+0530] {logging_mixin.py:190} INFO - [2026-04-07T04:24:57.424+0530] {dagbag.py:588} INFO - Filling up the DagBag from /home/ubantu/miniconda3/envs/airflow-env/lib/python3.11/site-packages/airflow/example_dags/example_kubernetes_executor.py
[2026-04-07T04:24:57.428+0530] {logging_mixin.py:190} INFO - [2026-04-07T04:24:57.428+0530] {example_kubernetes_executor.py:39} WARNING - The example_kubernetes_executor example DAG requires the kubernetes provider. Please install it with: pip install apache-airflow[cncf.kubernetes]
[2026-04-07T04:24:57.428+0530] {processor.py:927} WARNING - No viable dags retrieved from /home/ubantu/miniconda3/envs/airflow-env/lib/python3.11/site-packages/airflow/example_dags/example_kubernetes_executor.py
[2026-04-07T04:24:57.439+0530] {processor.py:208} INFO - Processing /home/ubantu/miniconda3/envs/airflow-env/lib/python3.11/site-packages/airflow/example_dags/example_kubernetes_executor.py took 0.024 seconds
[2026-04-07T04:25:51.682+0530] {processor.py:186} INFO - Started process (PID=7449) to work on /home/ubantu/miniconda3/envs/airflow-env/lib/python3.11/site-packages/airflow/example_dags/example_kubernetes_executor.py
[2026-04-07T04:25:51.683+0530] {processor.py:914} INFO - Processing file /home/ubantu/miniconda3/envs/airflow-env/lib/python3.11/site-packages/airflow/example_dags/example_kubernetes_executor.py for tasks to queue
[2026-04-07T04:25:51.685+0530] {logging_mixin.py:190} INFO - [2026-04-07T04:25:51.685+0530] {dagbag.py:588} INFO - Filling up the DagBag from /home/ubantu/miniconda3/envs/airflow-env/lib/python3.11/site-packages/airflow/example_dags/example_kubernetes_executor.py
[2026-04-07T04:25:51.689+0530] {logging_mixin.py:190} INFO - [2026-04-07T04:25:51.688+0530] {example_kubernetes_executor.py:39} WARNING - The example_kubernetes_executor example DAG requires the kubernetes provider. Please install it with: pip install apache-airflow[cncf.kubernetes]
[2026-04-07T04:25:51.689+0530] {processor.py:927} WARNING - No viable dags retrieved from /home/ubantu/miniconda3/envs/airflow-env/lib/python3.11/site-packages/airflow/example_dags/example_kubernetes_executor.py
[2026-04-07T04:25:51.699+0530] {processor.py:208} INFO - Processing /home/ubantu/miniconda3/envs/airflow-env/lib/python3.11/site-packages/airflow/example_dags/example_kubernetes_executor.py took 0.023 seconds
[2026-04-07T04:26:47.369+0530] {processor.py:186} INFO - Started process (PID=7515) to work on /home/ubantu/miniconda3/envs/airflow-env/lib/python3.11/site-packages/airflow/example_dags/example_kubernetes_executor.py
[2026-04-07T04:26:47.371+0530] {processor.py:914} INFO - Processing file /home/ubantu/miniconda3/envs/airflow-env/lib/python3.11/site-packages/airflow/example_dags/example_kubernetes_executor.py for tasks to queue
[2026-04-07T04:26:47.373+0530] {logging_mixin.py:190} INFO - [2026-04-07T04:26:47.372+0530] {dagbag.py:588} INFO - Filling up the DagBag from /home/ubantu/miniconda3/envs/airflow-env/lib/python3.11/site-packages/airflow/example_dags/example_kubernetes_executor.py
[2026-04-07T04:26:47.376+0530] {logging_mixin.py:190} INFO - [2026-04-07T04:26:47.375+0530] {example_kubernetes_executor.py:39} WARNING - The example_kubernetes_executor example DAG requires the kubernetes provider. Please install it with: pip install apache-airflow[cncf.kubernetes]
[2026-04-07T04:26:47.376+0530] {processor.py:927} WARNING - No viable dags retrieved from /home/ubantu/miniconda3/envs/airflow-env/lib/python3.11/site-packages/airflow/example_dags/example_kubernetes_executor.py
[2026-04-07T04:26:47.386+0530] {processor.py:208} INFO - Processing /home/ubantu/miniconda3/envs/airflow-env/lib/python3.11/site-packages/airflow/example_dags/example_kubernetes_executor.py took 0.023 seconds
[2026-04-07T04:27:41.196+0530] {processor.py:186} INFO - Started process (PID=7580) to work on /home/ubantu/miniconda3/envs/airflow-env/lib/python3.11/site-packages/airflow/example_dags/example_kubernetes_executor.py
[2026-04-07T04:27:41.197+0530] {processor.py:914} INFO - Processing file /home/ubantu/miniconda3/envs/airflow-env/lib/python3.11/site-packages/airflow/example_dags/example_kubernetes_executor.py for tasks to queue
[2026-04-07T04:27:41.200+0530] {logging_mixin.py:190} INFO - [2026-04-07T04:27:41.200+0530] {dagbag.py:588} INFO - Filling up the DagBag from /home/ubantu/miniconda3/envs/airflow-env/lib/python3.11/site-packages/airflow/example_dags/example_kubernetes_executor.py
[2026-04-07T04:27:41.204+0530] {logging_mixin.py:190} INFO - [2026-04-07T04:27:41.203+0530] {example_kubernetes_executor.py:39} WARNING - The example_kubernetes_executor example DAG requires the kubernetes provider. Please install it with: pip install apache-airflow[cncf.kubernetes]
[2026-04-07T04:27:41.204+0530] {processor.py:927} WARNING - No viable dags retrieved from /home/ubantu/miniconda3/envs/airflow-env/lib/python3.11/site-packages/airflow/example_dags/example_kubernetes_executor.py
[2026-04-07T04:27:41.217+0530] {processor.py:208} INFO - Processing /home/ubantu/miniconda3/envs/airflow-env/lib/python3.11/site-packages/airflow/example_dags/example_kubernetes_executor.py took 0.029 seconds
[2026-04-07T04:28:31.120+0530] {processor.py:186} INFO - Started process (PID=7643) to work on /home/ubantu/miniconda3/envs/airflow-env/lib/python3.11/site-packages/airflow/example_dags/example_kubernetes_executor.py
[2026-04-07T04:28:31.122+0530] {processor.py:914} INFO - Processing file /home/ubantu/miniconda3/envs/airflow-env/lib/python3.11/site-packages/airflow/example_dags/example_kubernetes_executor.py for tasks to queue
[2026-04-07T04:28:31.124+0530] {logging_mixin.py:190} INFO - [2026-04-07T04:28:31.124+0530] {dagbag.py:588} INFO - Filling up the DagBag from /home/ubantu/miniconda3/envs/airflow-env/lib/python3.11/site-packages/airflow/example_dags/example_kubernetes_executor.py
[2026-04-07T04:28:31.128+0530] {logging_mixin.py:190} INFO - [2026-04-07T04:28:31.128+0530] {example_kubernetes_executor.py:39} WARNING - The example_kubernetes_executor example DAG requires the kubernetes provider. Please install it with: pip install apache-airflow[cncf.kubernetes]
[2026-04-07T04:28:31.129+0530] {processor.py:927} WARNING - No viable dags retrieved from /home/ubantu/miniconda3/envs/airflow-env/lib/python3.11/site-packages/airflow/example_dags/example_kubernetes_executor.py
[2026-04-07T04:28:31.142+0530] {processor.py:208} INFO - Processing /home/ubantu/miniconda3/envs/airflow-env/lib/python3.11/site-packages/airflow/example_dags/example_kubernetes_executor.py took 0.030 seconds
[2026-04-07T04:29:25.078+0530] {processor.py:186} INFO - Started process (PID=7711) to work on /home/ubantu/miniconda3/envs/airflow-env/lib/python3.11/site-packages/airflow/example_dags/example_kubernetes_executor.py
[2026-04-07T04:29:25.080+0530] {processor.py:914} INFO - Processing file /home/ubantu/miniconda3/envs/airflow-env/lib/python3.11/site-packages/airflow/example_dags/example_kubernetes_executor.py for tasks to queue
[2026-04-07T04:29:25.082+0530] {logging_mixin.py:190} INFO - [2026-04-07T04:29:25.082+0530] {dagbag.py:588} INFO - Filling up the DagBag from /home/ubantu/miniconda3/envs/airflow-env/lib/python3.11/site-packages/airflow/example_dags/example_kubernetes_executor.py
[2026-04-07T04:29:25.086+0530] {logging_mixin.py:190} INFO - [2026-04-07T04:29:25.085+0530] {example_kubernetes_executor.py:39} WARNING - The example_kubernetes_executor example DAG requires the kubernetes provider. Please install it with: pip install apache-airflow[cncf.kubernetes]
[2026-04-07T04:29:25.086+0530] {processor.py:927} WARNING - No viable dags retrieved from /home/ubantu/miniconda3/envs/airflow-env/lib/python3.11/site-packages/airflow/example_dags/example_kubernetes_executor.py
[2026-04-07T04:29:25.098+0530] {processor.py:208} INFO - Processing /home/ubantu/miniconda3/envs/airflow-env/lib/python3.11/site-packages/airflow/example_dags/example_kubernetes_executor.py took 0.028 seconds
[2026-04-07T04:30:22.597+0530] {processor.py:186} INFO - Started process (PID=7779) to work on /home/ubantu/miniconda3/envs/airflow-env/lib/python3.11/site-packages/airflow/example_dags/example_kubernetes_executor.py
[2026-04-07T04:30:22.600+0530] {processor.py:914} INFO - Processing file /home/ubantu/miniconda3/envs/airflow-env/lib/python3.11/site-packages/airflow/example_dags/example_kubernetes_executor.py for tasks to queue
[2026-04-07T04:30:22.602+0530] {logging_mixin.py:190} INFO - [2026-04-07T04:30:22.602+0530] {dagbag.py:588} INFO - Filling up the DagBag from /home/ubantu/miniconda3/envs/airflow-env/lib/python3.11/site-packages/airflow/example_dags/example_kubernetes_executor.py
[2026-04-07T04:30:22.604+0530] {logging_mixin.py:190} INFO - [2026-04-07T04:30:22.604+0530] {example_kubernetes_executor.py:39} WARNING - The example_kubernetes_executor example DAG requires the kubernetes provider. Please install it with: pip install apache-airflow[cncf.kubernetes]
[2026-04-07T04:30:22.605+0530] {processor.py:927} WARNING - No viable dags retrieved from /home/ubantu/miniconda3/envs/airflow-env/lib/python3.11/site-packages/airflow/example_dags/example_kubernetes_executor.py
[2026-04-07T04:30:22.613+0530] {processor.py:208} INFO - Processing /home/ubantu/miniconda3/envs/airflow-env/lib/python3.11/site-packages/airflow/example_dags/example_kubernetes_executor.py took 0.022 seconds
[2026-04-07T04:31:21.449+0530] {processor.py:186} INFO - Started process (PID=7846) to work on /home/ubantu/miniconda3/envs/airflow-env/lib/python3.11/site-packages/airflow/example_dags/example_kubernetes_executor.py
[2026-04-07T04:31:21.451+0530] {processor.py:914} INFO - Processing file /home/ubantu/miniconda3/envs/airflow-env/lib/python3.11/site-packages/airflow/example_dags/example_kubernetes_executor.py for tasks to queue
[2026-04-07T04:31:21.454+0530] {logging_mixin.py:190} INFO - [2026-04-07T04:31:21.454+0530] {dagbag.py:588} INFO - Filling up the DagBag from /home/ubantu/miniconda3/envs/airflow-env/lib/python3.11/site-packages/airflow/example_dags/example_kubernetes_executor.py
[2026-04-07T04:31:21.458+0530] {logging_mixin.py:190} INFO - [2026-04-07T04:31:21.458+0530] {example_kubernetes_executor.py:39} WARNING - The example_kubernetes_executor example DAG requires the kubernetes provider. Please install it with: pip install apache-airflow[cncf.kubernetes]
[2026-04-07T04:31:21.458+0530] {processor.py:927} WARNING - No viable dags retrieved from /home/ubantu/miniconda3/envs/airflow-env/lib/python3.11/site-packages/airflow/example_dags/example_kubernetes_executor.py
[2026-04-07T04:31:21.472+0530] {processor.py:208} INFO - Processing /home/ubantu/miniconda3/envs/airflow-env/lib/python3.11/site-packages/airflow/example_dags/example_kubernetes_executor.py took 0.032 seconds
[2026-04-07T04:32:19.025+0530] {processor.py:186} INFO - Started process (PID=7914) to work on /home/ubantu/miniconda3/envs/airflow-env/lib/python3.11/site-packages/airflow/example_dags/example_kubernetes_executor.py
[2026-04-07T04:32:19.027+0530] {processor.py:914} INFO - Processing file /home/ubantu/miniconda3/envs/airflow-env/lib/python3.11/site-packages/airflow/example_dags/example_kubernetes_executor.py for tasks to queue
[2026-04-07T04:32:19.030+0530] {logging_mixin.py:190} INFO - [2026-04-07T04:32:19.029+0530] {dagbag.py:588} INFO - Filling up the DagBag from /home/ubantu/miniconda3/envs/airflow-env/lib/python3.11/site-packages/airflow/example_dags/example_kubernetes_executor.py
[2026-04-07T04:32:19.033+0530] {logging_mixin.py:190} INFO - [2026-04-07T04:32:19.033+0530] {example_kubernetes_executor.py:39} WARNING - The example_kubernetes_executor example DAG requires the kubernetes provider. Please install it with: pip install apache-airflow[cncf.kubernetes]
[2026-04-07T04:32:19.034+0530] {processor.py:927} WARNING - No viable dags retrieved from /home/ubantu/miniconda3/envs/airflow-env/lib/python3.11/site-packages/airflow/example_dags/example_kubernetes_executor.py
[2026-04-07T04:32:19.043+0530] {processor.py:208} INFO - Processing /home/ubantu/miniconda3/envs/airflow-env/lib/python3.11/site-packages/airflow/example_dags/example_kubernetes_executor.py took 0.025 seconds
[2026-04-07T04:33:15.896+0530] {processor.py:186} INFO - Started process (PID=7989) to work on /home/ubantu/miniconda3/envs/airflow-env/lib/python3.11/site-packages/airflow/example_dags/example_kubernetes_executor.py
[2026-04-07T04:33:15.898+0530] {processor.py:914} INFO - Processing file /home/ubantu/miniconda3/envs/airflow-env/lib/python3.11/site-packages/airflow/example_dags/example_kubernetes_executor.py for tasks to queue
[2026-04-07T04:33:15.901+0530] {logging_mixin.py:190} INFO - [2026-04-07T04:33:15.900+0530] {dagbag.py:588} INFO - Filling up the DagBag from /home/ubantu/miniconda3/envs/airflow-env/lib/python3.11/site-packages/airflow/example_dags/example_kubernetes_executor.py
[2026-04-07T04:33:15.905+0530] {logging_mixin.py:190} INFO - [2026-04-07T04:33:15.905+0530] {example_kubernetes_executor.py:39} WARNING - The example_kubernetes_executor example DAG requires the kubernetes provider. Please install it with: pip install apache-airflow[cncf.kubernetes]
[2026-04-07T04:33:15.906+0530] {processor.py:927} WARNING - No viable dags retrieved from /home/ubantu/miniconda3/envs/airflow-env/lib/python3.11/site-packages/airflow/example_dags/example_kubernetes_executor.py
[2026-04-07T04:33:15.920+0530] {processor.py:208} INFO - Processing /home/ubantu/miniconda3/envs/airflow-env/lib/python3.11/site-packages/airflow/example_dags/example_kubernetes_executor.py took 0.033 seconds
[2026-04-07T04:34:10.207+0530] {processor.py:186} INFO - Started process (PID=8172) to work on /home/ubantu/miniconda3/envs/airflow-env/lib/python3.11/site-packages/airflow/example_dags/example_kubernetes_executor.py
[2026-04-07T04:34:10.208+0530] {processor.py:914} INFO - Processing file /home/ubantu/miniconda3/envs/airflow-env/lib/python3.11/site-packages/airflow/example_dags/example_kubernetes_executor.py for tasks to queue
[2026-04-07T04:34:10.210+0530] {logging_mixin.py:190} INFO - [2026-04-07T04:34:10.210+0530] {dagbag.py:588} INFO - Filling up the DagBag from /home/ubantu/miniconda3/envs/airflow-env/lib/python3.11/site-packages/airflow/example_dags/example_kubernetes_executor.py
[2026-04-07T04:34:10.213+0530] {logging_mixin.py:190} INFO - [2026-04-07T04:34:10.213+0530] {example_kubernetes_executor.py:39} WARNING - The example_kubernetes_executor example DAG requires the kubernetes provider. Please install it with: pip install apache-airflow[cncf.kubernetes]
[2026-04-07T04:34:10.214+0530] {processor.py:927} WARNING - No viable dags retrieved from /home/ubantu/miniconda3/envs/airflow-env/lib/python3.11/site-packages/airflow/example_dags/example_kubernetes_executor.py
[2026-04-07T04:34:10.225+0530] {processor.py:208} INFO - Processing /home/ubantu/miniconda3/envs/airflow-env/lib/python3.11/site-packages/airflow/example_dags/example_kubernetes_executor.py took 0.025 seconds
[2026-04-07T04:35:04.509+0530] {processor.py:186} INFO - Started process (PID=8245) to work on /home/ubantu/miniconda3/envs/airflow-env/lib/python3.11/site-packages/airflow/example_dags/example_kubernetes_executor.py
[2026-04-07T04:35:04.510+0530] {processor.py:914} INFO - Processing file /home/ubantu/miniconda3/envs/airflow-env/lib/python3.11/site-packages/airflow/example_dags/example_kubernetes_executor.py for tasks to queue
[2026-04-07T04:35:04.513+0530] {logging_mixin.py:190} INFO - [2026-04-07T04:35:04.512+0530] {dagbag.py:588} INFO - Filling up the DagBag from /home/ubantu/miniconda3/envs/airflow-env/lib/python3.11/site-packages/airflow/example_dags/example_kubernetes_executor.py
[2026-04-07T04:35:04.515+0530] {logging_mixin.py:190} INFO - [2026-04-07T04:35:04.515+0530] {example_kubernetes_executor.py:39} WARNING - The example_kubernetes_executor example DAG requires the kubernetes provider. Please install it with: pip install apache-airflow[cncf.kubernetes]
[2026-04-07T04:35:04.516+0530] {processor.py:927} WARNING - No viable dags retrieved from /home/ubantu/miniconda3/envs/airflow-env/lib/python3.11/site-packages/airflow/example_dags/example_kubernetes_executor.py
[2026-04-07T04:35:04.527+0530] {processor.py:208} INFO - Processing /home/ubantu/miniconda3/envs/airflow-env/lib/python3.11/site-packages/airflow/example_dags/example_kubernetes_executor.py took 0.024 seconds
[2026-04-07T04:35:57.114+0530] {processor.py:186} INFO - Started process (PID=8310) to work on /home/ubantu/miniconda3/envs/airflow-env/lib/python3.11/site-packages/airflow/example_dags/example_kubernetes_executor.py
[2026-04-07T04:35:57.116+0530] {processor.py:914} INFO - Processing file /home/ubantu/miniconda3/envs/airflow-env/lib/python3.11/site-packages/airflow/example_dags/example_kubernetes_executor.py for tasks to queue
[2026-04-07T04:35:57.118+0530] {logging_mixin.py:190} INFO - [2026-04-07T04:35:57.118+0530] {dagbag.py:588} INFO - Filling up the DagBag from /home/ubantu/miniconda3/envs/airflow-env/lib/python3.11/site-packages/airflow/example_dags/example_kubernetes_executor.py
[2026-04-07T04:35:57.121+0530] {logging_mixin.py:190} INFO - [2026-04-07T04:35:57.121+0530] {example_kubernetes_executor.py:39} WARNING - The example_kubernetes_executor example DAG requires the kubernetes provider. Please install it with: pip install apache-airflow[cncf.kubernetes]
[2026-04-07T04:35:57.122+0530] {processor.py:927} WARNING - No viable dags retrieved from /home/ubantu/miniconda3/envs/airflow-env/lib/python3.11/site-packages/airflow/example_dags/example_kubernetes_executor.py
[2026-04-07T04:35:57.133+0530] {processor.py:208} INFO - Processing /home/ubantu/miniconda3/envs/airflow-env/lib/python3.11/site-packages/airflow/example_dags/example_kubernetes_executor.py took 0.025 seconds
[2026-04-07T04:36:52.849+0530] {processor.py:186} INFO - Started process (PID=8385) to work on /home/ubantu/miniconda3/envs/airflow-env/lib/python3.11/site-packages/airflow/example_dags/example_kubernetes_executor.py
[2026-04-07T04:36:52.850+0530] {processor.py:914} INFO - Processing file /home/ubantu/miniconda3/envs/airflow-env/lib/python3.11/site-packages/airflow/example_dags/example_kubernetes_executor.py for tasks to queue
[2026-04-07T04:36:52.852+0530] {logging_mixin.py:190} INFO - [2026-04-07T04:36:52.851+0530] {dagbag.py:588} INFO - Filling up the DagBag from /home/ubantu/miniconda3/envs/airflow-env/lib/python3.11/site-packages/airflow/example_dags/example_kubernetes_executor.py
[2026-04-07T04:36:52.854+0530] {logging_mixin.py:190} INFO - [2026-04-07T04:36:52.854+0530] {example_kubernetes_executor.py:39} WARNING - The example_kubernetes_executor example DAG requires the kubernetes provider. Please install it with: pip install apache-airflow[cncf.kubernetes]
[2026-04-07T04:36:52.855+0530] {processor.py:927} WARNING - No viable dags retrieved from /home/ubantu/miniconda3/envs/airflow-env/lib/python3.11/site-packages/airflow/example_dags/example_kubernetes_executor.py
[2026-04-07T04:36:52.866+0530] {processor.py:208} INFO - Processing /home/ubantu/miniconda3/envs/airflow-env/lib/python3.11/site-packages/airflow/example_dags/example_kubernetes_executor.py took 0.023 seconds
[2026-04-07T04:37:46.176+0530] {processor.py:186} INFO - Started process (PID=8477) to work on /home/ubantu/miniconda3/envs/airflow-env/lib/python3.11/site-packages/airflow/example_dags/example_kubernetes_executor.py
[2026-04-07T04:37:46.177+0530] {processor.py:914} INFO - Processing file /home/ubantu/miniconda3/envs/airflow-env/lib/python3.11/site-packages/airflow/example_dags/example_kubernetes_executor.py for tasks to queue
[2026-04-07T04:37:46.178+0530] {logging_mixin.py:190} INFO - [2026-04-07T04:37:46.178+0530] {dagbag.py:588} INFO - Filling up the DagBag from /home/ubantu/miniconda3/envs/airflow-env/lib/python3.11/site-packages/airflow/example_dags/example_kubernetes_executor.py
[2026-04-07T04:37:46.181+0530] {logging_mixin.py:190} INFO - [2026-04-07T04:37:46.181+0530] {example_kubernetes_executor.py:39} WARNING - The example_kubernetes_executor example DAG requires the kubernetes provider. Please install it with: pip install apache-airflow[cncf.kubernetes]
[2026-04-07T04:37:46.181+0530] {processor.py:927} WARNING - No viable dags retrieved from /home/ubantu/miniconda3/envs/airflow-env/lib/python3.11/site-packages/airflow/example_dags/example_kubernetes_executor.py
[2026-04-07T04:37:46.192+0530] {processor.py:208} INFO - Processing /home/ubantu/miniconda3/envs/airflow-env/lib/python3.11/site-packages/airflow/example_dags/example_kubernetes_executor.py took 0.023 seconds
[2026-04-07T04:38:51.394+0530] {processor.py:186} INFO - Started process (PID=8581) to work on /home/ubantu/miniconda3/envs/airflow-env/lib/python3.11/site-packages/airflow/example_dags/example_kubernetes_executor.py
[2026-04-07T04:38:51.395+0530] {processor.py:914} INFO - Processing file /home/ubantu/miniconda3/envs/airflow-env/lib/python3.11/site-packages/airflow/example_dags/example_kubernetes_executor.py for tasks to queue
[2026-04-07T04:38:51.396+0530] {logging_mixin.py:190} INFO - [2026-04-07T04:38:51.395+0530] {dagbag.py:588} INFO - Filling up the DagBag from /home/ubantu/miniconda3/envs/airflow-env/lib/python3.11/site-packages/airflow/example_dags/example_kubernetes_executor.py
[2026-04-07T04:38:51.398+0530] {logging_mixin.py:190} INFO - [2026-04-07T04:38:51.398+0530] {example_kubernetes_executor.py:39} WARNING - The example_kubernetes_executor example DAG requires the kubernetes provider. Please install it with: pip install apache-airflow[cncf.kubernetes]
[2026-04-07T04:38:51.398+0530] {processor.py:927} WARNING - No viable dags retrieved from /home/ubantu/miniconda3/envs/airflow-env/lib/python3.11/site-packages/airflow/example_dags/example_kubernetes_executor.py
[2026-04-07T04:38:51.407+0530] {processor.py:208} INFO - Processing /home/ubantu/miniconda3/envs/airflow-env/lib/python3.11/site-packages/airflow/example_dags/example_kubernetes_executor.py took 0.019 seconds
[2026-04-07T04:39:48.994+0530] {processor.py:186} INFO - Started process (PID=8664) to work on /home/ubantu/miniconda3/envs/airflow-env/lib/python3.11/site-packages/airflow/example_dags/example_kubernetes_executor.py
[2026-04-07T04:39:48.995+0530] {processor.py:914} INFO - Processing file /home/ubantu/miniconda3/envs/airflow-env/lib/python3.11/site-packages/airflow/example_dags/example_kubernetes_executor.py for tasks to queue
[2026-04-07T04:39:48.996+0530] {logging_mixin.py:190} INFO - [2026-04-07T04:39:48.996+0530] {dagbag.py:588} INFO - Filling up the DagBag from /home/ubantu/miniconda3/envs/airflow-env/lib/python3.11/site-packages/airflow/example_dags/example_kubernetes_executor.py
[2026-04-07T04:39:48.999+0530] {logging_mixin.py:190} INFO - [2026-04-07T04:39:48.998+0530] {example_kubernetes_executor.py:39} WARNING - The example_kubernetes_executor example DAG requires the kubernetes provider. Please install it with: pip install apache-airflow[cncf.kubernetes]
[2026-04-07T04:39:48.999+0530] {processor.py:927} WARNING - No viable dags retrieved from /home/ubantu/miniconda3/envs/airflow-env/lib/python3.11/site-packages/airflow/example_dags/example_kubernetes_executor.py
[2026-04-07T04:39:49.008+0530] {processor.py:208} INFO - Processing /home/ubantu/miniconda3/envs/airflow-env/lib/python3.11/site-packages/airflow/example_dags/example_kubernetes_executor.py took 0.019 seconds
[2026-04-07T04:40:45.828+0530] {processor.py:186} INFO - Started process (PID=8735) to work on /home/ubantu/miniconda3/envs/airflow-env/lib/python3.11/site-packages/airflow/example_dags/example_kubernetes_executor.py
[2026-04-07T04:40:45.829+0530] {processor.py:914} INFO - Processing file /home/ubantu/miniconda3/envs/airflow-env/lib/python3.11/site-packages/airflow/example_dags/example_kubernetes_executor.py for tasks to queue
[2026-04-07T04:40:45.830+0530] {logging_mixin.py:190} INFO - [2026-04-07T04:40:45.830+0530] {dagbag.py:588} INFO - Filling up the DagBag from /home/ubantu/miniconda3/envs/airflow-env/lib/python3.11/site-packages/airflow/example_dags/example_kubernetes_executor.py
[2026-04-07T04:40:45.834+0530] {logging_mixin.py:190} INFO - [2026-04-07T04:40:45.834+0530] {example_kubernetes_executor.py:39} WARNING - The example_kubernetes_executor example DAG requires the kubernetes provider. Please install it with: pip install apache-airflow[cncf.kubernetes]
[2026-04-07T04:40:45.834+0530] {processor.py:927} WARNING - No viable dags retrieved from /home/ubantu/miniconda3/envs/airflow-env/lib/python3.11/site-packages/airflow/example_dags/example_kubernetes_executor.py
[2026-04-07T04:40:45.847+0530] {processor.py:208} INFO - Processing /home/ubantu/miniconda3/envs/airflow-env/lib/python3.11/site-packages/airflow/example_dags/example_kubernetes_executor.py took 0.026 seconds
[2026-04-07T04:41:37.531+0530] {processor.py:186} INFO - Started process (PID=8901) to work on /home/ubantu/miniconda3/envs/airflow-env/lib/python3.11/site-packages/airflow/example_dags/example_kubernetes_executor.py
[2026-04-07T04:41:37.532+0530] {processor.py:914} INFO - Processing file /home/ubantu/miniconda3/envs/airflow-env/lib/python3.11/site-packages/airflow/example_dags/example_kubernetes_executor.py for tasks to queue
[2026-04-07T04:41:37.534+0530] {logging_mixin.py:190} INFO - [2026-04-07T04:41:37.533+0530] {dagbag.py:588} INFO - Filling up the DagBag from /home/ubantu/miniconda3/envs/airflow-env/lib/python3.11/site-packages/airflow/example_dags/example_kubernetes_executor.py
[2026-04-07T04:41:37.536+0530] {logging_mixin.py:190} INFO - [2026-04-07T04:41:37.536+0530] {example_kubernetes_executor.py:39} WARNING - The example_kubernetes_executor example DAG requires the kubernetes provider. Please install it with: pip install apache-airflow[cncf.kubernetes]
[2026-04-07T04:41:37.536+0530] {processor.py:927} WARNING - No viable dags retrieved from /home/ubantu/miniconda3/envs/airflow-env/lib/python3.11/site-packages/airflow/example_dags/example_kubernetes_executor.py
[2026-04-07T04:41:37.546+0530] {processor.py:208} INFO - Processing /home/ubantu/miniconda3/envs/airflow-env/lib/python3.11/site-packages/airflow/example_dags/example_kubernetes_executor.py took 0.020 seconds
[2026-04-07T04:41:44.213+0530] {processor.py:186} INFO - Started process (PID=8914) to work on /home/ubantu/miniconda3/envs/airflow-env/lib/python3.11/site-packages/airflow/example_dags/example_kubernetes_executor.py
[2026-04-07T04:41:44.215+0530] {processor.py:914} INFO - Processing file /home/ubantu/miniconda3/envs/airflow-env/lib/python3.11/site-packages/airflow/example_dags/example_kubernetes_executor.py for tasks to queue
[2026-04-07T04:41:44.217+0530] {logging_mixin.py:190} INFO - [2026-04-07T04:41:44.216+0530] {dagbag.py:588} INFO - Filling up the DagBag from /home/ubantu/miniconda3/envs/airflow-env/lib/python3.11/site-packages/airflow/example_dags/example_kubernetes_executor.py
[2026-04-07T04:41:44.223+0530] {logging_mixin.py:190} INFO - [2026-04-07T04:41:44.223+0530] {example_kubernetes_executor.py:39} WARNING - The example_kubernetes_executor example DAG requires the kubernetes provider. Please install it with: pip install apache-airflow[cncf.kubernetes]
[2026-04-07T04:41:44.224+0530] {processor.py:927} WARNING - No viable dags retrieved from /home/ubantu/miniconda3/envs/airflow-env/lib/python3.11/site-packages/airflow/example_dags/example_kubernetes_executor.py
[2026-04-07T04:41:44.244+0530] {processor.py:208} INFO - Processing /home/ubantu/miniconda3/envs/airflow-env/lib/python3.11/site-packages/airflow/example_dags/example_kubernetes_executor.py took 0.045 seconds
[2026-04-07T04:42:31.345+0530] {processor.py:186} INFO - Started process (PID=9042) to work on /home/ubantu/miniconda3/envs/airflow-env/lib/python3.11/site-packages/airflow/example_dags/example_kubernetes_executor.py
[2026-04-07T04:42:31.346+0530] {processor.py:914} INFO - Processing file /home/ubantu/miniconda3/envs/airflow-env/lib/python3.11/site-packages/airflow/example_dags/example_kubernetes_executor.py for tasks to queue
[2026-04-07T04:42:31.348+0530] {logging_mixin.py:190} INFO - [2026-04-07T04:42:31.348+0530] {dagbag.py:588} INFO - Filling up the DagBag from /home/ubantu/miniconda3/envs/airflow-env/lib/python3.11/site-packages/airflow/example_dags/example_kubernetes_executor.py
[2026-04-07T04:42:31.351+0530] {logging_mixin.py:190} INFO - [2026-04-07T04:42:31.351+0530] {example_kubernetes_executor.py:39} WARNING - The example_kubernetes_executor example DAG requires the kubernetes provider. Please install it with: pip install apache-airflow[cncf.kubernetes]
[2026-04-07T04:42:31.351+0530] {processor.py:927} WARNING - No viable dags retrieved from /home/ubantu/miniconda3/envs/airflow-env/lib/python3.11/site-packages/airflow/example_dags/example_kubernetes_executor.py
[2026-04-07T04:42:31.364+0530] {processor.py:208} INFO - Processing /home/ubantu/miniconda3/envs/airflow-env/lib/python3.11/site-packages/airflow/example_dags/example_kubernetes_executor.py took 0.024 seconds
[2026-04-07T04:42:38.648+0530] {processor.py:186} INFO - Started process (PID=9069) to work on /home/ubantu/miniconda3/envs/airflow-env/lib/python3.11/site-packages/airflow/example_dags/example_kubernetes_executor.py
[2026-04-07T04:42:38.649+0530] {processor.py:914} INFO - Processing file /home/ubantu/miniconda3/envs/airflow-env/lib/python3.11/site-packages/airflow/example_dags/example_kubernetes_executor.py for tasks to queue
[2026-04-07T04:42:38.651+0530] {logging_mixin.py:190} INFO - [2026-04-07T04:42:38.650+0530] {dagbag.py:588} INFO - Filling up the DagBag from /home/ubantu/miniconda3/envs/airflow-env/lib/python3.11/site-packages/airflow/example_dags/example_kubernetes_executor.py
[2026-04-07T04:42:38.655+0530] {logging_mixin.py:190} INFO - [2026-04-07T04:42:38.655+0530] {example_kubernetes_executor.py:39} WARNING - The example_kubernetes_executor example DAG requires the kubernetes provider. Please install it with: pip install apache-airflow[cncf.kubernetes]
[2026-04-07T04:42:38.655+0530] {processor.py:927} WARNING - No viable dags retrieved from /home/ubantu/miniconda3/envs/airflow-env/lib/python3.11/site-packages/airflow/example_dags/example_kubernetes_executor.py
[2026-04-07T04:42:38.668+0530] {processor.py:208} INFO - Processing /home/ubantu/miniconda3/envs/airflow-env/lib/python3.11/site-packages/airflow/example_dags/example_kubernetes_executor.py took 0.028 seconds
[2026-04-07T04:43:28.033+0530] {processor.py:186} INFO - Started process (PID=9182) to work on /home/ubantu/miniconda3/envs/airflow-env/lib/python3.11/site-packages/airflow/example_dags/example_kubernetes_executor.py
[2026-04-07T04:43:28.034+0530] {processor.py:914} INFO - Processing file /home/ubantu/miniconda3/envs/airflow-env/lib/python3.11/site-packages/airflow/example_dags/example_kubernetes_executor.py for tasks to queue
[2026-04-07T04:43:28.036+0530] {logging_mixin.py:190} INFO - [2026-04-07T04:43:28.036+0530] {dagbag.py:588} INFO - Filling up the DagBag from /home/ubantu/miniconda3/envs/airflow-env/lib/python3.11/site-packages/airflow/example_dags/example_kubernetes_executor.py
[2026-04-07T04:43:28.039+0530] {logging_mixin.py:190} INFO - [2026-04-07T04:43:28.039+0530] {example_kubernetes_executor.py:39} WARNING - The example_kubernetes_executor example DAG requires the kubernetes provider. Please install it with: pip install apache-airflow[cncf.kubernetes]
[2026-04-07T04:43:28.040+0530] {processor.py:927} WARNING - No viable dags retrieved from /home/ubantu/miniconda3/envs/airflow-env/lib/python3.11/site-packages/airflow/example_dags/example_kubernetes_executor.py
[2026-04-07T04:43:28.051+0530] {processor.py:208} INFO - Processing /home/ubantu/miniconda3/envs/airflow-env/lib/python3.11/site-packages/airflow/example_dags/example_kubernetes_executor.py took 0.024 seconds
[2026-04-07T04:43:31.086+0530] {processor.py:186} INFO - Started process (PID=9196) to work on /home/ubantu/miniconda3/envs/airflow-env/lib/python3.11/site-packages/airflow/example_dags/example_kubernetes_executor.py
[2026-04-07T04:43:31.087+0530] {processor.py:914} INFO - Processing file /home/ubantu/miniconda3/envs/airflow-env/lib/python3.11/site-packages/airflow/example_dags/example_kubernetes_executor.py for tasks to queue
[2026-04-07T04:43:31.089+0530] {logging_mixin.py:190} INFO - [2026-04-07T04:43:31.088+0530] {dagbag.py:588} INFO - Filling up the DagBag from /home/ubantu/miniconda3/envs/airflow-env/lib/python3.11/site-packages/airflow/example_dags/example_kubernetes_executor.py
[2026-04-07T04:43:31.092+0530] {logging_mixin.py:190} INFO - [2026-04-07T04:43:31.091+0530] {example_kubernetes_executor.py:39} WARNING - The example_kubernetes_executor example DAG requires the kubernetes provider. Please install it with: pip install apache-airflow[cncf.kubernetes]
[2026-04-07T04:43:31.092+0530] {processor.py:927} WARNING - No viable dags retrieved from /home/ubantu/miniconda3/envs/airflow-env/lib/python3.11/site-packages/airflow/example_dags/example_kubernetes_executor.py
[2026-04-07T04:43:31.101+0530] {processor.py:208} INFO - Processing /home/ubantu/miniconda3/envs/airflow-env/lib/python3.11/site-packages/airflow/example_dags/example_kubernetes_executor.py took 0.022 seconds
[2026-04-07T04:44:25.879+0530] {processor.py:186} INFO - Started process (PID=9327) to work on /home/ubantu/miniconda3/envs/airflow-env/lib/python3.11/site-packages/airflow/example_dags/example_kubernetes_executor.py
[2026-04-07T04:44:25.880+0530] {processor.py:914} INFO - Processing file /home/ubantu/miniconda3/envs/airflow-env/lib/python3.11/site-packages/airflow/example_dags/example_kubernetes_executor.py for tasks to queue
[2026-04-07T04:44:25.881+0530] {logging_mixin.py:190} INFO - [2026-04-07T04:44:25.881+0530] {dagbag.py:588} INFO - Filling up the DagBag from /home/ubantu/miniconda3/envs/airflow-env/lib/python3.11/site-packages/airflow/example_dags/example_kubernetes_executor.py
[2026-04-07T04:44:25.884+0530] {logging_mixin.py:190} INFO - [2026-04-07T04:44:25.884+0530] {example_kubernetes_executor.py:39} WARNING - The example_kubernetes_executor example DAG requires the kubernetes provider. Please install it with: pip install apache-airflow[cncf.kubernetes]
[2026-04-07T04:44:25.884+0530] {processor.py:927} WARNING - No viable dags retrieved from /home/ubantu/miniconda3/envs/airflow-env/lib/python3.11/site-packages/airflow/example_dags/example_kubernetes_executor.py
[2026-04-07T04:44:25.894+0530] {processor.py:208} INFO - Processing /home/ubantu/miniconda3/envs/airflow-env/lib/python3.11/site-packages/airflow/example_dags/example_kubernetes_executor.py took 0.021 seconds
[2026-04-07T04:44:29.952+0530] {processor.py:186} INFO - Started process (PID=9335) to work on /home/ubantu/miniconda3/envs/airflow-env/lib/python3.11/site-packages/airflow/example_dags/example_kubernetes_executor.py
[2026-04-07T04:44:29.953+0530] {processor.py:914} INFO - Processing file /home/ubantu/miniconda3/envs/airflow-env/lib/python3.11/site-packages/airflow/example_dags/example_kubernetes_executor.py for tasks to queue
[2026-04-07T04:44:29.955+0530] {logging_mixin.py:190} INFO - [2026-04-07T04:44:29.955+0530] {dagbag.py:588} INFO - Filling up the DagBag from /home/ubantu/miniconda3/envs/airflow-env/lib/python3.11/site-packages/airflow/example_dags/example_kubernetes_executor.py
[2026-04-07T04:44:29.958+0530] {logging_mixin.py:190} INFO - [2026-04-07T04:44:29.958+0530] {example_kubernetes_executor.py:39} WARNING - The example_kubernetes_executor example DAG requires the kubernetes provider. Please install it with: pip install apache-airflow[cncf.kubernetes]
[2026-04-07T04:44:29.958+0530] {processor.py:927} WARNING - No viable dags retrieved from /home/ubantu/miniconda3/envs/airflow-env/lib/python3.11/site-packages/airflow/example_dags/example_kubernetes_executor.py
[2026-04-07T04:44:29.968+0530] {processor.py:208} INFO - Processing /home/ubantu/miniconda3/envs/airflow-env/lib/python3.11/site-packages/airflow/example_dags/example_kubernetes_executor.py took 0.021 seconds
[2026-04-07T04:45:21.345+0530] {processor.py:186} INFO - Started process (PID=9452) to work on /home/ubantu/miniconda3/envs/airflow-env/lib/python3.11/site-packages/airflow/example_dags/example_kubernetes_executor.py
[2026-04-07T04:45:21.346+0530] {processor.py:914} INFO - Processing file /home/ubantu/miniconda3/envs/airflow-env/lib/python3.11/site-packages/airflow/example_dags/example_kubernetes_executor.py for tasks to queue
[2026-04-07T04:45:21.348+0530] {logging_mixin.py:190} INFO - [2026-04-07T04:45:21.347+0530] {dagbag.py:588} INFO - Filling up the DagBag from /home/ubantu/miniconda3/envs/airflow-env/lib/python3.11/site-packages/airflow/example_dags/example_kubernetes_executor.py
[2026-04-07T04:45:21.351+0530] {logging_mixin.py:190} INFO - [2026-04-07T04:45:21.350+0530] {example_kubernetes_executor.py:39} WARNING - The example_kubernetes_executor example DAG requires the kubernetes provider. Please install it with: pip install apache-airflow[cncf.kubernetes]
[2026-04-07T04:45:21.351+0530] {processor.py:927} WARNING - No viable dags retrieved from /home/ubantu/miniconda3/envs/airflow-env/lib/python3.11/site-packages/airflow/example_dags/example_kubernetes_executor.py
[2026-04-07T04:45:21.361+0530] {processor.py:208} INFO - Processing /home/ubantu/miniconda3/envs/airflow-env/lib/python3.11/site-packages/airflow/example_dags/example_kubernetes_executor.py took 0.022 seconds
[2026-04-07T04:45:28.722+0530] {processor.py:186} INFO - Started process (PID=9466) to work on /home/ubantu/miniconda3/envs/airflow-env/lib/python3.11/site-packages/airflow/example_dags/example_kubernetes_executor.py
[2026-04-07T04:45:28.723+0530] {processor.py:914} INFO - Processing file /home/ubantu/miniconda3/envs/airflow-env/lib/python3.11/site-packages/airflow/example_dags/example_kubernetes_executor.py for tasks to queue
[2026-04-07T04:45:28.725+0530] {logging_mixin.py:190} INFO - [2026-04-07T04:45:28.725+0530] {dagbag.py:588} INFO - Filling up the DagBag from /home/ubantu/miniconda3/envs/airflow-env/lib/python3.11/site-packages/airflow/example_dags/example_kubernetes_executor.py
[2026-04-07T04:45:28.727+0530] {logging_mixin.py:190} INFO - [2026-04-07T04:45:28.727+0530] {example_kubernetes_executor.py:39} WARNING - The example_kubernetes_executor example DAG requires the kubernetes provider. Please install it with: pip install apache-airflow[cncf.kubernetes]
[2026-04-07T04:45:28.728+0530] {processor.py:927} WARNING - No viable dags retrieved from /home/ubantu/miniconda3/envs/airflow-env/lib/python3.11/site-packages/airflow/example_dags/example_kubernetes_executor.py
[2026-04-07T04:45:28.737+0530] {processor.py:208} INFO - Processing /home/ubantu/miniconda3/envs/airflow-env/lib/python3.11/site-packages/airflow/example_dags/example_kubernetes_executor.py took 0.020 seconds
[2026-04-07T04:46:13.995+0530] {processor.py:186} INFO - Started process (PID=9570) to work on /home/ubantu/miniconda3/envs/airflow-env/lib/python3.11/site-packages/airflow/example_dags/example_kubernetes_executor.py
[2026-04-07T04:46:13.996+0530] {processor.py:914} INFO - Processing file /home/ubantu/miniconda3/envs/airflow-env/lib/python3.11/site-packages/airflow/example_dags/example_kubernetes_executor.py for tasks to queue
[2026-04-07T04:46:13.997+0530] {logging_mixin.py:190} INFO - [2026-04-07T04:46:13.997+0530] {dagbag.py:588} INFO - Filling up the DagBag from /home/ubantu/miniconda3/envs/airflow-env/lib/python3.11/site-packages/airflow/example_dags/example_kubernetes_executor.py
[2026-04-07T04:46:14.000+0530] {logging_mixin.py:190} INFO - [2026-04-07T04:46:14.000+0530] {example_kubernetes_executor.py:39} WARNING - The example_kubernetes_executor example DAG requires the kubernetes provider. Please install it with: pip install apache-airflow[cncf.kubernetes]
[2026-04-07T04:46:14.001+0530] {processor.py:927} WARNING - No viable dags retrieved from /home/ubantu/miniconda3/envs/airflow-env/lib/python3.11/site-packages/airflow/example_dags/example_kubernetes_executor.py
[2026-04-07T04:46:14.012+0530] {processor.py:208} INFO - Processing /home/ubantu/miniconda3/envs/airflow-env/lib/python3.11/site-packages/airflow/example_dags/example_kubernetes_executor.py took 0.023 seconds
[2026-04-07T04:46:22.737+0530] {processor.py:186} INFO - Started process (PID=9588) to work on /home/ubantu/miniconda3/envs/airflow-env/lib/python3.11/site-packages/airflow/example_dags/example_kubernetes_executor.py
[2026-04-07T04:46:22.738+0530] {processor.py:914} INFO - Processing file /home/ubantu/miniconda3/envs/airflow-env/lib/python3.11/site-packages/airflow/example_dags/example_kubernetes_executor.py for tasks to queue
[2026-04-07T04:46:22.740+0530] {logging_mixin.py:190} INFO - [2026-04-07T04:46:22.740+0530] {dagbag.py:588} INFO - Filling up the DagBag from /home/ubantu/miniconda3/envs/airflow-env/lib/python3.11/site-packages/airflow/example_dags/example_kubernetes_executor.py
[2026-04-07T04:46:22.743+0530] {logging_mixin.py:190} INFO - [2026-04-07T04:46:22.743+0530] {example_kubernetes_executor.py:39} WARNING - The example_kubernetes_executor example DAG requires the kubernetes provider. Please install it with: pip install apache-airflow[cncf.kubernetes]
[2026-04-07T04:46:22.743+0530] {processor.py:927} WARNING - No viable dags retrieved from /home/ubantu/miniconda3/envs/airflow-env/lib/python3.11/site-packages/airflow/example_dags/example_kubernetes_executor.py
[2026-04-07T04:46:22.753+0530] {processor.py:208} INFO - Processing /home/ubantu/miniconda3/envs/airflow-env/lib/python3.11/site-packages/airflow/example_dags/example_kubernetes_executor.py took 0.022 seconds
[2026-04-07T04:47:07.850+0530] {processor.py:186} INFO - Started process (PID=9686) to work on /home/ubantu/miniconda3/envs/airflow-env/lib/python3.11/site-packages/airflow/example_dags/example_kubernetes_executor.py
[2026-04-07T04:47:07.851+0530] {processor.py:914} INFO - Processing file /home/ubantu/miniconda3/envs/airflow-env/lib/python3.11/site-packages/airflow/example_dags/example_kubernetes_executor.py for tasks to queue
[2026-04-07T04:47:07.853+0530] {logging_mixin.py:190} INFO - [2026-04-07T04:47:07.852+0530] {dagbag.py:588} INFO - Filling up the DagBag from /home/ubantu/miniconda3/envs/airflow-env/lib/python3.11/site-packages/airflow/example_dags/example_kubernetes_executor.py
[2026-04-07T04:47:07.855+0530] {logging_mixin.py:190} INFO - [2026-04-07T04:47:07.855+0530] {example_kubernetes_executor.py:39} WARNING - The example_kubernetes_executor example DAG requires the kubernetes provider. Please install it with: pip install apache-airflow[cncf.kubernetes]
[2026-04-07T04:47:07.856+0530] {processor.py:927} WARNING - No viable dags retrieved from /home/ubantu/miniconda3/envs/airflow-env/lib/python3.11/site-packages/airflow/example_dags/example_kubernetes_executor.py
[2026-04-07T04:47:07.866+0530] {processor.py:208} INFO - Processing /home/ubantu/miniconda3/envs/airflow-env/lib/python3.11/site-packages/airflow/example_dags/example_kubernetes_executor.py took 0.021 seconds
[2026-04-07T04:47:21.166+0530] {processor.py:186} INFO - Started process (PID=9720) to work on /home/ubantu/miniconda3/envs/airflow-env/lib/python3.11/site-packages/airflow/example_dags/example_kubernetes_executor.py
[2026-04-07T04:47:21.167+0530] {processor.py:914} INFO - Processing file /home/ubantu/miniconda3/envs/airflow-env/lib/python3.11/site-packages/airflow/example_dags/example_kubernetes_executor.py for tasks to queue
[2026-04-07T04:47:21.169+0530] {logging_mixin.py:190} INFO - [2026-04-07T04:47:21.169+0530] {dagbag.py:588} INFO - Filling up the DagBag from /home/ubantu/miniconda3/envs/airflow-env/lib/python3.11/site-packages/airflow/example_dags/example_kubernetes_executor.py
[2026-04-07T04:47:21.172+0530] {logging_mixin.py:190} INFO - [2026-04-07T04:47:21.172+0530] {example_kubernetes_executor.py:39} WARNING - The example_kubernetes_executor example DAG requires the kubernetes provider. Please install it with: pip install apache-airflow[cncf.kubernetes]
[2026-04-07T04:47:21.172+0530] {processor.py:927} WARNING - No viable dags retrieved from /home/ubantu/miniconda3/envs/airflow-env/lib/python3.11/site-packages/airflow/example_dags/example_kubernetes_executor.py
[2026-04-07T04:47:21.182+0530] {processor.py:208} INFO - Processing /home/ubantu/miniconda3/envs/airflow-env/lib/python3.11/site-packages/airflow/example_dags/example_kubernetes_executor.py took 0.023 seconds
[2026-04-07T04:48:01.307+0530] {processor.py:186} INFO - Started process (PID=9822) to work on /home/ubantu/miniconda3/envs/airflow-env/lib/python3.11/site-packages/airflow/example_dags/example_kubernetes_executor.py
[2026-04-07T04:48:01.308+0530] {processor.py:914} INFO - Processing file /home/ubantu/miniconda3/envs/airflow-env/lib/python3.11/site-packages/airflow/example_dags/example_kubernetes_executor.py for tasks to queue
[2026-04-07T04:48:01.310+0530] {logging_mixin.py:190} INFO - [2026-04-07T04:48:01.309+0530] {dagbag.py:588} INFO - Filling up the DagBag from /home/ubantu/miniconda3/envs/airflow-env/lib/python3.11/site-packages/airflow/example_dags/example_kubernetes_executor.py
[2026-04-07T04:48:01.313+0530] {logging_mixin.py:190} INFO - [2026-04-07T04:48:01.313+0530] {example_kubernetes_executor.py:39} WARNING - The example_kubernetes_executor example DAG requires the kubernetes provider. Please install it with: pip install apache-airflow[cncf.kubernetes]
[2026-04-07T04:48:01.313+0530] {processor.py:927} WARNING - No viable dags retrieved from /home/ubantu/miniconda3/envs/airflow-env/lib/python3.11/site-packages/airflow/example_dags/example_kubernetes_executor.py
[2026-04-07T04:48:01.324+0530] {processor.py:208} INFO - Processing /home/ubantu/miniconda3/envs/airflow-env/lib/python3.11/site-packages/airflow/example_dags/example_kubernetes_executor.py took 0.024 seconds
[2026-04-07T04:48:19.141+0530] {processor.py:186} INFO - Started process (PID=9857) to work on /home/ubantu/miniconda3/envs/airflow-env/lib/python3.11/site-packages/airflow/example_dags/example_kubernetes_executor.py
[2026-04-07T04:48:19.142+0530] {processor.py:914} INFO - Processing file /home/ubantu/miniconda3/envs/airflow-env/lib/python3.11/site-packages/airflow/example_dags/example_kubernetes_executor.py for tasks to queue
[2026-04-07T04:48:19.145+0530] {logging_mixin.py:190} INFO - [2026-04-07T04:48:19.144+0530] {dagbag.py:588} INFO - Filling up the DagBag from /home/ubantu/miniconda3/envs/airflow-env/lib/python3.11/site-packages/airflow/example_dags/example_kubernetes_executor.py
[2026-04-07T04:48:19.148+0530] {logging_mixin.py:190} INFO - [2026-04-07T04:48:19.148+0530] {example_kubernetes_executor.py:39} WARNING - The example_kubernetes_executor example DAG requires the kubernetes provider. Please install it with: pip install apache-airflow[cncf.kubernetes]
[2026-04-07T04:48:19.149+0530] {processor.py:927} WARNING - No viable dags retrieved from /home/ubantu/miniconda3/envs/airflow-env/lib/python3.11/site-packages/airflow/example_dags/example_kubernetes_executor.py
[2026-04-07T04:48:19.161+0530] {processor.py:208} INFO - Processing /home/ubantu/miniconda3/envs/airflow-env/lib/python3.11/site-packages/airflow/example_dags/example_kubernetes_executor.py took 0.026 seconds
[2026-04-07T05:10:15.897+0530] {processor.py:186} INFO - Started process (PID=10997) to work on /home/ubantu/miniconda3/envs/airflow-env/lib/python3.11/site-packages/airflow/example_dags/example_kubernetes_executor.py
[2026-04-07T05:10:15.899+0530] {processor.py:914} INFO - Processing file /home/ubantu/miniconda3/envs/airflow-env/lib/python3.11/site-packages/airflow/example_dags/example_kubernetes_executor.py for tasks to queue
[2026-04-07T05:10:15.901+0530] {logging_mixin.py:190} INFO - [2026-04-07T05:10:15.901+0530] {dagbag.py:588} INFO - Filling up the DagBag from /home/ubantu/miniconda3/envs/airflow-env/lib/python3.11/site-packages/airflow/example_dags/example_kubernetes_executor.py
[2026-04-07T05:10:15.905+0530] {logging_mixin.py:190} INFO - [2026-04-07T05:10:15.905+0530] {example_kubernetes_executor.py:39} WARNING - The example_kubernetes_executor example DAG requires the kubernetes provider. Please install it with: pip install apache-airflow[cncf.kubernetes]
[2026-04-07T05:10:15.905+0530] {processor.py:927} WARNING - No viable dags retrieved from /home/ubantu/miniconda3/envs/airflow-env/lib/python3.11/site-packages/airflow/example_dags/example_kubernetes_executor.py
[2026-04-07T05:10:15.919+0530] {processor.py:208} INFO - Processing /home/ubantu/miniconda3/envs/airflow-env/lib/python3.11/site-packages/airflow/example_dags/example_kubernetes_executor.py took 0.029 seconds
[2026-04-07T05:11:48.721+0530] {processor.py:186} INFO - Started process (PID=11151) to work on /home/ubantu/miniconda3/envs/airflow-env/lib/python3.11/site-packages/airflow/example_dags/example_kubernetes_executor.py
[2026-04-07T05:11:48.722+0530] {processor.py:914} INFO - Processing file /home/ubantu/miniconda3/envs/airflow-env/lib/python3.11/site-packages/airflow/example_dags/example_kubernetes_executor.py for tasks to queue
[2026-04-07T05:11:48.724+0530] {logging_mixin.py:190} INFO - [2026-04-07T05:11:48.724+0530] {dagbag.py:588} INFO - Filling up the DagBag from /home/ubantu/miniconda3/envs/airflow-env/lib/python3.11/site-packages/airflow/example_dags/example_kubernetes_executor.py
[2026-04-07T05:11:48.727+0530] {logging_mixin.py:190} INFO - [2026-04-07T05:11:48.727+0530] {example_kubernetes_executor.py:39} WARNING - The example_kubernetes_executor example DAG requires the kubernetes provider. Please install it with: pip install apache-airflow[cncf.kubernetes]
[2026-04-07T05:11:48.728+0530] {processor.py:927} WARNING - No viable dags retrieved from /home/ubantu/miniconda3/envs/airflow-env/lib/python3.11/site-packages/airflow/example_dags/example_kubernetes_executor.py
[2026-04-07T05:11:48.739+0530] {processor.py:208} INFO - Processing /home/ubantu/miniconda3/envs/airflow-env/lib/python3.11/site-packages/airflow/example_dags/example_kubernetes_executor.py took 0.024 seconds
[2026-04-07T05:12:48.017+0530] {processor.py:186} INFO - Started process (PID=11227) to work on /home/ubantu/miniconda3/envs/airflow-env/lib/python3.11/site-packages/airflow/example_dags/example_kubernetes_executor.py
[2026-04-07T05:12:48.018+0530] {processor.py:914} INFO - Processing file /home/ubantu/miniconda3/envs/airflow-env/lib/python3.11/site-packages/airflow/example_dags/example_kubernetes_executor.py for tasks to queue
[2026-04-07T05:12:48.021+0530] {logging_mixin.py:190} INFO - [2026-04-07T05:12:48.020+0530] {dagbag.py:588} INFO - Filling up the DagBag from /home/ubantu/miniconda3/envs/airflow-env/lib/python3.11/site-packages/airflow/example_dags/example_kubernetes_executor.py
[2026-04-07T05:12:48.024+0530] {logging_mixin.py:190} INFO - [2026-04-07T05:12:48.024+0530] {example_kubernetes_executor.py:39} WARNING - The example_kubernetes_executor example DAG requires the kubernetes provider. Please install it with: pip install apache-airflow[cncf.kubernetes]
[2026-04-07T05:12:48.024+0530] {processor.py:927} WARNING - No viable dags retrieved from /home/ubantu/miniconda3/envs/airflow-env/lib/python3.11/site-packages/airflow/example_dags/example_kubernetes_executor.py
[2026-04-07T05:12:48.034+0530] {processor.py:208} INFO - Processing /home/ubantu/miniconda3/envs/airflow-env/lib/python3.11/site-packages/airflow/example_dags/example_kubernetes_executor.py took 0.024 seconds
[2026-04-07T05:13:52.135+0530] {processor.py:186} INFO - Started process (PID=11328) to work on /home/ubantu/miniconda3/envs/airflow-env/lib/python3.11/site-packages/airflow/example_dags/example_kubernetes_executor.py
[2026-04-07T05:13:52.135+0530] {processor.py:914} INFO - Processing file /home/ubantu/miniconda3/envs/airflow-env/lib/python3.11/site-packages/airflow/example_dags/example_kubernetes_executor.py for tasks to queue
[2026-04-07T05:13:52.137+0530] {logging_mixin.py:190} INFO - [2026-04-07T05:13:52.137+0530] {dagbag.py:588} INFO - Filling up the DagBag from /home/ubantu/miniconda3/envs/airflow-env/lib/python3.11/site-packages/airflow/example_dags/example_kubernetes_executor.py
[2026-04-07T05:13:52.140+0530] {logging_mixin.py:190} INFO - [2026-04-07T05:13:52.139+0530] {example_kubernetes_executor.py:39} WARNING - The example_kubernetes_executor example DAG requires the kubernetes provider. Please install it with: pip install apache-airflow[cncf.kubernetes]
[2026-04-07T05:13:52.140+0530] {processor.py:927} WARNING - No viable dags retrieved from /home/ubantu/miniconda3/envs/airflow-env/lib/python3.11/site-packages/airflow/example_dags/example_kubernetes_executor.py
[2026-04-07T05:13:52.149+0530] {processor.py:208} INFO - Processing /home/ubantu/miniconda3/envs/airflow-env/lib/python3.11/site-packages/airflow/example_dags/example_kubernetes_executor.py took 0.020 seconds
[2026-04-07T05:17:57.814+0530] {processor.py:186} INFO - Started process (PID=12036) to work on /home/ubantu/miniconda3/envs/airflow-env/lib/python3.11/site-packages/airflow/example_dags/example_kubernetes_executor.py
[2026-04-07T05:17:57.816+0530] {processor.py:914} INFO - Processing file /home/ubantu/miniconda3/envs/airflow-env/lib/python3.11/site-packages/airflow/example_dags/example_kubernetes_executor.py for tasks to queue
[2026-04-07T05:17:57.818+0530] {logging_mixin.py:190} INFO - [2026-04-07T05:17:57.818+0530] {dagbag.py:588} INFO - Filling up the DagBag from /home/ubantu/miniconda3/envs/airflow-env/lib/python3.11/site-packages/airflow/example_dags/example_kubernetes_executor.py
[2026-04-07T05:17:57.822+0530] {logging_mixin.py:190} INFO - [2026-04-07T05:17:57.822+0530] {example_kubernetes_executor.py:39} WARNING - The example_kubernetes_executor example DAG requires the kubernetes provider. Please install it with: pip install apache-airflow[cncf.kubernetes]
[2026-04-07T05:17:57.822+0530] {processor.py:927} WARNING - No viable dags retrieved from /home/ubantu/miniconda3/envs/airflow-env/lib/python3.11/site-packages/airflow/example_dags/example_kubernetes_executor.py
[2026-04-07T05:17:57.836+0530] {processor.py:208} INFO - Processing /home/ubantu/miniconda3/envs/airflow-env/lib/python3.11/site-packages/airflow/example_dags/example_kubernetes_executor.py took 0.030 seconds
