[2026-04-07T04:07:55.674+0530] {processor.py:186} INFO - Started process (PID=5810) to work on /home/ubantu/miniconda3/envs/airflow-env/lib/python3.11/site-packages/airflow/example_dags/example_latest_only_with_trigger.py
[2026-04-07T04:07:55.675+0530] {processor.py:914} INFO - Processing file /home/ubantu/miniconda3/envs/airflow-env/lib/python3.11/site-packages/airflow/example_dags/example_latest_only_with_trigger.py for tasks to queue
[2026-04-07T04:07:55.680+0530] {logging_mixin.py:190} INFO - [2026-04-07T04:07:55.679+0530] {dagbag.py:588} INFO - Filling up the DagBag from /home/ubantu/miniconda3/envs/airflow-env/lib/python3.11/site-packages/airflow/example_dags/example_latest_only_with_trigger.py
[2026-04-07T04:07:55.700+0530] {processor.py:925} INFO - DAG(s) 'latest_only_with_trigger' retrieved from /home/ubantu/miniconda3/envs/airflow-env/lib/python3.11/site-packages/airflow/example_dags/example_latest_only_with_trigger.py
[2026-04-07T04:07:55.808+0530] {logging_mixin.py:190} INFO - [2026-04-07T04:07:55.807+0530] {override.py:1911} INFO - Created Permission View: can delete on DAG:latest_only_with_trigger
[2026-04-07T04:07:55.819+0530] {logging_mixin.py:190} INFO - [2026-04-07T04:07:55.819+0530] {override.py:1911} INFO - Created Permission View: can edit on DAG:latest_only_with_trigger
[2026-04-07T04:07:55.828+0530] {logging_mixin.py:190} INFO - [2026-04-07T04:07:55.827+0530] {override.py:1911} INFO - Created Permission View: can read on DAG:latest_only_with_trigger
[2026-04-07T04:07:55.848+0530] {logging_mixin.py:190} INFO - [2026-04-07T04:07:55.847+0530] {override.py:1911} INFO - Created Permission View: can create on DAG Run:latest_only_with_trigger
[2026-04-07T04:07:55.858+0530] {logging_mixin.py:190} INFO - [2026-04-07T04:07:55.858+0530] {override.py:1911} INFO - Created Permission View: can delete on DAG Run:latest_only_with_trigger
[2026-04-07T04:07:55.866+0530] {logging_mixin.py:190} INFO - [2026-04-07T04:07:55.866+0530] {override.py:1911} INFO - Created Permission View: menu access on DAG Run:latest_only_with_trigger
[2026-04-07T04:07:55.877+0530] {logging_mixin.py:190} INFO - [2026-04-07T04:07:55.876+0530] {override.py:1911} INFO - Created Permission View: can read on DAG Run:latest_only_with_trigger
[2026-04-07T04:07:55.877+0530] {logging_mixin.py:190} INFO - [2026-04-07T04:07:55.877+0530] {dag.py:3239} INFO - Sync 1 DAGs
[2026-04-07T04:07:55.890+0530] {logging_mixin.py:190} INFO - [2026-04-07T04:07:55.890+0530] {dag.py:3262} INFO - Creating ORM DAG for latest_only_with_trigger
[2026-04-07T04:07:55.904+0530] {logging_mixin.py:190} INFO - [2026-04-07T04:07:55.904+0530] {dag.py:4180} INFO - Setting next_dagrun for latest_only_with_trigger to 2026-04-06 16:00:00+00:00, run_after=2026-04-06 20:00:00+00:00
[2026-04-07T04:07:56.052+0530] {processor.py:208} INFO - Processing /home/ubantu/miniconda3/envs/airflow-env/lib/python3.11/site-packages/airflow/example_dags/example_latest_only_with_trigger.py took 0.390 seconds
[2026-04-07T04:09:02.248+0530] {processor.py:186} INFO - Started process (PID=5997) to work on /home/ubantu/miniconda3/envs/airflow-env/lib/python3.11/site-packages/airflow/example_dags/example_latest_only_with_trigger.py
[2026-04-07T04:09:02.250+0530] {processor.py:914} INFO - Processing file /home/ubantu/miniconda3/envs/airflow-env/lib/python3.11/site-packages/airflow/example_dags/example_latest_only_with_trigger.py for tasks to queue
[2026-04-07T04:09:02.253+0530] {logging_mixin.py:190} INFO - [2026-04-07T04:09:02.253+0530] {dagbag.py:588} INFO - Filling up the DagBag from /home/ubantu/miniconda3/envs/airflow-env/lib/python3.11/site-packages/airflow/example_dags/example_latest_only_with_trigger.py
[2026-04-07T04:09:02.265+0530] {processor.py:925} INFO - DAG(s) 'latest_only_with_trigger' retrieved from /home/ubantu/miniconda3/envs/airflow-env/lib/python3.11/site-packages/airflow/example_dags/example_latest_only_with_trigger.py
[2026-04-07T04:09:02.283+0530] {logging_mixin.py:190} INFO - [2026-04-07T04:09:02.283+0530] {dag.py:3239} INFO - Sync 1 DAGs
[2026-04-07T04:09:02.300+0530] {logging_mixin.py:190} INFO - [2026-04-07T04:09:02.300+0530] {dag.py:4180} INFO - Setting next_dagrun for latest_only_with_trigger to 2026-04-06 16:00:00+00:00, run_after=2026-04-06 20:00:00+00:00
[2026-04-07T04:09:02.317+0530] {processor.py:208} INFO - Processing /home/ubantu/miniconda3/envs/airflow-env/lib/python3.11/site-packages/airflow/example_dags/example_latest_only_with_trigger.py took 0.082 seconds
[2026-04-07T04:10:00.075+0530] {processor.py:186} INFO - Started process (PID=6166) to work on /home/ubantu/miniconda3/envs/airflow-env/lib/python3.11/site-packages/airflow/example_dags/example_latest_only_with_trigger.py
[2026-04-07T04:10:00.076+0530] {processor.py:914} INFO - Processing file /home/ubantu/miniconda3/envs/airflow-env/lib/python3.11/site-packages/airflow/example_dags/example_latest_only_with_trigger.py for tasks to queue
[2026-04-07T04:10:00.078+0530] {logging_mixin.py:190} INFO - [2026-04-07T04:10:00.077+0530] {dagbag.py:588} INFO - Filling up the DagBag from /home/ubantu/miniconda3/envs/airflow-env/lib/python3.11/site-packages/airflow/example_dags/example_latest_only_with_trigger.py
[2026-04-07T04:10:00.087+0530] {processor.py:925} INFO - DAG(s) 'latest_only_with_trigger' retrieved from /home/ubantu/miniconda3/envs/airflow-env/lib/python3.11/site-packages/airflow/example_dags/example_latest_only_with_trigger.py
[2026-04-07T04:10:00.106+0530] {logging_mixin.py:190} INFO - [2026-04-07T04:10:00.106+0530] {dag.py:3239} INFO - Sync 1 DAGs
[2026-04-07T04:10:00.217+0530] {logging_mixin.py:190} INFO - [2026-04-07T04:10:00.217+0530] {dag.py:4180} INFO - Setting next_dagrun for latest_only_with_trigger to 2026-04-06 16:00:00+00:00, run_after=2026-04-06 20:00:00+00:00
[2026-04-07T04:10:00.234+0530] {processor.py:208} INFO - Processing /home/ubantu/miniconda3/envs/airflow-env/lib/python3.11/site-packages/airflow/example_dags/example_latest_only_with_trigger.py took 0.165 seconds
[2026-04-07T04:10:54.440+0530] {processor.py:186} INFO - Started process (PID=6233) to work on /home/ubantu/miniconda3/envs/airflow-env/lib/python3.11/site-packages/airflow/example_dags/example_latest_only_with_trigger.py
[2026-04-07T04:10:54.441+0530] {processor.py:914} INFO - Processing file /home/ubantu/miniconda3/envs/airflow-env/lib/python3.11/site-packages/airflow/example_dags/example_latest_only_with_trigger.py for tasks to queue
[2026-04-07T04:10:54.443+0530] {logging_mixin.py:190} INFO - [2026-04-07T04:10:54.443+0530] {dagbag.py:588} INFO - Filling up the DagBag from /home/ubantu/miniconda3/envs/airflow-env/lib/python3.11/site-packages/airflow/example_dags/example_latest_only_with_trigger.py
[2026-04-07T04:10:54.452+0530] {processor.py:925} INFO - DAG(s) 'latest_only_with_trigger' retrieved from /home/ubantu/miniconda3/envs/airflow-env/lib/python3.11/site-packages/airflow/example_dags/example_latest_only_with_trigger.py
[2026-04-07T04:10:54.469+0530] {logging_mixin.py:190} INFO - [2026-04-07T04:10:54.469+0530] {dag.py:3239} INFO - Sync 1 DAGs
[2026-04-07T04:10:54.487+0530] {logging_mixin.py:190} INFO - [2026-04-07T04:10:54.487+0530] {dag.py:4180} INFO - Setting next_dagrun for latest_only_with_trigger to 2026-04-06 16:00:00+00:00, run_after=2026-04-06 20:00:00+00:00
[2026-04-07T04:10:54.504+0530] {processor.py:208} INFO - Processing /home/ubantu/miniconda3/envs/airflow-env/lib/python3.11/site-packages/airflow/example_dags/example_latest_only_with_trigger.py took 0.070 seconds
[2026-04-07T04:11:48.955+0530] {processor.py:186} INFO - Started process (PID=6303) to work on /home/ubantu/miniconda3/envs/airflow-env/lib/python3.11/site-packages/airflow/example_dags/example_latest_only_with_trigger.py
[2026-04-07T04:11:48.956+0530] {processor.py:914} INFO - Processing file /home/ubantu/miniconda3/envs/airflow-env/lib/python3.11/site-packages/airflow/example_dags/example_latest_only_with_trigger.py for tasks to queue
[2026-04-07T04:11:48.959+0530] {logging_mixin.py:190} INFO - [2026-04-07T04:11:48.958+0530] {dagbag.py:588} INFO - Filling up the DagBag from /home/ubantu/miniconda3/envs/airflow-env/lib/python3.11/site-packages/airflow/example_dags/example_latest_only_with_trigger.py
[2026-04-07T04:11:48.969+0530] {processor.py:925} INFO - DAG(s) 'latest_only_with_trigger' retrieved from /home/ubantu/miniconda3/envs/airflow-env/lib/python3.11/site-packages/airflow/example_dags/example_latest_only_with_trigger.py
[2026-04-07T04:11:48.987+0530] {logging_mixin.py:190} INFO - [2026-04-07T04:11:48.987+0530] {dag.py:3239} INFO - Sync 1 DAGs
[2026-04-07T04:11:49.005+0530] {logging_mixin.py:190} INFO - [2026-04-07T04:11:49.004+0530] {dag.py:4180} INFO - Setting next_dagrun for latest_only_with_trigger to 2026-04-06 16:00:00+00:00, run_after=2026-04-06 20:00:00+00:00
[2026-04-07T04:11:49.023+0530] {processor.py:208} INFO - Processing /home/ubantu/miniconda3/envs/airflow-env/lib/python3.11/site-packages/airflow/example_dags/example_latest_only_with_trigger.py took 0.076 seconds
[2026-04-07T04:12:42.415+0530] {processor.py:186} INFO - Started process (PID=6363) to work on /home/ubantu/miniconda3/envs/airflow-env/lib/python3.11/site-packages/airflow/example_dags/example_latest_only_with_trigger.py
[2026-04-07T04:12:42.416+0530] {processor.py:914} INFO - Processing file /home/ubantu/miniconda3/envs/airflow-env/lib/python3.11/site-packages/airflow/example_dags/example_latest_only_with_trigger.py for tasks to queue
[2026-04-07T04:12:42.418+0530] {logging_mixin.py:190} INFO - [2026-04-07T04:12:42.418+0530] {dagbag.py:588} INFO - Filling up the DagBag from /home/ubantu/miniconda3/envs/airflow-env/lib/python3.11/site-packages/airflow/example_dags/example_latest_only_with_trigger.py
[2026-04-07T04:12:42.427+0530] {processor.py:925} INFO - DAG(s) 'latest_only_with_trigger' retrieved from /home/ubantu/miniconda3/envs/airflow-env/lib/python3.11/site-packages/airflow/example_dags/example_latest_only_with_trigger.py
[2026-04-07T04:12:42.443+0530] {logging_mixin.py:190} INFO - [2026-04-07T04:12:42.443+0530] {dag.py:3239} INFO - Sync 1 DAGs
[2026-04-07T04:12:42.461+0530] {logging_mixin.py:190} INFO - [2026-04-07T04:12:42.461+0530] {dag.py:4180} INFO - Setting next_dagrun for latest_only_with_trigger to 2026-04-06 16:00:00+00:00, run_after=2026-04-06 20:00:00+00:00
[2026-04-07T04:12:42.479+0530] {processor.py:208} INFO - Processing /home/ubantu/miniconda3/envs/airflow-env/lib/python3.11/site-packages/airflow/example_dags/example_latest_only_with_trigger.py took 0.071 seconds
[2026-04-07T04:13:35.055+0530] {processor.py:186} INFO - Started process (PID=6430) to work on /home/ubantu/miniconda3/envs/airflow-env/lib/python3.11/site-packages/airflow/example_dags/example_latest_only_with_trigger.py
[2026-04-07T04:13:35.057+0530] {processor.py:914} INFO - Processing file /home/ubantu/miniconda3/envs/airflow-env/lib/python3.11/site-packages/airflow/example_dags/example_latest_only_with_trigger.py for tasks to queue
[2026-04-07T04:13:35.060+0530] {logging_mixin.py:190} INFO - [2026-04-07T04:13:35.059+0530] {dagbag.py:588} INFO - Filling up the DagBag from /home/ubantu/miniconda3/envs/airflow-env/lib/python3.11/site-packages/airflow/example_dags/example_latest_only_with_trigger.py
[2026-04-07T04:13:35.072+0530] {processor.py:925} INFO - DAG(s) 'latest_only_with_trigger' retrieved from /home/ubantu/miniconda3/envs/airflow-env/lib/python3.11/site-packages/airflow/example_dags/example_latest_only_with_trigger.py
[2026-04-07T04:13:35.097+0530] {logging_mixin.py:190} INFO - [2026-04-07T04:13:35.096+0530] {dag.py:3239} INFO - Sync 1 DAGs
[2026-04-07T04:13:35.123+0530] {logging_mixin.py:190} INFO - [2026-04-07T04:13:35.123+0530] {dag.py:4180} INFO - Setting next_dagrun for latest_only_with_trigger to 2026-04-06 16:00:00+00:00, run_after=2026-04-06 20:00:00+00:00
[2026-04-07T04:13:35.147+0530] {processor.py:208} INFO - Processing /home/ubantu/miniconda3/envs/airflow-env/lib/python3.11/site-packages/airflow/example_dags/example_latest_only_with_trigger.py took 0.101 seconds
[2026-04-07T04:14:29.855+0530] {processor.py:186} INFO - Started process (PID=6490) to work on /home/ubantu/miniconda3/envs/airflow-env/lib/python3.11/site-packages/airflow/example_dags/example_latest_only_with_trigger.py
[2026-04-07T04:14:29.857+0530] {processor.py:914} INFO - Processing file /home/ubantu/miniconda3/envs/airflow-env/lib/python3.11/site-packages/airflow/example_dags/example_latest_only_with_trigger.py for tasks to queue
[2026-04-07T04:14:29.859+0530] {logging_mixin.py:190} INFO - [2026-04-07T04:14:29.859+0530] {dagbag.py:588} INFO - Filling up the DagBag from /home/ubantu/miniconda3/envs/airflow-env/lib/python3.11/site-packages/airflow/example_dags/example_latest_only_with_trigger.py
[2026-04-07T04:14:29.867+0530] {processor.py:925} INFO - DAG(s) 'latest_only_with_trigger' retrieved from /home/ubantu/miniconda3/envs/airflow-env/lib/python3.11/site-packages/airflow/example_dags/example_latest_only_with_trigger.py
[2026-04-07T04:14:29.884+0530] {logging_mixin.py:190} INFO - [2026-04-07T04:14:29.884+0530] {dag.py:3239} INFO - Sync 1 DAGs
[2026-04-07T04:14:29.906+0530] {logging_mixin.py:190} INFO - [2026-04-07T04:14:29.905+0530] {dag.py:4180} INFO - Setting next_dagrun for latest_only_with_trigger to 2026-04-06 16:00:00+00:00, run_after=2026-04-06 20:00:00+00:00
[2026-04-07T04:14:29.923+0530] {processor.py:208} INFO - Processing /home/ubantu/miniconda3/envs/airflow-env/lib/python3.11/site-packages/airflow/example_dags/example_latest_only_with_trigger.py took 0.074 seconds
[2026-04-07T04:15:22.280+0530] {processor.py:186} INFO - Started process (PID=6553) to work on /home/ubantu/miniconda3/envs/airflow-env/lib/python3.11/site-packages/airflow/example_dags/example_latest_only_with_trigger.py
[2026-04-07T04:15:22.281+0530] {processor.py:914} INFO - Processing file /home/ubantu/miniconda3/envs/airflow-env/lib/python3.11/site-packages/airflow/example_dags/example_latest_only_with_trigger.py for tasks to queue
[2026-04-07T04:15:22.283+0530] {logging_mixin.py:190} INFO - [2026-04-07T04:15:22.282+0530] {dagbag.py:588} INFO - Filling up the DagBag from /home/ubantu/miniconda3/envs/airflow-env/lib/python3.11/site-packages/airflow/example_dags/example_latest_only_with_trigger.py
[2026-04-07T04:15:22.291+0530] {processor.py:925} INFO - DAG(s) 'latest_only_with_trigger' retrieved from /home/ubantu/miniconda3/envs/airflow-env/lib/python3.11/site-packages/airflow/example_dags/example_latest_only_with_trigger.py
[2026-04-07T04:15:22.306+0530] {logging_mixin.py:190} INFO - [2026-04-07T04:15:22.306+0530] {dag.py:3239} INFO - Sync 1 DAGs
[2026-04-07T04:15:22.326+0530] {logging_mixin.py:190} INFO - [2026-04-07T04:15:22.326+0530] {dag.py:4180} INFO - Setting next_dagrun for latest_only_with_trigger to 2026-04-06 16:00:00+00:00, run_after=2026-04-06 20:00:00+00:00
[2026-04-07T04:15:22.343+0530] {processor.py:208} INFO - Processing /home/ubantu/miniconda3/envs/airflow-env/lib/python3.11/site-packages/airflow/example_dags/example_latest_only_with_trigger.py took 0.069 seconds
[2026-04-07T04:16:14.051+0530] {processor.py:186} INFO - Started process (PID=6611) to work on /home/ubantu/miniconda3/envs/airflow-env/lib/python3.11/site-packages/airflow/example_dags/example_latest_only_with_trigger.py
[2026-04-07T04:16:14.052+0530] {processor.py:914} INFO - Processing file /home/ubantu/miniconda3/envs/airflow-env/lib/python3.11/site-packages/airflow/example_dags/example_latest_only_with_trigger.py for tasks to queue
[2026-04-07T04:16:14.054+0530] {logging_mixin.py:190} INFO - [2026-04-07T04:16:14.053+0530] {dagbag.py:588} INFO - Filling up the DagBag from /home/ubantu/miniconda3/envs/airflow-env/lib/python3.11/site-packages/airflow/example_dags/example_latest_only_with_trigger.py
[2026-04-07T04:16:14.062+0530] {processor.py:925} INFO - DAG(s) 'latest_only_with_trigger' retrieved from /home/ubantu/miniconda3/envs/airflow-env/lib/python3.11/site-packages/airflow/example_dags/example_latest_only_with_trigger.py
[2026-04-07T04:16:14.078+0530] {logging_mixin.py:190} INFO - [2026-04-07T04:16:14.077+0530] {dag.py:3239} INFO - Sync 1 DAGs
[2026-04-07T04:16:14.096+0530] {logging_mixin.py:190} INFO - [2026-04-07T04:16:14.096+0530] {dag.py:4180} INFO - Setting next_dagrun for latest_only_with_trigger to 2026-04-06 16:00:00+00:00, run_after=2026-04-06 20:00:00+00:00
[2026-04-07T04:16:14.113+0530] {processor.py:208} INFO - Processing /home/ubantu/miniconda3/envs/airflow-env/lib/python3.11/site-packages/airflow/example_dags/example_latest_only_with_trigger.py took 0.068 seconds
[2026-04-07T04:17:03.183+0530] {processor.py:186} INFO - Started process (PID=6674) to work on /home/ubantu/miniconda3/envs/airflow-env/lib/python3.11/site-packages/airflow/example_dags/example_latest_only_with_trigger.py
[2026-04-07T04:17:03.185+0530] {processor.py:914} INFO - Processing file /home/ubantu/miniconda3/envs/airflow-env/lib/python3.11/site-packages/airflow/example_dags/example_latest_only_with_trigger.py for tasks to queue
[2026-04-07T04:17:03.187+0530] {logging_mixin.py:190} INFO - [2026-04-07T04:17:03.186+0530] {dagbag.py:588} INFO - Filling up the DagBag from /home/ubantu/miniconda3/envs/airflow-env/lib/python3.11/site-packages/airflow/example_dags/example_latest_only_with_trigger.py
[2026-04-07T04:17:03.195+0530] {processor.py:925} INFO - DAG(s) 'latest_only_with_trigger' retrieved from /home/ubantu/miniconda3/envs/airflow-env/lib/python3.11/site-packages/airflow/example_dags/example_latest_only_with_trigger.py
[2026-04-07T04:17:03.211+0530] {logging_mixin.py:190} INFO - [2026-04-07T04:17:03.211+0530] {dag.py:3239} INFO - Sync 1 DAGs
[2026-04-07T04:17:03.229+0530] {logging_mixin.py:190} INFO - [2026-04-07T04:17:03.229+0530] {dag.py:4180} INFO - Setting next_dagrun for latest_only_with_trigger to 2026-04-06 16:00:00+00:00, run_after=2026-04-06 20:00:00+00:00
[2026-04-07T04:17:03.246+0530] {processor.py:208} INFO - Processing /home/ubantu/miniconda3/envs/airflow-env/lib/python3.11/site-packages/airflow/example_dags/example_latest_only_with_trigger.py took 0.069 seconds
[2026-04-07T04:17:52.544+0530] {processor.py:186} INFO - Started process (PID=6730) to work on /home/ubantu/miniconda3/envs/airflow-env/lib/python3.11/site-packages/airflow/example_dags/example_latest_only_with_trigger.py
[2026-04-07T04:17:52.545+0530] {processor.py:914} INFO - Processing file /home/ubantu/miniconda3/envs/airflow-env/lib/python3.11/site-packages/airflow/example_dags/example_latest_only_with_trigger.py for tasks to queue
[2026-04-07T04:17:52.547+0530] {logging_mixin.py:190} INFO - [2026-04-07T04:17:52.546+0530] {dagbag.py:588} INFO - Filling up the DagBag from /home/ubantu/miniconda3/envs/airflow-env/lib/python3.11/site-packages/airflow/example_dags/example_latest_only_with_trigger.py
[2026-04-07T04:17:52.555+0530] {processor.py:925} INFO - DAG(s) 'latest_only_with_trigger' retrieved from /home/ubantu/miniconda3/envs/airflow-env/lib/python3.11/site-packages/airflow/example_dags/example_latest_only_with_trigger.py
[2026-04-07T04:17:52.570+0530] {logging_mixin.py:190} INFO - [2026-04-07T04:17:52.570+0530] {dag.py:3239} INFO - Sync 1 DAGs
[2026-04-07T04:17:52.589+0530] {logging_mixin.py:190} INFO - [2026-04-07T04:17:52.589+0530] {dag.py:4180} INFO - Setting next_dagrun for latest_only_with_trigger to 2026-04-06 16:00:00+00:00, run_after=2026-04-06 20:00:00+00:00
[2026-04-07T04:17:52.608+0530] {processor.py:208} INFO - Processing /home/ubantu/miniconda3/envs/airflow-env/lib/python3.11/site-packages/airflow/example_dags/example_latest_only_with_trigger.py took 0.070 seconds
[2026-04-07T04:18:46.202+0530] {processor.py:186} INFO - Started process (PID=6840) to work on /home/ubantu/miniconda3/envs/airflow-env/lib/python3.11/site-packages/airflow/example_dags/example_latest_only_with_trigger.py
[2026-04-07T04:18:46.203+0530] {processor.py:914} INFO - Processing file /home/ubantu/miniconda3/envs/airflow-env/lib/python3.11/site-packages/airflow/example_dags/example_latest_only_with_trigger.py for tasks to queue
[2026-04-07T04:18:46.205+0530] {logging_mixin.py:190} INFO - [2026-04-07T04:18:46.204+0530] {dagbag.py:588} INFO - Filling up the DagBag from /home/ubantu/miniconda3/envs/airflow-env/lib/python3.11/site-packages/airflow/example_dags/example_latest_only_with_trigger.py
[2026-04-07T04:18:46.213+0530] {processor.py:925} INFO - DAG(s) 'latest_only_with_trigger' retrieved from /home/ubantu/miniconda3/envs/airflow-env/lib/python3.11/site-packages/airflow/example_dags/example_latest_only_with_trigger.py
[2026-04-07T04:18:46.230+0530] {logging_mixin.py:190} INFO - [2026-04-07T04:18:46.230+0530] {dag.py:3239} INFO - Sync 1 DAGs
[2026-04-07T04:18:46.252+0530] {logging_mixin.py:190} INFO - [2026-04-07T04:18:46.252+0530] {dag.py:4180} INFO - Setting next_dagrun for latest_only_with_trigger to 2026-04-06 16:00:00+00:00, run_after=2026-04-06 20:00:00+00:00
[2026-04-07T04:18:46.271+0530] {processor.py:208} INFO - Processing /home/ubantu/miniconda3/envs/airflow-env/lib/python3.11/site-packages/airflow/example_dags/example_latest_only_with_trigger.py took 0.076 seconds
[2026-04-07T04:19:39.482+0530] {processor.py:186} INFO - Started process (PID=6901) to work on /home/ubantu/miniconda3/envs/airflow-env/lib/python3.11/site-packages/airflow/example_dags/example_latest_only_with_trigger.py
[2026-04-07T04:19:39.483+0530] {processor.py:914} INFO - Processing file /home/ubantu/miniconda3/envs/airflow-env/lib/python3.11/site-packages/airflow/example_dags/example_latest_only_with_trigger.py for tasks to queue
[2026-04-07T04:19:39.485+0530] {logging_mixin.py:190} INFO - [2026-04-07T04:19:39.484+0530] {dagbag.py:588} INFO - Filling up the DagBag from /home/ubantu/miniconda3/envs/airflow-env/lib/python3.11/site-packages/airflow/example_dags/example_latest_only_with_trigger.py
[2026-04-07T04:19:39.493+0530] {processor.py:925} INFO - DAG(s) 'latest_only_with_trigger' retrieved from /home/ubantu/miniconda3/envs/airflow-env/lib/python3.11/site-packages/airflow/example_dags/example_latest_only_with_trigger.py
[2026-04-07T04:19:39.509+0530] {logging_mixin.py:190} INFO - [2026-04-07T04:19:39.509+0530] {dag.py:3239} INFO - Sync 1 DAGs
[2026-04-07T04:19:39.527+0530] {logging_mixin.py:190} INFO - [2026-04-07T04:19:39.527+0530] {dag.py:4180} INFO - Setting next_dagrun for latest_only_with_trigger to 2026-04-06 16:00:00+00:00, run_after=2026-04-06 20:00:00+00:00
[2026-04-07T04:19:39.545+0530] {processor.py:208} INFO - Processing /home/ubantu/miniconda3/envs/airflow-env/lib/python3.11/site-packages/airflow/example_dags/example_latest_only_with_trigger.py took 0.069 seconds
[2026-04-07T04:20:29.067+0530] {processor.py:186} INFO - Started process (PID=6960) to work on /home/ubantu/miniconda3/envs/airflow-env/lib/python3.11/site-packages/airflow/example_dags/example_latest_only_with_trigger.py
[2026-04-07T04:20:29.068+0530] {processor.py:914} INFO - Processing file /home/ubantu/miniconda3/envs/airflow-env/lib/python3.11/site-packages/airflow/example_dags/example_latest_only_with_trigger.py for tasks to queue
[2026-04-07T04:20:29.070+0530] {logging_mixin.py:190} INFO - [2026-04-07T04:20:29.070+0530] {dagbag.py:588} INFO - Filling up the DagBag from /home/ubantu/miniconda3/envs/airflow-env/lib/python3.11/site-packages/airflow/example_dags/example_latest_only_with_trigger.py
[2026-04-07T04:20:29.079+0530] {processor.py:925} INFO - DAG(s) 'latest_only_with_trigger' retrieved from /home/ubantu/miniconda3/envs/airflow-env/lib/python3.11/site-packages/airflow/example_dags/example_latest_only_with_trigger.py
[2026-04-07T04:20:29.094+0530] {logging_mixin.py:190} INFO - [2026-04-07T04:20:29.094+0530] {dag.py:3239} INFO - Sync 1 DAGs
[2026-04-07T04:20:29.111+0530] {logging_mixin.py:190} INFO - [2026-04-07T04:20:29.111+0530] {dag.py:4180} INFO - Setting next_dagrun for latest_only_with_trigger to 2026-04-06 16:00:00+00:00, run_after=2026-04-06 20:00:00+00:00
[2026-04-07T04:20:29.129+0530] {processor.py:208} INFO - Processing /home/ubantu/miniconda3/envs/airflow-env/lib/python3.11/site-packages/airflow/example_dags/example_latest_only_with_trigger.py took 0.068 seconds
[2026-04-07T04:21:22.100+0530] {processor.py:186} INFO - Started process (PID=7018) to work on /home/ubantu/miniconda3/envs/airflow-env/lib/python3.11/site-packages/airflow/example_dags/example_latest_only_with_trigger.py
[2026-04-07T04:21:22.101+0530] {processor.py:914} INFO - Processing file /home/ubantu/miniconda3/envs/airflow-env/lib/python3.11/site-packages/airflow/example_dags/example_latest_only_with_trigger.py for tasks to queue
[2026-04-07T04:21:22.103+0530] {logging_mixin.py:190} INFO - [2026-04-07T04:21:22.103+0530] {dagbag.py:588} INFO - Filling up the DagBag from /home/ubantu/miniconda3/envs/airflow-env/lib/python3.11/site-packages/airflow/example_dags/example_latest_only_with_trigger.py
[2026-04-07T04:21:22.111+0530] {processor.py:925} INFO - DAG(s) 'latest_only_with_trigger' retrieved from /home/ubantu/miniconda3/envs/airflow-env/lib/python3.11/site-packages/airflow/example_dags/example_latest_only_with_trigger.py
[2026-04-07T04:21:22.126+0530] {logging_mixin.py:190} INFO - [2026-04-07T04:21:22.126+0530] {dag.py:3239} INFO - Sync 1 DAGs
[2026-04-07T04:21:22.143+0530] {logging_mixin.py:190} INFO - [2026-04-07T04:21:22.143+0530] {dag.py:4180} INFO - Setting next_dagrun for latest_only_with_trigger to 2026-04-06 16:00:00+00:00, run_after=2026-04-06 20:00:00+00:00
[2026-04-07T04:21:22.160+0530] {processor.py:208} INFO - Processing /home/ubantu/miniconda3/envs/airflow-env/lib/python3.11/site-packages/airflow/example_dags/example_latest_only_with_trigger.py took 0.065 seconds
[2026-04-07T04:22:16.768+0530] {processor.py:186} INFO - Started process (PID=7082) to work on /home/ubantu/miniconda3/envs/airflow-env/lib/python3.11/site-packages/airflow/example_dags/example_latest_only_with_trigger.py
[2026-04-07T04:22:16.769+0530] {processor.py:914} INFO - Processing file /home/ubantu/miniconda3/envs/airflow-env/lib/python3.11/site-packages/airflow/example_dags/example_latest_only_with_trigger.py for tasks to queue
[2026-04-07T04:22:16.771+0530] {logging_mixin.py:190} INFO - [2026-04-07T04:22:16.771+0530] {dagbag.py:588} INFO - Filling up the DagBag from /home/ubantu/miniconda3/envs/airflow-env/lib/python3.11/site-packages/airflow/example_dags/example_latest_only_with_trigger.py
[2026-04-07T04:22:16.780+0530] {processor.py:925} INFO - DAG(s) 'latest_only_with_trigger' retrieved from /home/ubantu/miniconda3/envs/airflow-env/lib/python3.11/site-packages/airflow/example_dags/example_latest_only_with_trigger.py
[2026-04-07T04:22:16.795+0530] {logging_mixin.py:190} INFO - [2026-04-07T04:22:16.795+0530] {dag.py:3239} INFO - Sync 1 DAGs
[2026-04-07T04:22:16.814+0530] {logging_mixin.py:190} INFO - [2026-04-07T04:22:16.814+0530] {dag.py:4180} INFO - Setting next_dagrun for latest_only_with_trigger to 2026-04-06 16:00:00+00:00, run_after=2026-04-06 20:00:00+00:00
[2026-04-07T04:22:16.831+0530] {processor.py:208} INFO - Processing /home/ubantu/miniconda3/envs/airflow-env/lib/python3.11/site-packages/airflow/example_dags/example_latest_only_with_trigger.py took 0.069 seconds
[2026-04-07T04:23:11.720+0530] {processor.py:186} INFO - Started process (PID=7179) to work on /home/ubantu/miniconda3/envs/airflow-env/lib/python3.11/site-packages/airflow/example_dags/example_latest_only_with_trigger.py
[2026-04-07T04:23:11.722+0530] {processor.py:914} INFO - Processing file /home/ubantu/miniconda3/envs/airflow-env/lib/python3.11/site-packages/airflow/example_dags/example_latest_only_with_trigger.py for tasks to queue
[2026-04-07T04:23:11.725+0530] {logging_mixin.py:190} INFO - [2026-04-07T04:23:11.724+0530] {dagbag.py:588} INFO - Filling up the DagBag from /home/ubantu/miniconda3/envs/airflow-env/lib/python3.11/site-packages/airflow/example_dags/example_latest_only_with_trigger.py
[2026-04-07T04:23:11.737+0530] {processor.py:925} INFO - DAG(s) 'latest_only_with_trigger' retrieved from /home/ubantu/miniconda3/envs/airflow-env/lib/python3.11/site-packages/airflow/example_dags/example_latest_only_with_trigger.py
[2026-04-07T04:23:11.764+0530] {logging_mixin.py:190} INFO - [2026-04-07T04:23:11.764+0530] {dag.py:3239} INFO - Sync 1 DAGs
[2026-04-07T04:23:11.798+0530] {logging_mixin.py:190} INFO - [2026-04-07T04:23:11.797+0530] {dag.py:4180} INFO - Setting next_dagrun for latest_only_with_trigger to 2026-04-06 16:00:00+00:00, run_after=2026-04-06 20:00:00+00:00
[2026-04-07T04:23:11.821+0530] {processor.py:208} INFO - Processing /home/ubantu/miniconda3/envs/airflow-env/lib/python3.11/site-packages/airflow/example_dags/example_latest_only_with_trigger.py took 0.108 seconds
[2026-04-07T04:24:03.232+0530] {processor.py:186} INFO - Started process (PID=7269) to work on /home/ubantu/miniconda3/envs/airflow-env/lib/python3.11/site-packages/airflow/example_dags/example_latest_only_with_trigger.py
[2026-04-07T04:24:03.234+0530] {processor.py:914} INFO - Processing file /home/ubantu/miniconda3/envs/airflow-env/lib/python3.11/site-packages/airflow/example_dags/example_latest_only_with_trigger.py for tasks to queue
[2026-04-07T04:24:03.237+0530] {logging_mixin.py:190} INFO - [2026-04-07T04:24:03.236+0530] {dagbag.py:588} INFO - Filling up the DagBag from /home/ubantu/miniconda3/envs/airflow-env/lib/python3.11/site-packages/airflow/example_dags/example_latest_only_with_trigger.py
[2026-04-07T04:24:03.251+0530] {processor.py:925} INFO - DAG(s) 'latest_only_with_trigger' retrieved from /home/ubantu/miniconda3/envs/airflow-env/lib/python3.11/site-packages/airflow/example_dags/example_latest_only_with_trigger.py
[2026-04-07T04:24:03.276+0530] {logging_mixin.py:190} INFO - [2026-04-07T04:24:03.276+0530] {dag.py:3239} INFO - Sync 1 DAGs
[2026-04-07T04:24:03.295+0530] {logging_mixin.py:190} INFO - [2026-04-07T04:24:03.294+0530] {dag.py:4180} INFO - Setting next_dagrun for latest_only_with_trigger to 2026-04-06 16:00:00+00:00, run_after=2026-04-06 20:00:00+00:00
[2026-04-07T04:24:03.313+0530] {processor.py:208} INFO - Processing /home/ubantu/miniconda3/envs/airflow-env/lib/python3.11/site-packages/airflow/example_dags/example_latest_only_with_trigger.py took 0.091 seconds
[2026-04-07T04:24:55.118+0530] {processor.py:186} INFO - Started process (PID=7352) to work on /home/ubantu/miniconda3/envs/airflow-env/lib/python3.11/site-packages/airflow/example_dags/example_latest_only_with_trigger.py
[2026-04-07T04:24:55.119+0530] {processor.py:914} INFO - Processing file /home/ubantu/miniconda3/envs/airflow-env/lib/python3.11/site-packages/airflow/example_dags/example_latest_only_with_trigger.py for tasks to queue
[2026-04-07T04:24:55.121+0530] {logging_mixin.py:190} INFO - [2026-04-07T04:24:55.121+0530] {dagbag.py:588} INFO - Filling up the DagBag from /home/ubantu/miniconda3/envs/airflow-env/lib/python3.11/site-packages/airflow/example_dags/example_latest_only_with_trigger.py
[2026-04-07T04:24:55.130+0530] {processor.py:925} INFO - DAG(s) 'latest_only_with_trigger' retrieved from /home/ubantu/miniconda3/envs/airflow-env/lib/python3.11/site-packages/airflow/example_dags/example_latest_only_with_trigger.py
[2026-04-07T04:24:55.145+0530] {logging_mixin.py:190} INFO - [2026-04-07T04:24:55.145+0530] {dag.py:3239} INFO - Sync 1 DAGs
[2026-04-07T04:24:55.163+0530] {logging_mixin.py:190} INFO - [2026-04-07T04:24:55.163+0530] {dag.py:4180} INFO - Setting next_dagrun for latest_only_with_trigger to 2026-04-06 16:00:00+00:00, run_after=2026-04-06 20:00:00+00:00
[2026-04-07T04:24:55.181+0530] {processor.py:208} INFO - Processing /home/ubantu/miniconda3/envs/airflow-env/lib/python3.11/site-packages/airflow/example_dags/example_latest_only_with_trigger.py took 0.068 seconds
[2026-04-07T04:25:49.972+0530] {processor.py:186} INFO - Started process (PID=7447) to work on /home/ubantu/miniconda3/envs/airflow-env/lib/python3.11/site-packages/airflow/example_dags/example_latest_only_with_trigger.py
[2026-04-07T04:25:49.973+0530] {processor.py:914} INFO - Processing file /home/ubantu/miniconda3/envs/airflow-env/lib/python3.11/site-packages/airflow/example_dags/example_latest_only_with_trigger.py for tasks to queue
[2026-04-07T04:25:49.975+0530] {logging_mixin.py:190} INFO - [2026-04-07T04:25:49.975+0530] {dagbag.py:588} INFO - Filling up the DagBag from /home/ubantu/miniconda3/envs/airflow-env/lib/python3.11/site-packages/airflow/example_dags/example_latest_only_with_trigger.py
[2026-04-07T04:25:49.985+0530] {processor.py:925} INFO - DAG(s) 'latest_only_with_trigger' retrieved from /home/ubantu/miniconda3/envs/airflow-env/lib/python3.11/site-packages/airflow/example_dags/example_latest_only_with_trigger.py
[2026-04-07T04:25:50.003+0530] {logging_mixin.py:190} INFO - [2026-04-07T04:25:50.002+0530] {dag.py:3239} INFO - Sync 1 DAGs
[2026-04-07T04:25:50.024+0530] {logging_mixin.py:190} INFO - [2026-04-07T04:25:50.023+0530] {dag.py:4180} INFO - Setting next_dagrun for latest_only_with_trigger to 2026-04-06 16:00:00+00:00, run_after=2026-04-06 20:00:00+00:00
[2026-04-07T04:25:50.045+0530] {processor.py:208} INFO - Processing /home/ubantu/miniconda3/envs/airflow-env/lib/python3.11/site-packages/airflow/example_dags/example_latest_only_with_trigger.py took 0.080 seconds
[2026-04-07T04:26:45.077+0530] {processor.py:186} INFO - Started process (PID=7513) to work on /home/ubantu/miniconda3/envs/airflow-env/lib/python3.11/site-packages/airflow/example_dags/example_latest_only_with_trigger.py
[2026-04-07T04:26:45.078+0530] {processor.py:914} INFO - Processing file /home/ubantu/miniconda3/envs/airflow-env/lib/python3.11/site-packages/airflow/example_dags/example_latest_only_with_trigger.py for tasks to queue
[2026-04-07T04:26:45.080+0530] {logging_mixin.py:190} INFO - [2026-04-07T04:26:45.080+0530] {dagbag.py:588} INFO - Filling up the DagBag from /home/ubantu/miniconda3/envs/airflow-env/lib/python3.11/site-packages/airflow/example_dags/example_latest_only_with_trigger.py
[2026-04-07T04:26:45.087+0530] {processor.py:925} INFO - DAG(s) 'latest_only_with_trigger' retrieved from /home/ubantu/miniconda3/envs/airflow-env/lib/python3.11/site-packages/airflow/example_dags/example_latest_only_with_trigger.py
[2026-04-07T04:26:45.100+0530] {logging_mixin.py:190} INFO - [2026-04-07T04:26:45.100+0530] {dag.py:3239} INFO - Sync 1 DAGs
[2026-04-07T04:26:45.119+0530] {logging_mixin.py:190} INFO - [2026-04-07T04:26:45.119+0530] {dag.py:4180} INFO - Setting next_dagrun for latest_only_with_trigger to 2026-04-06 16:00:00+00:00, run_after=2026-04-06 20:00:00+00:00
[2026-04-07T04:26:45.140+0530] {processor.py:208} INFO - Processing /home/ubantu/miniconda3/envs/airflow-env/lib/python3.11/site-packages/airflow/example_dags/example_latest_only_with_trigger.py took 0.068 seconds
[2026-04-07T04:27:39.461+0530] {processor.py:186} INFO - Started process (PID=7577) to work on /home/ubantu/miniconda3/envs/airflow-env/lib/python3.11/site-packages/airflow/example_dags/example_latest_only_with_trigger.py
[2026-04-07T04:27:39.462+0530] {processor.py:914} INFO - Processing file /home/ubantu/miniconda3/envs/airflow-env/lib/python3.11/site-packages/airflow/example_dags/example_latest_only_with_trigger.py for tasks to queue
[2026-04-07T04:27:39.465+0530] {logging_mixin.py:190} INFO - [2026-04-07T04:27:39.464+0530] {dagbag.py:588} INFO - Filling up the DagBag from /home/ubantu/miniconda3/envs/airflow-env/lib/python3.11/site-packages/airflow/example_dags/example_latest_only_with_trigger.py
[2026-04-07T04:27:39.475+0530] {processor.py:925} INFO - DAG(s) 'latest_only_with_trigger' retrieved from /home/ubantu/miniconda3/envs/airflow-env/lib/python3.11/site-packages/airflow/example_dags/example_latest_only_with_trigger.py
[2026-04-07T04:27:39.496+0530] {logging_mixin.py:190} INFO - [2026-04-07T04:27:39.495+0530] {dag.py:3239} INFO - Sync 1 DAGs
[2026-04-07T04:27:39.519+0530] {logging_mixin.py:190} INFO - [2026-04-07T04:27:39.519+0530] {dag.py:4180} INFO - Setting next_dagrun for latest_only_with_trigger to 2026-04-06 16:00:00+00:00, run_after=2026-04-06 20:00:00+00:00
[2026-04-07T04:27:39.537+0530] {processor.py:208} INFO - Processing /home/ubantu/miniconda3/envs/airflow-env/lib/python3.11/site-packages/airflow/example_dags/example_latest_only_with_trigger.py took 0.084 seconds
[2026-04-07T04:28:28.839+0530] {processor.py:186} INFO - Started process (PID=7641) to work on /home/ubantu/miniconda3/envs/airflow-env/lib/python3.11/site-packages/airflow/example_dags/example_latest_only_with_trigger.py
[2026-04-07T04:28:28.840+0530] {processor.py:914} INFO - Processing file /home/ubantu/miniconda3/envs/airflow-env/lib/python3.11/site-packages/airflow/example_dags/example_latest_only_with_trigger.py for tasks to queue
[2026-04-07T04:28:28.842+0530] {logging_mixin.py:190} INFO - [2026-04-07T04:28:28.841+0530] {dagbag.py:588} INFO - Filling up the DagBag from /home/ubantu/miniconda3/envs/airflow-env/lib/python3.11/site-packages/airflow/example_dags/example_latest_only_with_trigger.py
[2026-04-07T04:28:28.849+0530] {processor.py:925} INFO - DAG(s) 'latest_only_with_trigger' retrieved from /home/ubantu/miniconda3/envs/airflow-env/lib/python3.11/site-packages/airflow/example_dags/example_latest_only_with_trigger.py
[2026-04-07T04:28:28.864+0530] {logging_mixin.py:190} INFO - [2026-04-07T04:28:28.863+0530] {dag.py:3239} INFO - Sync 1 DAGs
[2026-04-07T04:28:28.882+0530] {logging_mixin.py:190} INFO - [2026-04-07T04:28:28.881+0530] {dag.py:4180} INFO - Setting next_dagrun for latest_only_with_trigger to 2026-04-06 16:00:00+00:00, run_after=2026-04-06 20:00:00+00:00
[2026-04-07T04:28:28.900+0530] {processor.py:208} INFO - Processing /home/ubantu/miniconda3/envs/airflow-env/lib/python3.11/site-packages/airflow/example_dags/example_latest_only_with_trigger.py took 0.067 seconds
[2026-04-07T04:29:23.334+0530] {processor.py:186} INFO - Started process (PID=7709) to work on /home/ubantu/miniconda3/envs/airflow-env/lib/python3.11/site-packages/airflow/example_dags/example_latest_only_with_trigger.py
[2026-04-07T04:29:23.336+0530] {processor.py:914} INFO - Processing file /home/ubantu/miniconda3/envs/airflow-env/lib/python3.11/site-packages/airflow/example_dags/example_latest_only_with_trigger.py for tasks to queue
[2026-04-07T04:29:23.338+0530] {logging_mixin.py:190} INFO - [2026-04-07T04:29:23.338+0530] {dagbag.py:588} INFO - Filling up the DagBag from /home/ubantu/miniconda3/envs/airflow-env/lib/python3.11/site-packages/airflow/example_dags/example_latest_only_with_trigger.py
[2026-04-07T04:29:23.345+0530] {processor.py:925} INFO - DAG(s) 'latest_only_with_trigger' retrieved from /home/ubantu/miniconda3/envs/airflow-env/lib/python3.11/site-packages/airflow/example_dags/example_latest_only_with_trigger.py
[2026-04-07T04:29:23.359+0530] {logging_mixin.py:190} INFO - [2026-04-07T04:29:23.359+0530] {dag.py:3239} INFO - Sync 1 DAGs
[2026-04-07T04:29:23.377+0530] {logging_mixin.py:190} INFO - [2026-04-07T04:29:23.376+0530] {dag.py:4180} INFO - Setting next_dagrun for latest_only_with_trigger to 2026-04-06 16:00:00+00:00, run_after=2026-04-06 20:00:00+00:00
[2026-04-07T04:29:23.416+0530] {processor.py:208} INFO - Processing /home/ubantu/miniconda3/envs/airflow-env/lib/python3.11/site-packages/airflow/example_dags/example_latest_only_with_trigger.py took 0.087 seconds
[2026-04-07T04:30:21.179+0530] {processor.py:186} INFO - Started process (PID=7776) to work on /home/ubantu/miniconda3/envs/airflow-env/lib/python3.11/site-packages/airflow/example_dags/example_latest_only_with_trigger.py
[2026-04-07T04:30:21.182+0530] {processor.py:914} INFO - Processing file /home/ubantu/miniconda3/envs/airflow-env/lib/python3.11/site-packages/airflow/example_dags/example_latest_only_with_trigger.py for tasks to queue
[2026-04-07T04:30:21.184+0530] {logging_mixin.py:190} INFO - [2026-04-07T04:30:21.183+0530] {dagbag.py:588} INFO - Filling up the DagBag from /home/ubantu/miniconda3/envs/airflow-env/lib/python3.11/site-packages/airflow/example_dags/example_latest_only_with_trigger.py
[2026-04-07T04:30:21.190+0530] {processor.py:925} INFO - DAG(s) 'latest_only_with_trigger' retrieved from /home/ubantu/miniconda3/envs/airflow-env/lib/python3.11/site-packages/airflow/example_dags/example_latest_only_with_trigger.py
[2026-04-07T04:30:21.204+0530] {logging_mixin.py:190} INFO - [2026-04-07T04:30:21.203+0530] {dag.py:3239} INFO - Sync 1 DAGs
[2026-04-07T04:30:21.220+0530] {logging_mixin.py:190} INFO - [2026-04-07T04:30:21.220+0530] {dag.py:4180} INFO - Setting next_dagrun for latest_only_with_trigger to 2026-04-06 16:00:00+00:00, run_after=2026-04-06 20:00:00+00:00
[2026-04-07T04:30:21.259+0530] {processor.py:208} INFO - Processing /home/ubantu/miniconda3/envs/airflow-env/lib/python3.11/site-packages/airflow/example_dags/example_latest_only_with_trigger.py took 0.085 seconds
[2026-04-07T04:31:19.183+0530] {processor.py:186} INFO - Started process (PID=7844) to work on /home/ubantu/miniconda3/envs/airflow-env/lib/python3.11/site-packages/airflow/example_dags/example_latest_only_with_trigger.py
[2026-04-07T04:31:19.186+0530] {processor.py:914} INFO - Processing file /home/ubantu/miniconda3/envs/airflow-env/lib/python3.11/site-packages/airflow/example_dags/example_latest_only_with_trigger.py for tasks to queue
[2026-04-07T04:31:19.189+0530] {logging_mixin.py:190} INFO - [2026-04-07T04:31:19.188+0530] {dagbag.py:588} INFO - Filling up the DagBag from /home/ubantu/miniconda3/envs/airflow-env/lib/python3.11/site-packages/airflow/example_dags/example_latest_only_with_trigger.py
[2026-04-07T04:31:19.199+0530] {processor.py:925} INFO - DAG(s) 'latest_only_with_trigger' retrieved from /home/ubantu/miniconda3/envs/airflow-env/lib/python3.11/site-packages/airflow/example_dags/example_latest_only_with_trigger.py
[2026-04-07T04:31:19.217+0530] {logging_mixin.py:190} INFO - [2026-04-07T04:31:19.217+0530] {dag.py:3239} INFO - Sync 1 DAGs
[2026-04-07T04:31:19.235+0530] {logging_mixin.py:190} INFO - [2026-04-07T04:31:19.234+0530] {dag.py:4180} INFO - Setting next_dagrun for latest_only_with_trigger to 2026-04-06 16:00:00+00:00, run_after=2026-04-06 20:00:00+00:00
[2026-04-07T04:31:19.275+0530] {processor.py:208} INFO - Processing /home/ubantu/miniconda3/envs/airflow-env/lib/python3.11/site-packages/airflow/example_dags/example_latest_only_with_trigger.py took 0.100 seconds
[2026-04-07T04:32:17.070+0530] {processor.py:186} INFO - Started process (PID=7912) to work on /home/ubantu/miniconda3/envs/airflow-env/lib/python3.11/site-packages/airflow/example_dags/example_latest_only_with_trigger.py
[2026-04-07T04:32:17.073+0530] {processor.py:914} INFO - Processing file /home/ubantu/miniconda3/envs/airflow-env/lib/python3.11/site-packages/airflow/example_dags/example_latest_only_with_trigger.py for tasks to queue
[2026-04-07T04:32:17.075+0530] {logging_mixin.py:190} INFO - [2026-04-07T04:32:17.075+0530] {dagbag.py:588} INFO - Filling up the DagBag from /home/ubantu/miniconda3/envs/airflow-env/lib/python3.11/site-packages/airflow/example_dags/example_latest_only_with_trigger.py
[2026-04-07T04:32:17.085+0530] {processor.py:925} INFO - DAG(s) 'latest_only_with_trigger' retrieved from /home/ubantu/miniconda3/envs/airflow-env/lib/python3.11/site-packages/airflow/example_dags/example_latest_only_with_trigger.py
[2026-04-07T04:32:17.105+0530] {logging_mixin.py:190} INFO - [2026-04-07T04:32:17.104+0530] {dag.py:3239} INFO - Sync 1 DAGs
[2026-04-07T04:32:17.127+0530] {logging_mixin.py:190} INFO - [2026-04-07T04:32:17.127+0530] {dag.py:4180} INFO - Setting next_dagrun for latest_only_with_trigger to 2026-04-06 16:00:00+00:00, run_after=2026-04-06 20:00:00+00:00
[2026-04-07T04:32:17.170+0530] {processor.py:208} INFO - Processing /home/ubantu/miniconda3/envs/airflow-env/lib/python3.11/site-packages/airflow/example_dags/example_latest_only_with_trigger.py took 0.107 seconds
[2026-04-07T04:33:13.586+0530] {processor.py:186} INFO - Started process (PID=7987) to work on /home/ubantu/miniconda3/envs/airflow-env/lib/python3.11/site-packages/airflow/example_dags/example_latest_only_with_trigger.py
[2026-04-07T04:33:13.587+0530] {processor.py:914} INFO - Processing file /home/ubantu/miniconda3/envs/airflow-env/lib/python3.11/site-packages/airflow/example_dags/example_latest_only_with_trigger.py for tasks to queue
[2026-04-07T04:33:13.589+0530] {logging_mixin.py:190} INFO - [2026-04-07T04:33:13.589+0530] {dagbag.py:588} INFO - Filling up the DagBag from /home/ubantu/miniconda3/envs/airflow-env/lib/python3.11/site-packages/airflow/example_dags/example_latest_only_with_trigger.py
[2026-04-07T04:33:13.597+0530] {processor.py:925} INFO - DAG(s) 'latest_only_with_trigger' retrieved from /home/ubantu/miniconda3/envs/airflow-env/lib/python3.11/site-packages/airflow/example_dags/example_latest_only_with_trigger.py
[2026-04-07T04:33:13.612+0530] {logging_mixin.py:190} INFO - [2026-04-07T04:33:13.612+0530] {dag.py:3239} INFO - Sync 1 DAGs
[2026-04-07T04:33:13.630+0530] {logging_mixin.py:190} INFO - [2026-04-07T04:33:13.630+0530] {dag.py:4180} INFO - Setting next_dagrun for latest_only_with_trigger to 2026-04-06 16:00:00+00:00, run_after=2026-04-06 20:00:00+00:00
[2026-04-07T04:33:13.648+0530] {processor.py:208} INFO - Processing /home/ubantu/miniconda3/envs/airflow-env/lib/python3.11/site-packages/airflow/example_dags/example_latest_only_with_trigger.py took 0.068 seconds
[2026-04-07T04:34:08.496+0530] {processor.py:186} INFO - Started process (PID=8170) to work on /home/ubantu/miniconda3/envs/airflow-env/lib/python3.11/site-packages/airflow/example_dags/example_latest_only_with_trigger.py
[2026-04-07T04:34:08.497+0530] {processor.py:914} INFO - Processing file /home/ubantu/miniconda3/envs/airflow-env/lib/python3.11/site-packages/airflow/example_dags/example_latest_only_with_trigger.py for tasks to queue
[2026-04-07T04:34:08.500+0530] {logging_mixin.py:190} INFO - [2026-04-07T04:34:08.499+0530] {dagbag.py:588} INFO - Filling up the DagBag from /home/ubantu/miniconda3/envs/airflow-env/lib/python3.11/site-packages/airflow/example_dags/example_latest_only_with_trigger.py
[2026-04-07T04:34:08.508+0530] {processor.py:925} INFO - DAG(s) 'latest_only_with_trigger' retrieved from /home/ubantu/miniconda3/envs/airflow-env/lib/python3.11/site-packages/airflow/example_dags/example_latest_only_with_trigger.py
[2026-04-07T04:34:08.526+0530] {logging_mixin.py:190} INFO - [2026-04-07T04:34:08.525+0530] {dag.py:3239} INFO - Sync 1 DAGs
[2026-04-07T04:34:08.543+0530] {logging_mixin.py:190} INFO - [2026-04-07T04:34:08.543+0530] {dag.py:4180} INFO - Setting next_dagrun for latest_only_with_trigger to 2026-04-06 16:00:00+00:00, run_after=2026-04-06 20:00:00+00:00
[2026-04-07T04:34:08.561+0530] {processor.py:208} INFO - Processing /home/ubantu/miniconda3/envs/airflow-env/lib/python3.11/site-packages/airflow/example_dags/example_latest_only_with_trigger.py took 0.071 seconds
[2026-04-07T04:35:03.132+0530] {processor.py:186} INFO - Started process (PID=8242) to work on /home/ubantu/miniconda3/envs/airflow-env/lib/python3.11/site-packages/airflow/example_dags/example_latest_only_with_trigger.py
[2026-04-07T04:35:03.133+0530] {processor.py:914} INFO - Processing file /home/ubantu/miniconda3/envs/airflow-env/lib/python3.11/site-packages/airflow/example_dags/example_latest_only_with_trigger.py for tasks to queue
[2026-04-07T04:35:03.136+0530] {logging_mixin.py:190} INFO - [2026-04-07T04:35:03.135+0530] {dagbag.py:588} INFO - Filling up the DagBag from /home/ubantu/miniconda3/envs/airflow-env/lib/python3.11/site-packages/airflow/example_dags/example_latest_only_with_trigger.py
[2026-04-07T04:35:03.145+0530] {processor.py:925} INFO - DAG(s) 'latest_only_with_trigger' retrieved from /home/ubantu/miniconda3/envs/airflow-env/lib/python3.11/site-packages/airflow/example_dags/example_latest_only_with_trigger.py
[2026-04-07T04:35:03.163+0530] {logging_mixin.py:190} INFO - [2026-04-07T04:35:03.163+0530] {dag.py:3239} INFO - Sync 1 DAGs
[2026-04-07T04:35:03.187+0530] {logging_mixin.py:190} INFO - [2026-04-07T04:35:03.187+0530] {dag.py:4180} INFO - Setting next_dagrun for latest_only_with_trigger to 2026-04-06 16:00:00+00:00, run_after=2026-04-06 20:00:00+00:00
[2026-04-07T04:35:03.212+0530] {processor.py:208} INFO - Processing /home/ubantu/miniconda3/envs/airflow-env/lib/python3.11/site-packages/airflow/example_dags/example_latest_only_with_trigger.py took 0.087 seconds
[2026-04-07T04:35:54.827+0530] {processor.py:186} INFO - Started process (PID=8307) to work on /home/ubantu/miniconda3/envs/airflow-env/lib/python3.11/site-packages/airflow/example_dags/example_latest_only_with_trigger.py
[2026-04-07T04:35:54.828+0530] {processor.py:914} INFO - Processing file /home/ubantu/miniconda3/envs/airflow-env/lib/python3.11/site-packages/airflow/example_dags/example_latest_only_with_trigger.py for tasks to queue
[2026-04-07T04:35:54.831+0530] {logging_mixin.py:190} INFO - [2026-04-07T04:35:54.830+0530] {dagbag.py:588} INFO - Filling up the DagBag from /home/ubantu/miniconda3/envs/airflow-env/lib/python3.11/site-packages/airflow/example_dags/example_latest_only_with_trigger.py
[2026-04-07T04:35:54.839+0530] {processor.py:925} INFO - DAG(s) 'latest_only_with_trigger' retrieved from /home/ubantu/miniconda3/envs/airflow-env/lib/python3.11/site-packages/airflow/example_dags/example_latest_only_with_trigger.py
[2026-04-07T04:35:54.856+0530] {logging_mixin.py:190} INFO - [2026-04-07T04:35:54.855+0530] {dag.py:3239} INFO - Sync 1 DAGs
[2026-04-07T04:35:54.874+0530] {logging_mixin.py:190} INFO - [2026-04-07T04:35:54.874+0530] {dag.py:4180} INFO - Setting next_dagrun for latest_only_with_trigger to 2026-04-06 16:00:00+00:00, run_after=2026-04-06 20:00:00+00:00
[2026-04-07T04:35:54.891+0530] {processor.py:208} INFO - Processing /home/ubantu/miniconda3/envs/airflow-env/lib/python3.11/site-packages/airflow/example_dags/example_latest_only_with_trigger.py took 0.070 seconds
[2026-04-07T04:36:50.558+0530] {processor.py:186} INFO - Started process (PID=8382) to work on /home/ubantu/miniconda3/envs/airflow-env/lib/python3.11/site-packages/airflow/example_dags/example_latest_only_with_trigger.py
[2026-04-07T04:36:50.558+0530] {processor.py:914} INFO - Processing file /home/ubantu/miniconda3/envs/airflow-env/lib/python3.11/site-packages/airflow/example_dags/example_latest_only_with_trigger.py for tasks to queue
[2026-04-07T04:36:50.560+0530] {logging_mixin.py:190} INFO - [2026-04-07T04:36:50.560+0530] {dagbag.py:588} INFO - Filling up the DagBag from /home/ubantu/miniconda3/envs/airflow-env/lib/python3.11/site-packages/airflow/example_dags/example_latest_only_with_trigger.py
[2026-04-07T04:36:50.568+0530] {processor.py:925} INFO - DAG(s) 'latest_only_with_trigger' retrieved from /home/ubantu/miniconda3/envs/airflow-env/lib/python3.11/site-packages/airflow/example_dags/example_latest_only_with_trigger.py
[2026-04-07T04:36:50.583+0530] {logging_mixin.py:190} INFO - [2026-04-07T04:36:50.582+0530] {dag.py:3239} INFO - Sync 1 DAGs
[2026-04-07T04:36:50.601+0530] {logging_mixin.py:190} INFO - [2026-04-07T04:36:50.600+0530] {dag.py:4180} INFO - Setting next_dagrun for latest_only_with_trigger to 2026-04-06 16:00:00+00:00, run_after=2026-04-06 20:00:00+00:00
[2026-04-07T04:36:50.619+0530] {processor.py:208} INFO - Processing /home/ubantu/miniconda3/envs/airflow-env/lib/python3.11/site-packages/airflow/example_dags/example_latest_only_with_trigger.py took 0.067 seconds
[2026-04-07T04:37:43.883+0530] {processor.py:186} INFO - Started process (PID=8474) to work on /home/ubantu/miniconda3/envs/airflow-env/lib/python3.11/site-packages/airflow/example_dags/example_latest_only_with_trigger.py
[2026-04-07T04:37:43.884+0530] {processor.py:914} INFO - Processing file /home/ubantu/miniconda3/envs/airflow-env/lib/python3.11/site-packages/airflow/example_dags/example_latest_only_with_trigger.py for tasks to queue
[2026-04-07T04:37:43.886+0530] {logging_mixin.py:190} INFO - [2026-04-07T04:37:43.885+0530] {dagbag.py:588} INFO - Filling up the DagBag from /home/ubantu/miniconda3/envs/airflow-env/lib/python3.11/site-packages/airflow/example_dags/example_latest_only_with_trigger.py
[2026-04-07T04:37:43.898+0530] {processor.py:925} INFO - DAG(s) 'latest_only_with_trigger' retrieved from /home/ubantu/miniconda3/envs/airflow-env/lib/python3.11/site-packages/airflow/example_dags/example_latest_only_with_trigger.py
[2026-04-07T04:37:43.918+0530] {logging_mixin.py:190} INFO - [2026-04-07T04:37:43.917+0530] {dag.py:3239} INFO - Sync 1 DAGs
[2026-04-07T04:37:43.936+0530] {logging_mixin.py:190} INFO - [2026-04-07T04:37:43.936+0530] {dag.py:4180} INFO - Setting next_dagrun for latest_only_with_trigger to 2026-04-06 16:00:00+00:00, run_after=2026-04-06 20:00:00+00:00
[2026-04-07T04:37:43.954+0530] {processor.py:208} INFO - Processing /home/ubantu/miniconda3/envs/airflow-env/lib/python3.11/site-packages/airflow/example_dags/example_latest_only_with_trigger.py took 0.079 seconds
[2026-04-07T04:38:50.074+0530] {processor.py:186} INFO - Started process (PID=8579) to work on /home/ubantu/miniconda3/envs/airflow-env/lib/python3.11/site-packages/airflow/example_dags/example_latest_only_with_trigger.py
[2026-04-07T04:38:50.075+0530] {processor.py:914} INFO - Processing file /home/ubantu/miniconda3/envs/airflow-env/lib/python3.11/site-packages/airflow/example_dags/example_latest_only_with_trigger.py for tasks to queue
[2026-04-07T04:38:50.076+0530] {logging_mixin.py:190} INFO - [2026-04-07T04:38:50.075+0530] {dagbag.py:588} INFO - Filling up the DagBag from /home/ubantu/miniconda3/envs/airflow-env/lib/python3.11/site-packages/airflow/example_dags/example_latest_only_with_trigger.py
[2026-04-07T04:38:50.084+0530] {processor.py:925} INFO - DAG(s) 'latest_only_with_trigger' retrieved from /home/ubantu/miniconda3/envs/airflow-env/lib/python3.11/site-packages/airflow/example_dags/example_latest_only_with_trigger.py
[2026-04-07T04:38:50.097+0530] {logging_mixin.py:190} INFO - [2026-04-07T04:38:50.097+0530] {dag.py:3239} INFO - Sync 1 DAGs
[2026-04-07T04:38:50.114+0530] {logging_mixin.py:190} INFO - [2026-04-07T04:38:50.113+0530] {dag.py:4180} INFO - Setting next_dagrun for latest_only_with_trigger to 2026-04-06 16:00:00+00:00, run_after=2026-04-06 20:00:00+00:00
[2026-04-07T04:38:50.132+0530] {processor.py:208} INFO - Processing /home/ubantu/miniconda3/envs/airflow-env/lib/python3.11/site-packages/airflow/example_dags/example_latest_only_with_trigger.py took 0.065 seconds
[2026-04-07T04:39:46.712+0530] {processor.py:186} INFO - Started process (PID=8662) to work on /home/ubantu/miniconda3/envs/airflow-env/lib/python3.11/site-packages/airflow/example_dags/example_latest_only_with_trigger.py
[2026-04-07T04:39:46.714+0530] {processor.py:914} INFO - Processing file /home/ubantu/miniconda3/envs/airflow-env/lib/python3.11/site-packages/airflow/example_dags/example_latest_only_with_trigger.py for tasks to queue
[2026-04-07T04:39:46.715+0530] {logging_mixin.py:190} INFO - [2026-04-07T04:39:46.715+0530] {dagbag.py:588} INFO - Filling up the DagBag from /home/ubantu/miniconda3/envs/airflow-env/lib/python3.11/site-packages/airflow/example_dags/example_latest_only_with_trigger.py
[2026-04-07T04:39:46.724+0530] {processor.py:925} INFO - DAG(s) 'latest_only_with_trigger' retrieved from /home/ubantu/miniconda3/envs/airflow-env/lib/python3.11/site-packages/airflow/example_dags/example_latest_only_with_trigger.py
[2026-04-07T04:39:46.738+0530] {logging_mixin.py:190} INFO - [2026-04-07T04:39:46.738+0530] {dag.py:3239} INFO - Sync 1 DAGs
[2026-04-07T04:39:46.755+0530] {logging_mixin.py:190} INFO - [2026-04-07T04:39:46.754+0530] {dag.py:4180} INFO - Setting next_dagrun for latest_only_with_trigger to 2026-04-06 16:00:00+00:00, run_after=2026-04-06 20:00:00+00:00
[2026-04-07T04:39:46.772+0530] {processor.py:208} INFO - Processing /home/ubantu/miniconda3/envs/airflow-env/lib/python3.11/site-packages/airflow/example_dags/example_latest_only_with_trigger.py took 0.066 seconds
[2026-04-07T04:40:43.530+0530] {processor.py:186} INFO - Started process (PID=8732) to work on /home/ubantu/miniconda3/envs/airflow-env/lib/python3.11/site-packages/airflow/example_dags/example_latest_only_with_trigger.py
[2026-04-07T04:40:43.531+0530] {processor.py:914} INFO - Processing file /home/ubantu/miniconda3/envs/airflow-env/lib/python3.11/site-packages/airflow/example_dags/example_latest_only_with_trigger.py for tasks to queue
[2026-04-07T04:40:43.532+0530] {logging_mixin.py:190} INFO - [2026-04-07T04:40:43.532+0530] {dagbag.py:588} INFO - Filling up the DagBag from /home/ubantu/miniconda3/envs/airflow-env/lib/python3.11/site-packages/airflow/example_dags/example_latest_only_with_trigger.py
[2026-04-07T04:40:43.542+0530] {processor.py:925} INFO - DAG(s) 'latest_only_with_trigger' retrieved from /home/ubantu/miniconda3/envs/airflow-env/lib/python3.11/site-packages/airflow/example_dags/example_latest_only_with_trigger.py
[2026-04-07T04:40:43.558+0530] {logging_mixin.py:190} INFO - [2026-04-07T04:40:43.558+0530] {dag.py:3239} INFO - Sync 1 DAGs
[2026-04-07T04:40:43.577+0530] {logging_mixin.py:190} INFO - [2026-04-07T04:40:43.577+0530] {dag.py:4180} INFO - Setting next_dagrun for latest_only_with_trigger to 2026-04-06 16:00:00+00:00, run_after=2026-04-06 20:00:00+00:00
[2026-04-07T04:40:43.597+0530] {processor.py:208} INFO - Processing /home/ubantu/miniconda3/envs/airflow-env/lib/python3.11/site-packages/airflow/example_dags/example_latest_only_with_trigger.py took 0.073 seconds
[2026-04-07T04:41:35.247+0530] {processor.py:186} INFO - Started process (PID=8896) to work on /home/ubantu/miniconda3/envs/airflow-env/lib/python3.11/site-packages/airflow/example_dags/example_latest_only_with_trigger.py
[2026-04-07T04:41:35.248+0530] {processor.py:914} INFO - Processing file /home/ubantu/miniconda3/envs/airflow-env/lib/python3.11/site-packages/airflow/example_dags/example_latest_only_with_trigger.py for tasks to queue
[2026-04-07T04:41:35.251+0530] {logging_mixin.py:190} INFO - [2026-04-07T04:41:35.250+0530] {dagbag.py:588} INFO - Filling up the DagBag from /home/ubantu/miniconda3/envs/airflow-env/lib/python3.11/site-packages/airflow/example_dags/example_latest_only_with_trigger.py
[2026-04-07T04:41:35.260+0530] {processor.py:925} INFO - DAG(s) 'latest_only_with_trigger' retrieved from /home/ubantu/miniconda3/envs/airflow-env/lib/python3.11/site-packages/airflow/example_dags/example_latest_only_with_trigger.py
[2026-04-07T04:41:35.278+0530] {logging_mixin.py:190} INFO - [2026-04-07T04:41:35.278+0530] {dag.py:3239} INFO - Sync 1 DAGs
[2026-04-07T04:41:35.297+0530] {logging_mixin.py:190} INFO - [2026-04-07T04:41:35.296+0530] {dag.py:4180} INFO - Setting next_dagrun for latest_only_with_trigger to 2026-04-06 16:00:00+00:00, run_after=2026-04-06 20:00:00+00:00
[2026-04-07T04:41:35.315+0530] {processor.py:208} INFO - Processing /home/ubantu/miniconda3/envs/airflow-env/lib/python3.11/site-packages/airflow/example_dags/example_latest_only_with_trigger.py took 0.075 seconds
[2026-04-07T04:41:41.907+0530] {processor.py:186} INFO - Started process (PID=8910) to work on /home/ubantu/miniconda3/envs/airflow-env/lib/python3.11/site-packages/airflow/example_dags/example_latest_only_with_trigger.py
[2026-04-07T04:41:41.909+0530] {processor.py:914} INFO - Processing file /home/ubantu/miniconda3/envs/airflow-env/lib/python3.11/site-packages/airflow/example_dags/example_latest_only_with_trigger.py for tasks to queue
[2026-04-07T04:41:41.910+0530] {logging_mixin.py:190} INFO - [2026-04-07T04:41:41.910+0530] {dagbag.py:588} INFO - Filling up the DagBag from /home/ubantu/miniconda3/envs/airflow-env/lib/python3.11/site-packages/airflow/example_dags/example_latest_only_with_trigger.py
[2026-04-07T04:41:41.922+0530] {processor.py:925} INFO - DAG(s) 'latest_only_with_trigger' retrieved from /home/ubantu/miniconda3/envs/airflow-env/lib/python3.11/site-packages/airflow/example_dags/example_latest_only_with_trigger.py
[2026-04-07T04:41:41.944+0530] {logging_mixin.py:190} INFO - [2026-04-07T04:41:41.944+0530] {dag.py:3239} INFO - Sync 1 DAGs
[2026-04-07T04:41:41.963+0530] {logging_mixin.py:190} INFO - [2026-04-07T04:41:41.963+0530] {dag.py:4180} INFO - Setting next_dagrun for latest_only_with_trigger to 2026-04-06 16:00:00+00:00, run_after=2026-04-06 20:00:00+00:00
[2026-04-07T04:41:41.980+0530] {processor.py:208} INFO - Processing /home/ubantu/miniconda3/envs/airflow-env/lib/python3.11/site-packages/airflow/example_dags/example_latest_only_with_trigger.py took 0.081 seconds
[2026-04-07T04:42:29.056+0530] {processor.py:186} INFO - Started process (PID=9034) to work on /home/ubantu/miniconda3/envs/airflow-env/lib/python3.11/site-packages/airflow/example_dags/example_latest_only_with_trigger.py
[2026-04-07T04:42:29.057+0530] {processor.py:914} INFO - Processing file /home/ubantu/miniconda3/envs/airflow-env/lib/python3.11/site-packages/airflow/example_dags/example_latest_only_with_trigger.py for tasks to queue
[2026-04-07T04:42:29.059+0530] {logging_mixin.py:190} INFO - [2026-04-07T04:42:29.059+0530] {dagbag.py:588} INFO - Filling up the DagBag from /home/ubantu/miniconda3/envs/airflow-env/lib/python3.11/site-packages/airflow/example_dags/example_latest_only_with_trigger.py
[2026-04-07T04:42:29.068+0530] {processor.py:925} INFO - DAG(s) 'latest_only_with_trigger' retrieved from /home/ubantu/miniconda3/envs/airflow-env/lib/python3.11/site-packages/airflow/example_dags/example_latest_only_with_trigger.py
[2026-04-07T04:42:29.085+0530] {logging_mixin.py:190} INFO - [2026-04-07T04:42:29.085+0530] {dag.py:3239} INFO - Sync 1 DAGs
[2026-04-07T04:42:29.103+0530] {logging_mixin.py:190} INFO - [2026-04-07T04:42:29.103+0530] {dag.py:4180} INFO - Setting next_dagrun for latest_only_with_trigger to 2026-04-06 16:00:00+00:00, run_after=2026-04-06 20:00:00+00:00
[2026-04-07T04:42:29.122+0530] {processor.py:208} INFO - Processing /home/ubantu/miniconda3/envs/airflow-env/lib/python3.11/site-packages/airflow/example_dags/example_latest_only_with_trigger.py took 0.072 seconds
[2026-04-07T04:42:37.585+0530] {processor.py:186} INFO - Started process (PID=9064) to work on /home/ubantu/miniconda3/envs/airflow-env/lib/python3.11/site-packages/airflow/example_dags/example_latest_only_with_trigger.py
[2026-04-07T04:42:37.586+0530] {processor.py:914} INFO - Processing file /home/ubantu/miniconda3/envs/airflow-env/lib/python3.11/site-packages/airflow/example_dags/example_latest_only_with_trigger.py for tasks to queue
[2026-04-07T04:42:37.588+0530] {logging_mixin.py:190} INFO - [2026-04-07T04:42:37.587+0530] {dagbag.py:588} INFO - Filling up the DagBag from /home/ubantu/miniconda3/envs/airflow-env/lib/python3.11/site-packages/airflow/example_dags/example_latest_only_with_trigger.py
[2026-04-07T04:42:37.599+0530] {processor.py:925} INFO - DAG(s) 'latest_only_with_trigger' retrieved from /home/ubantu/miniconda3/envs/airflow-env/lib/python3.11/site-packages/airflow/example_dags/example_latest_only_with_trigger.py
[2026-04-07T04:42:37.618+0530] {logging_mixin.py:190} INFO - [2026-04-07T04:42:37.617+0530] {dag.py:3239} INFO - Sync 1 DAGs
[2026-04-07T04:42:37.635+0530] {logging_mixin.py:190} INFO - [2026-04-07T04:42:37.635+0530] {dag.py:4180} INFO - Setting next_dagrun for latest_only_with_trigger to 2026-04-06 16:00:00+00:00, run_after=2026-04-06 20:00:00+00:00
[2026-04-07T04:42:37.654+0530] {processor.py:208} INFO - Processing /home/ubantu/miniconda3/envs/airflow-env/lib/python3.11/site-packages/airflow/example_dags/example_latest_only_with_trigger.py took 0.076 seconds
[2026-04-07T04:43:25.739+0530] {processor.py:186} INFO - Started process (PID=9177) to work on /home/ubantu/miniconda3/envs/airflow-env/lib/python3.11/site-packages/airflow/example_dags/example_latest_only_with_trigger.py
[2026-04-07T04:43:25.740+0530] {processor.py:914} INFO - Processing file /home/ubantu/miniconda3/envs/airflow-env/lib/python3.11/site-packages/airflow/example_dags/example_latest_only_with_trigger.py for tasks to queue
[2026-04-07T04:43:25.742+0530] {logging_mixin.py:190} INFO - [2026-04-07T04:43:25.741+0530] {dagbag.py:588} INFO - Filling up the DagBag from /home/ubantu/miniconda3/envs/airflow-env/lib/python3.11/site-packages/airflow/example_dags/example_latest_only_with_trigger.py
[2026-04-07T04:43:25.749+0530] {processor.py:925} INFO - DAG(s) 'latest_only_with_trigger' retrieved from /home/ubantu/miniconda3/envs/airflow-env/lib/python3.11/site-packages/airflow/example_dags/example_latest_only_with_trigger.py
[2026-04-07T04:43:25.765+0530] {logging_mixin.py:190} INFO - [2026-04-07T04:43:25.764+0530] {dag.py:3239} INFO - Sync 1 DAGs
[2026-04-07T04:43:25.783+0530] {logging_mixin.py:190} INFO - [2026-04-07T04:43:25.782+0530] {dag.py:4180} INFO - Setting next_dagrun for latest_only_with_trigger to 2026-04-06 16:00:00+00:00, run_after=2026-04-06 20:00:00+00:00
[2026-04-07T04:43:25.802+0530] {processor.py:208} INFO - Processing /home/ubantu/miniconda3/envs/airflow-env/lib/python3.11/site-packages/airflow/example_dags/example_latest_only_with_trigger.py took 0.069 seconds
[2026-04-07T04:43:28.786+0530] {processor.py:186} INFO - Started process (PID=9183) to work on /home/ubantu/miniconda3/envs/airflow-env/lib/python3.11/site-packages/airflow/example_dags/example_latest_only_with_trigger.py
[2026-04-07T04:43:28.787+0530] {processor.py:914} INFO - Processing file /home/ubantu/miniconda3/envs/airflow-env/lib/python3.11/site-packages/airflow/example_dags/example_latest_only_with_trigger.py for tasks to queue
[2026-04-07T04:43:28.789+0530] {logging_mixin.py:190} INFO - [2026-04-07T04:43:28.788+0530] {dagbag.py:588} INFO - Filling up the DagBag from /home/ubantu/miniconda3/envs/airflow-env/lib/python3.11/site-packages/airflow/example_dags/example_latest_only_with_trigger.py
[2026-04-07T04:43:28.799+0530] {processor.py:925} INFO - DAG(s) 'latest_only_with_trigger' retrieved from /home/ubantu/miniconda3/envs/airflow-env/lib/python3.11/site-packages/airflow/example_dags/example_latest_only_with_trigger.py
[2026-04-07T04:43:28.815+0530] {logging_mixin.py:190} INFO - [2026-04-07T04:43:28.814+0530] {dag.py:3239} INFO - Sync 1 DAGs
[2026-04-07T04:43:28.833+0530] {logging_mixin.py:190} INFO - [2026-04-07T04:43:28.833+0530] {dag.py:4180} INFO - Setting next_dagrun for latest_only_with_trigger to 2026-04-06 16:00:00+00:00, run_after=2026-04-06 20:00:00+00:00
[2026-04-07T04:43:28.853+0530] {processor.py:208} INFO - Processing /home/ubantu/miniconda3/envs/airflow-env/lib/python3.11/site-packages/airflow/example_dags/example_latest_only_with_trigger.py took 0.074 seconds
[2026-04-07T04:44:23.479+0530] {processor.py:186} INFO - Started process (PID=9321) to work on /home/ubantu/miniconda3/envs/airflow-env/lib/python3.11/site-packages/airflow/example_dags/example_latest_only_with_trigger.py
[2026-04-07T04:44:23.480+0530] {processor.py:914} INFO - Processing file /home/ubantu/miniconda3/envs/airflow-env/lib/python3.11/site-packages/airflow/example_dags/example_latest_only_with_trigger.py for tasks to queue
[2026-04-07T04:44:23.481+0530] {logging_mixin.py:190} INFO - [2026-04-07T04:44:23.481+0530] {dagbag.py:588} INFO - Filling up the DagBag from /home/ubantu/miniconda3/envs/airflow-env/lib/python3.11/site-packages/airflow/example_dags/example_latest_only_with_trigger.py
[2026-04-07T04:44:23.489+0530] {processor.py:925} INFO - DAG(s) 'latest_only_with_trigger' retrieved from /home/ubantu/miniconda3/envs/airflow-env/lib/python3.11/site-packages/airflow/example_dags/example_latest_only_with_trigger.py
[2026-04-07T04:44:23.506+0530] {logging_mixin.py:190} INFO - [2026-04-07T04:44:23.506+0530] {dag.py:3239} INFO - Sync 1 DAGs
[2026-04-07T04:44:23.526+0530] {logging_mixin.py:190} INFO - [2026-04-07T04:44:23.526+0530] {dag.py:4180} INFO - Setting next_dagrun for latest_only_with_trigger to 2026-04-06 16:00:00+00:00, run_after=2026-04-06 20:00:00+00:00
[2026-04-07T04:44:23.543+0530] {processor.py:208} INFO - Processing /home/ubantu/miniconda3/envs/airflow-env/lib/python3.11/site-packages/airflow/example_dags/example_latest_only_with_trigger.py took 0.071 seconds
[2026-04-07T04:44:27.754+0530] {processor.py:186} INFO - Started process (PID=9330) to work on /home/ubantu/miniconda3/envs/airflow-env/lib/python3.11/site-packages/airflow/example_dags/example_latest_only_with_trigger.py
[2026-04-07T04:44:27.755+0530] {processor.py:914} INFO - Processing file /home/ubantu/miniconda3/envs/airflow-env/lib/python3.11/site-packages/airflow/example_dags/example_latest_only_with_trigger.py for tasks to queue
[2026-04-07T04:44:27.757+0530] {logging_mixin.py:190} INFO - [2026-04-07T04:44:27.756+0530] {dagbag.py:588} INFO - Filling up the DagBag from /home/ubantu/miniconda3/envs/airflow-env/lib/python3.11/site-packages/airflow/example_dags/example_latest_only_with_trigger.py
[2026-04-07T04:44:27.765+0530] {processor.py:925} INFO - DAG(s) 'latest_only_with_trigger' retrieved from /home/ubantu/miniconda3/envs/airflow-env/lib/python3.11/site-packages/airflow/example_dags/example_latest_only_with_trigger.py
[2026-04-07T04:44:27.780+0530] {logging_mixin.py:190} INFO - [2026-04-07T04:44:27.780+0530] {dag.py:3239} INFO - Sync 1 DAGs
[2026-04-07T04:44:27.897+0530] {logging_mixin.py:190} INFO - [2026-04-07T04:44:27.897+0530] {dag.py:4180} INFO - Setting next_dagrun for latest_only_with_trigger to 2026-04-06 16:00:00+00:00, run_after=2026-04-06 20:00:00+00:00
[2026-04-07T04:44:27.914+0530] {processor.py:208} INFO - Processing /home/ubantu/miniconda3/envs/airflow-env/lib/python3.11/site-packages/airflow/example_dags/example_latest_only_with_trigger.py took 0.167 seconds
[2026-04-07T04:45:20.305+0530] {processor.py:186} INFO - Started process (PID=9448) to work on /home/ubantu/miniconda3/envs/airflow-env/lib/python3.11/site-packages/airflow/example_dags/example_latest_only_with_trigger.py
[2026-04-07T04:45:20.307+0530] {processor.py:914} INFO - Processing file /home/ubantu/miniconda3/envs/airflow-env/lib/python3.11/site-packages/airflow/example_dags/example_latest_only_with_trigger.py for tasks to queue
[2026-04-07T04:45:20.308+0530] {logging_mixin.py:190} INFO - [2026-04-07T04:45:20.308+0530] {dagbag.py:588} INFO - Filling up the DagBag from /home/ubantu/miniconda3/envs/airflow-env/lib/python3.11/site-packages/airflow/example_dags/example_latest_only_with_trigger.py
[2026-04-07T04:45:20.317+0530] {processor.py:925} INFO - DAG(s) 'latest_only_with_trigger' retrieved from /home/ubantu/miniconda3/envs/airflow-env/lib/python3.11/site-packages/airflow/example_dags/example_latest_only_with_trigger.py
[2026-04-07T04:45:20.333+0530] {logging_mixin.py:190} INFO - [2026-04-07T04:45:20.333+0530] {dag.py:3239} INFO - Sync 1 DAGs
[2026-04-07T04:45:20.353+0530] {logging_mixin.py:190} INFO - [2026-04-07T04:45:20.353+0530] {dag.py:4180} INFO - Setting next_dagrun for latest_only_with_trigger to 2026-04-06 16:00:00+00:00, run_after=2026-04-06 20:00:00+00:00
[2026-04-07T04:45:20.374+0530] {processor.py:208} INFO - Processing /home/ubantu/miniconda3/envs/airflow-env/lib/python3.11/site-packages/airflow/example_dags/example_latest_only_with_trigger.py took 0.075 seconds
[2026-04-07T04:45:26.435+0530] {processor.py:186} INFO - Started process (PID=9462) to work on /home/ubantu/miniconda3/envs/airflow-env/lib/python3.11/site-packages/airflow/example_dags/example_latest_only_with_trigger.py
[2026-04-07T04:45:26.435+0530] {processor.py:914} INFO - Processing file /home/ubantu/miniconda3/envs/airflow-env/lib/python3.11/site-packages/airflow/example_dags/example_latest_only_with_trigger.py for tasks to queue
[2026-04-07T04:45:26.437+0530] {logging_mixin.py:190} INFO - [2026-04-07T04:45:26.437+0530] {dagbag.py:588} INFO - Filling up the DagBag from /home/ubantu/miniconda3/envs/airflow-env/lib/python3.11/site-packages/airflow/example_dags/example_latest_only_with_trigger.py
[2026-04-07T04:45:26.446+0530] {processor.py:925} INFO - DAG(s) 'latest_only_with_trigger' retrieved from /home/ubantu/miniconda3/envs/airflow-env/lib/python3.11/site-packages/airflow/example_dags/example_latest_only_with_trigger.py
[2026-04-07T04:45:26.461+0530] {logging_mixin.py:190} INFO - [2026-04-07T04:45:26.461+0530] {dag.py:3239} INFO - Sync 1 DAGs
[2026-04-07T04:45:26.480+0530] {logging_mixin.py:190} INFO - [2026-04-07T04:45:26.480+0530] {dag.py:4180} INFO - Setting next_dagrun for latest_only_with_trigger to 2026-04-06 16:00:00+00:00, run_after=2026-04-06 20:00:00+00:00
[2026-04-07T04:45:26.503+0530] {processor.py:208} INFO - Processing /home/ubantu/miniconda3/envs/airflow-env/lib/python3.11/site-packages/airflow/example_dags/example_latest_only_with_trigger.py took 0.074 seconds
[2026-04-07T04:46:12.352+0530] {processor.py:186} INFO - Started process (PID=9566) to work on /home/ubantu/miniconda3/envs/airflow-env/lib/python3.11/site-packages/airflow/example_dags/example_latest_only_with_trigger.py
[2026-04-07T04:46:12.353+0530] {processor.py:914} INFO - Processing file /home/ubantu/miniconda3/envs/airflow-env/lib/python3.11/site-packages/airflow/example_dags/example_latest_only_with_trigger.py for tasks to queue
[2026-04-07T04:46:12.354+0530] {logging_mixin.py:190} INFO - [2026-04-07T04:46:12.354+0530] {dagbag.py:588} INFO - Filling up the DagBag from /home/ubantu/miniconda3/envs/airflow-env/lib/python3.11/site-packages/airflow/example_dags/example_latest_only_with_trigger.py
[2026-04-07T04:46:12.363+0530] {processor.py:925} INFO - DAG(s) 'latest_only_with_trigger' retrieved from /home/ubantu/miniconda3/envs/airflow-env/lib/python3.11/site-packages/airflow/example_dags/example_latest_only_with_trigger.py
[2026-04-07T04:46:12.379+0530] {logging_mixin.py:190} INFO - [2026-04-07T04:46:12.379+0530] {dag.py:3239} INFO - Sync 1 DAGs
[2026-04-07T04:46:12.398+0530] {logging_mixin.py:190} INFO - [2026-04-07T04:46:12.398+0530] {dag.py:4180} INFO - Setting next_dagrun for latest_only_with_trigger to 2026-04-06 16:00:00+00:00, run_after=2026-04-06 20:00:00+00:00
[2026-04-07T04:46:12.415+0530] {processor.py:208} INFO - Processing /home/ubantu/miniconda3/envs/airflow-env/lib/python3.11/site-packages/airflow/example_dags/example_latest_only_with_trigger.py took 0.070 seconds
[2026-04-07T04:46:20.446+0530] {processor.py:186} INFO - Started process (PID=9583) to work on /home/ubantu/miniconda3/envs/airflow-env/lib/python3.11/site-packages/airflow/example_dags/example_latest_only_with_trigger.py
[2026-04-07T04:46:20.446+0530] {processor.py:914} INFO - Processing file /home/ubantu/miniconda3/envs/airflow-env/lib/python3.11/site-packages/airflow/example_dags/example_latest_only_with_trigger.py for tasks to queue
[2026-04-07T04:46:20.448+0530] {logging_mixin.py:190} INFO - [2026-04-07T04:46:20.448+0530] {dagbag.py:588} INFO - Filling up the DagBag from /home/ubantu/miniconda3/envs/airflow-env/lib/python3.11/site-packages/airflow/example_dags/example_latest_only_with_trigger.py
[2026-04-07T04:46:20.457+0530] {processor.py:925} INFO - DAG(s) 'latest_only_with_trigger' retrieved from /home/ubantu/miniconda3/envs/airflow-env/lib/python3.11/site-packages/airflow/example_dags/example_latest_only_with_trigger.py
[2026-04-07T04:46:20.473+0530] {logging_mixin.py:190} INFO - [2026-04-07T04:46:20.473+0530] {dag.py:3239} INFO - Sync 1 DAGs
[2026-04-07T04:46:20.493+0530] {logging_mixin.py:190} INFO - [2026-04-07T04:46:20.493+0530] {dag.py:4180} INFO - Setting next_dagrun for latest_only_with_trigger to 2026-04-06 16:00:00+00:00, run_after=2026-04-06 20:00:00+00:00
[2026-04-07T04:46:20.511+0530] {processor.py:208} INFO - Processing /home/ubantu/miniconda3/envs/airflow-env/lib/python3.11/site-packages/airflow/example_dags/example_latest_only_with_trigger.py took 0.071 seconds
[2026-04-07T04:47:05.559+0530] {processor.py:186} INFO - Started process (PID=9682) to work on /home/ubantu/miniconda3/envs/airflow-env/lib/python3.11/site-packages/airflow/example_dags/example_latest_only_with_trigger.py
[2026-04-07T04:47:05.560+0530] {processor.py:914} INFO - Processing file /home/ubantu/miniconda3/envs/airflow-env/lib/python3.11/site-packages/airflow/example_dags/example_latest_only_with_trigger.py for tasks to queue
[2026-04-07T04:47:05.561+0530] {logging_mixin.py:190} INFO - [2026-04-07T04:47:05.561+0530] {dagbag.py:588} INFO - Filling up the DagBag from /home/ubantu/miniconda3/envs/airflow-env/lib/python3.11/site-packages/airflow/example_dags/example_latest_only_with_trigger.py
[2026-04-07T04:47:05.568+0530] {processor.py:925} INFO - DAG(s) 'latest_only_with_trigger' retrieved from /home/ubantu/miniconda3/envs/airflow-env/lib/python3.11/site-packages/airflow/example_dags/example_latest_only_with_trigger.py
[2026-04-07T04:47:05.582+0530] {logging_mixin.py:190} INFO - [2026-04-07T04:47:05.582+0530] {dag.py:3239} INFO - Sync 1 DAGs
[2026-04-07T04:47:05.598+0530] {logging_mixin.py:190} INFO - [2026-04-07T04:47:05.598+0530] {dag.py:4180} INFO - Setting next_dagrun for latest_only_with_trigger to 2026-04-06 16:00:00+00:00, run_after=2026-04-06 20:00:00+00:00
[2026-04-07T04:47:05.617+0530] {processor.py:208} INFO - Processing /home/ubantu/miniconda3/envs/airflow-env/lib/python3.11/site-packages/airflow/example_dags/example_latest_only_with_trigger.py took 0.064 seconds
[2026-04-07T04:47:18.872+0530] {processor.py:186} INFO - Started process (PID=9714) to work on /home/ubantu/miniconda3/envs/airflow-env/lib/python3.11/site-packages/airflow/example_dags/example_latest_only_with_trigger.py
[2026-04-07T04:47:18.873+0530] {processor.py:914} INFO - Processing file /home/ubantu/miniconda3/envs/airflow-env/lib/python3.11/site-packages/airflow/example_dags/example_latest_only_with_trigger.py for tasks to queue
[2026-04-07T04:47:18.875+0530] {logging_mixin.py:190} INFO - [2026-04-07T04:47:18.875+0530] {dagbag.py:588} INFO - Filling up the DagBag from /home/ubantu/miniconda3/envs/airflow-env/lib/python3.11/site-packages/airflow/example_dags/example_latest_only_with_trigger.py
[2026-04-07T04:47:18.885+0530] {processor.py:925} INFO - DAG(s) 'latest_only_with_trigger' retrieved from /home/ubantu/miniconda3/envs/airflow-env/lib/python3.11/site-packages/airflow/example_dags/example_latest_only_with_trigger.py
[2026-04-07T04:47:18.902+0530] {logging_mixin.py:190} INFO - [2026-04-07T04:47:18.902+0530] {dag.py:3239} INFO - Sync 1 DAGs
[2026-04-07T04:47:18.918+0530] {logging_mixin.py:190} INFO - [2026-04-07T04:47:18.918+0530] {dag.py:4180} INFO - Setting next_dagrun for latest_only_with_trigger to 2026-04-06 16:00:00+00:00, run_after=2026-04-06 20:00:00+00:00
[2026-04-07T04:47:18.942+0530] {processor.py:208} INFO - Processing /home/ubantu/miniconda3/envs/airflow-env/lib/python3.11/site-packages/airflow/example_dags/example_latest_only_with_trigger.py took 0.077 seconds
[2026-04-07T04:47:59.277+0530] {processor.py:186} INFO - Started process (PID=9811) to work on /home/ubantu/miniconda3/envs/airflow-env/lib/python3.11/site-packages/airflow/example_dags/example_latest_only_with_trigger.py
[2026-04-07T04:47:59.279+0530] {processor.py:914} INFO - Processing file /home/ubantu/miniconda3/envs/airflow-env/lib/python3.11/site-packages/airflow/example_dags/example_latest_only_with_trigger.py for tasks to queue
[2026-04-07T04:47:59.281+0530] {logging_mixin.py:190} INFO - [2026-04-07T04:47:59.280+0530] {dagbag.py:588} INFO - Filling up the DagBag from /home/ubantu/miniconda3/envs/airflow-env/lib/python3.11/site-packages/airflow/example_dags/example_latest_only_with_trigger.py
[2026-04-07T04:47:59.295+0530] {processor.py:925} INFO - DAG(s) 'latest_only_with_trigger' retrieved from /home/ubantu/miniconda3/envs/airflow-env/lib/python3.11/site-packages/airflow/example_dags/example_latest_only_with_trigger.py
[2026-04-07T04:47:59.321+0530] {logging_mixin.py:190} INFO - [2026-04-07T04:47:59.321+0530] {dag.py:3239} INFO - Sync 1 DAGs
[2026-04-07T04:47:59.342+0530] {logging_mixin.py:190} INFO - [2026-04-07T04:47:59.342+0530] {dag.py:4180} INFO - Setting next_dagrun for latest_only_with_trigger to 2026-04-06 16:00:00+00:00, run_after=2026-04-06 20:00:00+00:00
[2026-04-07T04:47:59.362+0530] {processor.py:208} INFO - Processing /home/ubantu/miniconda3/envs/airflow-env/lib/python3.11/site-packages/airflow/example_dags/example_latest_only_with_trigger.py took 0.094 seconds
[2026-04-07T04:48:17.578+0530] {processor.py:186} INFO - Started process (PID=9855) to work on /home/ubantu/miniconda3/envs/airflow-env/lib/python3.11/site-packages/airflow/example_dags/example_latest_only_with_trigger.py
[2026-04-07T04:48:17.579+0530] {processor.py:914} INFO - Processing file /home/ubantu/miniconda3/envs/airflow-env/lib/python3.11/site-packages/airflow/example_dags/example_latest_only_with_trigger.py for tasks to queue
[2026-04-07T04:48:17.581+0530] {logging_mixin.py:190} INFO - [2026-04-07T04:48:17.581+0530] {dagbag.py:588} INFO - Filling up the DagBag from /home/ubantu/miniconda3/envs/airflow-env/lib/python3.11/site-packages/airflow/example_dags/example_latest_only_with_trigger.py
[2026-04-07T04:48:17.592+0530] {processor.py:925} INFO - DAG(s) 'latest_only_with_trigger' retrieved from /home/ubantu/miniconda3/envs/airflow-env/lib/python3.11/site-packages/airflow/example_dags/example_latest_only_with_trigger.py
[2026-04-07T04:48:17.607+0530] {logging_mixin.py:190} INFO - [2026-04-07T04:48:17.607+0530] {dag.py:3239} INFO - Sync 1 DAGs
[2026-04-07T04:48:17.625+0530] {logging_mixin.py:190} INFO - [2026-04-07T04:48:17.624+0530] {dag.py:4180} INFO - Setting next_dagrun for latest_only_with_trigger to 2026-04-06 16:00:00+00:00, run_after=2026-04-06 20:00:00+00:00
[2026-04-07T04:48:17.642+0530] {processor.py:208} INFO - Processing /home/ubantu/miniconda3/envs/airflow-env/lib/python3.11/site-packages/airflow/example_dags/example_latest_only_with_trigger.py took 0.071 seconds
[2026-04-07T05:10:13.836+0530] {processor.py:186} INFO - Started process (PID=10995) to work on /home/ubantu/miniconda3/envs/airflow-env/lib/python3.11/site-packages/airflow/example_dags/example_latest_only_with_trigger.py
[2026-04-07T05:10:13.837+0530] {processor.py:914} INFO - Processing file /home/ubantu/miniconda3/envs/airflow-env/lib/python3.11/site-packages/airflow/example_dags/example_latest_only_with_trigger.py for tasks to queue
[2026-04-07T05:10:13.840+0530] {logging_mixin.py:190} INFO - [2026-04-07T05:10:13.839+0530] {dagbag.py:588} INFO - Filling up the DagBag from /home/ubantu/miniconda3/envs/airflow-env/lib/python3.11/site-packages/airflow/example_dags/example_latest_only_with_trigger.py
[2026-04-07T05:10:13.848+0530] {processor.py:925} INFO - DAG(s) 'latest_only_with_trigger' retrieved from /home/ubantu/miniconda3/envs/airflow-env/lib/python3.11/site-packages/airflow/example_dags/example_latest_only_with_trigger.py
[2026-04-07T05:10:13.937+0530] {logging_mixin.py:190} INFO - [2026-04-07T05:10:13.937+0530] {dag.py:3239} INFO - Sync 1 DAGs
[2026-04-07T05:10:13.953+0530] {logging_mixin.py:190} INFO - [2026-04-07T05:10:13.953+0530] {dag.py:4180} INFO - Setting next_dagrun for latest_only_with_trigger to 2026-04-06 16:00:00+00:00, run_after=2026-04-06 20:00:00+00:00
[2026-04-07T05:10:13.975+0530] {processor.py:208} INFO - Processing /home/ubantu/miniconda3/envs/airflow-env/lib/python3.11/site-packages/airflow/example_dags/example_latest_only_with_trigger.py took 0.147 seconds
[2026-04-07T05:11:46.424+0530] {processor.py:186} INFO - Started process (PID=11141) to work on /home/ubantu/miniconda3/envs/airflow-env/lib/python3.11/site-packages/airflow/example_dags/example_latest_only_with_trigger.py
[2026-04-07T05:11:46.426+0530] {processor.py:914} INFO - Processing file /home/ubantu/miniconda3/envs/airflow-env/lib/python3.11/site-packages/airflow/example_dags/example_latest_only_with_trigger.py for tasks to queue
[2026-04-07T05:11:46.428+0530] {logging_mixin.py:190} INFO - [2026-04-07T05:11:46.428+0530] {dagbag.py:588} INFO - Filling up the DagBag from /home/ubantu/miniconda3/envs/airflow-env/lib/python3.11/site-packages/airflow/example_dags/example_latest_only_with_trigger.py
[2026-04-07T05:11:46.439+0530] {processor.py:925} INFO - DAG(s) 'latest_only_with_trigger' retrieved from /home/ubantu/miniconda3/envs/airflow-env/lib/python3.11/site-packages/airflow/example_dags/example_latest_only_with_trigger.py
[2026-04-07T05:11:46.458+0530] {logging_mixin.py:190} INFO - [2026-04-07T05:11:46.458+0530] {dag.py:3239} INFO - Sync 1 DAGs
[2026-04-07T05:11:46.476+0530] {logging_mixin.py:190} INFO - [2026-04-07T05:11:46.476+0530] {dag.py:4180} INFO - Setting next_dagrun for latest_only_with_trigger to 2026-04-06 16:00:00+00:00, run_after=2026-04-06 20:00:00+00:00
[2026-04-07T05:11:46.494+0530] {processor.py:208} INFO - Processing /home/ubantu/miniconda3/envs/airflow-env/lib/python3.11/site-packages/airflow/example_dags/example_latest_only_with_trigger.py took 0.077 seconds
[2026-04-07T05:12:45.727+0530] {processor.py:186} INFO - Started process (PID=11224) to work on /home/ubantu/miniconda3/envs/airflow-env/lib/python3.11/site-packages/airflow/example_dags/example_latest_only_with_trigger.py
[2026-04-07T05:12:45.728+0530] {processor.py:914} INFO - Processing file /home/ubantu/miniconda3/envs/airflow-env/lib/python3.11/site-packages/airflow/example_dags/example_latest_only_with_trigger.py for tasks to queue
[2026-04-07T05:12:45.730+0530] {logging_mixin.py:190} INFO - [2026-04-07T05:12:45.730+0530] {dagbag.py:588} INFO - Filling up the DagBag from /home/ubantu/miniconda3/envs/airflow-env/lib/python3.11/site-packages/airflow/example_dags/example_latest_only_with_trigger.py
[2026-04-07T05:12:45.739+0530] {processor.py:925} INFO - DAG(s) 'latest_only_with_trigger' retrieved from /home/ubantu/miniconda3/envs/airflow-env/lib/python3.11/site-packages/airflow/example_dags/example_latest_only_with_trigger.py
[2026-04-07T05:12:45.754+0530] {logging_mixin.py:190} INFO - [2026-04-07T05:12:45.754+0530] {dag.py:3239} INFO - Sync 1 DAGs
[2026-04-07T05:12:45.771+0530] {logging_mixin.py:190} INFO - [2026-04-07T05:12:45.771+0530] {dag.py:4180} INFO - Setting next_dagrun for latest_only_with_trigger to 2026-04-06 16:00:00+00:00, run_after=2026-04-06 20:00:00+00:00
[2026-04-07T05:12:45.788+0530] {processor.py:208} INFO - Processing /home/ubantu/miniconda3/envs/airflow-env/lib/python3.11/site-packages/airflow/example_dags/example_latest_only_with_trigger.py took 0.067 seconds
[2026-04-07T05:13:50.532+0530] {processor.py:186} INFO - Started process (PID=11325) to work on /home/ubantu/miniconda3/envs/airflow-env/lib/python3.11/site-packages/airflow/example_dags/example_latest_only_with_trigger.py
[2026-04-07T05:13:50.534+0530] {processor.py:914} INFO - Processing file /home/ubantu/miniconda3/envs/airflow-env/lib/python3.11/site-packages/airflow/example_dags/example_latest_only_with_trigger.py for tasks to queue
[2026-04-07T05:13:50.536+0530] {logging_mixin.py:190} INFO - [2026-04-07T05:13:50.535+0530] {dagbag.py:588} INFO - Filling up the DagBag from /home/ubantu/miniconda3/envs/airflow-env/lib/python3.11/site-packages/airflow/example_dags/example_latest_only_with_trigger.py
[2026-04-07T05:13:50.545+0530] {processor.py:925} INFO - DAG(s) 'latest_only_with_trigger' retrieved from /home/ubantu/miniconda3/envs/airflow-env/lib/python3.11/site-packages/airflow/example_dags/example_latest_only_with_trigger.py
[2026-04-07T05:13:50.564+0530] {logging_mixin.py:190} INFO - [2026-04-07T05:13:50.563+0530] {dag.py:3239} INFO - Sync 1 DAGs
[2026-04-07T05:13:50.685+0530] {logging_mixin.py:190} INFO - [2026-04-07T05:13:50.685+0530] {dag.py:4180} INFO - Setting next_dagrun for latest_only_with_trigger to 2026-04-06 16:00:00+00:00, run_after=2026-04-06 20:00:00+00:00
[2026-04-07T05:13:50.702+0530] {processor.py:208} INFO - Processing /home/ubantu/miniconda3/envs/airflow-env/lib/python3.11/site-packages/airflow/example_dags/example_latest_only_with_trigger.py took 0.176 seconds
[2026-04-07T05:17:55.506+0530] {processor.py:186} INFO - Started process (PID=11799) to work on /home/ubantu/miniconda3/envs/airflow-env/lib/python3.11/site-packages/airflow/example_dags/example_latest_only_with_trigger.py
[2026-04-07T05:17:55.507+0530] {processor.py:914} INFO - Processing file /home/ubantu/miniconda3/envs/airflow-env/lib/python3.11/site-packages/airflow/example_dags/example_latest_only_with_trigger.py for tasks to queue
[2026-04-07T05:17:55.508+0530] {logging_mixin.py:190} INFO - [2026-04-07T05:17:55.508+0530] {dagbag.py:588} INFO - Filling up the DagBag from /home/ubantu/miniconda3/envs/airflow-env/lib/python3.11/site-packages/airflow/example_dags/example_latest_only_with_trigger.py
[2026-04-07T05:17:55.517+0530] {processor.py:925} INFO - DAG(s) 'latest_only_with_trigger' retrieved from /home/ubantu/miniconda3/envs/airflow-env/lib/python3.11/site-packages/airflow/example_dags/example_latest_only_with_trigger.py
[2026-04-07T05:17:55.534+0530] {logging_mixin.py:190} INFO - [2026-04-07T05:17:55.534+0530] {dag.py:3239} INFO - Sync 1 DAGs
[2026-04-07T05:17:55.553+0530] {logging_mixin.py:190} INFO - [2026-04-07T05:17:55.553+0530] {dag.py:4180} INFO - Setting next_dagrun for latest_only_with_trigger to 2026-04-06 16:00:00+00:00, run_after=2026-04-06 20:00:00+00:00
[2026-04-07T05:17:55.573+0530] {processor.py:208} INFO - Processing /home/ubantu/miniconda3/envs/airflow-env/lib/python3.11/site-packages/airflow/example_dags/example_latest_only_with_trigger.py took 0.073 seconds
