[2026-04-07T04:07:46.720+0530] {processor.py:186} INFO - Started process (PID=5794) to work on /home/ubantu/miniconda3/envs/airflow-env/lib/python3.11/site-packages/airflow/example_dags/example_python_operator.py
[2026-04-07T04:07:46.721+0530] {processor.py:914} INFO - Processing file /home/ubantu/miniconda3/envs/airflow-env/lib/python3.11/site-packages/airflow/example_dags/example_python_operator.py for tasks to queue
[2026-04-07T04:07:46.723+0530] {logging_mixin.py:190} INFO - [2026-04-07T04:07:46.723+0530] {dagbag.py:588} INFO - Filling up the DagBag from /home/ubantu/miniconda3/envs/airflow-env/lib/python3.11/site-packages/airflow/example_dags/example_python_operator.py
[2026-04-07T04:07:46.730+0530] {logging_mixin.py:190} INFO - [2026-04-07T04:07:46.730+0530] {example_python_operator.py:93} WARNING - The virtalenv_python example task requires virtualenv, please install it.
[2026-04-07T04:07:46.732+0530] {processor.py:925} INFO - DAG(s) 'example_python_operator' retrieved from /home/ubantu/miniconda3/envs/airflow-env/lib/python3.11/site-packages/airflow/example_dags/example_python_operator.py
[2026-04-07T04:07:46.818+0530] {logging_mixin.py:190} INFO - [2026-04-07T04:07:46.817+0530] {override.py:1911} INFO - Created Permission View: can delete on DAG:example_python_operator
[2026-04-07T04:07:46.827+0530] {logging_mixin.py:190} INFO - [2026-04-07T04:07:46.827+0530] {override.py:1911} INFO - Created Permission View: can edit on DAG:example_python_operator
[2026-04-07T04:07:46.833+0530] {logging_mixin.py:190} INFO - [2026-04-07T04:07:46.833+0530] {override.py:1911} INFO - Created Permission View: can read on DAG:example_python_operator
[2026-04-07T04:07:46.843+0530] {logging_mixin.py:190} INFO - [2026-04-07T04:07:46.843+0530] {override.py:1911} INFO - Created Permission View: can create on DAG Run:example_python_operator
[2026-04-07T04:07:46.849+0530] {logging_mixin.py:190} INFO - [2026-04-07T04:07:46.849+0530] {override.py:1911} INFO - Created Permission View: can delete on DAG Run:example_python_operator
[2026-04-07T04:07:46.856+0530] {logging_mixin.py:190} INFO - [2026-04-07T04:07:46.855+0530] {override.py:1911} INFO - Created Permission View: menu access on DAG Run:example_python_operator
[2026-04-07T04:07:46.862+0530] {logging_mixin.py:190} INFO - [2026-04-07T04:07:46.862+0530] {override.py:1911} INFO - Created Permission View: can read on DAG Run:example_python_operator
[2026-04-07T04:07:46.863+0530] {logging_mixin.py:190} INFO - [2026-04-07T04:07:46.862+0530] {dag.py:3239} INFO - Sync 1 DAGs
[2026-04-07T04:07:46.872+0530] {logging_mixin.py:190} INFO - [2026-04-07T04:07:46.871+0530] {dag.py:3262} INFO - Creating ORM DAG for example_python_operator
[2026-04-07T04:07:46.872+0530] {logging_mixin.py:190} INFO - [2026-04-07T04:07:46.872+0530] {dag.py:4180} INFO - Setting next_dagrun for example_python_operator to None, run_after=None
[2026-04-07T04:07:46.886+0530] {processor.py:208} INFO - Processing /home/ubantu/miniconda3/envs/airflow-env/lib/python3.11/site-packages/airflow/example_dags/example_python_operator.py took 0.172 seconds
[2026-04-07T04:08:49.994+0530] {processor.py:186} INFO - Started process (PID=5977) to work on /home/ubantu/miniconda3/envs/airflow-env/lib/python3.11/site-packages/airflow/example_dags/example_python_operator.py
[2026-04-07T04:08:49.996+0530] {processor.py:914} INFO - Processing file /home/ubantu/miniconda3/envs/airflow-env/lib/python3.11/site-packages/airflow/example_dags/example_python_operator.py for tasks to queue
[2026-04-07T04:08:49.998+0530] {logging_mixin.py:190} INFO - [2026-04-07T04:08:49.997+0530] {dagbag.py:588} INFO - Filling up the DagBag from /home/ubantu/miniconda3/envs/airflow-env/lib/python3.11/site-packages/airflow/example_dags/example_python_operator.py
[2026-04-07T04:08:50.006+0530] {logging_mixin.py:190} INFO - [2026-04-07T04:08:50.006+0530] {example_python_operator.py:93} WARNING - The virtalenv_python example task requires virtualenv, please install it.
[2026-04-07T04:08:50.008+0530] {processor.py:925} INFO - DAG(s) 'example_python_operator' retrieved from /home/ubantu/miniconda3/envs/airflow-env/lib/python3.11/site-packages/airflow/example_dags/example_python_operator.py
[2026-04-07T04:08:50.025+0530] {logging_mixin.py:190} INFO - [2026-04-07T04:08:50.025+0530] {dag.py:3239} INFO - Sync 1 DAGs
[2026-04-07T04:08:50.037+0530] {logging_mixin.py:190} INFO - [2026-04-07T04:08:50.037+0530] {dag.py:4180} INFO - Setting next_dagrun for example_python_operator to None, run_after=None
[2026-04-07T04:08:50.058+0530] {processor.py:208} INFO - Processing /home/ubantu/miniconda3/envs/airflow-env/lib/python3.11/site-packages/airflow/example_dags/example_python_operator.py took 0.070 seconds
[2026-04-07T04:09:47.501+0530] {processor.py:186} INFO - Started process (PID=6151) to work on /home/ubantu/miniconda3/envs/airflow-env/lib/python3.11/site-packages/airflow/example_dags/example_python_operator.py
[2026-04-07T04:09:47.502+0530] {processor.py:914} INFO - Processing file /home/ubantu/miniconda3/envs/airflow-env/lib/python3.11/site-packages/airflow/example_dags/example_python_operator.py for tasks to queue
[2026-04-07T04:09:47.505+0530] {logging_mixin.py:190} INFO - [2026-04-07T04:09:47.504+0530] {dagbag.py:588} INFO - Filling up the DagBag from /home/ubantu/miniconda3/envs/airflow-env/lib/python3.11/site-packages/airflow/example_dags/example_python_operator.py
[2026-04-07T04:09:47.513+0530] {logging_mixin.py:190} INFO - [2026-04-07T04:09:47.513+0530] {example_python_operator.py:93} WARNING - The virtalenv_python example task requires virtualenv, please install it.
[2026-04-07T04:09:47.516+0530] {processor.py:925} INFO - DAG(s) 'example_python_operator' retrieved from /home/ubantu/miniconda3/envs/airflow-env/lib/python3.11/site-packages/airflow/example_dags/example_python_operator.py
[2026-04-07T04:09:47.534+0530] {logging_mixin.py:190} INFO - [2026-04-07T04:09:47.534+0530] {dag.py:3239} INFO - Sync 1 DAGs
[2026-04-07T04:09:47.546+0530] {logging_mixin.py:190} INFO - [2026-04-07T04:09:47.545+0530] {dag.py:4180} INFO - Setting next_dagrun for example_python_operator to None, run_after=None
[2026-04-07T04:09:47.660+0530] {processor.py:208} INFO - Processing /home/ubantu/miniconda3/envs/airflow-env/lib/python3.11/site-packages/airflow/example_dags/example_python_operator.py took 0.165 seconds
[2026-04-07T04:10:42.008+0530] {processor.py:186} INFO - Started process (PID=6220) to work on /home/ubantu/miniconda3/envs/airflow-env/lib/python3.11/site-packages/airflow/example_dags/example_python_operator.py
[2026-04-07T04:10:42.009+0530] {processor.py:914} INFO - Processing file /home/ubantu/miniconda3/envs/airflow-env/lib/python3.11/site-packages/airflow/example_dags/example_python_operator.py for tasks to queue
[2026-04-07T04:10:42.012+0530] {logging_mixin.py:190} INFO - [2026-04-07T04:10:42.011+0530] {dagbag.py:588} INFO - Filling up the DagBag from /home/ubantu/miniconda3/envs/airflow-env/lib/python3.11/site-packages/airflow/example_dags/example_python_operator.py
[2026-04-07T04:10:42.020+0530] {logging_mixin.py:190} INFO - [2026-04-07T04:10:42.020+0530] {example_python_operator.py:93} WARNING - The virtalenv_python example task requires virtualenv, please install it.
[2026-04-07T04:10:42.023+0530] {processor.py:925} INFO - DAG(s) 'example_python_operator' retrieved from /home/ubantu/miniconda3/envs/airflow-env/lib/python3.11/site-packages/airflow/example_dags/example_python_operator.py
[2026-04-07T04:10:42.042+0530] {logging_mixin.py:190} INFO - [2026-04-07T04:10:42.042+0530] {dag.py:3239} INFO - Sync 1 DAGs
[2026-04-07T04:10:42.055+0530] {logging_mixin.py:190} INFO - [2026-04-07T04:10:42.055+0530] {dag.py:4180} INFO - Setting next_dagrun for example_python_operator to None, run_after=None
[2026-04-07T04:10:42.075+0530] {processor.py:208} INFO - Processing /home/ubantu/miniconda3/envs/airflow-env/lib/python3.11/site-packages/airflow/example_dags/example_python_operator.py took 0.075 seconds
[2026-04-07T04:11:41.498+0530] {processor.py:186} INFO - Started process (PID=6293) to work on /home/ubantu/miniconda3/envs/airflow-env/lib/python3.11/site-packages/airflow/example_dags/example_python_operator.py
[2026-04-07T04:11:41.499+0530] {processor.py:914} INFO - Processing file /home/ubantu/miniconda3/envs/airflow-env/lib/python3.11/site-packages/airflow/example_dags/example_python_operator.py for tasks to queue
[2026-04-07T04:11:41.501+0530] {logging_mixin.py:190} INFO - [2026-04-07T04:11:41.501+0530] {dagbag.py:588} INFO - Filling up the DagBag from /home/ubantu/miniconda3/envs/airflow-env/lib/python3.11/site-packages/airflow/example_dags/example_python_operator.py
[2026-04-07T04:11:41.510+0530] {logging_mixin.py:190} INFO - [2026-04-07T04:11:41.510+0530] {example_python_operator.py:93} WARNING - The virtalenv_python example task requires virtualenv, please install it.
[2026-04-07T04:11:41.513+0530] {processor.py:925} INFO - DAG(s) 'example_python_operator' retrieved from /home/ubantu/miniconda3/envs/airflow-env/lib/python3.11/site-packages/airflow/example_dags/example_python_operator.py
[2026-04-07T04:11:41.531+0530] {logging_mixin.py:190} INFO - [2026-04-07T04:11:41.531+0530] {dag.py:3239} INFO - Sync 1 DAGs
[2026-04-07T04:11:41.541+0530] {logging_mixin.py:190} INFO - [2026-04-07T04:11:41.541+0530] {dag.py:4180} INFO - Setting next_dagrun for example_python_operator to None, run_after=None
[2026-04-07T04:11:41.559+0530] {processor.py:208} INFO - Processing /home/ubantu/miniconda3/envs/airflow-env/lib/python3.11/site-packages/airflow/example_dags/example_python_operator.py took 0.068 seconds
[2026-04-07T04:12:34.314+0530] {processor.py:186} INFO - Started process (PID=6354) to work on /home/ubantu/miniconda3/envs/airflow-env/lib/python3.11/site-packages/airflow/example_dags/example_python_operator.py
[2026-04-07T04:12:34.315+0530] {processor.py:914} INFO - Processing file /home/ubantu/miniconda3/envs/airflow-env/lib/python3.11/site-packages/airflow/example_dags/example_python_operator.py for tasks to queue
[2026-04-07T04:12:34.318+0530] {logging_mixin.py:190} INFO - [2026-04-07T04:12:34.317+0530] {dagbag.py:588} INFO - Filling up the DagBag from /home/ubantu/miniconda3/envs/airflow-env/lib/python3.11/site-packages/airflow/example_dags/example_python_operator.py
[2026-04-07T04:12:34.326+0530] {logging_mixin.py:190} INFO - [2026-04-07T04:12:34.325+0530] {example_python_operator.py:93} WARNING - The virtalenv_python example task requires virtualenv, please install it.
[2026-04-07T04:12:34.328+0530] {processor.py:925} INFO - DAG(s) 'example_python_operator' retrieved from /home/ubantu/miniconda3/envs/airflow-env/lib/python3.11/site-packages/airflow/example_dags/example_python_operator.py
[2026-04-07T04:12:34.346+0530] {logging_mixin.py:190} INFO - [2026-04-07T04:12:34.346+0530] {dag.py:3239} INFO - Sync 1 DAGs
[2026-04-07T04:12:34.357+0530] {logging_mixin.py:190} INFO - [2026-04-07T04:12:34.356+0530] {dag.py:4180} INFO - Setting next_dagrun for example_python_operator to None, run_after=None
[2026-04-07T04:12:34.375+0530] {processor.py:208} INFO - Processing /home/ubantu/miniconda3/envs/airflow-env/lib/python3.11/site-packages/airflow/example_dags/example_python_operator.py took 0.067 seconds
[2026-04-07T04:13:26.941+0530] {processor.py:186} INFO - Started process (PID=6414) to work on /home/ubantu/miniconda3/envs/airflow-env/lib/python3.11/site-packages/airflow/example_dags/example_python_operator.py
[2026-04-07T04:13:26.942+0530] {processor.py:914} INFO - Processing file /home/ubantu/miniconda3/envs/airflow-env/lib/python3.11/site-packages/airflow/example_dags/example_python_operator.py for tasks to queue
[2026-04-07T04:13:26.944+0530] {logging_mixin.py:190} INFO - [2026-04-07T04:13:26.944+0530] {dagbag.py:588} INFO - Filling up the DagBag from /home/ubantu/miniconda3/envs/airflow-env/lib/python3.11/site-packages/airflow/example_dags/example_python_operator.py
[2026-04-07T04:13:26.952+0530] {logging_mixin.py:190} INFO - [2026-04-07T04:13:26.952+0530] {example_python_operator.py:93} WARNING - The virtalenv_python example task requires virtualenv, please install it.
[2026-04-07T04:13:26.955+0530] {processor.py:925} INFO - DAG(s) 'example_python_operator' retrieved from /home/ubantu/miniconda3/envs/airflow-env/lib/python3.11/site-packages/airflow/example_dags/example_python_operator.py
[2026-04-07T04:13:26.974+0530] {logging_mixin.py:190} INFO - [2026-04-07T04:13:26.974+0530] {dag.py:3239} INFO - Sync 1 DAGs
[2026-04-07T04:13:26.988+0530] {logging_mixin.py:190} INFO - [2026-04-07T04:13:26.988+0530] {dag.py:4180} INFO - Setting next_dagrun for example_python_operator to None, run_after=None
[2026-04-07T04:13:27.006+0530] {processor.py:208} INFO - Processing /home/ubantu/miniconda3/envs/airflow-env/lib/python3.11/site-packages/airflow/example_dags/example_python_operator.py took 0.072 seconds
[2026-04-07T04:14:21.610+0530] {processor.py:186} INFO - Started process (PID=6482) to work on /home/ubantu/miniconda3/envs/airflow-env/lib/python3.11/site-packages/airflow/example_dags/example_python_operator.py
[2026-04-07T04:14:21.611+0530] {processor.py:914} INFO - Processing file /home/ubantu/miniconda3/envs/airflow-env/lib/python3.11/site-packages/airflow/example_dags/example_python_operator.py for tasks to queue
[2026-04-07T04:14:21.613+0530] {logging_mixin.py:190} INFO - [2026-04-07T04:14:21.613+0530] {dagbag.py:588} INFO - Filling up the DagBag from /home/ubantu/miniconda3/envs/airflow-env/lib/python3.11/site-packages/airflow/example_dags/example_python_operator.py
[2026-04-07T04:14:21.621+0530] {logging_mixin.py:190} INFO - [2026-04-07T04:14:21.621+0530] {example_python_operator.py:93} WARNING - The virtalenv_python example task requires virtualenv, please install it.
[2026-04-07T04:14:21.624+0530] {processor.py:925} INFO - DAG(s) 'example_python_operator' retrieved from /home/ubantu/miniconda3/envs/airflow-env/lib/python3.11/site-packages/airflow/example_dags/example_python_operator.py
[2026-04-07T04:14:21.640+0530] {logging_mixin.py:190} INFO - [2026-04-07T04:14:21.640+0530] {dag.py:3239} INFO - Sync 1 DAGs
[2026-04-07T04:14:21.652+0530] {logging_mixin.py:190} INFO - [2026-04-07T04:14:21.652+0530] {dag.py:4180} INFO - Setting next_dagrun for example_python_operator to None, run_after=None
[2026-04-07T04:14:21.672+0530] {processor.py:208} INFO - Processing /home/ubantu/miniconda3/envs/airflow-env/lib/python3.11/site-packages/airflow/example_dags/example_python_operator.py took 0.069 seconds
[2026-04-07T04:15:14.096+0530] {processor.py:186} INFO - Started process (PID=6544) to work on /home/ubantu/miniconda3/envs/airflow-env/lib/python3.11/site-packages/airflow/example_dags/example_python_operator.py
[2026-04-07T04:15:14.097+0530] {processor.py:914} INFO - Processing file /home/ubantu/miniconda3/envs/airflow-env/lib/python3.11/site-packages/airflow/example_dags/example_python_operator.py for tasks to queue
[2026-04-07T04:15:14.099+0530] {logging_mixin.py:190} INFO - [2026-04-07T04:15:14.099+0530] {dagbag.py:588} INFO - Filling up the DagBag from /home/ubantu/miniconda3/envs/airflow-env/lib/python3.11/site-packages/airflow/example_dags/example_python_operator.py
[2026-04-07T04:15:14.106+0530] {logging_mixin.py:190} INFO - [2026-04-07T04:15:14.106+0530] {example_python_operator.py:93} WARNING - The virtalenv_python example task requires virtualenv, please install it.
[2026-04-07T04:15:14.109+0530] {processor.py:925} INFO - DAG(s) 'example_python_operator' retrieved from /home/ubantu/miniconda3/envs/airflow-env/lib/python3.11/site-packages/airflow/example_dags/example_python_operator.py
[2026-04-07T04:15:14.126+0530] {logging_mixin.py:190} INFO - [2026-04-07T04:15:14.125+0530] {dag.py:3239} INFO - Sync 1 DAGs
[2026-04-07T04:15:14.138+0530] {logging_mixin.py:190} INFO - [2026-04-07T04:15:14.137+0530] {dag.py:4180} INFO - Setting next_dagrun for example_python_operator to None, run_after=None
[2026-04-07T04:15:14.157+0530] {processor.py:208} INFO - Processing /home/ubantu/miniconda3/envs/airflow-env/lib/python3.11/site-packages/airflow/example_dags/example_python_operator.py took 0.067 seconds
[2026-04-07T04:16:05.308+0530] {processor.py:186} INFO - Started process (PID=6603) to work on /home/ubantu/miniconda3/envs/airflow-env/lib/python3.11/site-packages/airflow/example_dags/example_python_operator.py
[2026-04-07T04:16:05.309+0530] {processor.py:914} INFO - Processing file /home/ubantu/miniconda3/envs/airflow-env/lib/python3.11/site-packages/airflow/example_dags/example_python_operator.py for tasks to queue
[2026-04-07T04:16:05.312+0530] {logging_mixin.py:190} INFO - [2026-04-07T04:16:05.311+0530] {dagbag.py:588} INFO - Filling up the DagBag from /home/ubantu/miniconda3/envs/airflow-env/lib/python3.11/site-packages/airflow/example_dags/example_python_operator.py
[2026-04-07T04:16:05.319+0530] {logging_mixin.py:190} INFO - [2026-04-07T04:16:05.319+0530] {example_python_operator.py:93} WARNING - The virtalenv_python example task requires virtualenv, please install it.
[2026-04-07T04:16:05.322+0530] {processor.py:925} INFO - DAG(s) 'example_python_operator' retrieved from /home/ubantu/miniconda3/envs/airflow-env/lib/python3.11/site-packages/airflow/example_dags/example_python_operator.py
[2026-04-07T04:16:05.338+0530] {logging_mixin.py:190} INFO - [2026-04-07T04:16:05.338+0530] {dag.py:3239} INFO - Sync 1 DAGs
[2026-04-07T04:16:05.349+0530] {logging_mixin.py:190} INFO - [2026-04-07T04:16:05.349+0530] {dag.py:4180} INFO - Setting next_dagrun for example_python_operator to None, run_after=None
[2026-04-07T04:16:05.369+0530] {processor.py:208} INFO - Processing /home/ubantu/miniconda3/envs/airflow-env/lib/python3.11/site-packages/airflow/example_dags/example_python_operator.py took 0.067 seconds
[2026-04-07T04:16:55.732+0530] {processor.py:186} INFO - Started process (PID=6660) to work on /home/ubantu/miniconda3/envs/airflow-env/lib/python3.11/site-packages/airflow/example_dags/example_python_operator.py
[2026-04-07T04:16:55.733+0530] {processor.py:914} INFO - Processing file /home/ubantu/miniconda3/envs/airflow-env/lib/python3.11/site-packages/airflow/example_dags/example_python_operator.py for tasks to queue
[2026-04-07T04:16:55.736+0530] {logging_mixin.py:190} INFO - [2026-04-07T04:16:55.735+0530] {dagbag.py:588} INFO - Filling up the DagBag from /home/ubantu/miniconda3/envs/airflow-env/lib/python3.11/site-packages/airflow/example_dags/example_python_operator.py
[2026-04-07T04:16:55.743+0530] {logging_mixin.py:190} INFO - [2026-04-07T04:16:55.742+0530] {example_python_operator.py:93} WARNING - The virtalenv_python example task requires virtualenv, please install it.
[2026-04-07T04:16:55.745+0530] {processor.py:925} INFO - DAG(s) 'example_python_operator' retrieved from /home/ubantu/miniconda3/envs/airflow-env/lib/python3.11/site-packages/airflow/example_dags/example_python_operator.py
[2026-04-07T04:16:55.761+0530] {logging_mixin.py:190} INFO - [2026-04-07T04:16:55.761+0530] {dag.py:3239} INFO - Sync 1 DAGs
[2026-04-07T04:16:55.773+0530] {logging_mixin.py:190} INFO - [2026-04-07T04:16:55.773+0530] {dag.py:4180} INFO - Setting next_dagrun for example_python_operator to None, run_after=None
[2026-04-07T04:16:55.790+0530] {processor.py:208} INFO - Processing /home/ubantu/miniconda3/envs/airflow-env/lib/python3.11/site-packages/airflow/example_dags/example_python_operator.py took 0.064 seconds
[2026-04-07T04:17:44.537+0530] {processor.py:186} INFO - Started process (PID=6722) to work on /home/ubantu/miniconda3/envs/airflow-env/lib/python3.11/site-packages/airflow/example_dags/example_python_operator.py
[2026-04-07T04:17:44.538+0530] {processor.py:914} INFO - Processing file /home/ubantu/miniconda3/envs/airflow-env/lib/python3.11/site-packages/airflow/example_dags/example_python_operator.py for tasks to queue
[2026-04-07T04:17:44.541+0530] {logging_mixin.py:190} INFO - [2026-04-07T04:17:44.540+0530] {dagbag.py:588} INFO - Filling up the DagBag from /home/ubantu/miniconda3/envs/airflow-env/lib/python3.11/site-packages/airflow/example_dags/example_python_operator.py
[2026-04-07T04:17:44.548+0530] {logging_mixin.py:190} INFO - [2026-04-07T04:17:44.548+0530] {example_python_operator.py:93} WARNING - The virtalenv_python example task requires virtualenv, please install it.
[2026-04-07T04:17:44.550+0530] {processor.py:925} INFO - DAG(s) 'example_python_operator' retrieved from /home/ubantu/miniconda3/envs/airflow-env/lib/python3.11/site-packages/airflow/example_dags/example_python_operator.py
[2026-04-07T04:17:44.567+0530] {logging_mixin.py:190} INFO - [2026-04-07T04:17:44.567+0530] {dag.py:3239} INFO - Sync 1 DAGs
[2026-04-07T04:17:44.578+0530] {logging_mixin.py:190} INFO - [2026-04-07T04:17:44.578+0530] {dag.py:4180} INFO - Setting next_dagrun for example_python_operator to None, run_after=None
[2026-04-07T04:17:44.596+0530] {processor.py:208} INFO - Processing /home/ubantu/miniconda3/envs/airflow-env/lib/python3.11/site-packages/airflow/example_dags/example_python_operator.py took 0.065 seconds
[2026-04-07T04:18:38.688+0530] {processor.py:186} INFO - Started process (PID=6831) to work on /home/ubantu/miniconda3/envs/airflow-env/lib/python3.11/site-packages/airflow/example_dags/example_python_operator.py
[2026-04-07T04:18:38.689+0530] {processor.py:914} INFO - Processing file /home/ubantu/miniconda3/envs/airflow-env/lib/python3.11/site-packages/airflow/example_dags/example_python_operator.py for tasks to queue
[2026-04-07T04:18:38.691+0530] {logging_mixin.py:190} INFO - [2026-04-07T04:18:38.690+0530] {dagbag.py:588} INFO - Filling up the DagBag from /home/ubantu/miniconda3/envs/airflow-env/lib/python3.11/site-packages/airflow/example_dags/example_python_operator.py
[2026-04-07T04:18:38.698+0530] {logging_mixin.py:190} INFO - [2026-04-07T04:18:38.698+0530] {example_python_operator.py:93} WARNING - The virtalenv_python example task requires virtualenv, please install it.
[2026-04-07T04:18:38.701+0530] {processor.py:925} INFO - DAG(s) 'example_python_operator' retrieved from /home/ubantu/miniconda3/envs/airflow-env/lib/python3.11/site-packages/airflow/example_dags/example_python_operator.py
[2026-04-07T04:18:38.718+0530] {logging_mixin.py:190} INFO - [2026-04-07T04:18:38.718+0530] {dag.py:3239} INFO - Sync 1 DAGs
[2026-04-07T04:18:38.730+0530] {logging_mixin.py:190} INFO - [2026-04-07T04:18:38.730+0530] {dag.py:4180} INFO - Setting next_dagrun for example_python_operator to None, run_after=None
[2026-04-07T04:18:38.752+0530] {processor.py:208} INFO - Processing /home/ubantu/miniconda3/envs/airflow-env/lib/python3.11/site-packages/airflow/example_dags/example_python_operator.py took 0.071 seconds
[2026-04-07T04:19:31.432+0530] {processor.py:186} INFO - Started process (PID=6891) to work on /home/ubantu/miniconda3/envs/airflow-env/lib/python3.11/site-packages/airflow/example_dags/example_python_operator.py
[2026-04-07T04:19:31.433+0530] {processor.py:914} INFO - Processing file /home/ubantu/miniconda3/envs/airflow-env/lib/python3.11/site-packages/airflow/example_dags/example_python_operator.py for tasks to queue
[2026-04-07T04:19:31.436+0530] {logging_mixin.py:190} INFO - [2026-04-07T04:19:31.435+0530] {dagbag.py:588} INFO - Filling up the DagBag from /home/ubantu/miniconda3/envs/airflow-env/lib/python3.11/site-packages/airflow/example_dags/example_python_operator.py
[2026-04-07T04:19:31.442+0530] {logging_mixin.py:190} INFO - [2026-04-07T04:19:31.442+0530] {example_python_operator.py:93} WARNING - The virtalenv_python example task requires virtualenv, please install it.
[2026-04-07T04:19:31.445+0530] {processor.py:925} INFO - DAG(s) 'example_python_operator' retrieved from /home/ubantu/miniconda3/envs/airflow-env/lib/python3.11/site-packages/airflow/example_dags/example_python_operator.py
[2026-04-07T04:19:31.461+0530] {logging_mixin.py:190} INFO - [2026-04-07T04:19:31.461+0530] {dag.py:3239} INFO - Sync 1 DAGs
[2026-04-07T04:19:31.473+0530] {logging_mixin.py:190} INFO - [2026-04-07T04:19:31.473+0530] {dag.py:4180} INFO - Setting next_dagrun for example_python_operator to None, run_after=None
[2026-04-07T04:19:31.495+0530] {processor.py:208} INFO - Processing /home/ubantu/miniconda3/envs/airflow-env/lib/python3.11/site-packages/airflow/example_dags/example_python_operator.py took 0.068 seconds
[2026-04-07T04:20:21.212+0530] {processor.py:186} INFO - Started process (PID=6952) to work on /home/ubantu/miniconda3/envs/airflow-env/lib/python3.11/site-packages/airflow/example_dags/example_python_operator.py
[2026-04-07T04:20:21.213+0530] {processor.py:914} INFO - Processing file /home/ubantu/miniconda3/envs/airflow-env/lib/python3.11/site-packages/airflow/example_dags/example_python_operator.py for tasks to queue
[2026-04-07T04:20:21.215+0530] {logging_mixin.py:190} INFO - [2026-04-07T04:20:21.214+0530] {dagbag.py:588} INFO - Filling up the DagBag from /home/ubantu/miniconda3/envs/airflow-env/lib/python3.11/site-packages/airflow/example_dags/example_python_operator.py
[2026-04-07T04:20:21.222+0530] {logging_mixin.py:190} INFO - [2026-04-07T04:20:21.221+0530] {example_python_operator.py:93} WARNING - The virtalenv_python example task requires virtualenv, please install it.
[2026-04-07T04:20:21.224+0530] {processor.py:925} INFO - DAG(s) 'example_python_operator' retrieved from /home/ubantu/miniconda3/envs/airflow-env/lib/python3.11/site-packages/airflow/example_dags/example_python_operator.py
[2026-04-07T04:20:21.240+0530] {logging_mixin.py:190} INFO - [2026-04-07T04:20:21.240+0530] {dag.py:3239} INFO - Sync 1 DAGs
[2026-04-07T04:20:21.251+0530] {logging_mixin.py:190} INFO - [2026-04-07T04:20:21.251+0530] {dag.py:4180} INFO - Setting next_dagrun for example_python_operator to None, run_after=None
[2026-04-07T04:20:21.269+0530] {processor.py:208} INFO - Processing /home/ubantu/miniconda3/envs/airflow-env/lib/python3.11/site-packages/airflow/example_dags/example_python_operator.py took 0.063 seconds
[2026-04-07T04:21:14.383+0530] {processor.py:186} INFO - Started process (PID=7009) to work on /home/ubantu/miniconda3/envs/airflow-env/lib/python3.11/site-packages/airflow/example_dags/example_python_operator.py
[2026-04-07T04:21:14.384+0530] {processor.py:914} INFO - Processing file /home/ubantu/miniconda3/envs/airflow-env/lib/python3.11/site-packages/airflow/example_dags/example_python_operator.py for tasks to queue
[2026-04-07T04:21:14.386+0530] {logging_mixin.py:190} INFO - [2026-04-07T04:21:14.386+0530] {dagbag.py:588} INFO - Filling up the DagBag from /home/ubantu/miniconda3/envs/airflow-env/lib/python3.11/site-packages/airflow/example_dags/example_python_operator.py
[2026-04-07T04:21:14.393+0530] {logging_mixin.py:190} INFO - [2026-04-07T04:21:14.393+0530] {example_python_operator.py:93} WARNING - The virtalenv_python example task requires virtualenv, please install it.
[2026-04-07T04:21:14.396+0530] {processor.py:925} INFO - DAG(s) 'example_python_operator' retrieved from /home/ubantu/miniconda3/envs/airflow-env/lib/python3.11/site-packages/airflow/example_dags/example_python_operator.py
[2026-04-07T04:21:14.412+0530] {logging_mixin.py:190} INFO - [2026-04-07T04:21:14.412+0530] {dag.py:3239} INFO - Sync 1 DAGs
[2026-04-07T04:21:14.424+0530] {logging_mixin.py:190} INFO - [2026-04-07T04:21:14.423+0530] {dag.py:4180} INFO - Setting next_dagrun for example_python_operator to None, run_after=None
[2026-04-07T04:21:14.444+0530] {processor.py:208} INFO - Processing /home/ubantu/miniconda3/envs/airflow-env/lib/python3.11/site-packages/airflow/example_dags/example_python_operator.py took 0.067 seconds
[2026-04-07T04:22:09.807+0530] {processor.py:186} INFO - Started process (PID=7073) to work on /home/ubantu/miniconda3/envs/airflow-env/lib/python3.11/site-packages/airflow/example_dags/example_python_operator.py
[2026-04-07T04:22:09.808+0530] {processor.py:914} INFO - Processing file /home/ubantu/miniconda3/envs/airflow-env/lib/python3.11/site-packages/airflow/example_dags/example_python_operator.py for tasks to queue
[2026-04-07T04:22:09.810+0530] {logging_mixin.py:190} INFO - [2026-04-07T04:22:09.810+0530] {dagbag.py:588} INFO - Filling up the DagBag from /home/ubantu/miniconda3/envs/airflow-env/lib/python3.11/site-packages/airflow/example_dags/example_python_operator.py
[2026-04-07T04:22:09.817+0530] {logging_mixin.py:190} INFO - [2026-04-07T04:22:09.817+0530] {example_python_operator.py:93} WARNING - The virtalenv_python example task requires virtualenv, please install it.
[2026-04-07T04:22:09.819+0530] {processor.py:925} INFO - DAG(s) 'example_python_operator' retrieved from /home/ubantu/miniconda3/envs/airflow-env/lib/python3.11/site-packages/airflow/example_dags/example_python_operator.py
[2026-04-07T04:22:09.836+0530] {logging_mixin.py:190} INFO - [2026-04-07T04:22:09.836+0530] {dag.py:3239} INFO - Sync 1 DAGs
[2026-04-07T04:22:09.847+0530] {logging_mixin.py:190} INFO - [2026-04-07T04:22:09.847+0530] {dag.py:4180} INFO - Setting next_dagrun for example_python_operator to None, run_after=None
[2026-04-07T04:22:09.864+0530] {processor.py:208} INFO - Processing /home/ubantu/miniconda3/envs/airflow-env/lib/python3.11/site-packages/airflow/example_dags/example_python_operator.py took 0.064 seconds
[2026-04-07T04:23:03.765+0530] {processor.py:186} INFO - Started process (PID=7158) to work on /home/ubantu/miniconda3/envs/airflow-env/lib/python3.11/site-packages/airflow/example_dags/example_python_operator.py
[2026-04-07T04:23:03.767+0530] {processor.py:914} INFO - Processing file /home/ubantu/miniconda3/envs/airflow-env/lib/python3.11/site-packages/airflow/example_dags/example_python_operator.py for tasks to queue
[2026-04-07T04:23:03.769+0530] {logging_mixin.py:190} INFO - [2026-04-07T04:23:03.769+0530] {dagbag.py:588} INFO - Filling up the DagBag from /home/ubantu/miniconda3/envs/airflow-env/lib/python3.11/site-packages/airflow/example_dags/example_python_operator.py
[2026-04-07T04:23:03.778+0530] {logging_mixin.py:190} INFO - [2026-04-07T04:23:03.778+0530] {example_python_operator.py:93} WARNING - The virtalenv_python example task requires virtualenv, please install it.
[2026-04-07T04:23:03.782+0530] {processor.py:925} INFO - DAG(s) 'example_python_operator' retrieved from /home/ubantu/miniconda3/envs/airflow-env/lib/python3.11/site-packages/airflow/example_dags/example_python_operator.py
[2026-04-07T04:23:03.802+0530] {logging_mixin.py:190} INFO - [2026-04-07T04:23:03.802+0530] {dag.py:3239} INFO - Sync 1 DAGs
[2026-04-07T04:23:03.814+0530] {logging_mixin.py:190} INFO - [2026-04-07T04:23:03.814+0530] {dag.py:4180} INFO - Setting next_dagrun for example_python_operator to None, run_after=None
[2026-04-07T04:23:03.837+0530] {processor.py:208} INFO - Processing /home/ubantu/miniconda3/envs/airflow-env/lib/python3.11/site-packages/airflow/example_dags/example_python_operator.py took 0.080 seconds
[2026-04-07T04:23:55.387+0530] {processor.py:186} INFO - Started process (PID=7256) to work on /home/ubantu/miniconda3/envs/airflow-env/lib/python3.11/site-packages/airflow/example_dags/example_python_operator.py
[2026-04-07T04:23:55.388+0530] {processor.py:914} INFO - Processing file /home/ubantu/miniconda3/envs/airflow-env/lib/python3.11/site-packages/airflow/example_dags/example_python_operator.py for tasks to queue
[2026-04-07T04:23:55.390+0530] {logging_mixin.py:190} INFO - [2026-04-07T04:23:55.390+0530] {dagbag.py:588} INFO - Filling up the DagBag from /home/ubantu/miniconda3/envs/airflow-env/lib/python3.11/site-packages/airflow/example_dags/example_python_operator.py
[2026-04-07T04:23:55.397+0530] {logging_mixin.py:190} INFO - [2026-04-07T04:23:55.397+0530] {example_python_operator.py:93} WARNING - The virtalenv_python example task requires virtualenv, please install it.
[2026-04-07T04:23:55.400+0530] {processor.py:925} INFO - DAG(s) 'example_python_operator' retrieved from /home/ubantu/miniconda3/envs/airflow-env/lib/python3.11/site-packages/airflow/example_dags/example_python_operator.py
[2026-04-07T04:23:55.417+0530] {logging_mixin.py:190} INFO - [2026-04-07T04:23:55.417+0530] {dag.py:3239} INFO - Sync 1 DAGs
[2026-04-07T04:23:55.429+0530] {logging_mixin.py:190} INFO - [2026-04-07T04:23:55.429+0530] {dag.py:4180} INFO - Setting next_dagrun for example_python_operator to None, run_after=None
[2026-04-07T04:23:55.450+0530] {processor.py:208} INFO - Processing /home/ubantu/miniconda3/envs/airflow-env/lib/python3.11/site-packages/airflow/example_dags/example_python_operator.py took 0.070 seconds
[2026-04-07T04:24:47.251+0530] {processor.py:186} INFO - Started process (PID=7344) to work on /home/ubantu/miniconda3/envs/airflow-env/lib/python3.11/site-packages/airflow/example_dags/example_python_operator.py
[2026-04-07T04:24:47.252+0530] {processor.py:914} INFO - Processing file /home/ubantu/miniconda3/envs/airflow-env/lib/python3.11/site-packages/airflow/example_dags/example_python_operator.py for tasks to queue
[2026-04-07T04:24:47.254+0530] {logging_mixin.py:190} INFO - [2026-04-07T04:24:47.253+0530] {dagbag.py:588} INFO - Filling up the DagBag from /home/ubantu/miniconda3/envs/airflow-env/lib/python3.11/site-packages/airflow/example_dags/example_python_operator.py
[2026-04-07T04:24:47.261+0530] {logging_mixin.py:190} INFO - [2026-04-07T04:24:47.260+0530] {example_python_operator.py:93} WARNING - The virtalenv_python example task requires virtualenv, please install it.
[2026-04-07T04:24:47.263+0530] {processor.py:925} INFO - DAG(s) 'example_python_operator' retrieved from /home/ubantu/miniconda3/envs/airflow-env/lib/python3.11/site-packages/airflow/example_dags/example_python_operator.py
[2026-04-07T04:24:47.280+0530] {logging_mixin.py:190} INFO - [2026-04-07T04:24:47.279+0530] {dag.py:3239} INFO - Sync 1 DAGs
[2026-04-07T04:24:47.291+0530] {logging_mixin.py:190} INFO - [2026-04-07T04:24:47.291+0530] {dag.py:4180} INFO - Setting next_dagrun for example_python_operator to None, run_after=None
[2026-04-07T04:24:47.310+0530] {processor.py:208} INFO - Processing /home/ubantu/miniconda3/envs/airflow-env/lib/python3.11/site-packages/airflow/example_dags/example_python_operator.py took 0.066 seconds
[2026-04-07T04:25:41.372+0530] {processor.py:186} INFO - Started process (PID=7436) to work on /home/ubantu/miniconda3/envs/airflow-env/lib/python3.11/site-packages/airflow/example_dags/example_python_operator.py
[2026-04-07T04:25:41.373+0530] {processor.py:914} INFO - Processing file /home/ubantu/miniconda3/envs/airflow-env/lib/python3.11/site-packages/airflow/example_dags/example_python_operator.py for tasks to queue
[2026-04-07T04:25:41.376+0530] {logging_mixin.py:190} INFO - [2026-04-07T04:25:41.375+0530] {dagbag.py:588} INFO - Filling up the DagBag from /home/ubantu/miniconda3/envs/airflow-env/lib/python3.11/site-packages/airflow/example_dags/example_python_operator.py
[2026-04-07T04:25:41.383+0530] {logging_mixin.py:190} INFO - [2026-04-07T04:25:41.383+0530] {example_python_operator.py:93} WARNING - The virtalenv_python example task requires virtualenv, please install it.
[2026-04-07T04:25:41.386+0530] {processor.py:925} INFO - DAG(s) 'example_python_operator' retrieved from /home/ubantu/miniconda3/envs/airflow-env/lib/python3.11/site-packages/airflow/example_dags/example_python_operator.py
[2026-04-07T04:25:41.403+0530] {logging_mixin.py:190} INFO - [2026-04-07T04:25:41.402+0530] {dag.py:3239} INFO - Sync 1 DAGs
[2026-04-07T04:25:41.413+0530] {logging_mixin.py:190} INFO - [2026-04-07T04:25:41.413+0530] {dag.py:4180} INFO - Setting next_dagrun for example_python_operator to None, run_after=None
[2026-04-07T04:25:41.431+0530] {processor.py:208} INFO - Processing /home/ubantu/miniconda3/envs/airflow-env/lib/python3.11/site-packages/airflow/example_dags/example_python_operator.py took 0.065 seconds
[2026-04-07T04:26:37.295+0530] {processor.py:186} INFO - Started process (PID=7502) to work on /home/ubantu/miniconda3/envs/airflow-env/lib/python3.11/site-packages/airflow/example_dags/example_python_operator.py
[2026-04-07T04:26:37.296+0530] {processor.py:914} INFO - Processing file /home/ubantu/miniconda3/envs/airflow-env/lib/python3.11/site-packages/airflow/example_dags/example_python_operator.py for tasks to queue
[2026-04-07T04:26:37.298+0530] {logging_mixin.py:190} INFO - [2026-04-07T04:26:37.297+0530] {dagbag.py:588} INFO - Filling up the DagBag from /home/ubantu/miniconda3/envs/airflow-env/lib/python3.11/site-packages/airflow/example_dags/example_python_operator.py
[2026-04-07T04:26:37.304+0530] {logging_mixin.py:190} INFO - [2026-04-07T04:26:37.304+0530] {example_python_operator.py:93} WARNING - The virtalenv_python example task requires virtualenv, please install it.
[2026-04-07T04:26:37.307+0530] {processor.py:925} INFO - DAG(s) 'example_python_operator' retrieved from /home/ubantu/miniconda3/envs/airflow-env/lib/python3.11/site-packages/airflow/example_dags/example_python_operator.py
[2026-04-07T04:26:37.321+0530] {logging_mixin.py:190} INFO - [2026-04-07T04:26:37.321+0530] {dag.py:3239} INFO - Sync 1 DAGs
[2026-04-07T04:26:37.332+0530] {logging_mixin.py:190} INFO - [2026-04-07T04:26:37.332+0530] {dag.py:4180} INFO - Setting next_dagrun for example_python_operator to None, run_after=None
[2026-04-07T04:26:37.349+0530] {processor.py:208} INFO - Processing /home/ubantu/miniconda3/envs/airflow-env/lib/python3.11/site-packages/airflow/example_dags/example_python_operator.py took 0.060 seconds
[2026-04-07T04:27:30.881+0530] {processor.py:186} INFO - Started process (PID=7569) to work on /home/ubantu/miniconda3/envs/airflow-env/lib/python3.11/site-packages/airflow/example_dags/example_python_operator.py
[2026-04-07T04:27:30.882+0530] {processor.py:914} INFO - Processing file /home/ubantu/miniconda3/envs/airflow-env/lib/python3.11/site-packages/airflow/example_dags/example_python_operator.py for tasks to queue
[2026-04-07T04:27:30.884+0530] {logging_mixin.py:190} INFO - [2026-04-07T04:27:30.884+0530] {dagbag.py:588} INFO - Filling up the DagBag from /home/ubantu/miniconda3/envs/airflow-env/lib/python3.11/site-packages/airflow/example_dags/example_python_operator.py
[2026-04-07T04:27:30.893+0530] {logging_mixin.py:190} INFO - [2026-04-07T04:27:30.893+0530] {example_python_operator.py:93} WARNING - The virtalenv_python example task requires virtualenv, please install it.
[2026-04-07T04:27:30.897+0530] {processor.py:925} INFO - DAG(s) 'example_python_operator' retrieved from /home/ubantu/miniconda3/envs/airflow-env/lib/python3.11/site-packages/airflow/example_dags/example_python_operator.py
[2026-04-07T04:27:30.913+0530] {logging_mixin.py:190} INFO - [2026-04-07T04:27:30.913+0530] {dag.py:3239} INFO - Sync 1 DAGs
[2026-04-07T04:27:30.924+0530] {logging_mixin.py:190} INFO - [2026-04-07T04:27:30.924+0530] {dag.py:4180} INFO - Setting next_dagrun for example_python_operator to None, run_after=None
[2026-04-07T04:27:30.943+0530] {processor.py:208} INFO - Processing /home/ubantu/miniconda3/envs/airflow-env/lib/python3.11/site-packages/airflow/example_dags/example_python_operator.py took 0.070 seconds
[2026-04-07T04:28:21.386+0530] {processor.py:186} INFO - Started process (PID=7630) to work on /home/ubantu/miniconda3/envs/airflow-env/lib/python3.11/site-packages/airflow/example_dags/example_python_operator.py
[2026-04-07T04:28:21.387+0530] {processor.py:914} INFO - Processing file /home/ubantu/miniconda3/envs/airflow-env/lib/python3.11/site-packages/airflow/example_dags/example_python_operator.py for tasks to queue
[2026-04-07T04:28:21.389+0530] {logging_mixin.py:190} INFO - [2026-04-07T04:28:21.389+0530] {dagbag.py:588} INFO - Filling up the DagBag from /home/ubantu/miniconda3/envs/airflow-env/lib/python3.11/site-packages/airflow/example_dags/example_python_operator.py
[2026-04-07T04:28:21.395+0530] {logging_mixin.py:190} INFO - [2026-04-07T04:28:21.395+0530] {example_python_operator.py:93} WARNING - The virtalenv_python example task requires virtualenv, please install it.
[2026-04-07T04:28:21.398+0530] {processor.py:925} INFO - DAG(s) 'example_python_operator' retrieved from /home/ubantu/miniconda3/envs/airflow-env/lib/python3.11/site-packages/airflow/example_dags/example_python_operator.py
[2026-04-07T04:28:21.413+0530] {logging_mixin.py:190} INFO - [2026-04-07T04:28:21.413+0530] {dag.py:3239} INFO - Sync 1 DAGs
[2026-04-07T04:28:21.424+0530] {logging_mixin.py:190} INFO - [2026-04-07T04:28:21.423+0530] {dag.py:4180} INFO - Setting next_dagrun for example_python_operator to None, run_after=None
[2026-04-07T04:28:21.442+0530] {processor.py:208} INFO - Processing /home/ubantu/miniconda3/envs/airflow-env/lib/python3.11/site-packages/airflow/example_dags/example_python_operator.py took 0.061 seconds
[2026-04-07T04:29:15.522+0530] {processor.py:186} INFO - Started process (PID=7700) to work on /home/ubantu/miniconda3/envs/airflow-env/lib/python3.11/site-packages/airflow/example_dags/example_python_operator.py
[2026-04-07T04:29:15.524+0530] {processor.py:914} INFO - Processing file /home/ubantu/miniconda3/envs/airflow-env/lib/python3.11/site-packages/airflow/example_dags/example_python_operator.py for tasks to queue
[2026-04-07T04:29:15.526+0530] {logging_mixin.py:190} INFO - [2026-04-07T04:29:15.526+0530] {dagbag.py:588} INFO - Filling up the DagBag from /home/ubantu/miniconda3/envs/airflow-env/lib/python3.11/site-packages/airflow/example_dags/example_python_operator.py
[2026-04-07T04:29:15.532+0530] {logging_mixin.py:190} INFO - [2026-04-07T04:29:15.532+0530] {example_python_operator.py:93} WARNING - The virtalenv_python example task requires virtualenv, please install it.
[2026-04-07T04:29:15.535+0530] {processor.py:925} INFO - DAG(s) 'example_python_operator' retrieved from /home/ubantu/miniconda3/envs/airflow-env/lib/python3.11/site-packages/airflow/example_dags/example_python_operator.py
[2026-04-07T04:29:15.550+0530] {logging_mixin.py:190} INFO - [2026-04-07T04:29:15.550+0530] {dag.py:3239} INFO - Sync 1 DAGs
[2026-04-07T04:29:15.561+0530] {logging_mixin.py:190} INFO - [2026-04-07T04:29:15.561+0530] {dag.py:4180} INFO - Setting next_dagrun for example_python_operator to None, run_after=None
[2026-04-07T04:29:15.600+0530] {processor.py:208} INFO - Processing /home/ubantu/miniconda3/envs/airflow-env/lib/python3.11/site-packages/airflow/example_dags/example_python_operator.py took 0.084 seconds
[2026-04-07T04:30:13.296+0530] {processor.py:186} INFO - Started process (PID=7768) to work on /home/ubantu/miniconda3/envs/airflow-env/lib/python3.11/site-packages/airflow/example_dags/example_python_operator.py
[2026-04-07T04:30:13.299+0530] {processor.py:914} INFO - Processing file /home/ubantu/miniconda3/envs/airflow-env/lib/python3.11/site-packages/airflow/example_dags/example_python_operator.py for tasks to queue
[2026-04-07T04:30:13.302+0530] {logging_mixin.py:190} INFO - [2026-04-07T04:30:13.301+0530] {dagbag.py:588} INFO - Filling up the DagBag from /home/ubantu/miniconda3/envs/airflow-env/lib/python3.11/site-packages/airflow/example_dags/example_python_operator.py
[2026-04-07T04:30:13.310+0530] {logging_mixin.py:190} INFO - [2026-04-07T04:30:13.310+0530] {example_python_operator.py:93} WARNING - The virtalenv_python example task requires virtualenv, please install it.
[2026-04-07T04:30:13.314+0530] {processor.py:925} INFO - DAG(s) 'example_python_operator' retrieved from /home/ubantu/miniconda3/envs/airflow-env/lib/python3.11/site-packages/airflow/example_dags/example_python_operator.py
[2026-04-07T04:30:13.333+0530] {logging_mixin.py:190} INFO - [2026-04-07T04:30:13.333+0530] {dag.py:3239} INFO - Sync 1 DAGs
[2026-04-07T04:30:13.344+0530] {logging_mixin.py:190} INFO - [2026-04-07T04:30:13.344+0530] {dag.py:4180} INFO - Setting next_dagrun for example_python_operator to None, run_after=None
[2026-04-07T04:30:13.387+0530] {processor.py:208} INFO - Processing /home/ubantu/miniconda3/envs/airflow-env/lib/python3.11/site-packages/airflow/example_dags/example_python_operator.py took 0.099 seconds
[2026-04-07T04:31:11.054+0530] {processor.py:186} INFO - Started process (PID=7836) to work on /home/ubantu/miniconda3/envs/airflow-env/lib/python3.11/site-packages/airflow/example_dags/example_python_operator.py
[2026-04-07T04:31:11.056+0530] {processor.py:914} INFO - Processing file /home/ubantu/miniconda3/envs/airflow-env/lib/python3.11/site-packages/airflow/example_dags/example_python_operator.py for tasks to queue
[2026-04-07T04:31:11.058+0530] {logging_mixin.py:190} INFO - [2026-04-07T04:31:11.058+0530] {dagbag.py:588} INFO - Filling up the DagBag from /home/ubantu/miniconda3/envs/airflow-env/lib/python3.11/site-packages/airflow/example_dags/example_python_operator.py
[2026-04-07T04:31:11.066+0530] {logging_mixin.py:190} INFO - [2026-04-07T04:31:11.066+0530] {example_python_operator.py:93} WARNING - The virtalenv_python example task requires virtualenv, please install it.
[2026-04-07T04:31:11.069+0530] {processor.py:925} INFO - DAG(s) 'example_python_operator' retrieved from /home/ubantu/miniconda3/envs/airflow-env/lib/python3.11/site-packages/airflow/example_dags/example_python_operator.py
[2026-04-07T04:31:11.087+0530] {logging_mixin.py:190} INFO - [2026-04-07T04:31:11.087+0530] {dag.py:3239} INFO - Sync 1 DAGs
[2026-04-07T04:31:11.097+0530] {logging_mixin.py:190} INFO - [2026-04-07T04:31:11.097+0530] {dag.py:4180} INFO - Setting next_dagrun for example_python_operator to None, run_after=None
[2026-04-07T04:31:11.142+0530] {processor.py:208} INFO - Processing /home/ubantu/miniconda3/envs/airflow-env/lib/python3.11/site-packages/airflow/example_dags/example_python_operator.py took 0.094 seconds
[2026-04-07T04:32:09.006+0530] {processor.py:186} INFO - Started process (PID=7901) to work on /home/ubantu/miniconda3/envs/airflow-env/lib/python3.11/site-packages/airflow/example_dags/example_python_operator.py
[2026-04-07T04:32:09.008+0530] {processor.py:914} INFO - Processing file /home/ubantu/miniconda3/envs/airflow-env/lib/python3.11/site-packages/airflow/example_dags/example_python_operator.py for tasks to queue
[2026-04-07T04:32:09.011+0530] {logging_mixin.py:190} INFO - [2026-04-07T04:32:09.010+0530] {dagbag.py:588} INFO - Filling up the DagBag from /home/ubantu/miniconda3/envs/airflow-env/lib/python3.11/site-packages/airflow/example_dags/example_python_operator.py
[2026-04-07T04:32:09.019+0530] {logging_mixin.py:190} INFO - [2026-04-07T04:32:09.019+0530] {example_python_operator.py:93} WARNING - The virtalenv_python example task requires virtualenv, please install it.
[2026-04-07T04:32:09.023+0530] {processor.py:925} INFO - DAG(s) 'example_python_operator' retrieved from /home/ubantu/miniconda3/envs/airflow-env/lib/python3.11/site-packages/airflow/example_dags/example_python_operator.py
[2026-04-07T04:32:09.042+0530] {logging_mixin.py:190} INFO - [2026-04-07T04:32:09.042+0530] {dag.py:3239} INFO - Sync 1 DAGs
[2026-04-07T04:32:09.053+0530] {logging_mixin.py:190} INFO - [2026-04-07T04:32:09.053+0530] {dag.py:4180} INFO - Setting next_dagrun for example_python_operator to None, run_after=None
[2026-04-07T04:32:09.093+0530] {processor.py:208} INFO - Processing /home/ubantu/miniconda3/envs/airflow-env/lib/python3.11/site-packages/airflow/example_dags/example_python_operator.py took 0.095 seconds
[2026-04-07T04:33:05.600+0530] {processor.py:186} INFO - Started process (PID=7977) to work on /home/ubantu/miniconda3/envs/airflow-env/lib/python3.11/site-packages/airflow/example_dags/example_python_operator.py
[2026-04-07T04:33:05.602+0530] {processor.py:914} INFO - Processing file /home/ubantu/miniconda3/envs/airflow-env/lib/python3.11/site-packages/airflow/example_dags/example_python_operator.py for tasks to queue
[2026-04-07T04:33:05.607+0530] {logging_mixin.py:190} INFO - [2026-04-07T04:33:05.606+0530] {dagbag.py:588} INFO - Filling up the DagBag from /home/ubantu/miniconda3/envs/airflow-env/lib/python3.11/site-packages/airflow/example_dags/example_python_operator.py
[2026-04-07T04:33:05.621+0530] {logging_mixin.py:190} INFO - [2026-04-07T04:33:05.621+0530] {example_python_operator.py:93} WARNING - The virtalenv_python example task requires virtualenv, please install it.
[2026-04-07T04:33:05.627+0530] {processor.py:925} INFO - DAG(s) 'example_python_operator' retrieved from /home/ubantu/miniconda3/envs/airflow-env/lib/python3.11/site-packages/airflow/example_dags/example_python_operator.py
[2026-04-07T04:33:05.661+0530] {logging_mixin.py:190} INFO - [2026-04-07T04:33:05.661+0530] {dag.py:3239} INFO - Sync 1 DAGs
[2026-04-07T04:33:05.675+0530] {logging_mixin.py:190} INFO - [2026-04-07T04:33:05.675+0530] {dag.py:4180} INFO - Setting next_dagrun for example_python_operator to None, run_after=None
[2026-04-07T04:33:05.694+0530] {processor.py:208} INFO - Processing /home/ubantu/miniconda3/envs/airflow-env/lib/python3.11/site-packages/airflow/example_dags/example_python_operator.py took 0.108 seconds
[2026-04-07T04:33:59.977+0530] {processor.py:186} INFO - Started process (PID=8160) to work on /home/ubantu/miniconda3/envs/airflow-env/lib/python3.11/site-packages/airflow/example_dags/example_python_operator.py
[2026-04-07T04:33:59.978+0530] {processor.py:914} INFO - Processing file /home/ubantu/miniconda3/envs/airflow-env/lib/python3.11/site-packages/airflow/example_dags/example_python_operator.py for tasks to queue
[2026-04-07T04:33:59.981+0530] {logging_mixin.py:190} INFO - [2026-04-07T04:33:59.980+0530] {dagbag.py:588} INFO - Filling up the DagBag from /home/ubantu/miniconda3/envs/airflow-env/lib/python3.11/site-packages/airflow/example_dags/example_python_operator.py
[2026-04-07T04:33:59.988+0530] {logging_mixin.py:190} INFO - [2026-04-07T04:33:59.988+0530] {example_python_operator.py:93} WARNING - The virtalenv_python example task requires virtualenv, please install it.
[2026-04-07T04:33:59.991+0530] {processor.py:925} INFO - DAG(s) 'example_python_operator' retrieved from /home/ubantu/miniconda3/envs/airflow-env/lib/python3.11/site-packages/airflow/example_dags/example_python_operator.py
[2026-04-07T04:34:00.008+0530] {logging_mixin.py:190} INFO - [2026-04-07T04:34:00.008+0530] {dag.py:3239} INFO - Sync 1 DAGs
[2026-04-07T04:34:00.023+0530] {logging_mixin.py:190} INFO - [2026-04-07T04:34:00.022+0530] {dag.py:4180} INFO - Setting next_dagrun for example_python_operator to None, run_after=None
[2026-04-07T04:34:00.045+0530] {processor.py:208} INFO - Processing /home/ubantu/miniconda3/envs/airflow-env/lib/python3.11/site-packages/airflow/example_dags/example_python_operator.py took 0.075 seconds
[2026-04-07T04:34:55.132+0530] {processor.py:186} INFO - Started process (PID=8228) to work on /home/ubantu/miniconda3/envs/airflow-env/lib/python3.11/site-packages/airflow/example_dags/example_python_operator.py
[2026-04-07T04:34:55.133+0530] {processor.py:914} INFO - Processing file /home/ubantu/miniconda3/envs/airflow-env/lib/python3.11/site-packages/airflow/example_dags/example_python_operator.py for tasks to queue
[2026-04-07T04:34:55.134+0530] {logging_mixin.py:190} INFO - [2026-04-07T04:34:55.134+0530] {dagbag.py:588} INFO - Filling up the DagBag from /home/ubantu/miniconda3/envs/airflow-env/lib/python3.11/site-packages/airflow/example_dags/example_python_operator.py
[2026-04-07T04:34:55.140+0530] {logging_mixin.py:190} INFO - [2026-04-07T04:34:55.140+0530] {example_python_operator.py:93} WARNING - The virtalenv_python example task requires virtualenv, please install it.
[2026-04-07T04:34:55.143+0530] {processor.py:925} INFO - DAG(s) 'example_python_operator' retrieved from /home/ubantu/miniconda3/envs/airflow-env/lib/python3.11/site-packages/airflow/example_dags/example_python_operator.py
[2026-04-07T04:34:55.158+0530] {logging_mixin.py:190} INFO - [2026-04-07T04:34:55.158+0530] {dag.py:3239} INFO - Sync 1 DAGs
[2026-04-07T04:34:55.169+0530] {logging_mixin.py:190} INFO - [2026-04-07T04:34:55.169+0530] {dag.py:4180} INFO - Setting next_dagrun for example_python_operator to None, run_after=None
[2026-04-07T04:34:55.187+0530] {processor.py:208} INFO - Processing /home/ubantu/miniconda3/envs/airflow-env/lib/python3.11/site-packages/airflow/example_dags/example_python_operator.py took 0.060 seconds
[2026-04-07T04:35:47.952+0530] {processor.py:186} INFO - Started process (PID=8299) to work on /home/ubantu/miniconda3/envs/airflow-env/lib/python3.11/site-packages/airflow/example_dags/example_python_operator.py
[2026-04-07T04:35:47.954+0530] {processor.py:914} INFO - Processing file /home/ubantu/miniconda3/envs/airflow-env/lib/python3.11/site-packages/airflow/example_dags/example_python_operator.py for tasks to queue
[2026-04-07T04:35:47.957+0530] {logging_mixin.py:190} INFO - [2026-04-07T04:35:47.956+0530] {dagbag.py:588} INFO - Filling up the DagBag from /home/ubantu/miniconda3/envs/airflow-env/lib/python3.11/site-packages/airflow/example_dags/example_python_operator.py
[2026-04-07T04:35:47.965+0530] {logging_mixin.py:190} INFO - [2026-04-07T04:35:47.965+0530] {example_python_operator.py:93} WARNING - The virtalenv_python example task requires virtualenv, please install it.
[2026-04-07T04:35:47.969+0530] {processor.py:925} INFO - DAG(s) 'example_python_operator' retrieved from /home/ubantu/miniconda3/envs/airflow-env/lib/python3.11/site-packages/airflow/example_dags/example_python_operator.py
[2026-04-07T04:35:47.994+0530] {logging_mixin.py:190} INFO - [2026-04-07T04:35:47.993+0530] {dag.py:3239} INFO - Sync 1 DAGs
[2026-04-07T04:35:48.011+0530] {logging_mixin.py:190} INFO - [2026-04-07T04:35:48.011+0530] {dag.py:4180} INFO - Setting next_dagrun for example_python_operator to None, run_after=None
[2026-04-07T04:35:48.042+0530] {processor.py:208} INFO - Processing /home/ubantu/miniconda3/envs/airflow-env/lib/python3.11/site-packages/airflow/example_dags/example_python_operator.py took 0.097 seconds
[2026-04-07T04:36:42.617+0530] {processor.py:186} INFO - Started process (PID=8373) to work on /home/ubantu/miniconda3/envs/airflow-env/lib/python3.11/site-packages/airflow/example_dags/example_python_operator.py
[2026-04-07T04:36:42.619+0530] {processor.py:914} INFO - Processing file /home/ubantu/miniconda3/envs/airflow-env/lib/python3.11/site-packages/airflow/example_dags/example_python_operator.py for tasks to queue
[2026-04-07T04:36:42.623+0530] {logging_mixin.py:190} INFO - [2026-04-07T04:36:42.623+0530] {dagbag.py:588} INFO - Filling up the DagBag from /home/ubantu/miniconda3/envs/airflow-env/lib/python3.11/site-packages/airflow/example_dags/example_python_operator.py
[2026-04-07T04:36:42.635+0530] {logging_mixin.py:190} INFO - [2026-04-07T04:36:42.634+0530] {example_python_operator.py:93} WARNING - The virtalenv_python example task requires virtualenv, please install it.
[2026-04-07T04:36:42.638+0530] {processor.py:925} INFO - DAG(s) 'example_python_operator' retrieved from /home/ubantu/miniconda3/envs/airflow-env/lib/python3.11/site-packages/airflow/example_dags/example_python_operator.py
[2026-04-07T04:36:42.654+0530] {logging_mixin.py:190} INFO - [2026-04-07T04:36:42.654+0530] {dag.py:3239} INFO - Sync 1 DAGs
[2026-04-07T04:36:42.666+0530] {logging_mixin.py:190} INFO - [2026-04-07T04:36:42.665+0530] {dag.py:4180} INFO - Setting next_dagrun for example_python_operator to None, run_after=None
[2026-04-07T04:36:42.684+0530] {processor.py:208} INFO - Processing /home/ubantu/miniconda3/envs/airflow-env/lib/python3.11/site-packages/airflow/example_dags/example_python_operator.py took 0.078 seconds
[2026-04-07T04:37:35.906+0530] {processor.py:186} INFO - Started process (PID=8465) to work on /home/ubantu/miniconda3/envs/airflow-env/lib/python3.11/site-packages/airflow/example_dags/example_python_operator.py
[2026-04-07T04:37:35.907+0530] {processor.py:914} INFO - Processing file /home/ubantu/miniconda3/envs/airflow-env/lib/python3.11/site-packages/airflow/example_dags/example_python_operator.py for tasks to queue
[2026-04-07T04:37:35.910+0530] {logging_mixin.py:190} INFO - [2026-04-07T04:37:35.909+0530] {dagbag.py:588} INFO - Filling up the DagBag from /home/ubantu/miniconda3/envs/airflow-env/lib/python3.11/site-packages/airflow/example_dags/example_python_operator.py
[2026-04-07T04:37:35.922+0530] {logging_mixin.py:190} INFO - [2026-04-07T04:37:35.921+0530] {example_python_operator.py:93} WARNING - The virtalenv_python example task requires virtualenv, please install it.
[2026-04-07T04:37:35.926+0530] {processor.py:925} INFO - DAG(s) 'example_python_operator' retrieved from /home/ubantu/miniconda3/envs/airflow-env/lib/python3.11/site-packages/airflow/example_dags/example_python_operator.py
[2026-04-07T04:37:35.944+0530] {logging_mixin.py:190} INFO - [2026-04-07T04:37:35.944+0530] {dag.py:3239} INFO - Sync 1 DAGs
[2026-04-07T04:37:35.956+0530] {logging_mixin.py:190} INFO - [2026-04-07T04:37:35.956+0530] {dag.py:4180} INFO - Setting next_dagrun for example_python_operator to None, run_after=None
[2026-04-07T04:37:35.982+0530] {processor.py:208} INFO - Processing /home/ubantu/miniconda3/envs/airflow-env/lib/python3.11/site-packages/airflow/example_dags/example_python_operator.py took 0.089 seconds
[2026-04-07T04:38:41.409+0530] {processor.py:186} INFO - Started process (PID=8570) to work on /home/ubantu/miniconda3/envs/airflow-env/lib/python3.11/site-packages/airflow/example_dags/example_python_operator.py
[2026-04-07T04:38:41.411+0530] {processor.py:914} INFO - Processing file /home/ubantu/miniconda3/envs/airflow-env/lib/python3.11/site-packages/airflow/example_dags/example_python_operator.py for tasks to queue
[2026-04-07T04:38:41.412+0530] {logging_mixin.py:190} INFO - [2026-04-07T04:38:41.412+0530] {dagbag.py:588} INFO - Filling up the DagBag from /home/ubantu/miniconda3/envs/airflow-env/lib/python3.11/site-packages/airflow/example_dags/example_python_operator.py
[2026-04-07T04:38:41.421+0530] {logging_mixin.py:190} INFO - [2026-04-07T04:38:41.421+0530] {example_python_operator.py:93} WARNING - The virtalenv_python example task requires virtualenv, please install it.
[2026-04-07T04:38:41.424+0530] {processor.py:925} INFO - DAG(s) 'example_python_operator' retrieved from /home/ubantu/miniconda3/envs/airflow-env/lib/python3.11/site-packages/airflow/example_dags/example_python_operator.py
[2026-04-07T04:38:41.445+0530] {logging_mixin.py:190} INFO - [2026-04-07T04:38:41.445+0530] {dag.py:3239} INFO - Sync 1 DAGs
[2026-04-07T04:38:41.458+0530] {logging_mixin.py:190} INFO - [2026-04-07T04:38:41.458+0530] {dag.py:4180} INFO - Setting next_dagrun for example_python_operator to None, run_after=None
[2026-04-07T04:38:41.477+0530] {processor.py:208} INFO - Processing /home/ubantu/miniconda3/envs/airflow-env/lib/python3.11/site-packages/airflow/example_dags/example_python_operator.py took 0.077 seconds
[2026-04-07T04:39:39.148+0530] {processor.py:186} INFO - Started process (PID=8645) to work on /home/ubantu/miniconda3/envs/airflow-env/lib/python3.11/site-packages/airflow/example_dags/example_python_operator.py
[2026-04-07T04:39:39.149+0530] {processor.py:914} INFO - Processing file /home/ubantu/miniconda3/envs/airflow-env/lib/python3.11/site-packages/airflow/example_dags/example_python_operator.py for tasks to queue
[2026-04-07T04:39:39.151+0530] {logging_mixin.py:190} INFO - [2026-04-07T04:39:39.150+0530] {dagbag.py:588} INFO - Filling up the DagBag from /home/ubantu/miniconda3/envs/airflow-env/lib/python3.11/site-packages/airflow/example_dags/example_python_operator.py
[2026-04-07T04:39:39.159+0530] {logging_mixin.py:190} INFO - [2026-04-07T04:39:39.159+0530] {example_python_operator.py:93} WARNING - The virtalenv_python example task requires virtualenv, please install it.
[2026-04-07T04:39:39.163+0530] {processor.py:925} INFO - DAG(s) 'example_python_operator' retrieved from /home/ubantu/miniconda3/envs/airflow-env/lib/python3.11/site-packages/airflow/example_dags/example_python_operator.py
[2026-04-07T04:39:39.183+0530] {logging_mixin.py:190} INFO - [2026-04-07T04:39:39.183+0530] {dag.py:3239} INFO - Sync 1 DAGs
[2026-04-07T04:39:39.196+0530] {logging_mixin.py:190} INFO - [2026-04-07T04:39:39.196+0530] {dag.py:4180} INFO - Setting next_dagrun for example_python_operator to None, run_after=None
[2026-04-07T04:39:39.214+0530] {processor.py:208} INFO - Processing /home/ubantu/miniconda3/envs/airflow-env/lib/python3.11/site-packages/airflow/example_dags/example_python_operator.py took 0.074 seconds
[2026-04-07T04:40:36.072+0530] {processor.py:186} INFO - Started process (PID=8724) to work on /home/ubantu/miniconda3/envs/airflow-env/lib/python3.11/site-packages/airflow/example_dags/example_python_operator.py
[2026-04-07T04:40:36.073+0530] {processor.py:914} INFO - Processing file /home/ubantu/miniconda3/envs/airflow-env/lib/python3.11/site-packages/airflow/example_dags/example_python_operator.py for tasks to queue
[2026-04-07T04:40:36.074+0530] {logging_mixin.py:190} INFO - [2026-04-07T04:40:36.074+0530] {dagbag.py:588} INFO - Filling up the DagBag from /home/ubantu/miniconda3/envs/airflow-env/lib/python3.11/site-packages/airflow/example_dags/example_python_operator.py
[2026-04-07T04:40:36.082+0530] {logging_mixin.py:190} INFO - [2026-04-07T04:40:36.081+0530] {example_python_operator.py:93} WARNING - The virtalenv_python example task requires virtualenv, please install it.
[2026-04-07T04:40:36.085+0530] {processor.py:925} INFO - DAG(s) 'example_python_operator' retrieved from /home/ubantu/miniconda3/envs/airflow-env/lib/python3.11/site-packages/airflow/example_dags/example_python_operator.py
[2026-04-07T04:40:36.102+0530] {logging_mixin.py:190} INFO - [2026-04-07T04:40:36.102+0530] {dag.py:3239} INFO - Sync 1 DAGs
[2026-04-07T04:40:36.114+0530] {logging_mixin.py:190} INFO - [2026-04-07T04:40:36.114+0530] {dag.py:4180} INFO - Setting next_dagrun for example_python_operator to None, run_after=None
[2026-04-07T04:40:36.131+0530] {processor.py:208} INFO - Processing /home/ubantu/miniconda3/envs/airflow-env/lib/python3.11/site-packages/airflow/example_dags/example_python_operator.py took 0.065 seconds
[2026-04-07T04:41:27.253+0530] {processor.py:186} INFO - Started process (PID=8881) to work on /home/ubantu/miniconda3/envs/airflow-env/lib/python3.11/site-packages/airflow/example_dags/example_python_operator.py
[2026-04-07T04:41:27.254+0530] {processor.py:914} INFO - Processing file /home/ubantu/miniconda3/envs/airflow-env/lib/python3.11/site-packages/airflow/example_dags/example_python_operator.py for tasks to queue
[2026-04-07T04:41:27.257+0530] {logging_mixin.py:190} INFO - [2026-04-07T04:41:27.256+0530] {dagbag.py:588} INFO - Filling up the DagBag from /home/ubantu/miniconda3/envs/airflow-env/lib/python3.11/site-packages/airflow/example_dags/example_python_operator.py
[2026-04-07T04:41:27.264+0530] {logging_mixin.py:190} INFO - [2026-04-07T04:41:27.264+0530] {example_python_operator.py:93} WARNING - The virtalenv_python example task requires virtualenv, please install it.
[2026-04-07T04:41:27.266+0530] {processor.py:925} INFO - DAG(s) 'example_python_operator' retrieved from /home/ubantu/miniconda3/envs/airflow-env/lib/python3.11/site-packages/airflow/example_dags/example_python_operator.py
[2026-04-07T04:41:27.284+0530] {logging_mixin.py:190} INFO - [2026-04-07T04:41:27.284+0530] {dag.py:3239} INFO - Sync 1 DAGs
[2026-04-07T04:41:27.295+0530] {logging_mixin.py:190} INFO - [2026-04-07T04:41:27.295+0530] {dag.py:4180} INFO - Setting next_dagrun for example_python_operator to None, run_after=None
[2026-04-07T04:41:27.318+0530] {processor.py:208} INFO - Processing /home/ubantu/miniconda3/envs/airflow-env/lib/python3.11/site-packages/airflow/example_dags/example_python_operator.py took 0.074 seconds
[2026-04-07T04:41:34.430+0530] {processor.py:186} INFO - Started process (PID=8894) to work on /home/ubantu/miniconda3/envs/airflow-env/lib/python3.11/site-packages/airflow/example_dags/example_python_operator.py
[2026-04-07T04:41:34.430+0530] {processor.py:914} INFO - Processing file /home/ubantu/miniconda3/envs/airflow-env/lib/python3.11/site-packages/airflow/example_dags/example_python_operator.py for tasks to queue
[2026-04-07T04:41:34.432+0530] {logging_mixin.py:190} INFO - [2026-04-07T04:41:34.431+0530] {dagbag.py:588} INFO - Filling up the DagBag from /home/ubantu/miniconda3/envs/airflow-env/lib/python3.11/site-packages/airflow/example_dags/example_python_operator.py
[2026-04-07T04:41:34.439+0530] {logging_mixin.py:190} INFO - [2026-04-07T04:41:34.439+0530] {example_python_operator.py:93} WARNING - The virtalenv_python example task requires virtualenv, please install it.
[2026-04-07T04:41:34.442+0530] {processor.py:925} INFO - DAG(s) 'example_python_operator' retrieved from /home/ubantu/miniconda3/envs/airflow-env/lib/python3.11/site-packages/airflow/example_dags/example_python_operator.py
[2026-04-07T04:41:34.458+0530] {logging_mixin.py:190} INFO - [2026-04-07T04:41:34.458+0530] {dag.py:3239} INFO - Sync 1 DAGs
[2026-04-07T04:41:34.471+0530] {logging_mixin.py:190} INFO - [2026-04-07T04:41:34.471+0530] {dag.py:4180} INFO - Setting next_dagrun for example_python_operator to None, run_after=None
[2026-04-07T04:41:34.494+0530] {processor.py:208} INFO - Processing /home/ubantu/miniconda3/envs/airflow-env/lib/python3.11/site-packages/airflow/example_dags/example_python_operator.py took 0.070 seconds
[2026-04-07T04:42:20.955+0530] {processor.py:186} INFO - Started process (PID=9016) to work on /home/ubantu/miniconda3/envs/airflow-env/lib/python3.11/site-packages/airflow/example_dags/example_python_operator.py
[2026-04-07T04:42:20.956+0530] {processor.py:914} INFO - Processing file /home/ubantu/miniconda3/envs/airflow-env/lib/python3.11/site-packages/airflow/example_dags/example_python_operator.py for tasks to queue
[2026-04-07T04:42:20.958+0530] {logging_mixin.py:190} INFO - [2026-04-07T04:42:20.958+0530] {dagbag.py:588} INFO - Filling up the DagBag from /home/ubantu/miniconda3/envs/airflow-env/lib/python3.11/site-packages/airflow/example_dags/example_python_operator.py
[2026-04-07T04:42:20.966+0530] {logging_mixin.py:190} INFO - [2026-04-07T04:42:20.966+0530] {example_python_operator.py:93} WARNING - The virtalenv_python example task requires virtualenv, please install it.
[2026-04-07T04:42:20.969+0530] {processor.py:925} INFO - DAG(s) 'example_python_operator' retrieved from /home/ubantu/miniconda3/envs/airflow-env/lib/python3.11/site-packages/airflow/example_dags/example_python_operator.py
[2026-04-07T04:42:20.987+0530] {logging_mixin.py:190} INFO - [2026-04-07T04:42:20.987+0530] {dag.py:3239} INFO - Sync 1 DAGs
[2026-04-07T04:42:20.999+0530] {logging_mixin.py:190} INFO - [2026-04-07T04:42:20.999+0530] {dag.py:4180} INFO - Setting next_dagrun for example_python_operator to None, run_after=None
[2026-04-07T04:42:21.018+0530] {processor.py:208} INFO - Processing /home/ubantu/miniconda3/envs/airflow-env/lib/python3.11/site-packages/airflow/example_dags/example_python_operator.py took 0.069 seconds
[2026-04-07T04:42:29.135+0530] {processor.py:186} INFO - Started process (PID=9035) to work on /home/ubantu/miniconda3/envs/airflow-env/lib/python3.11/site-packages/airflow/example_dags/example_python_operator.py
[2026-04-07T04:42:29.136+0530] {processor.py:914} INFO - Processing file /home/ubantu/miniconda3/envs/airflow-env/lib/python3.11/site-packages/airflow/example_dags/example_python_operator.py for tasks to queue
[2026-04-07T04:42:29.137+0530] {logging_mixin.py:190} INFO - [2026-04-07T04:42:29.137+0530] {dagbag.py:588} INFO - Filling up the DagBag from /home/ubantu/miniconda3/envs/airflow-env/lib/python3.11/site-packages/airflow/example_dags/example_python_operator.py
[2026-04-07T04:42:29.143+0530] {logging_mixin.py:190} INFO - [2026-04-07T04:42:29.143+0530] {example_python_operator.py:93} WARNING - The virtalenv_python example task requires virtualenv, please install it.
[2026-04-07T04:42:29.145+0530] {processor.py:925} INFO - DAG(s) 'example_python_operator' retrieved from /home/ubantu/miniconda3/envs/airflow-env/lib/python3.11/site-packages/airflow/example_dags/example_python_operator.py
[2026-04-07T04:42:29.159+0530] {logging_mixin.py:190} INFO - [2026-04-07T04:42:29.159+0530] {dag.py:3239} INFO - Sync 1 DAGs
[2026-04-07T04:42:29.170+0530] {logging_mixin.py:190} INFO - [2026-04-07T04:42:29.170+0530] {dag.py:4180} INFO - Setting next_dagrun for example_python_operator to None, run_after=None
[2026-04-07T04:42:29.190+0530] {processor.py:208} INFO - Processing /home/ubantu/miniconda3/envs/airflow-env/lib/python3.11/site-packages/airflow/example_dags/example_python_operator.py took 0.061 seconds
[2026-04-07T04:43:18.883+0530] {processor.py:186} INFO - Started process (PID=9161) to work on /home/ubantu/miniconda3/envs/airflow-env/lib/python3.11/site-packages/airflow/example_dags/example_python_operator.py
[2026-04-07T04:43:18.884+0530] {processor.py:914} INFO - Processing file /home/ubantu/miniconda3/envs/airflow-env/lib/python3.11/site-packages/airflow/example_dags/example_python_operator.py for tasks to queue
[2026-04-07T04:43:18.886+0530] {logging_mixin.py:190} INFO - [2026-04-07T04:43:18.886+0530] {dagbag.py:588} INFO - Filling up the DagBag from /home/ubantu/miniconda3/envs/airflow-env/lib/python3.11/site-packages/airflow/example_dags/example_python_operator.py
[2026-04-07T04:43:18.893+0530] {logging_mixin.py:190} INFO - [2026-04-07T04:43:18.893+0530] {example_python_operator.py:93} WARNING - The virtalenv_python example task requires virtualenv, please install it.
[2026-04-07T04:43:18.896+0530] {processor.py:925} INFO - DAG(s) 'example_python_operator' retrieved from /home/ubantu/miniconda3/envs/airflow-env/lib/python3.11/site-packages/airflow/example_dags/example_python_operator.py
[2026-04-07T04:43:18.912+0530] {logging_mixin.py:190} INFO - [2026-04-07T04:43:18.912+0530] {dag.py:3239} INFO - Sync 1 DAGs
[2026-04-07T04:43:18.924+0530] {logging_mixin.py:190} INFO - [2026-04-07T04:43:18.924+0530] {dag.py:4180} INFO - Setting next_dagrun for example_python_operator to None, run_after=None
[2026-04-07T04:43:18.943+0530] {processor.py:208} INFO - Processing /home/ubantu/miniconda3/envs/airflow-env/lib/python3.11/site-packages/airflow/example_dags/example_python_operator.py took 0.066 seconds
[2026-04-07T04:43:22.078+0530] {processor.py:186} INFO - Started process (PID=9168) to work on /home/ubantu/miniconda3/envs/airflow-env/lib/python3.11/site-packages/airflow/example_dags/example_python_operator.py
[2026-04-07T04:43:22.079+0530] {processor.py:914} INFO - Processing file /home/ubantu/miniconda3/envs/airflow-env/lib/python3.11/site-packages/airflow/example_dags/example_python_operator.py for tasks to queue
[2026-04-07T04:43:22.080+0530] {logging_mixin.py:190} INFO - [2026-04-07T04:43:22.080+0530] {dagbag.py:588} INFO - Filling up the DagBag from /home/ubantu/miniconda3/envs/airflow-env/lib/python3.11/site-packages/airflow/example_dags/example_python_operator.py
[2026-04-07T04:43:22.087+0530] {logging_mixin.py:190} INFO - [2026-04-07T04:43:22.087+0530] {example_python_operator.py:93} WARNING - The virtalenv_python example task requires virtualenv, please install it.
[2026-04-07T04:43:22.090+0530] {processor.py:925} INFO - DAG(s) 'example_python_operator' retrieved from /home/ubantu/miniconda3/envs/airflow-env/lib/python3.11/site-packages/airflow/example_dags/example_python_operator.py
[2026-04-07T04:43:22.106+0530] {logging_mixin.py:190} INFO - [2026-04-07T04:43:22.106+0530] {dag.py:3239} INFO - Sync 1 DAGs
[2026-04-07T04:43:22.118+0530] {logging_mixin.py:190} INFO - [2026-04-07T04:43:22.118+0530] {dag.py:4180} INFO - Setting next_dagrun for example_python_operator to None, run_after=None
[2026-04-07T04:43:22.138+0530] {processor.py:208} INFO - Processing /home/ubantu/miniconda3/envs/airflow-env/lib/python3.11/site-packages/airflow/example_dags/example_python_operator.py took 0.066 seconds
[2026-04-07T04:44:15.446+0530] {processor.py:186} INFO - Started process (PID=9304) to work on /home/ubantu/miniconda3/envs/airflow-env/lib/python3.11/site-packages/airflow/example_dags/example_python_operator.py
[2026-04-07T04:44:15.447+0530] {processor.py:914} INFO - Processing file /home/ubantu/miniconda3/envs/airflow-env/lib/python3.11/site-packages/airflow/example_dags/example_python_operator.py for tasks to queue
[2026-04-07T04:44:15.448+0530] {logging_mixin.py:190} INFO - [2026-04-07T04:44:15.448+0530] {dagbag.py:588} INFO - Filling up the DagBag from /home/ubantu/miniconda3/envs/airflow-env/lib/python3.11/site-packages/airflow/example_dags/example_python_operator.py
[2026-04-07T04:44:15.455+0530] {logging_mixin.py:190} INFO - [2026-04-07T04:44:15.455+0530] {example_python_operator.py:93} WARNING - The virtalenv_python example task requires virtualenv, please install it.
[2026-04-07T04:44:15.457+0530] {processor.py:925} INFO - DAG(s) 'example_python_operator' retrieved from /home/ubantu/miniconda3/envs/airflow-env/lib/python3.11/site-packages/airflow/example_dags/example_python_operator.py
[2026-04-07T04:44:15.478+0530] {logging_mixin.py:190} INFO - [2026-04-07T04:44:15.478+0530] {dag.py:3239} INFO - Sync 1 DAGs
[2026-04-07T04:44:15.493+0530] {logging_mixin.py:190} INFO - [2026-04-07T04:44:15.493+0530] {dag.py:4180} INFO - Setting next_dagrun for example_python_operator to None, run_after=None
[2026-04-07T04:44:15.519+0530] {processor.py:208} INFO - Processing /home/ubantu/miniconda3/envs/airflow-env/lib/python3.11/site-packages/airflow/example_dags/example_python_operator.py took 0.080 seconds
[2026-04-07T04:44:19.453+0530] {processor.py:186} INFO - Started process (PID=9313) to work on /home/ubantu/miniconda3/envs/airflow-env/lib/python3.11/site-packages/airflow/example_dags/example_python_operator.py
[2026-04-07T04:44:19.454+0530] {processor.py:914} INFO - Processing file /home/ubantu/miniconda3/envs/airflow-env/lib/python3.11/site-packages/airflow/example_dags/example_python_operator.py for tasks to queue
[2026-04-07T04:44:19.457+0530] {logging_mixin.py:190} INFO - [2026-04-07T04:44:19.457+0530] {dagbag.py:588} INFO - Filling up the DagBag from /home/ubantu/miniconda3/envs/airflow-env/lib/python3.11/site-packages/airflow/example_dags/example_python_operator.py
[2026-04-07T04:44:19.467+0530] {logging_mixin.py:190} INFO - [2026-04-07T04:44:19.467+0530] {example_python_operator.py:93} WARNING - The virtalenv_python example task requires virtualenv, please install it.
[2026-04-07T04:44:19.471+0530] {processor.py:925} INFO - DAG(s) 'example_python_operator' retrieved from /home/ubantu/miniconda3/envs/airflow-env/lib/python3.11/site-packages/airflow/example_dags/example_python_operator.py
[2026-04-07T04:44:19.494+0530] {logging_mixin.py:190} INFO - [2026-04-07T04:44:19.494+0530] {dag.py:3239} INFO - Sync 1 DAGs
[2026-04-07T04:44:19.509+0530] {logging_mixin.py:190} INFO - [2026-04-07T04:44:19.508+0530] {dag.py:4180} INFO - Setting next_dagrun for example_python_operator to None, run_after=None
[2026-04-07T04:44:19.628+0530] {processor.py:208} INFO - Processing /home/ubantu/miniconda3/envs/airflow-env/lib/python3.11/site-packages/airflow/example_dags/example_python_operator.py took 0.182 seconds
[2026-04-07T04:45:12.194+0530] {processor.py:186} INFO - Started process (PID=9432) to work on /home/ubantu/miniconda3/envs/airflow-env/lib/python3.11/site-packages/airflow/example_dags/example_python_operator.py
[2026-04-07T04:45:12.195+0530] {processor.py:914} INFO - Processing file /home/ubantu/miniconda3/envs/airflow-env/lib/python3.11/site-packages/airflow/example_dags/example_python_operator.py for tasks to queue
[2026-04-07T04:45:12.197+0530] {logging_mixin.py:190} INFO - [2026-04-07T04:45:12.196+0530] {dagbag.py:588} INFO - Filling up the DagBag from /home/ubantu/miniconda3/envs/airflow-env/lib/python3.11/site-packages/airflow/example_dags/example_python_operator.py
[2026-04-07T04:45:12.204+0530] {logging_mixin.py:190} INFO - [2026-04-07T04:45:12.204+0530] {example_python_operator.py:93} WARNING - The virtalenv_python example task requires virtualenv, please install it.
[2026-04-07T04:45:12.206+0530] {processor.py:925} INFO - DAG(s) 'example_python_operator' retrieved from /home/ubantu/miniconda3/envs/airflow-env/lib/python3.11/site-packages/airflow/example_dags/example_python_operator.py
[2026-04-07T04:45:12.223+0530] {logging_mixin.py:190} INFO - [2026-04-07T04:45:12.223+0530] {dag.py:3239} INFO - Sync 1 DAGs
[2026-04-07T04:45:12.235+0530] {logging_mixin.py:190} INFO - [2026-04-07T04:45:12.235+0530] {dag.py:4180} INFO - Setting next_dagrun for example_python_operator to None, run_after=None
[2026-04-07T04:45:12.253+0530] {processor.py:208} INFO - Processing /home/ubantu/miniconda3/envs/airflow-env/lib/python3.11/site-packages/airflow/example_dags/example_python_operator.py took 0.066 seconds
[2026-04-07T04:45:18.577+0530] {processor.py:186} INFO - Started process (PID=9445) to work on /home/ubantu/miniconda3/envs/airflow-env/lib/python3.11/site-packages/airflow/example_dags/example_python_operator.py
[2026-04-07T04:45:18.578+0530] {processor.py:914} INFO - Processing file /home/ubantu/miniconda3/envs/airflow-env/lib/python3.11/site-packages/airflow/example_dags/example_python_operator.py for tasks to queue
[2026-04-07T04:45:18.580+0530] {logging_mixin.py:190} INFO - [2026-04-07T04:45:18.580+0530] {dagbag.py:588} INFO - Filling up the DagBag from /home/ubantu/miniconda3/envs/airflow-env/lib/python3.11/site-packages/airflow/example_dags/example_python_operator.py
[2026-04-07T04:45:18.588+0530] {logging_mixin.py:190} INFO - [2026-04-07T04:45:18.588+0530] {example_python_operator.py:93} WARNING - The virtalenv_python example task requires virtualenv, please install it.
[2026-04-07T04:45:18.591+0530] {processor.py:925} INFO - DAG(s) 'example_python_operator' retrieved from /home/ubantu/miniconda3/envs/airflow-env/lib/python3.11/site-packages/airflow/example_dags/example_python_operator.py
[2026-04-07T04:45:18.608+0530] {logging_mixin.py:190} INFO - [2026-04-07T04:45:18.608+0530] {dag.py:3239} INFO - Sync 1 DAGs
[2026-04-07T04:45:18.618+0530] {logging_mixin.py:190} INFO - [2026-04-07T04:45:18.618+0530] {dag.py:4180} INFO - Setting next_dagrun for example_python_operator to None, run_after=None
[2026-04-07T04:45:18.636+0530] {processor.py:208} INFO - Processing /home/ubantu/miniconda3/envs/airflow-env/lib/python3.11/site-packages/airflow/example_dags/example_python_operator.py took 0.064 seconds
[2026-04-07T04:46:04.828+0530] {processor.py:186} INFO - Started process (PID=9548) to work on /home/ubantu/miniconda3/envs/airflow-env/lib/python3.11/site-packages/airflow/example_dags/example_python_operator.py
[2026-04-07T04:46:04.830+0530] {processor.py:914} INFO - Processing file /home/ubantu/miniconda3/envs/airflow-env/lib/python3.11/site-packages/airflow/example_dags/example_python_operator.py for tasks to queue
[2026-04-07T04:46:04.831+0530] {logging_mixin.py:190} INFO - [2026-04-07T04:46:04.830+0530] {dagbag.py:588} INFO - Filling up the DagBag from /home/ubantu/miniconda3/envs/airflow-env/lib/python3.11/site-packages/airflow/example_dags/example_python_operator.py
[2026-04-07T04:46:04.837+0530] {logging_mixin.py:190} INFO - [2026-04-07T04:46:04.837+0530] {example_python_operator.py:93} WARNING - The virtalenv_python example task requires virtualenv, please install it.
[2026-04-07T04:46:04.840+0530] {processor.py:925} INFO - DAG(s) 'example_python_operator' retrieved from /home/ubantu/miniconda3/envs/airflow-env/lib/python3.11/site-packages/airflow/example_dags/example_python_operator.py
[2026-04-07T04:46:04.856+0530] {logging_mixin.py:190} INFO - [2026-04-07T04:46:04.856+0530] {dag.py:3239} INFO - Sync 1 DAGs
[2026-04-07T04:46:04.867+0530] {logging_mixin.py:190} INFO - [2026-04-07T04:46:04.867+0530] {dag.py:4180} INFO - Setting next_dagrun for example_python_operator to None, run_after=None
[2026-04-07T04:46:04.884+0530] {processor.py:208} INFO - Processing /home/ubantu/miniconda3/envs/airflow-env/lib/python3.11/site-packages/airflow/example_dags/example_python_operator.py took 0.061 seconds
[2026-04-07T04:46:12.637+0530] {processor.py:186} INFO - Started process (PID=9567) to work on /home/ubantu/miniconda3/envs/airflow-env/lib/python3.11/site-packages/airflow/example_dags/example_python_operator.py
[2026-04-07T04:46:12.637+0530] {processor.py:914} INFO - Processing file /home/ubantu/miniconda3/envs/airflow-env/lib/python3.11/site-packages/airflow/example_dags/example_python_operator.py for tasks to queue
[2026-04-07T04:46:12.639+0530] {logging_mixin.py:190} INFO - [2026-04-07T04:46:12.639+0530] {dagbag.py:588} INFO - Filling up the DagBag from /home/ubantu/miniconda3/envs/airflow-env/lib/python3.11/site-packages/airflow/example_dags/example_python_operator.py
[2026-04-07T04:46:12.646+0530] {logging_mixin.py:190} INFO - [2026-04-07T04:46:12.646+0530] {example_python_operator.py:93} WARNING - The virtalenv_python example task requires virtualenv, please install it.
[2026-04-07T04:46:12.649+0530] {processor.py:925} INFO - DAG(s) 'example_python_operator' retrieved from /home/ubantu/miniconda3/envs/airflow-env/lib/python3.11/site-packages/airflow/example_dags/example_python_operator.py
[2026-04-07T04:46:12.665+0530] {logging_mixin.py:190} INFO - [2026-04-07T04:46:12.665+0530] {dag.py:3239} INFO - Sync 1 DAGs
[2026-04-07T04:46:12.676+0530] {logging_mixin.py:190} INFO - [2026-04-07T04:46:12.676+0530] {dag.py:4180} INFO - Setting next_dagrun for example_python_operator to None, run_after=None
[2026-04-07T04:46:12.695+0530] {processor.py:208} INFO - Processing /home/ubantu/miniconda3/envs/airflow-env/lib/python3.11/site-packages/airflow/example_dags/example_python_operator.py took 0.064 seconds
[2026-04-07T04:46:58.466+0530] {processor.py:186} INFO - Started process (PID=9662) to work on /home/ubantu/miniconda3/envs/airflow-env/lib/python3.11/site-packages/airflow/example_dags/example_python_operator.py
[2026-04-07T04:46:58.467+0530] {processor.py:914} INFO - Processing file /home/ubantu/miniconda3/envs/airflow-env/lib/python3.11/site-packages/airflow/example_dags/example_python_operator.py for tasks to queue
[2026-04-07T04:46:58.469+0530] {logging_mixin.py:190} INFO - [2026-04-07T04:46:58.468+0530] {dagbag.py:588} INFO - Filling up the DagBag from /home/ubantu/miniconda3/envs/airflow-env/lib/python3.11/site-packages/airflow/example_dags/example_python_operator.py
[2026-04-07T04:46:58.476+0530] {logging_mixin.py:190} INFO - [2026-04-07T04:46:58.476+0530] {example_python_operator.py:93} WARNING - The virtalenv_python example task requires virtualenv, please install it.
[2026-04-07T04:46:58.478+0530] {processor.py:925} INFO - DAG(s) 'example_python_operator' retrieved from /home/ubantu/miniconda3/envs/airflow-env/lib/python3.11/site-packages/airflow/example_dags/example_python_operator.py
[2026-04-07T04:46:58.494+0530] {logging_mixin.py:190} INFO - [2026-04-07T04:46:58.494+0530] {dag.py:3239} INFO - Sync 1 DAGs
[2026-04-07T04:46:58.506+0530] {logging_mixin.py:190} INFO - [2026-04-07T04:46:58.506+0530] {dag.py:4180} INFO - Setting next_dagrun for example_python_operator to None, run_after=None
[2026-04-07T04:46:58.523+0530] {processor.py:208} INFO - Processing /home/ubantu/miniconda3/envs/airflow-env/lib/python3.11/site-packages/airflow/example_dags/example_python_operator.py took 0.063 seconds
[2026-04-07T04:47:10.760+0530] {processor.py:186} INFO - Started process (PID=9693) to work on /home/ubantu/miniconda3/envs/airflow-env/lib/python3.11/site-packages/airflow/example_dags/example_python_operator.py
[2026-04-07T04:47:10.761+0530] {processor.py:914} INFO - Processing file /home/ubantu/miniconda3/envs/airflow-env/lib/python3.11/site-packages/airflow/example_dags/example_python_operator.py for tasks to queue
[2026-04-07T04:47:10.763+0530] {logging_mixin.py:190} INFO - [2026-04-07T04:47:10.762+0530] {dagbag.py:588} INFO - Filling up the DagBag from /home/ubantu/miniconda3/envs/airflow-env/lib/python3.11/site-packages/airflow/example_dags/example_python_operator.py
[2026-04-07T04:47:10.768+0530] {logging_mixin.py:190} INFO - [2026-04-07T04:47:10.768+0530] {example_python_operator.py:93} WARNING - The virtalenv_python example task requires virtualenv, please install it.
[2026-04-07T04:47:10.771+0530] {processor.py:925} INFO - DAG(s) 'example_python_operator' retrieved from /home/ubantu/miniconda3/envs/airflow-env/lib/python3.11/site-packages/airflow/example_dags/example_python_operator.py
[2026-04-07T04:47:10.785+0530] {logging_mixin.py:190} INFO - [2026-04-07T04:47:10.785+0530] {dag.py:3239} INFO - Sync 1 DAGs
[2026-04-07T04:47:10.798+0530] {logging_mixin.py:190} INFO - [2026-04-07T04:47:10.798+0530] {dag.py:4180} INFO - Setting next_dagrun for example_python_operator to None, run_after=None
[2026-04-07T04:47:10.818+0530] {processor.py:208} INFO - Processing /home/ubantu/miniconda3/envs/airflow-env/lib/python3.11/site-packages/airflow/example_dags/example_python_operator.py took 0.064 seconds
[2026-04-07T04:47:50.890+0530] {processor.py:186} INFO - Started process (PID=9794) to work on /home/ubantu/miniconda3/envs/airflow-env/lib/python3.11/site-packages/airflow/example_dags/example_python_operator.py
[2026-04-07T04:47:50.891+0530] {processor.py:914} INFO - Processing file /home/ubantu/miniconda3/envs/airflow-env/lib/python3.11/site-packages/airflow/example_dags/example_python_operator.py for tasks to queue
[2026-04-07T04:47:50.893+0530] {logging_mixin.py:190} INFO - [2026-04-07T04:47:50.893+0530] {dagbag.py:588} INFO - Filling up the DagBag from /home/ubantu/miniconda3/envs/airflow-env/lib/python3.11/site-packages/airflow/example_dags/example_python_operator.py
[2026-04-07T04:47:50.902+0530] {logging_mixin.py:190} INFO - [2026-04-07T04:47:50.901+0530] {example_python_operator.py:93} WARNING - The virtalenv_python example task requires virtualenv, please install it.
[2026-04-07T04:47:50.905+0530] {processor.py:925} INFO - DAG(s) 'example_python_operator' retrieved from /home/ubantu/miniconda3/envs/airflow-env/lib/python3.11/site-packages/airflow/example_dags/example_python_operator.py
[2026-04-07T04:47:50.926+0530] {logging_mixin.py:190} INFO - [2026-04-07T04:47:50.926+0530] {dag.py:3239} INFO - Sync 1 DAGs
[2026-04-07T04:47:50.940+0530] {logging_mixin.py:190} INFO - [2026-04-07T04:47:50.939+0530] {dag.py:4180} INFO - Setting next_dagrun for example_python_operator to None, run_after=None
[2026-04-07T04:47:50.957+0530] {processor.py:208} INFO - Processing /home/ubantu/miniconda3/envs/airflow-env/lib/python3.11/site-packages/airflow/example_dags/example_python_operator.py took 0.076 seconds
[2026-04-07T04:48:08.991+0530] {processor.py:186} INFO - Started process (PID=9840) to work on /home/ubantu/miniconda3/envs/airflow-env/lib/python3.11/site-packages/airflow/example_dags/example_python_operator.py
[2026-04-07T04:48:08.992+0530] {processor.py:914} INFO - Processing file /home/ubantu/miniconda3/envs/airflow-env/lib/python3.11/site-packages/airflow/example_dags/example_python_operator.py for tasks to queue
[2026-04-07T04:48:08.994+0530] {logging_mixin.py:190} INFO - [2026-04-07T04:48:08.994+0530] {dagbag.py:588} INFO - Filling up the DagBag from /home/ubantu/miniconda3/envs/airflow-env/lib/python3.11/site-packages/airflow/example_dags/example_python_operator.py
[2026-04-07T04:48:09.002+0530] {logging_mixin.py:190} INFO - [2026-04-07T04:48:09.002+0530] {example_python_operator.py:93} WARNING - The virtalenv_python example task requires virtualenv, please install it.
[2026-04-07T04:48:09.004+0530] {processor.py:925} INFO - DAG(s) 'example_python_operator' retrieved from /home/ubantu/miniconda3/envs/airflow-env/lib/python3.11/site-packages/airflow/example_dags/example_python_operator.py
[2026-04-07T04:48:09.023+0530] {logging_mixin.py:190} INFO - [2026-04-07T04:48:09.023+0530] {dag.py:3239} INFO - Sync 1 DAGs
[2026-04-07T04:48:09.035+0530] {logging_mixin.py:190} INFO - [2026-04-07T04:48:09.035+0530] {dag.py:4180} INFO - Setting next_dagrun for example_python_operator to None, run_after=None
[2026-04-07T04:48:09.054+0530] {processor.py:208} INFO - Processing /home/ubantu/miniconda3/envs/airflow-env/lib/python3.11/site-packages/airflow/example_dags/example_python_operator.py took 0.071 seconds
[2026-04-07T05:10:07.540+0530] {processor.py:186} INFO - Started process (PID=10986) to work on /home/ubantu/miniconda3/envs/airflow-env/lib/python3.11/site-packages/airflow/example_dags/example_python_operator.py
[2026-04-07T05:10:07.541+0530] {processor.py:914} INFO - Processing file /home/ubantu/miniconda3/envs/airflow-env/lib/python3.11/site-packages/airflow/example_dags/example_python_operator.py for tasks to queue
[2026-04-07T05:10:07.543+0530] {logging_mixin.py:190} INFO - [2026-04-07T05:10:07.542+0530] {dagbag.py:588} INFO - Filling up the DagBag from /home/ubantu/miniconda3/envs/airflow-env/lib/python3.11/site-packages/airflow/example_dags/example_python_operator.py
[2026-04-07T05:10:07.549+0530] {logging_mixin.py:190} INFO - [2026-04-07T05:10:07.549+0530] {example_python_operator.py:93} WARNING - The virtalenv_python example task requires virtualenv, please install it.
[2026-04-07T05:10:07.551+0530] {processor.py:925} INFO - DAG(s) 'example_python_operator' retrieved from /home/ubantu/miniconda3/envs/airflow-env/lib/python3.11/site-packages/airflow/example_dags/example_python_operator.py
[2026-04-07T05:10:07.637+0530] {logging_mixin.py:190} INFO - [2026-04-07T05:10:07.637+0530] {dag.py:3239} INFO - Sync 1 DAGs
[2026-04-07T05:10:07.646+0530] {logging_mixin.py:190} INFO - [2026-04-07T05:10:07.646+0530] {dag.py:4180} INFO - Setting next_dagrun for example_python_operator to None, run_after=None
[2026-04-07T05:10:07.664+0530] {processor.py:208} INFO - Processing /home/ubantu/miniconda3/envs/airflow-env/lib/python3.11/site-packages/airflow/example_dags/example_python_operator.py took 0.130 seconds
[2026-04-07T05:11:38.415+0530] {processor.py:186} INFO - Started process (PID=11131) to work on /home/ubantu/miniconda3/envs/airflow-env/lib/python3.11/site-packages/airflow/example_dags/example_python_operator.py
[2026-04-07T05:11:38.417+0530] {processor.py:914} INFO - Processing file /home/ubantu/miniconda3/envs/airflow-env/lib/python3.11/site-packages/airflow/example_dags/example_python_operator.py for tasks to queue
[2026-04-07T05:11:38.421+0530] {logging_mixin.py:190} INFO - [2026-04-07T05:11:38.420+0530] {dagbag.py:588} INFO - Filling up the DagBag from /home/ubantu/miniconda3/envs/airflow-env/lib/python3.11/site-packages/airflow/example_dags/example_python_operator.py
[2026-04-07T05:11:38.438+0530] {logging_mixin.py:190} INFO - [2026-04-07T05:11:38.437+0530] {example_python_operator.py:93} WARNING - The virtalenv_python example task requires virtualenv, please install it.
[2026-04-07T05:11:38.444+0530] {processor.py:925} INFO - DAG(s) 'example_python_operator' retrieved from /home/ubantu/miniconda3/envs/airflow-env/lib/python3.11/site-packages/airflow/example_dags/example_python_operator.py
[2026-04-07T05:11:38.476+0530] {logging_mixin.py:190} INFO - [2026-04-07T05:11:38.476+0530] {dag.py:3239} INFO - Sync 1 DAGs
[2026-04-07T05:11:38.491+0530] {logging_mixin.py:190} INFO - [2026-04-07T05:11:38.491+0530] {dag.py:4180} INFO - Setting next_dagrun for example_python_operator to None, run_after=None
[2026-04-07T05:11:38.510+0530] {processor.py:208} INFO - Processing /home/ubantu/miniconda3/envs/airflow-env/lib/python3.11/site-packages/airflow/example_dags/example_python_operator.py took 0.103 seconds
[2026-04-07T05:12:37.710+0530] {processor.py:186} INFO - Started process (PID=11213) to work on /home/ubantu/miniconda3/envs/airflow-env/lib/python3.11/site-packages/airflow/example_dags/example_python_operator.py
[2026-04-07T05:12:37.711+0530] {processor.py:914} INFO - Processing file /home/ubantu/miniconda3/envs/airflow-env/lib/python3.11/site-packages/airflow/example_dags/example_python_operator.py for tasks to queue
[2026-04-07T05:12:37.713+0530] {logging_mixin.py:190} INFO - [2026-04-07T05:12:37.713+0530] {dagbag.py:588} INFO - Filling up the DagBag from /home/ubantu/miniconda3/envs/airflow-env/lib/python3.11/site-packages/airflow/example_dags/example_python_operator.py
[2026-04-07T05:12:37.719+0530] {logging_mixin.py:190} INFO - [2026-04-07T05:12:37.719+0530] {example_python_operator.py:93} WARNING - The virtalenv_python example task requires virtualenv, please install it.
[2026-04-07T05:12:37.722+0530] {processor.py:925} INFO - DAG(s) 'example_python_operator' retrieved from /home/ubantu/miniconda3/envs/airflow-env/lib/python3.11/site-packages/airflow/example_dags/example_python_operator.py
[2026-04-07T05:12:37.738+0530] {logging_mixin.py:190} INFO - [2026-04-07T05:12:37.738+0530] {dag.py:3239} INFO - Sync 1 DAGs
[2026-04-07T05:12:37.749+0530] {logging_mixin.py:190} INFO - [2026-04-07T05:12:37.749+0530] {dag.py:4180} INFO - Setting next_dagrun for example_python_operator to None, run_after=None
[2026-04-07T05:12:37.767+0530] {processor.py:208} INFO - Processing /home/ubantu/miniconda3/envs/airflow-env/lib/python3.11/site-packages/airflow/example_dags/example_python_operator.py took 0.062 seconds
[2026-04-07T05:13:41.628+0530] {processor.py:186} INFO - Started process (PID=11306) to work on /home/ubantu/miniconda3/envs/airflow-env/lib/python3.11/site-packages/airflow/example_dags/example_python_operator.py
[2026-04-07T05:13:41.629+0530] {processor.py:914} INFO - Processing file /home/ubantu/miniconda3/envs/airflow-env/lib/python3.11/site-packages/airflow/example_dags/example_python_operator.py for tasks to queue
[2026-04-07T05:13:41.631+0530] {logging_mixin.py:190} INFO - [2026-04-07T05:13:41.630+0530] {dagbag.py:588} INFO - Filling up the DagBag from /home/ubantu/miniconda3/envs/airflow-env/lib/python3.11/site-packages/airflow/example_dags/example_python_operator.py
[2026-04-07T05:13:41.637+0530] {logging_mixin.py:190} INFO - [2026-04-07T05:13:41.637+0530] {example_python_operator.py:93} WARNING - The virtalenv_python example task requires virtualenv, please install it.
[2026-04-07T05:13:41.640+0530] {processor.py:925} INFO - DAG(s) 'example_python_operator' retrieved from /home/ubantu/miniconda3/envs/airflow-env/lib/python3.11/site-packages/airflow/example_dags/example_python_operator.py
[2026-04-07T05:13:41.656+0530] {logging_mixin.py:190} INFO - [2026-04-07T05:13:41.656+0530] {dag.py:3239} INFO - Sync 1 DAGs
[2026-04-07T05:13:41.764+0530] {logging_mixin.py:190} INFO - [2026-04-07T05:13:41.764+0530] {dag.py:4180} INFO - Setting next_dagrun for example_python_operator to None, run_after=None
[2026-04-07T05:13:41.782+0530] {processor.py:208} INFO - Processing /home/ubantu/miniconda3/envs/airflow-env/lib/python3.11/site-packages/airflow/example_dags/example_python_operator.py took 0.160 seconds
[2026-04-07T05:17:48.042+0530] {processor.py:186} INFO - Started process (PID=11590) to work on /home/ubantu/miniconda3/envs/airflow-env/lib/python3.11/site-packages/airflow/example_dags/example_python_operator.py
[2026-04-07T05:17:48.044+0530] {processor.py:914} INFO - Processing file /home/ubantu/miniconda3/envs/airflow-env/lib/python3.11/site-packages/airflow/example_dags/example_python_operator.py for tasks to queue
[2026-04-07T05:17:48.047+0530] {logging_mixin.py:190} INFO - [2026-04-07T05:17:48.046+0530] {dagbag.py:588} INFO - Filling up the DagBag from /home/ubantu/miniconda3/envs/airflow-env/lib/python3.11/site-packages/airflow/example_dags/example_python_operator.py
[2026-04-07T05:17:48.060+0530] {logging_mixin.py:190} INFO - [2026-04-07T05:17:48.060+0530] {example_python_operator.py:93} WARNING - The virtalenv_python example task requires virtualenv, please install it.
[2026-04-07T05:17:48.064+0530] {processor.py:925} INFO - DAG(s) 'example_python_operator' retrieved from /home/ubantu/miniconda3/envs/airflow-env/lib/python3.11/site-packages/airflow/example_dags/example_python_operator.py
[2026-04-07T05:17:48.087+0530] {logging_mixin.py:190} INFO - [2026-04-07T05:17:48.087+0530] {dag.py:3239} INFO - Sync 1 DAGs
[2026-04-07T05:17:48.101+0530] {logging_mixin.py:190} INFO - [2026-04-07T05:17:48.101+0530] {dag.py:4180} INFO - Setting next_dagrun for example_python_operator to None, run_after=None
[2026-04-07T05:17:48.120+0530] {processor.py:208} INFO - Processing /home/ubantu/miniconda3/envs/airflow-env/lib/python3.11/site-packages/airflow/example_dags/example_python_operator.py took 0.085 seconds
