[2026-04-07T04:07:49.160+0530] {processor.py:186} INFO - Started process (PID=5803) to work on /home/ubantu/miniconda3/envs/airflow-env/lib/python3.11/site-packages/airflow/example_dags/example_params_ui_tutorial.py
[2026-04-07T04:07:49.160+0530] {processor.py:914} INFO - Processing file /home/ubantu/miniconda3/envs/airflow-env/lib/python3.11/site-packages/airflow/example_dags/example_params_ui_tutorial.py for tasks to queue
[2026-04-07T04:07:49.162+0530] {logging_mixin.py:190} INFO - [2026-04-07T04:07:49.162+0530] {dagbag.py:588} INFO - Filling up the DagBag from /home/ubantu/miniconda3/envs/airflow-env/lib/python3.11/site-packages/airflow/example_dags/example_params_ui_tutorial.py
[2026-04-07T04:07:49.170+0530] {processor.py:925} INFO - DAG(s) 'example_params_ui_tutorial' retrieved from /home/ubantu/miniconda3/envs/airflow-env/lib/python3.11/site-packages/airflow/example_dags/example_params_ui_tutorial.py
[2026-04-07T04:07:49.281+0530] {logging_mixin.py:190} INFO - [2026-04-07T04:07:49.281+0530] {override.py:1911} INFO - Created Permission View: can delete on DAG:example_params_ui_tutorial
[2026-04-07T04:07:49.292+0530] {logging_mixin.py:190} INFO - [2026-04-07T04:07:49.292+0530] {override.py:1911} INFO - Created Permission View: can edit on DAG:example_params_ui_tutorial
[2026-04-07T04:07:49.299+0530] {logging_mixin.py:190} INFO - [2026-04-07T04:07:49.298+0530] {override.py:1911} INFO - Created Permission View: can read on DAG:example_params_ui_tutorial
[2026-04-07T04:07:49.308+0530] {logging_mixin.py:190} INFO - [2026-04-07T04:07:49.308+0530] {override.py:1911} INFO - Created Permission View: can create on DAG Run:example_params_ui_tutorial
[2026-04-07T04:07:49.315+0530] {logging_mixin.py:190} INFO - [2026-04-07T04:07:49.314+0530] {override.py:1911} INFO - Created Permission View: can delete on DAG Run:example_params_ui_tutorial
[2026-04-07T04:07:49.322+0530] {logging_mixin.py:190} INFO - [2026-04-07T04:07:49.322+0530] {override.py:1911} INFO - Created Permission View: menu access on DAG Run:example_params_ui_tutorial
[2026-04-07T04:07:49.329+0530] {logging_mixin.py:190} INFO - [2026-04-07T04:07:49.328+0530] {override.py:1911} INFO - Created Permission View: can read on DAG Run:example_params_ui_tutorial
[2026-04-07T04:07:49.329+0530] {logging_mixin.py:190} INFO - [2026-04-07T04:07:49.329+0530] {dag.py:3239} INFO - Sync 1 DAGs
[2026-04-07T04:07:49.339+0530] {logging_mixin.py:190} INFO - [2026-04-07T04:07:49.339+0530] {dag.py:3262} INFO - Creating ORM DAG for example_params_ui_tutorial
[2026-04-07T04:07:49.340+0530] {logging_mixin.py:190} INFO - [2026-04-07T04:07:49.339+0530] {dag.py:4180} INFO - Setting next_dagrun for example_params_ui_tutorial to None, run_after=None
[2026-04-07T04:07:49.358+0530] {processor.py:208} INFO - Processing /home/ubantu/miniconda3/envs/airflow-env/lib/python3.11/site-packages/airflow/example_dags/example_params_ui_tutorial.py took 0.203 seconds
[2026-04-07T04:08:53.057+0530] {processor.py:186} INFO - Started process (PID=5983) to work on /home/ubantu/miniconda3/envs/airflow-env/lib/python3.11/site-packages/airflow/example_dags/example_params_ui_tutorial.py
[2026-04-07T04:08:53.058+0530] {processor.py:914} INFO - Processing file /home/ubantu/miniconda3/envs/airflow-env/lib/python3.11/site-packages/airflow/example_dags/example_params_ui_tutorial.py for tasks to queue
[2026-04-07T04:08:53.059+0530] {logging_mixin.py:190} INFO - [2026-04-07T04:08:53.059+0530] {dagbag.py:588} INFO - Filling up the DagBag from /home/ubantu/miniconda3/envs/airflow-env/lib/python3.11/site-packages/airflow/example_dags/example_params_ui_tutorial.py
[2026-04-07T04:08:53.068+0530] {processor.py:925} INFO - DAG(s) 'example_params_ui_tutorial' retrieved from /home/ubantu/miniconda3/envs/airflow-env/lib/python3.11/site-packages/airflow/example_dags/example_params_ui_tutorial.py
[2026-04-07T04:08:53.103+0530] {logging_mixin.py:190} INFO - [2026-04-07T04:08:53.103+0530] {dag.py:3239} INFO - Sync 1 DAGs
[2026-04-07T04:08:53.114+0530] {logging_mixin.py:190} INFO - [2026-04-07T04:08:53.114+0530] {dag.py:4180} INFO - Setting next_dagrun for example_params_ui_tutorial to None, run_after=None
[2026-04-07T04:08:53.132+0530] {processor.py:208} INFO - Processing /home/ubantu/miniconda3/envs/airflow-env/lib/python3.11/site-packages/airflow/example_dags/example_params_ui_tutorial.py took 0.080 seconds
[2026-04-07T04:09:55.061+0530] {processor.py:186} INFO - Started process (PID=6158) to work on /home/ubantu/miniconda3/envs/airflow-env/lib/python3.11/site-packages/airflow/example_dags/example_params_ui_tutorial.py
[2026-04-07T04:09:55.062+0530] {processor.py:914} INFO - Processing file /home/ubantu/miniconda3/envs/airflow-env/lib/python3.11/site-packages/airflow/example_dags/example_params_ui_tutorial.py for tasks to queue
[2026-04-07T04:09:55.064+0530] {logging_mixin.py:190} INFO - [2026-04-07T04:09:55.064+0530] {dagbag.py:588} INFO - Filling up the DagBag from /home/ubantu/miniconda3/envs/airflow-env/lib/python3.11/site-packages/airflow/example_dags/example_params_ui_tutorial.py
[2026-04-07T04:09:55.073+0530] {processor.py:925} INFO - DAG(s) 'example_params_ui_tutorial' retrieved from /home/ubantu/miniconda3/envs/airflow-env/lib/python3.11/site-packages/airflow/example_dags/example_params_ui_tutorial.py
[2026-04-07T04:09:55.110+0530] {logging_mixin.py:190} INFO - [2026-04-07T04:09:55.110+0530] {dag.py:3239} INFO - Sync 1 DAGs
[2026-04-07T04:09:55.215+0530] {logging_mixin.py:190} INFO - [2026-04-07T04:09:55.215+0530] {dag.py:4180} INFO - Setting next_dagrun for example_params_ui_tutorial to None, run_after=None
[2026-04-07T04:09:55.232+0530] {processor.py:208} INFO - Processing /home/ubantu/miniconda3/envs/airflow-env/lib/python3.11/site-packages/airflow/example_dags/example_params_ui_tutorial.py took 0.176 seconds
[2026-04-07T04:10:49.557+0530] {processor.py:186} INFO - Started process (PID=6228) to work on /home/ubantu/miniconda3/envs/airflow-env/lib/python3.11/site-packages/airflow/example_dags/example_params_ui_tutorial.py
[2026-04-07T04:10:49.558+0530] {processor.py:914} INFO - Processing file /home/ubantu/miniconda3/envs/airflow-env/lib/python3.11/site-packages/airflow/example_dags/example_params_ui_tutorial.py for tasks to queue
[2026-04-07T04:10:49.560+0530] {logging_mixin.py:190} INFO - [2026-04-07T04:10:49.559+0530] {dagbag.py:588} INFO - Filling up the DagBag from /home/ubantu/miniconda3/envs/airflow-env/lib/python3.11/site-packages/airflow/example_dags/example_params_ui_tutorial.py
[2026-04-07T04:10:49.569+0530] {processor.py:925} INFO - DAG(s) 'example_params_ui_tutorial' retrieved from /home/ubantu/miniconda3/envs/airflow-env/lib/python3.11/site-packages/airflow/example_dags/example_params_ui_tutorial.py
[2026-04-07T04:10:49.609+0530] {logging_mixin.py:190} INFO - [2026-04-07T04:10:49.609+0530] {dag.py:3239} INFO - Sync 1 DAGs
[2026-04-07T04:10:49.620+0530] {logging_mixin.py:190} INFO - [2026-04-07T04:10:49.620+0530] {dag.py:4180} INFO - Setting next_dagrun for example_params_ui_tutorial to None, run_after=None
[2026-04-07T04:10:49.637+0530] {processor.py:208} INFO - Processing /home/ubantu/miniconda3/envs/airflow-env/lib/python3.11/site-packages/airflow/example_dags/example_params_ui_tutorial.py took 0.086 seconds
[2026-04-07T04:11:44.040+0530] {processor.py:186} INFO - Started process (PID=6296) to work on /home/ubantu/miniconda3/envs/airflow-env/lib/python3.11/site-packages/airflow/example_dags/example_params_ui_tutorial.py
[2026-04-07T04:11:44.042+0530] {processor.py:914} INFO - Processing file /home/ubantu/miniconda3/envs/airflow-env/lib/python3.11/site-packages/airflow/example_dags/example_params_ui_tutorial.py for tasks to queue
[2026-04-07T04:11:44.044+0530] {logging_mixin.py:190} INFO - [2026-04-07T04:11:44.043+0530] {dagbag.py:588} INFO - Filling up the DagBag from /home/ubantu/miniconda3/envs/airflow-env/lib/python3.11/site-packages/airflow/example_dags/example_params_ui_tutorial.py
[2026-04-07T04:11:44.055+0530] {processor.py:925} INFO - DAG(s) 'example_params_ui_tutorial' retrieved from /home/ubantu/miniconda3/envs/airflow-env/lib/python3.11/site-packages/airflow/example_dags/example_params_ui_tutorial.py
[2026-04-07T04:11:44.094+0530] {logging_mixin.py:190} INFO - [2026-04-07T04:11:44.093+0530] {dag.py:3239} INFO - Sync 1 DAGs
[2026-04-07T04:11:44.104+0530] {logging_mixin.py:190} INFO - [2026-04-07T04:11:44.104+0530] {dag.py:4180} INFO - Setting next_dagrun for example_params_ui_tutorial to None, run_after=None
[2026-04-07T04:11:44.121+0530] {processor.py:208} INFO - Processing /home/ubantu/miniconda3/envs/airflow-env/lib/python3.11/site-packages/airflow/example_dags/example_params_ui_tutorial.py took 0.088 seconds
[2026-04-07T04:12:37.753+0530] {processor.py:186} INFO - Started process (PID=6357) to work on /home/ubantu/miniconda3/envs/airflow-env/lib/python3.11/site-packages/airflow/example_dags/example_params_ui_tutorial.py
[2026-04-07T04:12:37.754+0530] {processor.py:914} INFO - Processing file /home/ubantu/miniconda3/envs/airflow-env/lib/python3.11/site-packages/airflow/example_dags/example_params_ui_tutorial.py for tasks to queue
[2026-04-07T04:12:37.756+0530] {logging_mixin.py:190} INFO - [2026-04-07T04:12:37.756+0530] {dagbag.py:588} INFO - Filling up the DagBag from /home/ubantu/miniconda3/envs/airflow-env/lib/python3.11/site-packages/airflow/example_dags/example_params_ui_tutorial.py
[2026-04-07T04:12:37.766+0530] {processor.py:925} INFO - DAG(s) 'example_params_ui_tutorial' retrieved from /home/ubantu/miniconda3/envs/airflow-env/lib/python3.11/site-packages/airflow/example_dags/example_params_ui_tutorial.py
[2026-04-07T04:12:37.806+0530] {logging_mixin.py:190} INFO - [2026-04-07T04:12:37.806+0530] {dag.py:3239} INFO - Sync 1 DAGs
[2026-04-07T04:12:37.817+0530] {logging_mixin.py:190} INFO - [2026-04-07T04:12:37.817+0530] {dag.py:4180} INFO - Setting next_dagrun for example_params_ui_tutorial to None, run_after=None
[2026-04-07T04:12:37.834+0530] {processor.py:208} INFO - Processing /home/ubantu/miniconda3/envs/airflow-env/lib/python3.11/site-packages/airflow/example_dags/example_params_ui_tutorial.py took 0.087 seconds
[2026-04-07T04:13:29.799+0530] {processor.py:186} INFO - Started process (PID=6425) to work on /home/ubantu/miniconda3/envs/airflow-env/lib/python3.11/site-packages/airflow/example_dags/example_params_ui_tutorial.py
[2026-04-07T04:13:29.800+0530] {processor.py:914} INFO - Processing file /home/ubantu/miniconda3/envs/airflow-env/lib/python3.11/site-packages/airflow/example_dags/example_params_ui_tutorial.py for tasks to queue
[2026-04-07T04:13:29.802+0530] {logging_mixin.py:190} INFO - [2026-04-07T04:13:29.802+0530] {dagbag.py:588} INFO - Filling up the DagBag from /home/ubantu/miniconda3/envs/airflow-env/lib/python3.11/site-packages/airflow/example_dags/example_params_ui_tutorial.py
[2026-04-07T04:13:29.814+0530] {processor.py:925} INFO - DAG(s) 'example_params_ui_tutorial' retrieved from /home/ubantu/miniconda3/envs/airflow-env/lib/python3.11/site-packages/airflow/example_dags/example_params_ui_tutorial.py
[2026-04-07T04:13:29.862+0530] {logging_mixin.py:190} INFO - [2026-04-07T04:13:29.861+0530] {dag.py:3239} INFO - Sync 1 DAGs
[2026-04-07T04:13:29.876+0530] {logging_mixin.py:190} INFO - [2026-04-07T04:13:29.875+0530] {dag.py:4180} INFO - Setting next_dagrun for example_params_ui_tutorial to None, run_after=None
[2026-04-07T04:13:29.898+0530] {processor.py:208} INFO - Processing /home/ubantu/miniconda3/envs/airflow-env/lib/python3.11/site-packages/airflow/example_dags/example_params_ui_tutorial.py took 0.106 seconds
[2026-04-07T04:14:25.059+0530] {processor.py:186} INFO - Started process (PID=6485) to work on /home/ubantu/miniconda3/envs/airflow-env/lib/python3.11/site-packages/airflow/example_dags/example_params_ui_tutorial.py
[2026-04-07T04:14:25.060+0530] {processor.py:914} INFO - Processing file /home/ubantu/miniconda3/envs/airflow-env/lib/python3.11/site-packages/airflow/example_dags/example_params_ui_tutorial.py for tasks to queue
[2026-04-07T04:14:25.063+0530] {logging_mixin.py:190} INFO - [2026-04-07T04:14:25.063+0530] {dagbag.py:588} INFO - Filling up the DagBag from /home/ubantu/miniconda3/envs/airflow-env/lib/python3.11/site-packages/airflow/example_dags/example_params_ui_tutorial.py
[2026-04-07T04:14:25.075+0530] {processor.py:925} INFO - DAG(s) 'example_params_ui_tutorial' retrieved from /home/ubantu/miniconda3/envs/airflow-env/lib/python3.11/site-packages/airflow/example_dags/example_params_ui_tutorial.py
[2026-04-07T04:14:25.114+0530] {logging_mixin.py:190} INFO - [2026-04-07T04:14:25.113+0530] {dag.py:3239} INFO - Sync 1 DAGs
[2026-04-07T04:14:25.124+0530] {logging_mixin.py:190} INFO - [2026-04-07T04:14:25.124+0530] {dag.py:4180} INFO - Setting next_dagrun for example_params_ui_tutorial to None, run_after=None
[2026-04-07T04:14:25.141+0530] {processor.py:208} INFO - Processing /home/ubantu/miniconda3/envs/airflow-env/lib/python3.11/site-packages/airflow/example_dags/example_params_ui_tutorial.py took 0.090 seconds
[2026-04-07T04:15:16.875+0530] {processor.py:186} INFO - Started process (PID=6548) to work on /home/ubantu/miniconda3/envs/airflow-env/lib/python3.11/site-packages/airflow/example_dags/example_params_ui_tutorial.py
[2026-04-07T04:15:16.876+0530] {processor.py:914} INFO - Processing file /home/ubantu/miniconda3/envs/airflow-env/lib/python3.11/site-packages/airflow/example_dags/example_params_ui_tutorial.py for tasks to queue
[2026-04-07T04:15:16.878+0530] {logging_mixin.py:190} INFO - [2026-04-07T04:15:16.878+0530] {dagbag.py:588} INFO - Filling up the DagBag from /home/ubantu/miniconda3/envs/airflow-env/lib/python3.11/site-packages/airflow/example_dags/example_params_ui_tutorial.py
[2026-04-07T04:15:16.888+0530] {processor.py:925} INFO - DAG(s) 'example_params_ui_tutorial' retrieved from /home/ubantu/miniconda3/envs/airflow-env/lib/python3.11/site-packages/airflow/example_dags/example_params_ui_tutorial.py
[2026-04-07T04:15:16.925+0530] {logging_mixin.py:190} INFO - [2026-04-07T04:15:16.925+0530] {dag.py:3239} INFO - Sync 1 DAGs
[2026-04-07T04:15:16.936+0530] {logging_mixin.py:190} INFO - [2026-04-07T04:15:16.936+0530] {dag.py:4180} INFO - Setting next_dagrun for example_params_ui_tutorial to None, run_after=None
[2026-04-07T04:15:16.953+0530] {processor.py:208} INFO - Processing /home/ubantu/miniconda3/envs/airflow-env/lib/python3.11/site-packages/airflow/example_dags/example_params_ui_tutorial.py took 0.084 seconds
[2026-04-07T04:16:08.749+0530] {processor.py:186} INFO - Started process (PID=6606) to work on /home/ubantu/miniconda3/envs/airflow-env/lib/python3.11/site-packages/airflow/example_dags/example_params_ui_tutorial.py
[2026-04-07T04:16:08.751+0530] {processor.py:914} INFO - Processing file /home/ubantu/miniconda3/envs/airflow-env/lib/python3.11/site-packages/airflow/example_dags/example_params_ui_tutorial.py for tasks to queue
[2026-04-07T04:16:08.753+0530] {logging_mixin.py:190} INFO - [2026-04-07T04:16:08.752+0530] {dagbag.py:588} INFO - Filling up the DagBag from /home/ubantu/miniconda3/envs/airflow-env/lib/python3.11/site-packages/airflow/example_dags/example_params_ui_tutorial.py
[2026-04-07T04:16:08.763+0530] {processor.py:925} INFO - DAG(s) 'example_params_ui_tutorial' retrieved from /home/ubantu/miniconda3/envs/airflow-env/lib/python3.11/site-packages/airflow/example_dags/example_params_ui_tutorial.py
[2026-04-07T04:16:08.799+0530] {logging_mixin.py:190} INFO - [2026-04-07T04:16:08.799+0530] {dag.py:3239} INFO - Sync 1 DAGs
[2026-04-07T04:16:08.810+0530] {logging_mixin.py:190} INFO - [2026-04-07T04:16:08.810+0530] {dag.py:4180} INFO - Setting next_dagrun for example_params_ui_tutorial to None, run_after=None
[2026-04-07T04:16:08.828+0530] {processor.py:208} INFO - Processing /home/ubantu/miniconda3/envs/airflow-env/lib/python3.11/site-packages/airflow/example_dags/example_params_ui_tutorial.py took 0.084 seconds
[2026-04-07T04:16:58.445+0530] {processor.py:186} INFO - Started process (PID=6664) to work on /home/ubantu/miniconda3/envs/airflow-env/lib/python3.11/site-packages/airflow/example_dags/example_params_ui_tutorial.py
[2026-04-07T04:16:58.446+0530] {processor.py:914} INFO - Processing file /home/ubantu/miniconda3/envs/airflow-env/lib/python3.11/site-packages/airflow/example_dags/example_params_ui_tutorial.py for tasks to queue
[2026-04-07T04:16:58.448+0530] {logging_mixin.py:190} INFO - [2026-04-07T04:16:58.448+0530] {dagbag.py:588} INFO - Filling up the DagBag from /home/ubantu/miniconda3/envs/airflow-env/lib/python3.11/site-packages/airflow/example_dags/example_params_ui_tutorial.py
[2026-04-07T04:16:58.458+0530] {processor.py:925} INFO - DAG(s) 'example_params_ui_tutorial' retrieved from /home/ubantu/miniconda3/envs/airflow-env/lib/python3.11/site-packages/airflow/example_dags/example_params_ui_tutorial.py
[2026-04-07T04:16:58.495+0530] {logging_mixin.py:190} INFO - [2026-04-07T04:16:58.495+0530] {dag.py:3239} INFO - Sync 1 DAGs
[2026-04-07T04:16:58.506+0530] {logging_mixin.py:190} INFO - [2026-04-07T04:16:58.506+0530] {dag.py:4180} INFO - Setting next_dagrun for example_params_ui_tutorial to None, run_after=None
[2026-04-07T04:16:58.523+0530] {processor.py:208} INFO - Processing /home/ubantu/miniconda3/envs/airflow-env/lib/python3.11/site-packages/airflow/example_dags/example_params_ui_tutorial.py took 0.084 seconds
[2026-04-07T04:17:47.391+0530] {processor.py:186} INFO - Started process (PID=6725) to work on /home/ubantu/miniconda3/envs/airflow-env/lib/python3.11/site-packages/airflow/example_dags/example_params_ui_tutorial.py
[2026-04-07T04:17:47.392+0530] {processor.py:914} INFO - Processing file /home/ubantu/miniconda3/envs/airflow-env/lib/python3.11/site-packages/airflow/example_dags/example_params_ui_tutorial.py for tasks to queue
[2026-04-07T04:17:47.394+0530] {logging_mixin.py:190} INFO - [2026-04-07T04:17:47.394+0530] {dagbag.py:588} INFO - Filling up the DagBag from /home/ubantu/miniconda3/envs/airflow-env/lib/python3.11/site-packages/airflow/example_dags/example_params_ui_tutorial.py
[2026-04-07T04:17:47.404+0530] {processor.py:925} INFO - DAG(s) 'example_params_ui_tutorial' retrieved from /home/ubantu/miniconda3/envs/airflow-env/lib/python3.11/site-packages/airflow/example_dags/example_params_ui_tutorial.py
[2026-04-07T04:17:47.440+0530] {logging_mixin.py:190} INFO - [2026-04-07T04:17:47.440+0530] {dag.py:3239} INFO - Sync 1 DAGs
[2026-04-07T04:17:47.451+0530] {logging_mixin.py:190} INFO - [2026-04-07T04:17:47.451+0530] {dag.py:4180} INFO - Setting next_dagrun for example_params_ui_tutorial to None, run_after=None
[2026-04-07T04:17:47.471+0530] {processor.py:208} INFO - Processing /home/ubantu/miniconda3/envs/airflow-env/lib/python3.11/site-packages/airflow/example_dags/example_params_ui_tutorial.py took 0.086 seconds
[2026-04-07T04:18:40.236+0530] {processor.py:186} INFO - Started process (PID=6834) to work on /home/ubantu/miniconda3/envs/airflow-env/lib/python3.11/site-packages/airflow/example_dags/example_params_ui_tutorial.py
[2026-04-07T04:18:40.237+0530] {processor.py:914} INFO - Processing file /home/ubantu/miniconda3/envs/airflow-env/lib/python3.11/site-packages/airflow/example_dags/example_params_ui_tutorial.py for tasks to queue
[2026-04-07T04:18:40.239+0530] {logging_mixin.py:190} INFO - [2026-04-07T04:18:40.239+0530] {dagbag.py:588} INFO - Filling up the DagBag from /home/ubantu/miniconda3/envs/airflow-env/lib/python3.11/site-packages/airflow/example_dags/example_params_ui_tutorial.py
[2026-04-07T04:18:40.249+0530] {processor.py:925} INFO - DAG(s) 'example_params_ui_tutorial' retrieved from /home/ubantu/miniconda3/envs/airflow-env/lib/python3.11/site-packages/airflow/example_dags/example_params_ui_tutorial.py
[2026-04-07T04:18:40.285+0530] {logging_mixin.py:190} INFO - [2026-04-07T04:18:40.285+0530] {dag.py:3239} INFO - Sync 1 DAGs
[2026-04-07T04:18:40.296+0530] {logging_mixin.py:190} INFO - [2026-04-07T04:18:40.295+0530] {dag.py:4180} INFO - Setting next_dagrun for example_params_ui_tutorial to None, run_after=None
[2026-04-07T04:18:40.312+0530] {processor.py:208} INFO - Processing /home/ubantu/miniconda3/envs/airflow-env/lib/python3.11/site-packages/airflow/example_dags/example_params_ui_tutorial.py took 0.082 seconds
[2026-04-07T04:19:34.865+0530] {processor.py:186} INFO - Started process (PID=6896) to work on /home/ubantu/miniconda3/envs/airflow-env/lib/python3.11/site-packages/airflow/example_dags/example_params_ui_tutorial.py
[2026-04-07T04:19:34.866+0530] {processor.py:914} INFO - Processing file /home/ubantu/miniconda3/envs/airflow-env/lib/python3.11/site-packages/airflow/example_dags/example_params_ui_tutorial.py for tasks to queue
[2026-04-07T04:19:34.869+0530] {logging_mixin.py:190} INFO - [2026-04-07T04:19:34.868+0530] {dagbag.py:588} INFO - Filling up the DagBag from /home/ubantu/miniconda3/envs/airflow-env/lib/python3.11/site-packages/airflow/example_dags/example_params_ui_tutorial.py
[2026-04-07T04:19:34.878+0530] {processor.py:925} INFO - DAG(s) 'example_params_ui_tutorial' retrieved from /home/ubantu/miniconda3/envs/airflow-env/lib/python3.11/site-packages/airflow/example_dags/example_params_ui_tutorial.py
[2026-04-07T04:19:34.915+0530] {logging_mixin.py:190} INFO - [2026-04-07T04:19:34.914+0530] {dag.py:3239} INFO - Sync 1 DAGs
[2026-04-07T04:19:34.925+0530] {logging_mixin.py:190} INFO - [2026-04-07T04:19:34.925+0530] {dag.py:4180} INFO - Setting next_dagrun for example_params_ui_tutorial to None, run_after=None
[2026-04-07T04:19:34.942+0530] {processor.py:208} INFO - Processing /home/ubantu/miniconda3/envs/airflow-env/lib/python3.11/site-packages/airflow/example_dags/example_params_ui_tutorial.py took 0.083 seconds
[2026-04-07T04:20:24.005+0530] {processor.py:186} INFO - Started process (PID=6955) to work on /home/ubantu/miniconda3/envs/airflow-env/lib/python3.11/site-packages/airflow/example_dags/example_params_ui_tutorial.py
[2026-04-07T04:20:24.006+0530] {processor.py:914} INFO - Processing file /home/ubantu/miniconda3/envs/airflow-env/lib/python3.11/site-packages/airflow/example_dags/example_params_ui_tutorial.py for tasks to queue
[2026-04-07T04:20:24.008+0530] {logging_mixin.py:190} INFO - [2026-04-07T04:20:24.007+0530] {dagbag.py:588} INFO - Filling up the DagBag from /home/ubantu/miniconda3/envs/airflow-env/lib/python3.11/site-packages/airflow/example_dags/example_params_ui_tutorial.py
[2026-04-07T04:20:24.017+0530] {processor.py:925} INFO - DAG(s) 'example_params_ui_tutorial' retrieved from /home/ubantu/miniconda3/envs/airflow-env/lib/python3.11/site-packages/airflow/example_dags/example_params_ui_tutorial.py
[2026-04-07T04:20:24.055+0530] {logging_mixin.py:190} INFO - [2026-04-07T04:20:24.055+0530] {dag.py:3239} INFO - Sync 1 DAGs
[2026-04-07T04:20:24.066+0530] {logging_mixin.py:190} INFO - [2026-04-07T04:20:24.065+0530] {dag.py:4180} INFO - Setting next_dagrun for example_params_ui_tutorial to None, run_after=None
[2026-04-07T04:20:24.084+0530] {processor.py:208} INFO - Processing /home/ubantu/miniconda3/envs/airflow-env/lib/python3.11/site-packages/airflow/example_dags/example_params_ui_tutorial.py took 0.086 seconds
[2026-04-07T04:21:17.255+0530] {processor.py:186} INFO - Started process (PID=7013) to work on /home/ubantu/miniconda3/envs/airflow-env/lib/python3.11/site-packages/airflow/example_dags/example_params_ui_tutorial.py
[2026-04-07T04:21:17.256+0530] {processor.py:914} INFO - Processing file /home/ubantu/miniconda3/envs/airflow-env/lib/python3.11/site-packages/airflow/example_dags/example_params_ui_tutorial.py for tasks to queue
[2026-04-07T04:21:17.258+0530] {logging_mixin.py:190} INFO - [2026-04-07T04:21:17.258+0530] {dagbag.py:588} INFO - Filling up the DagBag from /home/ubantu/miniconda3/envs/airflow-env/lib/python3.11/site-packages/airflow/example_dags/example_params_ui_tutorial.py
[2026-04-07T04:21:17.267+0530] {processor.py:925} INFO - DAG(s) 'example_params_ui_tutorial' retrieved from /home/ubantu/miniconda3/envs/airflow-env/lib/python3.11/site-packages/airflow/example_dags/example_params_ui_tutorial.py
[2026-04-07T04:21:17.304+0530] {logging_mixin.py:190} INFO - [2026-04-07T04:21:17.304+0530] {dag.py:3239} INFO - Sync 1 DAGs
[2026-04-07T04:21:17.315+0530] {logging_mixin.py:190} INFO - [2026-04-07T04:21:17.315+0530] {dag.py:4180} INFO - Setting next_dagrun for example_params_ui_tutorial to None, run_after=None
[2026-04-07T04:21:17.332+0530] {processor.py:208} INFO - Processing /home/ubantu/miniconda3/envs/airflow-env/lib/python3.11/site-packages/airflow/example_dags/example_params_ui_tutorial.py took 0.082 seconds
[2026-04-07T04:22:12.258+0530] {processor.py:186} INFO - Started process (PID=7076) to work on /home/ubantu/miniconda3/envs/airflow-env/lib/python3.11/site-packages/airflow/example_dags/example_params_ui_tutorial.py
[2026-04-07T04:22:12.259+0530] {processor.py:914} INFO - Processing file /home/ubantu/miniconda3/envs/airflow-env/lib/python3.11/site-packages/airflow/example_dags/example_params_ui_tutorial.py for tasks to queue
[2026-04-07T04:22:12.261+0530] {logging_mixin.py:190} INFO - [2026-04-07T04:22:12.261+0530] {dagbag.py:588} INFO - Filling up the DagBag from /home/ubantu/miniconda3/envs/airflow-env/lib/python3.11/site-packages/airflow/example_dags/example_params_ui_tutorial.py
[2026-04-07T04:22:12.270+0530] {processor.py:925} INFO - DAG(s) 'example_params_ui_tutorial' retrieved from /home/ubantu/miniconda3/envs/airflow-env/lib/python3.11/site-packages/airflow/example_dags/example_params_ui_tutorial.py
[2026-04-07T04:22:12.309+0530] {logging_mixin.py:190} INFO - [2026-04-07T04:22:12.309+0530] {dag.py:3239} INFO - Sync 1 DAGs
[2026-04-07T04:22:12.320+0530] {logging_mixin.py:190} INFO - [2026-04-07T04:22:12.320+0530] {dag.py:4180} INFO - Setting next_dagrun for example_params_ui_tutorial to None, run_after=None
[2026-04-07T04:22:12.339+0530] {processor.py:208} INFO - Processing /home/ubantu/miniconda3/envs/airflow-env/lib/python3.11/site-packages/airflow/example_dags/example_params_ui_tutorial.py took 0.086 seconds
[2026-04-07T04:23:06.618+0530] {processor.py:186} INFO - Started process (PID=7166) to work on /home/ubantu/miniconda3/envs/airflow-env/lib/python3.11/site-packages/airflow/example_dags/example_params_ui_tutorial.py
[2026-04-07T04:23:06.619+0530] {processor.py:914} INFO - Processing file /home/ubantu/miniconda3/envs/airflow-env/lib/python3.11/site-packages/airflow/example_dags/example_params_ui_tutorial.py for tasks to queue
[2026-04-07T04:23:06.622+0530] {logging_mixin.py:190} INFO - [2026-04-07T04:23:06.621+0530] {dagbag.py:588} INFO - Filling up the DagBag from /home/ubantu/miniconda3/envs/airflow-env/lib/python3.11/site-packages/airflow/example_dags/example_params_ui_tutorial.py
[2026-04-07T04:23:06.632+0530] {processor.py:925} INFO - DAG(s) 'example_params_ui_tutorial' retrieved from /home/ubantu/miniconda3/envs/airflow-env/lib/python3.11/site-packages/airflow/example_dags/example_params_ui_tutorial.py
[2026-04-07T04:23:06.670+0530] {logging_mixin.py:190} INFO - [2026-04-07T04:23:06.670+0530] {dag.py:3239} INFO - Sync 1 DAGs
[2026-04-07T04:23:06.683+0530] {logging_mixin.py:190} INFO - [2026-04-07T04:23:06.683+0530] {dag.py:4180} INFO - Setting next_dagrun for example_params_ui_tutorial to None, run_after=None
[2026-04-07T04:23:06.704+0530] {processor.py:208} INFO - Processing /home/ubantu/miniconda3/envs/airflow-env/lib/python3.11/site-packages/airflow/example_dags/example_params_ui_tutorial.py took 0.092 seconds
[2026-04-07T04:23:58.241+0530] {processor.py:186} INFO - Started process (PID=7260) to work on /home/ubantu/miniconda3/envs/airflow-env/lib/python3.11/site-packages/airflow/example_dags/example_params_ui_tutorial.py
[2026-04-07T04:23:58.244+0530] {processor.py:914} INFO - Processing file /home/ubantu/miniconda3/envs/airflow-env/lib/python3.11/site-packages/airflow/example_dags/example_params_ui_tutorial.py for tasks to queue
[2026-04-07T04:23:58.248+0530] {logging_mixin.py:190} INFO - [2026-04-07T04:23:58.247+0530] {dagbag.py:588} INFO - Filling up the DagBag from /home/ubantu/miniconda3/envs/airflow-env/lib/python3.11/site-packages/airflow/example_dags/example_params_ui_tutorial.py
[2026-04-07T04:23:58.268+0530] {processor.py:925} INFO - DAG(s) 'example_params_ui_tutorial' retrieved from /home/ubantu/miniconda3/envs/airflow-env/lib/python3.11/site-packages/airflow/example_dags/example_params_ui_tutorial.py
[2026-04-07T04:23:58.334+0530] {logging_mixin.py:190} INFO - [2026-04-07T04:23:58.333+0530] {dag.py:3239} INFO - Sync 1 DAGs
[2026-04-07T04:23:58.345+0530] {logging_mixin.py:190} INFO - [2026-04-07T04:23:58.344+0530] {dag.py:4180} INFO - Setting next_dagrun for example_params_ui_tutorial to None, run_after=None
[2026-04-07T04:23:58.363+0530] {processor.py:208} INFO - Processing /home/ubantu/miniconda3/envs/airflow-env/lib/python3.11/site-packages/airflow/example_dags/example_params_ui_tutorial.py took 0.135 seconds
[2026-04-07T04:24:50.110+0530] {processor.py:186} INFO - Started process (PID=7347) to work on /home/ubantu/miniconda3/envs/airflow-env/lib/python3.11/site-packages/airflow/example_dags/example_params_ui_tutorial.py
[2026-04-07T04:24:50.111+0530] {processor.py:914} INFO - Processing file /home/ubantu/miniconda3/envs/airflow-env/lib/python3.11/site-packages/airflow/example_dags/example_params_ui_tutorial.py for tasks to queue
[2026-04-07T04:24:50.113+0530] {logging_mixin.py:190} INFO - [2026-04-07T04:24:50.112+0530] {dagbag.py:588} INFO - Filling up the DagBag from /home/ubantu/miniconda3/envs/airflow-env/lib/python3.11/site-packages/airflow/example_dags/example_params_ui_tutorial.py
[2026-04-07T04:24:50.122+0530] {processor.py:925} INFO - DAG(s) 'example_params_ui_tutorial' retrieved from /home/ubantu/miniconda3/envs/airflow-env/lib/python3.11/site-packages/airflow/example_dags/example_params_ui_tutorial.py
[2026-04-07T04:24:50.158+0530] {logging_mixin.py:190} INFO - [2026-04-07T04:24:50.158+0530] {dag.py:3239} INFO - Sync 1 DAGs
[2026-04-07T04:24:50.169+0530] {logging_mixin.py:190} INFO - [2026-04-07T04:24:50.169+0530] {dag.py:4180} INFO - Setting next_dagrun for example_params_ui_tutorial to None, run_after=None
[2026-04-07T04:24:50.186+0530] {processor.py:208} INFO - Processing /home/ubantu/miniconda3/envs/airflow-env/lib/python3.11/site-packages/airflow/example_dags/example_params_ui_tutorial.py took 0.082 seconds
[2026-04-07T04:25:44.489+0530] {processor.py:186} INFO - Started process (PID=7440) to work on /home/ubantu/miniconda3/envs/airflow-env/lib/python3.11/site-packages/airflow/example_dags/example_params_ui_tutorial.py
[2026-04-07T04:25:44.490+0530] {processor.py:914} INFO - Processing file /home/ubantu/miniconda3/envs/airflow-env/lib/python3.11/site-packages/airflow/example_dags/example_params_ui_tutorial.py for tasks to queue
[2026-04-07T04:25:44.493+0530] {logging_mixin.py:190} INFO - [2026-04-07T04:25:44.492+0530] {dagbag.py:588} INFO - Filling up the DagBag from /home/ubantu/miniconda3/envs/airflow-env/lib/python3.11/site-packages/airflow/example_dags/example_params_ui_tutorial.py
[2026-04-07T04:25:44.507+0530] {processor.py:925} INFO - DAG(s) 'example_params_ui_tutorial' retrieved from /home/ubantu/miniconda3/envs/airflow-env/lib/python3.11/site-packages/airflow/example_dags/example_params_ui_tutorial.py
[2026-04-07T04:25:44.562+0530] {logging_mixin.py:190} INFO - [2026-04-07T04:25:44.562+0530] {dag.py:3239} INFO - Sync 1 DAGs
[2026-04-07T04:25:44.576+0530] {logging_mixin.py:190} INFO - [2026-04-07T04:25:44.575+0530] {dag.py:4180} INFO - Setting next_dagrun for example_params_ui_tutorial to None, run_after=None
[2026-04-07T04:25:44.599+0530] {processor.py:208} INFO - Processing /home/ubantu/miniconda3/envs/airflow-env/lib/python3.11/site-packages/airflow/example_dags/example_params_ui_tutorial.py took 0.118 seconds
[2026-04-07T04:26:40.403+0530] {processor.py:186} INFO - Started process (PID=7506) to work on /home/ubantu/miniconda3/envs/airflow-env/lib/python3.11/site-packages/airflow/example_dags/example_params_ui_tutorial.py
[2026-04-07T04:26:40.404+0530] {processor.py:914} INFO - Processing file /home/ubantu/miniconda3/envs/airflow-env/lib/python3.11/site-packages/airflow/example_dags/example_params_ui_tutorial.py for tasks to queue
[2026-04-07T04:26:40.406+0530] {logging_mixin.py:190} INFO - [2026-04-07T04:26:40.406+0530] {dagbag.py:588} INFO - Filling up the DagBag from /home/ubantu/miniconda3/envs/airflow-env/lib/python3.11/site-packages/airflow/example_dags/example_params_ui_tutorial.py
[2026-04-07T04:26:40.418+0530] {processor.py:925} INFO - DAG(s) 'example_params_ui_tutorial' retrieved from /home/ubantu/miniconda3/envs/airflow-env/lib/python3.11/site-packages/airflow/example_dags/example_params_ui_tutorial.py
[2026-04-07T04:26:40.457+0530] {logging_mixin.py:190} INFO - [2026-04-07T04:26:40.457+0530] {dag.py:3239} INFO - Sync 1 DAGs
[2026-04-07T04:26:40.468+0530] {logging_mixin.py:190} INFO - [2026-04-07T04:26:40.467+0530] {dag.py:4180} INFO - Setting next_dagrun for example_params_ui_tutorial to None, run_after=None
[2026-04-07T04:26:40.485+0530] {processor.py:208} INFO - Processing /home/ubantu/miniconda3/envs/airflow-env/lib/python3.11/site-packages/airflow/example_dags/example_params_ui_tutorial.py took 0.089 seconds
[2026-04-07T04:27:34.318+0530] {processor.py:186} INFO - Started process (PID=7572) to work on /home/ubantu/miniconda3/envs/airflow-env/lib/python3.11/site-packages/airflow/example_dags/example_params_ui_tutorial.py
[2026-04-07T04:27:34.319+0530] {processor.py:914} INFO - Processing file /home/ubantu/miniconda3/envs/airflow-env/lib/python3.11/site-packages/airflow/example_dags/example_params_ui_tutorial.py for tasks to queue
[2026-04-07T04:27:34.322+0530] {logging_mixin.py:190} INFO - [2026-04-07T04:27:34.322+0530] {dagbag.py:588} INFO - Filling up the DagBag from /home/ubantu/miniconda3/envs/airflow-env/lib/python3.11/site-packages/airflow/example_dags/example_params_ui_tutorial.py
[2026-04-07T04:27:34.335+0530] {processor.py:925} INFO - DAG(s) 'example_params_ui_tutorial' retrieved from /home/ubantu/miniconda3/envs/airflow-env/lib/python3.11/site-packages/airflow/example_dags/example_params_ui_tutorial.py
[2026-04-07T04:27:34.377+0530] {logging_mixin.py:190} INFO - [2026-04-07T04:27:34.377+0530] {dag.py:3239} INFO - Sync 1 DAGs
[2026-04-07T04:27:34.391+0530] {logging_mixin.py:190} INFO - [2026-04-07T04:27:34.391+0530] {dag.py:4180} INFO - Setting next_dagrun for example_params_ui_tutorial to None, run_after=None
[2026-04-07T04:27:34.414+0530] {processor.py:208} INFO - Processing /home/ubantu/miniconda3/envs/airflow-env/lib/python3.11/site-packages/airflow/example_dags/example_params_ui_tutorial.py took 0.104 seconds
[2026-04-07T04:28:24.838+0530] {processor.py:186} INFO - Started process (PID=7633) to work on /home/ubantu/miniconda3/envs/airflow-env/lib/python3.11/site-packages/airflow/example_dags/example_params_ui_tutorial.py
[2026-04-07T04:28:24.839+0530] {processor.py:914} INFO - Processing file /home/ubantu/miniconda3/envs/airflow-env/lib/python3.11/site-packages/airflow/example_dags/example_params_ui_tutorial.py for tasks to queue
[2026-04-07T04:28:24.842+0530] {logging_mixin.py:190} INFO - [2026-04-07T04:28:24.842+0530] {dagbag.py:588} INFO - Filling up the DagBag from /home/ubantu/miniconda3/envs/airflow-env/lib/python3.11/site-packages/airflow/example_dags/example_params_ui_tutorial.py
[2026-04-07T04:28:24.855+0530] {processor.py:925} INFO - DAG(s) 'example_params_ui_tutorial' retrieved from /home/ubantu/miniconda3/envs/airflow-env/lib/python3.11/site-packages/airflow/example_dags/example_params_ui_tutorial.py
[2026-04-07T04:28:24.898+0530] {logging_mixin.py:190} INFO - [2026-04-07T04:28:24.898+0530] {dag.py:3239} INFO - Sync 1 DAGs
[2026-04-07T04:28:24.909+0530] {logging_mixin.py:190} INFO - [2026-04-07T04:28:24.909+0530] {dag.py:4180} INFO - Setting next_dagrun for example_params_ui_tutorial to None, run_after=None
[2026-04-07T04:28:24.928+0530] {processor.py:208} INFO - Processing /home/ubantu/miniconda3/envs/airflow-env/lib/python3.11/site-packages/airflow/example_dags/example_params_ui_tutorial.py took 0.098 seconds
[2026-04-07T04:29:17.946+0530] {processor.py:186} INFO - Started process (PID=7703) to work on /home/ubantu/miniconda3/envs/airflow-env/lib/python3.11/site-packages/airflow/example_dags/example_params_ui_tutorial.py
[2026-04-07T04:29:17.948+0530] {processor.py:914} INFO - Processing file /home/ubantu/miniconda3/envs/airflow-env/lib/python3.11/site-packages/airflow/example_dags/example_params_ui_tutorial.py for tasks to queue
[2026-04-07T04:29:17.950+0530] {logging_mixin.py:190} INFO - [2026-04-07T04:29:17.949+0530] {dagbag.py:588} INFO - Filling up the DagBag from /home/ubantu/miniconda3/envs/airflow-env/lib/python3.11/site-packages/airflow/example_dags/example_params_ui_tutorial.py
[2026-04-07T04:29:17.960+0530] {processor.py:925} INFO - DAG(s) 'example_params_ui_tutorial' retrieved from /home/ubantu/miniconda3/envs/airflow-env/lib/python3.11/site-packages/airflow/example_dags/example_params_ui_tutorial.py
[2026-04-07T04:29:18.002+0530] {logging_mixin.py:190} INFO - [2026-04-07T04:29:18.002+0530] {dag.py:3239} INFO - Sync 1 DAGs
[2026-04-07T04:29:18.015+0530] {logging_mixin.py:190} INFO - [2026-04-07T04:29:18.014+0530] {dag.py:4180} INFO - Setting next_dagrun for example_params_ui_tutorial to None, run_after=None
[2026-04-07T04:29:18.057+0530] {processor.py:208} INFO - Processing /home/ubantu/miniconda3/envs/airflow-env/lib/python3.11/site-packages/airflow/example_dags/example_params_ui_tutorial.py took 0.118 seconds
[2026-04-07T04:30:16.146+0530] {processor.py:186} INFO - Started process (PID=7771) to work on /home/ubantu/miniconda3/envs/airflow-env/lib/python3.11/site-packages/airflow/example_dags/example_params_ui_tutorial.py
[2026-04-07T04:30:16.148+0530] {processor.py:914} INFO - Processing file /home/ubantu/miniconda3/envs/airflow-env/lib/python3.11/site-packages/airflow/example_dags/example_params_ui_tutorial.py for tasks to queue
[2026-04-07T04:30:16.152+0530] {logging_mixin.py:190} INFO - [2026-04-07T04:30:16.151+0530] {dagbag.py:588} INFO - Filling up the DagBag from /home/ubantu/miniconda3/envs/airflow-env/lib/python3.11/site-packages/airflow/example_dags/example_params_ui_tutorial.py
[2026-04-07T04:30:16.166+0530] {processor.py:925} INFO - DAG(s) 'example_params_ui_tutorial' retrieved from /home/ubantu/miniconda3/envs/airflow-env/lib/python3.11/site-packages/airflow/example_dags/example_params_ui_tutorial.py
[2026-04-07T04:30:16.204+0530] {logging_mixin.py:190} INFO - [2026-04-07T04:30:16.203+0530] {dag.py:3239} INFO - Sync 1 DAGs
[2026-04-07T04:30:16.215+0530] {logging_mixin.py:190} INFO - [2026-04-07T04:30:16.215+0530] {dag.py:4180} INFO - Setting next_dagrun for example_params_ui_tutorial to None, run_after=None
[2026-04-07T04:30:16.263+0530] {processor.py:208} INFO - Processing /home/ubantu/miniconda3/envs/airflow-env/lib/python3.11/site-packages/airflow/example_dags/example_params_ui_tutorial.py took 0.123 seconds
[2026-04-07T04:31:13.902+0530] {processor.py:186} INFO - Started process (PID=7839) to work on /home/ubantu/miniconda3/envs/airflow-env/lib/python3.11/site-packages/airflow/example_dags/example_params_ui_tutorial.py
[2026-04-07T04:31:13.903+0530] {processor.py:914} INFO - Processing file /home/ubantu/miniconda3/envs/airflow-env/lib/python3.11/site-packages/airflow/example_dags/example_params_ui_tutorial.py for tasks to queue
[2026-04-07T04:31:13.906+0530] {logging_mixin.py:190} INFO - [2026-04-07T04:31:13.905+0530] {dagbag.py:588} INFO - Filling up the DagBag from /home/ubantu/miniconda3/envs/airflow-env/lib/python3.11/site-packages/airflow/example_dags/example_params_ui_tutorial.py
[2026-04-07T04:31:13.915+0530] {processor.py:925} INFO - DAG(s) 'example_params_ui_tutorial' retrieved from /home/ubantu/miniconda3/envs/airflow-env/lib/python3.11/site-packages/airflow/example_dags/example_params_ui_tutorial.py
[2026-04-07T04:31:13.953+0530] {logging_mixin.py:190} INFO - [2026-04-07T04:31:13.953+0530] {dag.py:3239} INFO - Sync 1 DAGs
[2026-04-07T04:31:13.963+0530] {logging_mixin.py:190} INFO - [2026-04-07T04:31:13.963+0530] {dag.py:4180} INFO - Setting next_dagrun for example_params_ui_tutorial to None, run_after=None
[2026-04-07T04:31:14.008+0530] {processor.py:208} INFO - Processing /home/ubantu/miniconda3/envs/airflow-env/lib/python3.11/site-packages/airflow/example_dags/example_params_ui_tutorial.py took 0.112 seconds
[2026-04-07T04:32:12.618+0530] {processor.py:186} INFO - Started process (PID=7904) to work on /home/ubantu/miniconda3/envs/airflow-env/lib/python3.11/site-packages/airflow/example_dags/example_params_ui_tutorial.py
[2026-04-07T04:32:12.623+0530] {processor.py:914} INFO - Processing file /home/ubantu/miniconda3/envs/airflow-env/lib/python3.11/site-packages/airflow/example_dags/example_params_ui_tutorial.py for tasks to queue
[2026-04-07T04:32:12.625+0530] {logging_mixin.py:190} INFO - [2026-04-07T04:32:12.624+0530] {dagbag.py:588} INFO - Filling up the DagBag from /home/ubantu/miniconda3/envs/airflow-env/lib/python3.11/site-packages/airflow/example_dags/example_params_ui_tutorial.py
[2026-04-07T04:32:12.634+0530] {processor.py:925} INFO - DAG(s) 'example_params_ui_tutorial' retrieved from /home/ubantu/miniconda3/envs/airflow-env/lib/python3.11/site-packages/airflow/example_dags/example_params_ui_tutorial.py
[2026-04-07T04:32:12.670+0530] {logging_mixin.py:190} INFO - [2026-04-07T04:32:12.669+0530] {dag.py:3239} INFO - Sync 1 DAGs
[2026-04-07T04:32:12.681+0530] {logging_mixin.py:190} INFO - [2026-04-07T04:32:12.681+0530] {dag.py:4180} INFO - Setting next_dagrun for example_params_ui_tutorial to None, run_after=None
[2026-04-07T04:32:12.722+0530] {processor.py:208} INFO - Processing /home/ubantu/miniconda3/envs/airflow-env/lib/python3.11/site-packages/airflow/example_dags/example_params_ui_tutorial.py took 0.110 seconds
[2026-04-07T04:33:08.442+0530] {processor.py:186} INFO - Started process (PID=7980) to work on /home/ubantu/miniconda3/envs/airflow-env/lib/python3.11/site-packages/airflow/example_dags/example_params_ui_tutorial.py
[2026-04-07T04:33:08.444+0530] {processor.py:914} INFO - Processing file /home/ubantu/miniconda3/envs/airflow-env/lib/python3.11/site-packages/airflow/example_dags/example_params_ui_tutorial.py for tasks to queue
[2026-04-07T04:33:08.447+0530] {logging_mixin.py:190} INFO - [2026-04-07T04:33:08.446+0530] {dagbag.py:588} INFO - Filling up the DagBag from /home/ubantu/miniconda3/envs/airflow-env/lib/python3.11/site-packages/airflow/example_dags/example_params_ui_tutorial.py
[2026-04-07T04:33:08.459+0530] {processor.py:925} INFO - DAG(s) 'example_params_ui_tutorial' retrieved from /home/ubantu/miniconda3/envs/airflow-env/lib/python3.11/site-packages/airflow/example_dags/example_params_ui_tutorial.py
[2026-04-07T04:33:08.499+0530] {logging_mixin.py:190} INFO - [2026-04-07T04:33:08.498+0530] {dag.py:3239} INFO - Sync 1 DAGs
[2026-04-07T04:33:08.510+0530] {logging_mixin.py:190} INFO - [2026-04-07T04:33:08.509+0530] {dag.py:4180} INFO - Setting next_dagrun for example_params_ui_tutorial to None, run_after=None
[2026-04-07T04:33:08.527+0530] {processor.py:208} INFO - Processing /home/ubantu/miniconda3/envs/airflow-env/lib/python3.11/site-packages/airflow/example_dags/example_params_ui_tutorial.py took 0.094 seconds
[2026-04-07T04:34:03.078+0530] {processor.py:186} INFO - Started process (PID=8163) to work on /home/ubantu/miniconda3/envs/airflow-env/lib/python3.11/site-packages/airflow/example_dags/example_params_ui_tutorial.py
[2026-04-07T04:34:03.080+0530] {processor.py:914} INFO - Processing file /home/ubantu/miniconda3/envs/airflow-env/lib/python3.11/site-packages/airflow/example_dags/example_params_ui_tutorial.py for tasks to queue
[2026-04-07T04:34:03.084+0530] {logging_mixin.py:190} INFO - [2026-04-07T04:34:03.083+0530] {dagbag.py:588} INFO - Filling up the DagBag from /home/ubantu/miniconda3/envs/airflow-env/lib/python3.11/site-packages/airflow/example_dags/example_params_ui_tutorial.py
[2026-04-07T04:34:03.102+0530] {processor.py:925} INFO - DAG(s) 'example_params_ui_tutorial' retrieved from /home/ubantu/miniconda3/envs/airflow-env/lib/python3.11/site-packages/airflow/example_dags/example_params_ui_tutorial.py
[2026-04-07T04:34:03.149+0530] {logging_mixin.py:190} INFO - [2026-04-07T04:34:03.148+0530] {dag.py:3239} INFO - Sync 1 DAGs
[2026-04-07T04:34:03.159+0530] {logging_mixin.py:190} INFO - [2026-04-07T04:34:03.159+0530] {dag.py:4180} INFO - Setting next_dagrun for example_params_ui_tutorial to None, run_after=None
[2026-04-07T04:34:03.178+0530] {processor.py:208} INFO - Processing /home/ubantu/miniconda3/envs/airflow-env/lib/python3.11/site-packages/airflow/example_dags/example_params_ui_tutorial.py took 0.113 seconds
[2026-04-07T04:34:57.989+0530] {processor.py:186} INFO - Started process (PID=8232) to work on /home/ubantu/miniconda3/envs/airflow-env/lib/python3.11/site-packages/airflow/example_dags/example_params_ui_tutorial.py
[2026-04-07T04:34:57.990+0530] {processor.py:914} INFO - Processing file /home/ubantu/miniconda3/envs/airflow-env/lib/python3.11/site-packages/airflow/example_dags/example_params_ui_tutorial.py for tasks to queue
[2026-04-07T04:34:57.993+0530] {logging_mixin.py:190} INFO - [2026-04-07T04:34:57.992+0530] {dagbag.py:588} INFO - Filling up the DagBag from /home/ubantu/miniconda3/envs/airflow-env/lib/python3.11/site-packages/airflow/example_dags/example_params_ui_tutorial.py
[2026-04-07T04:34:58.002+0530] {processor.py:925} INFO - DAG(s) 'example_params_ui_tutorial' retrieved from /home/ubantu/miniconda3/envs/airflow-env/lib/python3.11/site-packages/airflow/example_dags/example_params_ui_tutorial.py
[2026-04-07T04:34:58.054+0530] {logging_mixin.py:190} INFO - [2026-04-07T04:34:58.054+0530] {dag.py:3239} INFO - Sync 1 DAGs
[2026-04-07T04:34:58.065+0530] {logging_mixin.py:190} INFO - [2026-04-07T04:34:58.065+0530] {dag.py:4180} INFO - Setting next_dagrun for example_params_ui_tutorial to None, run_after=None
[2026-04-07T04:34:58.085+0530] {processor.py:208} INFO - Processing /home/ubantu/miniconda3/envs/airflow-env/lib/python3.11/site-packages/airflow/example_dags/example_params_ui_tutorial.py took 0.102 seconds
[2026-04-07T04:35:49.939+0530] {processor.py:186} INFO - Started process (PID=8302) to work on /home/ubantu/miniconda3/envs/airflow-env/lib/python3.11/site-packages/airflow/example_dags/example_params_ui_tutorial.py
[2026-04-07T04:35:49.941+0530] {processor.py:914} INFO - Processing file /home/ubantu/miniconda3/envs/airflow-env/lib/python3.11/site-packages/airflow/example_dags/example_params_ui_tutorial.py for tasks to queue
[2026-04-07T04:35:49.945+0530] {logging_mixin.py:190} INFO - [2026-04-07T04:35:49.944+0530] {dagbag.py:588} INFO - Filling up the DagBag from /home/ubantu/miniconda3/envs/airflow-env/lib/python3.11/site-packages/airflow/example_dags/example_params_ui_tutorial.py
[2026-04-07T04:35:49.960+0530] {processor.py:925} INFO - DAG(s) 'example_params_ui_tutorial' retrieved from /home/ubantu/miniconda3/envs/airflow-env/lib/python3.11/site-packages/airflow/example_dags/example_params_ui_tutorial.py
[2026-04-07T04:35:50.016+0530] {logging_mixin.py:190} INFO - [2026-04-07T04:35:50.016+0530] {dag.py:3239} INFO - Sync 1 DAGs
[2026-04-07T04:35:50.033+0530] {logging_mixin.py:190} INFO - [2026-04-07T04:35:50.033+0530] {dag.py:4180} INFO - Setting next_dagrun for example_params_ui_tutorial to None, run_after=None
[2026-04-07T04:35:50.059+0530] {processor.py:208} INFO - Processing /home/ubantu/miniconda3/envs/airflow-env/lib/python3.11/site-packages/airflow/example_dags/example_params_ui_tutorial.py took 0.128 seconds
[2026-04-07T04:36:45.406+0530] {processor.py:186} INFO - Started process (PID=8377) to work on /home/ubantu/miniconda3/envs/airflow-env/lib/python3.11/site-packages/airflow/example_dags/example_params_ui_tutorial.py
[2026-04-07T04:36:45.407+0530] {processor.py:914} INFO - Processing file /home/ubantu/miniconda3/envs/airflow-env/lib/python3.11/site-packages/airflow/example_dags/example_params_ui_tutorial.py for tasks to queue
[2026-04-07T04:36:45.409+0530] {logging_mixin.py:190} INFO - [2026-04-07T04:36:45.409+0530] {dagbag.py:588} INFO - Filling up the DagBag from /home/ubantu/miniconda3/envs/airflow-env/lib/python3.11/site-packages/airflow/example_dags/example_params_ui_tutorial.py
[2026-04-07T04:36:45.417+0530] {processor.py:925} INFO - DAG(s) 'example_params_ui_tutorial' retrieved from /home/ubantu/miniconda3/envs/airflow-env/lib/python3.11/site-packages/airflow/example_dags/example_params_ui_tutorial.py
[2026-04-07T04:36:45.454+0530] {logging_mixin.py:190} INFO - [2026-04-07T04:36:45.454+0530] {dag.py:3239} INFO - Sync 1 DAGs
[2026-04-07T04:36:45.466+0530] {logging_mixin.py:190} INFO - [2026-04-07T04:36:45.465+0530] {dag.py:4180} INFO - Setting next_dagrun for example_params_ui_tutorial to None, run_after=None
[2026-04-07T04:36:45.485+0530] {processor.py:208} INFO - Processing /home/ubantu/miniconda3/envs/airflow-env/lib/python3.11/site-packages/airflow/example_dags/example_params_ui_tutorial.py took 0.084 seconds
[2026-04-07T04:37:39.357+0530] {processor.py:186} INFO - Started process (PID=8469) to work on /home/ubantu/miniconda3/envs/airflow-env/lib/python3.11/site-packages/airflow/example_dags/example_params_ui_tutorial.py
[2026-04-07T04:37:39.358+0530] {processor.py:914} INFO - Processing file /home/ubantu/miniconda3/envs/airflow-env/lib/python3.11/site-packages/airflow/example_dags/example_params_ui_tutorial.py for tasks to queue
[2026-04-07T04:37:39.359+0530] {logging_mixin.py:190} INFO - [2026-04-07T04:37:39.358+0530] {dagbag.py:588} INFO - Filling up the DagBag from /home/ubantu/miniconda3/envs/airflow-env/lib/python3.11/site-packages/airflow/example_dags/example_params_ui_tutorial.py
[2026-04-07T04:37:39.368+0530] {processor.py:925} INFO - DAG(s) 'example_params_ui_tutorial' retrieved from /home/ubantu/miniconda3/envs/airflow-env/lib/python3.11/site-packages/airflow/example_dags/example_params_ui_tutorial.py
[2026-04-07T04:37:39.405+0530] {logging_mixin.py:190} INFO - [2026-04-07T04:37:39.405+0530] {dag.py:3239} INFO - Sync 1 DAGs
[2026-04-07T04:37:39.418+0530] {logging_mixin.py:190} INFO - [2026-04-07T04:37:39.418+0530] {dag.py:4180} INFO - Setting next_dagrun for example_params_ui_tutorial to None, run_after=None
[2026-04-07T04:37:39.437+0530] {processor.py:208} INFO - Processing /home/ubantu/miniconda3/envs/airflow-env/lib/python3.11/site-packages/airflow/example_dags/example_params_ui_tutorial.py took 0.086 seconds
[2026-04-07T04:38:44.701+0530] {processor.py:186} INFO - Started process (PID=8574) to work on /home/ubantu/miniconda3/envs/airflow-env/lib/python3.11/site-packages/airflow/example_dags/example_params_ui_tutorial.py
[2026-04-07T04:38:44.703+0530] {processor.py:914} INFO - Processing file /home/ubantu/miniconda3/envs/airflow-env/lib/python3.11/site-packages/airflow/example_dags/example_params_ui_tutorial.py for tasks to queue
[2026-04-07T04:38:44.704+0530] {logging_mixin.py:190} INFO - [2026-04-07T04:38:44.704+0530] {dagbag.py:588} INFO - Filling up the DagBag from /home/ubantu/miniconda3/envs/airflow-env/lib/python3.11/site-packages/airflow/example_dags/example_params_ui_tutorial.py
[2026-04-07T04:38:44.715+0530] {processor.py:925} INFO - DAG(s) 'example_params_ui_tutorial' retrieved from /home/ubantu/miniconda3/envs/airflow-env/lib/python3.11/site-packages/airflow/example_dags/example_params_ui_tutorial.py
[2026-04-07T04:38:44.750+0530] {logging_mixin.py:190} INFO - [2026-04-07T04:38:44.750+0530] {dag.py:3239} INFO - Sync 1 DAGs
[2026-04-07T04:38:44.761+0530] {logging_mixin.py:190} INFO - [2026-04-07T04:38:44.761+0530] {dag.py:4180} INFO - Setting next_dagrun for example_params_ui_tutorial to None, run_after=None
[2026-04-07T04:38:44.779+0530] {processor.py:208} INFO - Processing /home/ubantu/miniconda3/envs/airflow-env/lib/python3.11/site-packages/airflow/example_dags/example_params_ui_tutorial.py took 0.090 seconds
[2026-04-07T04:39:41.733+0530] {processor.py:186} INFO - Started process (PID=8656) to work on /home/ubantu/miniconda3/envs/airflow-env/lib/python3.11/site-packages/airflow/example_dags/example_params_ui_tutorial.py
[2026-04-07T04:39:41.735+0530] {processor.py:914} INFO - Processing file /home/ubantu/miniconda3/envs/airflow-env/lib/python3.11/site-packages/airflow/example_dags/example_params_ui_tutorial.py for tasks to queue
[2026-04-07T04:39:41.736+0530] {logging_mixin.py:190} INFO - [2026-04-07T04:39:41.736+0530] {dagbag.py:588} INFO - Filling up the DagBag from /home/ubantu/miniconda3/envs/airflow-env/lib/python3.11/site-packages/airflow/example_dags/example_params_ui_tutorial.py
[2026-04-07T04:39:41.749+0530] {processor.py:925} INFO - DAG(s) 'example_params_ui_tutorial' retrieved from /home/ubantu/miniconda3/envs/airflow-env/lib/python3.11/site-packages/airflow/example_dags/example_params_ui_tutorial.py
[2026-04-07T04:39:41.803+0530] {logging_mixin.py:190} INFO - [2026-04-07T04:39:41.802+0530] {dag.py:3239} INFO - Sync 1 DAGs
[2026-04-07T04:39:41.817+0530] {logging_mixin.py:190} INFO - [2026-04-07T04:39:41.817+0530] {dag.py:4180} INFO - Setting next_dagrun for example_params_ui_tutorial to None, run_after=None
[2026-04-07T04:39:41.836+0530] {processor.py:208} INFO - Processing /home/ubantu/miniconda3/envs/airflow-env/lib/python3.11/site-packages/airflow/example_dags/example_params_ui_tutorial.py took 0.111 seconds
[2026-04-07T04:40:38.474+0530] {processor.py:186} INFO - Started process (PID=8727) to work on /home/ubantu/miniconda3/envs/airflow-env/lib/python3.11/site-packages/airflow/example_dags/example_params_ui_tutorial.py
[2026-04-07T04:40:38.475+0530] {processor.py:914} INFO - Processing file /home/ubantu/miniconda3/envs/airflow-env/lib/python3.11/site-packages/airflow/example_dags/example_params_ui_tutorial.py for tasks to queue
[2026-04-07T04:40:38.477+0530] {logging_mixin.py:190} INFO - [2026-04-07T04:40:38.476+0530] {dagbag.py:588} INFO - Filling up the DagBag from /home/ubantu/miniconda3/envs/airflow-env/lib/python3.11/site-packages/airflow/example_dags/example_params_ui_tutorial.py
[2026-04-07T04:40:38.488+0530] {processor.py:925} INFO - DAG(s) 'example_params_ui_tutorial' retrieved from /home/ubantu/miniconda3/envs/airflow-env/lib/python3.11/site-packages/airflow/example_dags/example_params_ui_tutorial.py
[2026-04-07T04:40:38.525+0530] {logging_mixin.py:190} INFO - [2026-04-07T04:40:38.525+0530] {dag.py:3239} INFO - Sync 1 DAGs
[2026-04-07T04:40:38.536+0530] {logging_mixin.py:190} INFO - [2026-04-07T04:40:38.536+0530] {dag.py:4180} INFO - Setting next_dagrun for example_params_ui_tutorial to None, run_after=None
[2026-04-07T04:40:38.556+0530] {processor.py:208} INFO - Processing /home/ubantu/miniconda3/envs/airflow-env/lib/python3.11/site-packages/airflow/example_dags/example_params_ui_tutorial.py took 0.090 seconds
[2026-04-07T04:41:30.101+0530] {processor.py:186} INFO - Started process (PID=8886) to work on /home/ubantu/miniconda3/envs/airflow-env/lib/python3.11/site-packages/airflow/example_dags/example_params_ui_tutorial.py
[2026-04-07T04:41:30.103+0530] {processor.py:914} INFO - Processing file /home/ubantu/miniconda3/envs/airflow-env/lib/python3.11/site-packages/airflow/example_dags/example_params_ui_tutorial.py for tasks to queue
[2026-04-07T04:41:30.104+0530] {logging_mixin.py:190} INFO - [2026-04-07T04:41:30.104+0530] {dagbag.py:588} INFO - Filling up the DagBag from /home/ubantu/miniconda3/envs/airflow-env/lib/python3.11/site-packages/airflow/example_dags/example_params_ui_tutorial.py
[2026-04-07T04:41:30.113+0530] {processor.py:925} INFO - DAG(s) 'example_params_ui_tutorial' retrieved from /home/ubantu/miniconda3/envs/airflow-env/lib/python3.11/site-packages/airflow/example_dags/example_params_ui_tutorial.py
[2026-04-07T04:41:30.150+0530] {logging_mixin.py:190} INFO - [2026-04-07T04:41:30.149+0530] {dag.py:3239} INFO - Sync 1 DAGs
[2026-04-07T04:41:30.161+0530] {logging_mixin.py:190} INFO - [2026-04-07T04:41:30.160+0530] {dag.py:4180} INFO - Setting next_dagrun for example_params_ui_tutorial to None, run_after=None
[2026-04-07T04:41:30.179+0530] {processor.py:208} INFO - Processing /home/ubantu/miniconda3/envs/airflow-env/lib/python3.11/site-packages/airflow/example_dags/example_params_ui_tutorial.py took 0.084 seconds
[2026-04-07T04:41:37.148+0530] {processor.py:186} INFO - Started process (PID=8900) to work on /home/ubantu/miniconda3/envs/airflow-env/lib/python3.11/site-packages/airflow/example_dags/example_params_ui_tutorial.py
[2026-04-07T04:41:37.149+0530] {processor.py:914} INFO - Processing file /home/ubantu/miniconda3/envs/airflow-env/lib/python3.11/site-packages/airflow/example_dags/example_params_ui_tutorial.py for tasks to queue
[2026-04-07T04:41:37.150+0530] {logging_mixin.py:190} INFO - [2026-04-07T04:41:37.150+0530] {dagbag.py:588} INFO - Filling up the DagBag from /home/ubantu/miniconda3/envs/airflow-env/lib/python3.11/site-packages/airflow/example_dags/example_params_ui_tutorial.py
[2026-04-07T04:41:37.162+0530] {processor.py:925} INFO - DAG(s) 'example_params_ui_tutorial' retrieved from /home/ubantu/miniconda3/envs/airflow-env/lib/python3.11/site-packages/airflow/example_dags/example_params_ui_tutorial.py
[2026-04-07T04:41:37.201+0530] {logging_mixin.py:190} INFO - [2026-04-07T04:41:37.201+0530] {dag.py:3239} INFO - Sync 1 DAGs
[2026-04-07T04:41:37.213+0530] {logging_mixin.py:190} INFO - [2026-04-07T04:41:37.212+0530] {dag.py:4180} INFO - Setting next_dagrun for example_params_ui_tutorial to None, run_after=None
[2026-04-07T04:41:37.231+0530] {processor.py:208} INFO - Processing /home/ubantu/miniconda3/envs/airflow-env/lib/python3.11/site-packages/airflow/example_dags/example_params_ui_tutorial.py took 0.091 seconds
[2026-04-07T04:42:23.810+0530] {processor.py:186} INFO - Started process (PID=9023) to work on /home/ubantu/miniconda3/envs/airflow-env/lib/python3.11/site-packages/airflow/example_dags/example_params_ui_tutorial.py
[2026-04-07T04:42:23.811+0530] {processor.py:914} INFO - Processing file /home/ubantu/miniconda3/envs/airflow-env/lib/python3.11/site-packages/airflow/example_dags/example_params_ui_tutorial.py for tasks to queue
[2026-04-07T04:42:23.814+0530] {logging_mixin.py:190} INFO - [2026-04-07T04:42:23.813+0530] {dagbag.py:588} INFO - Filling up the DagBag from /home/ubantu/miniconda3/envs/airflow-env/lib/python3.11/site-packages/airflow/example_dags/example_params_ui_tutorial.py
[2026-04-07T04:42:23.826+0530] {processor.py:925} INFO - DAG(s) 'example_params_ui_tutorial' retrieved from /home/ubantu/miniconda3/envs/airflow-env/lib/python3.11/site-packages/airflow/example_dags/example_params_ui_tutorial.py
[2026-04-07T04:42:23.870+0530] {logging_mixin.py:190} INFO - [2026-04-07T04:42:23.870+0530] {dag.py:3239} INFO - Sync 1 DAGs
[2026-04-07T04:42:23.881+0530] {logging_mixin.py:190} INFO - [2026-04-07T04:42:23.881+0530] {dag.py:4180} INFO - Setting next_dagrun for example_params_ui_tutorial to None, run_after=None
[2026-04-07T04:42:23.900+0530] {processor.py:208} INFO - Processing /home/ubantu/miniconda3/envs/airflow-env/lib/python3.11/site-packages/airflow/example_dags/example_params_ui_tutorial.py took 0.097 seconds
[2026-04-07T04:42:32.430+0530] {processor.py:186} INFO - Started process (PID=9043) to work on /home/ubantu/miniconda3/envs/airflow-env/lib/python3.11/site-packages/airflow/example_dags/example_params_ui_tutorial.py
[2026-04-07T04:42:32.431+0530] {processor.py:914} INFO - Processing file /home/ubantu/miniconda3/envs/airflow-env/lib/python3.11/site-packages/airflow/example_dags/example_params_ui_tutorial.py for tasks to queue
[2026-04-07T04:42:32.432+0530] {logging_mixin.py:190} INFO - [2026-04-07T04:42:32.432+0530] {dagbag.py:588} INFO - Filling up the DagBag from /home/ubantu/miniconda3/envs/airflow-env/lib/python3.11/site-packages/airflow/example_dags/example_params_ui_tutorial.py
[2026-04-07T04:42:32.441+0530] {processor.py:925} INFO - DAG(s) 'example_params_ui_tutorial' retrieved from /home/ubantu/miniconda3/envs/airflow-env/lib/python3.11/site-packages/airflow/example_dags/example_params_ui_tutorial.py
[2026-04-07T04:42:32.488+0530] {logging_mixin.py:190} INFO - [2026-04-07T04:42:32.488+0530] {dag.py:3239} INFO - Sync 1 DAGs
[2026-04-07T04:42:32.500+0530] {logging_mixin.py:190} INFO - [2026-04-07T04:42:32.500+0530] {dag.py:4180} INFO - Setting next_dagrun for example_params_ui_tutorial to None, run_after=None
[2026-04-07T04:42:32.519+0530] {processor.py:208} INFO - Processing /home/ubantu/miniconda3/envs/airflow-env/lib/python3.11/site-packages/airflow/example_dags/example_params_ui_tutorial.py took 0.095 seconds
[2026-04-07T04:43:21.740+0530] {processor.py:186} INFO - Started process (PID=9167) to work on /home/ubantu/miniconda3/envs/airflow-env/lib/python3.11/site-packages/airflow/example_dags/example_params_ui_tutorial.py
[2026-04-07T04:43:21.741+0530] {processor.py:914} INFO - Processing file /home/ubantu/miniconda3/envs/airflow-env/lib/python3.11/site-packages/airflow/example_dags/example_params_ui_tutorial.py for tasks to queue
[2026-04-07T04:43:21.744+0530] {logging_mixin.py:190} INFO - [2026-04-07T04:43:21.743+0530] {dagbag.py:588} INFO - Filling up the DagBag from /home/ubantu/miniconda3/envs/airflow-env/lib/python3.11/site-packages/airflow/example_dags/example_params_ui_tutorial.py
[2026-04-07T04:43:21.753+0530] {processor.py:925} INFO - DAG(s) 'example_params_ui_tutorial' retrieved from /home/ubantu/miniconda3/envs/airflow-env/lib/python3.11/site-packages/airflow/example_dags/example_params_ui_tutorial.py
[2026-04-07T04:43:21.790+0530] {logging_mixin.py:190} INFO - [2026-04-07T04:43:21.790+0530] {dag.py:3239} INFO - Sync 1 DAGs
[2026-04-07T04:43:21.801+0530] {logging_mixin.py:190} INFO - [2026-04-07T04:43:21.801+0530] {dag.py:4180} INFO - Setting next_dagrun for example_params_ui_tutorial to None, run_after=None
[2026-04-07T04:43:21.819+0530] {processor.py:208} INFO - Processing /home/ubantu/miniconda3/envs/airflow-env/lib/python3.11/site-packages/airflow/example_dags/example_params_ui_tutorial.py took 0.084 seconds
[2026-04-07T04:43:24.102+0530] {processor.py:186} INFO - Started process (PID=9173) to work on /home/ubantu/miniconda3/envs/airflow-env/lib/python3.11/site-packages/airflow/example_dags/example_params_ui_tutorial.py
[2026-04-07T04:43:24.102+0530] {processor.py:914} INFO - Processing file /home/ubantu/miniconda3/envs/airflow-env/lib/python3.11/site-packages/airflow/example_dags/example_params_ui_tutorial.py for tasks to queue
[2026-04-07T04:43:24.104+0530] {logging_mixin.py:190} INFO - [2026-04-07T04:43:24.103+0530] {dagbag.py:588} INFO - Filling up the DagBag from /home/ubantu/miniconda3/envs/airflow-env/lib/python3.11/site-packages/airflow/example_dags/example_params_ui_tutorial.py
[2026-04-07T04:43:24.113+0530] {processor.py:925} INFO - DAG(s) 'example_params_ui_tutorial' retrieved from /home/ubantu/miniconda3/envs/airflow-env/lib/python3.11/site-packages/airflow/example_dags/example_params_ui_tutorial.py
[2026-04-07T04:43:24.148+0530] {logging_mixin.py:190} INFO - [2026-04-07T04:43:24.148+0530] {dag.py:3239} INFO - Sync 1 DAGs
[2026-04-07T04:43:24.159+0530] {logging_mixin.py:190} INFO - [2026-04-07T04:43:24.159+0530] {dag.py:4180} INFO - Setting next_dagrun for example_params_ui_tutorial to None, run_after=None
[2026-04-07T04:43:24.177+0530] {processor.py:208} INFO - Processing /home/ubantu/miniconda3/envs/airflow-env/lib/python3.11/site-packages/airflow/example_dags/example_params_ui_tutorial.py took 0.081 seconds
[2026-04-07T04:44:18.875+0530] {processor.py:186} INFO - Started process (PID=9311) to work on /home/ubantu/miniconda3/envs/airflow-env/lib/python3.11/site-packages/airflow/example_dags/example_params_ui_tutorial.py
[2026-04-07T04:44:18.876+0530] {processor.py:914} INFO - Processing file /home/ubantu/miniconda3/envs/airflow-env/lib/python3.11/site-packages/airflow/example_dags/example_params_ui_tutorial.py for tasks to queue
[2026-04-07T04:44:18.877+0530] {logging_mixin.py:190} INFO - [2026-04-07T04:44:18.876+0530] {dagbag.py:588} INFO - Filling up the DagBag from /home/ubantu/miniconda3/envs/airflow-env/lib/python3.11/site-packages/airflow/example_dags/example_params_ui_tutorial.py
[2026-04-07T04:44:18.885+0530] {processor.py:925} INFO - DAG(s) 'example_params_ui_tutorial' retrieved from /home/ubantu/miniconda3/envs/airflow-env/lib/python3.11/site-packages/airflow/example_dags/example_params_ui_tutorial.py
[2026-04-07T04:44:18.924+0530] {logging_mixin.py:190} INFO - [2026-04-07T04:44:18.923+0530] {dag.py:3239} INFO - Sync 1 DAGs
[2026-04-07T04:44:18.936+0530] {logging_mixin.py:190} INFO - [2026-04-07T04:44:18.936+0530] {dag.py:4180} INFO - Setting next_dagrun for example_params_ui_tutorial to None, run_after=None
[2026-04-07T04:44:18.955+0530] {processor.py:208} INFO - Processing /home/ubantu/miniconda3/envs/airflow-env/lib/python3.11/site-packages/airflow/example_dags/example_params_ui_tutorial.py took 0.086 seconds
[2026-04-07T04:44:23.282+0530] {processor.py:186} INFO - Started process (PID=9320) to work on /home/ubantu/miniconda3/envs/airflow-env/lib/python3.11/site-packages/airflow/example_dags/example_params_ui_tutorial.py
[2026-04-07T04:44:23.283+0530] {processor.py:914} INFO - Processing file /home/ubantu/miniconda3/envs/airflow-env/lib/python3.11/site-packages/airflow/example_dags/example_params_ui_tutorial.py for tasks to queue
[2026-04-07T04:44:23.285+0530] {logging_mixin.py:190} INFO - [2026-04-07T04:44:23.285+0530] {dagbag.py:588} INFO - Filling up the DagBag from /home/ubantu/miniconda3/envs/airflow-env/lib/python3.11/site-packages/airflow/example_dags/example_params_ui_tutorial.py
[2026-04-07T04:44:23.295+0530] {processor.py:925} INFO - DAG(s) 'example_params_ui_tutorial' retrieved from /home/ubantu/miniconda3/envs/airflow-env/lib/python3.11/site-packages/airflow/example_dags/example_params_ui_tutorial.py
[2026-04-07T04:44:23.332+0530] {logging_mixin.py:190} INFO - [2026-04-07T04:44:23.332+0530] {dag.py:3239} INFO - Sync 1 DAGs
[2026-04-07T04:44:23.441+0530] {logging_mixin.py:190} INFO - [2026-04-07T04:44:23.441+0530] {dag.py:4180} INFO - Setting next_dagrun for example_params_ui_tutorial to None, run_after=None
[2026-04-07T04:44:23.482+0530] {processor.py:208} INFO - Processing /home/ubantu/miniconda3/envs/airflow-env/lib/python3.11/site-packages/airflow/example_dags/example_params_ui_tutorial.py took 0.205 seconds
[2026-04-07T04:45:15.629+0530] {processor.py:186} INFO - Started process (PID=9438) to work on /home/ubantu/miniconda3/envs/airflow-env/lib/python3.11/site-packages/airflow/example_dags/example_params_ui_tutorial.py
[2026-04-07T04:45:15.630+0530] {processor.py:914} INFO - Processing file /home/ubantu/miniconda3/envs/airflow-env/lib/python3.11/site-packages/airflow/example_dags/example_params_ui_tutorial.py for tasks to queue
[2026-04-07T04:45:15.631+0530] {logging_mixin.py:190} INFO - [2026-04-07T04:45:15.630+0530] {dagbag.py:588} INFO - Filling up the DagBag from /home/ubantu/miniconda3/envs/airflow-env/lib/python3.11/site-packages/airflow/example_dags/example_params_ui_tutorial.py
[2026-04-07T04:45:15.640+0530] {processor.py:925} INFO - DAG(s) 'example_params_ui_tutorial' retrieved from /home/ubantu/miniconda3/envs/airflow-env/lib/python3.11/site-packages/airflow/example_dags/example_params_ui_tutorial.py
[2026-04-07T04:45:15.677+0530] {logging_mixin.py:190} INFO - [2026-04-07T04:45:15.676+0530] {dag.py:3239} INFO - Sync 1 DAGs
[2026-04-07T04:45:15.687+0530] {logging_mixin.py:190} INFO - [2026-04-07T04:45:15.687+0530] {dag.py:4180} INFO - Setting next_dagrun for example_params_ui_tutorial to None, run_after=None
[2026-04-07T04:45:15.706+0530] {processor.py:208} INFO - Processing /home/ubantu/miniconda3/envs/airflow-env/lib/python3.11/site-packages/airflow/example_dags/example_params_ui_tutorial.py took 0.083 seconds
[2026-04-07T04:45:22.015+0530] {processor.py:186} INFO - Started process (PID=9453) to work on /home/ubantu/miniconda3/envs/airflow-env/lib/python3.11/site-packages/airflow/example_dags/example_params_ui_tutorial.py
[2026-04-07T04:45:22.016+0530] {processor.py:914} INFO - Processing file /home/ubantu/miniconda3/envs/airflow-env/lib/python3.11/site-packages/airflow/example_dags/example_params_ui_tutorial.py for tasks to queue
[2026-04-07T04:45:22.018+0530] {logging_mixin.py:190} INFO - [2026-04-07T04:45:22.018+0530] {dagbag.py:588} INFO - Filling up the DagBag from /home/ubantu/miniconda3/envs/airflow-env/lib/python3.11/site-packages/airflow/example_dags/example_params_ui_tutorial.py
[2026-04-07T04:45:22.027+0530] {processor.py:925} INFO - DAG(s) 'example_params_ui_tutorial' retrieved from /home/ubantu/miniconda3/envs/airflow-env/lib/python3.11/site-packages/airflow/example_dags/example_params_ui_tutorial.py
[2026-04-07T04:45:22.065+0530] {logging_mixin.py:190} INFO - [2026-04-07T04:45:22.065+0530] {dag.py:3239} INFO - Sync 1 DAGs
[2026-04-07T04:45:22.075+0530] {logging_mixin.py:190} INFO - [2026-04-07T04:45:22.075+0530] {dag.py:4180} INFO - Setting next_dagrun for example_params_ui_tutorial to None, run_after=None
[2026-04-07T04:45:22.093+0530] {processor.py:208} INFO - Processing /home/ubantu/miniconda3/envs/airflow-env/lib/python3.11/site-packages/airflow/example_dags/example_params_ui_tutorial.py took 0.084 seconds
[2026-04-07T04:46:07.685+0530] {processor.py:186} INFO - Started process (PID=9556) to work on /home/ubantu/miniconda3/envs/airflow-env/lib/python3.11/site-packages/airflow/example_dags/example_params_ui_tutorial.py
[2026-04-07T04:46:07.687+0530] {processor.py:914} INFO - Processing file /home/ubantu/miniconda3/envs/airflow-env/lib/python3.11/site-packages/airflow/example_dags/example_params_ui_tutorial.py for tasks to queue
[2026-04-07T04:46:07.688+0530] {logging_mixin.py:190} INFO - [2026-04-07T04:46:07.688+0530] {dagbag.py:588} INFO - Filling up the DagBag from /home/ubantu/miniconda3/envs/airflow-env/lib/python3.11/site-packages/airflow/example_dags/example_params_ui_tutorial.py
[2026-04-07T04:46:07.698+0530] {processor.py:925} INFO - DAG(s) 'example_params_ui_tutorial' retrieved from /home/ubantu/miniconda3/envs/airflow-env/lib/python3.11/site-packages/airflow/example_dags/example_params_ui_tutorial.py
[2026-04-07T04:46:07.735+0530] {logging_mixin.py:190} INFO - [2026-04-07T04:46:07.735+0530] {dag.py:3239} INFO - Sync 1 DAGs
[2026-04-07T04:46:07.746+0530] {logging_mixin.py:190} INFO - [2026-04-07T04:46:07.746+0530] {dag.py:4180} INFO - Setting next_dagrun for example_params_ui_tutorial to None, run_after=None
[2026-04-07T04:46:07.765+0530] {processor.py:208} INFO - Processing /home/ubantu/miniconda3/envs/airflow-env/lib/python3.11/site-packages/airflow/example_dags/example_params_ui_tutorial.py took 0.086 seconds
[2026-04-07T04:46:15.302+0530] {processor.py:186} INFO - Started process (PID=9573) to work on /home/ubantu/miniconda3/envs/airflow-env/lib/python3.11/site-packages/airflow/example_dags/example_params_ui_tutorial.py
[2026-04-07T04:46:15.303+0530] {processor.py:914} INFO - Processing file /home/ubantu/miniconda3/envs/airflow-env/lib/python3.11/site-packages/airflow/example_dags/example_params_ui_tutorial.py for tasks to queue
[2026-04-07T04:46:15.305+0530] {logging_mixin.py:190} INFO - [2026-04-07T04:46:15.305+0530] {dagbag.py:588} INFO - Filling up the DagBag from /home/ubantu/miniconda3/envs/airflow-env/lib/python3.11/site-packages/airflow/example_dags/example_params_ui_tutorial.py
[2026-04-07T04:46:15.315+0530] {processor.py:925} INFO - DAG(s) 'example_params_ui_tutorial' retrieved from /home/ubantu/miniconda3/envs/airflow-env/lib/python3.11/site-packages/airflow/example_dags/example_params_ui_tutorial.py
[2026-04-07T04:46:15.352+0530] {logging_mixin.py:190} INFO - [2026-04-07T04:46:15.352+0530] {dag.py:3239} INFO - Sync 1 DAGs
[2026-04-07T04:46:15.363+0530] {logging_mixin.py:190} INFO - [2026-04-07T04:46:15.363+0530] {dag.py:4180} INFO - Setting next_dagrun for example_params_ui_tutorial to None, run_after=None
[2026-04-07T04:46:15.381+0530] {processor.py:208} INFO - Processing /home/ubantu/miniconda3/envs/airflow-env/lib/python3.11/site-packages/airflow/example_dags/example_params_ui_tutorial.py took 0.085 seconds
[2026-04-07T04:47:01.550+0530] {processor.py:186} INFO - Started process (PID=9670) to work on /home/ubantu/miniconda3/envs/airflow-env/lib/python3.11/site-packages/airflow/example_dags/example_params_ui_tutorial.py
[2026-04-07T04:47:01.551+0530] {processor.py:914} INFO - Processing file /home/ubantu/miniconda3/envs/airflow-env/lib/python3.11/site-packages/airflow/example_dags/example_params_ui_tutorial.py for tasks to queue
[2026-04-07T04:47:01.552+0530] {logging_mixin.py:190} INFO - [2026-04-07T04:47:01.552+0530] {dagbag.py:588} INFO - Filling up the DagBag from /home/ubantu/miniconda3/envs/airflow-env/lib/python3.11/site-packages/airflow/example_dags/example_params_ui_tutorial.py
[2026-04-07T04:47:01.560+0530] {processor.py:925} INFO - DAG(s) 'example_params_ui_tutorial' retrieved from /home/ubantu/miniconda3/envs/airflow-env/lib/python3.11/site-packages/airflow/example_dags/example_params_ui_tutorial.py
[2026-04-07T04:47:01.594+0530] {logging_mixin.py:190} INFO - [2026-04-07T04:47:01.594+0530] {dag.py:3239} INFO - Sync 1 DAGs
[2026-04-07T04:47:01.605+0530] {logging_mixin.py:190} INFO - [2026-04-07T04:47:01.605+0530] {dag.py:4180} INFO - Setting next_dagrun for example_params_ui_tutorial to None, run_after=None
[2026-04-07T04:47:01.622+0530] {processor.py:208} INFO - Processing /home/ubantu/miniconda3/envs/airflow-env/lib/python3.11/site-packages/airflow/example_dags/example_params_ui_tutorial.py took 0.078 seconds
[2026-04-07T04:47:13.623+0530] {processor.py:186} INFO - Started process (PID=9699) to work on /home/ubantu/miniconda3/envs/airflow-env/lib/python3.11/site-packages/airflow/example_dags/example_params_ui_tutorial.py
[2026-04-07T04:47:13.625+0530] {processor.py:914} INFO - Processing file /home/ubantu/miniconda3/envs/airflow-env/lib/python3.11/site-packages/airflow/example_dags/example_params_ui_tutorial.py for tasks to queue
[2026-04-07T04:47:13.628+0530] {logging_mixin.py:190} INFO - [2026-04-07T04:47:13.627+0530] {dagbag.py:588} INFO - Filling up the DagBag from /home/ubantu/miniconda3/envs/airflow-env/lib/python3.11/site-packages/airflow/example_dags/example_params_ui_tutorial.py
[2026-04-07T04:47:13.641+0530] {processor.py:925} INFO - DAG(s) 'example_params_ui_tutorial' retrieved from /home/ubantu/miniconda3/envs/airflow-env/lib/python3.11/site-packages/airflow/example_dags/example_params_ui_tutorial.py
[2026-04-07T04:47:13.688+0530] {logging_mixin.py:190} INFO - [2026-04-07T04:47:13.687+0530] {dag.py:3239} INFO - Sync 1 DAGs
[2026-04-07T04:47:13.698+0530] {logging_mixin.py:190} INFO - [2026-04-07T04:47:13.698+0530] {dag.py:4180} INFO - Setting next_dagrun for example_params_ui_tutorial to None, run_after=None
[2026-04-07T04:47:13.717+0530] {processor.py:208} INFO - Processing /home/ubantu/miniconda3/envs/airflow-env/lib/python3.11/site-packages/airflow/example_dags/example_params_ui_tutorial.py took 0.102 seconds
[2026-04-07T04:47:53.794+0530] {processor.py:186} INFO - Started process (PID=9800) to work on /home/ubantu/miniconda3/envs/airflow-env/lib/python3.11/site-packages/airflow/example_dags/example_params_ui_tutorial.py
[2026-04-07T04:47:53.795+0530] {processor.py:914} INFO - Processing file /home/ubantu/miniconda3/envs/airflow-env/lib/python3.11/site-packages/airflow/example_dags/example_params_ui_tutorial.py for tasks to queue
[2026-04-07T04:47:53.797+0530] {logging_mixin.py:190} INFO - [2026-04-07T04:47:53.796+0530] {dagbag.py:588} INFO - Filling up the DagBag from /home/ubantu/miniconda3/envs/airflow-env/lib/python3.11/site-packages/airflow/example_dags/example_params_ui_tutorial.py
[2026-04-07T04:47:53.807+0530] {processor.py:925} INFO - DAG(s) 'example_params_ui_tutorial' retrieved from /home/ubantu/miniconda3/envs/airflow-env/lib/python3.11/site-packages/airflow/example_dags/example_params_ui_tutorial.py
[2026-04-07T04:47:53.845+0530] {logging_mixin.py:190} INFO - [2026-04-07T04:47:53.845+0530] {dag.py:3239} INFO - Sync 1 DAGs
[2026-04-07T04:47:53.857+0530] {logging_mixin.py:190} INFO - [2026-04-07T04:47:53.856+0530] {dag.py:4180} INFO - Setting next_dagrun for example_params_ui_tutorial to None, run_after=None
[2026-04-07T04:47:53.874+0530] {processor.py:208} INFO - Processing /home/ubantu/miniconda3/envs/airflow-env/lib/python3.11/site-packages/airflow/example_dags/example_params_ui_tutorial.py took 0.088 seconds
[2026-04-07T04:48:12.437+0530] {processor.py:186} INFO - Started process (PID=9847) to work on /home/ubantu/miniconda3/envs/airflow-env/lib/python3.11/site-packages/airflow/example_dags/example_params_ui_tutorial.py
[2026-04-07T04:48:12.438+0530] {processor.py:914} INFO - Processing file /home/ubantu/miniconda3/envs/airflow-env/lib/python3.11/site-packages/airflow/example_dags/example_params_ui_tutorial.py for tasks to queue
[2026-04-07T04:48:12.440+0530] {logging_mixin.py:190} INFO - [2026-04-07T04:48:12.439+0530] {dagbag.py:588} INFO - Filling up the DagBag from /home/ubantu/miniconda3/envs/airflow-env/lib/python3.11/site-packages/airflow/example_dags/example_params_ui_tutorial.py
[2026-04-07T04:48:12.450+0530] {processor.py:925} INFO - DAG(s) 'example_params_ui_tutorial' retrieved from /home/ubantu/miniconda3/envs/airflow-env/lib/python3.11/site-packages/airflow/example_dags/example_params_ui_tutorial.py
[2026-04-07T04:48:12.487+0530] {logging_mixin.py:190} INFO - [2026-04-07T04:48:12.487+0530] {dag.py:3239} INFO - Sync 1 DAGs
[2026-04-07T04:48:12.498+0530] {logging_mixin.py:190} INFO - [2026-04-07T04:48:12.498+0530] {dag.py:4180} INFO - Setting next_dagrun for example_params_ui_tutorial to None, run_after=None
[2026-04-07T04:48:12.516+0530] {processor.py:208} INFO - Processing /home/ubantu/miniconda3/envs/airflow-env/lib/python3.11/site-packages/airflow/example_dags/example_params_ui_tutorial.py took 0.085 seconds
[2026-04-07T05:10:10.628+0530] {processor.py:186} INFO - Started process (PID=10989) to work on /home/ubantu/miniconda3/envs/airflow-env/lib/python3.11/site-packages/airflow/example_dags/example_params_ui_tutorial.py
[2026-04-07T05:10:10.629+0530] {processor.py:914} INFO - Processing file /home/ubantu/miniconda3/envs/airflow-env/lib/python3.11/site-packages/airflow/example_dags/example_params_ui_tutorial.py for tasks to queue
[2026-04-07T05:10:10.631+0530] {logging_mixin.py:190} INFO - [2026-04-07T05:10:10.631+0530] {dagbag.py:588} INFO - Filling up the DagBag from /home/ubantu/miniconda3/envs/airflow-env/lib/python3.11/site-packages/airflow/example_dags/example_params_ui_tutorial.py
[2026-04-07T05:10:10.639+0530] {processor.py:925} INFO - DAG(s) 'example_params_ui_tutorial' retrieved from /home/ubantu/miniconda3/envs/airflow-env/lib/python3.11/site-packages/airflow/example_dags/example_params_ui_tutorial.py
[2026-04-07T05:10:10.745+0530] {logging_mixin.py:190} INFO - [2026-04-07T05:10:10.745+0530] {dag.py:3239} INFO - Sync 1 DAGs
[2026-04-07T05:10:10.754+0530] {logging_mixin.py:190} INFO - [2026-04-07T05:10:10.754+0530] {dag.py:4180} INFO - Setting next_dagrun for example_params_ui_tutorial to None, run_after=None
[2026-04-07T05:10:10.773+0530] {processor.py:208} INFO - Processing /home/ubantu/miniconda3/envs/airflow-env/lib/python3.11/site-packages/airflow/example_dags/example_params_ui_tutorial.py took 0.150 seconds
[2026-04-07T05:11:41.270+0530] {processor.py:186} INFO - Started process (PID=11134) to work on /home/ubantu/miniconda3/envs/airflow-env/lib/python3.11/site-packages/airflow/example_dags/example_params_ui_tutorial.py
[2026-04-07T05:11:41.271+0530] {processor.py:914} INFO - Processing file /home/ubantu/miniconda3/envs/airflow-env/lib/python3.11/site-packages/airflow/example_dags/example_params_ui_tutorial.py for tasks to queue
[2026-04-07T05:11:41.273+0530] {logging_mixin.py:190} INFO - [2026-04-07T05:11:41.272+0530] {dagbag.py:588} INFO - Filling up the DagBag from /home/ubantu/miniconda3/envs/airflow-env/lib/python3.11/site-packages/airflow/example_dags/example_params_ui_tutorial.py
[2026-04-07T05:11:41.282+0530] {processor.py:925} INFO - DAG(s) 'example_params_ui_tutorial' retrieved from /home/ubantu/miniconda3/envs/airflow-env/lib/python3.11/site-packages/airflow/example_dags/example_params_ui_tutorial.py
[2026-04-07T05:11:41.318+0530] {logging_mixin.py:190} INFO - [2026-04-07T05:11:41.318+0530] {dag.py:3239} INFO - Sync 1 DAGs
[2026-04-07T05:11:41.328+0530] {logging_mixin.py:190} INFO - [2026-04-07T05:11:41.328+0530] {dag.py:4180} INFO - Setting next_dagrun for example_params_ui_tutorial to None, run_after=None
[2026-04-07T05:11:41.345+0530] {processor.py:208} INFO - Processing /home/ubantu/miniconda3/envs/airflow-env/lib/python3.11/site-packages/airflow/example_dags/example_params_ui_tutorial.py took 0.082 seconds
[2026-04-07T05:12:40.563+0530] {processor.py:186} INFO - Started process (PID=11216) to work on /home/ubantu/miniconda3/envs/airflow-env/lib/python3.11/site-packages/airflow/example_dags/example_params_ui_tutorial.py
[2026-04-07T05:12:40.564+0530] {processor.py:914} INFO - Processing file /home/ubantu/miniconda3/envs/airflow-env/lib/python3.11/site-packages/airflow/example_dags/example_params_ui_tutorial.py for tasks to queue
[2026-04-07T05:12:40.566+0530] {logging_mixin.py:190} INFO - [2026-04-07T05:12:40.566+0530] {dagbag.py:588} INFO - Filling up the DagBag from /home/ubantu/miniconda3/envs/airflow-env/lib/python3.11/site-packages/airflow/example_dags/example_params_ui_tutorial.py
[2026-04-07T05:12:40.575+0530] {processor.py:925} INFO - DAG(s) 'example_params_ui_tutorial' retrieved from /home/ubantu/miniconda3/envs/airflow-env/lib/python3.11/site-packages/airflow/example_dags/example_params_ui_tutorial.py
[2026-04-07T05:12:40.612+0530] {logging_mixin.py:190} INFO - [2026-04-07T05:12:40.612+0530] {dag.py:3239} INFO - Sync 1 DAGs
[2026-04-07T05:12:40.623+0530] {logging_mixin.py:190} INFO - [2026-04-07T05:12:40.623+0530] {dag.py:4180} INFO - Setting next_dagrun for example_params_ui_tutorial to None, run_after=None
[2026-04-07T05:12:40.641+0530] {processor.py:208} INFO - Processing /home/ubantu/miniconda3/envs/airflow-env/lib/python3.11/site-packages/airflow/example_dags/example_params_ui_tutorial.py took 0.083 seconds
[2026-04-07T05:13:44.721+0530] {processor.py:186} INFO - Started process (PID=11311) to work on /home/ubantu/miniconda3/envs/airflow-env/lib/python3.11/site-packages/airflow/example_dags/example_params_ui_tutorial.py
[2026-04-07T05:13:44.723+0530] {processor.py:914} INFO - Processing file /home/ubantu/miniconda3/envs/airflow-env/lib/python3.11/site-packages/airflow/example_dags/example_params_ui_tutorial.py for tasks to queue
[2026-04-07T05:13:44.726+0530] {logging_mixin.py:190} INFO - [2026-04-07T05:13:44.725+0530] {dagbag.py:588} INFO - Filling up the DagBag from /home/ubantu/miniconda3/envs/airflow-env/lib/python3.11/site-packages/airflow/example_dags/example_params_ui_tutorial.py
[2026-04-07T05:13:44.740+0530] {processor.py:925} INFO - DAG(s) 'example_params_ui_tutorial' retrieved from /home/ubantu/miniconda3/envs/airflow-env/lib/python3.11/site-packages/airflow/example_dags/example_params_ui_tutorial.py
[2026-04-07T05:13:44.789+0530] {logging_mixin.py:190} INFO - [2026-04-07T05:13:44.788+0530] {dag.py:3239} INFO - Sync 1 DAGs
[2026-04-07T05:13:44.914+0530] {logging_mixin.py:190} INFO - [2026-04-07T05:13:44.914+0530] {dag.py:4180} INFO - Setting next_dagrun for example_params_ui_tutorial to None, run_after=None
[2026-04-07T05:13:44.932+0530] {processor.py:208} INFO - Processing /home/ubantu/miniconda3/envs/airflow-env/lib/python3.11/site-packages/airflow/example_dags/example_params_ui_tutorial.py took 0.219 seconds
[2026-04-07T05:17:50.774+0530] {processor.py:186} INFO - Started process (PID=11655) to work on /home/ubantu/miniconda3/envs/airflow-env/lib/python3.11/site-packages/airflow/example_dags/example_params_ui_tutorial.py
[2026-04-07T05:17:50.776+0530] {processor.py:914} INFO - Processing file /home/ubantu/miniconda3/envs/airflow-env/lib/python3.11/site-packages/airflow/example_dags/example_params_ui_tutorial.py for tasks to queue
[2026-04-07T05:17:50.779+0530] {logging_mixin.py:190} INFO - [2026-04-07T05:17:50.779+0530] {dagbag.py:588} INFO - Filling up the DagBag from /home/ubantu/miniconda3/envs/airflow-env/lib/python3.11/site-packages/airflow/example_dags/example_params_ui_tutorial.py
[2026-04-07T05:17:50.795+0530] {processor.py:925} INFO - DAG(s) 'example_params_ui_tutorial' retrieved from /home/ubantu/miniconda3/envs/airflow-env/lib/python3.11/site-packages/airflow/example_dags/example_params_ui_tutorial.py
[2026-04-07T05:17:50.833+0530] {logging_mixin.py:190} INFO - [2026-04-07T05:17:50.833+0530] {dag.py:3239} INFO - Sync 1 DAGs
[2026-04-07T05:17:50.844+0530] {logging_mixin.py:190} INFO - [2026-04-07T05:17:50.844+0530] {dag.py:4180} INFO - Setting next_dagrun for example_params_ui_tutorial to None, run_after=None
[2026-04-07T05:17:50.863+0530] {processor.py:208} INFO - Processing /home/ubantu/miniconda3/envs/airflow-env/lib/python3.11/site-packages/airflow/example_dags/example_params_ui_tutorial.py took 0.100 seconds
