[2026-04-07T04:08:10.670+0530] {processor.py:186} INFO - Started process (PID=5876) to work on /home/ubantu/miniconda3/envs/airflow-env/lib/python3.11/site-packages/airflow/example_dags/example_dag_decorator.py
[2026-04-07T04:08:10.671+0530] {processor.py:914} INFO - Processing file /home/ubantu/miniconda3/envs/airflow-env/lib/python3.11/site-packages/airflow/example_dags/example_dag_decorator.py for tasks to queue
[2026-04-07T04:08:10.674+0530] {logging_mixin.py:190} INFO - [2026-04-07T04:08:10.673+0530] {dagbag.py:588} INFO - Filling up the DagBag from /home/ubantu/miniconda3/envs/airflow-env/lib/python3.11/site-packages/airflow/example_dags/example_dag_decorator.py
[2026-04-07T04:08:10.688+0530] {processor.py:925} INFO - DAG(s) 'example_dag_decorator' retrieved from /home/ubantu/miniconda3/envs/airflow-env/lib/python3.11/site-packages/airflow/example_dags/example_dag_decorator.py
[2026-04-07T04:08:10.777+0530] {logging_mixin.py:190} INFO - [2026-04-07T04:08:10.777+0530] {override.py:1911} INFO - Created Permission View: can delete on DAG:example_dag_decorator
[2026-04-07T04:08:10.787+0530] {logging_mixin.py:190} INFO - [2026-04-07T04:08:10.787+0530] {override.py:1911} INFO - Created Permission View: can edit on DAG:example_dag_decorator
[2026-04-07T04:08:10.794+0530] {logging_mixin.py:190} INFO - [2026-04-07T04:08:10.794+0530] {override.py:1911} INFO - Created Permission View: can read on DAG:example_dag_decorator
[2026-04-07T04:08:10.803+0530] {logging_mixin.py:190} INFO - [2026-04-07T04:08:10.803+0530] {override.py:1911} INFO - Created Permission View: can create on DAG Run:example_dag_decorator
[2026-04-07T04:08:10.810+0530] {logging_mixin.py:190} INFO - [2026-04-07T04:08:10.809+0530] {override.py:1911} INFO - Created Permission View: can delete on DAG Run:example_dag_decorator
[2026-04-07T04:08:10.819+0530] {logging_mixin.py:190} INFO - [2026-04-07T04:08:10.818+0530] {override.py:1911} INFO - Created Permission View: menu access on DAG Run:example_dag_decorator
[2026-04-07T04:08:10.830+0530] {logging_mixin.py:190} INFO - [2026-04-07T04:08:10.830+0530] {override.py:1911} INFO - Created Permission View: can read on DAG Run:example_dag_decorator
[2026-04-07T04:08:10.831+0530] {logging_mixin.py:190} INFO - [2026-04-07T04:08:10.831+0530] {dag.py:3239} INFO - Sync 1 DAGs
[2026-04-07T04:08:10.956+0530] {logging_mixin.py:190} INFO - [2026-04-07T04:08:10.956+0530] {dag.py:3262} INFO - Creating ORM DAG for example_dag_decorator
[2026-04-07T04:08:10.957+0530] {logging_mixin.py:190} INFO - [2026-04-07T04:08:10.956+0530] {dag.py:4180} INFO - Setting next_dagrun for example_dag_decorator to None, run_after=None
[2026-04-07T04:08:10.973+0530] {processor.py:208} INFO - Processing /home/ubantu/miniconda3/envs/airflow-env/lib/python3.11/site-packages/airflow/example_dags/example_dag_decorator.py took 0.310 seconds
[2026-04-07T04:09:14.088+0530] {processor.py:186} INFO - Started process (PID=6018) to work on /home/ubantu/miniconda3/envs/airflow-env/lib/python3.11/site-packages/airflow/example_dags/example_dag_decorator.py
[2026-04-07T04:09:14.090+0530] {processor.py:914} INFO - Processing file /home/ubantu/miniconda3/envs/airflow-env/lib/python3.11/site-packages/airflow/example_dags/example_dag_decorator.py for tasks to queue
[2026-04-07T04:09:14.092+0530] {logging_mixin.py:190} INFO - [2026-04-07T04:09:14.092+0530] {dagbag.py:588} INFO - Filling up the DagBag from /home/ubantu/miniconda3/envs/airflow-env/lib/python3.11/site-packages/airflow/example_dags/example_dag_decorator.py
[2026-04-07T04:09:14.107+0530] {processor.py:925} INFO - DAG(s) 'example_dag_decorator' retrieved from /home/ubantu/miniconda3/envs/airflow-env/lib/python3.11/site-packages/airflow/example_dags/example_dag_decorator.py
[2026-04-07T04:09:14.303+0530] {logging_mixin.py:190} INFO - [2026-04-07T04:09:14.303+0530] {dag.py:3239} INFO - Sync 1 DAGs
[2026-04-07T04:09:14.312+0530] {logging_mixin.py:190} INFO - [2026-04-07T04:09:14.312+0530] {dag.py:4180} INFO - Setting next_dagrun for example_dag_decorator to None, run_after=None
[2026-04-07T04:09:14.329+0530] {processor.py:208} INFO - Processing /home/ubantu/miniconda3/envs/airflow-env/lib/python3.11/site-packages/airflow/example_dags/example_dag_decorator.py took 0.248 seconds
[2026-04-07T04:10:11.567+0530] {processor.py:186} INFO - Started process (PID=6180) to work on /home/ubantu/miniconda3/envs/airflow-env/lib/python3.11/site-packages/airflow/example_dags/example_dag_decorator.py
[2026-04-07T04:10:11.568+0530] {processor.py:914} INFO - Processing file /home/ubantu/miniconda3/envs/airflow-env/lib/python3.11/site-packages/airflow/example_dags/example_dag_decorator.py for tasks to queue
[2026-04-07T04:10:11.570+0530] {logging_mixin.py:190} INFO - [2026-04-07T04:10:11.570+0530] {dagbag.py:588} INFO - Filling up the DagBag from /home/ubantu/miniconda3/envs/airflow-env/lib/python3.11/site-packages/airflow/example_dags/example_dag_decorator.py
[2026-04-07T04:10:11.584+0530] {processor.py:925} INFO - DAG(s) 'example_dag_decorator' retrieved from /home/ubantu/miniconda3/envs/airflow-env/lib/python3.11/site-packages/airflow/example_dags/example_dag_decorator.py
[2026-04-07T04:10:11.764+0530] {logging_mixin.py:190} INFO - [2026-04-07T04:10:11.764+0530] {dag.py:3239} INFO - Sync 1 DAGs
[2026-04-07T04:10:11.772+0530] {logging_mixin.py:190} INFO - [2026-04-07T04:10:11.772+0530] {dag.py:4180} INFO - Setting next_dagrun for example_dag_decorator to None, run_after=None
[2026-04-07T04:10:11.788+0530] {processor.py:208} INFO - Processing /home/ubantu/miniconda3/envs/airflow-env/lib/python3.11/site-packages/airflow/example_dags/example_dag_decorator.py took 0.228 seconds
[2026-04-07T04:11:05.326+0530] {processor.py:186} INFO - Started process (PID=6247) to work on /home/ubantu/miniconda3/envs/airflow-env/lib/python3.11/site-packages/airflow/example_dags/example_dag_decorator.py
[2026-04-07T04:11:05.327+0530] {processor.py:914} INFO - Processing file /home/ubantu/miniconda3/envs/airflow-env/lib/python3.11/site-packages/airflow/example_dags/example_dag_decorator.py for tasks to queue
[2026-04-07T04:11:05.330+0530] {logging_mixin.py:190} INFO - [2026-04-07T04:11:05.329+0530] {dagbag.py:588} INFO - Filling up the DagBag from /home/ubantu/miniconda3/envs/airflow-env/lib/python3.11/site-packages/airflow/example_dags/example_dag_decorator.py
[2026-04-07T04:11:05.343+0530] {processor.py:925} INFO - DAG(s) 'example_dag_decorator' retrieved from /home/ubantu/miniconda3/envs/airflow-env/lib/python3.11/site-packages/airflow/example_dags/example_dag_decorator.py
[2026-04-07T04:11:05.431+0530] {logging_mixin.py:190} INFO - [2026-04-07T04:11:05.431+0530] {dag.py:3239} INFO - Sync 1 DAGs
[2026-04-07T04:11:05.440+0530] {logging_mixin.py:190} INFO - [2026-04-07T04:11:05.440+0530] {dag.py:4180} INFO - Setting next_dagrun for example_dag_decorator to None, run_after=None
[2026-04-07T04:11:05.458+0530] {processor.py:208} INFO - Processing /home/ubantu/miniconda3/envs/airflow-env/lib/python3.11/site-packages/airflow/example_dags/example_dag_decorator.py took 0.138 seconds
[2026-04-07T04:12:00.614+0530] {processor.py:186} INFO - Started process (PID=6316) to work on /home/ubantu/miniconda3/envs/airflow-env/lib/python3.11/site-packages/airflow/example_dags/example_dag_decorator.py
[2026-04-07T04:12:00.615+0530] {processor.py:914} INFO - Processing file /home/ubantu/miniconda3/envs/airflow-env/lib/python3.11/site-packages/airflow/example_dags/example_dag_decorator.py for tasks to queue
[2026-04-07T04:12:00.618+0530] {logging_mixin.py:190} INFO - [2026-04-07T04:12:00.617+0530] {dagbag.py:588} INFO - Filling up the DagBag from /home/ubantu/miniconda3/envs/airflow-env/lib/python3.11/site-packages/airflow/example_dags/example_dag_decorator.py
[2026-04-07T04:12:00.632+0530] {processor.py:925} INFO - DAG(s) 'example_dag_decorator' retrieved from /home/ubantu/miniconda3/envs/airflow-env/lib/python3.11/site-packages/airflow/example_dags/example_dag_decorator.py
[2026-04-07T04:12:00.720+0530] {logging_mixin.py:190} INFO - [2026-04-07T04:12:00.720+0530] {dag.py:3239} INFO - Sync 1 DAGs
[2026-04-07T04:12:00.730+0530] {logging_mixin.py:190} INFO - [2026-04-07T04:12:00.730+0530] {dag.py:4180} INFO - Setting next_dagrun for example_dag_decorator to None, run_after=None
[2026-04-07T04:12:00.748+0530] {processor.py:208} INFO - Processing /home/ubantu/miniconda3/envs/airflow-env/lib/python3.11/site-packages/airflow/example_dags/example_dag_decorator.py took 0.140 seconds
[2026-04-07T04:13:17.558+0530] {processor.py:186} INFO - Started process (PID=6404) to work on /home/ubantu/miniconda3/envs/airflow-env/lib/python3.11/site-packages/airflow/example_dags/example_dag_decorator.py
[2026-04-07T04:13:17.560+0530] {processor.py:914} INFO - Processing file /home/ubantu/miniconda3/envs/airflow-env/lib/python3.11/site-packages/airflow/example_dags/example_dag_decorator.py for tasks to queue
[2026-04-07T04:13:17.562+0530] {logging_mixin.py:190} INFO - [2026-04-07T04:13:17.561+0530] {dagbag.py:588} INFO - Filling up the DagBag from /home/ubantu/miniconda3/envs/airflow-env/lib/python3.11/site-packages/airflow/example_dags/example_dag_decorator.py
[2026-04-07T04:13:17.575+0530] {processor.py:925} INFO - DAG(s) 'example_dag_decorator' retrieved from /home/ubantu/miniconda3/envs/airflow-env/lib/python3.11/site-packages/airflow/example_dags/example_dag_decorator.py
[2026-04-07T04:13:17.662+0530] {logging_mixin.py:190} INFO - [2026-04-07T04:13:17.662+0530] {dag.py:3239} INFO - Sync 1 DAGs
[2026-04-07T04:13:17.671+0530] {logging_mixin.py:190} INFO - [2026-04-07T04:13:17.671+0530] {dag.py:4180} INFO - Setting next_dagrun for example_dag_decorator to None, run_after=None
[2026-04-07T04:13:17.690+0530] {processor.py:208} INFO - Processing /home/ubantu/miniconda3/envs/airflow-env/lib/python3.11/site-packages/airflow/example_dags/example_dag_decorator.py took 0.137 seconds
[2026-04-07T04:14:12.200+0530] {processor.py:186} INFO - Started process (PID=6471) to work on /home/ubantu/miniconda3/envs/airflow-env/lib/python3.11/site-packages/airflow/example_dags/example_dag_decorator.py
[2026-04-07T04:14:12.201+0530] {processor.py:914} INFO - Processing file /home/ubantu/miniconda3/envs/airflow-env/lib/python3.11/site-packages/airflow/example_dags/example_dag_decorator.py for tasks to queue
[2026-04-07T04:14:12.205+0530] {logging_mixin.py:190} INFO - [2026-04-07T04:14:12.203+0530] {dagbag.py:588} INFO - Filling up the DagBag from /home/ubantu/miniconda3/envs/airflow-env/lib/python3.11/site-packages/airflow/example_dags/example_dag_decorator.py
[2026-04-07T04:14:12.216+0530] {processor.py:925} INFO - DAG(s) 'example_dag_decorator' retrieved from /home/ubantu/miniconda3/envs/airflow-env/lib/python3.11/site-packages/airflow/example_dags/example_dag_decorator.py
[2026-04-07T04:14:12.306+0530] {logging_mixin.py:190} INFO - [2026-04-07T04:14:12.306+0530] {dag.py:3239} INFO - Sync 1 DAGs
[2026-04-07T04:14:12.315+0530] {logging_mixin.py:190} INFO - [2026-04-07T04:14:12.314+0530] {dag.py:4180} INFO - Setting next_dagrun for example_dag_decorator to None, run_after=None
[2026-04-07T04:14:12.332+0530] {processor.py:208} INFO - Processing /home/ubantu/miniconda3/envs/airflow-env/lib/python3.11/site-packages/airflow/example_dags/example_dag_decorator.py took 0.139 seconds
[2026-04-07T04:15:06.783+0530] {processor.py:186} INFO - Started process (PID=6535) to work on /home/ubantu/miniconda3/envs/airflow-env/lib/python3.11/site-packages/airflow/example_dags/example_dag_decorator.py
[2026-04-07T04:15:06.784+0530] {processor.py:914} INFO - Processing file /home/ubantu/miniconda3/envs/airflow-env/lib/python3.11/site-packages/airflow/example_dags/example_dag_decorator.py for tasks to queue
[2026-04-07T04:15:06.786+0530] {logging_mixin.py:190} INFO - [2026-04-07T04:15:06.786+0530] {dagbag.py:588} INFO - Filling up the DagBag from /home/ubantu/miniconda3/envs/airflow-env/lib/python3.11/site-packages/airflow/example_dags/example_dag_decorator.py
[2026-04-07T04:15:06.798+0530] {processor.py:925} INFO - DAG(s) 'example_dag_decorator' retrieved from /home/ubantu/miniconda3/envs/airflow-env/lib/python3.11/site-packages/airflow/example_dags/example_dag_decorator.py
[2026-04-07T04:15:06.884+0530] {logging_mixin.py:190} INFO - [2026-04-07T04:15:06.884+0530] {dag.py:3239} INFO - Sync 1 DAGs
[2026-04-07T04:15:06.894+0530] {logging_mixin.py:190} INFO - [2026-04-07T04:15:06.893+0530] {dag.py:4180} INFO - Setting next_dagrun for example_dag_decorator to None, run_after=None
[2026-04-07T04:15:06.910+0530] {processor.py:208} INFO - Processing /home/ubantu/miniconda3/envs/airflow-env/lib/python3.11/site-packages/airflow/example_dags/example_dag_decorator.py took 0.133 seconds
[2026-04-07T04:16:22.069+0530] {processor.py:186} INFO - Started process (PID=6621) to work on /home/ubantu/miniconda3/envs/airflow-env/lib/python3.11/site-packages/airflow/example_dags/example_dag_decorator.py
[2026-04-07T04:16:22.070+0530] {processor.py:914} INFO - Processing file /home/ubantu/miniconda3/envs/airflow-env/lib/python3.11/site-packages/airflow/example_dags/example_dag_decorator.py for tasks to queue
[2026-04-07T04:16:22.073+0530] {logging_mixin.py:190} INFO - [2026-04-07T04:16:22.072+0530] {dagbag.py:588} INFO - Filling up the DagBag from /home/ubantu/miniconda3/envs/airflow-env/lib/python3.11/site-packages/airflow/example_dags/example_dag_decorator.py
[2026-04-07T04:16:22.085+0530] {processor.py:925} INFO - DAG(s) 'example_dag_decorator' retrieved from /home/ubantu/miniconda3/envs/airflow-env/lib/python3.11/site-packages/airflow/example_dags/example_dag_decorator.py
[2026-04-07T04:16:22.103+0530] {logging_mixin.py:190} INFO - [2026-04-07T04:16:22.102+0530] {dag.py:3239} INFO - Sync 1 DAGs
[2026-04-07T04:16:22.114+0530] {logging_mixin.py:190} INFO - [2026-04-07T04:16:22.113+0530] {dag.py:4180} INFO - Setting next_dagrun for example_dag_decorator to None, run_after=None
[2026-04-07T04:16:22.131+0530] {processor.py:208} INFO - Processing /home/ubantu/miniconda3/envs/airflow-env/lib/python3.11/site-packages/airflow/example_dags/example_dag_decorator.py took 0.067 seconds
[2026-04-07T04:17:36.980+0530] {processor.py:186} INFO - Started process (PID=6713) to work on /home/ubantu/miniconda3/envs/airflow-env/lib/python3.11/site-packages/airflow/example_dags/example_dag_decorator.py
[2026-04-07T04:17:36.981+0530] {processor.py:914} INFO - Processing file /home/ubantu/miniconda3/envs/airflow-env/lib/python3.11/site-packages/airflow/example_dags/example_dag_decorator.py for tasks to queue
[2026-04-07T04:17:36.983+0530] {logging_mixin.py:190} INFO - [2026-04-07T04:17:36.983+0530] {dagbag.py:588} INFO - Filling up the DagBag from /home/ubantu/miniconda3/envs/airflow-env/lib/python3.11/site-packages/airflow/example_dags/example_dag_decorator.py
[2026-04-07T04:17:36.996+0530] {processor.py:925} INFO - DAG(s) 'example_dag_decorator' retrieved from /home/ubantu/miniconda3/envs/airflow-env/lib/python3.11/site-packages/airflow/example_dags/example_dag_decorator.py
[2026-04-07T04:17:37.090+0530] {logging_mixin.py:190} INFO - [2026-04-07T04:17:37.090+0530] {dag.py:3239} INFO - Sync 1 DAGs
[2026-04-07T04:17:37.098+0530] {logging_mixin.py:190} INFO - [2026-04-07T04:17:37.098+0530] {dag.py:4180} INFO - Setting next_dagrun for example_dag_decorator to None, run_after=None
[2026-04-07T04:17:37.116+0530] {processor.py:208} INFO - Processing /home/ubantu/miniconda3/envs/airflow-env/lib/python3.11/site-packages/airflow/example_dags/example_dag_decorator.py took 0.143 seconds
[2026-04-07T04:18:55.351+0530] {processor.py:186} INFO - Started process (PID=6853) to work on /home/ubantu/miniconda3/envs/airflow-env/lib/python3.11/site-packages/airflow/example_dags/example_dag_decorator.py
[2026-04-07T04:18:55.352+0530] {processor.py:914} INFO - Processing file /home/ubantu/miniconda3/envs/airflow-env/lib/python3.11/site-packages/airflow/example_dags/example_dag_decorator.py for tasks to queue
[2026-04-07T04:18:55.354+0530] {logging_mixin.py:190} INFO - [2026-04-07T04:18:55.354+0530] {dagbag.py:588} INFO - Filling up the DagBag from /home/ubantu/miniconda3/envs/airflow-env/lib/python3.11/site-packages/airflow/example_dags/example_dag_decorator.py
[2026-04-07T04:18:55.370+0530] {processor.py:925} INFO - DAG(s) 'example_dag_decorator' retrieved from /home/ubantu/miniconda3/envs/airflow-env/lib/python3.11/site-packages/airflow/example_dags/example_dag_decorator.py
[2026-04-07T04:18:55.468+0530] {logging_mixin.py:190} INFO - [2026-04-07T04:18:55.467+0530] {dag.py:3239} INFO - Sync 1 DAGs
[2026-04-07T04:18:55.477+0530] {logging_mixin.py:190} INFO - [2026-04-07T04:18:55.477+0530] {dag.py:4180} INFO - Setting next_dagrun for example_dag_decorator to None, run_after=None
[2026-04-07T04:18:55.495+0530] {processor.py:208} INFO - Processing /home/ubantu/miniconda3/envs/airflow-env/lib/python3.11/site-packages/airflow/example_dags/example_dag_decorator.py took 0.152 seconds
[2026-04-07T04:20:11.067+0530] {processor.py:186} INFO - Started process (PID=6940) to work on /home/ubantu/miniconda3/envs/airflow-env/lib/python3.11/site-packages/airflow/example_dags/example_dag_decorator.py
[2026-04-07T04:20:11.068+0530] {processor.py:914} INFO - Processing file /home/ubantu/miniconda3/envs/airflow-env/lib/python3.11/site-packages/airflow/example_dags/example_dag_decorator.py for tasks to queue
[2026-04-07T04:20:11.070+0530] {logging_mixin.py:190} INFO - [2026-04-07T04:20:11.070+0530] {dagbag.py:588} INFO - Filling up the DagBag from /home/ubantu/miniconda3/envs/airflow-env/lib/python3.11/site-packages/airflow/example_dags/example_dag_decorator.py
[2026-04-07T04:20:11.083+0530] {processor.py:925} INFO - DAG(s) 'example_dag_decorator' retrieved from /home/ubantu/miniconda3/envs/airflow-env/lib/python3.11/site-packages/airflow/example_dags/example_dag_decorator.py
[2026-04-07T04:20:11.168+0530] {logging_mixin.py:190} INFO - [2026-04-07T04:20:11.167+0530] {dag.py:3239} INFO - Sync 1 DAGs
[2026-04-07T04:20:11.176+0530] {logging_mixin.py:190} INFO - [2026-04-07T04:20:11.176+0530] {dag.py:4180} INFO - Setting next_dagrun for example_dag_decorator to None, run_after=None
[2026-04-07T04:20:11.193+0530] {processor.py:208} INFO - Processing /home/ubantu/miniconda3/envs/airflow-env/lib/python3.11/site-packages/airflow/example_dags/example_dag_decorator.py took 0.133 seconds
[2026-04-07T04:21:28.055+0530] {processor.py:186} INFO - Started process (PID=7024) to work on /home/ubantu/miniconda3/envs/airflow-env/lib/python3.11/site-packages/airflow/example_dags/example_dag_decorator.py
[2026-04-07T04:21:28.057+0530] {processor.py:914} INFO - Processing file /home/ubantu/miniconda3/envs/airflow-env/lib/python3.11/site-packages/airflow/example_dags/example_dag_decorator.py for tasks to queue
[2026-04-07T04:21:28.059+0530] {logging_mixin.py:190} INFO - [2026-04-07T04:21:28.058+0530] {dagbag.py:588} INFO - Filling up the DagBag from /home/ubantu/miniconda3/envs/airflow-env/lib/python3.11/site-packages/airflow/example_dags/example_dag_decorator.py
[2026-04-07T04:21:28.071+0530] {processor.py:925} INFO - DAG(s) 'example_dag_decorator' retrieved from /home/ubantu/miniconda3/envs/airflow-env/lib/python3.11/site-packages/airflow/example_dags/example_dag_decorator.py
[2026-04-07T04:21:28.158+0530] {logging_mixin.py:190} INFO - [2026-04-07T04:21:28.158+0530] {dag.py:3239} INFO - Sync 1 DAGs
[2026-04-07T04:21:28.166+0530] {logging_mixin.py:190} INFO - [2026-04-07T04:21:28.166+0530] {dag.py:4180} INFO - Setting next_dagrun for example_dag_decorator to None, run_after=None
[2026-04-07T04:21:28.183+0530] {processor.py:208} INFO - Processing /home/ubantu/miniconda3/envs/airflow-env/lib/python3.11/site-packages/airflow/example_dags/example_dag_decorator.py took 0.134 seconds
[2026-04-07T04:22:22.877+0530] {processor.py:186} INFO - Started process (PID=7088) to work on /home/ubantu/miniconda3/envs/airflow-env/lib/python3.11/site-packages/airflow/example_dags/example_dag_decorator.py
[2026-04-07T04:22:22.878+0530] {processor.py:914} INFO - Processing file /home/ubantu/miniconda3/envs/airflow-env/lib/python3.11/site-packages/airflow/example_dags/example_dag_decorator.py for tasks to queue
[2026-04-07T04:22:22.880+0530] {logging_mixin.py:190} INFO - [2026-04-07T04:22:22.880+0530] {dagbag.py:588} INFO - Filling up the DagBag from /home/ubantu/miniconda3/envs/airflow-env/lib/python3.11/site-packages/airflow/example_dags/example_dag_decorator.py
[2026-04-07T04:22:22.893+0530] {processor.py:925} INFO - DAG(s) 'example_dag_decorator' retrieved from /home/ubantu/miniconda3/envs/airflow-env/lib/python3.11/site-packages/airflow/example_dags/example_dag_decorator.py
[2026-04-07T04:22:22.986+0530] {logging_mixin.py:190} INFO - [2026-04-07T04:22:22.985+0530] {dag.py:3239} INFO - Sync 1 DAGs
[2026-04-07T04:22:22.994+0530] {logging_mixin.py:190} INFO - [2026-04-07T04:22:22.994+0530] {dag.py:4180} INFO - Setting next_dagrun for example_dag_decorator to None, run_after=None
[2026-04-07T04:22:23.011+0530] {processor.py:208} INFO - Processing /home/ubantu/miniconda3/envs/airflow-env/lib/python3.11/site-packages/airflow/example_dags/example_dag_decorator.py took 0.141 seconds
[2026-04-07T04:23:17.396+0530] {processor.py:186} INFO - Started process (PID=7187) to work on /home/ubantu/miniconda3/envs/airflow-env/lib/python3.11/site-packages/airflow/example_dags/example_dag_decorator.py
[2026-04-07T04:23:17.397+0530] {processor.py:914} INFO - Processing file /home/ubantu/miniconda3/envs/airflow-env/lib/python3.11/site-packages/airflow/example_dags/example_dag_decorator.py for tasks to queue
[2026-04-07T04:23:17.398+0530] {logging_mixin.py:190} INFO - [2026-04-07T04:23:17.398+0530] {dagbag.py:588} INFO - Filling up the DagBag from /home/ubantu/miniconda3/envs/airflow-env/lib/python3.11/site-packages/airflow/example_dags/example_dag_decorator.py
[2026-04-07T04:23:17.409+0530] {processor.py:925} INFO - DAG(s) 'example_dag_decorator' retrieved from /home/ubantu/miniconda3/envs/airflow-env/lib/python3.11/site-packages/airflow/example_dags/example_dag_decorator.py
[2026-04-07T04:23:17.496+0530] {logging_mixin.py:190} INFO - [2026-04-07T04:23:17.496+0530] {dag.py:3239} INFO - Sync 1 DAGs
[2026-04-07T04:23:17.507+0530] {logging_mixin.py:190} INFO - [2026-04-07T04:23:17.506+0530] {dag.py:4180} INFO - Setting next_dagrun for example_dag_decorator to None, run_after=None
[2026-04-07T04:23:17.525+0530] {processor.py:208} INFO - Processing /home/ubantu/miniconda3/envs/airflow-env/lib/python3.11/site-packages/airflow/example_dags/example_dag_decorator.py took 0.135 seconds
[2026-04-07T04:24:34.542+0530] {processor.py:186} INFO - Started process (PID=7331) to work on /home/ubantu/miniconda3/envs/airflow-env/lib/python3.11/site-packages/airflow/example_dags/example_dag_decorator.py
[2026-04-07T04:24:34.543+0530] {processor.py:914} INFO - Processing file /home/ubantu/miniconda3/envs/airflow-env/lib/python3.11/site-packages/airflow/example_dags/example_dag_decorator.py for tasks to queue
[2026-04-07T04:24:34.545+0530] {logging_mixin.py:190} INFO - [2026-04-07T04:24:34.545+0530] {dagbag.py:588} INFO - Filling up the DagBag from /home/ubantu/miniconda3/envs/airflow-env/lib/python3.11/site-packages/airflow/example_dags/example_dag_decorator.py
[2026-04-07T04:24:34.558+0530] {processor.py:925} INFO - DAG(s) 'example_dag_decorator' retrieved from /home/ubantu/miniconda3/envs/airflow-env/lib/python3.11/site-packages/airflow/example_dags/example_dag_decorator.py
[2026-04-07T04:24:34.644+0530] {logging_mixin.py:190} INFO - [2026-04-07T04:24:34.644+0530] {dag.py:3239} INFO - Sync 1 DAGs
[2026-04-07T04:24:34.653+0530] {logging_mixin.py:190} INFO - [2026-04-07T04:24:34.653+0530] {dag.py:4180} INFO - Setting next_dagrun for example_dag_decorator to None, run_after=None
[2026-04-07T04:24:34.671+0530] {processor.py:208} INFO - Processing /home/ubantu/miniconda3/envs/airflow-env/lib/python3.11/site-packages/airflow/example_dags/example_dag_decorator.py took 0.136 seconds
[2026-04-07T04:25:28.125+0530] {processor.py:186} INFO - Started process (PID=7420) to work on /home/ubantu/miniconda3/envs/airflow-env/lib/python3.11/site-packages/airflow/example_dags/example_dag_decorator.py
[2026-04-07T04:25:28.126+0530] {processor.py:914} INFO - Processing file /home/ubantu/miniconda3/envs/airflow-env/lib/python3.11/site-packages/airflow/example_dags/example_dag_decorator.py for tasks to queue
[2026-04-07T04:25:28.128+0530] {logging_mixin.py:190} INFO - [2026-04-07T04:25:28.128+0530] {dagbag.py:588} INFO - Filling up the DagBag from /home/ubantu/miniconda3/envs/airflow-env/lib/python3.11/site-packages/airflow/example_dags/example_dag_decorator.py
[2026-04-07T04:25:28.144+0530] {processor.py:925} INFO - DAG(s) 'example_dag_decorator' retrieved from /home/ubantu/miniconda3/envs/airflow-env/lib/python3.11/site-packages/airflow/example_dags/example_dag_decorator.py
[2026-04-07T04:25:28.235+0530] {logging_mixin.py:190} INFO - [2026-04-07T04:25:28.235+0530] {dag.py:3239} INFO - Sync 1 DAGs
[2026-04-07T04:25:28.244+0530] {logging_mixin.py:190} INFO - [2026-04-07T04:25:28.243+0530] {dag.py:4180} INFO - Setting next_dagrun for example_dag_decorator to None, run_after=None
[2026-04-07T04:25:28.261+0530] {processor.py:208} INFO - Processing /home/ubantu/miniconda3/envs/airflow-env/lib/python3.11/site-packages/airflow/example_dags/example_dag_decorator.py took 0.143 seconds
[2026-04-07T04:26:23.716+0530] {processor.py:186} INFO - Started process (PID=7487) to work on /home/ubantu/miniconda3/envs/airflow-env/lib/python3.11/site-packages/airflow/example_dags/example_dag_decorator.py
[2026-04-07T04:26:23.718+0530] {processor.py:914} INFO - Processing file /home/ubantu/miniconda3/envs/airflow-env/lib/python3.11/site-packages/airflow/example_dags/example_dag_decorator.py for tasks to queue
[2026-04-07T04:26:23.723+0530] {logging_mixin.py:190} INFO - [2026-04-07T04:26:23.722+0530] {dagbag.py:588} INFO - Filling up the DagBag from /home/ubantu/miniconda3/envs/airflow-env/lib/python3.11/site-packages/airflow/example_dags/example_dag_decorator.py
[2026-04-07T04:26:23.738+0530] {processor.py:925} INFO - DAG(s) 'example_dag_decorator' retrieved from /home/ubantu/miniconda3/envs/airflow-env/lib/python3.11/site-packages/airflow/example_dags/example_dag_decorator.py
[2026-04-07T04:26:23.759+0530] {logging_mixin.py:190} INFO - [2026-04-07T04:26:23.758+0530] {dag.py:3239} INFO - Sync 1 DAGs
[2026-04-07T04:26:23.772+0530] {logging_mixin.py:190} INFO - [2026-04-07T04:26:23.772+0530] {dag.py:4180} INFO - Setting next_dagrun for example_dag_decorator to None, run_after=None
[2026-04-07T04:26:23.791+0530] {processor.py:208} INFO - Processing /home/ubantu/miniconda3/envs/airflow-env/lib/python3.11/site-packages/airflow/example_dags/example_dag_decorator.py took 0.086 seconds
[2026-04-07T04:27:18.976+0530] {processor.py:186} INFO - Started process (PID=7555) to work on /home/ubantu/miniconda3/envs/airflow-env/lib/python3.11/site-packages/airflow/example_dags/example_dag_decorator.py
[2026-04-07T04:27:18.977+0530] {processor.py:914} INFO - Processing file /home/ubantu/miniconda3/envs/airflow-env/lib/python3.11/site-packages/airflow/example_dags/example_dag_decorator.py for tasks to queue
[2026-04-07T04:27:18.979+0530] {logging_mixin.py:190} INFO - [2026-04-07T04:27:18.978+0530] {dagbag.py:588} INFO - Filling up the DagBag from /home/ubantu/miniconda3/envs/airflow-env/lib/python3.11/site-packages/airflow/example_dags/example_dag_decorator.py
[2026-04-07T04:27:18.990+0530] {processor.py:925} INFO - DAG(s) 'example_dag_decorator' retrieved from /home/ubantu/miniconda3/envs/airflow-env/lib/python3.11/site-packages/airflow/example_dags/example_dag_decorator.py
[2026-04-07T04:27:19.014+0530] {logging_mixin.py:190} INFO - [2026-04-07T04:27:19.013+0530] {dag.py:3239} INFO - Sync 1 DAGs
[2026-04-07T04:27:19.030+0530] {logging_mixin.py:190} INFO - [2026-04-07T04:27:19.030+0530] {dag.py:4180} INFO - Setting next_dagrun for example_dag_decorator to None, run_after=None
[2026-04-07T04:27:19.050+0530] {processor.py:208} INFO - Processing /home/ubantu/miniconda3/envs/airflow-env/lib/python3.11/site-packages/airflow/example_dags/example_dag_decorator.py took 0.080 seconds
[2026-04-07T04:28:36.392+0530] {processor.py:186} INFO - Started process (PID=7651) to work on /home/ubantu/miniconda3/envs/airflow-env/lib/python3.11/site-packages/airflow/example_dags/example_dag_decorator.py
[2026-04-07T04:28:36.393+0530] {processor.py:914} INFO - Processing file /home/ubantu/miniconda3/envs/airflow-env/lib/python3.11/site-packages/airflow/example_dags/example_dag_decorator.py for tasks to queue
[2026-04-07T04:28:36.396+0530] {logging_mixin.py:190} INFO - [2026-04-07T04:28:36.395+0530] {dagbag.py:588} INFO - Filling up the DagBag from /home/ubantu/miniconda3/envs/airflow-env/lib/python3.11/site-packages/airflow/example_dags/example_dag_decorator.py
[2026-04-07T04:28:36.409+0530] {processor.py:925} INFO - DAG(s) 'example_dag_decorator' retrieved from /home/ubantu/miniconda3/envs/airflow-env/lib/python3.11/site-packages/airflow/example_dags/example_dag_decorator.py
[2026-04-07T04:28:36.497+0530] {logging_mixin.py:190} INFO - [2026-04-07T04:28:36.497+0530] {dag.py:3239} INFO - Sync 1 DAGs
[2026-04-07T04:28:36.507+0530] {logging_mixin.py:190} INFO - [2026-04-07T04:28:36.506+0530] {dag.py:4180} INFO - Setting next_dagrun for example_dag_decorator to None, run_after=None
[2026-04-07T04:28:36.523+0530] {processor.py:208} INFO - Processing /home/ubantu/miniconda3/envs/airflow-env/lib/python3.11/site-packages/airflow/example_dags/example_dag_decorator.py took 0.139 seconds
[2026-04-07T04:29:30.356+0530] {processor.py:186} INFO - Started process (PID=7720) to work on /home/ubantu/miniconda3/envs/airflow-env/lib/python3.11/site-packages/airflow/example_dags/example_dag_decorator.py
[2026-04-07T04:29:30.357+0530] {processor.py:914} INFO - Processing file /home/ubantu/miniconda3/envs/airflow-env/lib/python3.11/site-packages/airflow/example_dags/example_dag_decorator.py for tasks to queue
[2026-04-07T04:29:30.359+0530] {logging_mixin.py:190} INFO - [2026-04-07T04:29:30.359+0530] {dagbag.py:588} INFO - Filling up the DagBag from /home/ubantu/miniconda3/envs/airflow-env/lib/python3.11/site-packages/airflow/example_dags/example_dag_decorator.py
[2026-04-07T04:29:30.372+0530] {processor.py:925} INFO - DAG(s) 'example_dag_decorator' retrieved from /home/ubantu/miniconda3/envs/airflow-env/lib/python3.11/site-packages/airflow/example_dags/example_dag_decorator.py
[2026-04-07T04:29:30.457+0530] {logging_mixin.py:190} INFO - [2026-04-07T04:29:30.457+0530] {dag.py:3239} INFO - Sync 1 DAGs
[2026-04-07T04:29:30.465+0530] {logging_mixin.py:190} INFO - [2026-04-07T04:29:30.465+0530] {dag.py:4180} INFO - Setting next_dagrun for example_dag_decorator to None, run_after=None
[2026-04-07T04:29:30.506+0530] {processor.py:208} INFO - Processing /home/ubantu/miniconda3/envs/airflow-env/lib/python3.11/site-packages/airflow/example_dags/example_dag_decorator.py took 0.157 seconds
[2026-04-07T04:30:27.252+0530] {processor.py:186} INFO - Started process (PID=7784) to work on /home/ubantu/miniconda3/envs/airflow-env/lib/python3.11/site-packages/airflow/example_dags/example_dag_decorator.py
[2026-04-07T04:30:27.254+0530] {processor.py:914} INFO - Processing file /home/ubantu/miniconda3/envs/airflow-env/lib/python3.11/site-packages/airflow/example_dags/example_dag_decorator.py for tasks to queue
[2026-04-07T04:30:27.256+0530] {logging_mixin.py:190} INFO - [2026-04-07T04:30:27.256+0530] {dagbag.py:588} INFO - Filling up the DagBag from /home/ubantu/miniconda3/envs/airflow-env/lib/python3.11/site-packages/airflow/example_dags/example_dag_decorator.py
[2026-04-07T04:30:27.267+0530] {processor.py:925} INFO - DAG(s) 'example_dag_decorator' retrieved from /home/ubantu/miniconda3/envs/airflow-env/lib/python3.11/site-packages/airflow/example_dags/example_dag_decorator.py
[2026-04-07T04:30:27.355+0530] {logging_mixin.py:190} INFO - [2026-04-07T04:30:27.355+0530] {dag.py:3239} INFO - Sync 1 DAGs
[2026-04-07T04:30:27.365+0530] {logging_mixin.py:190} INFO - [2026-04-07T04:30:27.364+0530] {dag.py:4180} INFO - Setting next_dagrun for example_dag_decorator to None, run_after=None
[2026-04-07T04:30:27.405+0530] {processor.py:208} INFO - Processing /home/ubantu/miniconda3/envs/airflow-env/lib/python3.11/site-packages/airflow/example_dags/example_dag_decorator.py took 0.159 seconds
[2026-04-07T04:31:26.863+0530] {processor.py:186} INFO - Started process (PID=7851) to work on /home/ubantu/miniconda3/envs/airflow-env/lib/python3.11/site-packages/airflow/example_dags/example_dag_decorator.py
[2026-04-07T04:31:26.866+0530] {processor.py:914} INFO - Processing file /home/ubantu/miniconda3/envs/airflow-env/lib/python3.11/site-packages/airflow/example_dags/example_dag_decorator.py for tasks to queue
[2026-04-07T04:31:26.868+0530] {logging_mixin.py:190} INFO - [2026-04-07T04:31:26.868+0530] {dagbag.py:588} INFO - Filling up the DagBag from /home/ubantu/miniconda3/envs/airflow-env/lib/python3.11/site-packages/airflow/example_dags/example_dag_decorator.py
[2026-04-07T04:31:26.883+0530] {processor.py:925} INFO - DAG(s) 'example_dag_decorator' retrieved from /home/ubantu/miniconda3/envs/airflow-env/lib/python3.11/site-packages/airflow/example_dags/example_dag_decorator.py
[2026-04-07T04:31:26.966+0530] {logging_mixin.py:190} INFO - [2026-04-07T04:31:26.965+0530] {dag.py:3239} INFO - Sync 1 DAGs
[2026-04-07T04:31:26.976+0530] {logging_mixin.py:190} INFO - [2026-04-07T04:31:26.975+0530] {dag.py:4180} INFO - Setting next_dagrun for example_dag_decorator to None, run_after=None
[2026-04-07T04:31:27.017+0530] {processor.py:208} INFO - Processing /home/ubantu/miniconda3/envs/airflow-env/lib/python3.11/site-packages/airflow/example_dags/example_dag_decorator.py took 0.161 seconds
[2026-04-07T04:32:24.432+0530] {processor.py:186} INFO - Started process (PID=7921) to work on /home/ubantu/miniconda3/envs/airflow-env/lib/python3.11/site-packages/airflow/example_dags/example_dag_decorator.py
[2026-04-07T04:32:24.433+0530] {processor.py:914} INFO - Processing file /home/ubantu/miniconda3/envs/airflow-env/lib/python3.11/site-packages/airflow/example_dags/example_dag_decorator.py for tasks to queue
[2026-04-07T04:32:24.435+0530] {logging_mixin.py:190} INFO - [2026-04-07T04:32:24.435+0530] {dagbag.py:588} INFO - Filling up the DagBag from /home/ubantu/miniconda3/envs/airflow-env/lib/python3.11/site-packages/airflow/example_dags/example_dag_decorator.py
[2026-04-07T04:32:24.448+0530] {processor.py:925} INFO - DAG(s) 'example_dag_decorator' retrieved from /home/ubantu/miniconda3/envs/airflow-env/lib/python3.11/site-packages/airflow/example_dags/example_dag_decorator.py
[2026-04-07T04:32:24.537+0530] {logging_mixin.py:190} INFO - [2026-04-07T04:32:24.537+0530] {dag.py:3239} INFO - Sync 1 DAGs
[2026-04-07T04:32:24.547+0530] {logging_mixin.py:190} INFO - [2026-04-07T04:32:24.547+0530] {dag.py:4180} INFO - Setting next_dagrun for example_dag_decorator to None, run_after=None
[2026-04-07T04:32:24.566+0530] {processor.py:208} INFO - Processing /home/ubantu/miniconda3/envs/airflow-env/lib/python3.11/site-packages/airflow/example_dags/example_dag_decorator.py took 0.141 seconds
[2026-04-07T04:33:19.743+0530] {processor.py:186} INFO - Started process (PID=7994) to work on /home/ubantu/miniconda3/envs/airflow-env/lib/python3.11/site-packages/airflow/example_dags/example_dag_decorator.py
[2026-04-07T04:33:19.744+0530] {processor.py:914} INFO - Processing file /home/ubantu/miniconda3/envs/airflow-env/lib/python3.11/site-packages/airflow/example_dags/example_dag_decorator.py for tasks to queue
[2026-04-07T04:33:19.747+0530] {logging_mixin.py:190} INFO - [2026-04-07T04:33:19.746+0530] {dagbag.py:588} INFO - Filling up the DagBag from /home/ubantu/miniconda3/envs/airflow-env/lib/python3.11/site-packages/airflow/example_dags/example_dag_decorator.py
[2026-04-07T04:33:19.760+0530] {processor.py:925} INFO - DAG(s) 'example_dag_decorator' retrieved from /home/ubantu/miniconda3/envs/airflow-env/lib/python3.11/site-packages/airflow/example_dags/example_dag_decorator.py
[2026-04-07T04:33:19.853+0530] {logging_mixin.py:190} INFO - [2026-04-07T04:33:19.853+0530] {dag.py:3239} INFO - Sync 1 DAGs
[2026-04-07T04:33:19.862+0530] {logging_mixin.py:190} INFO - [2026-04-07T04:33:19.862+0530] {dag.py:4180} INFO - Setting next_dagrun for example_dag_decorator to None, run_after=None
[2026-04-07T04:33:19.880+0530] {processor.py:208} INFO - Processing /home/ubantu/miniconda3/envs/airflow-env/lib/python3.11/site-packages/airflow/example_dags/example_dag_decorator.py took 0.143 seconds
[2026-04-07T04:34:15.358+0530] {processor.py:186} INFO - Started process (PID=8180) to work on /home/ubantu/miniconda3/envs/airflow-env/lib/python3.11/site-packages/airflow/example_dags/example_dag_decorator.py
[2026-04-07T04:34:15.360+0530] {processor.py:914} INFO - Processing file /home/ubantu/miniconda3/envs/airflow-env/lib/python3.11/site-packages/airflow/example_dags/example_dag_decorator.py for tasks to queue
[2026-04-07T04:34:15.362+0530] {logging_mixin.py:190} INFO - [2026-04-07T04:34:15.362+0530] {dagbag.py:588} INFO - Filling up the DagBag from /home/ubantu/miniconda3/envs/airflow-env/lib/python3.11/site-packages/airflow/example_dags/example_dag_decorator.py
[2026-04-07T04:34:15.373+0530] {processor.py:925} INFO - DAG(s) 'example_dag_decorator' retrieved from /home/ubantu/miniconda3/envs/airflow-env/lib/python3.11/site-packages/airflow/example_dags/example_dag_decorator.py
[2026-04-07T04:34:15.460+0530] {logging_mixin.py:190} INFO - [2026-04-07T04:34:15.460+0530] {dag.py:3239} INFO - Sync 1 DAGs
[2026-04-07T04:34:15.469+0530] {logging_mixin.py:190} INFO - [2026-04-07T04:34:15.469+0530] {dag.py:4180} INFO - Setting next_dagrun for example_dag_decorator to None, run_after=None
[2026-04-07T04:34:15.487+0530] {processor.py:208} INFO - Processing /home/ubantu/miniconda3/envs/airflow-env/lib/python3.11/site-packages/airflow/example_dags/example_dag_decorator.py took 0.135 seconds
[2026-04-07T04:35:09.665+0530] {processor.py:186} INFO - Started process (PID=8250) to work on /home/ubantu/miniconda3/envs/airflow-env/lib/python3.11/site-packages/airflow/example_dags/example_dag_decorator.py
[2026-04-07T04:35:09.667+0530] {processor.py:914} INFO - Processing file /home/ubantu/miniconda3/envs/airflow-env/lib/python3.11/site-packages/airflow/example_dags/example_dag_decorator.py for tasks to queue
[2026-04-07T04:35:09.669+0530] {logging_mixin.py:190} INFO - [2026-04-07T04:35:09.669+0530] {dagbag.py:588} INFO - Filling up the DagBag from /home/ubantu/miniconda3/envs/airflow-env/lib/python3.11/site-packages/airflow/example_dags/example_dag_decorator.py
[2026-04-07T04:35:09.684+0530] {processor.py:925} INFO - DAG(s) 'example_dag_decorator' retrieved from /home/ubantu/miniconda3/envs/airflow-env/lib/python3.11/site-packages/airflow/example_dags/example_dag_decorator.py
[2026-04-07T04:35:09.777+0530] {logging_mixin.py:190} INFO - [2026-04-07T04:35:09.777+0530] {dag.py:3239} INFO - Sync 1 DAGs
[2026-04-07T04:35:09.787+0530] {logging_mixin.py:190} INFO - [2026-04-07T04:35:09.787+0530] {dag.py:4180} INFO - Setting next_dagrun for example_dag_decorator to None, run_after=None
[2026-04-07T04:35:09.806+0530] {processor.py:208} INFO - Processing /home/ubantu/miniconda3/envs/airflow-env/lib/python3.11/site-packages/airflow/example_dags/example_dag_decorator.py took 0.149 seconds
[2026-04-07T04:36:29.774+0530] {processor.py:186} INFO - Started process (PID=8355) to work on /home/ubantu/miniconda3/envs/airflow-env/lib/python3.11/site-packages/airflow/example_dags/example_dag_decorator.py
[2026-04-07T04:36:29.776+0530] {processor.py:914} INFO - Processing file /home/ubantu/miniconda3/envs/airflow-env/lib/python3.11/site-packages/airflow/example_dags/example_dag_decorator.py for tasks to queue
[2026-04-07T04:36:29.779+0530] {logging_mixin.py:190} INFO - [2026-04-07T04:36:29.778+0530] {dagbag.py:588} INFO - Filling up the DagBag from /home/ubantu/miniconda3/envs/airflow-env/lib/python3.11/site-packages/airflow/example_dags/example_dag_decorator.py
[2026-04-07T04:36:29.792+0530] {processor.py:925} INFO - DAG(s) 'example_dag_decorator' retrieved from /home/ubantu/miniconda3/envs/airflow-env/lib/python3.11/site-packages/airflow/example_dags/example_dag_decorator.py
[2026-04-07T04:36:29.877+0530] {logging_mixin.py:190} INFO - [2026-04-07T04:36:29.876+0530] {dag.py:3239} INFO - Sync 1 DAGs
[2026-04-07T04:36:29.886+0530] {logging_mixin.py:190} INFO - [2026-04-07T04:36:29.886+0530] {dag.py:4180} INFO - Setting next_dagrun for example_dag_decorator to None, run_after=None
[2026-04-07T04:36:29.903+0530] {processor.py:208} INFO - Processing /home/ubantu/miniconda3/envs/airflow-env/lib/python3.11/site-packages/airflow/example_dags/example_dag_decorator.py took 0.141 seconds
[2026-04-07T04:37:24.732+0530] {processor.py:186} INFO - Started process (PID=8442) to work on /home/ubantu/miniconda3/envs/airflow-env/lib/python3.11/site-packages/airflow/example_dags/example_dag_decorator.py
[2026-04-07T04:37:24.734+0530] {processor.py:914} INFO - Processing file /home/ubantu/miniconda3/envs/airflow-env/lib/python3.11/site-packages/airflow/example_dags/example_dag_decorator.py for tasks to queue
[2026-04-07T04:37:24.735+0530] {logging_mixin.py:190} INFO - [2026-04-07T04:37:24.735+0530] {dagbag.py:588} INFO - Filling up the DagBag from /home/ubantu/miniconda3/envs/airflow-env/lib/python3.11/site-packages/airflow/example_dags/example_dag_decorator.py
[2026-04-07T04:37:24.750+0530] {processor.py:925} INFO - DAG(s) 'example_dag_decorator' retrieved from /home/ubantu/miniconda3/envs/airflow-env/lib/python3.11/site-packages/airflow/example_dags/example_dag_decorator.py
[2026-04-07T04:37:24.843+0530] {logging_mixin.py:190} INFO - [2026-04-07T04:37:24.843+0530] {dag.py:3239} INFO - Sync 1 DAGs
[2026-04-07T04:37:24.852+0530] {logging_mixin.py:190} INFO - [2026-04-07T04:37:24.852+0530] {dag.py:4180} INFO - Setting next_dagrun for example_dag_decorator to None, run_after=None
[2026-04-07T04:37:24.870+0530] {processor.py:208} INFO - Processing /home/ubantu/miniconda3/envs/airflow-env/lib/python3.11/site-packages/airflow/example_dags/example_dag_decorator.py took 0.145 seconds
[2026-04-07T04:38:24.669+0530] {processor.py:186} INFO - Started process (PID=8545) to work on /home/ubantu/miniconda3/envs/airflow-env/lib/python3.11/site-packages/airflow/example_dags/example_dag_decorator.py
[2026-04-07T04:38:24.670+0530] {processor.py:914} INFO - Processing file /home/ubantu/miniconda3/envs/airflow-env/lib/python3.11/site-packages/airflow/example_dags/example_dag_decorator.py for tasks to queue
[2026-04-07T04:38:24.671+0530] {logging_mixin.py:190} INFO - [2026-04-07T04:38:24.671+0530] {dagbag.py:588} INFO - Filling up the DagBag from /home/ubantu/miniconda3/envs/airflow-env/lib/python3.11/site-packages/airflow/example_dags/example_dag_decorator.py
[2026-04-07T04:38:24.684+0530] {processor.py:925} INFO - DAG(s) 'example_dag_decorator' retrieved from /home/ubantu/miniconda3/envs/airflow-env/lib/python3.11/site-packages/airflow/example_dags/example_dag_decorator.py
[2026-04-07T04:38:24.769+0530] {logging_mixin.py:190} INFO - [2026-04-07T04:38:24.769+0530] {dag.py:3239} INFO - Sync 1 DAGs
[2026-04-07T04:38:24.778+0530] {logging_mixin.py:190} INFO - [2026-04-07T04:38:24.778+0530] {dag.py:4180} INFO - Setting next_dagrun for example_dag_decorator to None, run_after=None
[2026-04-07T04:38:24.796+0530] {processor.py:208} INFO - Processing /home/ubantu/miniconda3/envs/airflow-env/lib/python3.11/site-packages/airflow/example_dags/example_dag_decorator.py took 0.133 seconds
[2026-04-07T04:39:25.271+0530] {processor.py:186} INFO - Started process (PID=8629) to work on /home/ubantu/miniconda3/envs/airflow-env/lib/python3.11/site-packages/airflow/example_dags/example_dag_decorator.py
[2026-04-07T04:39:25.272+0530] {processor.py:914} INFO - Processing file /home/ubantu/miniconda3/envs/airflow-env/lib/python3.11/site-packages/airflow/example_dags/example_dag_decorator.py for tasks to queue
[2026-04-07T04:39:25.274+0530] {logging_mixin.py:190} INFO - [2026-04-07T04:39:25.273+0530] {dagbag.py:588} INFO - Filling up the DagBag from /home/ubantu/miniconda3/envs/airflow-env/lib/python3.11/site-packages/airflow/example_dags/example_dag_decorator.py
[2026-04-07T04:39:25.288+0530] {processor.py:925} INFO - DAG(s) 'example_dag_decorator' retrieved from /home/ubantu/miniconda3/envs/airflow-env/lib/python3.11/site-packages/airflow/example_dags/example_dag_decorator.py
[2026-04-07T04:39:25.376+0530] {logging_mixin.py:190} INFO - [2026-04-07T04:39:25.376+0530] {dag.py:3239} INFO - Sync 1 DAGs
[2026-04-07T04:39:25.385+0530] {logging_mixin.py:190} INFO - [2026-04-07T04:39:25.385+0530] {dag.py:4180} INFO - Setting next_dagrun for example_dag_decorator to None, run_after=None
[2026-04-07T04:39:25.402+0530] {processor.py:208} INFO - Processing /home/ubantu/miniconda3/envs/airflow-env/lib/python3.11/site-packages/airflow/example_dags/example_dag_decorator.py took 0.138 seconds
[2026-04-07T04:40:24.569+0530] {processor.py:186} INFO - Started process (PID=8710) to work on /home/ubantu/miniconda3/envs/airflow-env/lib/python3.11/site-packages/airflow/example_dags/example_dag_decorator.py
[2026-04-07T04:40:24.570+0530] {processor.py:914} INFO - Processing file /home/ubantu/miniconda3/envs/airflow-env/lib/python3.11/site-packages/airflow/example_dags/example_dag_decorator.py for tasks to queue
[2026-04-07T04:40:24.571+0530] {logging_mixin.py:190} INFO - [2026-04-07T04:40:24.571+0530] {dagbag.py:588} INFO - Filling up the DagBag from /home/ubantu/miniconda3/envs/airflow-env/lib/python3.11/site-packages/airflow/example_dags/example_dag_decorator.py
[2026-04-07T04:40:24.588+0530] {processor.py:925} INFO - DAG(s) 'example_dag_decorator' retrieved from /home/ubantu/miniconda3/envs/airflow-env/lib/python3.11/site-packages/airflow/example_dags/example_dag_decorator.py
[2026-04-07T04:40:24.676+0530] {logging_mixin.py:190} INFO - [2026-04-07T04:40:24.676+0530] {dag.py:3239} INFO - Sync 1 DAGs
[2026-04-07T04:40:24.687+0530] {logging_mixin.py:190} INFO - [2026-04-07T04:40:24.686+0530] {dag.py:4180} INFO - Setting next_dagrun for example_dag_decorator to None, run_after=None
[2026-04-07T04:40:24.705+0530] {processor.py:208} INFO - Processing /home/ubantu/miniconda3/envs/airflow-env/lib/python3.11/site-packages/airflow/example_dags/example_dag_decorator.py took 0.145 seconds
[2026-04-07T04:41:22.795+0530] {processor.py:186} INFO - Started process (PID=8862) to work on /home/ubantu/miniconda3/envs/airflow-env/lib/python3.11/site-packages/airflow/example_dags/example_dag_decorator.py
[2026-04-07T04:41:22.796+0530] {processor.py:914} INFO - Processing file /home/ubantu/miniconda3/envs/airflow-env/lib/python3.11/site-packages/airflow/example_dags/example_dag_decorator.py for tasks to queue
[2026-04-07T04:41:22.797+0530] {logging_mixin.py:190} INFO - [2026-04-07T04:41:22.796+0530] {dagbag.py:588} INFO - Filling up the DagBag from /home/ubantu/miniconda3/envs/airflow-env/lib/python3.11/site-packages/airflow/example_dags/example_dag_decorator.py
[2026-04-07T04:41:22.812+0530] {processor.py:925} INFO - DAG(s) 'example_dag_decorator' retrieved from /home/ubantu/miniconda3/envs/airflow-env/lib/python3.11/site-packages/airflow/example_dags/example_dag_decorator.py
[2026-04-07T04:41:22.920+0530] {logging_mixin.py:190} INFO - [2026-04-07T04:41:22.919+0530] {dag.py:3239} INFO - Sync 1 DAGs
[2026-04-07T04:41:22.929+0530] {logging_mixin.py:190} INFO - [2026-04-07T04:41:22.929+0530] {dag.py:4180} INFO - Setting next_dagrun for example_dag_decorator to None, run_after=None
[2026-04-07T04:41:22.947+0530] {processor.py:208} INFO - Processing /home/ubantu/miniconda3/envs/airflow-env/lib/python3.11/site-packages/airflow/example_dags/example_dag_decorator.py took 0.159 seconds
[2026-04-07T04:42:18.989+0530] {processor.py:186} INFO - Started process (PID=9011) to work on /home/ubantu/miniconda3/envs/airflow-env/lib/python3.11/site-packages/airflow/example_dags/example_dag_decorator.py
[2026-04-07T04:42:18.990+0530] {processor.py:914} INFO - Processing file /home/ubantu/miniconda3/envs/airflow-env/lib/python3.11/site-packages/airflow/example_dags/example_dag_decorator.py for tasks to queue
[2026-04-07T04:42:18.991+0530] {logging_mixin.py:190} INFO - [2026-04-07T04:42:18.991+0530] {dagbag.py:588} INFO - Filling up the DagBag from /home/ubantu/miniconda3/envs/airflow-env/lib/python3.11/site-packages/airflow/example_dags/example_dag_decorator.py
[2026-04-07T04:42:19.005+0530] {processor.py:925} INFO - DAG(s) 'example_dag_decorator' retrieved from /home/ubantu/miniconda3/envs/airflow-env/lib/python3.11/site-packages/airflow/example_dags/example_dag_decorator.py
[2026-04-07T04:42:19.101+0530] {logging_mixin.py:190} INFO - [2026-04-07T04:42:19.101+0530] {dag.py:3239} INFO - Sync 1 DAGs
[2026-04-07T04:42:19.111+0530] {logging_mixin.py:190} INFO - [2026-04-07T04:42:19.110+0530] {dag.py:4180} INFO - Setting next_dagrun for example_dag_decorator to None, run_after=None
[2026-04-07T04:42:19.130+0530] {processor.py:208} INFO - Processing /home/ubantu/miniconda3/envs/airflow-env/lib/python3.11/site-packages/airflow/example_dags/example_dag_decorator.py took 0.148 seconds
[2026-04-07T04:42:40.500+0530] {processor.py:186} INFO - Started process (PID=9072) to work on /home/ubantu/miniconda3/envs/airflow-env/lib/python3.11/site-packages/airflow/example_dags/example_dag_decorator.py
[2026-04-07T04:42:40.501+0530] {processor.py:914} INFO - Processing file /home/ubantu/miniconda3/envs/airflow-env/lib/python3.11/site-packages/airflow/example_dags/example_dag_decorator.py for tasks to queue
[2026-04-07T04:42:40.504+0530] {logging_mixin.py:190} INFO - [2026-04-07T04:42:40.503+0530] {dagbag.py:588} INFO - Filling up the DagBag from /home/ubantu/miniconda3/envs/airflow-env/lib/python3.11/site-packages/airflow/example_dags/example_dag_decorator.py
[2026-04-07T04:42:40.518+0530] {processor.py:925} INFO - DAG(s) 'example_dag_decorator' retrieved from /home/ubantu/miniconda3/envs/airflow-env/lib/python3.11/site-packages/airflow/example_dags/example_dag_decorator.py
[2026-04-07T04:42:40.526+0530] {logging_mixin.py:190} INFO - [2026-04-07T04:42:40.525+0530] {dag.py:3239} INFO - Sync 1 DAGs
[2026-04-07T04:42:40.538+0530] {logging_mixin.py:190} INFO - [2026-04-07T04:42:40.538+0530] {dag.py:4180} INFO - Setting next_dagrun for example_dag_decorator to None, run_after=None
[2026-04-07T04:42:40.556+0530] {processor.py:208} INFO - Processing /home/ubantu/miniconda3/envs/airflow-env/lib/python3.11/site-packages/airflow/example_dags/example_dag_decorator.py took 0.064 seconds
[2026-04-07T04:43:37.293+0530] {processor.py:186} INFO - Started process (PID=9211) to work on /home/ubantu/miniconda3/envs/airflow-env/lib/python3.11/site-packages/airflow/example_dags/example_dag_decorator.py
[2026-04-07T04:43:37.295+0530] {processor.py:914} INFO - Processing file /home/ubantu/miniconda3/envs/airflow-env/lib/python3.11/site-packages/airflow/example_dags/example_dag_decorator.py for tasks to queue
[2026-04-07T04:43:37.297+0530] {logging_mixin.py:190} INFO - [2026-04-07T04:43:37.296+0530] {dagbag.py:588} INFO - Filling up the DagBag from /home/ubantu/miniconda3/envs/airflow-env/lib/python3.11/site-packages/airflow/example_dags/example_dag_decorator.py
[2026-04-07T04:43:37.309+0530] {processor.py:925} INFO - DAG(s) 'example_dag_decorator' retrieved from /home/ubantu/miniconda3/envs/airflow-env/lib/python3.11/site-packages/airflow/example_dags/example_dag_decorator.py
[2026-04-07T04:43:37.490+0530] {logging_mixin.py:190} INFO - [2026-04-07T04:43:37.490+0530] {dag.py:3239} INFO - Sync 1 DAGs
[2026-04-07T04:43:37.498+0530] {logging_mixin.py:190} INFO - [2026-04-07T04:43:37.498+0530] {dag.py:4180} INFO - Setting next_dagrun for example_dag_decorator to None, run_after=None
[2026-04-07T04:43:37.515+0530] {processor.py:208} INFO - Processing /home/ubantu/miniconda3/envs/airflow-env/lib/python3.11/site-packages/airflow/example_dags/example_dag_decorator.py took 0.228 seconds
[2026-04-07T04:43:37.783+0530] {processor.py:186} INFO - Started process (PID=9212) to work on /home/ubantu/miniconda3/envs/airflow-env/lib/python3.11/site-packages/airflow/example_dags/example_dag_decorator.py
[2026-04-07T04:43:37.783+0530] {processor.py:914} INFO - Processing file /home/ubantu/miniconda3/envs/airflow-env/lib/python3.11/site-packages/airflow/example_dags/example_dag_decorator.py for tasks to queue
[2026-04-07T04:43:37.784+0530] {logging_mixin.py:190} INFO - [2026-04-07T04:43:37.784+0530] {dagbag.py:588} INFO - Filling up the DagBag from /home/ubantu/miniconda3/envs/airflow-env/lib/python3.11/site-packages/airflow/example_dags/example_dag_decorator.py
[2026-04-07T04:43:37.795+0530] {processor.py:925} INFO - DAG(s) 'example_dag_decorator' retrieved from /home/ubantu/miniconda3/envs/airflow-env/lib/python3.11/site-packages/airflow/example_dags/example_dag_decorator.py
[2026-04-07T04:43:37.802+0530] {logging_mixin.py:190} INFO - [2026-04-07T04:43:37.802+0530] {dag.py:3239} INFO - Sync 1 DAGs
[2026-04-07T04:43:37.814+0530] {logging_mixin.py:190} INFO - [2026-04-07T04:43:37.813+0530] {dag.py:4180} INFO - Setting next_dagrun for example_dag_decorator to None, run_after=None
[2026-04-07T04:43:37.831+0530] {processor.py:208} INFO - Processing /home/ubantu/miniconda3/envs/airflow-env/lib/python3.11/site-packages/airflow/example_dags/example_dag_decorator.py took 0.054 seconds
[2026-04-07T04:44:33.245+0530] {processor.py:186} INFO - Started process (PID=9340) to work on /home/ubantu/miniconda3/envs/airflow-env/lib/python3.11/site-packages/airflow/example_dags/example_dag_decorator.py
[2026-04-07T04:44:33.246+0530] {processor.py:914} INFO - Processing file /home/ubantu/miniconda3/envs/airflow-env/lib/python3.11/site-packages/airflow/example_dags/example_dag_decorator.py for tasks to queue
[2026-04-07T04:44:33.248+0530] {logging_mixin.py:190} INFO - [2026-04-07T04:44:33.247+0530] {dagbag.py:588} INFO - Filling up the DagBag from /home/ubantu/miniconda3/envs/airflow-env/lib/python3.11/site-packages/airflow/example_dags/example_dag_decorator.py
[2026-04-07T04:44:33.260+0530] {processor.py:925} INFO - DAG(s) 'example_dag_decorator' retrieved from /home/ubantu/miniconda3/envs/airflow-env/lib/python3.11/site-packages/airflow/example_dags/example_dag_decorator.py
[2026-04-07T04:44:33.347+0530] {logging_mixin.py:190} INFO - [2026-04-07T04:44:33.347+0530] {dag.py:3239} INFO - Sync 1 DAGs
[2026-04-07T04:44:33.356+0530] {logging_mixin.py:190} INFO - [2026-04-07T04:44:33.356+0530] {dag.py:4180} INFO - Setting next_dagrun for example_dag_decorator to None, run_after=None
[2026-04-07T04:44:33.373+0530] {processor.py:208} INFO - Processing /home/ubantu/miniconda3/envs/airflow-env/lib/python3.11/site-packages/airflow/example_dags/example_dag_decorator.py took 0.134 seconds
[2026-04-07T04:44:39.345+0530] {processor.py:186} INFO - Started process (PID=9352) to work on /home/ubantu/miniconda3/envs/airflow-env/lib/python3.11/site-packages/airflow/example_dags/example_dag_decorator.py
[2026-04-07T04:44:39.345+0530] {processor.py:914} INFO - Processing file /home/ubantu/miniconda3/envs/airflow-env/lib/python3.11/site-packages/airflow/example_dags/example_dag_decorator.py for tasks to queue
[2026-04-07T04:44:39.347+0530] {logging_mixin.py:190} INFO - [2026-04-07T04:44:39.347+0530] {dagbag.py:588} INFO - Filling up the DagBag from /home/ubantu/miniconda3/envs/airflow-env/lib/python3.11/site-packages/airflow/example_dags/example_dag_decorator.py
[2026-04-07T04:44:39.359+0530] {processor.py:925} INFO - DAG(s) 'example_dag_decorator' retrieved from /home/ubantu/miniconda3/envs/airflow-env/lib/python3.11/site-packages/airflow/example_dags/example_dag_decorator.py
[2026-04-07T04:44:39.367+0530] {logging_mixin.py:190} INFO - [2026-04-07T04:44:39.367+0530] {dag.py:3239} INFO - Sync 1 DAGs
[2026-04-07T04:44:39.476+0530] {logging_mixin.py:190} INFO - [2026-04-07T04:44:39.476+0530] {dag.py:4180} INFO - Setting next_dagrun for example_dag_decorator to None, run_after=None
[2026-04-07T04:44:39.493+0530] {processor.py:208} INFO - Processing /home/ubantu/miniconda3/envs/airflow-env/lib/python3.11/site-packages/airflow/example_dags/example_dag_decorator.py took 0.154 seconds
[2026-04-07T04:45:28.902+0530] {processor.py:186} INFO - Started process (PID=9468) to work on /home/ubantu/miniconda3/envs/airflow-env/lib/python3.11/site-packages/airflow/example_dags/example_dag_decorator.py
[2026-04-07T04:45:28.903+0530] {processor.py:914} INFO - Processing file /home/ubantu/miniconda3/envs/airflow-env/lib/python3.11/site-packages/airflow/example_dags/example_dag_decorator.py for tasks to queue
[2026-04-07T04:45:28.905+0530] {logging_mixin.py:190} INFO - [2026-04-07T04:45:28.904+0530] {dagbag.py:588} INFO - Filling up the DagBag from /home/ubantu/miniconda3/envs/airflow-env/lib/python3.11/site-packages/airflow/example_dags/example_dag_decorator.py
[2026-04-07T04:45:28.919+0530] {processor.py:925} INFO - DAG(s) 'example_dag_decorator' retrieved from /home/ubantu/miniconda3/envs/airflow-env/lib/python3.11/site-packages/airflow/example_dags/example_dag_decorator.py
[2026-04-07T04:45:28.937+0530] {logging_mixin.py:190} INFO - [2026-04-07T04:45:28.937+0530] {dag.py:3239} INFO - Sync 1 DAGs
[2026-04-07T04:45:28.948+0530] {logging_mixin.py:190} INFO - [2026-04-07T04:45:28.948+0530] {dag.py:4180} INFO - Setting next_dagrun for example_dag_decorator to None, run_after=None
[2026-04-07T04:45:28.965+0530] {processor.py:208} INFO - Processing /home/ubantu/miniconda3/envs/airflow-env/lib/python3.11/site-packages/airflow/example_dags/example_dag_decorator.py took 0.070 seconds
[2026-04-07T04:45:36.578+0530] {processor.py:186} INFO - Started process (PID=9483) to work on /home/ubantu/miniconda3/envs/airflow-env/lib/python3.11/site-packages/airflow/example_dags/example_dag_decorator.py
[2026-04-07T04:45:36.579+0530] {processor.py:914} INFO - Processing file /home/ubantu/miniconda3/envs/airflow-env/lib/python3.11/site-packages/airflow/example_dags/example_dag_decorator.py for tasks to queue
[2026-04-07T04:45:36.581+0530] {logging_mixin.py:190} INFO - [2026-04-07T04:45:36.580+0530] {dagbag.py:588} INFO - Filling up the DagBag from /home/ubantu/miniconda3/envs/airflow-env/lib/python3.11/site-packages/airflow/example_dags/example_dag_decorator.py
[2026-04-07T04:45:36.592+0530] {processor.py:925} INFO - DAG(s) 'example_dag_decorator' retrieved from /home/ubantu/miniconda3/envs/airflow-env/lib/python3.11/site-packages/airflow/example_dags/example_dag_decorator.py
[2026-04-07T04:45:36.676+0530] {logging_mixin.py:190} INFO - [2026-04-07T04:45:36.676+0530] {dag.py:3239} INFO - Sync 1 DAGs
[2026-04-07T04:45:36.686+0530] {logging_mixin.py:190} INFO - [2026-04-07T04:45:36.686+0530] {dag.py:4180} INFO - Setting next_dagrun for example_dag_decorator to None, run_after=None
[2026-04-07T04:45:36.703+0530] {processor.py:208} INFO - Processing /home/ubantu/miniconda3/envs/airflow-env/lib/python3.11/site-packages/airflow/example_dags/example_dag_decorator.py took 0.131 seconds
[2026-04-07T04:46:31.800+0530] {processor.py:186} INFO - Started process (PID=9607) to work on /home/ubantu/miniconda3/envs/airflow-env/lib/python3.11/site-packages/airflow/example_dags/example_dag_decorator.py
[2026-04-07T04:46:31.801+0530] {processor.py:914} INFO - Processing file /home/ubantu/miniconda3/envs/airflow-env/lib/python3.11/site-packages/airflow/example_dags/example_dag_decorator.py for tasks to queue
[2026-04-07T04:46:31.803+0530] {logging_mixin.py:190} INFO - [2026-04-07T04:46:31.803+0530] {dagbag.py:588} INFO - Filling up the DagBag from /home/ubantu/miniconda3/envs/airflow-env/lib/python3.11/site-packages/airflow/example_dags/example_dag_decorator.py
[2026-04-07T04:46:31.815+0530] {processor.py:925} INFO - DAG(s) 'example_dag_decorator' retrieved from /home/ubantu/miniconda3/envs/airflow-env/lib/python3.11/site-packages/airflow/example_dags/example_dag_decorator.py
[2026-04-07T04:46:31.900+0530] {logging_mixin.py:190} INFO - [2026-04-07T04:46:31.900+0530] {dag.py:3239} INFO - Sync 1 DAGs
[2026-04-07T04:46:31.909+0530] {logging_mixin.py:190} INFO - [2026-04-07T04:46:31.909+0530] {dag.py:4180} INFO - Setting next_dagrun for example_dag_decorator to None, run_after=None
[2026-04-07T04:46:31.927+0530] {processor.py:208} INFO - Processing /home/ubantu/miniconda3/envs/airflow-env/lib/python3.11/site-packages/airflow/example_dags/example_dag_decorator.py took 0.134 seconds
[2026-04-07T04:46:47.310+0530] {processor.py:186} INFO - Started process (PID=9639) to work on /home/ubantu/miniconda3/envs/airflow-env/lib/python3.11/site-packages/airflow/example_dags/example_dag_decorator.py
[2026-04-07T04:46:47.311+0530] {processor.py:914} INFO - Processing file /home/ubantu/miniconda3/envs/airflow-env/lib/python3.11/site-packages/airflow/example_dags/example_dag_decorator.py for tasks to queue
[2026-04-07T04:46:47.313+0530] {logging_mixin.py:190} INFO - [2026-04-07T04:46:47.312+0530] {dagbag.py:588} INFO - Filling up the DagBag from /home/ubantu/miniconda3/envs/airflow-env/lib/python3.11/site-packages/airflow/example_dags/example_dag_decorator.py
[2026-04-07T04:46:47.323+0530] {processor.py:925} INFO - DAG(s) 'example_dag_decorator' retrieved from /home/ubantu/miniconda3/envs/airflow-env/lib/python3.11/site-packages/airflow/example_dags/example_dag_decorator.py
[2026-04-07T04:46:47.330+0530] {logging_mixin.py:190} INFO - [2026-04-07T04:46:47.330+0530] {dag.py:3239} INFO - Sync 1 DAGs
[2026-04-07T04:46:47.341+0530] {logging_mixin.py:190} INFO - [2026-04-07T04:46:47.341+0530] {dag.py:4180} INFO - Setting next_dagrun for example_dag_decorator to None, run_after=None
[2026-04-07T04:46:47.358+0530] {processor.py:208} INFO - Processing /home/ubantu/miniconda3/envs/airflow-env/lib/python3.11/site-packages/airflow/example_dags/example_dag_decorator.py took 0.053 seconds
[2026-04-07T04:47:30.313+0530] {processor.py:186} INFO - Started process (PID=9751) to work on /home/ubantu/miniconda3/envs/airflow-env/lib/python3.11/site-packages/airflow/example_dags/example_dag_decorator.py
[2026-04-07T04:47:30.314+0530] {processor.py:914} INFO - Processing file /home/ubantu/miniconda3/envs/airflow-env/lib/python3.11/site-packages/airflow/example_dags/example_dag_decorator.py for tasks to queue
[2026-04-07T04:47:30.316+0530] {logging_mixin.py:190} INFO - [2026-04-07T04:47:30.316+0530] {dagbag.py:588} INFO - Filling up the DagBag from /home/ubantu/miniconda3/envs/airflow-env/lib/python3.11/site-packages/airflow/example_dags/example_dag_decorator.py
[2026-04-07T04:47:30.327+0530] {processor.py:925} INFO - DAG(s) 'example_dag_decorator' retrieved from /home/ubantu/miniconda3/envs/airflow-env/lib/python3.11/site-packages/airflow/example_dags/example_dag_decorator.py
[2026-04-07T04:47:30.420+0530] {logging_mixin.py:190} INFO - [2026-04-07T04:47:30.420+0530] {dag.py:3239} INFO - Sync 1 DAGs
[2026-04-07T04:47:30.429+0530] {logging_mixin.py:190} INFO - [2026-04-07T04:47:30.429+0530] {dag.py:4180} INFO - Setting next_dagrun for example_dag_decorator to None, run_after=None
[2026-04-07T04:47:30.446+0530] {processor.py:208} INFO - Processing /home/ubantu/miniconda3/envs/airflow-env/lib/python3.11/site-packages/airflow/example_dags/example_dag_decorator.py took 0.139 seconds
[2026-04-07T04:48:07.623+0530] {processor.py:186} INFO - Started process (PID=9837) to work on /home/ubantu/miniconda3/envs/airflow-env/lib/python3.11/site-packages/airflow/example_dags/example_dag_decorator.py
[2026-04-07T04:48:07.625+0530] {processor.py:914} INFO - Processing file /home/ubantu/miniconda3/envs/airflow-env/lib/python3.11/site-packages/airflow/example_dags/example_dag_decorator.py for tasks to queue
[2026-04-07T04:48:07.626+0530] {logging_mixin.py:190} INFO - [2026-04-07T04:48:07.626+0530] {dagbag.py:588} INFO - Filling up the DagBag from /home/ubantu/miniconda3/envs/airflow-env/lib/python3.11/site-packages/airflow/example_dags/example_dag_decorator.py
[2026-04-07T04:48:07.643+0530] {processor.py:925} INFO - DAG(s) 'example_dag_decorator' retrieved from /home/ubantu/miniconda3/envs/airflow-env/lib/python3.11/site-packages/airflow/example_dags/example_dag_decorator.py
[2026-04-07T04:48:07.738+0530] {logging_mixin.py:190} INFO - [2026-04-07T04:48:07.738+0530] {dag.py:3239} INFO - Sync 1 DAGs
[2026-04-07T04:48:07.751+0530] {logging_mixin.py:190} INFO - [2026-04-07T04:48:07.751+0530] {dag.py:4180} INFO - Setting next_dagrun for example_dag_decorator to None, run_after=None
[2026-04-07T04:48:07.771+0530] {processor.py:208} INFO - Processing /home/ubantu/miniconda3/envs/airflow-env/lib/python3.11/site-packages/airflow/example_dags/example_dag_decorator.py took 0.155 seconds
[2026-04-07T04:48:28.747+0530] {processor.py:186} INFO - Started process (PID=9867) to work on /home/ubantu/miniconda3/envs/airflow-env/lib/python3.11/site-packages/airflow/example_dags/example_dag_decorator.py
[2026-04-07T04:48:28.748+0530] {processor.py:914} INFO - Processing file /home/ubantu/miniconda3/envs/airflow-env/lib/python3.11/site-packages/airflow/example_dags/example_dag_decorator.py for tasks to queue
[2026-04-07T04:48:28.750+0530] {logging_mixin.py:190} INFO - [2026-04-07T04:48:28.750+0530] {dagbag.py:588} INFO - Filling up the DagBag from /home/ubantu/miniconda3/envs/airflow-env/lib/python3.11/site-packages/airflow/example_dags/example_dag_decorator.py
[2026-04-07T04:48:28.762+0530] {processor.py:925} INFO - DAG(s) 'example_dag_decorator' retrieved from /home/ubantu/miniconda3/envs/airflow-env/lib/python3.11/site-packages/airflow/example_dags/example_dag_decorator.py
[2026-04-07T04:48:28.770+0530] {logging_mixin.py:190} INFO - [2026-04-07T04:48:28.769+0530] {dag.py:3239} INFO - Sync 1 DAGs
[2026-04-07T04:48:28.783+0530] {logging_mixin.py:190} INFO - [2026-04-07T04:48:28.782+0530] {dag.py:4180} INFO - Setting next_dagrun for example_dag_decorator to None, run_after=None
[2026-04-07T04:48:28.803+0530] {processor.py:208} INFO - Processing /home/ubantu/miniconda3/envs/airflow-env/lib/python3.11/site-packages/airflow/example_dags/example_dag_decorator.py took 0.062 seconds
[2026-04-07T05:10:23.913+0530] {processor.py:186} INFO - Started process (PID=11006) to work on /home/ubantu/miniconda3/envs/airflow-env/lib/python3.11/site-packages/airflow/example_dags/example_dag_decorator.py
[2026-04-07T05:10:23.914+0530] {processor.py:914} INFO - Processing file /home/ubantu/miniconda3/envs/airflow-env/lib/python3.11/site-packages/airflow/example_dags/example_dag_decorator.py for tasks to queue
[2026-04-07T05:10:23.916+0530] {logging_mixin.py:190} INFO - [2026-04-07T05:10:23.915+0530] {dagbag.py:588} INFO - Filling up the DagBag from /home/ubantu/miniconda3/envs/airflow-env/lib/python3.11/site-packages/airflow/example_dags/example_dag_decorator.py
[2026-04-07T05:10:23.929+0530] {processor.py:925} INFO - DAG(s) 'example_dag_decorator' retrieved from /home/ubantu/miniconda3/envs/airflow-env/lib/python3.11/site-packages/airflow/example_dags/example_dag_decorator.py
[2026-04-07T05:10:24.016+0530] {logging_mixin.py:190} INFO - [2026-04-07T05:10:24.016+0530] {dag.py:3239} INFO - Sync 1 DAGs
[2026-04-07T05:10:24.025+0530] {logging_mixin.py:190} INFO - [2026-04-07T05:10:24.025+0530] {dag.py:4180} INFO - Setting next_dagrun for example_dag_decorator to None, run_after=None
[2026-04-07T05:10:24.137+0530] {processor.py:208} INFO - Processing /home/ubantu/miniconda3/envs/airflow-env/lib/python3.11/site-packages/airflow/example_dags/example_dag_decorator.py took 0.229 seconds
[2026-04-07T05:11:57.868+0530] {processor.py:186} INFO - Started process (PID=11162) to work on /home/ubantu/miniconda3/envs/airflow-env/lib/python3.11/site-packages/airflow/example_dags/example_dag_decorator.py
[2026-04-07T05:11:57.869+0530] {processor.py:914} INFO - Processing file /home/ubantu/miniconda3/envs/airflow-env/lib/python3.11/site-packages/airflow/example_dags/example_dag_decorator.py for tasks to queue
[2026-04-07T05:11:57.871+0530] {logging_mixin.py:190} INFO - [2026-04-07T05:11:57.870+0530] {dagbag.py:588} INFO - Filling up the DagBag from /home/ubantu/miniconda3/envs/airflow-env/lib/python3.11/site-packages/airflow/example_dags/example_dag_decorator.py
[2026-04-07T05:11:57.881+0530] {processor.py:925} INFO - DAG(s) 'example_dag_decorator' retrieved from /home/ubantu/miniconda3/envs/airflow-env/lib/python3.11/site-packages/airflow/example_dags/example_dag_decorator.py
[2026-04-07T05:11:57.962+0530] {logging_mixin.py:190} INFO - [2026-04-07T05:11:57.962+0530] {dag.py:3239} INFO - Sync 1 DAGs
[2026-04-07T05:11:57.971+0530] {logging_mixin.py:190} INFO - [2026-04-07T05:11:57.970+0530] {dag.py:4180} INFO - Setting next_dagrun for example_dag_decorator to None, run_after=None
[2026-04-07T05:11:58.083+0530] {processor.py:208} INFO - Processing /home/ubantu/miniconda3/envs/airflow-env/lib/python3.11/site-packages/airflow/example_dags/example_dag_decorator.py took 0.220 seconds
[2026-04-07T05:12:56.575+0530] {processor.py:186} INFO - Started process (PID=11243) to work on /home/ubantu/miniconda3/envs/airflow-env/lib/python3.11/site-packages/airflow/example_dags/example_dag_decorator.py
[2026-04-07T05:12:56.576+0530] {processor.py:914} INFO - Processing file /home/ubantu/miniconda3/envs/airflow-env/lib/python3.11/site-packages/airflow/example_dags/example_dag_decorator.py for tasks to queue
[2026-04-07T05:12:56.579+0530] {logging_mixin.py:190} INFO - [2026-04-07T05:12:56.578+0530] {dagbag.py:588} INFO - Filling up the DagBag from /home/ubantu/miniconda3/envs/airflow-env/lib/python3.11/site-packages/airflow/example_dags/example_dag_decorator.py
[2026-04-07T05:12:56.590+0530] {processor.py:925} INFO - DAG(s) 'example_dag_decorator' retrieved from /home/ubantu/miniconda3/envs/airflow-env/lib/python3.11/site-packages/airflow/example_dags/example_dag_decorator.py
[2026-04-07T05:12:56.784+0530] {logging_mixin.py:190} INFO - [2026-04-07T05:12:56.783+0530] {dag.py:3239} INFO - Sync 1 DAGs
[2026-04-07T05:12:56.793+0530] {logging_mixin.py:190} INFO - [2026-04-07T05:12:56.792+0530] {dag.py:4180} INFO - Setting next_dagrun for example_dag_decorator to None, run_after=None
[2026-04-07T05:12:56.813+0530] {processor.py:208} INFO - Processing /home/ubantu/miniconda3/envs/airflow-env/lib/python3.11/site-packages/airflow/example_dags/example_dag_decorator.py took 0.244 seconds
[2026-04-07T05:14:02.451+0530] {processor.py:186} INFO - Started process (PID=11339) to work on /home/ubantu/miniconda3/envs/airflow-env/lib/python3.11/site-packages/airflow/example_dags/example_dag_decorator.py
[2026-04-07T05:14:02.452+0530] {processor.py:914} INFO - Processing file /home/ubantu/miniconda3/envs/airflow-env/lib/python3.11/site-packages/airflow/example_dags/example_dag_decorator.py for tasks to queue
[2026-04-07T05:14:02.456+0530] {logging_mixin.py:190} INFO - [2026-04-07T05:14:02.455+0530] {dagbag.py:588} INFO - Filling up the DagBag from /home/ubantu/miniconda3/envs/airflow-env/lib/python3.11/site-packages/airflow/example_dags/example_dag_decorator.py
[2026-04-07T05:14:02.472+0530] {processor.py:925} INFO - DAG(s) 'example_dag_decorator' retrieved from /home/ubantu/miniconda3/envs/airflow-env/lib/python3.11/site-packages/airflow/example_dags/example_dag_decorator.py
[2026-04-07T05:14:02.613+0530] {logging_mixin.py:190} INFO - [2026-04-07T05:14:02.613+0530] {dag.py:3239} INFO - Sync 1 DAGs
[2026-04-07T05:14:02.623+0530] {logging_mixin.py:190} INFO - [2026-04-07T05:14:02.623+0530] {dag.py:4180} INFO - Setting next_dagrun for example_dag_decorator to None, run_after=None
[2026-04-07T05:14:02.640+0530] {processor.py:208} INFO - Processing /home/ubantu/miniconda3/envs/airflow-env/lib/python3.11/site-packages/airflow/example_dags/example_dag_decorator.py took 0.197 seconds
[2026-04-07T05:18:07.290+0530] {processor.py:186} INFO - Started process (PID=12081) to work on /home/ubantu/miniconda3/envs/airflow-env/lib/python3.11/site-packages/airflow/example_dags/example_dag_decorator.py
[2026-04-07T05:18:07.292+0530] {processor.py:914} INFO - Processing file /home/ubantu/miniconda3/envs/airflow-env/lib/python3.11/site-packages/airflow/example_dags/example_dag_decorator.py for tasks to queue
[2026-04-07T05:18:07.296+0530] {logging_mixin.py:190} INFO - [2026-04-07T05:18:07.295+0530] {dagbag.py:588} INFO - Filling up the DagBag from /home/ubantu/miniconda3/envs/airflow-env/lib/python3.11/site-packages/airflow/example_dags/example_dag_decorator.py
[2026-04-07T05:18:07.320+0530] {processor.py:925} INFO - DAG(s) 'example_dag_decorator' retrieved from /home/ubantu/miniconda3/envs/airflow-env/lib/python3.11/site-packages/airflow/example_dags/example_dag_decorator.py
[2026-04-07T05:18:07.416+0530] {logging_mixin.py:190} INFO - [2026-04-07T05:18:07.415+0530] {dag.py:3239} INFO - Sync 1 DAGs
[2026-04-07T05:18:07.426+0530] {logging_mixin.py:190} INFO - [2026-04-07T05:18:07.426+0530] {dag.py:4180} INFO - Setting next_dagrun for example_dag_decorator to None, run_after=None
[2026-04-07T05:18:07.551+0530] {processor.py:208} INFO - Processing /home/ubantu/miniconda3/envs/airflow-env/lib/python3.11/site-packages/airflow/example_dags/example_dag_decorator.py took 0.272 seconds
