[2026-04-07T04:07:47.068+0530] {processor.py:186} INFO - Started process (PID=5795) to work on /home/ubantu/miniconda3/envs/airflow-env/lib/python3.11/site-packages/airflow/example_dags/example_python_decorator.py
[2026-04-07T04:07:47.069+0530] {processor.py:914} INFO - Processing file /home/ubantu/miniconda3/envs/airflow-env/lib/python3.11/site-packages/airflow/example_dags/example_python_decorator.py for tasks to queue
[2026-04-07T04:07:47.071+0530] {logging_mixin.py:190} INFO - [2026-04-07T04:07:47.070+0530] {dagbag.py:588} INFO - Filling up the DagBag from /home/ubantu/miniconda3/envs/airflow-env/lib/python3.11/site-packages/airflow/example_dags/example_python_decorator.py
[2026-04-07T04:07:47.079+0530] {logging_mixin.py:190} INFO - [2026-04-07T04:07:47.079+0530] {example_python_decorator.py:80} WARNING - The virtalenv_python example task requires virtualenv, please install it.
[2026-04-07T04:07:47.081+0530] {processor.py:925} INFO - DAG(s) 'example_python_decorator' retrieved from /home/ubantu/miniconda3/envs/airflow-env/lib/python3.11/site-packages/airflow/example_dags/example_python_decorator.py
[2026-04-07T04:07:47.168+0530] {logging_mixin.py:190} INFO - [2026-04-07T04:07:47.167+0530] {override.py:1911} INFO - Created Permission View: can delete on DAG:example_python_decorator
[2026-04-07T04:07:47.178+0530] {logging_mixin.py:190} INFO - [2026-04-07T04:07:47.178+0530] {override.py:1911} INFO - Created Permission View: can edit on DAG:example_python_decorator
[2026-04-07T04:07:47.184+0530] {logging_mixin.py:190} INFO - [2026-04-07T04:07:47.184+0530] {override.py:1911} INFO - Created Permission View: can read on DAG:example_python_decorator
[2026-04-07T04:07:47.194+0530] {logging_mixin.py:190} INFO - [2026-04-07T04:07:47.194+0530] {override.py:1911} INFO - Created Permission View: can create on DAG Run:example_python_decorator
[2026-04-07T04:07:47.201+0530] {logging_mixin.py:190} INFO - [2026-04-07T04:07:47.200+0530] {override.py:1911} INFO - Created Permission View: can delete on DAG Run:example_python_decorator
[2026-04-07T04:07:47.209+0530] {logging_mixin.py:190} INFO - [2026-04-07T04:07:47.209+0530] {override.py:1911} INFO - Created Permission View: menu access on DAG Run:example_python_decorator
[2026-04-07T04:07:47.217+0530] {logging_mixin.py:190} INFO - [2026-04-07T04:07:47.217+0530] {override.py:1911} INFO - Created Permission View: can read on DAG Run:example_python_decorator
[2026-04-07T04:07:47.218+0530] {logging_mixin.py:190} INFO - [2026-04-07T04:07:47.217+0530] {dag.py:3239} INFO - Sync 1 DAGs
[2026-04-07T04:07:47.228+0530] {logging_mixin.py:190} INFO - [2026-04-07T04:07:47.228+0530] {dag.py:3262} INFO - Creating ORM DAG for example_python_decorator
[2026-04-07T04:07:47.229+0530] {logging_mixin.py:190} INFO - [2026-04-07T04:07:47.229+0530] {dag.py:4180} INFO - Setting next_dagrun for example_python_decorator to None, run_after=None
[2026-04-07T04:07:47.247+0530] {processor.py:208} INFO - Processing /home/ubantu/miniconda3/envs/airflow-env/lib/python3.11/site-packages/airflow/example_dags/example_python_decorator.py took 0.184 seconds
[2026-04-07T04:08:50.763+0530] {processor.py:186} INFO - Started process (PID=5978) to work on /home/ubantu/miniconda3/envs/airflow-env/lib/python3.11/site-packages/airflow/example_dags/example_python_decorator.py
[2026-04-07T04:08:50.765+0530] {processor.py:914} INFO - Processing file /home/ubantu/miniconda3/envs/airflow-env/lib/python3.11/site-packages/airflow/example_dags/example_python_decorator.py for tasks to queue
[2026-04-07T04:08:50.767+0530] {logging_mixin.py:190} INFO - [2026-04-07T04:08:50.767+0530] {dagbag.py:588} INFO - Filling up the DagBag from /home/ubantu/miniconda3/envs/airflow-env/lib/python3.11/site-packages/airflow/example_dags/example_python_decorator.py
[2026-04-07T04:08:50.780+0530] {logging_mixin.py:190} INFO - [2026-04-07T04:08:50.780+0530] {example_python_decorator.py:80} WARNING - The virtalenv_python example task requires virtualenv, please install it.
[2026-04-07T04:08:50.783+0530] {processor.py:925} INFO - DAG(s) 'example_python_decorator' retrieved from /home/ubantu/miniconda3/envs/airflow-env/lib/python3.11/site-packages/airflow/example_dags/example_python_decorator.py
[2026-04-07T04:08:50.804+0530] {logging_mixin.py:190} INFO - [2026-04-07T04:08:50.803+0530] {dag.py:3239} INFO - Sync 1 DAGs
[2026-04-07T04:08:50.815+0530] {logging_mixin.py:190} INFO - [2026-04-07T04:08:50.814+0530] {dag.py:4180} INFO - Setting next_dagrun for example_python_decorator to None, run_after=None
[2026-04-07T04:08:50.834+0530] {processor.py:208} INFO - Processing /home/ubantu/miniconda3/envs/airflow-env/lib/python3.11/site-packages/airflow/example_dags/example_python_decorator.py took 0.078 seconds
[2026-04-07T04:09:48.759+0530] {processor.py:186} INFO - Started process (PID=6152) to work on /home/ubantu/miniconda3/envs/airflow-env/lib/python3.11/site-packages/airflow/example_dags/example_python_decorator.py
[2026-04-07T04:09:48.760+0530] {processor.py:914} INFO - Processing file /home/ubantu/miniconda3/envs/airflow-env/lib/python3.11/site-packages/airflow/example_dags/example_python_decorator.py for tasks to queue
[2026-04-07T04:09:48.762+0530] {logging_mixin.py:190} INFO - [2026-04-07T04:09:48.761+0530] {dagbag.py:588} INFO - Filling up the DagBag from /home/ubantu/miniconda3/envs/airflow-env/lib/python3.11/site-packages/airflow/example_dags/example_python_decorator.py
[2026-04-07T04:09:48.771+0530] {logging_mixin.py:190} INFO - [2026-04-07T04:09:48.771+0530] {example_python_decorator.py:80} WARNING - The virtalenv_python example task requires virtualenv, please install it.
[2026-04-07T04:09:48.773+0530] {processor.py:925} INFO - DAG(s) 'example_python_decorator' retrieved from /home/ubantu/miniconda3/envs/airflow-env/lib/python3.11/site-packages/airflow/example_dags/example_python_decorator.py
[2026-04-07T04:09:48.790+0530] {logging_mixin.py:190} INFO - [2026-04-07T04:09:48.790+0530] {dag.py:3239} INFO - Sync 1 DAGs
[2026-04-07T04:09:48.802+0530] {logging_mixin.py:190} INFO - [2026-04-07T04:09:48.802+0530] {dag.py:4180} INFO - Setting next_dagrun for example_python_decorator to None, run_after=None
[2026-04-07T04:09:48.927+0530] {processor.py:208} INFO - Processing /home/ubantu/miniconda3/envs/airflow-env/lib/python3.11/site-packages/airflow/example_dags/example_python_decorator.py took 0.174 seconds
[2026-04-07T04:10:43.152+0530] {processor.py:186} INFO - Started process (PID=6221) to work on /home/ubantu/miniconda3/envs/airflow-env/lib/python3.11/site-packages/airflow/example_dags/example_python_decorator.py
[2026-04-07T04:10:43.153+0530] {processor.py:914} INFO - Processing file /home/ubantu/miniconda3/envs/airflow-env/lib/python3.11/site-packages/airflow/example_dags/example_python_decorator.py for tasks to queue
[2026-04-07T04:10:43.155+0530] {logging_mixin.py:190} INFO - [2026-04-07T04:10:43.154+0530] {dagbag.py:588} INFO - Filling up the DagBag from /home/ubantu/miniconda3/envs/airflow-env/lib/python3.11/site-packages/airflow/example_dags/example_python_decorator.py
[2026-04-07T04:10:43.164+0530] {logging_mixin.py:190} INFO - [2026-04-07T04:10:43.164+0530] {example_python_decorator.py:80} WARNING - The virtalenv_python example task requires virtualenv, please install it.
[2026-04-07T04:10:43.167+0530] {processor.py:925} INFO - DAG(s) 'example_python_decorator' retrieved from /home/ubantu/miniconda3/envs/airflow-env/lib/python3.11/site-packages/airflow/example_dags/example_python_decorator.py
[2026-04-07T04:10:43.182+0530] {logging_mixin.py:190} INFO - [2026-04-07T04:10:43.182+0530] {dag.py:3239} INFO - Sync 1 DAGs
[2026-04-07T04:10:43.194+0530] {logging_mixin.py:190} INFO - [2026-04-07T04:10:43.193+0530] {dag.py:4180} INFO - Setting next_dagrun for example_python_decorator to None, run_after=None
[2026-04-07T04:10:43.215+0530] {processor.py:208} INFO - Processing /home/ubantu/miniconda3/envs/airflow-env/lib/python3.11/site-packages/airflow/example_dags/example_python_decorator.py took 0.069 seconds
[2026-04-07T04:11:41.745+0530] {processor.py:186} INFO - Started process (PID=6294) to work on /home/ubantu/miniconda3/envs/airflow-env/lib/python3.11/site-packages/airflow/example_dags/example_python_decorator.py
[2026-04-07T04:11:41.746+0530] {processor.py:914} INFO - Processing file /home/ubantu/miniconda3/envs/airflow-env/lib/python3.11/site-packages/airflow/example_dags/example_python_decorator.py for tasks to queue
[2026-04-07T04:11:41.748+0530] {logging_mixin.py:190} INFO - [2026-04-07T04:11:41.748+0530] {dagbag.py:588} INFO - Filling up the DagBag from /home/ubantu/miniconda3/envs/airflow-env/lib/python3.11/site-packages/airflow/example_dags/example_python_decorator.py
[2026-04-07T04:11:41.759+0530] {logging_mixin.py:190} INFO - [2026-04-07T04:11:41.759+0530] {example_python_decorator.py:80} WARNING - The virtalenv_python example task requires virtualenv, please install it.
[2026-04-07T04:11:41.762+0530] {processor.py:925} INFO - DAG(s) 'example_python_decorator' retrieved from /home/ubantu/miniconda3/envs/airflow-env/lib/python3.11/site-packages/airflow/example_dags/example_python_decorator.py
[2026-04-07T04:11:41.780+0530] {logging_mixin.py:190} INFO - [2026-04-07T04:11:41.780+0530] {dag.py:3239} INFO - Sync 1 DAGs
[2026-04-07T04:11:41.794+0530] {logging_mixin.py:190} INFO - [2026-04-07T04:11:41.794+0530] {dag.py:4180} INFO - Setting next_dagrun for example_python_decorator to None, run_after=None
[2026-04-07T04:11:41.813+0530] {processor.py:208} INFO - Processing /home/ubantu/miniconda3/envs/airflow-env/lib/python3.11/site-packages/airflow/example_dags/example_python_decorator.py took 0.075 seconds
[2026-04-07T04:12:35.459+0530] {processor.py:186} INFO - Started process (PID=6355) to work on /home/ubantu/miniconda3/envs/airflow-env/lib/python3.11/site-packages/airflow/example_dags/example_python_decorator.py
[2026-04-07T04:12:35.460+0530] {processor.py:914} INFO - Processing file /home/ubantu/miniconda3/envs/airflow-env/lib/python3.11/site-packages/airflow/example_dags/example_python_decorator.py for tasks to queue
[2026-04-07T04:12:35.463+0530] {logging_mixin.py:190} INFO - [2026-04-07T04:12:35.462+0530] {dagbag.py:588} INFO - Filling up the DagBag from /home/ubantu/miniconda3/envs/airflow-env/lib/python3.11/site-packages/airflow/example_dags/example_python_decorator.py
[2026-04-07T04:12:35.472+0530] {logging_mixin.py:190} INFO - [2026-04-07T04:12:35.472+0530] {example_python_decorator.py:80} WARNING - The virtalenv_python example task requires virtualenv, please install it.
[2026-04-07T04:12:35.474+0530] {processor.py:925} INFO - DAG(s) 'example_python_decorator' retrieved from /home/ubantu/miniconda3/envs/airflow-env/lib/python3.11/site-packages/airflow/example_dags/example_python_decorator.py
[2026-04-07T04:12:35.492+0530] {logging_mixin.py:190} INFO - [2026-04-07T04:12:35.491+0530] {dag.py:3239} INFO - Sync 1 DAGs
[2026-04-07T04:12:35.504+0530] {logging_mixin.py:190} INFO - [2026-04-07T04:12:35.504+0530] {dag.py:4180} INFO - Setting next_dagrun for example_python_decorator to None, run_after=None
[2026-04-07T04:12:35.522+0530] {processor.py:208} INFO - Processing /home/ubantu/miniconda3/envs/airflow-env/lib/python3.11/site-packages/airflow/example_dags/example_python_decorator.py took 0.068 seconds
[2026-04-07T04:13:28.086+0530] {processor.py:186} INFO - Started process (PID=6415) to work on /home/ubantu/miniconda3/envs/airflow-env/lib/python3.11/site-packages/airflow/example_dags/example_python_decorator.py
[2026-04-07T04:13:28.087+0530] {processor.py:914} INFO - Processing file /home/ubantu/miniconda3/envs/airflow-env/lib/python3.11/site-packages/airflow/example_dags/example_python_decorator.py for tasks to queue
[2026-04-07T04:13:28.089+0530] {logging_mixin.py:190} INFO - [2026-04-07T04:13:28.089+0530] {dagbag.py:588} INFO - Filling up the DagBag from /home/ubantu/miniconda3/envs/airflow-env/lib/python3.11/site-packages/airflow/example_dags/example_python_decorator.py
[2026-04-07T04:13:28.099+0530] {logging_mixin.py:190} INFO - [2026-04-07T04:13:28.099+0530] {example_python_decorator.py:80} WARNING - The virtalenv_python example task requires virtualenv, please install it.
[2026-04-07T04:13:28.102+0530] {processor.py:925} INFO - DAG(s) 'example_python_decorator' retrieved from /home/ubantu/miniconda3/envs/airflow-env/lib/python3.11/site-packages/airflow/example_dags/example_python_decorator.py
[2026-04-07T04:13:28.120+0530] {logging_mixin.py:190} INFO - [2026-04-07T04:13:28.120+0530] {dag.py:3239} INFO - Sync 1 DAGs
[2026-04-07T04:13:28.133+0530] {logging_mixin.py:190} INFO - [2026-04-07T04:13:28.132+0530] {dag.py:4180} INFO - Setting next_dagrun for example_python_decorator to None, run_after=None
[2026-04-07T04:13:28.151+0530] {processor.py:208} INFO - Processing /home/ubantu/miniconda3/envs/airflow-env/lib/python3.11/site-packages/airflow/example_dags/example_python_decorator.py took 0.072 seconds
[2026-04-07T04:14:22.762+0530] {processor.py:186} INFO - Started process (PID=6483) to work on /home/ubantu/miniconda3/envs/airflow-env/lib/python3.11/site-packages/airflow/example_dags/example_python_decorator.py
[2026-04-07T04:14:22.763+0530] {processor.py:914} INFO - Processing file /home/ubantu/miniconda3/envs/airflow-env/lib/python3.11/site-packages/airflow/example_dags/example_python_decorator.py for tasks to queue
[2026-04-07T04:14:22.766+0530] {logging_mixin.py:190} INFO - [2026-04-07T04:14:22.765+0530] {dagbag.py:588} INFO - Filling up the DagBag from /home/ubantu/miniconda3/envs/airflow-env/lib/python3.11/site-packages/airflow/example_dags/example_python_decorator.py
[2026-04-07T04:14:22.775+0530] {logging_mixin.py:190} INFO - [2026-04-07T04:14:22.775+0530] {example_python_decorator.py:80} WARNING - The virtalenv_python example task requires virtualenv, please install it.
[2026-04-07T04:14:22.777+0530] {processor.py:925} INFO - DAG(s) 'example_python_decorator' retrieved from /home/ubantu/miniconda3/envs/airflow-env/lib/python3.11/site-packages/airflow/example_dags/example_python_decorator.py
[2026-04-07T04:14:22.795+0530] {logging_mixin.py:190} INFO - [2026-04-07T04:14:22.795+0530] {dag.py:3239} INFO - Sync 1 DAGs
[2026-04-07T04:14:22.807+0530] {logging_mixin.py:190} INFO - [2026-04-07T04:14:22.807+0530] {dag.py:4180} INFO - Setting next_dagrun for example_python_decorator to None, run_after=None
[2026-04-07T04:14:22.824+0530] {processor.py:208} INFO - Processing /home/ubantu/miniconda3/envs/airflow-env/lib/python3.11/site-packages/airflow/example_dags/example_python_decorator.py took 0.067 seconds
[2026-04-07T04:15:14.642+0530] {processor.py:186} INFO - Started process (PID=6545) to work on /home/ubantu/miniconda3/envs/airflow-env/lib/python3.11/site-packages/airflow/example_dags/example_python_decorator.py
[2026-04-07T04:15:14.643+0530] {processor.py:914} INFO - Processing file /home/ubantu/miniconda3/envs/airflow-env/lib/python3.11/site-packages/airflow/example_dags/example_python_decorator.py for tasks to queue
[2026-04-07T04:15:14.646+0530] {logging_mixin.py:190} INFO - [2026-04-07T04:15:14.645+0530] {dagbag.py:588} INFO - Filling up the DagBag from /home/ubantu/miniconda3/envs/airflow-env/lib/python3.11/site-packages/airflow/example_dags/example_python_decorator.py
[2026-04-07T04:15:14.656+0530] {logging_mixin.py:190} INFO - [2026-04-07T04:15:14.655+0530] {example_python_decorator.py:80} WARNING - The virtalenv_python example task requires virtualenv, please install it.
[2026-04-07T04:15:14.658+0530] {processor.py:925} INFO - DAG(s) 'example_python_decorator' retrieved from /home/ubantu/miniconda3/envs/airflow-env/lib/python3.11/site-packages/airflow/example_dags/example_python_decorator.py
[2026-04-07T04:15:14.675+0530] {logging_mixin.py:190} INFO - [2026-04-07T04:15:14.675+0530] {dag.py:3239} INFO - Sync 1 DAGs
[2026-04-07T04:15:14.687+0530] {logging_mixin.py:190} INFO - [2026-04-07T04:15:14.687+0530] {dag.py:4180} INFO - Setting next_dagrun for example_python_decorator to None, run_after=None
[2026-04-07T04:15:14.704+0530] {processor.py:208} INFO - Processing /home/ubantu/miniconda3/envs/airflow-env/lib/python3.11/site-packages/airflow/example_dags/example_python_decorator.py took 0.068 seconds
[2026-04-07T04:16:06.456+0530] {processor.py:186} INFO - Started process (PID=6604) to work on /home/ubantu/miniconda3/envs/airflow-env/lib/python3.11/site-packages/airflow/example_dags/example_python_decorator.py
[2026-04-07T04:16:06.457+0530] {processor.py:914} INFO - Processing file /home/ubantu/miniconda3/envs/airflow-env/lib/python3.11/site-packages/airflow/example_dags/example_python_decorator.py for tasks to queue
[2026-04-07T04:16:06.460+0530] {logging_mixin.py:190} INFO - [2026-04-07T04:16:06.459+0530] {dagbag.py:588} INFO - Filling up the DagBag from /home/ubantu/miniconda3/envs/airflow-env/lib/python3.11/site-packages/airflow/example_dags/example_python_decorator.py
[2026-04-07T04:16:06.469+0530] {logging_mixin.py:190} INFO - [2026-04-07T04:16:06.469+0530] {example_python_decorator.py:80} WARNING - The virtalenv_python example task requires virtualenv, please install it.
[2026-04-07T04:16:06.471+0530] {processor.py:925} INFO - DAG(s) 'example_python_decorator' retrieved from /home/ubantu/miniconda3/envs/airflow-env/lib/python3.11/site-packages/airflow/example_dags/example_python_decorator.py
[2026-04-07T04:16:06.488+0530] {logging_mixin.py:190} INFO - [2026-04-07T04:16:06.488+0530] {dag.py:3239} INFO - Sync 1 DAGs
[2026-04-07T04:16:06.499+0530] {logging_mixin.py:190} INFO - [2026-04-07T04:16:06.499+0530] {dag.py:4180} INFO - Setting next_dagrun for example_python_decorator to None, run_after=None
[2026-04-07T04:16:06.517+0530] {processor.py:208} INFO - Processing /home/ubantu/miniconda3/envs/airflow-env/lib/python3.11/site-packages/airflow/example_dags/example_python_decorator.py took 0.066 seconds
[2026-04-07T04:16:56.152+0530] {processor.py:186} INFO - Started process (PID=6661) to work on /home/ubantu/miniconda3/envs/airflow-env/lib/python3.11/site-packages/airflow/example_dags/example_python_decorator.py
[2026-04-07T04:16:56.153+0530] {processor.py:914} INFO - Processing file /home/ubantu/miniconda3/envs/airflow-env/lib/python3.11/site-packages/airflow/example_dags/example_python_decorator.py for tasks to queue
[2026-04-07T04:16:56.155+0530] {logging_mixin.py:190} INFO - [2026-04-07T04:16:56.155+0530] {dagbag.py:588} INFO - Filling up the DagBag from /home/ubantu/miniconda3/envs/airflow-env/lib/python3.11/site-packages/airflow/example_dags/example_python_decorator.py
[2026-04-07T04:16:56.165+0530] {logging_mixin.py:190} INFO - [2026-04-07T04:16:56.165+0530] {example_python_decorator.py:80} WARNING - The virtalenv_python example task requires virtualenv, please install it.
[2026-04-07T04:16:56.168+0530] {processor.py:925} INFO - DAG(s) 'example_python_decorator' retrieved from /home/ubantu/miniconda3/envs/airflow-env/lib/python3.11/site-packages/airflow/example_dags/example_python_decorator.py
[2026-04-07T04:16:56.184+0530] {logging_mixin.py:190} INFO - [2026-04-07T04:16:56.184+0530] {dag.py:3239} INFO - Sync 1 DAGs
[2026-04-07T04:16:56.196+0530] {logging_mixin.py:190} INFO - [2026-04-07T04:16:56.196+0530] {dag.py:4180} INFO - Setting next_dagrun for example_python_decorator to None, run_after=None
[2026-04-07T04:16:56.215+0530] {processor.py:208} INFO - Processing /home/ubantu/miniconda3/envs/airflow-env/lib/python3.11/site-packages/airflow/example_dags/example_python_decorator.py took 0.069 seconds
[2026-04-07T04:17:45.680+0530] {processor.py:186} INFO - Started process (PID=6723) to work on /home/ubantu/miniconda3/envs/airflow-env/lib/python3.11/site-packages/airflow/example_dags/example_python_decorator.py
[2026-04-07T04:17:45.681+0530] {processor.py:914} INFO - Processing file /home/ubantu/miniconda3/envs/airflow-env/lib/python3.11/site-packages/airflow/example_dags/example_python_decorator.py for tasks to queue
[2026-04-07T04:17:45.683+0530] {logging_mixin.py:190} INFO - [2026-04-07T04:17:45.683+0530] {dagbag.py:588} INFO - Filling up the DagBag from /home/ubantu/miniconda3/envs/airflow-env/lib/python3.11/site-packages/airflow/example_dags/example_python_decorator.py
[2026-04-07T04:17:45.692+0530] {logging_mixin.py:190} INFO - [2026-04-07T04:17:45.692+0530] {example_python_decorator.py:80} WARNING - The virtalenv_python example task requires virtualenv, please install it.
[2026-04-07T04:17:45.694+0530] {processor.py:925} INFO - DAG(s) 'example_python_decorator' retrieved from /home/ubantu/miniconda3/envs/airflow-env/lib/python3.11/site-packages/airflow/example_dags/example_python_decorator.py
[2026-04-07T04:17:45.710+0530] {logging_mixin.py:190} INFO - [2026-04-07T04:17:45.710+0530] {dag.py:3239} INFO - Sync 1 DAGs
[2026-04-07T04:17:45.722+0530] {logging_mixin.py:190} INFO - [2026-04-07T04:17:45.721+0530] {dag.py:4180} INFO - Setting next_dagrun for example_python_decorator to None, run_after=None
[2026-04-07T04:17:45.739+0530] {processor.py:208} INFO - Processing /home/ubantu/miniconda3/envs/airflow-env/lib/python3.11/site-packages/airflow/example_dags/example_python_decorator.py took 0.064 seconds
[2026-04-07T04:18:38.849+0530] {processor.py:186} INFO - Started process (PID=6832) to work on /home/ubantu/miniconda3/envs/airflow-env/lib/python3.11/site-packages/airflow/example_dags/example_python_decorator.py
[2026-04-07T04:18:38.850+0530] {processor.py:914} INFO - Processing file /home/ubantu/miniconda3/envs/airflow-env/lib/python3.11/site-packages/airflow/example_dags/example_python_decorator.py for tasks to queue
[2026-04-07T04:18:38.853+0530] {logging_mixin.py:190} INFO - [2026-04-07T04:18:38.852+0530] {dagbag.py:588} INFO - Filling up the DagBag from /home/ubantu/miniconda3/envs/airflow-env/lib/python3.11/site-packages/airflow/example_dags/example_python_decorator.py
[2026-04-07T04:18:38.864+0530] {logging_mixin.py:190} INFO - [2026-04-07T04:18:38.864+0530] {example_python_decorator.py:80} WARNING - The virtalenv_python example task requires virtualenv, please install it.
[2026-04-07T04:18:38.867+0530] {processor.py:925} INFO - DAG(s) 'example_python_decorator' retrieved from /home/ubantu/miniconda3/envs/airflow-env/lib/python3.11/site-packages/airflow/example_dags/example_python_decorator.py
[2026-04-07T04:18:38.883+0530] {logging_mixin.py:190} INFO - [2026-04-07T04:18:38.882+0530] {dag.py:3239} INFO - Sync 1 DAGs
[2026-04-07T04:18:38.893+0530] {logging_mixin.py:190} INFO - [2026-04-07T04:18:38.893+0530] {dag.py:4180} INFO - Setting next_dagrun for example_python_decorator to None, run_after=None
[2026-04-07T04:18:38.910+0530] {processor.py:208} INFO - Processing /home/ubantu/miniconda3/envs/airflow-env/lib/python3.11/site-packages/airflow/example_dags/example_python_decorator.py took 0.069 seconds
[2026-04-07T04:19:32.577+0530] {processor.py:186} INFO - Started process (PID=6892) to work on /home/ubantu/miniconda3/envs/airflow-env/lib/python3.11/site-packages/airflow/example_dags/example_python_decorator.py
[2026-04-07T04:19:32.578+0530] {processor.py:914} INFO - Processing file /home/ubantu/miniconda3/envs/airflow-env/lib/python3.11/site-packages/airflow/example_dags/example_python_decorator.py for tasks to queue
[2026-04-07T04:19:32.580+0530] {logging_mixin.py:190} INFO - [2026-04-07T04:19:32.580+0530] {dagbag.py:588} INFO - Filling up the DagBag from /home/ubantu/miniconda3/envs/airflow-env/lib/python3.11/site-packages/airflow/example_dags/example_python_decorator.py
[2026-04-07T04:19:32.590+0530] {logging_mixin.py:190} INFO - [2026-04-07T04:19:32.590+0530] {example_python_decorator.py:80} WARNING - The virtalenv_python example task requires virtualenv, please install it.
[2026-04-07T04:19:32.592+0530] {processor.py:925} INFO - DAG(s) 'example_python_decorator' retrieved from /home/ubantu/miniconda3/envs/airflow-env/lib/python3.11/site-packages/airflow/example_dags/example_python_decorator.py
[2026-04-07T04:19:32.609+0530] {logging_mixin.py:190} INFO - [2026-04-07T04:19:32.609+0530] {dag.py:3239} INFO - Sync 1 DAGs
[2026-04-07T04:19:32.620+0530] {logging_mixin.py:190} INFO - [2026-04-07T04:19:32.620+0530] {dag.py:4180} INFO - Setting next_dagrun for example_python_decorator to None, run_after=None
[2026-04-07T04:19:32.638+0530] {processor.py:208} INFO - Processing /home/ubantu/miniconda3/envs/airflow-env/lib/python3.11/site-packages/airflow/example_dags/example_python_decorator.py took 0.066 seconds
[2026-04-07T04:20:21.699+0530] {processor.py:186} INFO - Started process (PID=6953) to work on /home/ubantu/miniconda3/envs/airflow-env/lib/python3.11/site-packages/airflow/example_dags/example_python_decorator.py
[2026-04-07T04:20:21.700+0530] {processor.py:914} INFO - Processing file /home/ubantu/miniconda3/envs/airflow-env/lib/python3.11/site-packages/airflow/example_dags/example_python_decorator.py for tasks to queue
[2026-04-07T04:20:21.702+0530] {logging_mixin.py:190} INFO - [2026-04-07T04:20:21.701+0530] {dagbag.py:588} INFO - Filling up the DagBag from /home/ubantu/miniconda3/envs/airflow-env/lib/python3.11/site-packages/airflow/example_dags/example_python_decorator.py
[2026-04-07T04:20:21.711+0530] {logging_mixin.py:190} INFO - [2026-04-07T04:20:21.711+0530] {example_python_decorator.py:80} WARNING - The virtalenv_python example task requires virtualenv, please install it.
[2026-04-07T04:20:21.714+0530] {processor.py:925} INFO - DAG(s) 'example_python_decorator' retrieved from /home/ubantu/miniconda3/envs/airflow-env/lib/python3.11/site-packages/airflow/example_dags/example_python_decorator.py
[2026-04-07T04:20:21.730+0530] {logging_mixin.py:190} INFO - [2026-04-07T04:20:21.730+0530] {dag.py:3239} INFO - Sync 1 DAGs
[2026-04-07T04:20:21.740+0530] {logging_mixin.py:190} INFO - [2026-04-07T04:20:21.740+0530] {dag.py:4180} INFO - Setting next_dagrun for example_python_decorator to None, run_after=None
[2026-04-07T04:20:21.757+0530] {processor.py:208} INFO - Processing /home/ubantu/miniconda3/envs/airflow-env/lib/python3.11/site-packages/airflow/example_dags/example_python_decorator.py took 0.065 seconds
[2026-04-07T04:21:15.533+0530] {processor.py:186} INFO - Started process (PID=7010) to work on /home/ubantu/miniconda3/envs/airflow-env/lib/python3.11/site-packages/airflow/example_dags/example_python_decorator.py
[2026-04-07T04:21:15.534+0530] {processor.py:914} INFO - Processing file /home/ubantu/miniconda3/envs/airflow-env/lib/python3.11/site-packages/airflow/example_dags/example_python_decorator.py for tasks to queue
[2026-04-07T04:21:15.536+0530] {logging_mixin.py:190} INFO - [2026-04-07T04:21:15.536+0530] {dagbag.py:588} INFO - Filling up the DagBag from /home/ubantu/miniconda3/envs/airflow-env/lib/python3.11/site-packages/airflow/example_dags/example_python_decorator.py
[2026-04-07T04:21:15.547+0530] {logging_mixin.py:190} INFO - [2026-04-07T04:21:15.547+0530] {example_python_decorator.py:80} WARNING - The virtalenv_python example task requires virtualenv, please install it.
[2026-04-07T04:21:15.550+0530] {processor.py:925} INFO - DAG(s) 'example_python_decorator' retrieved from /home/ubantu/miniconda3/envs/airflow-env/lib/python3.11/site-packages/airflow/example_dags/example_python_decorator.py
[2026-04-07T04:21:15.568+0530] {logging_mixin.py:190} INFO - [2026-04-07T04:21:15.567+0530] {dag.py:3239} INFO - Sync 1 DAGs
[2026-04-07T04:21:15.579+0530] {logging_mixin.py:190} INFO - [2026-04-07T04:21:15.579+0530] {dag.py:4180} INFO - Setting next_dagrun for example_python_decorator to None, run_after=None
[2026-04-07T04:21:15.600+0530] {processor.py:208} INFO - Processing /home/ubantu/miniconda3/envs/airflow-env/lib/python3.11/site-packages/airflow/example_dags/example_python_decorator.py took 0.075 seconds
[2026-04-07T04:22:10.437+0530] {processor.py:186} INFO - Started process (PID=7074) to work on /home/ubantu/miniconda3/envs/airflow-env/lib/python3.11/site-packages/airflow/example_dags/example_python_decorator.py
[2026-04-07T04:22:10.438+0530] {processor.py:914} INFO - Processing file /home/ubantu/miniconda3/envs/airflow-env/lib/python3.11/site-packages/airflow/example_dags/example_python_decorator.py for tasks to queue
[2026-04-07T04:22:10.440+0530] {logging_mixin.py:190} INFO - [2026-04-07T04:22:10.440+0530] {dagbag.py:588} INFO - Filling up the DagBag from /home/ubantu/miniconda3/envs/airflow-env/lib/python3.11/site-packages/airflow/example_dags/example_python_decorator.py
[2026-04-07T04:22:10.450+0530] {logging_mixin.py:190} INFO - [2026-04-07T04:22:10.450+0530] {example_python_decorator.py:80} WARNING - The virtalenv_python example task requires virtualenv, please install it.
[2026-04-07T04:22:10.452+0530] {processor.py:925} INFO - DAG(s) 'example_python_decorator' retrieved from /home/ubantu/miniconda3/envs/airflow-env/lib/python3.11/site-packages/airflow/example_dags/example_python_decorator.py
[2026-04-07T04:22:10.469+0530] {logging_mixin.py:190} INFO - [2026-04-07T04:22:10.469+0530] {dag.py:3239} INFO - Sync 1 DAGs
[2026-04-07T04:22:10.480+0530] {logging_mixin.py:190} INFO - [2026-04-07T04:22:10.480+0530] {dag.py:4180} INFO - Setting next_dagrun for example_python_decorator to None, run_after=None
[2026-04-07T04:22:10.498+0530] {processor.py:208} INFO - Processing /home/ubantu/miniconda3/envs/airflow-env/lib/python3.11/site-packages/airflow/example_dags/example_python_decorator.py took 0.067 seconds
[2026-04-07T04:23:04.915+0530] {processor.py:186} INFO - Started process (PID=7159) to work on /home/ubantu/miniconda3/envs/airflow-env/lib/python3.11/site-packages/airflow/example_dags/example_python_decorator.py
[2026-04-07T04:23:04.917+0530] {processor.py:914} INFO - Processing file /home/ubantu/miniconda3/envs/airflow-env/lib/python3.11/site-packages/airflow/example_dags/example_python_decorator.py for tasks to queue
[2026-04-07T04:23:04.919+0530] {logging_mixin.py:190} INFO - [2026-04-07T04:23:04.919+0530] {dagbag.py:588} INFO - Filling up the DagBag from /home/ubantu/miniconda3/envs/airflow-env/lib/python3.11/site-packages/airflow/example_dags/example_python_decorator.py
[2026-04-07T04:23:04.932+0530] {logging_mixin.py:190} INFO - [2026-04-07T04:23:04.931+0530] {example_python_decorator.py:80} WARNING - The virtalenv_python example task requires virtualenv, please install it.
[2026-04-07T04:23:04.935+0530] {processor.py:925} INFO - DAG(s) 'example_python_decorator' retrieved from /home/ubantu/miniconda3/envs/airflow-env/lib/python3.11/site-packages/airflow/example_dags/example_python_decorator.py
[2026-04-07T04:23:04.955+0530] {logging_mixin.py:190} INFO - [2026-04-07T04:23:04.954+0530] {dag.py:3239} INFO - Sync 1 DAGs
[2026-04-07T04:23:04.965+0530] {logging_mixin.py:190} INFO - [2026-04-07T04:23:04.965+0530] {dag.py:4180} INFO - Setting next_dagrun for example_python_decorator to None, run_after=None
[2026-04-07T04:23:04.984+0530] {processor.py:208} INFO - Processing /home/ubantu/miniconda3/envs/airflow-env/lib/python3.11/site-packages/airflow/example_dags/example_python_decorator.py took 0.077 seconds
[2026-04-07T04:23:56.534+0530] {processor.py:186} INFO - Started process (PID=7257) to work on /home/ubantu/miniconda3/envs/airflow-env/lib/python3.11/site-packages/airflow/example_dags/example_python_decorator.py
[2026-04-07T04:23:56.535+0530] {processor.py:914} INFO - Processing file /home/ubantu/miniconda3/envs/airflow-env/lib/python3.11/site-packages/airflow/example_dags/example_python_decorator.py for tasks to queue
[2026-04-07T04:23:56.537+0530] {logging_mixin.py:190} INFO - [2026-04-07T04:23:56.537+0530] {dagbag.py:588} INFO - Filling up the DagBag from /home/ubantu/miniconda3/envs/airflow-env/lib/python3.11/site-packages/airflow/example_dags/example_python_decorator.py
[2026-04-07T04:23:56.547+0530] {logging_mixin.py:190} INFO - [2026-04-07T04:23:56.547+0530] {example_python_decorator.py:80} WARNING - The virtalenv_python example task requires virtualenv, please install it.
[2026-04-07T04:23:56.550+0530] {processor.py:925} INFO - DAG(s) 'example_python_decorator' retrieved from /home/ubantu/miniconda3/envs/airflow-env/lib/python3.11/site-packages/airflow/example_dags/example_python_decorator.py
[2026-04-07T04:23:56.565+0530] {logging_mixin.py:190} INFO - [2026-04-07T04:23:56.565+0530] {dag.py:3239} INFO - Sync 1 DAGs
[2026-04-07T04:23:56.576+0530] {logging_mixin.py:190} INFO - [2026-04-07T04:23:56.575+0530] {dag.py:4180} INFO - Setting next_dagrun for example_python_decorator to None, run_after=None
[2026-04-07T04:23:56.593+0530] {processor.py:208} INFO - Processing /home/ubantu/miniconda3/envs/airflow-env/lib/python3.11/site-packages/airflow/example_dags/example_python_decorator.py took 0.066 seconds
[2026-04-07T04:24:48.395+0530] {processor.py:186} INFO - Started process (PID=7345) to work on /home/ubantu/miniconda3/envs/airflow-env/lib/python3.11/site-packages/airflow/example_dags/example_python_decorator.py
[2026-04-07T04:24:48.396+0530] {processor.py:914} INFO - Processing file /home/ubantu/miniconda3/envs/airflow-env/lib/python3.11/site-packages/airflow/example_dags/example_python_decorator.py for tasks to queue
[2026-04-07T04:24:48.398+0530] {logging_mixin.py:190} INFO - [2026-04-07T04:24:48.398+0530] {dagbag.py:588} INFO - Filling up the DagBag from /home/ubantu/miniconda3/envs/airflow-env/lib/python3.11/site-packages/airflow/example_dags/example_python_decorator.py
[2026-04-07T04:24:48.408+0530] {logging_mixin.py:190} INFO - [2026-04-07T04:24:48.407+0530] {example_python_decorator.py:80} WARNING - The virtalenv_python example task requires virtualenv, please install it.
[2026-04-07T04:24:48.410+0530] {processor.py:925} INFO - DAG(s) 'example_python_decorator' retrieved from /home/ubantu/miniconda3/envs/airflow-env/lib/python3.11/site-packages/airflow/example_dags/example_python_decorator.py
[2026-04-07T04:24:48.426+0530] {logging_mixin.py:190} INFO - [2026-04-07T04:24:48.426+0530] {dag.py:3239} INFO - Sync 1 DAGs
[2026-04-07T04:24:48.437+0530] {logging_mixin.py:190} INFO - [2026-04-07T04:24:48.437+0530] {dag.py:4180} INFO - Setting next_dagrun for example_python_decorator to None, run_after=None
[2026-04-07T04:24:48.455+0530] {processor.py:208} INFO - Processing /home/ubantu/miniconda3/envs/airflow-env/lib/python3.11/site-packages/airflow/example_dags/example_python_decorator.py took 0.066 seconds
[2026-04-07T04:25:42.526+0530] {processor.py:186} INFO - Started process (PID=7437) to work on /home/ubantu/miniconda3/envs/airflow-env/lib/python3.11/site-packages/airflow/example_dags/example_python_decorator.py
[2026-04-07T04:25:42.528+0530] {processor.py:914} INFO - Processing file /home/ubantu/miniconda3/envs/airflow-env/lib/python3.11/site-packages/airflow/example_dags/example_python_decorator.py for tasks to queue
[2026-04-07T04:25:42.531+0530] {logging_mixin.py:190} INFO - [2026-04-07T04:25:42.530+0530] {dagbag.py:588} INFO - Filling up the DagBag from /home/ubantu/miniconda3/envs/airflow-env/lib/python3.11/site-packages/airflow/example_dags/example_python_decorator.py
[2026-04-07T04:25:42.543+0530] {logging_mixin.py:190} INFO - [2026-04-07T04:25:42.543+0530] {example_python_decorator.py:80} WARNING - The virtalenv_python example task requires virtualenv, please install it.
[2026-04-07T04:25:42.546+0530] {processor.py:925} INFO - DAG(s) 'example_python_decorator' retrieved from /home/ubantu/miniconda3/envs/airflow-env/lib/python3.11/site-packages/airflow/example_dags/example_python_decorator.py
[2026-04-07T04:25:42.562+0530] {logging_mixin.py:190} INFO - [2026-04-07T04:25:42.561+0530] {dag.py:3239} INFO - Sync 1 DAGs
[2026-04-07T04:25:42.573+0530] {logging_mixin.py:190} INFO - [2026-04-07T04:25:42.573+0530] {dag.py:4180} INFO - Setting next_dagrun for example_python_decorator to None, run_after=None
[2026-04-07T04:25:42.592+0530] {processor.py:208} INFO - Processing /home/ubantu/miniconda3/envs/airflow-env/lib/python3.11/site-packages/airflow/example_dags/example_python_decorator.py took 0.072 seconds
[2026-04-07T04:26:38.114+0530] {processor.py:186} INFO - Started process (PID=7503) to work on /home/ubantu/miniconda3/envs/airflow-env/lib/python3.11/site-packages/airflow/example_dags/example_python_decorator.py
[2026-04-07T04:26:38.115+0530] {processor.py:914} INFO - Processing file /home/ubantu/miniconda3/envs/airflow-env/lib/python3.11/site-packages/airflow/example_dags/example_python_decorator.py for tasks to queue
[2026-04-07T04:26:38.116+0530] {logging_mixin.py:190} INFO - [2026-04-07T04:26:38.116+0530] {dagbag.py:588} INFO - Filling up the DagBag from /home/ubantu/miniconda3/envs/airflow-env/lib/python3.11/site-packages/airflow/example_dags/example_python_decorator.py
[2026-04-07T04:26:38.124+0530] {logging_mixin.py:190} INFO - [2026-04-07T04:26:38.124+0530] {example_python_decorator.py:80} WARNING - The virtalenv_python example task requires virtualenv, please install it.
[2026-04-07T04:26:38.126+0530] {processor.py:925} INFO - DAG(s) 'example_python_decorator' retrieved from /home/ubantu/miniconda3/envs/airflow-env/lib/python3.11/site-packages/airflow/example_dags/example_python_decorator.py
[2026-04-07T04:26:38.140+0530] {logging_mixin.py:190} INFO - [2026-04-07T04:26:38.140+0530] {dag.py:3239} INFO - Sync 1 DAGs
[2026-04-07T04:26:38.150+0530] {logging_mixin.py:190} INFO - [2026-04-07T04:26:38.150+0530] {dag.py:4180} INFO - Setting next_dagrun for example_python_decorator to None, run_after=None
[2026-04-07T04:26:38.167+0530] {processor.py:208} INFO - Processing /home/ubantu/miniconda3/envs/airflow-env/lib/python3.11/site-packages/airflow/example_dags/example_python_decorator.py took 0.058 seconds
[2026-04-07T04:27:32.027+0530] {processor.py:186} INFO - Started process (PID=7570) to work on /home/ubantu/miniconda3/envs/airflow-env/lib/python3.11/site-packages/airflow/example_dags/example_python_decorator.py
[2026-04-07T04:27:32.028+0530] {processor.py:914} INFO - Processing file /home/ubantu/miniconda3/envs/airflow-env/lib/python3.11/site-packages/airflow/example_dags/example_python_decorator.py for tasks to queue
[2026-04-07T04:27:32.030+0530] {logging_mixin.py:190} INFO - [2026-04-07T04:27:32.030+0530] {dagbag.py:588} INFO - Filling up the DagBag from /home/ubantu/miniconda3/envs/airflow-env/lib/python3.11/site-packages/airflow/example_dags/example_python_decorator.py
[2026-04-07T04:27:32.040+0530] {logging_mixin.py:190} INFO - [2026-04-07T04:27:32.040+0530] {example_python_decorator.py:80} WARNING - The virtalenv_python example task requires virtualenv, please install it.
[2026-04-07T04:27:32.043+0530] {processor.py:925} INFO - DAG(s) 'example_python_decorator' retrieved from /home/ubantu/miniconda3/envs/airflow-env/lib/python3.11/site-packages/airflow/example_dags/example_python_decorator.py
[2026-04-07T04:27:32.060+0530] {logging_mixin.py:190} INFO - [2026-04-07T04:27:32.060+0530] {dag.py:3239} INFO - Sync 1 DAGs
[2026-04-07T04:27:32.073+0530] {logging_mixin.py:190} INFO - [2026-04-07T04:27:32.072+0530] {dag.py:4180} INFO - Setting next_dagrun for example_python_decorator to None, run_after=None
[2026-04-07T04:27:32.092+0530] {processor.py:208} INFO - Processing /home/ubantu/miniconda3/envs/airflow-env/lib/python3.11/site-packages/airflow/example_dags/example_python_decorator.py took 0.072 seconds
[2026-04-07T04:28:22.538+0530] {processor.py:186} INFO - Started process (PID=7631) to work on /home/ubantu/miniconda3/envs/airflow-env/lib/python3.11/site-packages/airflow/example_dags/example_python_decorator.py
[2026-04-07T04:28:22.539+0530] {processor.py:914} INFO - Processing file /home/ubantu/miniconda3/envs/airflow-env/lib/python3.11/site-packages/airflow/example_dags/example_python_decorator.py for tasks to queue
[2026-04-07T04:28:22.541+0530] {logging_mixin.py:190} INFO - [2026-04-07T04:28:22.541+0530] {dagbag.py:588} INFO - Filling up the DagBag from /home/ubantu/miniconda3/envs/airflow-env/lib/python3.11/site-packages/airflow/example_dags/example_python_decorator.py
[2026-04-07T04:28:22.549+0530] {logging_mixin.py:190} INFO - [2026-04-07T04:28:22.549+0530] {example_python_decorator.py:80} WARNING - The virtalenv_python example task requires virtualenv, please install it.
[2026-04-07T04:28:22.551+0530] {processor.py:925} INFO - DAG(s) 'example_python_decorator' retrieved from /home/ubantu/miniconda3/envs/airflow-env/lib/python3.11/site-packages/airflow/example_dags/example_python_decorator.py
[2026-04-07T04:28:22.567+0530] {logging_mixin.py:190} INFO - [2026-04-07T04:28:22.566+0530] {dag.py:3239} INFO - Sync 1 DAGs
[2026-04-07T04:28:22.578+0530] {logging_mixin.py:190} INFO - [2026-04-07T04:28:22.577+0530] {dag.py:4180} INFO - Setting next_dagrun for example_python_decorator to None, run_after=None
[2026-04-07T04:28:22.594+0530] {processor.py:208} INFO - Processing /home/ubantu/miniconda3/envs/airflow-env/lib/python3.11/site-packages/airflow/example_dags/example_python_decorator.py took 0.062 seconds
[2026-04-07T04:29:16.030+0530] {processor.py:186} INFO - Started process (PID=7701) to work on /home/ubantu/miniconda3/envs/airflow-env/lib/python3.11/site-packages/airflow/example_dags/example_python_decorator.py
[2026-04-07T04:29:16.031+0530] {processor.py:914} INFO - Processing file /home/ubantu/miniconda3/envs/airflow-env/lib/python3.11/site-packages/airflow/example_dags/example_python_decorator.py for tasks to queue
[2026-04-07T04:29:16.033+0530] {logging_mixin.py:190} INFO - [2026-04-07T04:29:16.033+0530] {dagbag.py:588} INFO - Filling up the DagBag from /home/ubantu/miniconda3/envs/airflow-env/lib/python3.11/site-packages/airflow/example_dags/example_python_decorator.py
[2026-04-07T04:29:16.041+0530] {logging_mixin.py:190} INFO - [2026-04-07T04:29:16.041+0530] {example_python_decorator.py:80} WARNING - The virtalenv_python example task requires virtualenv, please install it.
[2026-04-07T04:29:16.043+0530] {processor.py:925} INFO - DAG(s) 'example_python_decorator' retrieved from /home/ubantu/miniconda3/envs/airflow-env/lib/python3.11/site-packages/airflow/example_dags/example_python_decorator.py
[2026-04-07T04:29:16.058+0530] {logging_mixin.py:190} INFO - [2026-04-07T04:29:16.058+0530] {dag.py:3239} INFO - Sync 1 DAGs
[2026-04-07T04:29:16.069+0530] {logging_mixin.py:190} INFO - [2026-04-07T04:29:16.069+0530] {dag.py:4180} INFO - Setting next_dagrun for example_python_decorator to None, run_after=None
[2026-04-07T04:29:16.107+0530] {processor.py:208} INFO - Processing /home/ubantu/miniconda3/envs/airflow-env/lib/python3.11/site-packages/airflow/example_dags/example_python_decorator.py took 0.082 seconds
[2026-04-07T04:30:14.544+0530] {processor.py:186} INFO - Started process (PID=7769) to work on /home/ubantu/miniconda3/envs/airflow-env/lib/python3.11/site-packages/airflow/example_dags/example_python_decorator.py
[2026-04-07T04:30:14.547+0530] {processor.py:914} INFO - Processing file /home/ubantu/miniconda3/envs/airflow-env/lib/python3.11/site-packages/airflow/example_dags/example_python_decorator.py for tasks to queue
[2026-04-07T04:30:14.550+0530] {logging_mixin.py:190} INFO - [2026-04-07T04:30:14.549+0530] {dagbag.py:588} INFO - Filling up the DagBag from /home/ubantu/miniconda3/envs/airflow-env/lib/python3.11/site-packages/airflow/example_dags/example_python_decorator.py
[2026-04-07T04:30:14.561+0530] {logging_mixin.py:190} INFO - [2026-04-07T04:30:14.561+0530] {example_python_decorator.py:80} WARNING - The virtalenv_python example task requires virtualenv, please install it.
[2026-04-07T04:30:14.564+0530] {processor.py:925} INFO - DAG(s) 'example_python_decorator' retrieved from /home/ubantu/miniconda3/envs/airflow-env/lib/python3.11/site-packages/airflow/example_dags/example_python_decorator.py
[2026-04-07T04:30:14.585+0530] {logging_mixin.py:190} INFO - [2026-04-07T04:30:14.584+0530] {dag.py:3239} INFO - Sync 1 DAGs
[2026-04-07T04:30:14.597+0530] {logging_mixin.py:190} INFO - [2026-04-07T04:30:14.596+0530] {dag.py:4180} INFO - Setting next_dagrun for example_python_decorator to None, run_after=None
[2026-04-07T04:30:14.641+0530] {processor.py:208} INFO - Processing /home/ubantu/miniconda3/envs/airflow-env/lib/python3.11/site-packages/airflow/example_dags/example_python_decorator.py took 0.104 seconds
[2026-04-07T04:31:12.204+0530] {processor.py:186} INFO - Started process (PID=7837) to work on /home/ubantu/miniconda3/envs/airflow-env/lib/python3.11/site-packages/airflow/example_dags/example_python_decorator.py
[2026-04-07T04:31:12.207+0530] {processor.py:914} INFO - Processing file /home/ubantu/miniconda3/envs/airflow-env/lib/python3.11/site-packages/airflow/example_dags/example_python_decorator.py for tasks to queue
[2026-04-07T04:31:12.210+0530] {logging_mixin.py:190} INFO - [2026-04-07T04:31:12.210+0530] {dagbag.py:588} INFO - Filling up the DagBag from /home/ubantu/miniconda3/envs/airflow-env/lib/python3.11/site-packages/airflow/example_dags/example_python_decorator.py
[2026-04-07T04:31:12.222+0530] {logging_mixin.py:190} INFO - [2026-04-07T04:31:12.222+0530] {example_python_decorator.py:80} WARNING - The virtalenv_python example task requires virtualenv, please install it.
[2026-04-07T04:31:12.225+0530] {processor.py:925} INFO - DAG(s) 'example_python_decorator' retrieved from /home/ubantu/miniconda3/envs/airflow-env/lib/python3.11/site-packages/airflow/example_dags/example_python_decorator.py
[2026-04-07T04:31:12.245+0530] {logging_mixin.py:190} INFO - [2026-04-07T04:31:12.245+0530] {dag.py:3239} INFO - Sync 1 DAGs
[2026-04-07T04:31:12.256+0530] {logging_mixin.py:190} INFO - [2026-04-07T04:31:12.256+0530] {dag.py:4180} INFO - Setting next_dagrun for example_python_decorator to None, run_after=None
[2026-04-07T04:31:12.300+0530] {processor.py:208} INFO - Processing /home/ubantu/miniconda3/envs/airflow-env/lib/python3.11/site-packages/airflow/example_dags/example_python_decorator.py took 0.104 seconds
[2026-04-07T04:32:10.158+0530] {processor.py:186} INFO - Started process (PID=7902) to work on /home/ubantu/miniconda3/envs/airflow-env/lib/python3.11/site-packages/airflow/example_dags/example_python_decorator.py
[2026-04-07T04:32:10.160+0530] {processor.py:914} INFO - Processing file /home/ubantu/miniconda3/envs/airflow-env/lib/python3.11/site-packages/airflow/example_dags/example_python_decorator.py for tasks to queue
[2026-04-07T04:32:10.163+0530] {logging_mixin.py:190} INFO - [2026-04-07T04:32:10.162+0530] {dagbag.py:588} INFO - Filling up the DagBag from /home/ubantu/miniconda3/envs/airflow-env/lib/python3.11/site-packages/airflow/example_dags/example_python_decorator.py
[2026-04-07T04:32:10.174+0530] {logging_mixin.py:190} INFO - [2026-04-07T04:32:10.173+0530] {example_python_decorator.py:80} WARNING - The virtalenv_python example task requires virtualenv, please install it.
[2026-04-07T04:32:10.177+0530] {processor.py:925} INFO - DAG(s) 'example_python_decorator' retrieved from /home/ubantu/miniconda3/envs/airflow-env/lib/python3.11/site-packages/airflow/example_dags/example_python_decorator.py
[2026-04-07T04:32:10.195+0530] {logging_mixin.py:190} INFO - [2026-04-07T04:32:10.195+0530] {dag.py:3239} INFO - Sync 1 DAGs
[2026-04-07T04:32:10.206+0530] {logging_mixin.py:190} INFO - [2026-04-07T04:32:10.205+0530] {dag.py:4180} INFO - Setting next_dagrun for example_python_decorator to None, run_after=None
[2026-04-07T04:32:10.249+0530] {processor.py:208} INFO - Processing /home/ubantu/miniconda3/envs/airflow-env/lib/python3.11/site-packages/airflow/example_dags/example_python_decorator.py took 0.098 seconds
[2026-04-07T04:33:06.853+0530] {processor.py:186} INFO - Started process (PID=7978) to work on /home/ubantu/miniconda3/envs/airflow-env/lib/python3.11/site-packages/airflow/example_dags/example_python_decorator.py
[2026-04-07T04:33:06.855+0530] {processor.py:914} INFO - Processing file /home/ubantu/miniconda3/envs/airflow-env/lib/python3.11/site-packages/airflow/example_dags/example_python_decorator.py for tasks to queue
[2026-04-07T04:33:06.857+0530] {logging_mixin.py:190} INFO - [2026-04-07T04:33:06.857+0530] {dagbag.py:588} INFO - Filling up the DagBag from /home/ubantu/miniconda3/envs/airflow-env/lib/python3.11/site-packages/airflow/example_dags/example_python_decorator.py
[2026-04-07T04:33:06.871+0530] {logging_mixin.py:190} INFO - [2026-04-07T04:33:06.870+0530] {example_python_decorator.py:80} WARNING - The virtalenv_python example task requires virtualenv, please install it.
[2026-04-07T04:33:06.874+0530] {processor.py:925} INFO - DAG(s) 'example_python_decorator' retrieved from /home/ubantu/miniconda3/envs/airflow-env/lib/python3.11/site-packages/airflow/example_dags/example_python_decorator.py
[2026-04-07T04:33:06.894+0530] {logging_mixin.py:190} INFO - [2026-04-07T04:33:06.894+0530] {dag.py:3239} INFO - Sync 1 DAGs
[2026-04-07T04:33:06.905+0530] {logging_mixin.py:190} INFO - [2026-04-07T04:33:06.905+0530] {dag.py:4180} INFO - Setting next_dagrun for example_python_decorator to None, run_after=None
[2026-04-07T04:33:06.925+0530] {processor.py:208} INFO - Processing /home/ubantu/miniconda3/envs/airflow-env/lib/python3.11/site-packages/airflow/example_dags/example_python_decorator.py took 0.079 seconds
[2026-04-07T04:34:00.644+0530] {processor.py:186} INFO - Started process (PID=8161) to work on /home/ubantu/miniconda3/envs/airflow-env/lib/python3.11/site-packages/airflow/example_dags/example_python_decorator.py
[2026-04-07T04:34:00.645+0530] {processor.py:914} INFO - Processing file /home/ubantu/miniconda3/envs/airflow-env/lib/python3.11/site-packages/airflow/example_dags/example_python_decorator.py for tasks to queue
[2026-04-07T04:34:00.648+0530] {logging_mixin.py:190} INFO - [2026-04-07T04:34:00.647+0530] {dagbag.py:588} INFO - Filling up the DagBag from /home/ubantu/miniconda3/envs/airflow-env/lib/python3.11/site-packages/airflow/example_dags/example_python_decorator.py
[2026-04-07T04:34:00.660+0530] {logging_mixin.py:190} INFO - [2026-04-07T04:34:00.660+0530] {example_python_decorator.py:80} WARNING - The virtalenv_python example task requires virtualenv, please install it.
[2026-04-07T04:34:00.664+0530] {processor.py:925} INFO - DAG(s) 'example_python_decorator' retrieved from /home/ubantu/miniconda3/envs/airflow-env/lib/python3.11/site-packages/airflow/example_dags/example_python_decorator.py
[2026-04-07T04:34:00.683+0530] {logging_mixin.py:190} INFO - [2026-04-07T04:34:00.683+0530] {dag.py:3239} INFO - Sync 1 DAGs
[2026-04-07T04:34:00.694+0530] {logging_mixin.py:190} INFO - [2026-04-07T04:34:00.694+0530] {dag.py:4180} INFO - Setting next_dagrun for example_python_decorator to None, run_after=None
[2026-04-07T04:34:00.712+0530] {processor.py:208} INFO - Processing /home/ubantu/miniconda3/envs/airflow-env/lib/python3.11/site-packages/airflow/example_dags/example_python_decorator.py took 0.076 seconds
[2026-04-07T04:34:56.275+0530] {processor.py:186} INFO - Started process (PID=8230) to work on /home/ubantu/miniconda3/envs/airflow-env/lib/python3.11/site-packages/airflow/example_dags/example_python_decorator.py
[2026-04-07T04:34:56.276+0530] {processor.py:914} INFO - Processing file /home/ubantu/miniconda3/envs/airflow-env/lib/python3.11/site-packages/airflow/example_dags/example_python_decorator.py for tasks to queue
[2026-04-07T04:34:56.278+0530] {logging_mixin.py:190} INFO - [2026-04-07T04:34:56.278+0530] {dagbag.py:588} INFO - Filling up the DagBag from /home/ubantu/miniconda3/envs/airflow-env/lib/python3.11/site-packages/airflow/example_dags/example_python_decorator.py
[2026-04-07T04:34:56.288+0530] {logging_mixin.py:190} INFO - [2026-04-07T04:34:56.288+0530] {example_python_decorator.py:80} WARNING - The virtalenv_python example task requires virtualenv, please install it.
[2026-04-07T04:34:56.291+0530] {processor.py:925} INFO - DAG(s) 'example_python_decorator' retrieved from /home/ubantu/miniconda3/envs/airflow-env/lib/python3.11/site-packages/airflow/example_dags/example_python_decorator.py
[2026-04-07T04:34:56.311+0530] {logging_mixin.py:190} INFO - [2026-04-07T04:34:56.310+0530] {dag.py:3239} INFO - Sync 1 DAGs
[2026-04-07T04:34:56.324+0530] {logging_mixin.py:190} INFO - [2026-04-07T04:34:56.324+0530] {dag.py:4180} INFO - Setting next_dagrun for example_python_decorator to None, run_after=None
[2026-04-07T04:34:56.342+0530] {processor.py:208} INFO - Processing /home/ubantu/miniconda3/envs/airflow-env/lib/python3.11/site-packages/airflow/example_dags/example_python_decorator.py took 0.074 seconds
[2026-04-07T04:35:48.512+0530] {processor.py:186} INFO - Started process (PID=8300) to work on /home/ubantu/miniconda3/envs/airflow-env/lib/python3.11/site-packages/airflow/example_dags/example_python_decorator.py
[2026-04-07T04:35:48.513+0530] {processor.py:914} INFO - Processing file /home/ubantu/miniconda3/envs/airflow-env/lib/python3.11/site-packages/airflow/example_dags/example_python_decorator.py for tasks to queue
[2026-04-07T04:35:48.516+0530] {logging_mixin.py:190} INFO - [2026-04-07T04:35:48.515+0530] {dagbag.py:588} INFO - Filling up the DagBag from /home/ubantu/miniconda3/envs/airflow-env/lib/python3.11/site-packages/airflow/example_dags/example_python_decorator.py
[2026-04-07T04:35:48.526+0530] {logging_mixin.py:190} INFO - [2026-04-07T04:35:48.526+0530] {example_python_decorator.py:80} WARNING - The virtalenv_python example task requires virtualenv, please install it.
[2026-04-07T04:35:48.529+0530] {processor.py:925} INFO - DAG(s) 'example_python_decorator' retrieved from /home/ubantu/miniconda3/envs/airflow-env/lib/python3.11/site-packages/airflow/example_dags/example_python_decorator.py
[2026-04-07T04:35:48.547+0530] {logging_mixin.py:190} INFO - [2026-04-07T04:35:48.547+0530] {dag.py:3239} INFO - Sync 1 DAGs
[2026-04-07T04:35:48.560+0530] {logging_mixin.py:190} INFO - [2026-04-07T04:35:48.560+0530] {dag.py:4180} INFO - Setting next_dagrun for example_python_decorator to None, run_after=None
[2026-04-07T04:35:48.580+0530] {processor.py:208} INFO - Processing /home/ubantu/miniconda3/envs/airflow-env/lib/python3.11/site-packages/airflow/example_dags/example_python_decorator.py took 0.075 seconds
[2026-04-07T04:36:43.115+0530] {processor.py:186} INFO - Started process (PID=8374) to work on /home/ubantu/miniconda3/envs/airflow-env/lib/python3.11/site-packages/airflow/example_dags/example_python_decorator.py
[2026-04-07T04:36:43.116+0530] {processor.py:914} INFO - Processing file /home/ubantu/miniconda3/envs/airflow-env/lib/python3.11/site-packages/airflow/example_dags/example_python_decorator.py for tasks to queue
[2026-04-07T04:36:43.118+0530] {logging_mixin.py:190} INFO - [2026-04-07T04:36:43.118+0530] {dagbag.py:588} INFO - Filling up the DagBag from /home/ubantu/miniconda3/envs/airflow-env/lib/python3.11/site-packages/airflow/example_dags/example_python_decorator.py
[2026-04-07T04:36:43.130+0530] {logging_mixin.py:190} INFO - [2026-04-07T04:36:43.129+0530] {example_python_decorator.py:80} WARNING - The virtalenv_python example task requires virtualenv, please install it.
[2026-04-07T04:36:43.133+0530] {processor.py:925} INFO - DAG(s) 'example_python_decorator' retrieved from /home/ubantu/miniconda3/envs/airflow-env/lib/python3.11/site-packages/airflow/example_dags/example_python_decorator.py
[2026-04-07T04:36:43.152+0530] {logging_mixin.py:190} INFO - [2026-04-07T04:36:43.152+0530] {dag.py:3239} INFO - Sync 1 DAGs
[2026-04-07T04:36:43.165+0530] {logging_mixin.py:190} INFO - [2026-04-07T04:36:43.165+0530] {dag.py:4180} INFO - Setting next_dagrun for example_python_decorator to None, run_after=None
[2026-04-07T04:36:43.183+0530] {processor.py:208} INFO - Processing /home/ubantu/miniconda3/envs/airflow-env/lib/python3.11/site-packages/airflow/example_dags/example_python_decorator.py took 0.074 seconds
[2026-04-07T04:37:37.061+0530] {processor.py:186} INFO - Started process (PID=8466) to work on /home/ubantu/miniconda3/envs/airflow-env/lib/python3.11/site-packages/airflow/example_dags/example_python_decorator.py
[2026-04-07T04:37:37.062+0530] {processor.py:914} INFO - Processing file /home/ubantu/miniconda3/envs/airflow-env/lib/python3.11/site-packages/airflow/example_dags/example_python_decorator.py for tasks to queue
[2026-04-07T04:37:37.064+0530] {logging_mixin.py:190} INFO - [2026-04-07T04:37:37.064+0530] {dagbag.py:588} INFO - Filling up the DagBag from /home/ubantu/miniconda3/envs/airflow-env/lib/python3.11/site-packages/airflow/example_dags/example_python_decorator.py
[2026-04-07T04:37:37.076+0530] {logging_mixin.py:190} INFO - [2026-04-07T04:37:37.076+0530] {example_python_decorator.py:80} WARNING - The virtalenv_python example task requires virtualenv, please install it.
[2026-04-07T04:37:37.079+0530] {processor.py:925} INFO - DAG(s) 'example_python_decorator' retrieved from /home/ubantu/miniconda3/envs/airflow-env/lib/python3.11/site-packages/airflow/example_dags/example_python_decorator.py
[2026-04-07T04:37:37.096+0530] {logging_mixin.py:190} INFO - [2026-04-07T04:37:37.096+0530] {dag.py:3239} INFO - Sync 1 DAGs
[2026-04-07T04:37:37.112+0530] {logging_mixin.py:190} INFO - [2026-04-07T04:37:37.111+0530] {dag.py:4180} INFO - Setting next_dagrun for example_python_decorator to None, run_after=None
[2026-04-07T04:37:37.138+0530] {processor.py:208} INFO - Processing /home/ubantu/miniconda3/envs/airflow-env/lib/python3.11/site-packages/airflow/example_dags/example_python_decorator.py took 0.084 seconds
[2026-04-07T04:38:42.551+0530] {processor.py:186} INFO - Started process (PID=8571) to work on /home/ubantu/miniconda3/envs/airflow-env/lib/python3.11/site-packages/airflow/example_dags/example_python_decorator.py
[2026-04-07T04:38:42.552+0530] {processor.py:914} INFO - Processing file /home/ubantu/miniconda3/envs/airflow-env/lib/python3.11/site-packages/airflow/example_dags/example_python_decorator.py for tasks to queue
[2026-04-07T04:38:42.553+0530] {logging_mixin.py:190} INFO - [2026-04-07T04:38:42.553+0530] {dagbag.py:588} INFO - Filling up the DagBag from /home/ubantu/miniconda3/envs/airflow-env/lib/python3.11/site-packages/airflow/example_dags/example_python_decorator.py
[2026-04-07T04:38:42.563+0530] {logging_mixin.py:190} INFO - [2026-04-07T04:38:42.563+0530] {example_python_decorator.py:80} WARNING - The virtalenv_python example task requires virtualenv, please install it.
[2026-04-07T04:38:42.566+0530] {processor.py:925} INFO - DAG(s) 'example_python_decorator' retrieved from /home/ubantu/miniconda3/envs/airflow-env/lib/python3.11/site-packages/airflow/example_dags/example_python_decorator.py
[2026-04-07T04:38:42.582+0530] {logging_mixin.py:190} INFO - [2026-04-07T04:38:42.582+0530] {dag.py:3239} INFO - Sync 1 DAGs
[2026-04-07T04:38:42.594+0530] {logging_mixin.py:190} INFO - [2026-04-07T04:38:42.594+0530] {dag.py:4180} INFO - Setting next_dagrun for example_python_decorator to None, run_after=None
[2026-04-07T04:38:42.611+0530] {processor.py:208} INFO - Processing /home/ubantu/miniconda3/envs/airflow-env/lib/python3.11/site-packages/airflow/example_dags/example_python_decorator.py took 0.066 seconds
[2026-04-07T04:39:39.423+0530] {processor.py:186} INFO - Started process (PID=8646) to work on /home/ubantu/miniconda3/envs/airflow-env/lib/python3.11/site-packages/airflow/example_dags/example_python_decorator.py
[2026-04-07T04:39:39.424+0530] {processor.py:914} INFO - Processing file /home/ubantu/miniconda3/envs/airflow-env/lib/python3.11/site-packages/airflow/example_dags/example_python_decorator.py for tasks to queue
[2026-04-07T04:39:39.426+0530] {logging_mixin.py:190} INFO - [2026-04-07T04:39:39.426+0530] {dagbag.py:588} INFO - Filling up the DagBag from /home/ubantu/miniconda3/envs/airflow-env/lib/python3.11/site-packages/airflow/example_dags/example_python_decorator.py
[2026-04-07T04:39:39.437+0530] {logging_mixin.py:190} INFO - [2026-04-07T04:39:39.437+0530] {example_python_decorator.py:80} WARNING - The virtalenv_python example task requires virtualenv, please install it.
[2026-04-07T04:39:39.439+0530] {processor.py:925} INFO - DAG(s) 'example_python_decorator' retrieved from /home/ubantu/miniconda3/envs/airflow-env/lib/python3.11/site-packages/airflow/example_dags/example_python_decorator.py
[2026-04-07T04:39:39.455+0530] {logging_mixin.py:190} INFO - [2026-04-07T04:39:39.455+0530] {dag.py:3239} INFO - Sync 1 DAGs
[2026-04-07T04:39:39.466+0530] {logging_mixin.py:190} INFO - [2026-04-07T04:39:39.466+0530] {dag.py:4180} INFO - Setting next_dagrun for example_python_decorator to None, run_after=None
[2026-04-07T04:39:39.485+0530] {processor.py:208} INFO - Processing /home/ubantu/miniconda3/envs/airflow-env/lib/python3.11/site-packages/airflow/example_dags/example_python_decorator.py took 0.069 seconds
[2026-04-07T04:40:36.294+0530] {processor.py:186} INFO - Started process (PID=8725) to work on /home/ubantu/miniconda3/envs/airflow-env/lib/python3.11/site-packages/airflow/example_dags/example_python_decorator.py
[2026-04-07T04:40:36.295+0530] {processor.py:914} INFO - Processing file /home/ubantu/miniconda3/envs/airflow-env/lib/python3.11/site-packages/airflow/example_dags/example_python_decorator.py for tasks to queue
[2026-04-07T04:40:36.297+0530] {logging_mixin.py:190} INFO - [2026-04-07T04:40:36.296+0530] {dagbag.py:588} INFO - Filling up the DagBag from /home/ubantu/miniconda3/envs/airflow-env/lib/python3.11/site-packages/airflow/example_dags/example_python_decorator.py
[2026-04-07T04:40:36.307+0530] {logging_mixin.py:190} INFO - [2026-04-07T04:40:36.306+0530] {example_python_decorator.py:80} WARNING - The virtalenv_python example task requires virtualenv, please install it.
[2026-04-07T04:40:36.309+0530] {processor.py:925} INFO - DAG(s) 'example_python_decorator' retrieved from /home/ubantu/miniconda3/envs/airflow-env/lib/python3.11/site-packages/airflow/example_dags/example_python_decorator.py
[2026-04-07T04:40:36.327+0530] {logging_mixin.py:190} INFO - [2026-04-07T04:40:36.326+0530] {dag.py:3239} INFO - Sync 1 DAGs
[2026-04-07T04:40:36.339+0530] {logging_mixin.py:190} INFO - [2026-04-07T04:40:36.339+0530] {dag.py:4180} INFO - Setting next_dagrun for example_python_decorator to None, run_after=None
[2026-04-07T04:40:36.360+0530] {processor.py:208} INFO - Processing /home/ubantu/miniconda3/envs/airflow-env/lib/python3.11/site-packages/airflow/example_dags/example_python_decorator.py took 0.072 seconds
[2026-04-07T04:41:28.401+0530] {processor.py:186} INFO - Started process (PID=8883) to work on /home/ubantu/miniconda3/envs/airflow-env/lib/python3.11/site-packages/airflow/example_dags/example_python_decorator.py
[2026-04-07T04:41:28.402+0530] {processor.py:914} INFO - Processing file /home/ubantu/miniconda3/envs/airflow-env/lib/python3.11/site-packages/airflow/example_dags/example_python_decorator.py for tasks to queue
[2026-04-07T04:41:28.405+0530] {logging_mixin.py:190} INFO - [2026-04-07T04:41:28.405+0530] {dagbag.py:588} INFO - Filling up the DagBag from /home/ubantu/miniconda3/envs/airflow-env/lib/python3.11/site-packages/airflow/example_dags/example_python_decorator.py
[2026-04-07T04:41:28.415+0530] {logging_mixin.py:190} INFO - [2026-04-07T04:41:28.415+0530] {example_python_decorator.py:80} WARNING - The virtalenv_python example task requires virtualenv, please install it.
[2026-04-07T04:41:28.418+0530] {processor.py:925} INFO - DAG(s) 'example_python_decorator' retrieved from /home/ubantu/miniconda3/envs/airflow-env/lib/python3.11/site-packages/airflow/example_dags/example_python_decorator.py
[2026-04-07T04:41:28.443+0530] {logging_mixin.py:190} INFO - [2026-04-07T04:41:28.442+0530] {dag.py:3239} INFO - Sync 1 DAGs
[2026-04-07T04:41:28.454+0530] {logging_mixin.py:190} INFO - [2026-04-07T04:41:28.454+0530] {dag.py:4180} INFO - Setting next_dagrun for example_python_decorator to None, run_after=None
[2026-04-07T04:41:28.473+0530] {processor.py:208} INFO - Processing /home/ubantu/miniconda3/envs/airflow-env/lib/python3.11/site-packages/airflow/example_dags/example_python_decorator.py took 0.079 seconds
[2026-04-07T04:41:35.586+0530] {processor.py:186} INFO - Started process (PID=8897) to work on /home/ubantu/miniconda3/envs/airflow-env/lib/python3.11/site-packages/airflow/example_dags/example_python_decorator.py
[2026-04-07T04:41:35.587+0530] {processor.py:914} INFO - Processing file /home/ubantu/miniconda3/envs/airflow-env/lib/python3.11/site-packages/airflow/example_dags/example_python_decorator.py for tasks to queue
[2026-04-07T04:41:35.588+0530] {logging_mixin.py:190} INFO - [2026-04-07T04:41:35.587+0530] {dagbag.py:588} INFO - Filling up the DagBag from /home/ubantu/miniconda3/envs/airflow-env/lib/python3.11/site-packages/airflow/example_dags/example_python_decorator.py
[2026-04-07T04:41:35.596+0530] {logging_mixin.py:190} INFO - [2026-04-07T04:41:35.596+0530] {example_python_decorator.py:80} WARNING - The virtalenv_python example task requires virtualenv, please install it.
[2026-04-07T04:41:35.598+0530] {processor.py:925} INFO - DAG(s) 'example_python_decorator' retrieved from /home/ubantu/miniconda3/envs/airflow-env/lib/python3.11/site-packages/airflow/example_dags/example_python_decorator.py
[2026-04-07T04:41:35.613+0530] {logging_mixin.py:190} INFO - [2026-04-07T04:41:35.613+0530] {dag.py:3239} INFO - Sync 1 DAGs
[2026-04-07T04:41:35.624+0530] {logging_mixin.py:190} INFO - [2026-04-07T04:41:35.624+0530] {dag.py:4180} INFO - Setting next_dagrun for example_python_decorator to None, run_after=None
[2026-04-07T04:41:35.645+0530] {processor.py:208} INFO - Processing /home/ubantu/miniconda3/envs/airflow-env/lib/python3.11/site-packages/airflow/example_dags/example_python_decorator.py took 0.064 seconds
[2026-04-07T04:42:22.101+0530] {processor.py:186} INFO - Started process (PID=9019) to work on /home/ubantu/miniconda3/envs/airflow-env/lib/python3.11/site-packages/airflow/example_dags/example_python_decorator.py
[2026-04-07T04:42:22.102+0530] {processor.py:914} INFO - Processing file /home/ubantu/miniconda3/envs/airflow-env/lib/python3.11/site-packages/airflow/example_dags/example_python_decorator.py for tasks to queue
[2026-04-07T04:42:22.105+0530] {logging_mixin.py:190} INFO - [2026-04-07T04:42:22.104+0530] {dagbag.py:588} INFO - Filling up the DagBag from /home/ubantu/miniconda3/envs/airflow-env/lib/python3.11/site-packages/airflow/example_dags/example_python_decorator.py
[2026-04-07T04:42:22.114+0530] {logging_mixin.py:190} INFO - [2026-04-07T04:42:22.114+0530] {example_python_decorator.py:80} WARNING - The virtalenv_python example task requires virtualenv, please install it.
[2026-04-07T04:42:22.117+0530] {processor.py:925} INFO - DAG(s) 'example_python_decorator' retrieved from /home/ubantu/miniconda3/envs/airflow-env/lib/python3.11/site-packages/airflow/example_dags/example_python_decorator.py
[2026-04-07T04:42:22.140+0530] {logging_mixin.py:190} INFO - [2026-04-07T04:42:22.140+0530] {dag.py:3239} INFO - Sync 1 DAGs
[2026-04-07T04:42:22.152+0530] {logging_mixin.py:190} INFO - [2026-04-07T04:42:22.152+0530] {dag.py:4180} INFO - Setting next_dagrun for example_python_decorator to None, run_after=None
[2026-04-07T04:42:22.170+0530] {processor.py:208} INFO - Processing /home/ubantu/miniconda3/envs/airflow-env/lib/python3.11/site-packages/airflow/example_dags/example_python_decorator.py took 0.077 seconds
[2026-04-07T04:42:30.278+0530] {processor.py:186} INFO - Started process (PID=9037) to work on /home/ubantu/miniconda3/envs/airflow-env/lib/python3.11/site-packages/airflow/example_dags/example_python_decorator.py
[2026-04-07T04:42:30.279+0530] {processor.py:914} INFO - Processing file /home/ubantu/miniconda3/envs/airflow-env/lib/python3.11/site-packages/airflow/example_dags/example_python_decorator.py for tasks to queue
[2026-04-07T04:42:30.280+0530] {logging_mixin.py:190} INFO - [2026-04-07T04:42:30.280+0530] {dagbag.py:588} INFO - Filling up the DagBag from /home/ubantu/miniconda3/envs/airflow-env/lib/python3.11/site-packages/airflow/example_dags/example_python_decorator.py
[2026-04-07T04:42:30.288+0530] {logging_mixin.py:190} INFO - [2026-04-07T04:42:30.288+0530] {example_python_decorator.py:80} WARNING - The virtalenv_python example task requires virtualenv, please install it.
[2026-04-07T04:42:30.290+0530] {processor.py:925} INFO - DAG(s) 'example_python_decorator' retrieved from /home/ubantu/miniconda3/envs/airflow-env/lib/python3.11/site-packages/airflow/example_dags/example_python_decorator.py
[2026-04-07T04:42:30.309+0530] {logging_mixin.py:190} INFO - [2026-04-07T04:42:30.309+0530] {dag.py:3239} INFO - Sync 1 DAGs
[2026-04-07T04:42:30.320+0530] {logging_mixin.py:190} INFO - [2026-04-07T04:42:30.320+0530] {dag.py:4180} INFO - Setting next_dagrun for example_python_decorator to None, run_after=None
[2026-04-07T04:42:30.338+0530] {processor.py:208} INFO - Processing /home/ubantu/miniconda3/envs/airflow-env/lib/python3.11/site-packages/airflow/example_dags/example_python_decorator.py took 0.066 seconds
[2026-04-07T04:43:20.028+0530] {processor.py:186} INFO - Started process (PID=9163) to work on /home/ubantu/miniconda3/envs/airflow-env/lib/python3.11/site-packages/airflow/example_dags/example_python_decorator.py
[2026-04-07T04:43:20.029+0530] {processor.py:914} INFO - Processing file /home/ubantu/miniconda3/envs/airflow-env/lib/python3.11/site-packages/airflow/example_dags/example_python_decorator.py for tasks to queue
[2026-04-07T04:43:20.032+0530] {logging_mixin.py:190} INFO - [2026-04-07T04:43:20.031+0530] {dagbag.py:588} INFO - Filling up the DagBag from /home/ubantu/miniconda3/envs/airflow-env/lib/python3.11/site-packages/airflow/example_dags/example_python_decorator.py
[2026-04-07T04:43:20.042+0530] {logging_mixin.py:190} INFO - [2026-04-07T04:43:20.041+0530] {example_python_decorator.py:80} WARNING - The virtalenv_python example task requires virtualenv, please install it.
[2026-04-07T04:43:20.044+0530] {processor.py:925} INFO - DAG(s) 'example_python_decorator' retrieved from /home/ubantu/miniconda3/envs/airflow-env/lib/python3.11/site-packages/airflow/example_dags/example_python_decorator.py
[2026-04-07T04:43:20.064+0530] {logging_mixin.py:190} INFO - [2026-04-07T04:43:20.064+0530] {dag.py:3239} INFO - Sync 1 DAGs
[2026-04-07T04:43:20.075+0530] {logging_mixin.py:190} INFO - [2026-04-07T04:43:20.075+0530] {dag.py:4180} INFO - Setting next_dagrun for example_python_decorator to None, run_after=None
[2026-04-07T04:43:20.092+0530] {processor.py:208} INFO - Processing /home/ubantu/miniconda3/envs/airflow-env/lib/python3.11/site-packages/airflow/example_dags/example_python_decorator.py took 0.070 seconds
[2026-04-07T04:43:22.799+0530] {processor.py:186} INFO - Started process (PID=9169) to work on /home/ubantu/miniconda3/envs/airflow-env/lib/python3.11/site-packages/airflow/example_dags/example_python_decorator.py
[2026-04-07T04:43:22.800+0530] {processor.py:914} INFO - Processing file /home/ubantu/miniconda3/envs/airflow-env/lib/python3.11/site-packages/airflow/example_dags/example_python_decorator.py for tasks to queue
[2026-04-07T04:43:22.801+0530] {logging_mixin.py:190} INFO - [2026-04-07T04:43:22.801+0530] {dagbag.py:588} INFO - Filling up the DagBag from /home/ubantu/miniconda3/envs/airflow-env/lib/python3.11/site-packages/airflow/example_dags/example_python_decorator.py
[2026-04-07T04:43:22.811+0530] {logging_mixin.py:190} INFO - [2026-04-07T04:43:22.811+0530] {example_python_decorator.py:80} WARNING - The virtalenv_python example task requires virtualenv, please install it.
[2026-04-07T04:43:22.813+0530] {processor.py:925} INFO - DAG(s) 'example_python_decorator' retrieved from /home/ubantu/miniconda3/envs/airflow-env/lib/python3.11/site-packages/airflow/example_dags/example_python_decorator.py
[2026-04-07T04:43:22.830+0530] {logging_mixin.py:190} INFO - [2026-04-07T04:43:22.830+0530] {dag.py:3239} INFO - Sync 1 DAGs
[2026-04-07T04:43:22.842+0530] {logging_mixin.py:190} INFO - [2026-04-07T04:43:22.842+0530] {dag.py:4180} INFO - Setting next_dagrun for example_python_decorator to None, run_after=None
[2026-04-07T04:43:22.863+0530] {processor.py:208} INFO - Processing /home/ubantu/miniconda3/envs/airflow-env/lib/python3.11/site-packages/airflow/example_dags/example_python_decorator.py took 0.071 seconds
[2026-04-07T04:44:16.594+0530] {processor.py:186} INFO - Started process (PID=9306) to work on /home/ubantu/miniconda3/envs/airflow-env/lib/python3.11/site-packages/airflow/example_dags/example_python_decorator.py
[2026-04-07T04:44:16.595+0530] {processor.py:914} INFO - Processing file /home/ubantu/miniconda3/envs/airflow-env/lib/python3.11/site-packages/airflow/example_dags/example_python_decorator.py for tasks to queue
[2026-04-07T04:44:16.596+0530] {logging_mixin.py:190} INFO - [2026-04-07T04:44:16.596+0530] {dagbag.py:588} INFO - Filling up the DagBag from /home/ubantu/miniconda3/envs/airflow-env/lib/python3.11/site-packages/airflow/example_dags/example_python_decorator.py
[2026-04-07T04:44:16.607+0530] {logging_mixin.py:190} INFO - [2026-04-07T04:44:16.606+0530] {example_python_decorator.py:80} WARNING - The virtalenv_python example task requires virtualenv, please install it.
[2026-04-07T04:44:16.610+0530] {processor.py:925} INFO - DAG(s) 'example_python_decorator' retrieved from /home/ubantu/miniconda3/envs/airflow-env/lib/python3.11/site-packages/airflow/example_dags/example_python_decorator.py
[2026-04-07T04:44:16.626+0530] {logging_mixin.py:190} INFO - [2026-04-07T04:44:16.625+0530] {dag.py:3239} INFO - Sync 1 DAGs
[2026-04-07T04:44:16.636+0530] {logging_mixin.py:190} INFO - [2026-04-07T04:44:16.636+0530] {dag.py:4180} INFO - Setting next_dagrun for example_python_decorator to None, run_after=None
[2026-04-07T04:44:16.653+0530] {processor.py:208} INFO - Processing /home/ubantu/miniconda3/envs/airflow-env/lib/python3.11/site-packages/airflow/example_dags/example_python_decorator.py took 0.067 seconds
[2026-04-07T04:44:20.701+0530] {processor.py:186} INFO - Started process (PID=9315) to work on /home/ubantu/miniconda3/envs/airflow-env/lib/python3.11/site-packages/airflow/example_dags/example_python_decorator.py
[2026-04-07T04:44:20.702+0530] {processor.py:914} INFO - Processing file /home/ubantu/miniconda3/envs/airflow-env/lib/python3.11/site-packages/airflow/example_dags/example_python_decorator.py for tasks to queue
[2026-04-07T04:44:20.705+0530] {logging_mixin.py:190} INFO - [2026-04-07T04:44:20.704+0530] {dagbag.py:588} INFO - Filling up the DagBag from /home/ubantu/miniconda3/envs/airflow-env/lib/python3.11/site-packages/airflow/example_dags/example_python_decorator.py
[2026-04-07T04:44:20.725+0530] {logging_mixin.py:190} INFO - [2026-04-07T04:44:20.725+0530] {example_python_decorator.py:80} WARNING - The virtalenv_python example task requires virtualenv, please install it.
[2026-04-07T04:44:20.730+0530] {processor.py:925} INFO - DAG(s) 'example_python_decorator' retrieved from /home/ubantu/miniconda3/envs/airflow-env/lib/python3.11/site-packages/airflow/example_dags/example_python_decorator.py
[2026-04-07T04:44:20.757+0530] {logging_mixin.py:190} INFO - [2026-04-07T04:44:20.757+0530] {dag.py:3239} INFO - Sync 1 DAGs
[2026-04-07T04:44:20.770+0530] {logging_mixin.py:190} INFO - [2026-04-07T04:44:20.769+0530] {dag.py:4180} INFO - Setting next_dagrun for example_python_decorator to None, run_after=None
[2026-04-07T04:44:20.893+0530] {processor.py:208} INFO - Processing /home/ubantu/miniconda3/envs/airflow-env/lib/python3.11/site-packages/airflow/example_dags/example_python_decorator.py took 0.203 seconds
[2026-04-07T04:45:13.339+0530] {processor.py:186} INFO - Started process (PID=9434) to work on /home/ubantu/miniconda3/envs/airflow-env/lib/python3.11/site-packages/airflow/example_dags/example_python_decorator.py
[2026-04-07T04:45:13.340+0530] {processor.py:914} INFO - Processing file /home/ubantu/miniconda3/envs/airflow-env/lib/python3.11/site-packages/airflow/example_dags/example_python_decorator.py for tasks to queue
[2026-04-07T04:45:13.341+0530] {logging_mixin.py:190} INFO - [2026-04-07T04:45:13.341+0530] {dagbag.py:588} INFO - Filling up the DagBag from /home/ubantu/miniconda3/envs/airflow-env/lib/python3.11/site-packages/airflow/example_dags/example_python_decorator.py
[2026-04-07T04:45:13.351+0530] {logging_mixin.py:190} INFO - [2026-04-07T04:45:13.350+0530] {example_python_decorator.py:80} WARNING - The virtalenv_python example task requires virtualenv, please install it.
[2026-04-07T04:45:13.353+0530] {processor.py:925} INFO - DAG(s) 'example_python_decorator' retrieved from /home/ubantu/miniconda3/envs/airflow-env/lib/python3.11/site-packages/airflow/example_dags/example_python_decorator.py
[2026-04-07T04:45:13.370+0530] {logging_mixin.py:190} INFO - [2026-04-07T04:45:13.369+0530] {dag.py:3239} INFO - Sync 1 DAGs
[2026-04-07T04:45:13.382+0530] {logging_mixin.py:190} INFO - [2026-04-07T04:45:13.382+0530] {dag.py:4180} INFO - Setting next_dagrun for example_python_decorator to None, run_after=None
[2026-04-07T04:45:13.399+0530] {processor.py:208} INFO - Processing /home/ubantu/miniconda3/envs/airflow-env/lib/python3.11/site-packages/airflow/example_dags/example_python_decorator.py took 0.067 seconds
[2026-04-07T04:45:19.726+0530] {processor.py:186} INFO - Started process (PID=9447) to work on /home/ubantu/miniconda3/envs/airflow-env/lib/python3.11/site-packages/airflow/example_dags/example_python_decorator.py
[2026-04-07T04:45:19.726+0530] {processor.py:914} INFO - Processing file /home/ubantu/miniconda3/envs/airflow-env/lib/python3.11/site-packages/airflow/example_dags/example_python_decorator.py for tasks to queue
[2026-04-07T04:45:19.728+0530] {logging_mixin.py:190} INFO - [2026-04-07T04:45:19.728+0530] {dagbag.py:588} INFO - Filling up the DagBag from /home/ubantu/miniconda3/envs/airflow-env/lib/python3.11/site-packages/airflow/example_dags/example_python_decorator.py
[2026-04-07T04:45:19.738+0530] {logging_mixin.py:190} INFO - [2026-04-07T04:45:19.737+0530] {example_python_decorator.py:80} WARNING - The virtalenv_python example task requires virtualenv, please install it.
[2026-04-07T04:45:19.740+0530] {processor.py:925} INFO - DAG(s) 'example_python_decorator' retrieved from /home/ubantu/miniconda3/envs/airflow-env/lib/python3.11/site-packages/airflow/example_dags/example_python_decorator.py
[2026-04-07T04:45:19.756+0530] {logging_mixin.py:190} INFO - [2026-04-07T04:45:19.756+0530] {dag.py:3239} INFO - Sync 1 DAGs
[2026-04-07T04:45:19.768+0530] {logging_mixin.py:190} INFO - [2026-04-07T04:45:19.768+0530] {dag.py:4180} INFO - Setting next_dagrun for example_python_decorator to None, run_after=None
[2026-04-07T04:45:19.787+0530] {processor.py:208} INFO - Processing /home/ubantu/miniconda3/envs/airflow-env/lib/python3.11/site-packages/airflow/example_dags/example_python_decorator.py took 0.067 seconds
[2026-04-07T04:46:05.973+0530] {processor.py:186} INFO - Started process (PID=9552) to work on /home/ubantu/miniconda3/envs/airflow-env/lib/python3.11/site-packages/airflow/example_dags/example_python_decorator.py
[2026-04-07T04:46:05.974+0530] {processor.py:914} INFO - Processing file /home/ubantu/miniconda3/envs/airflow-env/lib/python3.11/site-packages/airflow/example_dags/example_python_decorator.py for tasks to queue
[2026-04-07T04:46:05.976+0530] {logging_mixin.py:190} INFO - [2026-04-07T04:46:05.975+0530] {dagbag.py:588} INFO - Filling up the DagBag from /home/ubantu/miniconda3/envs/airflow-env/lib/python3.11/site-packages/airflow/example_dags/example_python_decorator.py
[2026-04-07T04:46:05.986+0530] {logging_mixin.py:190} INFO - [2026-04-07T04:46:05.985+0530] {example_python_decorator.py:80} WARNING - The virtalenv_python example task requires virtualenv, please install it.
[2026-04-07T04:46:05.988+0530] {processor.py:925} INFO - DAG(s) 'example_python_decorator' retrieved from /home/ubantu/miniconda3/envs/airflow-env/lib/python3.11/site-packages/airflow/example_dags/example_python_decorator.py
[2026-04-07T04:46:06.005+0530] {logging_mixin.py:190} INFO - [2026-04-07T04:46:06.004+0530] {dag.py:3239} INFO - Sync 1 DAGs
[2026-04-07T04:46:06.016+0530] {logging_mixin.py:190} INFO - [2026-04-07T04:46:06.016+0530] {dag.py:4180} INFO - Setting next_dagrun for example_python_decorator to None, run_after=None
[2026-04-07T04:46:06.033+0530] {processor.py:208} INFO - Processing /home/ubantu/miniconda3/envs/airflow-env/lib/python3.11/site-packages/airflow/example_dags/example_python_decorator.py took 0.066 seconds
[2026-04-07T04:46:13.783+0530] {processor.py:186} INFO - Started process (PID=9569) to work on /home/ubantu/miniconda3/envs/airflow-env/lib/python3.11/site-packages/airflow/example_dags/example_python_decorator.py
[2026-04-07T04:46:13.784+0530] {processor.py:914} INFO - Processing file /home/ubantu/miniconda3/envs/airflow-env/lib/python3.11/site-packages/airflow/example_dags/example_python_decorator.py for tasks to queue
[2026-04-07T04:46:13.786+0530] {logging_mixin.py:190} INFO - [2026-04-07T04:46:13.785+0530] {dagbag.py:588} INFO - Filling up the DagBag from /home/ubantu/miniconda3/envs/airflow-env/lib/python3.11/site-packages/airflow/example_dags/example_python_decorator.py
[2026-04-07T04:46:13.796+0530] {logging_mixin.py:190} INFO - [2026-04-07T04:46:13.796+0530] {example_python_decorator.py:80} WARNING - The virtalenv_python example task requires virtualenv, please install it.
[2026-04-07T04:46:13.798+0530] {processor.py:925} INFO - DAG(s) 'example_python_decorator' retrieved from /home/ubantu/miniconda3/envs/airflow-env/lib/python3.11/site-packages/airflow/example_dags/example_python_decorator.py
[2026-04-07T04:46:13.816+0530] {logging_mixin.py:190} INFO - [2026-04-07T04:46:13.816+0530] {dag.py:3239} INFO - Sync 1 DAGs
[2026-04-07T04:46:13.828+0530] {logging_mixin.py:190} INFO - [2026-04-07T04:46:13.828+0530] {dag.py:4180} INFO - Setting next_dagrun for example_python_decorator to None, run_after=None
[2026-04-07T04:46:13.848+0530] {processor.py:208} INFO - Processing /home/ubantu/miniconda3/envs/airflow-env/lib/python3.11/site-packages/airflow/example_dags/example_python_decorator.py took 0.071 seconds
[2026-04-07T04:46:59.253+0530] {processor.py:186} INFO - Started process (PID=9664) to work on /home/ubantu/miniconda3/envs/airflow-env/lib/python3.11/site-packages/airflow/example_dags/example_python_decorator.py
[2026-04-07T04:46:59.254+0530] {processor.py:914} INFO - Processing file /home/ubantu/miniconda3/envs/airflow-env/lib/python3.11/site-packages/airflow/example_dags/example_python_decorator.py for tasks to queue
[2026-04-07T04:46:59.255+0530] {logging_mixin.py:190} INFO - [2026-04-07T04:46:59.255+0530] {dagbag.py:588} INFO - Filling up the DagBag from /home/ubantu/miniconda3/envs/airflow-env/lib/python3.11/site-packages/airflow/example_dags/example_python_decorator.py
[2026-04-07T04:46:59.264+0530] {logging_mixin.py:190} INFO - [2026-04-07T04:46:59.264+0530] {example_python_decorator.py:80} WARNING - The virtalenv_python example task requires virtualenv, please install it.
[2026-04-07T04:46:59.267+0530] {processor.py:925} INFO - DAG(s) 'example_python_decorator' retrieved from /home/ubantu/miniconda3/envs/airflow-env/lib/python3.11/site-packages/airflow/example_dags/example_python_decorator.py
[2026-04-07T04:46:59.282+0530] {logging_mixin.py:190} INFO - [2026-04-07T04:46:59.282+0530] {dag.py:3239} INFO - Sync 1 DAGs
[2026-04-07T04:46:59.294+0530] {logging_mixin.py:190} INFO - [2026-04-07T04:46:59.293+0530] {dag.py:4180} INFO - Setting next_dagrun for example_python_decorator to None, run_after=None
[2026-04-07T04:46:59.311+0530] {processor.py:208} INFO - Processing /home/ubantu/miniconda3/envs/airflow-env/lib/python3.11/site-packages/airflow/example_dags/example_python_decorator.py took 0.064 seconds
[2026-04-07T04:47:11.909+0530] {processor.py:186} INFO - Started process (PID=9695) to work on /home/ubantu/miniconda3/envs/airflow-env/lib/python3.11/site-packages/airflow/example_dags/example_python_decorator.py
[2026-04-07T04:47:11.910+0530] {processor.py:914} INFO - Processing file /home/ubantu/miniconda3/envs/airflow-env/lib/python3.11/site-packages/airflow/example_dags/example_python_decorator.py for tasks to queue
[2026-04-07T04:47:11.912+0530] {logging_mixin.py:190} INFO - [2026-04-07T04:47:11.912+0530] {dagbag.py:588} INFO - Filling up the DagBag from /home/ubantu/miniconda3/envs/airflow-env/lib/python3.11/site-packages/airflow/example_dags/example_python_decorator.py
[2026-04-07T04:47:11.922+0530] {logging_mixin.py:190} INFO - [2026-04-07T04:47:11.921+0530] {example_python_decorator.py:80} WARNING - The virtalenv_python example task requires virtualenv, please install it.
[2026-04-07T04:47:11.924+0530] {processor.py:925} INFO - DAG(s) 'example_python_decorator' retrieved from /home/ubantu/miniconda3/envs/airflow-env/lib/python3.11/site-packages/airflow/example_dags/example_python_decorator.py
[2026-04-07T04:47:11.941+0530] {logging_mixin.py:190} INFO - [2026-04-07T04:47:11.941+0530] {dag.py:3239} INFO - Sync 1 DAGs
[2026-04-07T04:47:11.953+0530] {logging_mixin.py:190} INFO - [2026-04-07T04:47:11.953+0530] {dag.py:4180} INFO - Setting next_dagrun for example_python_decorator to None, run_after=None
[2026-04-07T04:47:11.974+0530] {processor.py:208} INFO - Processing /home/ubantu/miniconda3/envs/airflow-env/lib/python3.11/site-packages/airflow/example_dags/example_python_decorator.py took 0.072 seconds
[2026-04-07T04:47:52.041+0530] {processor.py:186} INFO - Started process (PID=9796) to work on /home/ubantu/miniconda3/envs/airflow-env/lib/python3.11/site-packages/airflow/example_dags/example_python_decorator.py
[2026-04-07T04:47:52.042+0530] {processor.py:914} INFO - Processing file /home/ubantu/miniconda3/envs/airflow-env/lib/python3.11/site-packages/airflow/example_dags/example_python_decorator.py for tasks to queue
[2026-04-07T04:47:52.044+0530] {logging_mixin.py:190} INFO - [2026-04-07T04:47:52.043+0530] {dagbag.py:588} INFO - Filling up the DagBag from /home/ubantu/miniconda3/envs/airflow-env/lib/python3.11/site-packages/airflow/example_dags/example_python_decorator.py
[2026-04-07T04:47:52.055+0530] {logging_mixin.py:190} INFO - [2026-04-07T04:47:52.055+0530] {example_python_decorator.py:80} WARNING - The virtalenv_python example task requires virtualenv, please install it.
[2026-04-07T04:47:52.058+0530] {processor.py:925} INFO - DAG(s) 'example_python_decorator' retrieved from /home/ubantu/miniconda3/envs/airflow-env/lib/python3.11/site-packages/airflow/example_dags/example_python_decorator.py
[2026-04-07T04:47:52.077+0530] {logging_mixin.py:190} INFO - [2026-04-07T04:47:52.077+0530] {dag.py:3239} INFO - Sync 1 DAGs
[2026-04-07T04:47:52.089+0530] {logging_mixin.py:190} INFO - [2026-04-07T04:47:52.088+0530] {dag.py:4180} INFO - Setting next_dagrun for example_python_decorator to None, run_after=None
[2026-04-07T04:47:52.107+0530] {processor.py:208} INFO - Processing /home/ubantu/miniconda3/envs/airflow-env/lib/python3.11/site-packages/airflow/example_dags/example_python_decorator.py took 0.073 seconds
[2026-04-07T04:48:10.143+0530] {processor.py:186} INFO - Started process (PID=9842) to work on /home/ubantu/miniconda3/envs/airflow-env/lib/python3.11/site-packages/airflow/example_dags/example_python_decorator.py
[2026-04-07T04:48:10.144+0530] {processor.py:914} INFO - Processing file /home/ubantu/miniconda3/envs/airflow-env/lib/python3.11/site-packages/airflow/example_dags/example_python_decorator.py for tasks to queue
[2026-04-07T04:48:10.146+0530] {logging_mixin.py:190} INFO - [2026-04-07T04:48:10.146+0530] {dagbag.py:588} INFO - Filling up the DagBag from /home/ubantu/miniconda3/envs/airflow-env/lib/python3.11/site-packages/airflow/example_dags/example_python_decorator.py
[2026-04-07T04:48:10.158+0530] {logging_mixin.py:190} INFO - [2026-04-07T04:48:10.157+0530] {example_python_decorator.py:80} WARNING - The virtalenv_python example task requires virtualenv, please install it.
[2026-04-07T04:48:10.160+0530] {processor.py:925} INFO - DAG(s) 'example_python_decorator' retrieved from /home/ubantu/miniconda3/envs/airflow-env/lib/python3.11/site-packages/airflow/example_dags/example_python_decorator.py
[2026-04-07T04:48:10.179+0530] {logging_mixin.py:190} INFO - [2026-04-07T04:48:10.178+0530] {dag.py:3239} INFO - Sync 1 DAGs
[2026-04-07T04:48:10.192+0530] {logging_mixin.py:190} INFO - [2026-04-07T04:48:10.192+0530] {dag.py:4180} INFO - Setting next_dagrun for example_python_decorator to None, run_after=None
[2026-04-07T04:48:10.212+0530] {processor.py:208} INFO - Processing /home/ubantu/miniconda3/envs/airflow-env/lib/python3.11/site-packages/airflow/example_dags/example_python_decorator.py took 0.077 seconds
[2026-04-07T05:10:08.572+0530] {processor.py:186} INFO - Started process (PID=10987) to work on /home/ubantu/miniconda3/envs/airflow-env/lib/python3.11/site-packages/airflow/example_dags/example_python_decorator.py
[2026-04-07T05:10:08.574+0530] {processor.py:914} INFO - Processing file /home/ubantu/miniconda3/envs/airflow-env/lib/python3.11/site-packages/airflow/example_dags/example_python_decorator.py for tasks to queue
[2026-04-07T05:10:08.577+0530] {logging_mixin.py:190} INFO - [2026-04-07T05:10:08.576+0530] {dagbag.py:588} INFO - Filling up the DagBag from /home/ubantu/miniconda3/envs/airflow-env/lib/python3.11/site-packages/airflow/example_dags/example_python_decorator.py
[2026-04-07T05:10:08.589+0530] {logging_mixin.py:190} INFO - [2026-04-07T05:10:08.589+0530] {example_python_decorator.py:80} WARNING - The virtalenv_python example task requires virtualenv, please install it.
[2026-04-07T05:10:08.593+0530] {processor.py:925} INFO - DAG(s) 'example_python_decorator' retrieved from /home/ubantu/miniconda3/envs/airflow-env/lib/python3.11/site-packages/airflow/example_dags/example_python_decorator.py
[2026-04-07T05:10:08.684+0530] {logging_mixin.py:190} INFO - [2026-04-07T05:10:08.684+0530] {dag.py:3239} INFO - Sync 1 DAGs
[2026-04-07T05:10:08.693+0530] {logging_mixin.py:190} INFO - [2026-04-07T05:10:08.693+0530] {dag.py:4180} INFO - Setting next_dagrun for example_python_decorator to None, run_after=None
[2026-04-07T05:10:08.712+0530] {processor.py:208} INFO - Processing /home/ubantu/miniconda3/envs/airflow-env/lib/python3.11/site-packages/airflow/example_dags/example_python_decorator.py took 0.147 seconds
[2026-04-07T05:11:39.660+0530] {processor.py:186} INFO - Started process (PID=11132) to work on /home/ubantu/miniconda3/envs/airflow-env/lib/python3.11/site-packages/airflow/example_dags/example_python_decorator.py
[2026-04-07T05:11:39.661+0530] {processor.py:914} INFO - Processing file /home/ubantu/miniconda3/envs/airflow-env/lib/python3.11/site-packages/airflow/example_dags/example_python_decorator.py for tasks to queue
[2026-04-07T05:11:39.663+0530] {logging_mixin.py:190} INFO - [2026-04-07T05:11:39.663+0530] {dagbag.py:588} INFO - Filling up the DagBag from /home/ubantu/miniconda3/envs/airflow-env/lib/python3.11/site-packages/airflow/example_dags/example_python_decorator.py
[2026-04-07T05:11:39.675+0530] {logging_mixin.py:190} INFO - [2026-04-07T05:11:39.674+0530] {example_python_decorator.py:80} WARNING - The virtalenv_python example task requires virtualenv, please install it.
[2026-04-07T05:11:39.678+0530] {processor.py:925} INFO - DAG(s) 'example_python_decorator' retrieved from /home/ubantu/miniconda3/envs/airflow-env/lib/python3.11/site-packages/airflow/example_dags/example_python_decorator.py
[2026-04-07T05:11:39.702+0530] {logging_mixin.py:190} INFO - [2026-04-07T05:11:39.702+0530] {dag.py:3239} INFO - Sync 1 DAGs
[2026-04-07T05:11:39.715+0530] {logging_mixin.py:190} INFO - [2026-04-07T05:11:39.715+0530] {dag.py:4180} INFO - Setting next_dagrun for example_python_decorator to None, run_after=None
[2026-04-07T05:11:39.733+0530] {processor.py:208} INFO - Processing /home/ubantu/miniconda3/envs/airflow-env/lib/python3.11/site-packages/airflow/example_dags/example_python_decorator.py took 0.081 seconds
[2026-04-07T05:12:38.271+0530] {processor.py:186} INFO - Started process (PID=11214) to work on /home/ubantu/miniconda3/envs/airflow-env/lib/python3.11/site-packages/airflow/example_dags/example_python_decorator.py
[2026-04-07T05:12:38.271+0530] {processor.py:914} INFO - Processing file /home/ubantu/miniconda3/envs/airflow-env/lib/python3.11/site-packages/airflow/example_dags/example_python_decorator.py for tasks to queue
[2026-04-07T05:12:38.273+0530] {logging_mixin.py:190} INFO - [2026-04-07T05:12:38.273+0530] {dagbag.py:588} INFO - Filling up the DagBag from /home/ubantu/miniconda3/envs/airflow-env/lib/python3.11/site-packages/airflow/example_dags/example_python_decorator.py
[2026-04-07T05:12:38.281+0530] {logging_mixin.py:190} INFO - [2026-04-07T05:12:38.281+0530] {example_python_decorator.py:80} WARNING - The virtalenv_python example task requires virtualenv, please install it.
[2026-04-07T05:12:38.283+0530] {processor.py:925} INFO - DAG(s) 'example_python_decorator' retrieved from /home/ubantu/miniconda3/envs/airflow-env/lib/python3.11/site-packages/airflow/example_dags/example_python_decorator.py
[2026-04-07T05:12:38.299+0530] {logging_mixin.py:190} INFO - [2026-04-07T05:12:38.299+0530] {dag.py:3239} INFO - Sync 1 DAGs
[2026-04-07T05:12:38.310+0530] {logging_mixin.py:190} INFO - [2026-04-07T05:12:38.310+0530] {dag.py:4180} INFO - Setting next_dagrun for example_python_decorator to None, run_after=None
[2026-04-07T05:12:38.330+0530] {processor.py:208} INFO - Processing /home/ubantu/miniconda3/envs/airflow-env/lib/python3.11/site-packages/airflow/example_dags/example_python_decorator.py took 0.065 seconds
[2026-04-07T05:13:42.219+0530] {processor.py:186} INFO - Started process (PID=11307) to work on /home/ubantu/miniconda3/envs/airflow-env/lib/python3.11/site-packages/airflow/example_dags/example_python_decorator.py
[2026-04-07T05:13:42.220+0530] {processor.py:914} INFO - Processing file /home/ubantu/miniconda3/envs/airflow-env/lib/python3.11/site-packages/airflow/example_dags/example_python_decorator.py for tasks to queue
[2026-04-07T05:13:42.222+0530] {logging_mixin.py:190} INFO - [2026-04-07T05:13:42.222+0530] {dagbag.py:588} INFO - Filling up the DagBag from /home/ubantu/miniconda3/envs/airflow-env/lib/python3.11/site-packages/airflow/example_dags/example_python_decorator.py
[2026-04-07T05:13:42.232+0530] {logging_mixin.py:190} INFO - [2026-04-07T05:13:42.231+0530] {example_python_decorator.py:80} WARNING - The virtalenv_python example task requires virtualenv, please install it.
[2026-04-07T05:13:42.234+0530] {processor.py:925} INFO - DAG(s) 'example_python_decorator' retrieved from /home/ubantu/miniconda3/envs/airflow-env/lib/python3.11/site-packages/airflow/example_dags/example_python_decorator.py
[2026-04-07T05:13:42.250+0530] {logging_mixin.py:190} INFO - [2026-04-07T05:13:42.250+0530] {dag.py:3239} INFO - Sync 1 DAGs
[2026-04-07T05:13:42.356+0530] {logging_mixin.py:190} INFO - [2026-04-07T05:13:42.356+0530] {dag.py:4180} INFO - Setting next_dagrun for example_python_decorator to None, run_after=None
[2026-04-07T05:13:42.374+0530] {processor.py:208} INFO - Processing /home/ubantu/miniconda3/envs/airflow-env/lib/python3.11/site-packages/airflow/example_dags/example_python_decorator.py took 0.161 seconds
[2026-04-07T05:17:49.202+0530] {processor.py:186} INFO - Started process (PID=11591) to work on /home/ubantu/miniconda3/envs/airflow-env/lib/python3.11/site-packages/airflow/example_dags/example_python_decorator.py
[2026-04-07T05:17:49.203+0530] {processor.py:914} INFO - Processing file /home/ubantu/miniconda3/envs/airflow-env/lib/python3.11/site-packages/airflow/example_dags/example_python_decorator.py for tasks to queue
[2026-04-07T05:17:49.205+0530] {logging_mixin.py:190} INFO - [2026-04-07T05:17:49.204+0530] {dagbag.py:588} INFO - Filling up the DagBag from /home/ubantu/miniconda3/envs/airflow-env/lib/python3.11/site-packages/airflow/example_dags/example_python_decorator.py
[2026-04-07T05:17:49.213+0530] {logging_mixin.py:190} INFO - [2026-04-07T05:17:49.213+0530] {example_python_decorator.py:80} WARNING - The virtalenv_python example task requires virtualenv, please install it.
[2026-04-07T05:17:49.215+0530] {processor.py:925} INFO - DAG(s) 'example_python_decorator' retrieved from /home/ubantu/miniconda3/envs/airflow-env/lib/python3.11/site-packages/airflow/example_dags/example_python_decorator.py
[2026-04-07T05:17:49.232+0530] {logging_mixin.py:190} INFO - [2026-04-07T05:17:49.232+0530] {dag.py:3239} INFO - Sync 1 DAGs
[2026-04-07T05:17:49.243+0530] {logging_mixin.py:190} INFO - [2026-04-07T05:17:49.243+0530] {dag.py:4180} INFO - Setting next_dagrun for example_python_decorator to None, run_after=None
[2026-04-07T05:17:49.261+0530] {processor.py:208} INFO - Processing /home/ubantu/miniconda3/envs/airflow-env/lib/python3.11/site-packages/airflow/example_dags/example_python_decorator.py took 0.064 seconds
