[2026-04-07T04:08:17.439+0530] {processor.py:186} INFO - Started process (PID=5885) to work on /home/ubantu/miniconda3/envs/airflow-env/lib/python3.11/site-packages/airflow/example_dags/example_branch_day_of_week_operator.py
[2026-04-07T04:08:17.440+0530] {processor.py:914} INFO - Processing file /home/ubantu/miniconda3/envs/airflow-env/lib/python3.11/site-packages/airflow/example_dags/example_branch_day_of_week_operator.py for tasks to queue
[2026-04-07T04:08:17.442+0530] {logging_mixin.py:190} INFO - [2026-04-07T04:08:17.442+0530] {dagbag.py:588} INFO - Filling up the DagBag from /home/ubantu/miniconda3/envs/airflow-env/lib/python3.11/site-packages/airflow/example_dags/example_branch_day_of_week_operator.py
[2026-04-07T04:08:17.456+0530] {processor.py:925} INFO - DAG(s) 'example_weekday_branch_operator' retrieved from /home/ubantu/miniconda3/envs/airflow-env/lib/python3.11/site-packages/airflow/example_dags/example_branch_day_of_week_operator.py
[2026-04-07T04:08:17.541+0530] {logging_mixin.py:190} INFO - [2026-04-07T04:08:17.541+0530] {override.py:1911} INFO - Created Permission View: can delete on DAG:example_weekday_branch_operator
[2026-04-07T04:08:17.551+0530] {logging_mixin.py:190} INFO - [2026-04-07T04:08:17.551+0530] {override.py:1911} INFO - Created Permission View: can edit on DAG:example_weekday_branch_operator
[2026-04-07T04:08:17.558+0530] {logging_mixin.py:190} INFO - [2026-04-07T04:08:17.558+0530] {override.py:1911} INFO - Created Permission View: can read on DAG:example_weekday_branch_operator
[2026-04-07T04:08:17.568+0530] {logging_mixin.py:190} INFO - [2026-04-07T04:08:17.568+0530] {override.py:1911} INFO - Created Permission View: can create on DAG Run:example_weekday_branch_operator
[2026-04-07T04:08:17.574+0530] {logging_mixin.py:190} INFO - [2026-04-07T04:08:17.574+0530] {override.py:1911} INFO - Created Permission View: can delete on DAG Run:example_weekday_branch_operator
[2026-04-07T04:08:17.581+0530] {logging_mixin.py:190} INFO - [2026-04-07T04:08:17.581+0530] {override.py:1911} INFO - Created Permission View: menu access on DAG Run:example_weekday_branch_operator
[2026-04-07T04:08:17.588+0530] {logging_mixin.py:190} INFO - [2026-04-07T04:08:17.588+0530] {override.py:1911} INFO - Created Permission View: can read on DAG Run:example_weekday_branch_operator
[2026-04-07T04:08:17.589+0530] {logging_mixin.py:190} INFO - [2026-04-07T04:08:17.589+0530] {dag.py:3239} INFO - Sync 1 DAGs
[2026-04-07T04:08:17.715+0530] {logging_mixin.py:190} INFO - [2026-04-07T04:08:17.714+0530] {dag.py:3262} INFO - Creating ORM DAG for example_weekday_branch_operator
[2026-04-07T04:08:17.724+0530] {logging_mixin.py:190} INFO - [2026-04-07T04:08:17.723+0530] {dag.py:4180} INFO - Setting next_dagrun for example_weekday_branch_operator to 2026-04-05 00:00:00+00:00, run_after=2026-04-06 00:00:00+00:00
[2026-04-07T04:08:17.739+0530] {processor.py:208} INFO - Processing /home/ubantu/miniconda3/envs/airflow-env/lib/python3.11/site-packages/airflow/example_dags/example_branch_day_of_week_operator.py took 0.309 seconds
[2026-04-07T04:09:18.443+0530] {processor.py:186} INFO - Started process (PID=6024) to work on /home/ubantu/miniconda3/envs/airflow-env/lib/python3.11/site-packages/airflow/example_dags/example_branch_day_of_week_operator.py
[2026-04-07T04:09:18.444+0530] {processor.py:914} INFO - Processing file /home/ubantu/miniconda3/envs/airflow-env/lib/python3.11/site-packages/airflow/example_dags/example_branch_day_of_week_operator.py for tasks to queue
[2026-04-07T04:09:18.445+0530] {logging_mixin.py:190} INFO - [2026-04-07T04:09:18.445+0530] {dagbag.py:588} INFO - Filling up the DagBag from /home/ubantu/miniconda3/envs/airflow-env/lib/python3.11/site-packages/airflow/example_dags/example_branch_day_of_week_operator.py
[2026-04-07T04:09:18.455+0530] {processor.py:925} INFO - DAG(s) 'example_weekday_branch_operator' retrieved from /home/ubantu/miniconda3/envs/airflow-env/lib/python3.11/site-packages/airflow/example_dags/example_branch_day_of_week_operator.py
[2026-04-07T04:09:18.472+0530] {logging_mixin.py:190} INFO - [2026-04-07T04:09:18.471+0530] {dag.py:3239} INFO - Sync 1 DAGs
[2026-04-07T04:09:18.497+0530] {logging_mixin.py:190} INFO - [2026-04-07T04:09:18.497+0530] {dag.py:4180} INFO - Setting next_dagrun for example_weekday_branch_operator to 2026-04-05 00:00:00+00:00, run_after=2026-04-06 00:00:00+00:00
[2026-04-07T04:09:18.517+0530] {processor.py:208} INFO - Processing /home/ubantu/miniconda3/envs/airflow-env/lib/python3.11/site-packages/airflow/example_dags/example_branch_day_of_week_operator.py took 0.079 seconds
[2026-04-07T04:10:18.248+0530] {processor.py:186} INFO - Started process (PID=6189) to work on /home/ubantu/miniconda3/envs/airflow-env/lib/python3.11/site-packages/airflow/example_dags/example_branch_day_of_week_operator.py
[2026-04-07T04:10:18.248+0530] {processor.py:914} INFO - Processing file /home/ubantu/miniconda3/envs/airflow-env/lib/python3.11/site-packages/airflow/example_dags/example_branch_day_of_week_operator.py for tasks to queue
[2026-04-07T04:10:18.251+0530] {logging_mixin.py:190} INFO - [2026-04-07T04:10:18.250+0530] {dagbag.py:588} INFO - Filling up the DagBag from /home/ubantu/miniconda3/envs/airflow-env/lib/python3.11/site-packages/airflow/example_dags/example_branch_day_of_week_operator.py
[2026-04-07T04:10:18.261+0530] {processor.py:925} INFO - DAG(s) 'example_weekday_branch_operator' retrieved from /home/ubantu/miniconda3/envs/airflow-env/lib/python3.11/site-packages/airflow/example_dags/example_branch_day_of_week_operator.py
[2026-04-07T04:10:18.276+0530] {logging_mixin.py:190} INFO - [2026-04-07T04:10:18.276+0530] {dag.py:3239} INFO - Sync 1 DAGs
[2026-04-07T04:10:18.295+0530] {logging_mixin.py:190} INFO - [2026-04-07T04:10:18.295+0530] {dag.py:4180} INFO - Setting next_dagrun for example_weekday_branch_operator to 2026-04-05 00:00:00+00:00, run_after=2026-04-06 00:00:00+00:00
[2026-04-07T04:10:18.312+0530] {processor.py:208} INFO - Processing /home/ubantu/miniconda3/envs/airflow-env/lib/python3.11/site-packages/airflow/example_dags/example_branch_day_of_week_operator.py took 0.070 seconds
[2026-04-07T04:11:32.743+0530] {processor.py:186} INFO - Started process (PID=6277) to work on /home/ubantu/miniconda3/envs/airflow-env/lib/python3.11/site-packages/airflow/example_dags/example_branch_day_of_week_operator.py
[2026-04-07T04:11:32.745+0530] {processor.py:914} INFO - Processing file /home/ubantu/miniconda3/envs/airflow-env/lib/python3.11/site-packages/airflow/example_dags/example_branch_day_of_week_operator.py for tasks to queue
[2026-04-07T04:11:32.747+0530] {logging_mixin.py:190} INFO - [2026-04-07T04:11:32.747+0530] {dagbag.py:588} INFO - Filling up the DagBag from /home/ubantu/miniconda3/envs/airflow-env/lib/python3.11/site-packages/airflow/example_dags/example_branch_day_of_week_operator.py
[2026-04-07T04:11:32.758+0530] {processor.py:925} INFO - DAG(s) 'example_weekday_branch_operator' retrieved from /home/ubantu/miniconda3/envs/airflow-env/lib/python3.11/site-packages/airflow/example_dags/example_branch_day_of_week_operator.py
[2026-04-07T04:11:32.774+0530] {logging_mixin.py:190} INFO - [2026-04-07T04:11:32.774+0530] {dag.py:3239} INFO - Sync 1 DAGs
[2026-04-07T04:11:32.795+0530] {logging_mixin.py:190} INFO - [2026-04-07T04:11:32.795+0530] {dag.py:4180} INFO - Setting next_dagrun for example_weekday_branch_operator to 2026-04-05 00:00:00+00:00, run_after=2026-04-06 00:00:00+00:00
[2026-04-07T04:11:32.814+0530] {processor.py:208} INFO - Processing /home/ubantu/miniconda3/envs/airflow-env/lib/python3.11/site-packages/airflow/example_dags/example_branch_day_of_week_operator.py took 0.077 seconds
[2026-04-07T04:12:51.862+0530] {processor.py:186} INFO - Started process (PID=6372) to work on /home/ubantu/miniconda3/envs/airflow-env/lib/python3.11/site-packages/airflow/example_dags/example_branch_day_of_week_operator.py
[2026-04-07T04:12:51.863+0530] {processor.py:914} INFO - Processing file /home/ubantu/miniconda3/envs/airflow-env/lib/python3.11/site-packages/airflow/example_dags/example_branch_day_of_week_operator.py for tasks to queue
[2026-04-07T04:12:51.865+0530] {logging_mixin.py:190} INFO - [2026-04-07T04:12:51.865+0530] {dagbag.py:588} INFO - Filling up the DagBag from /home/ubantu/miniconda3/envs/airflow-env/lib/python3.11/site-packages/airflow/example_dags/example_branch_day_of_week_operator.py
[2026-04-07T04:12:51.877+0530] {processor.py:925} INFO - DAG(s) 'example_weekday_branch_operator' retrieved from /home/ubantu/miniconda3/envs/airflow-env/lib/python3.11/site-packages/airflow/example_dags/example_branch_day_of_week_operator.py
[2026-04-07T04:12:51.893+0530] {logging_mixin.py:190} INFO - [2026-04-07T04:12:51.893+0530] {dag.py:3239} INFO - Sync 1 DAGs
[2026-04-07T04:12:51.915+0530] {logging_mixin.py:190} INFO - [2026-04-07T04:12:51.915+0530] {dag.py:4180} INFO - Setting next_dagrun for example_weekday_branch_operator to 2026-04-05 00:00:00+00:00, run_after=2026-04-06 00:00:00+00:00
[2026-04-07T04:12:51.932+0530] {processor.py:208} INFO - Processing /home/ubantu/miniconda3/envs/airflow-env/lib/python3.11/site-packages/airflow/example_dags/example_branch_day_of_week_operator.py took 0.077 seconds
[2026-04-07T04:14:13.446+0530] {processor.py:186} INFO - Started process (PID=6472) to work on /home/ubantu/miniconda3/envs/airflow-env/lib/python3.11/site-packages/airflow/example_dags/example_branch_day_of_week_operator.py
[2026-04-07T04:14:13.447+0530] {processor.py:914} INFO - Processing file /home/ubantu/miniconda3/envs/airflow-env/lib/python3.11/site-packages/airflow/example_dags/example_branch_day_of_week_operator.py for tasks to queue
[2026-04-07T04:14:13.450+0530] {logging_mixin.py:190} INFO - [2026-04-07T04:14:13.450+0530] {dagbag.py:588} INFO - Filling up the DagBag from /home/ubantu/miniconda3/envs/airflow-env/lib/python3.11/site-packages/airflow/example_dags/example_branch_day_of_week_operator.py
[2026-04-07T04:14:13.460+0530] {processor.py:925} INFO - DAG(s) 'example_weekday_branch_operator' retrieved from /home/ubantu/miniconda3/envs/airflow-env/lib/python3.11/site-packages/airflow/example_dags/example_branch_day_of_week_operator.py
[2026-04-07T04:14:13.477+0530] {logging_mixin.py:190} INFO - [2026-04-07T04:14:13.477+0530] {dag.py:3239} INFO - Sync 1 DAGs
[2026-04-07T04:14:13.495+0530] {logging_mixin.py:190} INFO - [2026-04-07T04:14:13.495+0530] {dag.py:4180} INFO - Setting next_dagrun for example_weekday_branch_operator to 2026-04-05 00:00:00+00:00, run_after=2026-04-06 00:00:00+00:00
[2026-04-07T04:14:13.512+0530] {processor.py:208} INFO - Processing /home/ubantu/miniconda3/envs/airflow-env/lib/python3.11/site-packages/airflow/example_dags/example_branch_day_of_week_operator.py took 0.073 seconds
[2026-04-07T04:15:31.776+0530] {processor.py:186} INFO - Started process (PID=6563) to work on /home/ubantu/miniconda3/envs/airflow-env/lib/python3.11/site-packages/airflow/example_dags/example_branch_day_of_week_operator.py
[2026-04-07T04:15:31.777+0530] {processor.py:914} INFO - Processing file /home/ubantu/miniconda3/envs/airflow-env/lib/python3.11/site-packages/airflow/example_dags/example_branch_day_of_week_operator.py for tasks to queue
[2026-04-07T04:15:31.779+0530] {logging_mixin.py:190} INFO - [2026-04-07T04:15:31.779+0530] {dagbag.py:588} INFO - Filling up the DagBag from /home/ubantu/miniconda3/envs/airflow-env/lib/python3.11/site-packages/airflow/example_dags/example_branch_day_of_week_operator.py
[2026-04-07T04:15:31.790+0530] {processor.py:925} INFO - DAG(s) 'example_weekday_branch_operator' retrieved from /home/ubantu/miniconda3/envs/airflow-env/lib/python3.11/site-packages/airflow/example_dags/example_branch_day_of_week_operator.py
[2026-04-07T04:15:31.805+0530] {logging_mixin.py:190} INFO - [2026-04-07T04:15:31.805+0530] {dag.py:3239} INFO - Sync 1 DAGs
[2026-04-07T04:15:31.823+0530] {logging_mixin.py:190} INFO - [2026-04-07T04:15:31.822+0530] {dag.py:4180} INFO - Setting next_dagrun for example_weekday_branch_operator to 2026-04-05 00:00:00+00:00, run_after=2026-04-06 00:00:00+00:00
[2026-04-07T04:15:31.840+0530] {processor.py:208} INFO - Processing /home/ubantu/miniconda3/envs/airflow-env/lib/python3.11/site-packages/airflow/example_dags/example_branch_day_of_week_operator.py took 0.069 seconds
[2026-04-07T04:16:47.151+0530] {processor.py:186} INFO - Started process (PID=6650) to work on /home/ubantu/miniconda3/envs/airflow-env/lib/python3.11/site-packages/airflow/example_dags/example_branch_day_of_week_operator.py
[2026-04-07T04:16:47.152+0530] {processor.py:914} INFO - Processing file /home/ubantu/miniconda3/envs/airflow-env/lib/python3.11/site-packages/airflow/example_dags/example_branch_day_of_week_operator.py for tasks to queue
[2026-04-07T04:16:47.155+0530] {logging_mixin.py:190} INFO - [2026-04-07T04:16:47.154+0530] {dagbag.py:588} INFO - Filling up the DagBag from /home/ubantu/miniconda3/envs/airflow-env/lib/python3.11/site-packages/airflow/example_dags/example_branch_day_of_week_operator.py
[2026-04-07T04:16:47.166+0530] {processor.py:925} INFO - DAG(s) 'example_weekday_branch_operator' retrieved from /home/ubantu/miniconda3/envs/airflow-env/lib/python3.11/site-packages/airflow/example_dags/example_branch_day_of_week_operator.py
[2026-04-07T04:16:47.182+0530] {logging_mixin.py:190} INFO - [2026-04-07T04:16:47.182+0530] {dag.py:3239} INFO - Sync 1 DAGs
[2026-04-07T04:16:47.203+0530] {logging_mixin.py:190} INFO - [2026-04-07T04:16:47.203+0530] {dag.py:4180} INFO - Setting next_dagrun for example_weekday_branch_operator to 2026-04-05 00:00:00+00:00, run_after=2026-04-06 00:00:00+00:00
[2026-04-07T04:16:47.223+0530] {processor.py:208} INFO - Processing /home/ubantu/miniconda3/envs/airflow-env/lib/python3.11/site-packages/airflow/example_dags/example_branch_day_of_week_operator.py took 0.079 seconds
[2026-04-07T04:18:01.246+0530] {processor.py:186} INFO - Started process (PID=6741) to work on /home/ubantu/miniconda3/envs/airflow-env/lib/python3.11/site-packages/airflow/example_dags/example_branch_day_of_week_operator.py
[2026-04-07T04:18:01.247+0530] {processor.py:914} INFO - Processing file /home/ubantu/miniconda3/envs/airflow-env/lib/python3.11/site-packages/airflow/example_dags/example_branch_day_of_week_operator.py for tasks to queue
[2026-04-07T04:18:01.249+0530] {logging_mixin.py:190} INFO - [2026-04-07T04:18:01.249+0530] {dagbag.py:588} INFO - Filling up the DagBag from /home/ubantu/miniconda3/envs/airflow-env/lib/python3.11/site-packages/airflow/example_dags/example_branch_day_of_week_operator.py
[2026-04-07T04:18:01.260+0530] {processor.py:925} INFO - DAG(s) 'example_weekday_branch_operator' retrieved from /home/ubantu/miniconda3/envs/airflow-env/lib/python3.11/site-packages/airflow/example_dags/example_branch_day_of_week_operator.py
[2026-04-07T04:18:01.276+0530] {logging_mixin.py:190} INFO - [2026-04-07T04:18:01.275+0530] {dag.py:3239} INFO - Sync 1 DAGs
[2026-04-07T04:18:01.294+0530] {logging_mixin.py:190} INFO - [2026-04-07T04:18:01.294+0530] {dag.py:4180} INFO - Setting next_dagrun for example_weekday_branch_operator to 2026-04-05 00:00:00+00:00, run_after=2026-04-06 00:00:00+00:00
[2026-04-07T04:18:01.312+0530] {processor.py:208} INFO - Processing /home/ubantu/miniconda3/envs/airflow-env/lib/python3.11/site-packages/airflow/example_dags/example_branch_day_of_week_operator.py took 0.072 seconds
[2026-04-07T04:19:19.967+0530] {processor.py:186} INFO - Started process (PID=6880) to work on /home/ubantu/miniconda3/envs/airflow-env/lib/python3.11/site-packages/airflow/example_dags/example_branch_day_of_week_operator.py
[2026-04-07T04:19:19.969+0530] {processor.py:914} INFO - Processing file /home/ubantu/miniconda3/envs/airflow-env/lib/python3.11/site-packages/airflow/example_dags/example_branch_day_of_week_operator.py for tasks to queue
[2026-04-07T04:19:19.971+0530] {logging_mixin.py:190} INFO - [2026-04-07T04:19:19.970+0530] {dagbag.py:588} INFO - Filling up the DagBag from /home/ubantu/miniconda3/envs/airflow-env/lib/python3.11/site-packages/airflow/example_dags/example_branch_day_of_week_operator.py
[2026-04-07T04:19:19.982+0530] {processor.py:925} INFO - DAG(s) 'example_weekday_branch_operator' retrieved from /home/ubantu/miniconda3/envs/airflow-env/lib/python3.11/site-packages/airflow/example_dags/example_branch_day_of_week_operator.py
[2026-04-07T04:19:19.999+0530] {logging_mixin.py:190} INFO - [2026-04-07T04:19:19.998+0530] {dag.py:3239} INFO - Sync 1 DAGs
[2026-04-07T04:19:20.019+0530] {logging_mixin.py:190} INFO - [2026-04-07T04:19:20.019+0530] {dag.py:4180} INFO - Setting next_dagrun for example_weekday_branch_operator to 2026-04-05 00:00:00+00:00, run_after=2026-04-06 00:00:00+00:00
[2026-04-07T04:19:20.038+0530] {processor.py:208} INFO - Processing /home/ubantu/miniconda3/envs/airflow-env/lib/python3.11/site-packages/airflow/example_dags/example_branch_day_of_week_operator.py took 0.078 seconds
[2026-04-07T04:20:36.603+0530] {processor.py:186} INFO - Started process (PID=6967) to work on /home/ubantu/miniconda3/envs/airflow-env/lib/python3.11/site-packages/airflow/example_dags/example_branch_day_of_week_operator.py
[2026-04-07T04:20:36.604+0530] {processor.py:914} INFO - Processing file /home/ubantu/miniconda3/envs/airflow-env/lib/python3.11/site-packages/airflow/example_dags/example_branch_day_of_week_operator.py for tasks to queue
[2026-04-07T04:20:36.606+0530] {logging_mixin.py:190} INFO - [2026-04-07T04:20:36.606+0530] {dagbag.py:588} INFO - Filling up the DagBag from /home/ubantu/miniconda3/envs/airflow-env/lib/python3.11/site-packages/airflow/example_dags/example_branch_day_of_week_operator.py
[2026-04-07T04:20:36.617+0530] {processor.py:925} INFO - DAG(s) 'example_weekday_branch_operator' retrieved from /home/ubantu/miniconda3/envs/airflow-env/lib/python3.11/site-packages/airflow/example_dags/example_branch_day_of_week_operator.py
[2026-04-07T04:20:36.633+0530] {logging_mixin.py:190} INFO - [2026-04-07T04:20:36.633+0530] {dag.py:3239} INFO - Sync 1 DAGs
[2026-04-07T04:20:36.652+0530] {logging_mixin.py:190} INFO - [2026-04-07T04:20:36.652+0530] {dag.py:4180} INFO - Setting next_dagrun for example_weekday_branch_operator to 2026-04-05 00:00:00+00:00, run_after=2026-04-06 00:00:00+00:00
[2026-04-07T04:20:36.669+0530] {processor.py:208} INFO - Processing /home/ubantu/miniconda3/envs/airflow-env/lib/python3.11/site-packages/airflow/example_dags/example_branch_day_of_week_operator.py took 0.072 seconds
[2026-04-07T04:21:33.288+0530] {processor.py:186} INFO - Started process (PID=7032) to work on /home/ubantu/miniconda3/envs/airflow-env/lib/python3.11/site-packages/airflow/example_dags/example_branch_day_of_week_operator.py
[2026-04-07T04:21:33.290+0530] {processor.py:914} INFO - Processing file /home/ubantu/miniconda3/envs/airflow-env/lib/python3.11/site-packages/airflow/example_dags/example_branch_day_of_week_operator.py for tasks to queue
[2026-04-07T04:21:33.292+0530] {logging_mixin.py:190} INFO - [2026-04-07T04:21:33.291+0530] {dagbag.py:588} INFO - Filling up the DagBag from /home/ubantu/miniconda3/envs/airflow-env/lib/python3.11/site-packages/airflow/example_dags/example_branch_day_of_week_operator.py
[2026-04-07T04:21:33.303+0530] {processor.py:925} INFO - DAG(s) 'example_weekday_branch_operator' retrieved from /home/ubantu/miniconda3/envs/airflow-env/lib/python3.11/site-packages/airflow/example_dags/example_branch_day_of_week_operator.py
[2026-04-07T04:21:33.318+0530] {logging_mixin.py:190} INFO - [2026-04-07T04:21:33.318+0530] {dag.py:3239} INFO - Sync 1 DAGs
[2026-04-07T04:21:33.338+0530] {logging_mixin.py:190} INFO - [2026-04-07T04:21:33.338+0530] {dag.py:4180} INFO - Setting next_dagrun for example_weekday_branch_operator to 2026-04-05 00:00:00+00:00, run_after=2026-04-06 00:00:00+00:00
[2026-04-07T04:21:33.355+0530] {processor.py:208} INFO - Processing /home/ubantu/miniconda3/envs/airflow-env/lib/python3.11/site-packages/airflow/example_dags/example_branch_day_of_week_operator.py took 0.073 seconds
[2026-04-07T04:22:54.574+0530] {processor.py:186} INFO - Started process (PID=7141) to work on /home/ubantu/miniconda3/envs/airflow-env/lib/python3.11/site-packages/airflow/example_dags/example_branch_day_of_week_operator.py
[2026-04-07T04:22:54.575+0530] {processor.py:914} INFO - Processing file /home/ubantu/miniconda3/envs/airflow-env/lib/python3.11/site-packages/airflow/example_dags/example_branch_day_of_week_operator.py for tasks to queue
[2026-04-07T04:22:54.577+0530] {logging_mixin.py:190} INFO - [2026-04-07T04:22:54.577+0530] {dagbag.py:588} INFO - Filling up the DagBag from /home/ubantu/miniconda3/envs/airflow-env/lib/python3.11/site-packages/airflow/example_dags/example_branch_day_of_week_operator.py
[2026-04-07T04:22:54.587+0530] {processor.py:925} INFO - DAG(s) 'example_weekday_branch_operator' retrieved from /home/ubantu/miniconda3/envs/airflow-env/lib/python3.11/site-packages/airflow/example_dags/example_branch_day_of_week_operator.py
[2026-04-07T04:22:54.602+0530] {logging_mixin.py:190} INFO - [2026-04-07T04:22:54.602+0530] {dag.py:3239} INFO - Sync 1 DAGs
[2026-04-07T04:22:54.621+0530] {logging_mixin.py:190} INFO - [2026-04-07T04:22:54.621+0530] {dag.py:4180} INFO - Setting next_dagrun for example_weekday_branch_operator to 2026-04-05 00:00:00+00:00, run_after=2026-04-06 00:00:00+00:00
[2026-04-07T04:22:54.639+0530] {processor.py:208} INFO - Processing /home/ubantu/miniconda3/envs/airflow-env/lib/python3.11/site-packages/airflow/example_dags/example_branch_day_of_week_operator.py took 0.071 seconds
[2026-04-07T04:24:11.176+0530] {processor.py:186} INFO - Started process (PID=7277) to work on /home/ubantu/miniconda3/envs/airflow-env/lib/python3.11/site-packages/airflow/example_dags/example_branch_day_of_week_operator.py
[2026-04-07T04:24:11.178+0530] {processor.py:914} INFO - Processing file /home/ubantu/miniconda3/envs/airflow-env/lib/python3.11/site-packages/airflow/example_dags/example_branch_day_of_week_operator.py for tasks to queue
[2026-04-07T04:24:11.180+0530] {logging_mixin.py:190} INFO - [2026-04-07T04:24:11.180+0530] {dagbag.py:588} INFO - Filling up the DagBag from /home/ubantu/miniconda3/envs/airflow-env/lib/python3.11/site-packages/airflow/example_dags/example_branch_day_of_week_operator.py
[2026-04-07T04:24:11.195+0530] {processor.py:925} INFO - DAG(s) 'example_weekday_branch_operator' retrieved from /home/ubantu/miniconda3/envs/airflow-env/lib/python3.11/site-packages/airflow/example_dags/example_branch_day_of_week_operator.py
[2026-04-07T04:24:11.217+0530] {logging_mixin.py:190} INFO - [2026-04-07T04:24:11.216+0530] {dag.py:3239} INFO - Sync 1 DAGs
[2026-04-07T04:24:11.237+0530] {logging_mixin.py:190} INFO - [2026-04-07T04:24:11.237+0530] {dag.py:4180} INFO - Setting next_dagrun for example_weekday_branch_operator to 2026-04-05 00:00:00+00:00, run_after=2026-04-06 00:00:00+00:00
[2026-04-07T04:24:11.255+0530] {processor.py:208} INFO - Processing /home/ubantu/miniconda3/envs/airflow-env/lib/python3.11/site-packages/airflow/example_dags/example_branch_day_of_week_operator.py took 0.086 seconds
[2026-04-07T04:25:31.047+0530] {processor.py:186} INFO - Started process (PID=7423) to work on /home/ubantu/miniconda3/envs/airflow-env/lib/python3.11/site-packages/airflow/example_dags/example_branch_day_of_week_operator.py
[2026-04-07T04:25:31.048+0530] {processor.py:914} INFO - Processing file /home/ubantu/miniconda3/envs/airflow-env/lib/python3.11/site-packages/airflow/example_dags/example_branch_day_of_week_operator.py for tasks to queue
[2026-04-07T04:25:31.050+0530] {logging_mixin.py:190} INFO - [2026-04-07T04:25:31.050+0530] {dagbag.py:588} INFO - Filling up the DagBag from /home/ubantu/miniconda3/envs/airflow-env/lib/python3.11/site-packages/airflow/example_dags/example_branch_day_of_week_operator.py
[2026-04-07T04:25:31.062+0530] {processor.py:925} INFO - DAG(s) 'example_weekday_branch_operator' retrieved from /home/ubantu/miniconda3/envs/airflow-env/lib/python3.11/site-packages/airflow/example_dags/example_branch_day_of_week_operator.py
[2026-04-07T04:25:31.079+0530] {logging_mixin.py:190} INFO - [2026-04-07T04:25:31.079+0530] {dag.py:3239} INFO - Sync 1 DAGs
[2026-04-07T04:25:31.097+0530] {logging_mixin.py:190} INFO - [2026-04-07T04:25:31.097+0530] {dag.py:4180} INFO - Setting next_dagrun for example_weekday_branch_operator to 2026-04-05 00:00:00+00:00, run_after=2026-04-06 00:00:00+00:00
[2026-04-07T04:25:31.114+0530] {processor.py:208} INFO - Processing /home/ubantu/miniconda3/envs/airflow-env/lib/python3.11/site-packages/airflow/example_dags/example_branch_day_of_week_operator.py took 0.074 seconds
[2026-04-07T04:26:55.227+0530] {processor.py:186} INFO - Started process (PID=7523) to work on /home/ubantu/miniconda3/envs/airflow-env/lib/python3.11/site-packages/airflow/example_dags/example_branch_day_of_week_operator.py
[2026-04-07T04:26:55.228+0530] {processor.py:914} INFO - Processing file /home/ubantu/miniconda3/envs/airflow-env/lib/python3.11/site-packages/airflow/example_dags/example_branch_day_of_week_operator.py for tasks to queue
[2026-04-07T04:26:55.230+0530] {logging_mixin.py:190} INFO - [2026-04-07T04:26:55.230+0530] {dagbag.py:588} INFO - Filling up the DagBag from /home/ubantu/miniconda3/envs/airflow-env/lib/python3.11/site-packages/airflow/example_dags/example_branch_day_of_week_operator.py
[2026-04-07T04:26:55.241+0530] {processor.py:925} INFO - DAG(s) 'example_weekday_branch_operator' retrieved from /home/ubantu/miniconda3/envs/airflow-env/lib/python3.11/site-packages/airflow/example_dags/example_branch_day_of_week_operator.py
[2026-04-07T04:26:55.257+0530] {logging_mixin.py:190} INFO - [2026-04-07T04:26:55.257+0530] {dag.py:3239} INFO - Sync 1 DAGs
[2026-04-07T04:26:55.275+0530] {logging_mixin.py:190} INFO - [2026-04-07T04:26:55.275+0530] {dag.py:4180} INFO - Setting next_dagrun for example_weekday_branch_operator to 2026-04-05 00:00:00+00:00, run_after=2026-04-06 00:00:00+00:00
[2026-04-07T04:26:55.292+0530] {processor.py:208} INFO - Processing /home/ubantu/miniconda3/envs/airflow-env/lib/python3.11/site-packages/airflow/example_dags/example_branch_day_of_week_operator.py took 0.072 seconds
[2026-04-07T04:28:13.537+0530] {processor.py:186} INFO - Started process (PID=7620) to work on /home/ubantu/miniconda3/envs/airflow-env/lib/python3.11/site-packages/airflow/example_dags/example_branch_day_of_week_operator.py
[2026-04-07T04:28:13.539+0530] {processor.py:914} INFO - Processing file /home/ubantu/miniconda3/envs/airflow-env/lib/python3.11/site-packages/airflow/example_dags/example_branch_day_of_week_operator.py for tasks to queue
[2026-04-07T04:28:13.543+0530] {logging_mixin.py:190} INFO - [2026-04-07T04:28:13.542+0530] {dagbag.py:588} INFO - Filling up the DagBag from /home/ubantu/miniconda3/envs/airflow-env/lib/python3.11/site-packages/airflow/example_dags/example_branch_day_of_week_operator.py
[2026-04-07T04:28:13.559+0530] {processor.py:925} INFO - DAG(s) 'example_weekday_branch_operator' retrieved from /home/ubantu/miniconda3/envs/airflow-env/lib/python3.11/site-packages/airflow/example_dags/example_branch_day_of_week_operator.py
[2026-04-07T04:28:13.576+0530] {logging_mixin.py:190} INFO - [2026-04-07T04:28:13.576+0530] {dag.py:3239} INFO - Sync 1 DAGs
[2026-04-07T04:28:13.595+0530] {logging_mixin.py:190} INFO - [2026-04-07T04:28:13.595+0530] {dag.py:4180} INFO - Setting next_dagrun for example_weekday_branch_operator to 2026-04-05 00:00:00+00:00, run_after=2026-04-06 00:00:00+00:00
[2026-04-07T04:28:13.613+0530] {processor.py:208} INFO - Processing /home/ubantu/miniconda3/envs/airflow-env/lib/python3.11/site-packages/airflow/example_dags/example_branch_day_of_week_operator.py took 0.090 seconds
[2026-04-07T04:29:33.069+0530] {processor.py:186} INFO - Started process (PID=7723) to work on /home/ubantu/miniconda3/envs/airflow-env/lib/python3.11/site-packages/airflow/example_dags/example_branch_day_of_week_operator.py
[2026-04-07T04:29:33.070+0530] {processor.py:914} INFO - Processing file /home/ubantu/miniconda3/envs/airflow-env/lib/python3.11/site-packages/airflow/example_dags/example_branch_day_of_week_operator.py for tasks to queue
[2026-04-07T04:29:33.073+0530] {logging_mixin.py:190} INFO - [2026-04-07T04:29:33.072+0530] {dagbag.py:588} INFO - Filling up the DagBag from /home/ubantu/miniconda3/envs/airflow-env/lib/python3.11/site-packages/airflow/example_dags/example_branch_day_of_week_operator.py
[2026-04-07T04:29:33.086+0530] {processor.py:925} INFO - DAG(s) 'example_weekday_branch_operator' retrieved from /home/ubantu/miniconda3/envs/airflow-env/lib/python3.11/site-packages/airflow/example_dags/example_branch_day_of_week_operator.py
[2026-04-07T04:29:33.105+0530] {logging_mixin.py:190} INFO - [2026-04-07T04:29:33.105+0530] {dag.py:3239} INFO - Sync 1 DAGs
[2026-04-07T04:29:33.125+0530] {logging_mixin.py:190} INFO - [2026-04-07T04:29:33.125+0530] {dag.py:4180} INFO - Setting next_dagrun for example_weekday_branch_operator to 2026-04-05 00:00:00+00:00, run_after=2026-04-06 00:00:00+00:00
[2026-04-07T04:29:33.169+0530] {processor.py:208} INFO - Processing /home/ubantu/miniconda3/envs/airflow-env/lib/python3.11/site-packages/airflow/example_dags/example_branch_day_of_week_operator.py took 0.106 seconds
[2026-04-07T04:30:31.437+0530] {processor.py:186} INFO - Started process (PID=7788) to work on /home/ubantu/miniconda3/envs/airflow-env/lib/python3.11/site-packages/airflow/example_dags/example_branch_day_of_week_operator.py
[2026-04-07T04:30:31.439+0530] {processor.py:914} INFO - Processing file /home/ubantu/miniconda3/envs/airflow-env/lib/python3.11/site-packages/airflow/example_dags/example_branch_day_of_week_operator.py for tasks to queue
[2026-04-07T04:30:31.442+0530] {logging_mixin.py:190} INFO - [2026-04-07T04:30:31.441+0530] {dagbag.py:588} INFO - Filling up the DagBag from /home/ubantu/miniconda3/envs/airflow-env/lib/python3.11/site-packages/airflow/example_dags/example_branch_day_of_week_operator.py
[2026-04-07T04:30:31.454+0530] {processor.py:925} INFO - DAG(s) 'example_weekday_branch_operator' retrieved from /home/ubantu/miniconda3/envs/airflow-env/lib/python3.11/site-packages/airflow/example_dags/example_branch_day_of_week_operator.py
[2026-04-07T04:30:31.472+0530] {logging_mixin.py:190} INFO - [2026-04-07T04:30:31.472+0530] {dag.py:3239} INFO - Sync 1 DAGs
[2026-04-07T04:30:31.490+0530] {logging_mixin.py:190} INFO - [2026-04-07T04:30:31.490+0530] {dag.py:4180} INFO - Setting next_dagrun for example_weekday_branch_operator to 2026-04-05 00:00:00+00:00, run_after=2026-04-06 00:00:00+00:00
[2026-04-07T04:30:31.538+0530] {processor.py:208} INFO - Processing /home/ubantu/miniconda3/envs/airflow-env/lib/python3.11/site-packages/airflow/example_dags/example_branch_day_of_week_operator.py took 0.108 seconds
[2026-04-07T04:31:30.657+0530] {processor.py:186} INFO - Started process (PID=7855) to work on /home/ubantu/miniconda3/envs/airflow-env/lib/python3.11/site-packages/airflow/example_dags/example_branch_day_of_week_operator.py
[2026-04-07T04:31:30.659+0530] {processor.py:914} INFO - Processing file /home/ubantu/miniconda3/envs/airflow-env/lib/python3.11/site-packages/airflow/example_dags/example_branch_day_of_week_operator.py for tasks to queue
[2026-04-07T04:31:30.661+0530] {logging_mixin.py:190} INFO - [2026-04-07T04:31:30.661+0530] {dagbag.py:588} INFO - Filling up the DagBag from /home/ubantu/miniconda3/envs/airflow-env/lib/python3.11/site-packages/airflow/example_dags/example_branch_day_of_week_operator.py
[2026-04-07T04:31:30.670+0530] {processor.py:925} INFO - DAG(s) 'example_weekday_branch_operator' retrieved from /home/ubantu/miniconda3/envs/airflow-env/lib/python3.11/site-packages/airflow/example_dags/example_branch_day_of_week_operator.py
[2026-04-07T04:31:30.684+0530] {logging_mixin.py:190} INFO - [2026-04-07T04:31:30.683+0530] {dag.py:3239} INFO - Sync 1 DAGs
[2026-04-07T04:31:30.702+0530] {logging_mixin.py:190} INFO - [2026-04-07T04:31:30.701+0530] {dag.py:4180} INFO - Setting next_dagrun for example_weekday_branch_operator to 2026-04-05 00:00:00+00:00, run_after=2026-04-06 00:00:00+00:00
[2026-04-07T04:31:30.739+0530] {processor.py:208} INFO - Processing /home/ubantu/miniconda3/envs/airflow-env/lib/python3.11/site-packages/airflow/example_dags/example_branch_day_of_week_operator.py took 0.088 seconds
[2026-04-07T04:32:28.325+0530] {processor.py:186} INFO - Started process (PID=7925) to work on /home/ubantu/miniconda3/envs/airflow-env/lib/python3.11/site-packages/airflow/example_dags/example_branch_day_of_week_operator.py
[2026-04-07T04:32:28.326+0530] {processor.py:914} INFO - Processing file /home/ubantu/miniconda3/envs/airflow-env/lib/python3.11/site-packages/airflow/example_dags/example_branch_day_of_week_operator.py for tasks to queue
[2026-04-07T04:32:28.329+0530] {logging_mixin.py:190} INFO - [2026-04-07T04:32:28.328+0530] {dagbag.py:588} INFO - Filling up the DagBag from /home/ubantu/miniconda3/envs/airflow-env/lib/python3.11/site-packages/airflow/example_dags/example_branch_day_of_week_operator.py
[2026-04-07T04:32:28.341+0530] {processor.py:925} INFO - DAG(s) 'example_weekday_branch_operator' retrieved from /home/ubantu/miniconda3/envs/airflow-env/lib/python3.11/site-packages/airflow/example_dags/example_branch_day_of_week_operator.py
[2026-04-07T04:32:28.357+0530] {logging_mixin.py:190} INFO - [2026-04-07T04:32:28.356+0530] {dag.py:3239} INFO - Sync 1 DAGs
[2026-04-07T04:32:28.375+0530] {logging_mixin.py:190} INFO - [2026-04-07T04:32:28.375+0530] {dag.py:4180} INFO - Setting next_dagrun for example_weekday_branch_operator to 2026-04-05 00:00:00+00:00, run_after=2026-04-06 00:00:00+00:00
[2026-04-07T04:32:28.393+0530] {processor.py:208} INFO - Processing /home/ubantu/miniconda3/envs/airflow-env/lib/python3.11/site-packages/airflow/example_dags/example_branch_day_of_week_operator.py took 0.076 seconds
[2026-04-07T04:33:49.663+0530] {processor.py:186} INFO - Started process (PID=8145) to work on /home/ubantu/miniconda3/envs/airflow-env/lib/python3.11/site-packages/airflow/example_dags/example_branch_day_of_week_operator.py
[2026-04-07T04:33:49.664+0530] {processor.py:914} INFO - Processing file /home/ubantu/miniconda3/envs/airflow-env/lib/python3.11/site-packages/airflow/example_dags/example_branch_day_of_week_operator.py for tasks to queue
[2026-04-07T04:33:49.667+0530] {logging_mixin.py:190} INFO - [2026-04-07T04:33:49.667+0530] {dagbag.py:588} INFO - Filling up the DagBag from /home/ubantu/miniconda3/envs/airflow-env/lib/python3.11/site-packages/airflow/example_dags/example_branch_day_of_week_operator.py
[2026-04-07T04:33:49.679+0530] {processor.py:925} INFO - DAG(s) 'example_weekday_branch_operator' retrieved from /home/ubantu/miniconda3/envs/airflow-env/lib/python3.11/site-packages/airflow/example_dags/example_branch_day_of_week_operator.py
[2026-04-07T04:33:49.695+0530] {logging_mixin.py:190} INFO - [2026-04-07T04:33:49.695+0530] {dag.py:3239} INFO - Sync 1 DAGs
[2026-04-07T04:33:49.714+0530] {logging_mixin.py:190} INFO - [2026-04-07T04:33:49.714+0530] {dag.py:4180} INFO - Setting next_dagrun for example_weekday_branch_operator to 2026-04-05 00:00:00+00:00, run_after=2026-04-06 00:00:00+00:00
[2026-04-07T04:33:49.733+0530] {processor.py:208} INFO - Processing /home/ubantu/miniconda3/envs/airflow-env/lib/python3.11/site-packages/airflow/example_dags/example_branch_day_of_week_operator.py took 0.076 seconds
[2026-04-07T04:34:45.971+0530] {processor.py:186} INFO - Started process (PID=8215) to work on /home/ubantu/miniconda3/envs/airflow-env/lib/python3.11/site-packages/airflow/example_dags/example_branch_day_of_week_operator.py
[2026-04-07T04:34:45.972+0530] {processor.py:914} INFO - Processing file /home/ubantu/miniconda3/envs/airflow-env/lib/python3.11/site-packages/airflow/example_dags/example_branch_day_of_week_operator.py for tasks to queue
[2026-04-07T04:34:45.975+0530] {logging_mixin.py:190} INFO - [2026-04-07T04:34:45.974+0530] {dagbag.py:588} INFO - Filling up the DagBag from /home/ubantu/miniconda3/envs/airflow-env/lib/python3.11/site-packages/airflow/example_dags/example_branch_day_of_week_operator.py
[2026-04-07T04:34:45.985+0530] {processor.py:925} INFO - DAG(s) 'example_weekday_branch_operator' retrieved from /home/ubantu/miniconda3/envs/airflow-env/lib/python3.11/site-packages/airflow/example_dags/example_branch_day_of_week_operator.py
[2026-04-07T04:34:46.005+0530] {logging_mixin.py:190} INFO - [2026-04-07T04:34:46.004+0530] {dag.py:3239} INFO - Sync 1 DAGs
[2026-04-07T04:34:46.024+0530] {logging_mixin.py:190} INFO - [2026-04-07T04:34:46.024+0530] {dag.py:4180} INFO - Setting next_dagrun for example_weekday_branch_operator to 2026-04-05 00:00:00+00:00, run_after=2026-04-06 00:00:00+00:00
[2026-04-07T04:34:46.042+0530] {processor.py:208} INFO - Processing /home/ubantu/miniconda3/envs/airflow-env/lib/python3.11/site-packages/airflow/example_dags/example_branch_day_of_week_operator.py took 0.077 seconds
[2026-04-07T04:36:05.129+0530] {processor.py:186} INFO - Started process (PID=8321) to work on /home/ubantu/miniconda3/envs/airflow-env/lib/python3.11/site-packages/airflow/example_dags/example_branch_day_of_week_operator.py
[2026-04-07T04:36:05.130+0530] {processor.py:914} INFO - Processing file /home/ubantu/miniconda3/envs/airflow-env/lib/python3.11/site-packages/airflow/example_dags/example_branch_day_of_week_operator.py for tasks to queue
[2026-04-07T04:36:05.133+0530] {logging_mixin.py:190} INFO - [2026-04-07T04:36:05.132+0530] {dagbag.py:588} INFO - Filling up the DagBag from /home/ubantu/miniconda3/envs/airflow-env/lib/python3.11/site-packages/airflow/example_dags/example_branch_day_of_week_operator.py
[2026-04-07T04:36:05.144+0530] {processor.py:925} INFO - DAG(s) 'example_weekday_branch_operator' retrieved from /home/ubantu/miniconda3/envs/airflow-env/lib/python3.11/site-packages/airflow/example_dags/example_branch_day_of_week_operator.py
[2026-04-07T04:36:05.164+0530] {logging_mixin.py:190} INFO - [2026-04-07T04:36:05.164+0530] {dag.py:3239} INFO - Sync 1 DAGs
[2026-04-07T04:36:05.187+0530] {logging_mixin.py:190} INFO - [2026-04-07T04:36:05.187+0530] {dag.py:4180} INFO - Setting next_dagrun for example_weekday_branch_operator to 2026-04-05 00:00:00+00:00, run_after=2026-04-06 00:00:00+00:00
[2026-04-07T04:36:05.206+0530] {processor.py:208} INFO - Processing /home/ubantu/miniconda3/envs/airflow-env/lib/python3.11/site-packages/airflow/example_dags/example_branch_day_of_week_operator.py took 0.085 seconds
[2026-04-07T04:37:25.977+0530] {processor.py:186} INFO - Started process (PID=8443) to work on /home/ubantu/miniconda3/envs/airflow-env/lib/python3.11/site-packages/airflow/example_dags/example_branch_day_of_week_operator.py
[2026-04-07T04:37:25.978+0530] {processor.py:914} INFO - Processing file /home/ubantu/miniconda3/envs/airflow-env/lib/python3.11/site-packages/airflow/example_dags/example_branch_day_of_week_operator.py for tasks to queue
[2026-04-07T04:37:25.980+0530] {logging_mixin.py:190} INFO - [2026-04-07T04:37:25.979+0530] {dagbag.py:588} INFO - Filling up the DagBag from /home/ubantu/miniconda3/envs/airflow-env/lib/python3.11/site-packages/airflow/example_dags/example_branch_day_of_week_operator.py
[2026-04-07T04:37:25.992+0530] {processor.py:925} INFO - DAG(s) 'example_weekday_branch_operator' retrieved from /home/ubantu/miniconda3/envs/airflow-env/lib/python3.11/site-packages/airflow/example_dags/example_branch_day_of_week_operator.py
[2026-04-07T04:37:26.009+0530] {logging_mixin.py:190} INFO - [2026-04-07T04:37:26.009+0530] {dag.py:3239} INFO - Sync 1 DAGs
[2026-04-07T04:37:26.027+0530] {logging_mixin.py:190} INFO - [2026-04-07T04:37:26.027+0530] {dag.py:4180} INFO - Setting next_dagrun for example_weekday_branch_operator to 2026-04-05 00:00:00+00:00, run_after=2026-04-06 00:00:00+00:00
[2026-04-07T04:37:26.045+0530] {processor.py:208} INFO - Processing /home/ubantu/miniconda3/envs/airflow-env/lib/python3.11/site-packages/airflow/example_dags/example_branch_day_of_week_operator.py took 0.075 seconds
[2026-04-07T04:38:28.212+0530] {processor.py:186} INFO - Started process (PID=8550) to work on /home/ubantu/miniconda3/envs/airflow-env/lib/python3.11/site-packages/airflow/example_dags/example_branch_day_of_week_operator.py
[2026-04-07T04:38:28.213+0530] {processor.py:914} INFO - Processing file /home/ubantu/miniconda3/envs/airflow-env/lib/python3.11/site-packages/airflow/example_dags/example_branch_day_of_week_operator.py for tasks to queue
[2026-04-07T04:38:28.214+0530] {logging_mixin.py:190} INFO - [2026-04-07T04:38:28.214+0530] {dagbag.py:588} INFO - Filling up the DagBag from /home/ubantu/miniconda3/envs/airflow-env/lib/python3.11/site-packages/airflow/example_dags/example_branch_day_of_week_operator.py
[2026-04-07T04:38:28.224+0530] {processor.py:925} INFO - DAG(s) 'example_weekday_branch_operator' retrieved from /home/ubantu/miniconda3/envs/airflow-env/lib/python3.11/site-packages/airflow/example_dags/example_branch_day_of_week_operator.py
[2026-04-07T04:38:28.240+0530] {logging_mixin.py:190} INFO - [2026-04-07T04:38:28.240+0530] {dag.py:3239} INFO - Sync 1 DAGs
[2026-04-07T04:38:28.259+0530] {logging_mixin.py:190} INFO - [2026-04-07T04:38:28.259+0530] {dag.py:4180} INFO - Setting next_dagrun for example_weekday_branch_operator to 2026-04-05 00:00:00+00:00, run_after=2026-04-06 00:00:00+00:00
[2026-04-07T04:38:28.276+0530] {processor.py:208} INFO - Processing /home/ubantu/miniconda3/envs/airflow-env/lib/python3.11/site-packages/airflow/example_dags/example_branch_day_of_week_operator.py took 0.070 seconds
[2026-04-07T04:39:28.807+0530] {processor.py:186} INFO - Started process (PID=8632) to work on /home/ubantu/miniconda3/envs/airflow-env/lib/python3.11/site-packages/airflow/example_dags/example_branch_day_of_week_operator.py
[2026-04-07T04:39:28.809+0530] {processor.py:914} INFO - Processing file /home/ubantu/miniconda3/envs/airflow-env/lib/python3.11/site-packages/airflow/example_dags/example_branch_day_of_week_operator.py for tasks to queue
[2026-04-07T04:39:28.810+0530] {logging_mixin.py:190} INFO - [2026-04-07T04:39:28.809+0530] {dagbag.py:588} INFO - Filling up the DagBag from /home/ubantu/miniconda3/envs/airflow-env/lib/python3.11/site-packages/airflow/example_dags/example_branch_day_of_week_operator.py
[2026-04-07T04:39:28.823+0530] {processor.py:925} INFO - DAG(s) 'example_weekday_branch_operator' retrieved from /home/ubantu/miniconda3/envs/airflow-env/lib/python3.11/site-packages/airflow/example_dags/example_branch_day_of_week_operator.py
[2026-04-07T04:39:28.844+0530] {logging_mixin.py:190} INFO - [2026-04-07T04:39:28.844+0530] {dag.py:3239} INFO - Sync 1 DAGs
[2026-04-07T04:39:28.864+0530] {logging_mixin.py:190} INFO - [2026-04-07T04:39:28.864+0530] {dag.py:4180} INFO - Setting next_dagrun for example_weekday_branch_operator to 2026-04-05 00:00:00+00:00, run_after=2026-04-06 00:00:00+00:00
[2026-04-07T04:39:28.881+0530] {processor.py:208} INFO - Processing /home/ubantu/miniconda3/envs/airflow-env/lib/python3.11/site-packages/airflow/example_dags/example_branch_day_of_week_operator.py took 0.080 seconds
[2026-04-07T04:40:27.294+0530] {processor.py:186} INFO - Started process (PID=8713) to work on /home/ubantu/miniconda3/envs/airflow-env/lib/python3.11/site-packages/airflow/example_dags/example_branch_day_of_week_operator.py
[2026-04-07T04:40:27.295+0530] {processor.py:914} INFO - Processing file /home/ubantu/miniconda3/envs/airflow-env/lib/python3.11/site-packages/airflow/example_dags/example_branch_day_of_week_operator.py for tasks to queue
[2026-04-07T04:40:27.296+0530] {logging_mixin.py:190} INFO - [2026-04-07T04:40:27.296+0530] {dagbag.py:588} INFO - Filling up the DagBag from /home/ubantu/miniconda3/envs/airflow-env/lib/python3.11/site-packages/airflow/example_dags/example_branch_day_of_week_operator.py
[2026-04-07T04:40:27.308+0530] {processor.py:925} INFO - DAG(s) 'example_weekday_branch_operator' retrieved from /home/ubantu/miniconda3/envs/airflow-env/lib/python3.11/site-packages/airflow/example_dags/example_branch_day_of_week_operator.py
[2026-04-07T04:40:27.326+0530] {logging_mixin.py:190} INFO - [2026-04-07T04:40:27.326+0530] {dag.py:3239} INFO - Sync 1 DAGs
[2026-04-07T04:40:27.347+0530] {logging_mixin.py:190} INFO - [2026-04-07T04:40:27.346+0530] {dag.py:4180} INFO - Setting next_dagrun for example_weekday_branch_operator to 2026-04-05 00:00:00+00:00, run_after=2026-04-06 00:00:00+00:00
[2026-04-07T04:40:27.366+0530] {processor.py:208} INFO - Processing /home/ubantu/miniconda3/envs/airflow-env/lib/python3.11/site-packages/airflow/example_dags/example_branch_day_of_week_operator.py took 0.079 seconds
[2026-04-07T04:41:52.215+0530] {processor.py:186} INFO - Started process (PID=8932) to work on /home/ubantu/miniconda3/envs/airflow-env/lib/python3.11/site-packages/airflow/example_dags/example_branch_day_of_week_operator.py
[2026-04-07T04:41:52.217+0530] {processor.py:914} INFO - Processing file /home/ubantu/miniconda3/envs/airflow-env/lib/python3.11/site-packages/airflow/example_dags/example_branch_day_of_week_operator.py for tasks to queue
[2026-04-07T04:41:52.218+0530] {logging_mixin.py:190} INFO - [2026-04-07T04:41:52.218+0530] {dagbag.py:588} INFO - Filling up the DagBag from /home/ubantu/miniconda3/envs/airflow-env/lib/python3.11/site-packages/airflow/example_dags/example_branch_day_of_week_operator.py
[2026-04-07T04:41:52.229+0530] {processor.py:925} INFO - DAG(s) 'example_weekday_branch_operator' retrieved from /home/ubantu/miniconda3/envs/airflow-env/lib/python3.11/site-packages/airflow/example_dags/example_branch_day_of_week_operator.py
[2026-04-07T04:41:52.244+0530] {logging_mixin.py:190} INFO - [2026-04-07T04:41:52.244+0530] {dag.py:3239} INFO - Sync 1 DAGs
[2026-04-07T04:41:52.264+0530] {logging_mixin.py:190} INFO - [2026-04-07T04:41:52.263+0530] {dag.py:4180} INFO - Setting next_dagrun for example_weekday_branch_operator to 2026-04-05 00:00:00+00:00, run_after=2026-04-06 00:00:00+00:00
[2026-04-07T04:41:52.282+0530] {processor.py:208} INFO - Processing /home/ubantu/miniconda3/envs/airflow-env/lib/python3.11/site-packages/airflow/example_dags/example_branch_day_of_week_operator.py took 0.075 seconds
[2026-04-07T04:42:46.774+0530] {processor.py:186} INFO - Started process (PID=9086) to work on /home/ubantu/miniconda3/envs/airflow-env/lib/python3.11/site-packages/airflow/example_dags/example_branch_day_of_week_operator.py
[2026-04-07T04:42:46.776+0530] {processor.py:914} INFO - Processing file /home/ubantu/miniconda3/envs/airflow-env/lib/python3.11/site-packages/airflow/example_dags/example_branch_day_of_week_operator.py for tasks to queue
[2026-04-07T04:42:46.779+0530] {logging_mixin.py:190} INFO - [2026-04-07T04:42:46.778+0530] {dagbag.py:588} INFO - Filling up the DagBag from /home/ubantu/miniconda3/envs/airflow-env/lib/python3.11/site-packages/airflow/example_dags/example_branch_day_of_week_operator.py
[2026-04-07T04:42:46.791+0530] {processor.py:925} INFO - DAG(s) 'example_weekday_branch_operator' retrieved from /home/ubantu/miniconda3/envs/airflow-env/lib/python3.11/site-packages/airflow/example_dags/example_branch_day_of_week_operator.py
[2026-04-07T04:42:46.804+0530] {logging_mixin.py:190} INFO - [2026-04-07T04:42:46.804+0530] {dag.py:3239} INFO - Sync 1 DAGs
[2026-04-07T04:42:46.823+0530] {logging_mixin.py:190} INFO - [2026-04-07T04:42:46.822+0530] {dag.py:4180} INFO - Setting next_dagrun for example_weekday_branch_operator to 2026-04-05 00:00:00+00:00, run_after=2026-04-06 00:00:00+00:00
[2026-04-07T04:42:46.840+0530] {processor.py:208} INFO - Processing /home/ubantu/miniconda3/envs/airflow-env/lib/python3.11/site-packages/airflow/example_dags/example_branch_day_of_week_operator.py took 0.073 seconds
[2026-04-07T04:43:11.258+0530] {processor.py:186} INFO - Started process (PID=9145) to work on /home/ubantu/miniconda3/envs/airflow-env/lib/python3.11/site-packages/airflow/example_dags/example_branch_day_of_week_operator.py
[2026-04-07T04:43:11.260+0530] {processor.py:914} INFO - Processing file /home/ubantu/miniconda3/envs/airflow-env/lib/python3.11/site-packages/airflow/example_dags/example_branch_day_of_week_operator.py for tasks to queue
[2026-04-07T04:43:11.261+0530] {logging_mixin.py:190} INFO - [2026-04-07T04:43:11.261+0530] {dagbag.py:588} INFO - Filling up the DagBag from /home/ubantu/miniconda3/envs/airflow-env/lib/python3.11/site-packages/airflow/example_dags/example_branch_day_of_week_operator.py
[2026-04-07T04:43:11.278+0530] {processor.py:925} INFO - DAG(s) 'example_weekday_branch_operator' retrieved from /home/ubantu/miniconda3/envs/airflow-env/lib/python3.11/site-packages/airflow/example_dags/example_branch_day_of_week_operator.py
[2026-04-07T04:43:11.303+0530] {logging_mixin.py:190} INFO - [2026-04-07T04:43:11.302+0530] {dag.py:3239} INFO - Sync 1 DAGs
[2026-04-07T04:43:11.333+0530] {logging_mixin.py:190} INFO - [2026-04-07T04:43:11.333+0530] {dag.py:4180} INFO - Setting next_dagrun for example_weekday_branch_operator to 2026-04-05 00:00:00+00:00, run_after=2026-04-06 00:00:00+00:00
[2026-04-07T04:43:11.360+0530] {processor.py:208} INFO - Processing /home/ubantu/miniconda3/envs/airflow-env/lib/python3.11/site-packages/airflow/example_dags/example_branch_day_of_week_operator.py took 0.111 seconds
[2026-04-07T04:43:43.612+0530] {processor.py:186} INFO - Started process (PID=9225) to work on /home/ubantu/miniconda3/envs/airflow-env/lib/python3.11/site-packages/airflow/example_dags/example_branch_day_of_week_operator.py
[2026-04-07T04:43:43.613+0530] {processor.py:914} INFO - Processing file /home/ubantu/miniconda3/envs/airflow-env/lib/python3.11/site-packages/airflow/example_dags/example_branch_day_of_week_operator.py for tasks to queue
[2026-04-07T04:43:43.616+0530] {logging_mixin.py:190} INFO - [2026-04-07T04:43:43.615+0530] {dagbag.py:588} INFO - Filling up the DagBag from /home/ubantu/miniconda3/envs/airflow-env/lib/python3.11/site-packages/airflow/example_dags/example_branch_day_of_week_operator.py
[2026-04-07T04:43:43.631+0530] {processor.py:925} INFO - DAG(s) 'example_weekday_branch_operator' retrieved from /home/ubantu/miniconda3/envs/airflow-env/lib/python3.11/site-packages/airflow/example_dags/example_branch_day_of_week_operator.py
[2026-04-07T04:43:43.652+0530] {logging_mixin.py:190} INFO - [2026-04-07T04:43:43.651+0530] {dag.py:3239} INFO - Sync 1 DAGs
[2026-04-07T04:43:43.674+0530] {logging_mixin.py:190} INFO - [2026-04-07T04:43:43.674+0530] {dag.py:4180} INFO - Setting next_dagrun for example_weekday_branch_operator to 2026-04-05 00:00:00+00:00, run_after=2026-04-06 00:00:00+00:00
[2026-04-07T04:43:43.692+0530] {processor.py:208} INFO - Processing /home/ubantu/miniconda3/envs/airflow-env/lib/python3.11/site-packages/airflow/example_dags/example_branch_day_of_week_operator.py took 0.089 seconds
[2026-04-07T04:44:34.956+0530] {processor.py:186} INFO - Started process (PID=9344) to work on /home/ubantu/miniconda3/envs/airflow-env/lib/python3.11/site-packages/airflow/example_dags/example_branch_day_of_week_operator.py
[2026-04-07T04:44:34.957+0530] {processor.py:914} INFO - Processing file /home/ubantu/miniconda3/envs/airflow-env/lib/python3.11/site-packages/airflow/example_dags/example_branch_day_of_week_operator.py for tasks to queue
[2026-04-07T04:44:34.958+0530] {logging_mixin.py:190} INFO - [2026-04-07T04:44:34.958+0530] {dagbag.py:588} INFO - Filling up the DagBag from /home/ubantu/miniconda3/envs/airflow-env/lib/python3.11/site-packages/airflow/example_dags/example_branch_day_of_week_operator.py
[2026-04-07T04:44:34.967+0530] {processor.py:925} INFO - DAG(s) 'example_weekday_branch_operator' retrieved from /home/ubantu/miniconda3/envs/airflow-env/lib/python3.11/site-packages/airflow/example_dags/example_branch_day_of_week_operator.py
[2026-04-07T04:44:34.982+0530] {logging_mixin.py:190} INFO - [2026-04-07T04:44:34.982+0530] {dag.py:3239} INFO - Sync 1 DAGs
[2026-04-07T04:44:35.001+0530] {logging_mixin.py:190} INFO - [2026-04-07T04:44:35.001+0530] {dag.py:4180} INFO - Setting next_dagrun for example_weekday_branch_operator to 2026-04-05 00:00:00+00:00, run_after=2026-04-06 00:00:00+00:00
[2026-04-07T04:44:35.018+0530] {processor.py:208} INFO - Processing /home/ubantu/miniconda3/envs/airflow-env/lib/python3.11/site-packages/airflow/example_dags/example_branch_day_of_week_operator.py took 0.069 seconds
[2026-04-07T04:44:45.599+0530] {processor.py:186} INFO - Started process (PID=9367) to work on /home/ubantu/miniconda3/envs/airflow-env/lib/python3.11/site-packages/airflow/example_dags/example_branch_day_of_week_operator.py
[2026-04-07T04:44:45.600+0530] {processor.py:914} INFO - Processing file /home/ubantu/miniconda3/envs/airflow-env/lib/python3.11/site-packages/airflow/example_dags/example_branch_day_of_week_operator.py for tasks to queue
[2026-04-07T04:44:45.602+0530] {logging_mixin.py:190} INFO - [2026-04-07T04:44:45.601+0530] {dagbag.py:588} INFO - Filling up the DagBag from /home/ubantu/miniconda3/envs/airflow-env/lib/python3.11/site-packages/airflow/example_dags/example_branch_day_of_week_operator.py
[2026-04-07T04:44:45.612+0530] {processor.py:925} INFO - DAG(s) 'example_weekday_branch_operator' retrieved from /home/ubantu/miniconda3/envs/airflow-env/lib/python3.11/site-packages/airflow/example_dags/example_branch_day_of_week_operator.py
[2026-04-07T04:44:45.722+0530] {logging_mixin.py:190} INFO - [2026-04-07T04:44:45.721+0530] {dag.py:3239} INFO - Sync 1 DAGs
[2026-04-07T04:44:45.737+0530] {logging_mixin.py:190} INFO - [2026-04-07T04:44:45.737+0530] {dag.py:4180} INFO - Setting next_dagrun for example_weekday_branch_operator to 2026-04-05 00:00:00+00:00, run_after=2026-04-06 00:00:00+00:00
[2026-04-07T04:44:45.754+0530] {processor.py:208} INFO - Processing /home/ubantu/miniconda3/envs/airflow-env/lib/python3.11/site-packages/airflow/example_dags/example_branch_day_of_week_operator.py took 0.160 seconds
[2026-04-07T04:45:30.605+0530] {processor.py:186} INFO - Started process (PID=9471) to work on /home/ubantu/miniconda3/envs/airflow-env/lib/python3.11/site-packages/airflow/example_dags/example_branch_day_of_week_operator.py
[2026-04-07T04:45:30.606+0530] {processor.py:914} INFO - Processing file /home/ubantu/miniconda3/envs/airflow-env/lib/python3.11/site-packages/airflow/example_dags/example_branch_day_of_week_operator.py for tasks to queue
[2026-04-07T04:45:30.607+0530] {logging_mixin.py:190} INFO - [2026-04-07T04:45:30.607+0530] {dagbag.py:588} INFO - Filling up the DagBag from /home/ubantu/miniconda3/envs/airflow-env/lib/python3.11/site-packages/airflow/example_dags/example_branch_day_of_week_operator.py
[2026-04-07T04:45:30.617+0530] {processor.py:925} INFO - DAG(s) 'example_weekday_branch_operator' retrieved from /home/ubantu/miniconda3/envs/airflow-env/lib/python3.11/site-packages/airflow/example_dags/example_branch_day_of_week_operator.py
[2026-04-07T04:45:30.632+0530] {logging_mixin.py:190} INFO - [2026-04-07T04:45:30.632+0530] {dag.py:3239} INFO - Sync 1 DAGs
[2026-04-07T04:45:30.651+0530] {logging_mixin.py:190} INFO - [2026-04-07T04:45:30.651+0530] {dag.py:4180} INFO - Setting next_dagrun for example_weekday_branch_operator to 2026-04-05 00:00:00+00:00, run_after=2026-04-06 00:00:00+00:00
[2026-04-07T04:45:30.670+0530] {processor.py:208} INFO - Processing /home/ubantu/miniconda3/envs/airflow-env/lib/python3.11/site-packages/airflow/example_dags/example_branch_day_of_week_operator.py took 0.071 seconds
[2026-04-07T04:45:42.328+0530] {processor.py:186} INFO - Started process (PID=9496) to work on /home/ubantu/miniconda3/envs/airflow-env/lib/python3.11/site-packages/airflow/example_dags/example_branch_day_of_week_operator.py
[2026-04-07T04:45:42.328+0530] {processor.py:914} INFO - Processing file /home/ubantu/miniconda3/envs/airflow-env/lib/python3.11/site-packages/airflow/example_dags/example_branch_day_of_week_operator.py for tasks to queue
[2026-04-07T04:45:42.330+0530] {logging_mixin.py:190} INFO - [2026-04-07T04:45:42.330+0530] {dagbag.py:588} INFO - Filling up the DagBag from /home/ubantu/miniconda3/envs/airflow-env/lib/python3.11/site-packages/airflow/example_dags/example_branch_day_of_week_operator.py
[2026-04-07T04:45:42.341+0530] {processor.py:925} INFO - DAG(s) 'example_weekday_branch_operator' retrieved from /home/ubantu/miniconda3/envs/airflow-env/lib/python3.11/site-packages/airflow/example_dags/example_branch_day_of_week_operator.py
[2026-04-07T04:45:42.356+0530] {logging_mixin.py:190} INFO - [2026-04-07T04:45:42.355+0530] {dag.py:3239} INFO - Sync 1 DAGs
[2026-04-07T04:45:42.374+0530] {logging_mixin.py:190} INFO - [2026-04-07T04:45:42.374+0530] {dag.py:4180} INFO - Setting next_dagrun for example_weekday_branch_operator to 2026-04-05 00:00:00+00:00, run_after=2026-04-06 00:00:00+00:00
[2026-04-07T04:45:42.391+0530] {processor.py:208} INFO - Processing /home/ubantu/miniconda3/envs/airflow-env/lib/python3.11/site-packages/airflow/example_dags/example_branch_day_of_week_operator.py took 0.070 seconds
[2026-04-07T04:46:49.023+0530] {processor.py:186} INFO - Started process (PID=9643) to work on /home/ubantu/miniconda3/envs/airflow-env/lib/python3.11/site-packages/airflow/example_dags/example_branch_day_of_week_operator.py
[2026-04-07T04:46:49.024+0530] {processor.py:914} INFO - Processing file /home/ubantu/miniconda3/envs/airflow-env/lib/python3.11/site-packages/airflow/example_dags/example_branch_day_of_week_operator.py for tasks to queue
[2026-04-07T04:46:49.027+0530] {logging_mixin.py:190} INFO - [2026-04-07T04:46:49.026+0530] {dagbag.py:588} INFO - Filling up the DagBag from /home/ubantu/miniconda3/envs/airflow-env/lib/python3.11/site-packages/airflow/example_dags/example_branch_day_of_week_operator.py
[2026-04-07T04:46:49.037+0530] {processor.py:925} INFO - DAG(s) 'example_weekday_branch_operator' retrieved from /home/ubantu/miniconda3/envs/airflow-env/lib/python3.11/site-packages/airflow/example_dags/example_branch_day_of_week_operator.py
[2026-04-07T04:46:49.053+0530] {logging_mixin.py:190} INFO - [2026-04-07T04:46:49.052+0530] {dag.py:3239} INFO - Sync 1 DAGs
[2026-04-07T04:46:49.071+0530] {logging_mixin.py:190} INFO - [2026-04-07T04:46:49.070+0530] {dag.py:4180} INFO - Setting next_dagrun for example_weekday_branch_operator to 2026-04-05 00:00:00+00:00, run_after=2026-04-06 00:00:00+00:00
[2026-04-07T04:46:49.087+0530] {processor.py:208} INFO - Processing /home/ubantu/miniconda3/envs/airflow-env/lib/python3.11/site-packages/airflow/example_dags/example_branch_day_of_week_operator.py took 0.070 seconds
[2026-04-07T04:47:04.609+0530] {processor.py:186} INFO - Started process (PID=9679) to work on /home/ubantu/miniconda3/envs/airflow-env/lib/python3.11/site-packages/airflow/example_dags/example_branch_day_of_week_operator.py
[2026-04-07T04:47:04.610+0530] {processor.py:914} INFO - Processing file /home/ubantu/miniconda3/envs/airflow-env/lib/python3.11/site-packages/airflow/example_dags/example_branch_day_of_week_operator.py for tasks to queue
[2026-04-07T04:47:04.613+0530] {logging_mixin.py:190} INFO - [2026-04-07T04:47:04.612+0530] {dagbag.py:588} INFO - Filling up the DagBag from /home/ubantu/miniconda3/envs/airflow-env/lib/python3.11/site-packages/airflow/example_dags/example_branch_day_of_week_operator.py
[2026-04-07T04:47:04.623+0530] {processor.py:925} INFO - DAG(s) 'example_weekday_branch_operator' retrieved from /home/ubantu/miniconda3/envs/airflow-env/lib/python3.11/site-packages/airflow/example_dags/example_branch_day_of_week_operator.py
[2026-04-07T04:47:04.638+0530] {logging_mixin.py:190} INFO - [2026-04-07T04:47:04.638+0530] {dag.py:3239} INFO - Sync 1 DAGs
[2026-04-07T04:47:04.658+0530] {logging_mixin.py:190} INFO - [2026-04-07T04:47:04.658+0530] {dag.py:4180} INFO - Setting next_dagrun for example_weekday_branch_operator to 2026-04-05 00:00:00+00:00, run_after=2026-04-06 00:00:00+00:00
[2026-04-07T04:47:04.676+0530] {processor.py:208} INFO - Processing /home/ubantu/miniconda3/envs/airflow-env/lib/python3.11/site-packages/airflow/example_dags/example_branch_day_of_week_operator.py took 0.073 seconds
[2026-04-07T04:48:01.113+0530] {processor.py:186} INFO - Started process (PID=9820) to work on /home/ubantu/miniconda3/envs/airflow-env/lib/python3.11/site-packages/airflow/example_dags/example_branch_day_of_week_operator.py
[2026-04-07T04:48:01.114+0530] {processor.py:914} INFO - Processing file /home/ubantu/miniconda3/envs/airflow-env/lib/python3.11/site-packages/airflow/example_dags/example_branch_day_of_week_operator.py for tasks to queue
[2026-04-07T04:48:01.116+0530] {logging_mixin.py:190} INFO - [2026-04-07T04:48:01.116+0530] {dagbag.py:588} INFO - Filling up the DagBag from /home/ubantu/miniconda3/envs/airflow-env/lib/python3.11/site-packages/airflow/example_dags/example_branch_day_of_week_operator.py
[2026-04-07T04:48:01.127+0530] {processor.py:925} INFO - DAG(s) 'example_weekday_branch_operator' retrieved from /home/ubantu/miniconda3/envs/airflow-env/lib/python3.11/site-packages/airflow/example_dags/example_branch_day_of_week_operator.py
[2026-04-07T04:48:01.143+0530] {logging_mixin.py:190} INFO - [2026-04-07T04:48:01.143+0530] {dag.py:3239} INFO - Sync 1 DAGs
[2026-04-07T04:48:01.164+0530] {logging_mixin.py:190} INFO - [2026-04-07T04:48:01.164+0530] {dag.py:4180} INFO - Setting next_dagrun for example_weekday_branch_operator to 2026-04-05 00:00:00+00:00, run_after=2026-04-06 00:00:00+00:00
[2026-04-07T04:48:01.182+0530] {processor.py:208} INFO - Processing /home/ubantu/miniconda3/envs/airflow-env/lib/python3.11/site-packages/airflow/example_dags/example_branch_day_of_week_operator.py took 0.075 seconds
[2026-04-07T04:48:10.017+0530] {processor.py:186} INFO - Started process (PID=9841) to work on /home/ubantu/miniconda3/envs/airflow-env/lib/python3.11/site-packages/airflow/example_dags/example_branch_day_of_week_operator.py
[2026-04-07T04:48:10.018+0530] {processor.py:914} INFO - Processing file /home/ubantu/miniconda3/envs/airflow-env/lib/python3.11/site-packages/airflow/example_dags/example_branch_day_of_week_operator.py for tasks to queue
[2026-04-07T04:48:10.019+0530] {logging_mixin.py:190} INFO - [2026-04-07T04:48:10.019+0530] {dagbag.py:588} INFO - Filling up the DagBag from /home/ubantu/miniconda3/envs/airflow-env/lib/python3.11/site-packages/airflow/example_dags/example_branch_day_of_week_operator.py
[2026-04-07T04:48:10.029+0530] {processor.py:925} INFO - DAG(s) 'example_weekday_branch_operator' retrieved from /home/ubantu/miniconda3/envs/airflow-env/lib/python3.11/site-packages/airflow/example_dags/example_branch_day_of_week_operator.py
[2026-04-07T04:48:10.045+0530] {logging_mixin.py:190} INFO - [2026-04-07T04:48:10.045+0530] {dag.py:3239} INFO - Sync 1 DAGs
[2026-04-07T04:48:10.065+0530] {logging_mixin.py:190} INFO - [2026-04-07T04:48:10.065+0530] {dag.py:4180} INFO - Setting next_dagrun for example_weekday_branch_operator to 2026-04-05 00:00:00+00:00, run_after=2026-04-06 00:00:00+00:00
[2026-04-07T04:48:10.083+0530] {processor.py:208} INFO - Processing /home/ubantu/miniconda3/envs/airflow-env/lib/python3.11/site-packages/airflow/example_dags/example_branch_day_of_week_operator.py took 0.072 seconds
[2026-04-07T05:10:28.953+0530] {processor.py:186} INFO - Started process (PID=11013) to work on /home/ubantu/miniconda3/envs/airflow-env/lib/python3.11/site-packages/airflow/example_dags/example_branch_day_of_week_operator.py
[2026-04-07T05:10:28.954+0530] {processor.py:914} INFO - Processing file /home/ubantu/miniconda3/envs/airflow-env/lib/python3.11/site-packages/airflow/example_dags/example_branch_day_of_week_operator.py for tasks to queue
[2026-04-07T05:10:28.955+0530] {logging_mixin.py:190} INFO - [2026-04-07T05:10:28.955+0530] {dagbag.py:588} INFO - Filling up the DagBag from /home/ubantu/miniconda3/envs/airflow-env/lib/python3.11/site-packages/airflow/example_dags/example_branch_day_of_week_operator.py
[2026-04-07T05:10:28.964+0530] {processor.py:925} INFO - DAG(s) 'example_weekday_branch_operator' retrieved from /home/ubantu/miniconda3/envs/airflow-env/lib/python3.11/site-packages/airflow/example_dags/example_branch_day_of_week_operator.py
[2026-04-07T05:10:29.048+0530] {logging_mixin.py:190} INFO - [2026-04-07T05:10:29.048+0530] {dag.py:3239} INFO - Sync 1 DAGs
[2026-04-07T05:10:29.168+0530] {logging_mixin.py:190} INFO - [2026-04-07T05:10:29.168+0530] {dag.py:4180} INFO - Setting next_dagrun for example_weekday_branch_operator to 2026-04-05 00:00:00+00:00, run_after=2026-04-06 00:00:00+00:00
[2026-04-07T05:10:29.185+0530] {processor.py:208} INFO - Processing /home/ubantu/miniconda3/envs/airflow-env/lib/python3.11/site-packages/airflow/example_dags/example_branch_day_of_week_operator.py took 0.238 seconds
[2026-04-07T05:12:04.303+0530] {processor.py:186} INFO - Started process (PID=11171) to work on /home/ubantu/miniconda3/envs/airflow-env/lib/python3.11/site-packages/airflow/example_dags/example_branch_day_of_week_operator.py
[2026-04-07T05:12:04.305+0530] {processor.py:914} INFO - Processing file /home/ubantu/miniconda3/envs/airflow-env/lib/python3.11/site-packages/airflow/example_dags/example_branch_day_of_week_operator.py for tasks to queue
[2026-04-07T05:12:04.307+0530] {logging_mixin.py:190} INFO - [2026-04-07T05:12:04.307+0530] {dagbag.py:588} INFO - Filling up the DagBag from /home/ubantu/miniconda3/envs/airflow-env/lib/python3.11/site-packages/airflow/example_dags/example_branch_day_of_week_operator.py
[2026-04-07T05:12:04.320+0530] {processor.py:925} INFO - DAG(s) 'example_weekday_branch_operator' retrieved from /home/ubantu/miniconda3/envs/airflow-env/lib/python3.11/site-packages/airflow/example_dags/example_branch_day_of_week_operator.py
[2026-04-07T05:12:04.340+0530] {logging_mixin.py:190} INFO - [2026-04-07T05:12:04.340+0530] {dag.py:3239} INFO - Sync 1 DAGs
[2026-04-07T05:12:04.368+0530] {logging_mixin.py:190} INFO - [2026-04-07T05:12:04.368+0530] {dag.py:4180} INFO - Setting next_dagrun for example_weekday_branch_operator to 2026-04-05 00:00:00+00:00, run_after=2026-04-06 00:00:00+00:00
[2026-04-07T05:12:04.391+0530] {processor.py:208} INFO - Processing /home/ubantu/miniconda3/envs/airflow-env/lib/python3.11/site-packages/airflow/example_dags/example_branch_day_of_week_operator.py took 0.096 seconds
[2026-04-07T05:13:02.856+0530] {processor.py:186} INFO - Started process (PID=11265) to work on /home/ubantu/miniconda3/envs/airflow-env/lib/python3.11/site-packages/airflow/example_dags/example_branch_day_of_week_operator.py
[2026-04-07T05:13:02.857+0530] {processor.py:914} INFO - Processing file /home/ubantu/miniconda3/envs/airflow-env/lib/python3.11/site-packages/airflow/example_dags/example_branch_day_of_week_operator.py for tasks to queue
[2026-04-07T05:13:02.859+0530] {logging_mixin.py:190} INFO - [2026-04-07T05:13:02.859+0530] {dagbag.py:588} INFO - Filling up the DagBag from /home/ubantu/miniconda3/envs/airflow-env/lib/python3.11/site-packages/airflow/example_dags/example_branch_day_of_week_operator.py
[2026-04-07T05:13:02.869+0530] {processor.py:925} INFO - DAG(s) 'example_weekday_branch_operator' retrieved from /home/ubantu/miniconda3/envs/airflow-env/lib/python3.11/site-packages/airflow/example_dags/example_branch_day_of_week_operator.py
[2026-04-07T05:13:02.885+0530] {logging_mixin.py:190} INFO - [2026-04-07T05:13:02.885+0530] {dag.py:3239} INFO - Sync 1 DAGs
[2026-04-07T05:13:02.903+0530] {logging_mixin.py:190} INFO - [2026-04-07T05:13:02.903+0530] {dag.py:4180} INFO - Setting next_dagrun for example_weekday_branch_operator to 2026-04-05 00:00:00+00:00, run_after=2026-04-06 00:00:00+00:00
[2026-04-07T05:13:02.921+0530] {processor.py:208} INFO - Processing /home/ubantu/miniconda3/envs/airflow-env/lib/python3.11/site-packages/airflow/example_dags/example_branch_day_of_week_operator.py took 0.071 seconds
[2026-04-07T05:14:09.954+0530] {processor.py:186} INFO - Started process (PID=11346) to work on /home/ubantu/miniconda3/envs/airflow-env/lib/python3.11/site-packages/airflow/example_dags/example_branch_day_of_week_operator.py
[2026-04-07T05:14:09.955+0530] {processor.py:914} INFO - Processing file /home/ubantu/miniconda3/envs/airflow-env/lib/python3.11/site-packages/airflow/example_dags/example_branch_day_of_week_operator.py for tasks to queue
[2026-04-07T05:14:09.957+0530] {logging_mixin.py:190} INFO - [2026-04-07T05:14:09.957+0530] {dagbag.py:588} INFO - Filling up the DagBag from /home/ubantu/miniconda3/envs/airflow-env/lib/python3.11/site-packages/airflow/example_dags/example_branch_day_of_week_operator.py
[2026-04-07T05:14:10.075+0530] {processor.py:925} INFO - DAG(s) 'example_weekday_branch_operator' retrieved from /home/ubantu/miniconda3/envs/airflow-env/lib/python3.11/site-packages/airflow/example_dags/example_branch_day_of_week_operator.py
[2026-04-07T05:14:10.086+0530] {logging_mixin.py:190} INFO - [2026-04-07T05:14:10.086+0530] {dag.py:3239} INFO - Sync 1 DAGs
[2026-04-07T05:14:10.102+0530] {logging_mixin.py:190} INFO - [2026-04-07T05:14:10.102+0530] {dag.py:4180} INFO - Setting next_dagrun for example_weekday_branch_operator to 2026-04-05 00:00:00+00:00, run_after=2026-04-06 00:00:00+00:00
[2026-04-07T05:14:10.118+0530] {processor.py:208} INFO - Processing /home/ubantu/miniconda3/envs/airflow-env/lib/python3.11/site-packages/airflow/example_dags/example_branch_day_of_week_operator.py took 0.171 seconds
[2026-04-07T05:18:13.794+0530] {processor.py:186} INFO - Started process (PID=12087) to work on /home/ubantu/miniconda3/envs/airflow-env/lib/python3.11/site-packages/airflow/example_dags/example_branch_day_of_week_operator.py
[2026-04-07T05:18:13.796+0530] {processor.py:914} INFO - Processing file /home/ubantu/miniconda3/envs/airflow-env/lib/python3.11/site-packages/airflow/example_dags/example_branch_day_of_week_operator.py for tasks to queue
[2026-04-07T05:18:13.798+0530] {logging_mixin.py:190} INFO - [2026-04-07T05:18:13.797+0530] {dagbag.py:588} INFO - Filling up the DagBag from /home/ubantu/miniconda3/envs/airflow-env/lib/python3.11/site-packages/airflow/example_dags/example_branch_day_of_week_operator.py
[2026-04-07T05:18:13.807+0530] {processor.py:925} INFO - DAG(s) 'example_weekday_branch_operator' retrieved from /home/ubantu/miniconda3/envs/airflow-env/lib/python3.11/site-packages/airflow/example_dags/example_branch_day_of_week_operator.py
[2026-04-07T05:18:13.822+0530] {logging_mixin.py:190} INFO - [2026-04-07T05:18:13.821+0530] {dag.py:3239} INFO - Sync 1 DAGs
[2026-04-07T05:18:13.840+0530] {logging_mixin.py:190} INFO - [2026-04-07T05:18:13.840+0530] {dag.py:4180} INFO - Setting next_dagrun for example_weekday_branch_operator to 2026-04-05 00:00:00+00:00, run_after=2026-04-06 00:00:00+00:00
[2026-04-07T05:18:13.858+0530] {processor.py:208} INFO - Processing /home/ubantu/miniconda3/envs/airflow-env/lib/python3.11/site-packages/airflow/example_dags/example_branch_day_of_week_operator.py took 0.070 seconds
