[2026-04-07T04:07:42.549+0530] {processor.py:186} INFO - Started process (PID=5786) to work on /home/ubantu/miniconda3/envs/airflow-env/lib/python3.11/site-packages/airflow/example_dags/example_setup_teardown_taskflow.py
[2026-04-07T04:07:42.550+0530] {processor.py:914} INFO - Processing file /home/ubantu/miniconda3/envs/airflow-env/lib/python3.11/site-packages/airflow/example_dags/example_setup_teardown_taskflow.py for tasks to queue
[2026-04-07T04:07:42.552+0530] {logging_mixin.py:190} INFO - [2026-04-07T04:07:42.552+0530] {dagbag.py:588} INFO - Filling up the DagBag from /home/ubantu/miniconda3/envs/airflow-env/lib/python3.11/site-packages/airflow/example_dags/example_setup_teardown_taskflow.py
[2026-04-07T04:07:42.567+0530] {processor.py:925} INFO - DAG(s) 'example_setup_teardown_taskflow' retrieved from /home/ubantu/miniconda3/envs/airflow-env/lib/python3.11/site-packages/airflow/example_dags/example_setup_teardown_taskflow.py
[2026-04-07T04:07:42.656+0530] {logging_mixin.py:190} INFO - [2026-04-07T04:07:42.656+0530] {override.py:1911} INFO - Created Permission View: can delete on DAG:example_setup_teardown_taskflow
[2026-04-07T04:07:42.666+0530] {logging_mixin.py:190} INFO - [2026-04-07T04:07:42.666+0530] {override.py:1911} INFO - Created Permission View: can edit on DAG:example_setup_teardown_taskflow
[2026-04-07T04:07:42.673+0530] {logging_mixin.py:190} INFO - [2026-04-07T04:07:42.673+0530] {override.py:1911} INFO - Created Permission View: can read on DAG:example_setup_teardown_taskflow
[2026-04-07T04:07:42.683+0530] {logging_mixin.py:190} INFO - [2026-04-07T04:07:42.683+0530] {override.py:1911} INFO - Created Permission View: can create on DAG Run:example_setup_teardown_taskflow
[2026-04-07T04:07:42.690+0530] {logging_mixin.py:190} INFO - [2026-04-07T04:07:42.690+0530] {override.py:1911} INFO - Created Permission View: can delete on DAG Run:example_setup_teardown_taskflow
[2026-04-07T04:07:42.699+0530] {logging_mixin.py:190} INFO - [2026-04-07T04:07:42.699+0530] {override.py:1911} INFO - Created Permission View: menu access on DAG Run:example_setup_teardown_taskflow
[2026-04-07T04:07:42.708+0530] {logging_mixin.py:190} INFO - [2026-04-07T04:07:42.708+0530] {override.py:1911} INFO - Created Permission View: can read on DAG Run:example_setup_teardown_taskflow
[2026-04-07T04:07:42.709+0530] {logging_mixin.py:190} INFO - [2026-04-07T04:07:42.709+0530] {dag.py:3239} INFO - Sync 1 DAGs
[2026-04-07T04:07:42.721+0530] {logging_mixin.py:190} INFO - [2026-04-07T04:07:42.721+0530] {dag.py:3262} INFO - Creating ORM DAG for example_setup_teardown_taskflow
[2026-04-07T04:07:42.722+0530] {logging_mixin.py:190} INFO - [2026-04-07T04:07:42.722+0530] {dag.py:4180} INFO - Setting next_dagrun for example_setup_teardown_taskflow to None, run_after=None
[2026-04-07T04:07:42.739+0530] {processor.py:208} INFO - Processing /home/ubantu/miniconda3/envs/airflow-env/lib/python3.11/site-packages/airflow/example_dags/example_setup_teardown_taskflow.py took 0.196 seconds
[2026-04-07T04:08:46.758+0530] {processor.py:186} INFO - Started process (PID=5973) to work on /home/ubantu/miniconda3/envs/airflow-env/lib/python3.11/site-packages/airflow/example_dags/example_setup_teardown_taskflow.py
[2026-04-07T04:08:46.759+0530] {processor.py:914} INFO - Processing file /home/ubantu/miniconda3/envs/airflow-env/lib/python3.11/site-packages/airflow/example_dags/example_setup_teardown_taskflow.py for tasks to queue
[2026-04-07T04:08:46.762+0530] {logging_mixin.py:190} INFO - [2026-04-07T04:08:46.761+0530] {dagbag.py:588} INFO - Filling up the DagBag from /home/ubantu/miniconda3/envs/airflow-env/lib/python3.11/site-packages/airflow/example_dags/example_setup_teardown_taskflow.py
[2026-04-07T04:08:46.775+0530] {processor.py:925} INFO - DAG(s) 'example_setup_teardown_taskflow' retrieved from /home/ubantu/miniconda3/envs/airflow-env/lib/python3.11/site-packages/airflow/example_dags/example_setup_teardown_taskflow.py
[2026-04-07T04:08:46.795+0530] {logging_mixin.py:190} INFO - [2026-04-07T04:08:46.794+0530] {dag.py:3239} INFO - Sync 1 DAGs
[2026-04-07T04:08:46.808+0530] {logging_mixin.py:190} INFO - [2026-04-07T04:08:46.807+0530] {dag.py:4180} INFO - Setting next_dagrun for example_setup_teardown_taskflow to None, run_after=None
[2026-04-07T04:08:46.825+0530] {processor.py:208} INFO - Processing /home/ubantu/miniconda3/envs/airflow-env/lib/python3.11/site-packages/airflow/example_dags/example_setup_teardown_taskflow.py took 0.073 seconds
[2026-04-07T04:09:43.501+0530] {processor.py:186} INFO - Started process (PID=6147) to work on /home/ubantu/miniconda3/envs/airflow-env/lib/python3.11/site-packages/airflow/example_dags/example_setup_teardown_taskflow.py
[2026-04-07T04:09:43.502+0530] {processor.py:914} INFO - Processing file /home/ubantu/miniconda3/envs/airflow-env/lib/python3.11/site-packages/airflow/example_dags/example_setup_teardown_taskflow.py for tasks to queue
[2026-04-07T04:09:43.504+0530] {logging_mixin.py:190} INFO - [2026-04-07T04:09:43.504+0530] {dagbag.py:588} INFO - Filling up the DagBag from /home/ubantu/miniconda3/envs/airflow-env/lib/python3.11/site-packages/airflow/example_dags/example_setup_teardown_taskflow.py
[2026-04-07T04:09:43.517+0530] {processor.py:925} INFO - DAG(s) 'example_setup_teardown_taskflow' retrieved from /home/ubantu/miniconda3/envs/airflow-env/lib/python3.11/site-packages/airflow/example_dags/example_setup_teardown_taskflow.py
[2026-04-07T04:09:43.535+0530] {logging_mixin.py:190} INFO - [2026-04-07T04:09:43.535+0530] {dag.py:3239} INFO - Sync 1 DAGs
[2026-04-07T04:09:43.547+0530] {logging_mixin.py:190} INFO - [2026-04-07T04:09:43.547+0530] {dag.py:4180} INFO - Setting next_dagrun for example_setup_teardown_taskflow to None, run_after=None
[2026-04-07T04:09:43.668+0530] {processor.py:208} INFO - Processing /home/ubantu/miniconda3/envs/airflow-env/lib/python3.11/site-packages/airflow/example_dags/example_setup_teardown_taskflow.py took 0.174 seconds
[2026-04-07T04:10:38.991+0530] {processor.py:186} INFO - Started process (PID=6216) to work on /home/ubantu/miniconda3/envs/airflow-env/lib/python3.11/site-packages/airflow/example_dags/example_setup_teardown_taskflow.py
[2026-04-07T04:10:38.993+0530] {processor.py:914} INFO - Processing file /home/ubantu/miniconda3/envs/airflow-env/lib/python3.11/site-packages/airflow/example_dags/example_setup_teardown_taskflow.py for tasks to queue
[2026-04-07T04:10:38.995+0530] {logging_mixin.py:190} INFO - [2026-04-07T04:10:38.994+0530] {dagbag.py:588} INFO - Filling up the DagBag from /home/ubantu/miniconda3/envs/airflow-env/lib/python3.11/site-packages/airflow/example_dags/example_setup_teardown_taskflow.py
[2026-04-07T04:10:39.009+0530] {processor.py:925} INFO - DAG(s) 'example_setup_teardown_taskflow' retrieved from /home/ubantu/miniconda3/envs/airflow-env/lib/python3.11/site-packages/airflow/example_dags/example_setup_teardown_taskflow.py
[2026-04-07T04:10:39.030+0530] {logging_mixin.py:190} INFO - [2026-04-07T04:10:39.030+0530] {dag.py:3239} INFO - Sync 1 DAGs
[2026-04-07T04:10:39.041+0530] {logging_mixin.py:190} INFO - [2026-04-07T04:10:39.041+0530] {dag.py:4180} INFO - Setting next_dagrun for example_setup_teardown_taskflow to None, run_after=None
[2026-04-07T04:10:39.058+0530] {processor.py:208} INFO - Processing /home/ubantu/miniconda3/envs/airflow-env/lib/python3.11/site-packages/airflow/example_dags/example_setup_teardown_taskflow.py took 0.073 seconds
[2026-04-07T04:11:29.471+0530] {processor.py:186} INFO - Started process (PID=6273) to work on /home/ubantu/miniconda3/envs/airflow-env/lib/python3.11/site-packages/airflow/example_dags/example_setup_teardown_taskflow.py
[2026-04-07T04:11:29.472+0530] {processor.py:914} INFO - Processing file /home/ubantu/miniconda3/envs/airflow-env/lib/python3.11/site-packages/airflow/example_dags/example_setup_teardown_taskflow.py for tasks to queue
[2026-04-07T04:11:29.474+0530] {logging_mixin.py:190} INFO - [2026-04-07T04:11:29.474+0530] {dagbag.py:588} INFO - Filling up the DagBag from /home/ubantu/miniconda3/envs/airflow-env/lib/python3.11/site-packages/airflow/example_dags/example_setup_teardown_taskflow.py
[2026-04-07T04:11:29.486+0530] {processor.py:925} INFO - DAG(s) 'example_setup_teardown_taskflow' retrieved from /home/ubantu/miniconda3/envs/airflow-env/lib/python3.11/site-packages/airflow/example_dags/example_setup_teardown_taskflow.py
[2026-04-07T04:11:29.504+0530] {logging_mixin.py:190} INFO - [2026-04-07T04:11:29.504+0530] {dag.py:3239} INFO - Sync 1 DAGs
[2026-04-07T04:11:29.516+0530] {logging_mixin.py:190} INFO - [2026-04-07T04:11:29.515+0530] {dag.py:4180} INFO - Setting next_dagrun for example_setup_teardown_taskflow to None, run_after=None
[2026-04-07T04:11:29.533+0530] {processor.py:208} INFO - Processing /home/ubantu/miniconda3/envs/airflow-env/lib/python3.11/site-packages/airflow/example_dags/example_setup_teardown_taskflow.py took 0.068 seconds
[2026-04-07T04:12:21.555+0530] {processor.py:186} INFO - Started process (PID=6341) to work on /home/ubantu/miniconda3/envs/airflow-env/lib/python3.11/site-packages/airflow/example_dags/example_setup_teardown_taskflow.py
[2026-04-07T04:12:21.556+0530] {processor.py:914} INFO - Processing file /home/ubantu/miniconda3/envs/airflow-env/lib/python3.11/site-packages/airflow/example_dags/example_setup_teardown_taskflow.py for tasks to queue
[2026-04-07T04:12:21.558+0530] {logging_mixin.py:190} INFO - [2026-04-07T04:12:21.558+0530] {dagbag.py:588} INFO - Filling up the DagBag from /home/ubantu/miniconda3/envs/airflow-env/lib/python3.11/site-packages/airflow/example_dags/example_setup_teardown_taskflow.py
[2026-04-07T04:12:21.570+0530] {processor.py:925} INFO - DAG(s) 'example_setup_teardown_taskflow' retrieved from /home/ubantu/miniconda3/envs/airflow-env/lib/python3.11/site-packages/airflow/example_dags/example_setup_teardown_taskflow.py
[2026-04-07T04:12:21.588+0530] {logging_mixin.py:190} INFO - [2026-04-07T04:12:21.588+0530] {dag.py:3239} INFO - Sync 1 DAGs
[2026-04-07T04:12:21.601+0530] {logging_mixin.py:190} INFO - [2026-04-07T04:12:21.601+0530] {dag.py:4180} INFO - Setting next_dagrun for example_setup_teardown_taskflow to None, run_after=None
[2026-04-07T04:12:21.618+0530] {processor.py:208} INFO - Processing /home/ubantu/miniconda3/envs/airflow-env/lib/python3.11/site-packages/airflow/example_dags/example_setup_teardown_taskflow.py took 0.070 seconds
[2026-04-07T04:13:14.002+0530] {processor.py:186} INFO - Started process (PID=6398) to work on /home/ubantu/miniconda3/envs/airflow-env/lib/python3.11/site-packages/airflow/example_dags/example_setup_teardown_taskflow.py
[2026-04-07T04:13:14.003+0530] {processor.py:914} INFO - Processing file /home/ubantu/miniconda3/envs/airflow-env/lib/python3.11/site-packages/airflow/example_dags/example_setup_teardown_taskflow.py for tasks to queue
[2026-04-07T04:13:14.005+0530] {logging_mixin.py:190} INFO - [2026-04-07T04:13:14.004+0530] {dagbag.py:588} INFO - Filling up the DagBag from /home/ubantu/miniconda3/envs/airflow-env/lib/python3.11/site-packages/airflow/example_dags/example_setup_teardown_taskflow.py
[2026-04-07T04:13:14.016+0530] {processor.py:925} INFO - DAG(s) 'example_setup_teardown_taskflow' retrieved from /home/ubantu/miniconda3/envs/airflow-env/lib/python3.11/site-packages/airflow/example_dags/example_setup_teardown_taskflow.py
[2026-04-07T04:13:14.033+0530] {logging_mixin.py:190} INFO - [2026-04-07T04:13:14.033+0530] {dag.py:3239} INFO - Sync 1 DAGs
[2026-04-07T04:13:14.045+0530] {logging_mixin.py:190} INFO - [2026-04-07T04:13:14.045+0530] {dag.py:4180} INFO - Setting next_dagrun for example_setup_teardown_taskflow to None, run_after=None
[2026-04-07T04:13:14.063+0530] {processor.py:208} INFO - Processing /home/ubantu/miniconda3/envs/airflow-env/lib/python3.11/site-packages/airflow/example_dags/example_setup_teardown_taskflow.py took 0.067 seconds
[2026-04-07T04:14:07.607+0530] {processor.py:186} INFO - Started process (PID=6467) to work on /home/ubantu/miniconda3/envs/airflow-env/lib/python3.11/site-packages/airflow/example_dags/example_setup_teardown_taskflow.py
[2026-04-07T04:14:07.609+0530] {processor.py:914} INFO - Processing file /home/ubantu/miniconda3/envs/airflow-env/lib/python3.11/site-packages/airflow/example_dags/example_setup_teardown_taskflow.py for tasks to queue
[2026-04-07T04:14:07.611+0530] {logging_mixin.py:190} INFO - [2026-04-07T04:14:07.611+0530] {dagbag.py:588} INFO - Filling up the DagBag from /home/ubantu/miniconda3/envs/airflow-env/lib/python3.11/site-packages/airflow/example_dags/example_setup_teardown_taskflow.py
[2026-04-07T04:14:07.623+0530] {processor.py:925} INFO - DAG(s) 'example_setup_teardown_taskflow' retrieved from /home/ubantu/miniconda3/envs/airflow-env/lib/python3.11/site-packages/airflow/example_dags/example_setup_teardown_taskflow.py
[2026-04-07T04:14:07.640+0530] {logging_mixin.py:190} INFO - [2026-04-07T04:14:07.640+0530] {dag.py:3239} INFO - Sync 1 DAGs
[2026-04-07T04:14:07.652+0530] {logging_mixin.py:190} INFO - [2026-04-07T04:14:07.652+0530] {dag.py:4180} INFO - Setting next_dagrun for example_setup_teardown_taskflow to None, run_after=None
[2026-04-07T04:14:07.672+0530] {processor.py:208} INFO - Processing /home/ubantu/miniconda3/envs/airflow-env/lib/python3.11/site-packages/airflow/example_dags/example_setup_teardown_taskflow.py took 0.071 seconds
[2026-04-07T04:15:02.601+0530] {processor.py:186} INFO - Started process (PID=6531) to work on /home/ubantu/miniconda3/envs/airflow-env/lib/python3.11/site-packages/airflow/example_dags/example_setup_teardown_taskflow.py
[2026-04-07T04:15:02.603+0530] {processor.py:914} INFO - Processing file /home/ubantu/miniconda3/envs/airflow-env/lib/python3.11/site-packages/airflow/example_dags/example_setup_teardown_taskflow.py for tasks to queue
[2026-04-07T04:15:02.605+0530] {logging_mixin.py:190} INFO - [2026-04-07T04:15:02.604+0530] {dagbag.py:588} INFO - Filling up the DagBag from /home/ubantu/miniconda3/envs/airflow-env/lib/python3.11/site-packages/airflow/example_dags/example_setup_teardown_taskflow.py
[2026-04-07T04:15:02.617+0530] {processor.py:925} INFO - DAG(s) 'example_setup_teardown_taskflow' retrieved from /home/ubantu/miniconda3/envs/airflow-env/lib/python3.11/site-packages/airflow/example_dags/example_setup_teardown_taskflow.py
[2026-04-07T04:15:02.634+0530] {logging_mixin.py:190} INFO - [2026-04-07T04:15:02.634+0530] {dag.py:3239} INFO - Sync 1 DAGs
[2026-04-07T04:15:02.646+0530] {logging_mixin.py:190} INFO - [2026-04-07T04:15:02.646+0530] {dag.py:4180} INFO - Setting next_dagrun for example_setup_teardown_taskflow to None, run_after=None
[2026-04-07T04:15:02.666+0530] {processor.py:208} INFO - Processing /home/ubantu/miniconda3/envs/airflow-env/lib/python3.11/site-packages/airflow/example_dags/example_setup_teardown_taskflow.py took 0.071 seconds
[2026-04-07T04:15:52.581+0530] {processor.py:186} INFO - Started process (PID=6587) to work on /home/ubantu/miniconda3/envs/airflow-env/lib/python3.11/site-packages/airflow/example_dags/example_setup_teardown_taskflow.py
[2026-04-07T04:15:52.582+0530] {processor.py:914} INFO - Processing file /home/ubantu/miniconda3/envs/airflow-env/lib/python3.11/site-packages/airflow/example_dags/example_setup_teardown_taskflow.py for tasks to queue
[2026-04-07T04:15:52.584+0530] {logging_mixin.py:190} INFO - [2026-04-07T04:15:52.584+0530] {dagbag.py:588} INFO - Filling up the DagBag from /home/ubantu/miniconda3/envs/airflow-env/lib/python3.11/site-packages/airflow/example_dags/example_setup_teardown_taskflow.py
[2026-04-07T04:15:52.596+0530] {processor.py:925} INFO - DAG(s) 'example_setup_teardown_taskflow' retrieved from /home/ubantu/miniconda3/envs/airflow-env/lib/python3.11/site-packages/airflow/example_dags/example_setup_teardown_taskflow.py
[2026-04-07T04:15:52.613+0530] {logging_mixin.py:190} INFO - [2026-04-07T04:15:52.613+0530] {dag.py:3239} INFO - Sync 1 DAGs
[2026-04-07T04:15:52.623+0530] {logging_mixin.py:190} INFO - [2026-04-07T04:15:52.623+0530] {dag.py:4180} INFO - Setting next_dagrun for example_setup_teardown_taskflow to None, run_after=None
[2026-04-07T04:15:52.642+0530] {processor.py:208} INFO - Processing /home/ubantu/miniconda3/envs/airflow-env/lib/python3.11/site-packages/airflow/example_dags/example_setup_teardown_taskflow.py took 0.066 seconds
[2026-04-07T04:16:43.835+0530] {processor.py:186} INFO - Started process (PID=6646) to work on /home/ubantu/miniconda3/envs/airflow-env/lib/python3.11/site-packages/airflow/example_dags/example_setup_teardown_taskflow.py
[2026-04-07T04:16:43.837+0530] {processor.py:914} INFO - Processing file /home/ubantu/miniconda3/envs/airflow-env/lib/python3.11/site-packages/airflow/example_dags/example_setup_teardown_taskflow.py for tasks to queue
[2026-04-07T04:16:43.839+0530] {logging_mixin.py:190} INFO - [2026-04-07T04:16:43.838+0530] {dagbag.py:588} INFO - Filling up the DagBag from /home/ubantu/miniconda3/envs/airflow-env/lib/python3.11/site-packages/airflow/example_dags/example_setup_teardown_taskflow.py
[2026-04-07T04:16:43.851+0530] {processor.py:925} INFO - DAG(s) 'example_setup_teardown_taskflow' retrieved from /home/ubantu/miniconda3/envs/airflow-env/lib/python3.11/site-packages/airflow/example_dags/example_setup_teardown_taskflow.py
[2026-04-07T04:16:43.868+0530] {logging_mixin.py:190} INFO - [2026-04-07T04:16:43.868+0530] {dag.py:3239} INFO - Sync 1 DAGs
[2026-04-07T04:16:43.879+0530] {logging_mixin.py:190} INFO - [2026-04-07T04:16:43.879+0530] {dag.py:4180} INFO - Setting next_dagrun for example_setup_teardown_taskflow to None, run_after=None
[2026-04-07T04:16:43.900+0530] {processor.py:208} INFO - Processing /home/ubantu/miniconda3/envs/airflow-env/lib/python3.11/site-packages/airflow/example_dags/example_setup_teardown_taskflow.py took 0.072 seconds
[2026-04-07T04:17:34.125+0530] {processor.py:186} INFO - Started process (PID=6709) to work on /home/ubantu/miniconda3/envs/airflow-env/lib/python3.11/site-packages/airflow/example_dags/example_setup_teardown_taskflow.py
[2026-04-07T04:17:34.127+0530] {processor.py:914} INFO - Processing file /home/ubantu/miniconda3/envs/airflow-env/lib/python3.11/site-packages/airflow/example_dags/example_setup_teardown_taskflow.py for tasks to queue
[2026-04-07T04:17:34.129+0530] {logging_mixin.py:190} INFO - [2026-04-07T04:17:34.128+0530] {dagbag.py:588} INFO - Filling up the DagBag from /home/ubantu/miniconda3/envs/airflow-env/lib/python3.11/site-packages/airflow/example_dags/example_setup_teardown_taskflow.py
[2026-04-07T04:17:34.141+0530] {processor.py:925} INFO - DAG(s) 'example_setup_teardown_taskflow' retrieved from /home/ubantu/miniconda3/envs/airflow-env/lib/python3.11/site-packages/airflow/example_dags/example_setup_teardown_taskflow.py
[2026-04-07T04:17:34.158+0530] {logging_mixin.py:190} INFO - [2026-04-07T04:17:34.158+0530] {dag.py:3239} INFO - Sync 1 DAGs
[2026-04-07T04:17:34.169+0530] {logging_mixin.py:190} INFO - [2026-04-07T04:17:34.169+0530] {dag.py:4180} INFO - Setting next_dagrun for example_setup_teardown_taskflow to None, run_after=None
[2026-04-07T04:17:34.188+0530] {processor.py:208} INFO - Processing /home/ubantu/miniconda3/envs/airflow-env/lib/python3.11/site-packages/airflow/example_dags/example_setup_teardown_taskflow.py took 0.070 seconds
[2026-04-07T04:18:34.842+0530] {processor.py:186} INFO - Started process (PID=6826) to work on /home/ubantu/miniconda3/envs/airflow-env/lib/python3.11/site-packages/airflow/example_dags/example_setup_teardown_taskflow.py
[2026-04-07T04:18:34.843+0530] {processor.py:914} INFO - Processing file /home/ubantu/miniconda3/envs/airflow-env/lib/python3.11/site-packages/airflow/example_dags/example_setup_teardown_taskflow.py for tasks to queue
[2026-04-07T04:18:34.845+0530] {logging_mixin.py:190} INFO - [2026-04-07T04:18:34.844+0530] {dagbag.py:588} INFO - Filling up the DagBag from /home/ubantu/miniconda3/envs/airflow-env/lib/python3.11/site-packages/airflow/example_dags/example_setup_teardown_taskflow.py
[2026-04-07T04:18:34.855+0530] {processor.py:925} INFO - DAG(s) 'example_setup_teardown_taskflow' retrieved from /home/ubantu/miniconda3/envs/airflow-env/lib/python3.11/site-packages/airflow/example_dags/example_setup_teardown_taskflow.py
[2026-04-07T04:18:34.870+0530] {logging_mixin.py:190} INFO - [2026-04-07T04:18:34.870+0530] {dag.py:3239} INFO - Sync 1 DAGs
[2026-04-07T04:18:34.880+0530] {logging_mixin.py:190} INFO - [2026-04-07T04:18:34.880+0530] {dag.py:4180} INFO - Setting next_dagrun for example_setup_teardown_taskflow to None, run_after=None
[2026-04-07T04:18:34.908+0530] {processor.py:208} INFO - Processing /home/ubantu/miniconda3/envs/airflow-env/lib/python3.11/site-packages/airflow/example_dags/example_setup_teardown_taskflow.py took 0.073 seconds
[2026-04-07T04:19:27.425+0530] {processor.py:186} INFO - Started process (PID=6887) to work on /home/ubantu/miniconda3/envs/airflow-env/lib/python3.11/site-packages/airflow/example_dags/example_setup_teardown_taskflow.py
[2026-04-07T04:19:27.427+0530] {processor.py:914} INFO - Processing file /home/ubantu/miniconda3/envs/airflow-env/lib/python3.11/site-packages/airflow/example_dags/example_setup_teardown_taskflow.py for tasks to queue
[2026-04-07T04:19:27.429+0530] {logging_mixin.py:190} INFO - [2026-04-07T04:19:27.429+0530] {dagbag.py:588} INFO - Filling up the DagBag from /home/ubantu/miniconda3/envs/airflow-env/lib/python3.11/site-packages/airflow/example_dags/example_setup_teardown_taskflow.py
[2026-04-07T04:19:27.441+0530] {processor.py:925} INFO - DAG(s) 'example_setup_teardown_taskflow' retrieved from /home/ubantu/miniconda3/envs/airflow-env/lib/python3.11/site-packages/airflow/example_dags/example_setup_teardown_taskflow.py
[2026-04-07T04:19:27.458+0530] {logging_mixin.py:190} INFO - [2026-04-07T04:19:27.458+0530] {dag.py:3239} INFO - Sync 1 DAGs
[2026-04-07T04:19:27.469+0530] {logging_mixin.py:190} INFO - [2026-04-07T04:19:27.469+0530] {dag.py:4180} INFO - Setting next_dagrun for example_setup_teardown_taskflow to None, run_after=None
[2026-04-07T04:19:27.487+0530] {processor.py:208} INFO - Processing /home/ubantu/miniconda3/envs/airflow-env/lib/python3.11/site-packages/airflow/example_dags/example_setup_teardown_taskflow.py took 0.067 seconds
[2026-04-07T04:20:17.698+0530] {processor.py:186} INFO - Started process (PID=6948) to work on /home/ubantu/miniconda3/envs/airflow-env/lib/python3.11/site-packages/airflow/example_dags/example_setup_teardown_taskflow.py
[2026-04-07T04:20:17.699+0530] {processor.py:914} INFO - Processing file /home/ubantu/miniconda3/envs/airflow-env/lib/python3.11/site-packages/airflow/example_dags/example_setup_teardown_taskflow.py for tasks to queue
[2026-04-07T04:20:17.701+0530] {logging_mixin.py:190} INFO - [2026-04-07T04:20:17.700+0530] {dagbag.py:588} INFO - Filling up the DagBag from /home/ubantu/miniconda3/envs/airflow-env/lib/python3.11/site-packages/airflow/example_dags/example_setup_teardown_taskflow.py
[2026-04-07T04:20:17.712+0530] {processor.py:925} INFO - DAG(s) 'example_setup_teardown_taskflow' retrieved from /home/ubantu/miniconda3/envs/airflow-env/lib/python3.11/site-packages/airflow/example_dags/example_setup_teardown_taskflow.py
[2026-04-07T04:20:17.732+0530] {logging_mixin.py:190} INFO - [2026-04-07T04:20:17.731+0530] {dag.py:3239} INFO - Sync 1 DAGs
[2026-04-07T04:20:17.743+0530] {logging_mixin.py:190} INFO - [2026-04-07T04:20:17.743+0530] {dag.py:4180} INFO - Setting next_dagrun for example_setup_teardown_taskflow to None, run_after=None
[2026-04-07T04:20:17.760+0530] {processor.py:208} INFO - Processing /home/ubantu/miniconda3/envs/airflow-env/lib/python3.11/site-packages/airflow/example_dags/example_setup_teardown_taskflow.py took 0.068 seconds
[2026-04-07T04:21:10.513+0530] {processor.py:186} INFO - Started process (PID=7005) to work on /home/ubantu/miniconda3/envs/airflow-env/lib/python3.11/site-packages/airflow/example_dags/example_setup_teardown_taskflow.py
[2026-04-07T04:21:10.514+0530] {processor.py:914} INFO - Processing file /home/ubantu/miniconda3/envs/airflow-env/lib/python3.11/site-packages/airflow/example_dags/example_setup_teardown_taskflow.py for tasks to queue
[2026-04-07T04:21:10.516+0530] {logging_mixin.py:190} INFO - [2026-04-07T04:21:10.516+0530] {dagbag.py:588} INFO - Filling up the DagBag from /home/ubantu/miniconda3/envs/airflow-env/lib/python3.11/site-packages/airflow/example_dags/example_setup_teardown_taskflow.py
[2026-04-07T04:21:10.528+0530] {processor.py:925} INFO - DAG(s) 'example_setup_teardown_taskflow' retrieved from /home/ubantu/miniconda3/envs/airflow-env/lib/python3.11/site-packages/airflow/example_dags/example_setup_teardown_taskflow.py
[2026-04-07T04:21:10.546+0530] {logging_mixin.py:190} INFO - [2026-04-07T04:21:10.546+0530] {dag.py:3239} INFO - Sync 1 DAGs
[2026-04-07T04:21:10.556+0530] {logging_mixin.py:190} INFO - [2026-04-07T04:21:10.556+0530] {dag.py:4180} INFO - Setting next_dagrun for example_setup_teardown_taskflow to None, run_after=None
[2026-04-07T04:21:10.574+0530] {processor.py:208} INFO - Processing /home/ubantu/miniconda3/envs/airflow-env/lib/python3.11/site-packages/airflow/example_dags/example_setup_teardown_taskflow.py took 0.067 seconds
[2026-04-07T04:22:05.805+0530] {processor.py:186} INFO - Started process (PID=7069) to work on /home/ubantu/miniconda3/envs/airflow-env/lib/python3.11/site-packages/airflow/example_dags/example_setup_teardown_taskflow.py
[2026-04-07T04:22:05.806+0530] {processor.py:914} INFO - Processing file /home/ubantu/miniconda3/envs/airflow-env/lib/python3.11/site-packages/airflow/example_dags/example_setup_teardown_taskflow.py for tasks to queue
[2026-04-07T04:22:05.808+0530] {logging_mixin.py:190} INFO - [2026-04-07T04:22:05.808+0530] {dagbag.py:588} INFO - Filling up the DagBag from /home/ubantu/miniconda3/envs/airflow-env/lib/python3.11/site-packages/airflow/example_dags/example_setup_teardown_taskflow.py
[2026-04-07T04:22:05.820+0530] {processor.py:925} INFO - DAG(s) 'example_setup_teardown_taskflow' retrieved from /home/ubantu/miniconda3/envs/airflow-env/lib/python3.11/site-packages/airflow/example_dags/example_setup_teardown_taskflow.py
[2026-04-07T04:22:05.837+0530] {logging_mixin.py:190} INFO - [2026-04-07T04:22:05.837+0530] {dag.py:3239} INFO - Sync 1 DAGs
[2026-04-07T04:22:05.848+0530] {logging_mixin.py:190} INFO - [2026-04-07T04:22:05.848+0530] {dag.py:4180} INFO - Setting next_dagrun for example_setup_teardown_taskflow to None, run_after=None
[2026-04-07T04:22:05.865+0530] {processor.py:208} INFO - Processing /home/ubantu/miniconda3/envs/airflow-env/lib/python3.11/site-packages/airflow/example_dags/example_setup_teardown_taskflow.py took 0.067 seconds
[2026-04-07T04:23:00.037+0530] {processor.py:186} INFO - Started process (PID=7149) to work on /home/ubantu/miniconda3/envs/airflow-env/lib/python3.11/site-packages/airflow/example_dags/example_setup_teardown_taskflow.py
[2026-04-07T04:23:00.039+0530] {processor.py:914} INFO - Processing file /home/ubantu/miniconda3/envs/airflow-env/lib/python3.11/site-packages/airflow/example_dags/example_setup_teardown_taskflow.py for tasks to queue
[2026-04-07T04:23:00.042+0530] {logging_mixin.py:190} INFO - [2026-04-07T04:23:00.041+0530] {dagbag.py:588} INFO - Filling up the DagBag from /home/ubantu/miniconda3/envs/airflow-env/lib/python3.11/site-packages/airflow/example_dags/example_setup_teardown_taskflow.py
[2026-04-07T04:23:00.057+0530] {processor.py:925} INFO - DAG(s) 'example_setup_teardown_taskflow' retrieved from /home/ubantu/miniconda3/envs/airflow-env/lib/python3.11/site-packages/airflow/example_dags/example_setup_teardown_taskflow.py
[2026-04-07T04:23:00.077+0530] {logging_mixin.py:190} INFO - [2026-04-07T04:23:00.076+0530] {dag.py:3239} INFO - Sync 1 DAGs
[2026-04-07T04:23:00.094+0530] {logging_mixin.py:190} INFO - [2026-04-07T04:23:00.094+0530] {dag.py:4180} INFO - Setting next_dagrun for example_setup_teardown_taskflow to None, run_after=None
[2026-04-07T04:23:00.122+0530] {processor.py:208} INFO - Processing /home/ubantu/miniconda3/envs/airflow-env/lib/python3.11/site-packages/airflow/example_dags/example_setup_teardown_taskflow.py took 0.095 seconds
[2026-04-07T04:23:51.507+0530] {processor.py:186} INFO - Started process (PID=7242) to work on /home/ubantu/miniconda3/envs/airflow-env/lib/python3.11/site-packages/airflow/example_dags/example_setup_teardown_taskflow.py
[2026-04-07T04:23:51.508+0530] {processor.py:914} INFO - Processing file /home/ubantu/miniconda3/envs/airflow-env/lib/python3.11/site-packages/airflow/example_dags/example_setup_teardown_taskflow.py for tasks to queue
[2026-04-07T04:23:51.511+0530] {logging_mixin.py:190} INFO - [2026-04-07T04:23:51.510+0530] {dagbag.py:588} INFO - Filling up the DagBag from /home/ubantu/miniconda3/envs/airflow-env/lib/python3.11/site-packages/airflow/example_dags/example_setup_teardown_taskflow.py
[2026-04-07T04:23:51.524+0530] {processor.py:925} INFO - DAG(s) 'example_setup_teardown_taskflow' retrieved from /home/ubantu/miniconda3/envs/airflow-env/lib/python3.11/site-packages/airflow/example_dags/example_setup_teardown_taskflow.py
[2026-04-07T04:23:51.542+0530] {logging_mixin.py:190} INFO - [2026-04-07T04:23:51.542+0530] {dag.py:3239} INFO - Sync 1 DAGs
[2026-04-07T04:23:51.553+0530] {logging_mixin.py:190} INFO - [2026-04-07T04:23:51.553+0530] {dag.py:4180} INFO - Setting next_dagrun for example_setup_teardown_taskflow to None, run_after=None
[2026-04-07T04:23:51.571+0530] {processor.py:208} INFO - Processing /home/ubantu/miniconda3/envs/airflow-env/lib/python3.11/site-packages/airflow/example_dags/example_setup_teardown_taskflow.py took 0.071 seconds
[2026-04-07T04:24:42.677+0530] {processor.py:186} INFO - Started process (PID=7339) to work on /home/ubantu/miniconda3/envs/airflow-env/lib/python3.11/site-packages/airflow/example_dags/example_setup_teardown_taskflow.py
[2026-04-07T04:24:42.678+0530] {processor.py:914} INFO - Processing file /home/ubantu/miniconda3/envs/airflow-env/lib/python3.11/site-packages/airflow/example_dags/example_setup_teardown_taskflow.py for tasks to queue
[2026-04-07T04:24:42.681+0530] {logging_mixin.py:190} INFO - [2026-04-07T04:24:42.680+0530] {dagbag.py:588} INFO - Filling up the DagBag from /home/ubantu/miniconda3/envs/airflow-env/lib/python3.11/site-packages/airflow/example_dags/example_setup_teardown_taskflow.py
[2026-04-07T04:24:42.693+0530] {processor.py:925} INFO - DAG(s) 'example_setup_teardown_taskflow' retrieved from /home/ubantu/miniconda3/envs/airflow-env/lib/python3.11/site-packages/airflow/example_dags/example_setup_teardown_taskflow.py
[2026-04-07T04:24:42.712+0530] {logging_mixin.py:190} INFO - [2026-04-07T04:24:42.712+0530] {dag.py:3239} INFO - Sync 1 DAGs
[2026-04-07T04:24:42.726+0530] {logging_mixin.py:190} INFO - [2026-04-07T04:24:42.726+0530] {dag.py:4180} INFO - Setting next_dagrun for example_setup_teardown_taskflow to None, run_after=None
[2026-04-07T04:24:42.746+0530] {processor.py:208} INFO - Processing /home/ubantu/miniconda3/envs/airflow-env/lib/python3.11/site-packages/airflow/example_dags/example_setup_teardown_taskflow.py took 0.075 seconds
[2026-04-07T04:25:37.370+0530] {processor.py:186} INFO - Started process (PID=7429) to work on /home/ubantu/miniconda3/envs/airflow-env/lib/python3.11/site-packages/airflow/example_dags/example_setup_teardown_taskflow.py
[2026-04-07T04:25:37.371+0530] {processor.py:914} INFO - Processing file /home/ubantu/miniconda3/envs/airflow-env/lib/python3.11/site-packages/airflow/example_dags/example_setup_teardown_taskflow.py for tasks to queue
[2026-04-07T04:25:37.373+0530] {logging_mixin.py:190} INFO - [2026-04-07T04:25:37.372+0530] {dagbag.py:588} INFO - Filling up the DagBag from /home/ubantu/miniconda3/envs/airflow-env/lib/python3.11/site-packages/airflow/example_dags/example_setup_teardown_taskflow.py
[2026-04-07T04:25:37.385+0530] {processor.py:925} INFO - DAG(s) 'example_setup_teardown_taskflow' retrieved from /home/ubantu/miniconda3/envs/airflow-env/lib/python3.11/site-packages/airflow/example_dags/example_setup_teardown_taskflow.py
[2026-04-07T04:25:37.402+0530] {logging_mixin.py:190} INFO - [2026-04-07T04:25:37.402+0530] {dag.py:3239} INFO - Sync 1 DAGs
[2026-04-07T04:25:37.413+0530] {logging_mixin.py:190} INFO - [2026-04-07T04:25:37.413+0530] {dag.py:4180} INFO - Setting next_dagrun for example_setup_teardown_taskflow to None, run_after=None
[2026-04-07T04:25:37.431+0530] {processor.py:208} INFO - Processing /home/ubantu/miniconda3/envs/airflow-env/lib/python3.11/site-packages/airflow/example_dags/example_setup_teardown_taskflow.py took 0.068 seconds
[2026-04-07T04:26:32.961+0530] {processor.py:186} INFO - Started process (PID=7498) to work on /home/ubantu/miniconda3/envs/airflow-env/lib/python3.11/site-packages/airflow/example_dags/example_setup_teardown_taskflow.py
[2026-04-07T04:26:32.962+0530] {processor.py:914} INFO - Processing file /home/ubantu/miniconda3/envs/airflow-env/lib/python3.11/site-packages/airflow/example_dags/example_setup_teardown_taskflow.py for tasks to queue
[2026-04-07T04:26:32.964+0530] {logging_mixin.py:190} INFO - [2026-04-07T04:26:32.964+0530] {dagbag.py:588} INFO - Filling up the DagBag from /home/ubantu/miniconda3/envs/airflow-env/lib/python3.11/site-packages/airflow/example_dags/example_setup_teardown_taskflow.py
[2026-04-07T04:26:32.977+0530] {processor.py:925} INFO - DAG(s) 'example_setup_teardown_taskflow' retrieved from /home/ubantu/miniconda3/envs/airflow-env/lib/python3.11/site-packages/airflow/example_dags/example_setup_teardown_taskflow.py
[2026-04-07T04:26:32.996+0530] {logging_mixin.py:190} INFO - [2026-04-07T04:26:32.996+0530] {dag.py:3239} INFO - Sync 1 DAGs
[2026-04-07T04:26:33.007+0530] {logging_mixin.py:190} INFO - [2026-04-07T04:26:33.006+0530] {dag.py:4180} INFO - Setting next_dagrun for example_setup_teardown_taskflow to None, run_after=None
[2026-04-07T04:26:33.025+0530] {processor.py:208} INFO - Processing /home/ubantu/miniconda3/envs/airflow-env/lib/python3.11/site-packages/airflow/example_dags/example_setup_teardown_taskflow.py took 0.070 seconds
[2026-04-07T04:27:26.871+0530] {processor.py:186} INFO - Started process (PID=7565) to work on /home/ubantu/miniconda3/envs/airflow-env/lib/python3.11/site-packages/airflow/example_dags/example_setup_teardown_taskflow.py
[2026-04-07T04:27:26.873+0530] {processor.py:914} INFO - Processing file /home/ubantu/miniconda3/envs/airflow-env/lib/python3.11/site-packages/airflow/example_dags/example_setup_teardown_taskflow.py for tasks to queue
[2026-04-07T04:27:26.875+0530] {logging_mixin.py:190} INFO - [2026-04-07T04:27:26.875+0530] {dagbag.py:588} INFO - Filling up the DagBag from /home/ubantu/miniconda3/envs/airflow-env/lib/python3.11/site-packages/airflow/example_dags/example_setup_teardown_taskflow.py
[2026-04-07T04:27:26.889+0530] {processor.py:925} INFO - DAG(s) 'example_setup_teardown_taskflow' retrieved from /home/ubantu/miniconda3/envs/airflow-env/lib/python3.11/site-packages/airflow/example_dags/example_setup_teardown_taskflow.py
[2026-04-07T04:27:26.905+0530] {logging_mixin.py:190} INFO - [2026-04-07T04:27:26.905+0530] {dag.py:3239} INFO - Sync 1 DAGs
[2026-04-07T04:27:26.916+0530] {logging_mixin.py:190} INFO - [2026-04-07T04:27:26.916+0530] {dag.py:4180} INFO - Setting next_dagrun for example_setup_teardown_taskflow to None, run_after=None
[2026-04-07T04:27:26.933+0530] {processor.py:208} INFO - Processing /home/ubantu/miniconda3/envs/airflow-env/lib/python3.11/site-packages/airflow/example_dags/example_setup_teardown_taskflow.py took 0.069 seconds
[2026-04-07T04:28:18.523+0530] {processor.py:186} INFO - Started process (PID=7626) to work on /home/ubantu/miniconda3/envs/airflow-env/lib/python3.11/site-packages/airflow/example_dags/example_setup_teardown_taskflow.py
[2026-04-07T04:28:18.524+0530] {processor.py:914} INFO - Processing file /home/ubantu/miniconda3/envs/airflow-env/lib/python3.11/site-packages/airflow/example_dags/example_setup_teardown_taskflow.py for tasks to queue
[2026-04-07T04:28:18.527+0530] {logging_mixin.py:190} INFO - [2026-04-07T04:28:18.526+0530] {dagbag.py:588} INFO - Filling up the DagBag from /home/ubantu/miniconda3/envs/airflow-env/lib/python3.11/site-packages/airflow/example_dags/example_setup_teardown_taskflow.py
[2026-04-07T04:28:18.537+0530] {processor.py:925} INFO - DAG(s) 'example_setup_teardown_taskflow' retrieved from /home/ubantu/miniconda3/envs/airflow-env/lib/python3.11/site-packages/airflow/example_dags/example_setup_teardown_taskflow.py
[2026-04-07T04:28:18.553+0530] {logging_mixin.py:190} INFO - [2026-04-07T04:28:18.552+0530] {dag.py:3239} INFO - Sync 1 DAGs
[2026-04-07T04:28:18.563+0530] {logging_mixin.py:190} INFO - [2026-04-07T04:28:18.563+0530] {dag.py:4180} INFO - Setting next_dagrun for example_setup_teardown_taskflow to None, run_after=None
[2026-04-07T04:28:18.581+0530] {processor.py:208} INFO - Processing /home/ubantu/miniconda3/envs/airflow-env/lib/python3.11/site-packages/airflow/example_dags/example_setup_teardown_taskflow.py took 0.065 seconds
[2026-04-07T04:29:11.602+0530] {processor.py:186} INFO - Started process (PID=7696) to work on /home/ubantu/miniconda3/envs/airflow-env/lib/python3.11/site-packages/airflow/example_dags/example_setup_teardown_taskflow.py
[2026-04-07T04:29:11.604+0530] {processor.py:914} INFO - Processing file /home/ubantu/miniconda3/envs/airflow-env/lib/python3.11/site-packages/airflow/example_dags/example_setup_teardown_taskflow.py for tasks to queue
[2026-04-07T04:29:11.606+0530] {logging_mixin.py:190} INFO - [2026-04-07T04:29:11.606+0530] {dagbag.py:588} INFO - Filling up the DagBag from /home/ubantu/miniconda3/envs/airflow-env/lib/python3.11/site-packages/airflow/example_dags/example_setup_teardown_taskflow.py
[2026-04-07T04:29:11.616+0530] {processor.py:925} INFO - DAG(s) 'example_setup_teardown_taskflow' retrieved from /home/ubantu/miniconda3/envs/airflow-env/lib/python3.11/site-packages/airflow/example_dags/example_setup_teardown_taskflow.py
[2026-04-07T04:29:11.630+0530] {logging_mixin.py:190} INFO - [2026-04-07T04:29:11.630+0530] {dag.py:3239} INFO - Sync 1 DAGs
[2026-04-07T04:29:11.641+0530] {logging_mixin.py:190} INFO - [2026-04-07T04:29:11.640+0530] {dag.py:4180} INFO - Setting next_dagrun for example_setup_teardown_taskflow to None, run_after=None
[2026-04-07T04:29:11.679+0530] {processor.py:208} INFO - Processing /home/ubantu/miniconda3/envs/airflow-env/lib/python3.11/site-packages/airflow/example_dags/example_setup_teardown_taskflow.py took 0.082 seconds
[2026-04-07T04:30:09.163+0530] {processor.py:186} INFO - Started process (PID=7763) to work on /home/ubantu/miniconda3/envs/airflow-env/lib/python3.11/site-packages/airflow/example_dags/example_setup_teardown_taskflow.py
[2026-04-07T04:30:09.165+0530] {processor.py:914} INFO - Processing file /home/ubantu/miniconda3/envs/airflow-env/lib/python3.11/site-packages/airflow/example_dags/example_setup_teardown_taskflow.py for tasks to queue
[2026-04-07T04:30:09.167+0530] {logging_mixin.py:190} INFO - [2026-04-07T04:30:09.166+0530] {dagbag.py:588} INFO - Filling up the DagBag from /home/ubantu/miniconda3/envs/airflow-env/lib/python3.11/site-packages/airflow/example_dags/example_setup_teardown_taskflow.py
[2026-04-07T04:30:09.178+0530] {processor.py:925} INFO - DAG(s) 'example_setup_teardown_taskflow' retrieved from /home/ubantu/miniconda3/envs/airflow-env/lib/python3.11/site-packages/airflow/example_dags/example_setup_teardown_taskflow.py
[2026-04-07T04:30:09.194+0530] {logging_mixin.py:190} INFO - [2026-04-07T04:30:09.194+0530] {dag.py:3239} INFO - Sync 1 DAGs
[2026-04-07T04:30:09.204+0530] {logging_mixin.py:190} INFO - [2026-04-07T04:30:09.204+0530] {dag.py:4180} INFO - Setting next_dagrun for example_setup_teardown_taskflow to None, run_after=None
[2026-04-07T04:30:09.248+0530] {processor.py:208} INFO - Processing /home/ubantu/miniconda3/envs/airflow-env/lib/python3.11/site-packages/airflow/example_dags/example_setup_teardown_taskflow.py took 0.091 seconds
[2026-04-07T04:31:06.918+0530] {processor.py:186} INFO - Started process (PID=7832) to work on /home/ubantu/miniconda3/envs/airflow-env/lib/python3.11/site-packages/airflow/example_dags/example_setup_teardown_taskflow.py
[2026-04-07T04:31:06.920+0530] {processor.py:914} INFO - Processing file /home/ubantu/miniconda3/envs/airflow-env/lib/python3.11/site-packages/airflow/example_dags/example_setup_teardown_taskflow.py for tasks to queue
[2026-04-07T04:31:06.923+0530] {logging_mixin.py:190} INFO - [2026-04-07T04:31:06.922+0530] {dagbag.py:588} INFO - Filling up the DagBag from /home/ubantu/miniconda3/envs/airflow-env/lib/python3.11/site-packages/airflow/example_dags/example_setup_teardown_taskflow.py
[2026-04-07T04:31:06.936+0530] {processor.py:925} INFO - DAG(s) 'example_setup_teardown_taskflow' retrieved from /home/ubantu/miniconda3/envs/airflow-env/lib/python3.11/site-packages/airflow/example_dags/example_setup_teardown_taskflow.py
[2026-04-07T04:31:06.954+0530] {logging_mixin.py:190} INFO - [2026-04-07T04:31:06.953+0530] {dag.py:3239} INFO - Sync 1 DAGs
[2026-04-07T04:31:06.965+0530] {logging_mixin.py:190} INFO - [2026-04-07T04:31:06.965+0530] {dag.py:4180} INFO - Setting next_dagrun for example_setup_teardown_taskflow to None, run_after=None
[2026-04-07T04:31:07.009+0530] {processor.py:208} INFO - Processing /home/ubantu/miniconda3/envs/airflow-env/lib/python3.11/site-packages/airflow/example_dags/example_setup_teardown_taskflow.py took 0.099 seconds
[2026-04-07T04:32:06.013+0530] {processor.py:186} INFO - Started process (PID=7897) to work on /home/ubantu/miniconda3/envs/airflow-env/lib/python3.11/site-packages/airflow/example_dags/example_setup_teardown_taskflow.py
[2026-04-07T04:32:06.016+0530] {processor.py:914} INFO - Processing file /home/ubantu/miniconda3/envs/airflow-env/lib/python3.11/site-packages/airflow/example_dags/example_setup_teardown_taskflow.py for tasks to queue
[2026-04-07T04:32:06.018+0530] {logging_mixin.py:190} INFO - [2026-04-07T04:32:06.017+0530] {dagbag.py:588} INFO - Filling up the DagBag from /home/ubantu/miniconda3/envs/airflow-env/lib/python3.11/site-packages/airflow/example_dags/example_setup_teardown_taskflow.py
[2026-04-07T04:32:06.027+0530] {processor.py:925} INFO - DAG(s) 'example_setup_teardown_taskflow' retrieved from /home/ubantu/miniconda3/envs/airflow-env/lib/python3.11/site-packages/airflow/example_dags/example_setup_teardown_taskflow.py
[2026-04-07T04:32:06.042+0530] {logging_mixin.py:190} INFO - [2026-04-07T04:32:06.042+0530] {dag.py:3239} INFO - Sync 1 DAGs
[2026-04-07T04:32:06.052+0530] {logging_mixin.py:190} INFO - [2026-04-07T04:32:06.052+0530] {dag.py:4180} INFO - Setting next_dagrun for example_setup_teardown_taskflow to None, run_after=None
[2026-04-07T04:32:06.090+0530] {processor.py:208} INFO - Processing /home/ubantu/miniconda3/envs/airflow-env/lib/python3.11/site-packages/airflow/example_dags/example_setup_teardown_taskflow.py took 0.082 seconds
[2026-04-07T04:33:01.874+0530] {processor.py:186} INFO - Started process (PID=7972) to work on /home/ubantu/miniconda3/envs/airflow-env/lib/python3.11/site-packages/airflow/example_dags/example_setup_teardown_taskflow.py
[2026-04-07T04:33:01.875+0530] {processor.py:914} INFO - Processing file /home/ubantu/miniconda3/envs/airflow-env/lib/python3.11/site-packages/airflow/example_dags/example_setup_teardown_taskflow.py for tasks to queue
[2026-04-07T04:33:01.878+0530] {logging_mixin.py:190} INFO - [2026-04-07T04:33:01.878+0530] {dagbag.py:588} INFO - Filling up the DagBag from /home/ubantu/miniconda3/envs/airflow-env/lib/python3.11/site-packages/airflow/example_dags/example_setup_teardown_taskflow.py
[2026-04-07T04:33:01.893+0530] {processor.py:925} INFO - DAG(s) 'example_setup_teardown_taskflow' retrieved from /home/ubantu/miniconda3/envs/airflow-env/lib/python3.11/site-packages/airflow/example_dags/example_setup_teardown_taskflow.py
[2026-04-07T04:33:01.909+0530] {logging_mixin.py:190} INFO - [2026-04-07T04:33:01.909+0530] {dag.py:3239} INFO - Sync 1 DAGs
[2026-04-07T04:33:01.919+0530] {logging_mixin.py:190} INFO - [2026-04-07T04:33:01.919+0530] {dag.py:4180} INFO - Setting next_dagrun for example_setup_teardown_taskflow to None, run_after=None
[2026-04-07T04:33:01.936+0530] {processor.py:208} INFO - Processing /home/ubantu/miniconda3/envs/airflow-env/lib/python3.11/site-packages/airflow/example_dags/example_setup_teardown_taskflow.py took 0.071 seconds
[2026-04-07T04:33:55.989+0530] {processor.py:186} INFO - Started process (PID=8151) to work on /home/ubantu/miniconda3/envs/airflow-env/lib/python3.11/site-packages/airflow/example_dags/example_setup_teardown_taskflow.py
[2026-04-07T04:33:55.990+0530] {processor.py:914} INFO - Processing file /home/ubantu/miniconda3/envs/airflow-env/lib/python3.11/site-packages/airflow/example_dags/example_setup_teardown_taskflow.py for tasks to queue
[2026-04-07T04:33:55.993+0530] {logging_mixin.py:190} INFO - [2026-04-07T04:33:55.993+0530] {dagbag.py:588} INFO - Filling up the DagBag from /home/ubantu/miniconda3/envs/airflow-env/lib/python3.11/site-packages/airflow/example_dags/example_setup_teardown_taskflow.py
[2026-04-07T04:33:56.007+0530] {processor.py:925} INFO - DAG(s) 'example_setup_teardown_taskflow' retrieved from /home/ubantu/miniconda3/envs/airflow-env/lib/python3.11/site-packages/airflow/example_dags/example_setup_teardown_taskflow.py
[2026-04-07T04:33:56.025+0530] {logging_mixin.py:190} INFO - [2026-04-07T04:33:56.025+0530] {dag.py:3239} INFO - Sync 1 DAGs
[2026-04-07T04:33:56.037+0530] {logging_mixin.py:190} INFO - [2026-04-07T04:33:56.036+0530] {dag.py:4180} INFO - Setting next_dagrun for example_setup_teardown_taskflow to None, run_after=None
[2026-04-07T04:33:56.054+0530] {processor.py:208} INFO - Processing /home/ubantu/miniconda3/envs/airflow-env/lib/python3.11/site-packages/airflow/example_dags/example_setup_teardown_taskflow.py took 0.075 seconds
[2026-04-07T04:34:51.423+0530] {processor.py:186} INFO - Started process (PID=8221) to work on /home/ubantu/miniconda3/envs/airflow-env/lib/python3.11/site-packages/airflow/example_dags/example_setup_teardown_taskflow.py
[2026-04-07T04:34:51.424+0530] {processor.py:914} INFO - Processing file /home/ubantu/miniconda3/envs/airflow-env/lib/python3.11/site-packages/airflow/example_dags/example_setup_teardown_taskflow.py for tasks to queue
[2026-04-07T04:34:51.426+0530] {logging_mixin.py:190} INFO - [2026-04-07T04:34:51.425+0530] {dagbag.py:588} INFO - Filling up the DagBag from /home/ubantu/miniconda3/envs/airflow-env/lib/python3.11/site-packages/airflow/example_dags/example_setup_teardown_taskflow.py
[2026-04-07T04:34:51.438+0530] {processor.py:925} INFO - DAG(s) 'example_setup_teardown_taskflow' retrieved from /home/ubantu/miniconda3/envs/airflow-env/lib/python3.11/site-packages/airflow/example_dags/example_setup_teardown_taskflow.py
[2026-04-07T04:34:51.457+0530] {logging_mixin.py:190} INFO - [2026-04-07T04:34:51.457+0530] {dag.py:3239} INFO - Sync 1 DAGs
[2026-04-07T04:34:51.468+0530] {logging_mixin.py:190} INFO - [2026-04-07T04:34:51.467+0530] {dag.py:4180} INFO - Setting next_dagrun for example_setup_teardown_taskflow to None, run_after=None
[2026-04-07T04:34:51.485+0530] {processor.py:208} INFO - Processing /home/ubantu/miniconda3/envs/airflow-env/lib/python3.11/site-packages/airflow/example_dags/example_setup_teardown_taskflow.py took 0.069 seconds
[2026-04-07T04:35:43.244+0530] {processor.py:186} INFO - Started process (PID=8294) to work on /home/ubantu/miniconda3/envs/airflow-env/lib/python3.11/site-packages/airflow/example_dags/example_setup_teardown_taskflow.py
[2026-04-07T04:35:43.245+0530] {processor.py:914} INFO - Processing file /home/ubantu/miniconda3/envs/airflow-env/lib/python3.11/site-packages/airflow/example_dags/example_setup_teardown_taskflow.py for tasks to queue
[2026-04-07T04:35:43.248+0530] {logging_mixin.py:190} INFO - [2026-04-07T04:35:43.247+0530] {dagbag.py:588} INFO - Filling up the DagBag from /home/ubantu/miniconda3/envs/airflow-env/lib/python3.11/site-packages/airflow/example_dags/example_setup_teardown_taskflow.py
[2026-04-07T04:35:43.262+0530] {processor.py:925} INFO - DAG(s) 'example_setup_teardown_taskflow' retrieved from /home/ubantu/miniconda3/envs/airflow-env/lib/python3.11/site-packages/airflow/example_dags/example_setup_teardown_taskflow.py
[2026-04-07T04:35:43.287+0530] {logging_mixin.py:190} INFO - [2026-04-07T04:35:43.286+0530] {dag.py:3239} INFO - Sync 1 DAGs
[2026-04-07T04:35:43.305+0530] {logging_mixin.py:190} INFO - [2026-04-07T04:35:43.305+0530] {dag.py:4180} INFO - Setting next_dagrun for example_setup_teardown_taskflow to None, run_after=None
[2026-04-07T04:35:43.337+0530] {processor.py:208} INFO - Processing /home/ubantu/miniconda3/envs/airflow-env/lib/python3.11/site-packages/airflow/example_dags/example_setup_teardown_taskflow.py took 0.099 seconds
[2026-04-07T04:36:38.878+0530] {processor.py:186} INFO - Started process (PID=8369) to work on /home/ubantu/miniconda3/envs/airflow-env/lib/python3.11/site-packages/airflow/example_dags/example_setup_teardown_taskflow.py
[2026-04-07T04:36:38.880+0530] {processor.py:914} INFO - Processing file /home/ubantu/miniconda3/envs/airflow-env/lib/python3.11/site-packages/airflow/example_dags/example_setup_teardown_taskflow.py for tasks to queue
[2026-04-07T04:36:38.882+0530] {logging_mixin.py:190} INFO - [2026-04-07T04:36:38.882+0530] {dagbag.py:588} INFO - Filling up the DagBag from /home/ubantu/miniconda3/envs/airflow-env/lib/python3.11/site-packages/airflow/example_dags/example_setup_teardown_taskflow.py
[2026-04-07T04:36:38.895+0530] {processor.py:925} INFO - DAG(s) 'example_setup_teardown_taskflow' retrieved from /home/ubantu/miniconda3/envs/airflow-env/lib/python3.11/site-packages/airflow/example_dags/example_setup_teardown_taskflow.py
[2026-04-07T04:36:38.912+0530] {logging_mixin.py:190} INFO - [2026-04-07T04:36:38.912+0530] {dag.py:3239} INFO - Sync 1 DAGs
[2026-04-07T04:36:38.925+0530] {logging_mixin.py:190} INFO - [2026-04-07T04:36:38.925+0530] {dag.py:4180} INFO - Setting next_dagrun for example_setup_teardown_taskflow to None, run_after=None
[2026-04-07T04:36:38.946+0530] {processor.py:208} INFO - Processing /home/ubantu/miniconda3/envs/airflow-env/lib/python3.11/site-packages/airflow/example_dags/example_setup_teardown_taskflow.py took 0.074 seconds
[2026-04-07T04:37:31.920+0530] {processor.py:186} INFO - Started process (PID=8457) to work on /home/ubantu/miniconda3/envs/airflow-env/lib/python3.11/site-packages/airflow/example_dags/example_setup_teardown_taskflow.py
[2026-04-07T04:37:31.922+0530] {processor.py:914} INFO - Processing file /home/ubantu/miniconda3/envs/airflow-env/lib/python3.11/site-packages/airflow/example_dags/example_setup_teardown_taskflow.py for tasks to queue
[2026-04-07T04:37:31.923+0530] {logging_mixin.py:190} INFO - [2026-04-07T04:37:31.923+0530] {dagbag.py:588} INFO - Filling up the DagBag from /home/ubantu/miniconda3/envs/airflow-env/lib/python3.11/site-packages/airflow/example_dags/example_setup_teardown_taskflow.py
[2026-04-07T04:37:31.938+0530] {processor.py:925} INFO - DAG(s) 'example_setup_teardown_taskflow' retrieved from /home/ubantu/miniconda3/envs/airflow-env/lib/python3.11/site-packages/airflow/example_dags/example_setup_teardown_taskflow.py
[2026-04-07T04:37:31.959+0530] {logging_mixin.py:190} INFO - [2026-04-07T04:37:31.959+0530] {dag.py:3239} INFO - Sync 1 DAGs
[2026-04-07T04:37:31.971+0530] {logging_mixin.py:190} INFO - [2026-04-07T04:37:31.971+0530] {dag.py:4180} INFO - Setting next_dagrun for example_setup_teardown_taskflow to None, run_after=None
[2026-04-07T04:37:31.989+0530] {processor.py:208} INFO - Processing /home/ubantu/miniconda3/envs/airflow-env/lib/python3.11/site-packages/airflow/example_dags/example_setup_teardown_taskflow.py took 0.076 seconds
[2026-04-07T04:38:37.397+0530] {processor.py:186} INFO - Started process (PID=8565) to work on /home/ubantu/miniconda3/envs/airflow-env/lib/python3.11/site-packages/airflow/example_dags/example_setup_teardown_taskflow.py
[2026-04-07T04:38:37.398+0530] {processor.py:914} INFO - Processing file /home/ubantu/miniconda3/envs/airflow-env/lib/python3.11/site-packages/airflow/example_dags/example_setup_teardown_taskflow.py for tasks to queue
[2026-04-07T04:38:37.399+0530] {logging_mixin.py:190} INFO - [2026-04-07T04:38:37.399+0530] {dagbag.py:588} INFO - Filling up the DagBag from /home/ubantu/miniconda3/envs/airflow-env/lib/python3.11/site-packages/airflow/example_dags/example_setup_teardown_taskflow.py
[2026-04-07T04:38:37.413+0530] {processor.py:925} INFO - DAG(s) 'example_setup_teardown_taskflow' retrieved from /home/ubantu/miniconda3/envs/airflow-env/lib/python3.11/site-packages/airflow/example_dags/example_setup_teardown_taskflow.py
[2026-04-07T04:38:37.432+0530] {logging_mixin.py:190} INFO - [2026-04-07T04:38:37.432+0530] {dag.py:3239} INFO - Sync 1 DAGs
[2026-04-07T04:38:37.443+0530] {logging_mixin.py:190} INFO - [2026-04-07T04:38:37.443+0530] {dag.py:4180} INFO - Setting next_dagrun for example_setup_teardown_taskflow to None, run_after=None
[2026-04-07T04:38:37.462+0530] {processor.py:208} INFO - Processing /home/ubantu/miniconda3/envs/airflow-env/lib/python3.11/site-packages/airflow/example_dags/example_setup_teardown_taskflow.py took 0.072 seconds
[2026-04-07T04:39:35.425+0530] {processor.py:186} INFO - Started process (PID=8641) to work on /home/ubantu/miniconda3/envs/airflow-env/lib/python3.11/site-packages/airflow/example_dags/example_setup_teardown_taskflow.py
[2026-04-07T04:39:35.426+0530] {processor.py:914} INFO - Processing file /home/ubantu/miniconda3/envs/airflow-env/lib/python3.11/site-packages/airflow/example_dags/example_setup_teardown_taskflow.py for tasks to queue
[2026-04-07T04:39:35.428+0530] {logging_mixin.py:190} INFO - [2026-04-07T04:39:35.427+0530] {dagbag.py:588} INFO - Filling up the DagBag from /home/ubantu/miniconda3/envs/airflow-env/lib/python3.11/site-packages/airflow/example_dags/example_setup_teardown_taskflow.py
[2026-04-07T04:39:35.440+0530] {processor.py:925} INFO - DAG(s) 'example_setup_teardown_taskflow' retrieved from /home/ubantu/miniconda3/envs/airflow-env/lib/python3.11/site-packages/airflow/example_dags/example_setup_teardown_taskflow.py
[2026-04-07T04:39:35.458+0530] {logging_mixin.py:190} INFO - [2026-04-07T04:39:35.457+0530] {dag.py:3239} INFO - Sync 1 DAGs
[2026-04-07T04:39:35.468+0530] {logging_mixin.py:190} INFO - [2026-04-07T04:39:35.468+0530] {dag.py:4180} INFO - Setting next_dagrun for example_setup_teardown_taskflow to None, run_after=None
[2026-04-07T04:39:35.485+0530] {processor.py:208} INFO - Processing /home/ubantu/miniconda3/envs/airflow-env/lib/python3.11/site-packages/airflow/example_dags/example_setup_teardown_taskflow.py took 0.066 seconds
[2026-04-07T04:40:32.074+0530] {processor.py:186} INFO - Started process (PID=8718) to work on /home/ubantu/miniconda3/envs/airflow-env/lib/python3.11/site-packages/airflow/example_dags/example_setup_teardown_taskflow.py
[2026-04-07T04:40:32.075+0530] {processor.py:914} INFO - Processing file /home/ubantu/miniconda3/envs/airflow-env/lib/python3.11/site-packages/airflow/example_dags/example_setup_teardown_taskflow.py for tasks to queue
[2026-04-07T04:40:32.077+0530] {logging_mixin.py:190} INFO - [2026-04-07T04:40:32.076+0530] {dagbag.py:588} INFO - Filling up the DagBag from /home/ubantu/miniconda3/envs/airflow-env/lib/python3.11/site-packages/airflow/example_dags/example_setup_teardown_taskflow.py
[2026-04-07T04:40:32.091+0530] {processor.py:925} INFO - DAG(s) 'example_setup_teardown_taskflow' retrieved from /home/ubantu/miniconda3/envs/airflow-env/lib/python3.11/site-packages/airflow/example_dags/example_setup_teardown_taskflow.py
[2026-04-07T04:40:32.110+0530] {logging_mixin.py:190} INFO - [2026-04-07T04:40:32.110+0530] {dag.py:3239} INFO - Sync 1 DAGs
[2026-04-07T04:40:32.122+0530] {logging_mixin.py:190} INFO - [2026-04-07T04:40:32.122+0530] {dag.py:4180} INFO - Setting next_dagrun for example_setup_teardown_taskflow to None, run_after=None
[2026-04-07T04:40:32.139+0530] {processor.py:208} INFO - Processing /home/ubantu/miniconda3/envs/airflow-env/lib/python3.11/site-packages/airflow/example_dags/example_setup_teardown_taskflow.py took 0.072 seconds
[2026-04-07T04:41:23.329+0530] {processor.py:186} INFO - Started process (PID=8863) to work on /home/ubantu/miniconda3/envs/airflow-env/lib/python3.11/site-packages/airflow/example_dags/example_setup_teardown_taskflow.py
[2026-04-07T04:41:23.330+0530] {processor.py:914} INFO - Processing file /home/ubantu/miniconda3/envs/airflow-env/lib/python3.11/site-packages/airflow/example_dags/example_setup_teardown_taskflow.py for tasks to queue
[2026-04-07T04:41:23.332+0530] {logging_mixin.py:190} INFO - [2026-04-07T04:41:23.331+0530] {dagbag.py:588} INFO - Filling up the DagBag from /home/ubantu/miniconda3/envs/airflow-env/lib/python3.11/site-packages/airflow/example_dags/example_setup_teardown_taskflow.py
[2026-04-07T04:41:23.344+0530] {processor.py:925} INFO - DAG(s) 'example_setup_teardown_taskflow' retrieved from /home/ubantu/miniconda3/envs/airflow-env/lib/python3.11/site-packages/airflow/example_dags/example_setup_teardown_taskflow.py
[2026-04-07T04:41:23.361+0530] {logging_mixin.py:190} INFO - [2026-04-07T04:41:23.361+0530] {dag.py:3239} INFO - Sync 1 DAGs
[2026-04-07T04:41:23.372+0530] {logging_mixin.py:190} INFO - [2026-04-07T04:41:23.372+0530] {dag.py:4180} INFO - Setting next_dagrun for example_setup_teardown_taskflow to None, run_after=None
[2026-04-07T04:41:23.391+0530] {processor.py:208} INFO - Processing /home/ubantu/miniconda3/envs/airflow-env/lib/python3.11/site-packages/airflow/example_dags/example_setup_teardown_taskflow.py took 0.068 seconds
[2026-04-07T04:41:30.433+0530] {processor.py:186} INFO - Started process (PID=8887) to work on /home/ubantu/miniconda3/envs/airflow-env/lib/python3.11/site-packages/airflow/example_dags/example_setup_teardown_taskflow.py
[2026-04-07T04:41:30.434+0530] {processor.py:914} INFO - Processing file /home/ubantu/miniconda3/envs/airflow-env/lib/python3.11/site-packages/airflow/example_dags/example_setup_teardown_taskflow.py for tasks to queue
[2026-04-07T04:41:30.435+0530] {logging_mixin.py:190} INFO - [2026-04-07T04:41:30.435+0530] {dagbag.py:588} INFO - Filling up the DagBag from /home/ubantu/miniconda3/envs/airflow-env/lib/python3.11/site-packages/airflow/example_dags/example_setup_teardown_taskflow.py
[2026-04-07T04:41:30.450+0530] {processor.py:925} INFO - DAG(s) 'example_setup_teardown_taskflow' retrieved from /home/ubantu/miniconda3/envs/airflow-env/lib/python3.11/site-packages/airflow/example_dags/example_setup_teardown_taskflow.py
[2026-04-07T04:41:30.473+0530] {logging_mixin.py:190} INFO - [2026-04-07T04:41:30.473+0530] {dag.py:3239} INFO - Sync 1 DAGs
[2026-04-07T04:41:30.486+0530] {logging_mixin.py:190} INFO - [2026-04-07T04:41:30.486+0530] {dag.py:4180} INFO - Setting next_dagrun for example_setup_teardown_taskflow to None, run_after=None
[2026-04-07T04:41:30.505+0530] {processor.py:208} INFO - Processing /home/ubantu/miniconda3/envs/airflow-env/lib/python3.11/site-packages/airflow/example_dags/example_setup_teardown_taskflow.py took 0.080 seconds
[2026-04-07T04:42:17.036+0530] {processor.py:186} INFO - Started process (PID=9006) to work on /home/ubantu/miniconda3/envs/airflow-env/lib/python3.11/site-packages/airflow/example_dags/example_setup_teardown_taskflow.py
[2026-04-07T04:42:17.037+0530] {processor.py:914} INFO - Processing file /home/ubantu/miniconda3/envs/airflow-env/lib/python3.11/site-packages/airflow/example_dags/example_setup_teardown_taskflow.py for tasks to queue
[2026-04-07T04:42:17.040+0530] {logging_mixin.py:190} INFO - [2026-04-07T04:42:17.039+0530] {dagbag.py:588} INFO - Filling up the DagBag from /home/ubantu/miniconda3/envs/airflow-env/lib/python3.11/site-packages/airflow/example_dags/example_setup_teardown_taskflow.py
[2026-04-07T04:42:17.053+0530] {processor.py:925} INFO - DAG(s) 'example_setup_teardown_taskflow' retrieved from /home/ubantu/miniconda3/envs/airflow-env/lib/python3.11/site-packages/airflow/example_dags/example_setup_teardown_taskflow.py
[2026-04-07T04:42:17.070+0530] {logging_mixin.py:190} INFO - [2026-04-07T04:42:17.070+0530] {dag.py:3239} INFO - Sync 1 DAGs
[2026-04-07T04:42:17.081+0530] {logging_mixin.py:190} INFO - [2026-04-07T04:42:17.080+0530] {dag.py:4180} INFO - Setting next_dagrun for example_setup_teardown_taskflow to None, run_after=None
[2026-04-07T04:42:17.101+0530] {processor.py:208} INFO - Processing /home/ubantu/miniconda3/envs/airflow-env/lib/python3.11/site-packages/airflow/example_dags/example_setup_teardown_taskflow.py took 0.071 seconds
[2026-04-07T04:42:25.787+0530] {processor.py:186} INFO - Started process (PID=9026) to work on /home/ubantu/miniconda3/envs/airflow-env/lib/python3.11/site-packages/airflow/example_dags/example_setup_teardown_taskflow.py
[2026-04-07T04:42:25.787+0530] {processor.py:914} INFO - Processing file /home/ubantu/miniconda3/envs/airflow-env/lib/python3.11/site-packages/airflow/example_dags/example_setup_teardown_taskflow.py for tasks to queue
[2026-04-07T04:42:25.789+0530] {logging_mixin.py:190} INFO - [2026-04-07T04:42:25.789+0530] {dagbag.py:588} INFO - Filling up the DagBag from /home/ubantu/miniconda3/envs/airflow-env/lib/python3.11/site-packages/airflow/example_dags/example_setup_teardown_taskflow.py
[2026-04-07T04:42:25.805+0530] {processor.py:925} INFO - DAG(s) 'example_setup_teardown_taskflow' retrieved from /home/ubantu/miniconda3/envs/airflow-env/lib/python3.11/site-packages/airflow/example_dags/example_setup_teardown_taskflow.py
[2026-04-07T04:42:25.825+0530] {logging_mixin.py:190} INFO - [2026-04-07T04:42:25.825+0530] {dag.py:3239} INFO - Sync 1 DAGs
[2026-04-07T04:42:25.836+0530] {logging_mixin.py:190} INFO - [2026-04-07T04:42:25.836+0530] {dag.py:4180} INFO - Setting next_dagrun for example_setup_teardown_taskflow to None, run_after=None
[2026-04-07T04:42:25.854+0530] {processor.py:208} INFO - Processing /home/ubantu/miniconda3/envs/airflow-env/lib/python3.11/site-packages/airflow/example_dags/example_setup_teardown_taskflow.py took 0.076 seconds
[2026-04-07T04:43:15.159+0530] {processor.py:186} INFO - Started process (PID=9153) to work on /home/ubantu/miniconda3/envs/airflow-env/lib/python3.11/site-packages/airflow/example_dags/example_setup_teardown_taskflow.py
[2026-04-07T04:43:15.160+0530] {processor.py:914} INFO - Processing file /home/ubantu/miniconda3/envs/airflow-env/lib/python3.11/site-packages/airflow/example_dags/example_setup_teardown_taskflow.py for tasks to queue
[2026-04-07T04:43:15.163+0530] {logging_mixin.py:190} INFO - [2026-04-07T04:43:15.163+0530] {dagbag.py:588} INFO - Filling up the DagBag from /home/ubantu/miniconda3/envs/airflow-env/lib/python3.11/site-packages/airflow/example_dags/example_setup_teardown_taskflow.py
[2026-04-07T04:43:15.178+0530] {processor.py:925} INFO - DAG(s) 'example_setup_teardown_taskflow' retrieved from /home/ubantu/miniconda3/envs/airflow-env/lib/python3.11/site-packages/airflow/example_dags/example_setup_teardown_taskflow.py
[2026-04-07T04:43:15.197+0530] {logging_mixin.py:190} INFO - [2026-04-07T04:43:15.197+0530] {dag.py:3239} INFO - Sync 1 DAGs
[2026-04-07T04:43:15.209+0530] {logging_mixin.py:190} INFO - [2026-04-07T04:43:15.209+0530] {dag.py:4180} INFO - Setting next_dagrun for example_setup_teardown_taskflow to None, run_after=None
[2026-04-07T04:43:15.227+0530] {processor.py:208} INFO - Processing /home/ubantu/miniconda3/envs/airflow-env/lib/python3.11/site-packages/airflow/example_dags/example_setup_teardown_taskflow.py took 0.074 seconds
[2026-04-07T04:43:18.636+0530] {processor.py:186} INFO - Started process (PID=9160) to work on /home/ubantu/miniconda3/envs/airflow-env/lib/python3.11/site-packages/airflow/example_dags/example_setup_teardown_taskflow.py
[2026-04-07T04:43:18.637+0530] {processor.py:914} INFO - Processing file /home/ubantu/miniconda3/envs/airflow-env/lib/python3.11/site-packages/airflow/example_dags/example_setup_teardown_taskflow.py for tasks to queue
[2026-04-07T04:43:18.638+0530] {logging_mixin.py:190} INFO - [2026-04-07T04:43:18.637+0530] {dagbag.py:588} INFO - Filling up the DagBag from /home/ubantu/miniconda3/envs/airflow-env/lib/python3.11/site-packages/airflow/example_dags/example_setup_teardown_taskflow.py
[2026-04-07T04:43:18.649+0530] {processor.py:925} INFO - DAG(s) 'example_setup_teardown_taskflow' retrieved from /home/ubantu/miniconda3/envs/airflow-env/lib/python3.11/site-packages/airflow/example_dags/example_setup_teardown_taskflow.py
[2026-04-07T04:43:18.666+0530] {logging_mixin.py:190} INFO - [2026-04-07T04:43:18.665+0530] {dag.py:3239} INFO - Sync 1 DAGs
[2026-04-07T04:43:18.676+0530] {logging_mixin.py:190} INFO - [2026-04-07T04:43:18.676+0530] {dag.py:4180} INFO - Setting next_dagrun for example_setup_teardown_taskflow to None, run_after=None
[2026-04-07T04:43:18.694+0530] {processor.py:208} INFO - Processing /home/ubantu/miniconda3/envs/airflow-env/lib/python3.11/site-packages/airflow/example_dags/example_setup_teardown_taskflow.py took 0.064 seconds
[2026-04-07T04:44:11.777+0530] {processor.py:186} INFO - Started process (PID=9296) to work on /home/ubantu/miniconda3/envs/airflow-env/lib/python3.11/site-packages/airflow/example_dags/example_setup_teardown_taskflow.py
[2026-04-07T04:44:11.778+0530] {processor.py:914} INFO - Processing file /home/ubantu/miniconda3/envs/airflow-env/lib/python3.11/site-packages/airflow/example_dags/example_setup_teardown_taskflow.py for tasks to queue
[2026-04-07T04:44:11.779+0530] {logging_mixin.py:190} INFO - [2026-04-07T04:44:11.778+0530] {dagbag.py:588} INFO - Filling up the DagBag from /home/ubantu/miniconda3/envs/airflow-env/lib/python3.11/site-packages/airflow/example_dags/example_setup_teardown_taskflow.py
[2026-04-07T04:44:11.789+0530] {processor.py:925} INFO - DAG(s) 'example_setup_teardown_taskflow' retrieved from /home/ubantu/miniconda3/envs/airflow-env/lib/python3.11/site-packages/airflow/example_dags/example_setup_teardown_taskflow.py
[2026-04-07T04:44:11.805+0530] {logging_mixin.py:190} INFO - [2026-04-07T04:44:11.805+0530] {dag.py:3239} INFO - Sync 1 DAGs
[2026-04-07T04:44:11.816+0530] {logging_mixin.py:190} INFO - [2026-04-07T04:44:11.816+0530] {dag.py:4180} INFO - Setting next_dagrun for example_setup_teardown_taskflow to None, run_after=None
[2026-04-07T04:44:11.835+0530] {processor.py:208} INFO - Processing /home/ubantu/miniconda3/envs/airflow-env/lib/python3.11/site-packages/airflow/example_dags/example_setup_teardown_taskflow.py took 0.064 seconds
[2026-04-07T04:44:12.510+0530] {processor.py:186} INFO - Started process (PID=9297) to work on /home/ubantu/miniconda3/envs/airflow-env/lib/python3.11/site-packages/airflow/example_dags/example_setup_teardown_taskflow.py
[2026-04-07T04:44:12.511+0530] {processor.py:914} INFO - Processing file /home/ubantu/miniconda3/envs/airflow-env/lib/python3.11/site-packages/airflow/example_dags/example_setup_teardown_taskflow.py for tasks to queue
[2026-04-07T04:44:12.514+0530] {logging_mixin.py:190} INFO - [2026-04-07T04:44:12.513+0530] {dagbag.py:588} INFO - Filling up the DagBag from /home/ubantu/miniconda3/envs/airflow-env/lib/python3.11/site-packages/airflow/example_dags/example_setup_teardown_taskflow.py
[2026-04-07T04:44:12.529+0530] {processor.py:925} INFO - DAG(s) 'example_setup_teardown_taskflow' retrieved from /home/ubantu/miniconda3/envs/airflow-env/lib/python3.11/site-packages/airflow/example_dags/example_setup_teardown_taskflow.py
[2026-04-07T04:44:12.547+0530] {logging_mixin.py:190} INFO - [2026-04-07T04:44:12.547+0530] {dag.py:3239} INFO - Sync 1 DAGs
[2026-04-07T04:44:12.558+0530] {logging_mixin.py:190} INFO - [2026-04-07T04:44:12.558+0530] {dag.py:4180} INFO - Setting next_dagrun for example_setup_teardown_taskflow to None, run_after=None
[2026-04-07T04:44:12.581+0530] {processor.py:208} INFO - Processing /home/ubantu/miniconda3/envs/airflow-env/lib/python3.11/site-packages/airflow/example_dags/example_setup_teardown_taskflow.py took 0.079 seconds
[2026-04-07T04:45:09.329+0530] {processor.py:186} INFO - Started process (PID=9423) to work on /home/ubantu/miniconda3/envs/airflow-env/lib/python3.11/site-packages/airflow/example_dags/example_setup_teardown_taskflow.py
[2026-04-07T04:45:09.330+0530] {processor.py:914} INFO - Processing file /home/ubantu/miniconda3/envs/airflow-env/lib/python3.11/site-packages/airflow/example_dags/example_setup_teardown_taskflow.py for tasks to queue
[2026-04-07T04:45:09.331+0530] {logging_mixin.py:190} INFO - [2026-04-07T04:45:09.331+0530] {dagbag.py:588} INFO - Filling up the DagBag from /home/ubantu/miniconda3/envs/airflow-env/lib/python3.11/site-packages/airflow/example_dags/example_setup_teardown_taskflow.py
[2026-04-07T04:45:09.344+0530] {processor.py:925} INFO - DAG(s) 'example_setup_teardown_taskflow' retrieved from /home/ubantu/miniconda3/envs/airflow-env/lib/python3.11/site-packages/airflow/example_dags/example_setup_teardown_taskflow.py
[2026-04-07T04:45:09.360+0530] {logging_mixin.py:190} INFO - [2026-04-07T04:45:09.360+0530] {dag.py:3239} INFO - Sync 1 DAGs
[2026-04-07T04:45:09.371+0530] {logging_mixin.py:190} INFO - [2026-04-07T04:45:09.371+0530] {dag.py:4180} INFO - Setting next_dagrun for example_setup_teardown_taskflow to None, run_after=None
[2026-04-07T04:45:09.389+0530] {processor.py:208} INFO - Processing /home/ubantu/miniconda3/envs/airflow-env/lib/python3.11/site-packages/airflow/example_dags/example_setup_teardown_taskflow.py took 0.066 seconds
[2026-04-07T04:45:13.189+0530] {processor.py:186} INFO - Started process (PID=9433) to work on /home/ubantu/miniconda3/envs/airflow-env/lib/python3.11/site-packages/airflow/example_dags/example_setup_teardown_taskflow.py
[2026-04-07T04:45:13.190+0530] {processor.py:914} INFO - Processing file /home/ubantu/miniconda3/envs/airflow-env/lib/python3.11/site-packages/airflow/example_dags/example_setup_teardown_taskflow.py for tasks to queue
[2026-04-07T04:45:13.193+0530] {logging_mixin.py:190} INFO - [2026-04-07T04:45:13.192+0530] {dagbag.py:588} INFO - Filling up the DagBag from /home/ubantu/miniconda3/envs/airflow-env/lib/python3.11/site-packages/airflow/example_dags/example_setup_teardown_taskflow.py
[2026-04-07T04:45:13.204+0530] {processor.py:925} INFO - DAG(s) 'example_setup_teardown_taskflow' retrieved from /home/ubantu/miniconda3/envs/airflow-env/lib/python3.11/site-packages/airflow/example_dags/example_setup_teardown_taskflow.py
[2026-04-07T04:45:13.221+0530] {logging_mixin.py:190} INFO - [2026-04-07T04:45:13.221+0530] {dag.py:3239} INFO - Sync 1 DAGs
[2026-04-07T04:45:13.232+0530] {logging_mixin.py:190} INFO - [2026-04-07T04:45:13.232+0530] {dag.py:4180} INFO - Setting next_dagrun for example_setup_teardown_taskflow to None, run_after=None
[2026-04-07T04:45:13.252+0530] {processor.py:208} INFO - Processing /home/ubantu/miniconda3/envs/airflow-env/lib/python3.11/site-packages/airflow/example_dags/example_setup_teardown_taskflow.py took 0.069 seconds
[2026-04-07T04:46:01.051+0530] {processor.py:186} INFO - Started process (PID=9538) to work on /home/ubantu/miniconda3/envs/airflow-env/lib/python3.11/site-packages/airflow/example_dags/example_setup_teardown_taskflow.py
[2026-04-07T04:46:01.052+0530] {processor.py:914} INFO - Processing file /home/ubantu/miniconda3/envs/airflow-env/lib/python3.11/site-packages/airflow/example_dags/example_setup_teardown_taskflow.py for tasks to queue
[2026-04-07T04:46:01.053+0530] {logging_mixin.py:190} INFO - [2026-04-07T04:46:01.052+0530] {dagbag.py:588} INFO - Filling up the DagBag from /home/ubantu/miniconda3/envs/airflow-env/lib/python3.11/site-packages/airflow/example_dags/example_setup_teardown_taskflow.py
[2026-04-07T04:46:01.063+0530] {processor.py:925} INFO - DAG(s) 'example_setup_teardown_taskflow' retrieved from /home/ubantu/miniconda3/envs/airflow-env/lib/python3.11/site-packages/airflow/example_dags/example_setup_teardown_taskflow.py
[2026-04-07T04:46:01.080+0530] {logging_mixin.py:190} INFO - [2026-04-07T04:46:01.080+0530] {dag.py:3239} INFO - Sync 1 DAGs
[2026-04-07T04:46:01.091+0530] {logging_mixin.py:190} INFO - [2026-04-07T04:46:01.091+0530] {dag.py:4180} INFO - Setting next_dagrun for example_setup_teardown_taskflow to None, run_after=None
[2026-04-07T04:46:01.109+0530] {processor.py:208} INFO - Processing /home/ubantu/miniconda3/envs/airflow-env/lib/python3.11/site-packages/airflow/example_dags/example_setup_teardown_taskflow.py took 0.064 seconds
[2026-04-07T04:46:09.299+0530] {processor.py:186} INFO - Started process (PID=9559) to work on /home/ubantu/miniconda3/envs/airflow-env/lib/python3.11/site-packages/airflow/example_dags/example_setup_teardown_taskflow.py
[2026-04-07T04:46:09.299+0530] {processor.py:914} INFO - Processing file /home/ubantu/miniconda3/envs/airflow-env/lib/python3.11/site-packages/airflow/example_dags/example_setup_teardown_taskflow.py for tasks to queue
[2026-04-07T04:46:09.301+0530] {logging_mixin.py:190} INFO - [2026-04-07T04:46:09.301+0530] {dagbag.py:588} INFO - Filling up the DagBag from /home/ubantu/miniconda3/envs/airflow-env/lib/python3.11/site-packages/airflow/example_dags/example_setup_teardown_taskflow.py
[2026-04-07T04:46:09.313+0530] {processor.py:925} INFO - DAG(s) 'example_setup_teardown_taskflow' retrieved from /home/ubantu/miniconda3/envs/airflow-env/lib/python3.11/site-packages/airflow/example_dags/example_setup_teardown_taskflow.py
[2026-04-07T04:46:09.330+0530] {logging_mixin.py:190} INFO - [2026-04-07T04:46:09.329+0530] {dag.py:3239} INFO - Sync 1 DAGs
[2026-04-07T04:46:09.340+0530] {logging_mixin.py:190} INFO - [2026-04-07T04:46:09.340+0530] {dag.py:4180} INFO - Setting next_dagrun for example_setup_teardown_taskflow to None, run_after=None
[2026-04-07T04:46:09.360+0530] {processor.py:208} INFO - Processing /home/ubantu/miniconda3/envs/airflow-env/lib/python3.11/site-packages/airflow/example_dags/example_setup_teardown_taskflow.py took 0.068 seconds
[2026-04-07T04:46:54.095+0530] {processor.py:186} INFO - Started process (PID=9653) to work on /home/ubantu/miniconda3/envs/airflow-env/lib/python3.11/site-packages/airflow/example_dags/example_setup_teardown_taskflow.py
[2026-04-07T04:46:54.096+0530] {processor.py:914} INFO - Processing file /home/ubantu/miniconda3/envs/airflow-env/lib/python3.11/site-packages/airflow/example_dags/example_setup_teardown_taskflow.py for tasks to queue
[2026-04-07T04:46:54.097+0530] {logging_mixin.py:190} INFO - [2026-04-07T04:46:54.097+0530] {dagbag.py:588} INFO - Filling up the DagBag from /home/ubantu/miniconda3/envs/airflow-env/lib/python3.11/site-packages/airflow/example_dags/example_setup_teardown_taskflow.py
[2026-04-07T04:46:54.109+0530] {processor.py:925} INFO - DAG(s) 'example_setup_teardown_taskflow' retrieved from /home/ubantu/miniconda3/envs/airflow-env/lib/python3.11/site-packages/airflow/example_dags/example_setup_teardown_taskflow.py
[2026-04-07T04:46:54.125+0530] {logging_mixin.py:190} INFO - [2026-04-07T04:46:54.125+0530] {dag.py:3239} INFO - Sync 1 DAGs
[2026-04-07T04:46:54.137+0530] {logging_mixin.py:190} INFO - [2026-04-07T04:46:54.136+0530] {dag.py:4180} INFO - Setting next_dagrun for example_setup_teardown_taskflow to None, run_after=None
[2026-04-07T04:46:54.153+0530] {processor.py:208} INFO - Processing /home/ubantu/miniconda3/envs/airflow-env/lib/python3.11/site-packages/airflow/example_dags/example_setup_teardown_taskflow.py took 0.065 seconds
[2026-04-07T04:47:06.900+0530] {processor.py:186} INFO - Started process (PID=9685) to work on /home/ubantu/miniconda3/envs/airflow-env/lib/python3.11/site-packages/airflow/example_dags/example_setup_teardown_taskflow.py
[2026-04-07T04:47:06.900+0530] {processor.py:914} INFO - Processing file /home/ubantu/miniconda3/envs/airflow-env/lib/python3.11/site-packages/airflow/example_dags/example_setup_teardown_taskflow.py for tasks to queue
[2026-04-07T04:47:06.903+0530] {logging_mixin.py:190} INFO - [2026-04-07T04:47:06.902+0530] {dagbag.py:588} INFO - Filling up the DagBag from /home/ubantu/miniconda3/envs/airflow-env/lib/python3.11/site-packages/airflow/example_dags/example_setup_teardown_taskflow.py
[2026-04-07T04:47:06.915+0530] {processor.py:925} INFO - DAG(s) 'example_setup_teardown_taskflow' retrieved from /home/ubantu/miniconda3/envs/airflow-env/lib/python3.11/site-packages/airflow/example_dags/example_setup_teardown_taskflow.py
[2026-04-07T04:47:06.932+0530] {logging_mixin.py:190} INFO - [2026-04-07T04:47:06.932+0530] {dag.py:3239} INFO - Sync 1 DAGs
[2026-04-07T04:47:06.944+0530] {logging_mixin.py:190} INFO - [2026-04-07T04:47:06.944+0530] {dag.py:4180} INFO - Setting next_dagrun for example_setup_teardown_taskflow to None, run_after=None
[2026-04-07T04:47:06.964+0530] {processor.py:208} INFO - Processing /home/ubantu/miniconda3/envs/airflow-env/lib/python3.11/site-packages/airflow/example_dags/example_setup_teardown_taskflow.py took 0.072 seconds
[2026-04-07T04:47:46.884+0530] {processor.py:186} INFO - Started process (PID=9786) to work on /home/ubantu/miniconda3/envs/airflow-env/lib/python3.11/site-packages/airflow/example_dags/example_setup_teardown_taskflow.py
[2026-04-07T04:47:46.885+0530] {processor.py:914} INFO - Processing file /home/ubantu/miniconda3/envs/airflow-env/lib/python3.11/site-packages/airflow/example_dags/example_setup_teardown_taskflow.py for tasks to queue
[2026-04-07T04:47:46.886+0530] {logging_mixin.py:190} INFO - [2026-04-07T04:47:46.886+0530] {dagbag.py:588} INFO - Filling up the DagBag from /home/ubantu/miniconda3/envs/airflow-env/lib/python3.11/site-packages/airflow/example_dags/example_setup_teardown_taskflow.py
[2026-04-07T04:47:46.898+0530] {processor.py:925} INFO - DAG(s) 'example_setup_teardown_taskflow' retrieved from /home/ubantu/miniconda3/envs/airflow-env/lib/python3.11/site-packages/airflow/example_dags/example_setup_teardown_taskflow.py
[2026-04-07T04:47:46.916+0530] {logging_mixin.py:190} INFO - [2026-04-07T04:47:46.916+0530] {dag.py:3239} INFO - Sync 1 DAGs
[2026-04-07T04:47:46.928+0530] {logging_mixin.py:190} INFO - [2026-04-07T04:47:46.928+0530] {dag.py:4180} INFO - Setting next_dagrun for example_setup_teardown_taskflow to None, run_after=None
[2026-04-07T04:47:46.946+0530] {processor.py:208} INFO - Processing /home/ubantu/miniconda3/envs/airflow-env/lib/python3.11/site-packages/airflow/example_dags/example_setup_teardown_taskflow.py took 0.069 seconds
[2026-04-07T04:48:05.139+0530] {processor.py:186} INFO - Started process (PID=9832) to work on /home/ubantu/miniconda3/envs/airflow-env/lib/python3.11/site-packages/airflow/example_dags/example_setup_teardown_taskflow.py
[2026-04-07T04:48:05.140+0530] {processor.py:914} INFO - Processing file /home/ubantu/miniconda3/envs/airflow-env/lib/python3.11/site-packages/airflow/example_dags/example_setup_teardown_taskflow.py for tasks to queue
[2026-04-07T04:48:05.143+0530] {logging_mixin.py:190} INFO - [2026-04-07T04:48:05.143+0530] {dagbag.py:588} INFO - Filling up the DagBag from /home/ubantu/miniconda3/envs/airflow-env/lib/python3.11/site-packages/airflow/example_dags/example_setup_teardown_taskflow.py
[2026-04-07T04:48:05.156+0530] {processor.py:925} INFO - DAG(s) 'example_setup_teardown_taskflow' retrieved from /home/ubantu/miniconda3/envs/airflow-env/lib/python3.11/site-packages/airflow/example_dags/example_setup_teardown_taskflow.py
[2026-04-07T04:48:05.172+0530] {logging_mixin.py:190} INFO - [2026-04-07T04:48:05.172+0530] {dag.py:3239} INFO - Sync 1 DAGs
[2026-04-07T04:48:05.182+0530] {logging_mixin.py:190} INFO - [2026-04-07T04:48:05.182+0530] {dag.py:4180} INFO - Setting next_dagrun for example_setup_teardown_taskflow to None, run_after=None
[2026-04-07T04:48:05.201+0530] {processor.py:208} INFO - Processing /home/ubantu/miniconda3/envs/airflow-env/lib/python3.11/site-packages/airflow/example_dags/example_setup_teardown_taskflow.py took 0.073 seconds
[2026-04-07T05:10:03.534+0530] {processor.py:186} INFO - Started process (PID=10975) to work on /home/ubantu/miniconda3/envs/airflow-env/lib/python3.11/site-packages/airflow/example_dags/example_setup_teardown_taskflow.py
[2026-04-07T05:10:03.536+0530] {processor.py:914} INFO - Processing file /home/ubantu/miniconda3/envs/airflow-env/lib/python3.11/site-packages/airflow/example_dags/example_setup_teardown_taskflow.py for tasks to queue
[2026-04-07T05:10:03.539+0530] {logging_mixin.py:190} INFO - [2026-04-07T05:10:03.538+0530] {dagbag.py:588} INFO - Filling up the DagBag from /home/ubantu/miniconda3/envs/airflow-env/lib/python3.11/site-packages/airflow/example_dags/example_setup_teardown_taskflow.py
[2026-04-07T05:10:03.557+0530] {processor.py:925} INFO - DAG(s) 'example_setup_teardown_taskflow' retrieved from /home/ubantu/miniconda3/envs/airflow-env/lib/python3.11/site-packages/airflow/example_dags/example_setup_teardown_taskflow.py
[2026-04-07T05:10:03.666+0530] {logging_mixin.py:190} INFO - [2026-04-07T05:10:03.665+0530] {dag.py:3239} INFO - Sync 1 DAGs
[2026-04-07T05:10:03.676+0530] {logging_mixin.py:190} INFO - [2026-04-07T05:10:03.676+0530] {dag.py:4180} INFO - Setting next_dagrun for example_setup_teardown_taskflow to None, run_after=None
[2026-04-07T05:10:03.697+0530] {processor.py:208} INFO - Processing /home/ubantu/miniconda3/envs/airflow-env/lib/python3.11/site-packages/airflow/example_dags/example_setup_teardown_taskflow.py took 0.170 seconds
[2026-04-07T05:11:34.397+0530] {processor.py:186} INFO - Started process (PID=11127) to work on /home/ubantu/miniconda3/envs/airflow-env/lib/python3.11/site-packages/airflow/example_dags/example_setup_teardown_taskflow.py
[2026-04-07T05:11:34.398+0530] {processor.py:914} INFO - Processing file /home/ubantu/miniconda3/envs/airflow-env/lib/python3.11/site-packages/airflow/example_dags/example_setup_teardown_taskflow.py for tasks to queue
[2026-04-07T05:11:34.400+0530] {logging_mixin.py:190} INFO - [2026-04-07T05:11:34.399+0530] {dagbag.py:588} INFO - Filling up the DagBag from /home/ubantu/miniconda3/envs/airflow-env/lib/python3.11/site-packages/airflow/example_dags/example_setup_teardown_taskflow.py
[2026-04-07T05:11:34.413+0530] {processor.py:925} INFO - DAG(s) 'example_setup_teardown_taskflow' retrieved from /home/ubantu/miniconda3/envs/airflow-env/lib/python3.11/site-packages/airflow/example_dags/example_setup_teardown_taskflow.py
[2026-04-07T05:11:34.430+0530] {logging_mixin.py:190} INFO - [2026-04-07T05:11:34.430+0530] {dag.py:3239} INFO - Sync 1 DAGs
[2026-04-07T05:11:34.440+0530] {logging_mixin.py:190} INFO - [2026-04-07T05:11:34.440+0530] {dag.py:4180} INFO - Setting next_dagrun for example_setup_teardown_taskflow to None, run_after=None
[2026-04-07T05:11:34.458+0530] {processor.py:208} INFO - Processing /home/ubantu/miniconda3/envs/airflow-env/lib/python3.11/site-packages/airflow/example_dags/example_setup_teardown_taskflow.py took 0.067 seconds
[2026-04-07T05:12:33.117+0530] {processor.py:186} INFO - Started process (PID=11209) to work on /home/ubantu/miniconda3/envs/airflow-env/lib/python3.11/site-packages/airflow/example_dags/example_setup_teardown_taskflow.py
[2026-04-07T05:12:33.118+0530] {processor.py:914} INFO - Processing file /home/ubantu/miniconda3/envs/airflow-env/lib/python3.11/site-packages/airflow/example_dags/example_setup_teardown_taskflow.py for tasks to queue
[2026-04-07T05:12:33.120+0530] {logging_mixin.py:190} INFO - [2026-04-07T05:12:33.120+0530] {dagbag.py:588} INFO - Filling up the DagBag from /home/ubantu/miniconda3/envs/airflow-env/lib/python3.11/site-packages/airflow/example_dags/example_setup_teardown_taskflow.py
[2026-04-07T05:12:33.129+0530] {processor.py:925} INFO - DAG(s) 'example_setup_teardown_taskflow' retrieved from /home/ubantu/miniconda3/envs/airflow-env/lib/python3.11/site-packages/airflow/example_dags/example_setup_teardown_taskflow.py
[2026-04-07T05:12:33.144+0530] {logging_mixin.py:190} INFO - [2026-04-07T05:12:33.144+0530] {dag.py:3239} INFO - Sync 1 DAGs
[2026-04-07T05:12:33.154+0530] {logging_mixin.py:190} INFO - [2026-04-07T05:12:33.154+0530] {dag.py:4180} INFO - Setting next_dagrun for example_setup_teardown_taskflow to None, run_after=None
[2026-04-07T05:12:33.171+0530] {processor.py:208} INFO - Processing /home/ubantu/miniconda3/envs/airflow-env/lib/python3.11/site-packages/airflow/example_dags/example_setup_teardown_taskflow.py took 0.058 seconds
[2026-04-07T05:13:34.610+0530] {processor.py:186} INFO - Started process (PID=11300) to work on /home/ubantu/miniconda3/envs/airflow-env/lib/python3.11/site-packages/airflow/example_dags/example_setup_teardown_taskflow.py
[2026-04-07T05:13:34.611+0530] {processor.py:914} INFO - Processing file /home/ubantu/miniconda3/envs/airflow-env/lib/python3.11/site-packages/airflow/example_dags/example_setup_teardown_taskflow.py for tasks to queue
[2026-04-07T05:13:34.613+0530] {logging_mixin.py:190} INFO - [2026-04-07T05:13:34.613+0530] {dagbag.py:588} INFO - Filling up the DagBag from /home/ubantu/miniconda3/envs/airflow-env/lib/python3.11/site-packages/airflow/example_dags/example_setup_teardown_taskflow.py
[2026-04-07T05:13:34.626+0530] {processor.py:925} INFO - DAG(s) 'example_setup_teardown_taskflow' retrieved from /home/ubantu/miniconda3/envs/airflow-env/lib/python3.11/site-packages/airflow/example_dags/example_setup_teardown_taskflow.py
[2026-04-07T05:13:34.645+0530] {logging_mixin.py:190} INFO - [2026-04-07T05:13:34.644+0530] {dag.py:3239} INFO - Sync 1 DAGs
[2026-04-07T05:13:34.655+0530] {logging_mixin.py:190} INFO - [2026-04-07T05:13:34.655+0530] {dag.py:4180} INFO - Setting next_dagrun for example_setup_teardown_taskflow to None, run_after=None
[2026-04-07T05:13:34.787+0530] {processor.py:208} INFO - Processing /home/ubantu/miniconda3/envs/airflow-env/lib/python3.11/site-packages/airflow/example_dags/example_setup_teardown_taskflow.py took 0.184 seconds
[2026-04-07T05:17:44.041+0530] {processor.py:186} INFO - Started process (PID=11584) to work on /home/ubantu/miniconda3/envs/airflow-env/lib/python3.11/site-packages/airflow/example_dags/example_setup_teardown_taskflow.py
[2026-04-07T05:17:44.043+0530] {processor.py:914} INFO - Processing file /home/ubantu/miniconda3/envs/airflow-env/lib/python3.11/site-packages/airflow/example_dags/example_setup_teardown_taskflow.py for tasks to queue
[2026-04-07T05:17:44.045+0530] {logging_mixin.py:190} INFO - [2026-04-07T05:17:44.044+0530] {dagbag.py:588} INFO - Filling up the DagBag from /home/ubantu/miniconda3/envs/airflow-env/lib/python3.11/site-packages/airflow/example_dags/example_setup_teardown_taskflow.py
[2026-04-07T05:17:44.056+0530] {processor.py:925} INFO - DAG(s) 'example_setup_teardown_taskflow' retrieved from /home/ubantu/miniconda3/envs/airflow-env/lib/python3.11/site-packages/airflow/example_dags/example_setup_teardown_taskflow.py
[2026-04-07T05:17:44.075+0530] {logging_mixin.py:190} INFO - [2026-04-07T05:17:44.075+0530] {dag.py:3239} INFO - Sync 1 DAGs
[2026-04-07T05:17:44.085+0530] {logging_mixin.py:190} INFO - [2026-04-07T05:17:44.085+0530] {dag.py:4180} INFO - Setting next_dagrun for example_setup_teardown_taskflow to None, run_after=None
[2026-04-07T05:17:44.103+0530] {processor.py:208} INFO - Processing /home/ubantu/miniconda3/envs/airflow-env/lib/python3.11/site-packages/airflow/example_dags/example_setup_teardown_taskflow.py took 0.067 seconds
