[2026-04-07T04:07:45.056+0530] {processor.py:186} INFO - Started process (PID=5792) to work on /home/ubantu/miniconda3/envs/airflow-env/lib/python3.11/site-packages/airflow/example_dags/example_sensors.py
[2026-04-07T04:07:45.057+0530] {processor.py:914} INFO - Processing file /home/ubantu/miniconda3/envs/airflow-env/lib/python3.11/site-packages/airflow/example_dags/example_sensors.py for tasks to queue
[2026-04-07T04:07:45.059+0530] {logging_mixin.py:190} INFO - [2026-04-07T04:07:45.059+0530] {dagbag.py:588} INFO - Filling up the DagBag from /home/ubantu/miniconda3/envs/airflow-env/lib/python3.11/site-packages/airflow/example_dags/example_sensors.py
[2026-04-07T04:07:45.069+0530] {processor.py:925} INFO - DAG(s) 'example_sensors' retrieved from /home/ubantu/miniconda3/envs/airflow-env/lib/python3.11/site-packages/airflow/example_dags/example_sensors.py
[2026-04-07T04:07:45.157+0530] {logging_mixin.py:190} INFO - [2026-04-07T04:07:45.156+0530] {override.py:1911} INFO - Created Permission View: can delete on DAG:example_sensors
[2026-04-07T04:07:45.166+0530] {logging_mixin.py:190} INFO - [2026-04-07T04:07:45.166+0530] {override.py:1911} INFO - Created Permission View: can edit on DAG:example_sensors
[2026-04-07T04:07:45.173+0530] {logging_mixin.py:190} INFO - [2026-04-07T04:07:45.173+0530] {override.py:1911} INFO - Created Permission View: can read on DAG:example_sensors
[2026-04-07T04:07:45.183+0530] {logging_mixin.py:190} INFO - [2026-04-07T04:07:45.183+0530] {override.py:1911} INFO - Created Permission View: can create on DAG Run:example_sensors
[2026-04-07T04:07:45.189+0530] {logging_mixin.py:190} INFO - [2026-04-07T04:07:45.189+0530] {override.py:1911} INFO - Created Permission View: can delete on DAG Run:example_sensors
[2026-04-07T04:07:45.195+0530] {logging_mixin.py:190} INFO - [2026-04-07T04:07:45.195+0530] {override.py:1911} INFO - Created Permission View: menu access on DAG Run:example_sensors
[2026-04-07T04:07:45.201+0530] {logging_mixin.py:190} INFO - [2026-04-07T04:07:45.201+0530] {override.py:1911} INFO - Created Permission View: can read on DAG Run:example_sensors
[2026-04-07T04:07:45.201+0530] {logging_mixin.py:190} INFO - [2026-04-07T04:07:45.201+0530] {dag.py:3239} INFO - Sync 1 DAGs
[2026-04-07T04:07:45.210+0530] {logging_mixin.py:190} INFO - [2026-04-07T04:07:45.210+0530] {dag.py:3262} INFO - Creating ORM DAG for example_sensors
[2026-04-07T04:07:45.211+0530] {logging_mixin.py:190} INFO - [2026-04-07T04:07:45.211+0530] {dag.py:4180} INFO - Setting next_dagrun for example_sensors to None, run_after=None
[2026-04-07T04:07:45.225+0530] {processor.py:208} INFO - Processing /home/ubantu/miniconda3/envs/airflow-env/lib/python3.11/site-packages/airflow/example_dags/example_sensors.py took 0.174 seconds
[2026-04-07T04:08:48.151+0530] {processor.py:186} INFO - Started process (PID=5975) to work on /home/ubantu/miniconda3/envs/airflow-env/lib/python3.11/site-packages/airflow/example_dags/example_sensors.py
[2026-04-07T04:08:48.153+0530] {processor.py:914} INFO - Processing file /home/ubantu/miniconda3/envs/airflow-env/lib/python3.11/site-packages/airflow/example_dags/example_sensors.py for tasks to queue
[2026-04-07T04:08:48.156+0530] {logging_mixin.py:190} INFO - [2026-04-07T04:08:48.155+0530] {dagbag.py:588} INFO - Filling up the DagBag from /home/ubantu/miniconda3/envs/airflow-env/lib/python3.11/site-packages/airflow/example_dags/example_sensors.py
[2026-04-07T04:08:48.171+0530] {processor.py:925} INFO - DAG(s) 'example_sensors' retrieved from /home/ubantu/miniconda3/envs/airflow-env/lib/python3.11/site-packages/airflow/example_dags/example_sensors.py
[2026-04-07T04:08:48.195+0530] {logging_mixin.py:190} INFO - [2026-04-07T04:08:48.195+0530] {dag.py:3239} INFO - Sync 1 DAGs
[2026-04-07T04:08:48.206+0530] {logging_mixin.py:190} INFO - [2026-04-07T04:08:48.205+0530] {dag.py:4180} INFO - Setting next_dagrun for example_sensors to None, run_after=None
[2026-04-07T04:08:48.224+0530] {processor.py:208} INFO - Processing /home/ubantu/miniconda3/envs/airflow-env/lib/python3.11/site-packages/airflow/example_dags/example_sensors.py took 0.080 seconds
[2026-04-07T04:09:45.992+0530] {processor.py:186} INFO - Started process (PID=6149) to work on /home/ubantu/miniconda3/envs/airflow-env/lib/python3.11/site-packages/airflow/example_dags/example_sensors.py
[2026-04-07T04:09:45.994+0530] {processor.py:914} INFO - Processing file /home/ubantu/miniconda3/envs/airflow-env/lib/python3.11/site-packages/airflow/example_dags/example_sensors.py for tasks to queue
[2026-04-07T04:09:45.996+0530] {logging_mixin.py:190} INFO - [2026-04-07T04:09:45.996+0530] {dagbag.py:588} INFO - Filling up the DagBag from /home/ubantu/miniconda3/envs/airflow-env/lib/python3.11/site-packages/airflow/example_dags/example_sensors.py
[2026-04-07T04:09:46.010+0530] {processor.py:925} INFO - DAG(s) 'example_sensors' retrieved from /home/ubantu/miniconda3/envs/airflow-env/lib/python3.11/site-packages/airflow/example_dags/example_sensors.py
[2026-04-07T04:09:46.031+0530] {logging_mixin.py:190} INFO - [2026-04-07T04:09:46.031+0530] {dag.py:3239} INFO - Sync 1 DAGs
[2026-04-07T04:09:46.042+0530] {logging_mixin.py:190} INFO - [2026-04-07T04:09:46.042+0530] {dag.py:4180} INFO - Setting next_dagrun for example_sensors to None, run_after=None
[2026-04-07T04:09:46.158+0530] {processor.py:208} INFO - Processing /home/ubantu/miniconda3/envs/airflow-env/lib/python3.11/site-packages/airflow/example_dags/example_sensors.py took 0.173 seconds
[2026-04-07T04:10:40.711+0530] {processor.py:186} INFO - Started process (PID=6218) to work on /home/ubantu/miniconda3/envs/airflow-env/lib/python3.11/site-packages/airflow/example_dags/example_sensors.py
[2026-04-07T04:10:40.712+0530] {processor.py:914} INFO - Processing file /home/ubantu/miniconda3/envs/airflow-env/lib/python3.11/site-packages/airflow/example_dags/example_sensors.py for tasks to queue
[2026-04-07T04:10:40.714+0530] {logging_mixin.py:190} INFO - [2026-04-07T04:10:40.714+0530] {dagbag.py:588} INFO - Filling up the DagBag from /home/ubantu/miniconda3/envs/airflow-env/lib/python3.11/site-packages/airflow/example_dags/example_sensors.py
[2026-04-07T04:10:40.727+0530] {processor.py:925} INFO - DAG(s) 'example_sensors' retrieved from /home/ubantu/miniconda3/envs/airflow-env/lib/python3.11/site-packages/airflow/example_dags/example_sensors.py
[2026-04-07T04:10:40.749+0530] {logging_mixin.py:190} INFO - [2026-04-07T04:10:40.749+0530] {dag.py:3239} INFO - Sync 1 DAGs
[2026-04-07T04:10:40.760+0530] {logging_mixin.py:190} INFO - [2026-04-07T04:10:40.760+0530] {dag.py:4180} INFO - Setting next_dagrun for example_sensors to None, run_after=None
[2026-04-07T04:10:40.778+0530] {processor.py:208} INFO - Processing /home/ubantu/miniconda3/envs/airflow-env/lib/python3.11/site-packages/airflow/example_dags/example_sensors.py took 0.073 seconds
[2026-04-07T04:11:39.786+0530] {processor.py:186} INFO - Started process (PID=6291) to work on /home/ubantu/miniconda3/envs/airflow-env/lib/python3.11/site-packages/airflow/example_dags/example_sensors.py
[2026-04-07T04:11:39.787+0530] {processor.py:914} INFO - Processing file /home/ubantu/miniconda3/envs/airflow-env/lib/python3.11/site-packages/airflow/example_dags/example_sensors.py for tasks to queue
[2026-04-07T04:11:39.790+0530] {logging_mixin.py:190} INFO - [2026-04-07T04:11:39.789+0530] {dagbag.py:588} INFO - Filling up the DagBag from /home/ubantu/miniconda3/envs/airflow-env/lib/python3.11/site-packages/airflow/example_dags/example_sensors.py
[2026-04-07T04:11:39.802+0530] {processor.py:925} INFO - DAG(s) 'example_sensors' retrieved from /home/ubantu/miniconda3/envs/airflow-env/lib/python3.11/site-packages/airflow/example_dags/example_sensors.py
[2026-04-07T04:11:39.824+0530] {logging_mixin.py:190} INFO - [2026-04-07T04:11:39.823+0530] {dag.py:3239} INFO - Sync 1 DAGs
[2026-04-07T04:11:39.835+0530] {logging_mixin.py:190} INFO - [2026-04-07T04:11:39.835+0530] {dag.py:4180} INFO - Setting next_dagrun for example_sensors to None, run_after=None
[2026-04-07T04:11:39.855+0530] {processor.py:208} INFO - Processing /home/ubantu/miniconda3/envs/airflow-env/lib/python3.11/site-packages/airflow/example_dags/example_sensors.py took 0.076 seconds
[2026-04-07T04:12:32.269+0530] {processor.py:186} INFO - Started process (PID=6352) to work on /home/ubantu/miniconda3/envs/airflow-env/lib/python3.11/site-packages/airflow/example_dags/example_sensors.py
[2026-04-07T04:12:32.270+0530] {processor.py:914} INFO - Processing file /home/ubantu/miniconda3/envs/airflow-env/lib/python3.11/site-packages/airflow/example_dags/example_sensors.py for tasks to queue
[2026-04-07T04:12:32.272+0530] {logging_mixin.py:190} INFO - [2026-04-07T04:12:32.272+0530] {dagbag.py:588} INFO - Filling up the DagBag from /home/ubantu/miniconda3/envs/airflow-env/lib/python3.11/site-packages/airflow/example_dags/example_sensors.py
[2026-04-07T04:12:32.285+0530] {processor.py:925} INFO - DAG(s) 'example_sensors' retrieved from /home/ubantu/miniconda3/envs/airflow-env/lib/python3.11/site-packages/airflow/example_dags/example_sensors.py
[2026-04-07T04:12:32.308+0530] {logging_mixin.py:190} INFO - [2026-04-07T04:12:32.308+0530] {dag.py:3239} INFO - Sync 1 DAGs
[2026-04-07T04:12:32.318+0530] {logging_mixin.py:190} INFO - [2026-04-07T04:12:32.318+0530] {dag.py:4180} INFO - Setting next_dagrun for example_sensors to None, run_after=None
[2026-04-07T04:12:32.336+0530] {processor.py:208} INFO - Processing /home/ubantu/miniconda3/envs/airflow-env/lib/python3.11/site-packages/airflow/example_dags/example_sensors.py took 0.074 seconds
[2026-04-07T04:13:24.638+0530] {processor.py:186} INFO - Started process (PID=6412) to work on /home/ubantu/miniconda3/envs/airflow-env/lib/python3.11/site-packages/airflow/example_dags/example_sensors.py
[2026-04-07T04:13:24.640+0530] {processor.py:914} INFO - Processing file /home/ubantu/miniconda3/envs/airflow-env/lib/python3.11/site-packages/airflow/example_dags/example_sensors.py for tasks to queue
[2026-04-07T04:13:24.642+0530] {logging_mixin.py:190} INFO - [2026-04-07T04:13:24.642+0530] {dagbag.py:588} INFO - Filling up the DagBag from /home/ubantu/miniconda3/envs/airflow-env/lib/python3.11/site-packages/airflow/example_dags/example_sensors.py
[2026-04-07T04:13:24.655+0530] {processor.py:925} INFO - DAG(s) 'example_sensors' retrieved from /home/ubantu/miniconda3/envs/airflow-env/lib/python3.11/site-packages/airflow/example_dags/example_sensors.py
[2026-04-07T04:13:24.677+0530] {logging_mixin.py:190} INFO - [2026-04-07T04:13:24.676+0530] {dag.py:3239} INFO - Sync 1 DAGs
[2026-04-07T04:13:24.687+0530] {logging_mixin.py:190} INFO - [2026-04-07T04:13:24.687+0530] {dag.py:4180} INFO - Setting next_dagrun for example_sensors to None, run_after=None
[2026-04-07T04:13:24.707+0530] {processor.py:208} INFO - Processing /home/ubantu/miniconda3/envs/airflow-env/lib/python3.11/site-packages/airflow/example_dags/example_sensors.py took 0.075 seconds
[2026-04-07T04:14:20.110+0530] {processor.py:186} INFO - Started process (PID=6480) to work on /home/ubantu/miniconda3/envs/airflow-env/lib/python3.11/site-packages/airflow/example_dags/example_sensors.py
[2026-04-07T04:14:20.110+0530] {processor.py:914} INFO - Processing file /home/ubantu/miniconda3/envs/airflow-env/lib/python3.11/site-packages/airflow/example_dags/example_sensors.py for tasks to queue
[2026-04-07T04:14:20.113+0530] {logging_mixin.py:190} INFO - [2026-04-07T04:14:20.112+0530] {dagbag.py:588} INFO - Filling up the DagBag from /home/ubantu/miniconda3/envs/airflow-env/lib/python3.11/site-packages/airflow/example_dags/example_sensors.py
[2026-04-07T04:14:20.124+0530] {processor.py:925} INFO - DAG(s) 'example_sensors' retrieved from /home/ubantu/miniconda3/envs/airflow-env/lib/python3.11/site-packages/airflow/example_dags/example_sensors.py
[2026-04-07T04:14:20.143+0530] {logging_mixin.py:190} INFO - [2026-04-07T04:14:20.143+0530] {dag.py:3239} INFO - Sync 1 DAGs
[2026-04-07T04:14:20.153+0530] {logging_mixin.py:190} INFO - [2026-04-07T04:14:20.153+0530] {dag.py:4180} INFO - Setting next_dagrun for example_sensors to None, run_after=None
[2026-04-07T04:14:20.170+0530] {processor.py:208} INFO - Processing /home/ubantu/miniconda3/envs/airflow-env/lib/python3.11/site-packages/airflow/example_dags/example_sensors.py took 0.067 seconds
[2026-04-07T04:15:12.375+0530] {processor.py:186} INFO - Started process (PID=6542) to work on /home/ubantu/miniconda3/envs/airflow-env/lib/python3.11/site-packages/airflow/example_dags/example_sensors.py
[2026-04-07T04:15:12.376+0530] {processor.py:914} INFO - Processing file /home/ubantu/miniconda3/envs/airflow-env/lib/python3.11/site-packages/airflow/example_dags/example_sensors.py for tasks to queue
[2026-04-07T04:15:12.378+0530] {logging_mixin.py:190} INFO - [2026-04-07T04:15:12.377+0530] {dagbag.py:588} INFO - Filling up the DagBag from /home/ubantu/miniconda3/envs/airflow-env/lib/python3.11/site-packages/airflow/example_dags/example_sensors.py
[2026-04-07T04:15:12.389+0530] {processor.py:925} INFO - DAG(s) 'example_sensors' retrieved from /home/ubantu/miniconda3/envs/airflow-env/lib/python3.11/site-packages/airflow/example_dags/example_sensors.py
[2026-04-07T04:15:12.410+0530] {logging_mixin.py:190} INFO - [2026-04-07T04:15:12.409+0530] {dag.py:3239} INFO - Sync 1 DAGs
[2026-04-07T04:15:12.420+0530] {logging_mixin.py:190} INFO - [2026-04-07T04:15:12.420+0530] {dag.py:4180} INFO - Setting next_dagrun for example_sensors to None, run_after=None
[2026-04-07T04:15:12.440+0530] {processor.py:208} INFO - Processing /home/ubantu/miniconda3/envs/airflow-env/lib/python3.11/site-packages/airflow/example_dags/example_sensors.py took 0.071 seconds
[2026-04-07T04:16:03.748+0530] {processor.py:186} INFO - Started process (PID=6601) to work on /home/ubantu/miniconda3/envs/airflow-env/lib/python3.11/site-packages/airflow/example_dags/example_sensors.py
[2026-04-07T04:16:03.749+0530] {processor.py:914} INFO - Processing file /home/ubantu/miniconda3/envs/airflow-env/lib/python3.11/site-packages/airflow/example_dags/example_sensors.py for tasks to queue
[2026-04-07T04:16:03.752+0530] {logging_mixin.py:190} INFO - [2026-04-07T04:16:03.751+0530] {dagbag.py:588} INFO - Filling up the DagBag from /home/ubantu/miniconda3/envs/airflow-env/lib/python3.11/site-packages/airflow/example_dags/example_sensors.py
[2026-04-07T04:16:03.763+0530] {processor.py:925} INFO - DAG(s) 'example_sensors' retrieved from /home/ubantu/miniconda3/envs/airflow-env/lib/python3.11/site-packages/airflow/example_dags/example_sensors.py
[2026-04-07T04:16:03.784+0530] {logging_mixin.py:190} INFO - [2026-04-07T04:16:03.783+0530] {dag.py:3239} INFO - Sync 1 DAGs
[2026-04-07T04:16:03.795+0530] {logging_mixin.py:190} INFO - [2026-04-07T04:16:03.795+0530] {dag.py:4180} INFO - Setting next_dagrun for example_sensors to None, run_after=None
[2026-04-07T04:16:03.815+0530] {processor.py:208} INFO - Processing /home/ubantu/miniconda3/envs/airflow-env/lib/python3.11/site-packages/airflow/example_dags/example_sensors.py took 0.072 seconds
[2026-04-07T04:16:54.197+0530] {processor.py:186} INFO - Started process (PID=6658) to work on /home/ubantu/miniconda3/envs/airflow-env/lib/python3.11/site-packages/airflow/example_dags/example_sensors.py
[2026-04-07T04:16:54.198+0530] {processor.py:914} INFO - Processing file /home/ubantu/miniconda3/envs/airflow-env/lib/python3.11/site-packages/airflow/example_dags/example_sensors.py for tasks to queue
[2026-04-07T04:16:54.200+0530] {logging_mixin.py:190} INFO - [2026-04-07T04:16:54.200+0530] {dagbag.py:588} INFO - Filling up the DagBag from /home/ubantu/miniconda3/envs/airflow-env/lib/python3.11/site-packages/airflow/example_dags/example_sensors.py
[2026-04-07T04:16:54.212+0530] {processor.py:925} INFO - DAG(s) 'example_sensors' retrieved from /home/ubantu/miniconda3/envs/airflow-env/lib/python3.11/site-packages/airflow/example_dags/example_sensors.py
[2026-04-07T04:16:54.234+0530] {logging_mixin.py:190} INFO - [2026-04-07T04:16:54.233+0530] {dag.py:3239} INFO - Sync 1 DAGs
[2026-04-07T04:16:54.245+0530] {logging_mixin.py:190} INFO - [2026-04-07T04:16:54.245+0530] {dag.py:4180} INFO - Setting next_dagrun for example_sensors to None, run_after=None
[2026-04-07T04:16:54.265+0530] {processor.py:208} INFO - Processing /home/ubantu/miniconda3/envs/airflow-env/lib/python3.11/site-packages/airflow/example_dags/example_sensors.py took 0.074 seconds
[2026-04-07T04:17:42.235+0530] {processor.py:186} INFO - Started process (PID=6720) to work on /home/ubantu/miniconda3/envs/airflow-env/lib/python3.11/site-packages/airflow/example_dags/example_sensors.py
[2026-04-07T04:17:42.236+0530] {processor.py:914} INFO - Processing file /home/ubantu/miniconda3/envs/airflow-env/lib/python3.11/site-packages/airflow/example_dags/example_sensors.py for tasks to queue
[2026-04-07T04:17:42.238+0530] {logging_mixin.py:190} INFO - [2026-04-07T04:17:42.237+0530] {dagbag.py:588} INFO - Filling up the DagBag from /home/ubantu/miniconda3/envs/airflow-env/lib/python3.11/site-packages/airflow/example_dags/example_sensors.py
[2026-04-07T04:17:42.249+0530] {processor.py:925} INFO - DAG(s) 'example_sensors' retrieved from /home/ubantu/miniconda3/envs/airflow-env/lib/python3.11/site-packages/airflow/example_dags/example_sensors.py
[2026-04-07T04:17:42.270+0530] {logging_mixin.py:190} INFO - [2026-04-07T04:17:42.270+0530] {dag.py:3239} INFO - Sync 1 DAGs
[2026-04-07T04:17:42.281+0530] {logging_mixin.py:190} INFO - [2026-04-07T04:17:42.281+0530] {dag.py:4180} INFO - Setting next_dagrun for example_sensors to None, run_after=None
[2026-04-07T04:17:42.299+0530] {processor.py:208} INFO - Processing /home/ubantu/miniconda3/envs/airflow-env/lib/python3.11/site-packages/airflow/example_dags/example_sensors.py took 0.070 seconds
[2026-04-07T04:18:37.130+0530] {processor.py:186} INFO - Started process (PID=6829) to work on /home/ubantu/miniconda3/envs/airflow-env/lib/python3.11/site-packages/airflow/example_dags/example_sensors.py
[2026-04-07T04:18:37.131+0530] {processor.py:914} INFO - Processing file /home/ubantu/miniconda3/envs/airflow-env/lib/python3.11/site-packages/airflow/example_dags/example_sensors.py for tasks to queue
[2026-04-07T04:18:37.133+0530] {logging_mixin.py:190} INFO - [2026-04-07T04:18:37.133+0530] {dagbag.py:588} INFO - Filling up the DagBag from /home/ubantu/miniconda3/envs/airflow-env/lib/python3.11/site-packages/airflow/example_dags/example_sensors.py
[2026-04-07T04:18:37.146+0530] {processor.py:925} INFO - DAG(s) 'example_sensors' retrieved from /home/ubantu/miniconda3/envs/airflow-env/lib/python3.11/site-packages/airflow/example_dags/example_sensors.py
[2026-04-07T04:18:37.167+0530] {logging_mixin.py:190} INFO - [2026-04-07T04:18:37.167+0530] {dag.py:3239} INFO - Sync 1 DAGs
[2026-04-07T04:18:37.177+0530] {logging_mixin.py:190} INFO - [2026-04-07T04:18:37.177+0530] {dag.py:4180} INFO - Setting next_dagrun for example_sensors to None, run_after=None
[2026-04-07T04:18:37.194+0530] {processor.py:208} INFO - Processing /home/ubantu/miniconda3/envs/airflow-env/lib/python3.11/site-packages/airflow/example_dags/example_sensors.py took 0.071 seconds
[2026-04-07T04:19:29.336+0530] {processor.py:186} INFO - Started process (PID=6889) to work on /home/ubantu/miniconda3/envs/airflow-env/lib/python3.11/site-packages/airflow/example_dags/example_sensors.py
[2026-04-07T04:19:29.338+0530] {processor.py:914} INFO - Processing file /home/ubantu/miniconda3/envs/airflow-env/lib/python3.11/site-packages/airflow/example_dags/example_sensors.py for tasks to queue
[2026-04-07T04:19:29.340+0530] {logging_mixin.py:190} INFO - [2026-04-07T04:19:29.339+0530] {dagbag.py:588} INFO - Filling up the DagBag from /home/ubantu/miniconda3/envs/airflow-env/lib/python3.11/site-packages/airflow/example_dags/example_sensors.py
[2026-04-07T04:19:29.353+0530] {processor.py:925} INFO - DAG(s) 'example_sensors' retrieved from /home/ubantu/miniconda3/envs/airflow-env/lib/python3.11/site-packages/airflow/example_dags/example_sensors.py
[2026-04-07T04:19:29.374+0530] {logging_mixin.py:190} INFO - [2026-04-07T04:19:29.374+0530] {dag.py:3239} INFO - Sync 1 DAGs
[2026-04-07T04:19:29.386+0530] {logging_mixin.py:190} INFO - [2026-04-07T04:19:29.386+0530] {dag.py:4180} INFO - Setting next_dagrun for example_sensors to None, run_after=None
[2026-04-07T04:19:29.404+0530] {processor.py:208} INFO - Processing /home/ubantu/miniconda3/envs/airflow-env/lib/python3.11/site-packages/airflow/example_dags/example_sensors.py took 0.075 seconds
[2026-04-07T04:20:18.920+0530] {processor.py:186} INFO - Started process (PID=6950) to work on /home/ubantu/miniconda3/envs/airflow-env/lib/python3.11/site-packages/airflow/example_dags/example_sensors.py
[2026-04-07T04:20:18.921+0530] {processor.py:914} INFO - Processing file /home/ubantu/miniconda3/envs/airflow-env/lib/python3.11/site-packages/airflow/example_dags/example_sensors.py for tasks to queue
[2026-04-07T04:20:18.923+0530] {logging_mixin.py:190} INFO - [2026-04-07T04:20:18.923+0530] {dagbag.py:588} INFO - Filling up the DagBag from /home/ubantu/miniconda3/envs/airflow-env/lib/python3.11/site-packages/airflow/example_dags/example_sensors.py
[2026-04-07T04:20:18.935+0530] {processor.py:925} INFO - DAG(s) 'example_sensors' retrieved from /home/ubantu/miniconda3/envs/airflow-env/lib/python3.11/site-packages/airflow/example_dags/example_sensors.py
[2026-04-07T04:20:18.956+0530] {logging_mixin.py:190} INFO - [2026-04-07T04:20:18.955+0530] {dag.py:3239} INFO - Sync 1 DAGs
[2026-04-07T04:20:18.965+0530] {logging_mixin.py:190} INFO - [2026-04-07T04:20:18.965+0530] {dag.py:4180} INFO - Setting next_dagrun for example_sensors to None, run_after=None
[2026-04-07T04:20:18.983+0530] {processor.py:208} INFO - Processing /home/ubantu/miniconda3/envs/airflow-env/lib/python3.11/site-packages/airflow/example_dags/example_sensors.py took 0.068 seconds
[2026-04-07T04:21:12.807+0530] {processor.py:186} INFO - Started process (PID=7007) to work on /home/ubantu/miniconda3/envs/airflow-env/lib/python3.11/site-packages/airflow/example_dags/example_sensors.py
[2026-04-07T04:21:12.808+0530] {processor.py:914} INFO - Processing file /home/ubantu/miniconda3/envs/airflow-env/lib/python3.11/site-packages/airflow/example_dags/example_sensors.py for tasks to queue
[2026-04-07T04:21:12.810+0530] {logging_mixin.py:190} INFO - [2026-04-07T04:21:12.810+0530] {dagbag.py:588} INFO - Filling up the DagBag from /home/ubantu/miniconda3/envs/airflow-env/lib/python3.11/site-packages/airflow/example_dags/example_sensors.py
[2026-04-07T04:21:12.823+0530] {processor.py:925} INFO - DAG(s) 'example_sensors' retrieved from /home/ubantu/miniconda3/envs/airflow-env/lib/python3.11/site-packages/airflow/example_dags/example_sensors.py
[2026-04-07T04:21:12.844+0530] {logging_mixin.py:190} INFO - [2026-04-07T04:21:12.844+0530] {dag.py:3239} INFO - Sync 1 DAGs
[2026-04-07T04:21:12.855+0530] {logging_mixin.py:190} INFO - [2026-04-07T04:21:12.855+0530] {dag.py:4180} INFO - Setting next_dagrun for example_sensors to None, run_after=None
[2026-04-07T04:21:12.872+0530] {processor.py:208} INFO - Processing /home/ubantu/miniconda3/envs/airflow-env/lib/python3.11/site-packages/airflow/example_dags/example_sensors.py took 0.072 seconds
[2026-04-07T04:22:08.097+0530] {processor.py:186} INFO - Started process (PID=7071) to work on /home/ubantu/miniconda3/envs/airflow-env/lib/python3.11/site-packages/airflow/example_dags/example_sensors.py
[2026-04-07T04:22:08.098+0530] {processor.py:914} INFO - Processing file /home/ubantu/miniconda3/envs/airflow-env/lib/python3.11/site-packages/airflow/example_dags/example_sensors.py for tasks to queue
[2026-04-07T04:22:08.100+0530] {logging_mixin.py:190} INFO - [2026-04-07T04:22:08.100+0530] {dagbag.py:588} INFO - Filling up the DagBag from /home/ubantu/miniconda3/envs/airflow-env/lib/python3.11/site-packages/airflow/example_dags/example_sensors.py
[2026-04-07T04:22:08.112+0530] {processor.py:925} INFO - DAG(s) 'example_sensors' retrieved from /home/ubantu/miniconda3/envs/airflow-env/lib/python3.11/site-packages/airflow/example_dags/example_sensors.py
[2026-04-07T04:22:08.133+0530] {logging_mixin.py:190} INFO - [2026-04-07T04:22:08.133+0530] {dag.py:3239} INFO - Sync 1 DAGs
[2026-04-07T04:22:08.144+0530] {logging_mixin.py:190} INFO - [2026-04-07T04:22:08.143+0530] {dag.py:4180} INFO - Setting next_dagrun for example_sensors to None, run_after=None
[2026-04-07T04:22:08.161+0530] {processor.py:208} INFO - Processing /home/ubantu/miniconda3/envs/airflow-env/lib/python3.11/site-packages/airflow/example_dags/example_sensors.py took 0.071 seconds
[2026-04-07T04:23:01.458+0530] {processor.py:186} INFO - Started process (PID=7152) to work on /home/ubantu/miniconda3/envs/airflow-env/lib/python3.11/site-packages/airflow/example_dags/example_sensors.py
[2026-04-07T04:23:01.460+0530] {processor.py:914} INFO - Processing file /home/ubantu/miniconda3/envs/airflow-env/lib/python3.11/site-packages/airflow/example_dags/example_sensors.py for tasks to queue
[2026-04-07T04:23:01.462+0530] {logging_mixin.py:190} INFO - [2026-04-07T04:23:01.461+0530] {dagbag.py:588} INFO - Filling up the DagBag from /home/ubantu/miniconda3/envs/airflow-env/lib/python3.11/site-packages/airflow/example_dags/example_sensors.py
[2026-04-07T04:23:01.473+0530] {processor.py:925} INFO - DAG(s) 'example_sensors' retrieved from /home/ubantu/miniconda3/envs/airflow-env/lib/python3.11/site-packages/airflow/example_dags/example_sensors.py
[2026-04-07T04:23:01.501+0530] {logging_mixin.py:190} INFO - [2026-04-07T04:23:01.501+0530] {dag.py:3239} INFO - Sync 1 DAGs
[2026-04-07T04:23:01.514+0530] {logging_mixin.py:190} INFO - [2026-04-07T04:23:01.514+0530] {dag.py:4180} INFO - Setting next_dagrun for example_sensors to None, run_after=None
[2026-04-07T04:23:01.534+0530] {processor.py:208} INFO - Processing /home/ubantu/miniconda3/envs/airflow-env/lib/python3.11/site-packages/airflow/example_dags/example_sensors.py took 0.082 seconds
[2026-04-07T04:23:53.064+0530] {processor.py:186} INFO - Started process (PID=7245) to work on /home/ubantu/miniconda3/envs/airflow-env/lib/python3.11/site-packages/airflow/example_dags/example_sensors.py
[2026-04-07T04:23:53.065+0530] {processor.py:914} INFO - Processing file /home/ubantu/miniconda3/envs/airflow-env/lib/python3.11/site-packages/airflow/example_dags/example_sensors.py for tasks to queue
[2026-04-07T04:23:53.067+0530] {logging_mixin.py:190} INFO - [2026-04-07T04:23:53.067+0530] {dagbag.py:588} INFO - Filling up the DagBag from /home/ubantu/miniconda3/envs/airflow-env/lib/python3.11/site-packages/airflow/example_dags/example_sensors.py
[2026-04-07T04:23:53.079+0530] {processor.py:925} INFO - DAG(s) 'example_sensors' retrieved from /home/ubantu/miniconda3/envs/airflow-env/lib/python3.11/site-packages/airflow/example_dags/example_sensors.py
[2026-04-07T04:23:53.099+0530] {logging_mixin.py:190} INFO - [2026-04-07T04:23:53.099+0530] {dag.py:3239} INFO - Sync 1 DAGs
[2026-04-07T04:23:53.110+0530] {logging_mixin.py:190} INFO - [2026-04-07T04:23:53.110+0530] {dag.py:4180} INFO - Setting next_dagrun for example_sensors to None, run_after=None
[2026-04-07T04:23:53.129+0530] {processor.py:208} INFO - Processing /home/ubantu/miniconda3/envs/airflow-env/lib/python3.11/site-packages/airflow/example_dags/example_sensors.py took 0.071 seconds
[2026-04-07T04:24:44.953+0530] {processor.py:186} INFO - Started process (PID=7342) to work on /home/ubantu/miniconda3/envs/airflow-env/lib/python3.11/site-packages/airflow/example_dags/example_sensors.py
[2026-04-07T04:24:44.953+0530] {processor.py:914} INFO - Processing file /home/ubantu/miniconda3/envs/airflow-env/lib/python3.11/site-packages/airflow/example_dags/example_sensors.py for tasks to queue
[2026-04-07T04:24:44.955+0530] {logging_mixin.py:190} INFO - [2026-04-07T04:24:44.955+0530] {dagbag.py:588} INFO - Filling up the DagBag from /home/ubantu/miniconda3/envs/airflow-env/lib/python3.11/site-packages/airflow/example_dags/example_sensors.py
[2026-04-07T04:24:44.967+0530] {processor.py:925} INFO - DAG(s) 'example_sensors' retrieved from /home/ubantu/miniconda3/envs/airflow-env/lib/python3.11/site-packages/airflow/example_dags/example_sensors.py
[2026-04-07T04:24:44.987+0530] {logging_mixin.py:190} INFO - [2026-04-07T04:24:44.987+0530] {dag.py:3239} INFO - Sync 1 DAGs
[2026-04-07T04:24:44.997+0530] {logging_mixin.py:190} INFO - [2026-04-07T04:24:44.997+0530] {dag.py:4180} INFO - Setting next_dagrun for example_sensors to None, run_after=None
[2026-04-07T04:24:45.014+0530] {processor.py:208} INFO - Processing /home/ubantu/miniconda3/envs/airflow-env/lib/python3.11/site-packages/airflow/example_dags/example_sensors.py took 0.068 seconds
[2026-04-07T04:25:39.662+0530] {processor.py:186} INFO - Started process (PID=7434) to work on /home/ubantu/miniconda3/envs/airflow-env/lib/python3.11/site-packages/airflow/example_dags/example_sensors.py
[2026-04-07T04:25:39.663+0530] {processor.py:914} INFO - Processing file /home/ubantu/miniconda3/envs/airflow-env/lib/python3.11/site-packages/airflow/example_dags/example_sensors.py for tasks to queue
[2026-04-07T04:25:39.665+0530] {logging_mixin.py:190} INFO - [2026-04-07T04:25:39.664+0530] {dagbag.py:588} INFO - Filling up the DagBag from /home/ubantu/miniconda3/envs/airflow-env/lib/python3.11/site-packages/airflow/example_dags/example_sensors.py
[2026-04-07T04:25:39.677+0530] {processor.py:925} INFO - DAG(s) 'example_sensors' retrieved from /home/ubantu/miniconda3/envs/airflow-env/lib/python3.11/site-packages/airflow/example_dags/example_sensors.py
[2026-04-07T04:25:39.699+0530] {logging_mixin.py:190} INFO - [2026-04-07T04:25:39.699+0530] {dag.py:3239} INFO - Sync 1 DAGs
[2026-04-07T04:25:39.710+0530] {logging_mixin.py:190} INFO - [2026-04-07T04:25:39.710+0530] {dag.py:4180} INFO - Setting next_dagrun for example_sensors to None, run_after=None
[2026-04-07T04:25:39.727+0530] {processor.py:208} INFO - Processing /home/ubantu/miniconda3/envs/airflow-env/lib/python3.11/site-packages/airflow/example_dags/example_sensors.py took 0.072 seconds
[2026-04-07T04:26:35.012+0530] {processor.py:186} INFO - Started process (PID=7500) to work on /home/ubantu/miniconda3/envs/airflow-env/lib/python3.11/site-packages/airflow/example_dags/example_sensors.py
[2026-04-07T04:26:35.014+0530] {processor.py:914} INFO - Processing file /home/ubantu/miniconda3/envs/airflow-env/lib/python3.11/site-packages/airflow/example_dags/example_sensors.py for tasks to queue
[2026-04-07T04:26:35.018+0530] {logging_mixin.py:190} INFO - [2026-04-07T04:26:35.017+0530] {dagbag.py:588} INFO - Filling up the DagBag from /home/ubantu/miniconda3/envs/airflow-env/lib/python3.11/site-packages/airflow/example_dags/example_sensors.py
[2026-04-07T04:26:35.039+0530] {processor.py:925} INFO - DAG(s) 'example_sensors' retrieved from /home/ubantu/miniconda3/envs/airflow-env/lib/python3.11/site-packages/airflow/example_dags/example_sensors.py
[2026-04-07T04:26:35.061+0530] {logging_mixin.py:190} INFO - [2026-04-07T04:26:35.060+0530] {dag.py:3239} INFO - Sync 1 DAGs
[2026-04-07T04:26:35.072+0530] {logging_mixin.py:190} INFO - [2026-04-07T04:26:35.072+0530] {dag.py:4180} INFO - Setting next_dagrun for example_sensors to None, run_after=None
[2026-04-07T04:26:35.091+0530] {processor.py:208} INFO - Processing /home/ubantu/miniconda3/envs/airflow-env/lib/python3.11/site-packages/airflow/example_dags/example_sensors.py took 0.089 seconds
[2026-04-07T04:27:29.164+0530] {processor.py:186} INFO - Started process (PID=7567) to work on /home/ubantu/miniconda3/envs/airflow-env/lib/python3.11/site-packages/airflow/example_dags/example_sensors.py
[2026-04-07T04:27:29.166+0530] {processor.py:914} INFO - Processing file /home/ubantu/miniconda3/envs/airflow-env/lib/python3.11/site-packages/airflow/example_dags/example_sensors.py for tasks to queue
[2026-04-07T04:27:29.168+0530] {logging_mixin.py:190} INFO - [2026-04-07T04:27:29.168+0530] {dagbag.py:588} INFO - Filling up the DagBag from /home/ubantu/miniconda3/envs/airflow-env/lib/python3.11/site-packages/airflow/example_dags/example_sensors.py
[2026-04-07T04:27:29.186+0530] {processor.py:925} INFO - DAG(s) 'example_sensors' retrieved from /home/ubantu/miniconda3/envs/airflow-env/lib/python3.11/site-packages/airflow/example_dags/example_sensors.py
[2026-04-07T04:27:29.219+0530] {logging_mixin.py:190} INFO - [2026-04-07T04:27:29.218+0530] {dag.py:3239} INFO - Sync 1 DAGs
[2026-04-07T04:27:29.236+0530] {logging_mixin.py:190} INFO - [2026-04-07T04:27:29.235+0530] {dag.py:4180} INFO - Setting next_dagrun for example_sensors to None, run_after=None
[2026-04-07T04:27:29.262+0530] {processor.py:208} INFO - Processing /home/ubantu/miniconda3/envs/airflow-env/lib/python3.11/site-packages/airflow/example_dags/example_sensors.py took 0.106 seconds
[2026-04-07T04:28:19.838+0530] {processor.py:186} INFO - Started process (PID=7628) to work on /home/ubantu/miniconda3/envs/airflow-env/lib/python3.11/site-packages/airflow/example_dags/example_sensors.py
[2026-04-07T04:28:19.838+0530] {processor.py:914} INFO - Processing file /home/ubantu/miniconda3/envs/airflow-env/lib/python3.11/site-packages/airflow/example_dags/example_sensors.py for tasks to queue
[2026-04-07T04:28:19.840+0530] {logging_mixin.py:190} INFO - [2026-04-07T04:28:19.840+0530] {dagbag.py:588} INFO - Filling up the DagBag from /home/ubantu/miniconda3/envs/airflow-env/lib/python3.11/site-packages/airflow/example_dags/example_sensors.py
[2026-04-07T04:28:19.850+0530] {processor.py:925} INFO - DAG(s) 'example_sensors' retrieved from /home/ubantu/miniconda3/envs/airflow-env/lib/python3.11/site-packages/airflow/example_dags/example_sensors.py
[2026-04-07T04:28:19.868+0530] {logging_mixin.py:190} INFO - [2026-04-07T04:28:19.867+0530] {dag.py:3239} INFO - Sync 1 DAGs
[2026-04-07T04:28:19.878+0530] {logging_mixin.py:190} INFO - [2026-04-07T04:28:19.878+0530] {dag.py:4180} INFO - Setting next_dagrun for example_sensors to None, run_after=None
[2026-04-07T04:28:19.895+0530] {processor.py:208} INFO - Processing /home/ubantu/miniconda3/envs/airflow-env/lib/python3.11/site-packages/airflow/example_dags/example_sensors.py took 0.062 seconds
[2026-04-07T04:29:13.339+0530] {processor.py:186} INFO - Started process (PID=7698) to work on /home/ubantu/miniconda3/envs/airflow-env/lib/python3.11/site-packages/airflow/example_dags/example_sensors.py
[2026-04-07T04:29:13.340+0530] {processor.py:914} INFO - Processing file /home/ubantu/miniconda3/envs/airflow-env/lib/python3.11/site-packages/airflow/example_dags/example_sensors.py for tasks to queue
[2026-04-07T04:29:13.343+0530] {logging_mixin.py:190} INFO - [2026-04-07T04:29:13.343+0530] {dagbag.py:588} INFO - Filling up the DagBag from /home/ubantu/miniconda3/envs/airflow-env/lib/python3.11/site-packages/airflow/example_dags/example_sensors.py
[2026-04-07T04:29:13.355+0530] {processor.py:925} INFO - DAG(s) 'example_sensors' retrieved from /home/ubantu/miniconda3/envs/airflow-env/lib/python3.11/site-packages/airflow/example_dags/example_sensors.py
[2026-04-07T04:29:13.376+0530] {logging_mixin.py:190} INFO - [2026-04-07T04:29:13.376+0530] {dag.py:3239} INFO - Sync 1 DAGs
[2026-04-07T04:29:13.387+0530] {logging_mixin.py:190} INFO - [2026-04-07T04:29:13.387+0530] {dag.py:4180} INFO - Setting next_dagrun for example_sensors to None, run_after=None
[2026-04-07T04:29:13.427+0530] {processor.py:208} INFO - Processing /home/ubantu/miniconda3/envs/airflow-env/lib/python3.11/site-packages/airflow/example_dags/example_sensors.py took 0.096 seconds
[2026-04-07T04:30:10.853+0530] {processor.py:186} INFO - Started process (PID=7766) to work on /home/ubantu/miniconda3/envs/airflow-env/lib/python3.11/site-packages/airflow/example_dags/example_sensors.py
[2026-04-07T04:30:10.854+0530] {processor.py:914} INFO - Processing file /home/ubantu/miniconda3/envs/airflow-env/lib/python3.11/site-packages/airflow/example_dags/example_sensors.py for tasks to queue
[2026-04-07T04:30:10.856+0530] {logging_mixin.py:190} INFO - [2026-04-07T04:30:10.856+0530] {dagbag.py:588} INFO - Filling up the DagBag from /home/ubantu/miniconda3/envs/airflow-env/lib/python3.11/site-packages/airflow/example_dags/example_sensors.py
[2026-04-07T04:30:10.869+0530] {processor.py:925} INFO - DAG(s) 'example_sensors' retrieved from /home/ubantu/miniconda3/envs/airflow-env/lib/python3.11/site-packages/airflow/example_dags/example_sensors.py
[2026-04-07T04:30:10.894+0530] {logging_mixin.py:190} INFO - [2026-04-07T04:30:10.893+0530] {dag.py:3239} INFO - Sync 1 DAGs
[2026-04-07T04:30:10.907+0530] {logging_mixin.py:190} INFO - [2026-04-07T04:30:10.907+0530] {dag.py:4180} INFO - Setting next_dagrun for example_sensors to None, run_after=None
[2026-04-07T04:30:10.950+0530] {processor.py:208} INFO - Processing /home/ubantu/miniconda3/envs/airflow-env/lib/python3.11/site-packages/airflow/example_dags/example_sensors.py took 0.104 seconds
[2026-04-07T04:31:08.626+0530] {processor.py:186} INFO - Started process (PID=7834) to work on /home/ubantu/miniconda3/envs/airflow-env/lib/python3.11/site-packages/airflow/example_dags/example_sensors.py
[2026-04-07T04:31:08.629+0530] {processor.py:914} INFO - Processing file /home/ubantu/miniconda3/envs/airflow-env/lib/python3.11/site-packages/airflow/example_dags/example_sensors.py for tasks to queue
[2026-04-07T04:31:08.631+0530] {logging_mixin.py:190} INFO - [2026-04-07T04:31:08.631+0530] {dagbag.py:588} INFO - Filling up the DagBag from /home/ubantu/miniconda3/envs/airflow-env/lib/python3.11/site-packages/airflow/example_dags/example_sensors.py
[2026-04-07T04:31:08.647+0530] {processor.py:925} INFO - DAG(s) 'example_sensors' retrieved from /home/ubantu/miniconda3/envs/airflow-env/lib/python3.11/site-packages/airflow/example_dags/example_sensors.py
[2026-04-07T04:31:08.672+0530] {logging_mixin.py:190} INFO - [2026-04-07T04:31:08.671+0530] {dag.py:3239} INFO - Sync 1 DAGs
[2026-04-07T04:31:08.683+0530] {logging_mixin.py:190} INFO - [2026-04-07T04:31:08.682+0530] {dag.py:4180} INFO - Setting next_dagrun for example_sensors to None, run_after=None
[2026-04-07T04:31:08.726+0530] {processor.py:208} INFO - Processing /home/ubantu/miniconda3/envs/airflow-env/lib/python3.11/site-packages/airflow/example_dags/example_sensors.py took 0.108 seconds
[2026-04-07T04:32:07.345+0530] {processor.py:186} INFO - Started process (PID=7899) to work on /home/ubantu/miniconda3/envs/airflow-env/lib/python3.11/site-packages/airflow/example_dags/example_sensors.py
[2026-04-07T04:32:07.348+0530] {processor.py:914} INFO - Processing file /home/ubantu/miniconda3/envs/airflow-env/lib/python3.11/site-packages/airflow/example_dags/example_sensors.py for tasks to queue
[2026-04-07T04:32:07.349+0530] {logging_mixin.py:190} INFO - [2026-04-07T04:32:07.349+0530] {dagbag.py:588} INFO - Filling up the DagBag from /home/ubantu/miniconda3/envs/airflow-env/lib/python3.11/site-packages/airflow/example_dags/example_sensors.py
[2026-04-07T04:32:07.359+0530] {processor.py:925} INFO - DAG(s) 'example_sensors' retrieved from /home/ubantu/miniconda3/envs/airflow-env/lib/python3.11/site-packages/airflow/example_dags/example_sensors.py
[2026-04-07T04:32:07.376+0530] {logging_mixin.py:190} INFO - [2026-04-07T04:32:07.376+0530] {dag.py:3239} INFO - Sync 1 DAGs
[2026-04-07T04:32:07.387+0530] {logging_mixin.py:190} INFO - [2026-04-07T04:32:07.386+0530] {dag.py:4180} INFO - Setting next_dagrun for example_sensors to None, run_after=None
[2026-04-07T04:32:07.426+0530] {processor.py:208} INFO - Processing /home/ubantu/miniconda3/envs/airflow-env/lib/python3.11/site-packages/airflow/example_dags/example_sensors.py took 0.086 seconds
[2026-04-07T04:33:03.284+0530] {processor.py:186} INFO - Started process (PID=7974) to work on /home/ubantu/miniconda3/envs/airflow-env/lib/python3.11/site-packages/airflow/example_dags/example_sensors.py
[2026-04-07T04:33:03.285+0530] {processor.py:914} INFO - Processing file /home/ubantu/miniconda3/envs/airflow-env/lib/python3.11/site-packages/airflow/example_dags/example_sensors.py for tasks to queue
[2026-04-07T04:33:03.287+0530] {logging_mixin.py:190} INFO - [2026-04-07T04:33:03.286+0530] {dagbag.py:588} INFO - Filling up the DagBag from /home/ubantu/miniconda3/envs/airflow-env/lib/python3.11/site-packages/airflow/example_dags/example_sensors.py
[2026-04-07T04:33:03.299+0530] {processor.py:925} INFO - DAG(s) 'example_sensors' retrieved from /home/ubantu/miniconda3/envs/airflow-env/lib/python3.11/site-packages/airflow/example_dags/example_sensors.py
[2026-04-07T04:33:03.324+0530] {logging_mixin.py:190} INFO - [2026-04-07T04:33:03.324+0530] {dag.py:3239} INFO - Sync 1 DAGs
[2026-04-07T04:33:03.335+0530] {logging_mixin.py:190} INFO - [2026-04-07T04:33:03.335+0530] {dag.py:4180} INFO - Setting next_dagrun for example_sensors to None, run_after=None
[2026-04-07T04:33:03.356+0530] {processor.py:208} INFO - Processing /home/ubantu/miniconda3/envs/airflow-env/lib/python3.11/site-packages/airflow/example_dags/example_sensors.py took 0.078 seconds
[2026-04-07T04:33:58.271+0530] {processor.py:186} INFO - Started process (PID=8153) to work on /home/ubantu/miniconda3/envs/airflow-env/lib/python3.11/site-packages/airflow/example_dags/example_sensors.py
[2026-04-07T04:33:58.272+0530] {processor.py:914} INFO - Processing file /home/ubantu/miniconda3/envs/airflow-env/lib/python3.11/site-packages/airflow/example_dags/example_sensors.py for tasks to queue
[2026-04-07T04:33:58.274+0530] {logging_mixin.py:190} INFO - [2026-04-07T04:33:58.274+0530] {dagbag.py:588} INFO - Filling up the DagBag from /home/ubantu/miniconda3/envs/airflow-env/lib/python3.11/site-packages/airflow/example_dags/example_sensors.py
[2026-04-07T04:33:58.286+0530] {processor.py:925} INFO - DAG(s) 'example_sensors' retrieved from /home/ubantu/miniconda3/envs/airflow-env/lib/python3.11/site-packages/airflow/example_dags/example_sensors.py
[2026-04-07T04:33:58.306+0530] {logging_mixin.py:190} INFO - [2026-04-07T04:33:58.306+0530] {dag.py:3239} INFO - Sync 1 DAGs
[2026-04-07T04:33:58.317+0530] {logging_mixin.py:190} INFO - [2026-04-07T04:33:58.316+0530] {dag.py:4180} INFO - Setting next_dagrun for example_sensors to None, run_after=None
[2026-04-07T04:33:58.334+0530] {processor.py:208} INFO - Processing /home/ubantu/miniconda3/envs/airflow-env/lib/python3.11/site-packages/airflow/example_dags/example_sensors.py took 0.069 seconds
[2026-04-07T04:34:52.754+0530] {processor.py:186} INFO - Started process (PID=8223) to work on /home/ubantu/miniconda3/envs/airflow-env/lib/python3.11/site-packages/airflow/example_dags/example_sensors.py
[2026-04-07T04:34:52.756+0530] {processor.py:914} INFO - Processing file /home/ubantu/miniconda3/envs/airflow-env/lib/python3.11/site-packages/airflow/example_dags/example_sensors.py for tasks to queue
[2026-04-07T04:34:52.760+0530] {logging_mixin.py:190} INFO - [2026-04-07T04:34:52.760+0530] {dagbag.py:588} INFO - Filling up the DagBag from /home/ubantu/miniconda3/envs/airflow-env/lib/python3.11/site-packages/airflow/example_dags/example_sensors.py
[2026-04-07T04:34:52.784+0530] {processor.py:925} INFO - DAG(s) 'example_sensors' retrieved from /home/ubantu/miniconda3/envs/airflow-env/lib/python3.11/site-packages/airflow/example_dags/example_sensors.py
[2026-04-07T04:34:52.825+0530] {logging_mixin.py:190} INFO - [2026-04-07T04:34:52.825+0530] {dag.py:3239} INFO - Sync 1 DAGs
[2026-04-07T04:34:52.844+0530] {logging_mixin.py:190} INFO - [2026-04-07T04:34:52.844+0530] {dag.py:4180} INFO - Setting next_dagrun for example_sensors to None, run_after=None
[2026-04-07T04:34:52.865+0530] {processor.py:208} INFO - Processing /home/ubantu/miniconda3/envs/airflow-env/lib/python3.11/site-packages/airflow/example_dags/example_sensors.py took 0.123 seconds
[2026-04-07T04:35:45.658+0530] {processor.py:186} INFO - Started process (PID=8297) to work on /home/ubantu/miniconda3/envs/airflow-env/lib/python3.11/site-packages/airflow/example_dags/example_sensors.py
[2026-04-07T04:35:45.659+0530] {processor.py:914} INFO - Processing file /home/ubantu/miniconda3/envs/airflow-env/lib/python3.11/site-packages/airflow/example_dags/example_sensors.py for tasks to queue
[2026-04-07T04:35:45.661+0530] {logging_mixin.py:190} INFO - [2026-04-07T04:35:45.661+0530] {dagbag.py:588} INFO - Filling up the DagBag from /home/ubantu/miniconda3/envs/airflow-env/lib/python3.11/site-packages/airflow/example_dags/example_sensors.py
[2026-04-07T04:35:45.674+0530] {processor.py:925} INFO - DAG(s) 'example_sensors' retrieved from /home/ubantu/miniconda3/envs/airflow-env/lib/python3.11/site-packages/airflow/example_dags/example_sensors.py
[2026-04-07T04:35:45.694+0530] {logging_mixin.py:190} INFO - [2026-04-07T04:35:45.693+0530] {dag.py:3239} INFO - Sync 1 DAGs
[2026-04-07T04:35:45.704+0530] {logging_mixin.py:190} INFO - [2026-04-07T04:35:45.704+0530] {dag.py:4180} INFO - Setting next_dagrun for example_sensors to None, run_after=None
[2026-04-07T04:35:45.721+0530] {processor.py:208} INFO - Processing /home/ubantu/miniconda3/envs/airflow-env/lib/python3.11/site-packages/airflow/example_dags/example_sensors.py took 0.070 seconds
[2026-04-07T04:36:40.201+0530] {processor.py:186} INFO - Started process (PID=8371) to work on /home/ubantu/miniconda3/envs/airflow-env/lib/python3.11/site-packages/airflow/example_dags/example_sensors.py
[2026-04-07T04:36:40.203+0530] {processor.py:914} INFO - Processing file /home/ubantu/miniconda3/envs/airflow-env/lib/python3.11/site-packages/airflow/example_dags/example_sensors.py for tasks to queue
[2026-04-07T04:36:40.207+0530] {logging_mixin.py:190} INFO - [2026-04-07T04:36:40.206+0530] {dagbag.py:588} INFO - Filling up the DagBag from /home/ubantu/miniconda3/envs/airflow-env/lib/python3.11/site-packages/airflow/example_dags/example_sensors.py
[2026-04-07T04:36:40.232+0530] {processor.py:925} INFO - DAG(s) 'example_sensors' retrieved from /home/ubantu/miniconda3/envs/airflow-env/lib/python3.11/site-packages/airflow/example_dags/example_sensors.py
[2026-04-07T04:36:40.272+0530] {logging_mixin.py:190} INFO - [2026-04-07T04:36:40.272+0530] {dag.py:3239} INFO - Sync 1 DAGs
[2026-04-07T04:36:40.285+0530] {logging_mixin.py:190} INFO - [2026-04-07T04:36:40.285+0530] {dag.py:4180} INFO - Setting next_dagrun for example_sensors to None, run_after=None
[2026-04-07T04:36:40.302+0530] {processor.py:208} INFO - Processing /home/ubantu/miniconda3/envs/airflow-env/lib/python3.11/site-packages/airflow/example_dags/example_sensors.py took 0.114 seconds
[2026-04-07T04:37:33.730+0530] {processor.py:186} INFO - Started process (PID=8459) to work on /home/ubantu/miniconda3/envs/airflow-env/lib/python3.11/site-packages/airflow/example_dags/example_sensors.py
[2026-04-07T04:37:33.731+0530] {processor.py:914} INFO - Processing file /home/ubantu/miniconda3/envs/airflow-env/lib/python3.11/site-packages/airflow/example_dags/example_sensors.py for tasks to queue
[2026-04-07T04:37:33.732+0530] {logging_mixin.py:190} INFO - [2026-04-07T04:37:33.732+0530] {dagbag.py:588} INFO - Filling up the DagBag from /home/ubantu/miniconda3/envs/airflow-env/lib/python3.11/site-packages/airflow/example_dags/example_sensors.py
[2026-04-07T04:37:33.745+0530] {processor.py:925} INFO - DAG(s) 'example_sensors' retrieved from /home/ubantu/miniconda3/envs/airflow-env/lib/python3.11/site-packages/airflow/example_dags/example_sensors.py
[2026-04-07T04:37:33.765+0530] {logging_mixin.py:190} INFO - [2026-04-07T04:37:33.765+0530] {dag.py:3239} INFO - Sync 1 DAGs
[2026-04-07T04:37:33.776+0530] {logging_mixin.py:190} INFO - [2026-04-07T04:37:33.776+0530] {dag.py:4180} INFO - Setting next_dagrun for example_sensors to None, run_after=None
[2026-04-07T04:37:33.795+0530] {processor.py:208} INFO - Processing /home/ubantu/miniconda3/envs/airflow-env/lib/python3.11/site-packages/airflow/example_dags/example_sensors.py took 0.070 seconds
[2026-04-07T04:38:39.687+0530] {processor.py:186} INFO - Started process (PID=8567) to work on /home/ubantu/miniconda3/envs/airflow-env/lib/python3.11/site-packages/airflow/example_dags/example_sensors.py
[2026-04-07T04:38:39.688+0530] {processor.py:914} INFO - Processing file /home/ubantu/miniconda3/envs/airflow-env/lib/python3.11/site-packages/airflow/example_dags/example_sensors.py for tasks to queue
[2026-04-07T04:38:39.689+0530] {logging_mixin.py:190} INFO - [2026-04-07T04:38:39.689+0530] {dagbag.py:588} INFO - Filling up the DagBag from /home/ubantu/miniconda3/envs/airflow-env/lib/python3.11/site-packages/airflow/example_dags/example_sensors.py
[2026-04-07T04:38:39.703+0530] {processor.py:925} INFO - DAG(s) 'example_sensors' retrieved from /home/ubantu/miniconda3/envs/airflow-env/lib/python3.11/site-packages/airflow/example_dags/example_sensors.py
[2026-04-07T04:38:39.725+0530] {logging_mixin.py:190} INFO - [2026-04-07T04:38:39.724+0530] {dag.py:3239} INFO - Sync 1 DAGs
[2026-04-07T04:38:39.736+0530] {logging_mixin.py:190} INFO - [2026-04-07T04:38:39.736+0530] {dag.py:4180} INFO - Setting next_dagrun for example_sensors to None, run_after=None
[2026-04-07T04:38:39.756+0530] {processor.py:208} INFO - Processing /home/ubantu/miniconda3/envs/airflow-env/lib/python3.11/site-packages/airflow/example_dags/example_sensors.py took 0.076 seconds
[2026-04-07T04:39:36.852+0530] {processor.py:186} INFO - Started process (PID=8643) to work on /home/ubantu/miniconda3/envs/airflow-env/lib/python3.11/site-packages/airflow/example_dags/example_sensors.py
[2026-04-07T04:39:36.853+0530] {processor.py:914} INFO - Processing file /home/ubantu/miniconda3/envs/airflow-env/lib/python3.11/site-packages/airflow/example_dags/example_sensors.py for tasks to queue
[2026-04-07T04:39:36.854+0530] {logging_mixin.py:190} INFO - [2026-04-07T04:39:36.854+0530] {dagbag.py:588} INFO - Filling up the DagBag from /home/ubantu/miniconda3/envs/airflow-env/lib/python3.11/site-packages/airflow/example_dags/example_sensors.py
[2026-04-07T04:39:36.866+0530] {processor.py:925} INFO - DAG(s) 'example_sensors' retrieved from /home/ubantu/miniconda3/envs/airflow-env/lib/python3.11/site-packages/airflow/example_dags/example_sensors.py
[2026-04-07T04:39:36.885+0530] {logging_mixin.py:190} INFO - [2026-04-07T04:39:36.885+0530] {dag.py:3239} INFO - Sync 1 DAGs
[2026-04-07T04:39:36.896+0530] {logging_mixin.py:190} INFO - [2026-04-07T04:39:36.896+0530] {dag.py:4180} INFO - Setting next_dagrun for example_sensors to None, run_after=None
[2026-04-07T04:39:36.916+0530] {processor.py:208} INFO - Processing /home/ubantu/miniconda3/envs/airflow-env/lib/python3.11/site-packages/airflow/example_dags/example_sensors.py took 0.069 seconds
[2026-04-07T04:40:34.362+0530] {processor.py:186} INFO - Started process (PID=8722) to work on /home/ubantu/miniconda3/envs/airflow-env/lib/python3.11/site-packages/airflow/example_dags/example_sensors.py
[2026-04-07T04:40:34.363+0530] {processor.py:914} INFO - Processing file /home/ubantu/miniconda3/envs/airflow-env/lib/python3.11/site-packages/airflow/example_dags/example_sensors.py for tasks to queue
[2026-04-07T04:40:34.364+0530] {logging_mixin.py:190} INFO - [2026-04-07T04:40:34.364+0530] {dagbag.py:588} INFO - Filling up the DagBag from /home/ubantu/miniconda3/envs/airflow-env/lib/python3.11/site-packages/airflow/example_dags/example_sensors.py
[2026-04-07T04:40:34.377+0530] {processor.py:925} INFO - DAG(s) 'example_sensors' retrieved from /home/ubantu/miniconda3/envs/airflow-env/lib/python3.11/site-packages/airflow/example_dags/example_sensors.py
[2026-04-07T04:40:34.398+0530] {logging_mixin.py:190} INFO - [2026-04-07T04:40:34.398+0530] {dag.py:3239} INFO - Sync 1 DAGs
[2026-04-07T04:40:34.409+0530] {logging_mixin.py:190} INFO - [2026-04-07T04:40:34.409+0530] {dag.py:4180} INFO - Setting next_dagrun for example_sensors to None, run_after=None
[2026-04-07T04:40:34.427+0530] {processor.py:208} INFO - Processing /home/ubantu/miniconda3/envs/airflow-env/lib/python3.11/site-packages/airflow/example_dags/example_sensors.py took 0.072 seconds
[2026-04-07T04:41:24.944+0530] {processor.py:186} INFO - Started process (PID=8875) to work on /home/ubantu/miniconda3/envs/airflow-env/lib/python3.11/site-packages/airflow/example_dags/example_sensors.py
[2026-04-07T04:41:24.945+0530] {processor.py:914} INFO - Processing file /home/ubantu/miniconda3/envs/airflow-env/lib/python3.11/site-packages/airflow/example_dags/example_sensors.py for tasks to queue
[2026-04-07T04:41:24.948+0530] {logging_mixin.py:190} INFO - [2026-04-07T04:41:24.948+0530] {dagbag.py:588} INFO - Filling up the DagBag from /home/ubantu/miniconda3/envs/airflow-env/lib/python3.11/site-packages/airflow/example_dags/example_sensors.py
[2026-04-07T04:41:24.963+0530] {processor.py:925} INFO - DAG(s) 'example_sensors' retrieved from /home/ubantu/miniconda3/envs/airflow-env/lib/python3.11/site-packages/airflow/example_dags/example_sensors.py
[2026-04-07T04:41:24.994+0530] {logging_mixin.py:190} INFO - [2026-04-07T04:41:24.994+0530] {dag.py:3239} INFO - Sync 1 DAGs
[2026-04-07T04:41:25.009+0530] {logging_mixin.py:190} INFO - [2026-04-07T04:41:25.009+0530] {dag.py:4180} INFO - Setting next_dagrun for example_sensors to None, run_after=None
[2026-04-07T04:41:25.031+0530] {processor.py:208} INFO - Processing /home/ubantu/miniconda3/envs/airflow-env/lib/python3.11/site-packages/airflow/example_dags/example_sensors.py took 0.094 seconds
[2026-04-07T04:41:32.701+0530] {processor.py:186} INFO - Started process (PID=8891) to work on /home/ubantu/miniconda3/envs/airflow-env/lib/python3.11/site-packages/airflow/example_dags/example_sensors.py
[2026-04-07T04:41:32.702+0530] {processor.py:914} INFO - Processing file /home/ubantu/miniconda3/envs/airflow-env/lib/python3.11/site-packages/airflow/example_dags/example_sensors.py for tasks to queue
[2026-04-07T04:41:32.703+0530] {logging_mixin.py:190} INFO - [2026-04-07T04:41:32.703+0530] {dagbag.py:588} INFO - Filling up the DagBag from /home/ubantu/miniconda3/envs/airflow-env/lib/python3.11/site-packages/airflow/example_dags/example_sensors.py
[2026-04-07T04:41:32.718+0530] {processor.py:925} INFO - DAG(s) 'example_sensors' retrieved from /home/ubantu/miniconda3/envs/airflow-env/lib/python3.11/site-packages/airflow/example_dags/example_sensors.py
[2026-04-07T04:41:32.745+0530] {logging_mixin.py:190} INFO - [2026-04-07T04:41:32.745+0530] {dag.py:3239} INFO - Sync 1 DAGs
[2026-04-07T04:41:32.759+0530] {logging_mixin.py:190} INFO - [2026-04-07T04:41:32.759+0530] {dag.py:4180} INFO - Setting next_dagrun for example_sensors to None, run_after=None
[2026-04-07T04:41:32.784+0530] {processor.py:208} INFO - Processing /home/ubantu/miniconda3/envs/airflow-env/lib/python3.11/site-packages/airflow/example_dags/example_sensors.py took 0.087 seconds
[2026-04-07T04:42:18.658+0530] {processor.py:186} INFO - Started process (PID=9010) to work on /home/ubantu/miniconda3/envs/airflow-env/lib/python3.11/site-packages/airflow/example_dags/example_sensors.py
[2026-04-07T04:42:18.659+0530] {processor.py:914} INFO - Processing file /home/ubantu/miniconda3/envs/airflow-env/lib/python3.11/site-packages/airflow/example_dags/example_sensors.py for tasks to queue
[2026-04-07T04:42:18.662+0530] {logging_mixin.py:190} INFO - [2026-04-07T04:42:18.661+0530] {dagbag.py:588} INFO - Filling up the DagBag from /home/ubantu/miniconda3/envs/airflow-env/lib/python3.11/site-packages/airflow/example_dags/example_sensors.py
[2026-04-07T04:42:18.676+0530] {processor.py:925} INFO - DAG(s) 'example_sensors' retrieved from /home/ubantu/miniconda3/envs/airflow-env/lib/python3.11/site-packages/airflow/example_dags/example_sensors.py
[2026-04-07T04:42:18.700+0530] {logging_mixin.py:190} INFO - [2026-04-07T04:42:18.699+0530] {dag.py:3239} INFO - Sync 1 DAGs
[2026-04-07T04:42:18.710+0530] {logging_mixin.py:190} INFO - [2026-04-07T04:42:18.710+0530] {dag.py:4180} INFO - Setting next_dagrun for example_sensors to None, run_after=None
[2026-04-07T04:42:18.729+0530] {processor.py:208} INFO - Processing /home/ubantu/miniconda3/envs/airflow-env/lib/python3.11/site-packages/airflow/example_dags/example_sensors.py took 0.078 seconds
[2026-04-07T04:42:27.264+0530] {processor.py:186} INFO - Started process (PID=9029) to work on /home/ubantu/miniconda3/envs/airflow-env/lib/python3.11/site-packages/airflow/example_dags/example_sensors.py
[2026-04-07T04:42:27.264+0530] {processor.py:914} INFO - Processing file /home/ubantu/miniconda3/envs/airflow-env/lib/python3.11/site-packages/airflow/example_dags/example_sensors.py for tasks to queue
[2026-04-07T04:42:27.266+0530] {logging_mixin.py:190} INFO - [2026-04-07T04:42:27.265+0530] {dagbag.py:588} INFO - Filling up the DagBag from /home/ubantu/miniconda3/envs/airflow-env/lib/python3.11/site-packages/airflow/example_dags/example_sensors.py
[2026-04-07T04:42:27.277+0530] {processor.py:925} INFO - DAG(s) 'example_sensors' retrieved from /home/ubantu/miniconda3/envs/airflow-env/lib/python3.11/site-packages/airflow/example_dags/example_sensors.py
[2026-04-07T04:42:27.296+0530] {logging_mixin.py:190} INFO - [2026-04-07T04:42:27.296+0530] {dag.py:3239} INFO - Sync 1 DAGs
[2026-04-07T04:42:27.307+0530] {logging_mixin.py:190} INFO - [2026-04-07T04:42:27.307+0530] {dag.py:4180} INFO - Setting next_dagrun for example_sensors to None, run_after=None
[2026-04-07T04:42:27.328+0530] {processor.py:208} INFO - Processing /home/ubantu/miniconda3/envs/airflow-env/lib/python3.11/site-packages/airflow/example_dags/example_sensors.py took 0.069 seconds
[2026-04-07T04:43:16.591+0530] {processor.py:186} INFO - Started process (PID=9156) to work on /home/ubantu/miniconda3/envs/airflow-env/lib/python3.11/site-packages/airflow/example_dags/example_sensors.py
[2026-04-07T04:43:16.592+0530] {processor.py:914} INFO - Processing file /home/ubantu/miniconda3/envs/airflow-env/lib/python3.11/site-packages/airflow/example_dags/example_sensors.py for tasks to queue
[2026-04-07T04:43:16.594+0530] {logging_mixin.py:190} INFO - [2026-04-07T04:43:16.594+0530] {dagbag.py:588} INFO - Filling up the DagBag from /home/ubantu/miniconda3/envs/airflow-env/lib/python3.11/site-packages/airflow/example_dags/example_sensors.py
[2026-04-07T04:43:16.605+0530] {processor.py:925} INFO - DAG(s) 'example_sensors' retrieved from /home/ubantu/miniconda3/envs/airflow-env/lib/python3.11/site-packages/airflow/example_dags/example_sensors.py
[2026-04-07T04:43:16.626+0530] {logging_mixin.py:190} INFO - [2026-04-07T04:43:16.626+0530] {dag.py:3239} INFO - Sync 1 DAGs
[2026-04-07T04:43:16.637+0530] {logging_mixin.py:190} INFO - [2026-04-07T04:43:16.637+0530] {dag.py:4180} INFO - Setting next_dagrun for example_sensors to None, run_after=None
[2026-04-07T04:43:16.656+0530] {processor.py:208} INFO - Processing /home/ubantu/miniconda3/envs/airflow-env/lib/python3.11/site-packages/airflow/example_dags/example_sensors.py took 0.071 seconds
[2026-04-07T04:43:20.157+0530] {processor.py:186} INFO - Started process (PID=9164) to work on /home/ubantu/miniconda3/envs/airflow-env/lib/python3.11/site-packages/airflow/example_dags/example_sensors.py
[2026-04-07T04:43:20.158+0530] {processor.py:914} INFO - Processing file /home/ubantu/miniconda3/envs/airflow-env/lib/python3.11/site-packages/airflow/example_dags/example_sensors.py for tasks to queue
[2026-04-07T04:43:20.159+0530] {logging_mixin.py:190} INFO - [2026-04-07T04:43:20.159+0530] {dagbag.py:588} INFO - Filling up the DagBag from /home/ubantu/miniconda3/envs/airflow-env/lib/python3.11/site-packages/airflow/example_dags/example_sensors.py
[2026-04-07T04:43:20.171+0530] {processor.py:925} INFO - DAG(s) 'example_sensors' retrieved from /home/ubantu/miniconda3/envs/airflow-env/lib/python3.11/site-packages/airflow/example_dags/example_sensors.py
[2026-04-07T04:43:20.191+0530] {logging_mixin.py:190} INFO - [2026-04-07T04:43:20.191+0530] {dag.py:3239} INFO - Sync 1 DAGs
[2026-04-07T04:43:20.202+0530] {logging_mixin.py:190} INFO - [2026-04-07T04:43:20.202+0530] {dag.py:4180} INFO - Setting next_dagrun for example_sensors to None, run_after=None
[2026-04-07T04:43:20.219+0530] {processor.py:208} INFO - Processing /home/ubantu/miniconda3/envs/airflow-env/lib/python3.11/site-packages/airflow/example_dags/example_sensors.py took 0.069 seconds
[2026-04-07T04:44:14.057+0530] {processor.py:186} INFO - Started process (PID=9300) to work on /home/ubantu/miniconda3/envs/airflow-env/lib/python3.11/site-packages/airflow/example_dags/example_sensors.py
[2026-04-07T04:44:14.058+0530] {processor.py:914} INFO - Processing file /home/ubantu/miniconda3/envs/airflow-env/lib/python3.11/site-packages/airflow/example_dags/example_sensors.py for tasks to queue
[2026-04-07T04:44:14.059+0530] {logging_mixin.py:190} INFO - [2026-04-07T04:44:14.059+0530] {dagbag.py:588} INFO - Filling up the DagBag from /home/ubantu/miniconda3/envs/airflow-env/lib/python3.11/site-packages/airflow/example_dags/example_sensors.py
[2026-04-07T04:44:14.070+0530] {processor.py:925} INFO - DAG(s) 'example_sensors' retrieved from /home/ubantu/miniconda3/envs/airflow-env/lib/python3.11/site-packages/airflow/example_dags/example_sensors.py
[2026-04-07T04:44:14.088+0530] {logging_mixin.py:190} INFO - [2026-04-07T04:44:14.088+0530] {dag.py:3239} INFO - Sync 1 DAGs
[2026-04-07T04:44:14.098+0530] {logging_mixin.py:190} INFO - [2026-04-07T04:44:14.098+0530] {dag.py:4180} INFO - Setting next_dagrun for example_sensors to None, run_after=None
[2026-04-07T04:44:14.116+0530] {processor.py:208} INFO - Processing /home/ubantu/miniconda3/envs/airflow-env/lib/python3.11/site-packages/airflow/example_dags/example_sensors.py took 0.065 seconds
[2026-04-07T04:44:17.611+0530] {processor.py:186} INFO - Started process (PID=9308) to work on /home/ubantu/miniconda3/envs/airflow-env/lib/python3.11/site-packages/airflow/example_dags/example_sensors.py
[2026-04-07T04:44:17.612+0530] {processor.py:914} INFO - Processing file /home/ubantu/miniconda3/envs/airflow-env/lib/python3.11/site-packages/airflow/example_dags/example_sensors.py for tasks to queue
[2026-04-07T04:44:17.614+0530] {logging_mixin.py:190} INFO - [2026-04-07T04:44:17.614+0530] {dagbag.py:588} INFO - Filling up the DagBag from /home/ubantu/miniconda3/envs/airflow-env/lib/python3.11/site-packages/airflow/example_dags/example_sensors.py
[2026-04-07T04:44:17.628+0530] {processor.py:925} INFO - DAG(s) 'example_sensors' retrieved from /home/ubantu/miniconda3/envs/airflow-env/lib/python3.11/site-packages/airflow/example_dags/example_sensors.py
[2026-04-07T04:44:17.657+0530] {logging_mixin.py:190} INFO - [2026-04-07T04:44:17.656+0530] {dag.py:3239} INFO - Sync 1 DAGs
[2026-04-07T04:44:17.669+0530] {logging_mixin.py:190} INFO - [2026-04-07T04:44:17.669+0530] {dag.py:4180} INFO - Setting next_dagrun for example_sensors to None, run_after=None
[2026-04-07T04:44:17.791+0530] {processor.py:208} INFO - Processing /home/ubantu/miniconda3/envs/airflow-env/lib/python3.11/site-packages/airflow/example_dags/example_sensors.py took 0.187 seconds
[2026-04-07T04:45:10.312+0530] {processor.py:186} INFO - Started process (PID=9427) to work on /home/ubantu/miniconda3/envs/airflow-env/lib/python3.11/site-packages/airflow/example_dags/example_sensors.py
[2026-04-07T04:45:10.313+0530] {processor.py:914} INFO - Processing file /home/ubantu/miniconda3/envs/airflow-env/lib/python3.11/site-packages/airflow/example_dags/example_sensors.py for tasks to queue
[2026-04-07T04:45:10.314+0530] {logging_mixin.py:190} INFO - [2026-04-07T04:45:10.314+0530] {dagbag.py:588} INFO - Filling up the DagBag from /home/ubantu/miniconda3/envs/airflow-env/lib/python3.11/site-packages/airflow/example_dags/example_sensors.py
[2026-04-07T04:45:10.327+0530] {processor.py:925} INFO - DAG(s) 'example_sensors' retrieved from /home/ubantu/miniconda3/envs/airflow-env/lib/python3.11/site-packages/airflow/example_dags/example_sensors.py
[2026-04-07T04:45:10.347+0530] {logging_mixin.py:190} INFO - [2026-04-07T04:45:10.347+0530] {dag.py:3239} INFO - Sync 1 DAGs
[2026-04-07T04:45:10.358+0530] {logging_mixin.py:190} INFO - [2026-04-07T04:45:10.357+0530] {dag.py:4180} INFO - Setting next_dagrun for example_sensors to None, run_after=None
[2026-04-07T04:45:10.375+0530] {processor.py:208} INFO - Processing /home/ubantu/miniconda3/envs/airflow-env/lib/python3.11/site-packages/airflow/example_dags/example_sensors.py took 0.069 seconds
[2026-04-07T04:45:16.284+0530] {processor.py:186} INFO - Started process (PID=9441) to work on /home/ubantu/miniconda3/envs/airflow-env/lib/python3.11/site-packages/airflow/example_dags/example_sensors.py
[2026-04-07T04:45:16.285+0530] {processor.py:914} INFO - Processing file /home/ubantu/miniconda3/envs/airflow-env/lib/python3.11/site-packages/airflow/example_dags/example_sensors.py for tasks to queue
[2026-04-07T04:45:16.287+0530] {logging_mixin.py:190} INFO - [2026-04-07T04:45:16.287+0530] {dagbag.py:588} INFO - Filling up the DagBag from /home/ubantu/miniconda3/envs/airflow-env/lib/python3.11/site-packages/airflow/example_dags/example_sensors.py
[2026-04-07T04:45:16.298+0530] {processor.py:925} INFO - DAG(s) 'example_sensors' retrieved from /home/ubantu/miniconda3/envs/airflow-env/lib/python3.11/site-packages/airflow/example_dags/example_sensors.py
[2026-04-07T04:45:16.319+0530] {logging_mixin.py:190} INFO - [2026-04-07T04:45:16.319+0530] {dag.py:3239} INFO - Sync 1 DAGs
[2026-04-07T04:45:16.329+0530] {logging_mixin.py:190} INFO - [2026-04-07T04:45:16.329+0530] {dag.py:4180} INFO - Setting next_dagrun for example_sensors to None, run_after=None
[2026-04-07T04:45:16.346+0530] {processor.py:208} INFO - Processing /home/ubantu/miniconda3/envs/airflow-env/lib/python3.11/site-packages/airflow/example_dags/example_sensors.py took 0.067 seconds
[2026-04-07T04:46:02.527+0530] {processor.py:186} INFO - Started process (PID=9542) to work on /home/ubantu/miniconda3/envs/airflow-env/lib/python3.11/site-packages/airflow/example_dags/example_sensors.py
[2026-04-07T04:46:02.528+0530] {processor.py:914} INFO - Processing file /home/ubantu/miniconda3/envs/airflow-env/lib/python3.11/site-packages/airflow/example_dags/example_sensors.py for tasks to queue
[2026-04-07T04:46:02.529+0530] {logging_mixin.py:190} INFO - [2026-04-07T04:46:02.529+0530] {dagbag.py:588} INFO - Filling up the DagBag from /home/ubantu/miniconda3/envs/airflow-env/lib/python3.11/site-packages/airflow/example_dags/example_sensors.py
[2026-04-07T04:46:02.540+0530] {processor.py:925} INFO - DAG(s) 'example_sensors' retrieved from /home/ubantu/miniconda3/envs/airflow-env/lib/python3.11/site-packages/airflow/example_dags/example_sensors.py
[2026-04-07T04:46:02.558+0530] {logging_mixin.py:190} INFO - [2026-04-07T04:46:02.558+0530] {dag.py:3239} INFO - Sync 1 DAGs
[2026-04-07T04:46:02.569+0530] {logging_mixin.py:190} INFO - [2026-04-07T04:46:02.569+0530] {dag.py:4180} INFO - Setting next_dagrun for example_sensors to None, run_after=None
[2026-04-07T04:46:02.587+0530] {processor.py:208} INFO - Processing /home/ubantu/miniconda3/envs/airflow-env/lib/python3.11/site-packages/airflow/example_dags/example_sensors.py took 0.065 seconds
[2026-04-07T04:46:10.341+0530] {processor.py:186} INFO - Started process (PID=9562) to work on /home/ubantu/miniconda3/envs/airflow-env/lib/python3.11/site-packages/airflow/example_dags/example_sensors.py
[2026-04-07T04:46:10.342+0530] {processor.py:914} INFO - Processing file /home/ubantu/miniconda3/envs/airflow-env/lib/python3.11/site-packages/airflow/example_dags/example_sensors.py for tasks to queue
[2026-04-07T04:46:10.344+0530] {logging_mixin.py:190} INFO - [2026-04-07T04:46:10.343+0530] {dagbag.py:588} INFO - Filling up the DagBag from /home/ubantu/miniconda3/envs/airflow-env/lib/python3.11/site-packages/airflow/example_dags/example_sensors.py
[2026-04-07T04:46:10.355+0530] {processor.py:925} INFO - DAG(s) 'example_sensors' retrieved from /home/ubantu/miniconda3/envs/airflow-env/lib/python3.11/site-packages/airflow/example_dags/example_sensors.py
[2026-04-07T04:46:10.374+0530] {logging_mixin.py:190} INFO - [2026-04-07T04:46:10.374+0530] {dag.py:3239} INFO - Sync 1 DAGs
[2026-04-07T04:46:10.384+0530] {logging_mixin.py:190} INFO - [2026-04-07T04:46:10.384+0530] {dag.py:4180} INFO - Setting next_dagrun for example_sensors to None, run_after=None
[2026-04-07T04:46:10.401+0530] {processor.py:208} INFO - Processing /home/ubantu/miniconda3/envs/airflow-env/lib/python3.11/site-packages/airflow/example_dags/example_sensors.py took 0.066 seconds
[2026-04-07T04:46:56.169+0530] {processor.py:186} INFO - Started process (PID=9657) to work on /home/ubantu/miniconda3/envs/airflow-env/lib/python3.11/site-packages/airflow/example_dags/example_sensors.py
[2026-04-07T04:46:56.170+0530] {processor.py:914} INFO - Processing file /home/ubantu/miniconda3/envs/airflow-env/lib/python3.11/site-packages/airflow/example_dags/example_sensors.py for tasks to queue
[2026-04-07T04:46:56.171+0530] {logging_mixin.py:190} INFO - [2026-04-07T04:46:56.171+0530] {dagbag.py:588} INFO - Filling up the DagBag from /home/ubantu/miniconda3/envs/airflow-env/lib/python3.11/site-packages/airflow/example_dags/example_sensors.py
[2026-04-07T04:46:56.184+0530] {processor.py:925} INFO - DAG(s) 'example_sensors' retrieved from /home/ubantu/miniconda3/envs/airflow-env/lib/python3.11/site-packages/airflow/example_dags/example_sensors.py
[2026-04-07T04:46:56.204+0530] {logging_mixin.py:190} INFO - [2026-04-07T04:46:56.204+0530] {dag.py:3239} INFO - Sync 1 DAGs
[2026-04-07T04:46:56.215+0530] {logging_mixin.py:190} INFO - [2026-04-07T04:46:56.215+0530] {dag.py:4180} INFO - Setting next_dagrun for example_sensors to None, run_after=None
[2026-04-07T04:46:56.235+0530] {processor.py:208} INFO - Processing /home/ubantu/miniconda3/envs/airflow-env/lib/python3.11/site-packages/airflow/example_dags/example_sensors.py took 0.072 seconds
[2026-04-07T04:47:08.471+0530] {processor.py:186} INFO - Started process (PID=9688) to work on /home/ubantu/miniconda3/envs/airflow-env/lib/python3.11/site-packages/airflow/example_dags/example_sensors.py
[2026-04-07T04:47:08.472+0530] {processor.py:914} INFO - Processing file /home/ubantu/miniconda3/envs/airflow-env/lib/python3.11/site-packages/airflow/example_dags/example_sensors.py for tasks to queue
[2026-04-07T04:47:08.474+0530] {logging_mixin.py:190} INFO - [2026-04-07T04:47:08.473+0530] {dagbag.py:588} INFO - Filling up the DagBag from /home/ubantu/miniconda3/envs/airflow-env/lib/python3.11/site-packages/airflow/example_dags/example_sensors.py
[2026-04-07T04:47:08.486+0530] {processor.py:925} INFO - DAG(s) 'example_sensors' retrieved from /home/ubantu/miniconda3/envs/airflow-env/lib/python3.11/site-packages/airflow/example_dags/example_sensors.py
[2026-04-07T04:47:08.509+0530] {logging_mixin.py:190} INFO - [2026-04-07T04:47:08.509+0530] {dag.py:3239} INFO - Sync 1 DAGs
[2026-04-07T04:47:08.522+0530] {logging_mixin.py:190} INFO - [2026-04-07T04:47:08.521+0530] {dag.py:4180} INFO - Setting next_dagrun for example_sensors to None, run_after=None
[2026-04-07T04:47:08.543+0530] {processor.py:208} INFO - Processing /home/ubantu/miniconda3/envs/airflow-env/lib/python3.11/site-packages/airflow/example_dags/example_sensors.py took 0.079 seconds
[2026-04-07T04:47:49.165+0530] {processor.py:186} INFO - Started process (PID=9790) to work on /home/ubantu/miniconda3/envs/airflow-env/lib/python3.11/site-packages/airflow/example_dags/example_sensors.py
[2026-04-07T04:47:49.166+0530] {processor.py:914} INFO - Processing file /home/ubantu/miniconda3/envs/airflow-env/lib/python3.11/site-packages/airflow/example_dags/example_sensors.py for tasks to queue
[2026-04-07T04:47:49.168+0530] {logging_mixin.py:190} INFO - [2026-04-07T04:47:49.167+0530] {dagbag.py:588} INFO - Filling up the DagBag from /home/ubantu/miniconda3/envs/airflow-env/lib/python3.11/site-packages/airflow/example_dags/example_sensors.py
[2026-04-07T04:47:49.184+0530] {processor.py:925} INFO - DAG(s) 'example_sensors' retrieved from /home/ubantu/miniconda3/envs/airflow-env/lib/python3.11/site-packages/airflow/example_dags/example_sensors.py
[2026-04-07T04:47:49.207+0530] {logging_mixin.py:190} INFO - [2026-04-07T04:47:49.207+0530] {dag.py:3239} INFO - Sync 1 DAGs
[2026-04-07T04:47:49.218+0530] {logging_mixin.py:190} INFO - [2026-04-07T04:47:49.218+0530] {dag.py:4180} INFO - Setting next_dagrun for example_sensors to None, run_after=None
[2026-04-07T04:47:49.237+0530] {processor.py:208} INFO - Processing /home/ubantu/miniconda3/envs/airflow-env/lib/python3.11/site-packages/airflow/example_dags/example_sensors.py took 0.080 seconds
[2026-04-07T04:48:07.430+0530] {processor.py:186} INFO - Started process (PID=9836) to work on /home/ubantu/miniconda3/envs/airflow-env/lib/python3.11/site-packages/airflow/example_dags/example_sensors.py
[2026-04-07T04:48:07.431+0530] {processor.py:914} INFO - Processing file /home/ubantu/miniconda3/envs/airflow-env/lib/python3.11/site-packages/airflow/example_dags/example_sensors.py for tasks to queue
[2026-04-07T04:48:07.434+0530] {logging_mixin.py:190} INFO - [2026-04-07T04:48:07.433+0530] {dagbag.py:588} INFO - Filling up the DagBag from /home/ubantu/miniconda3/envs/airflow-env/lib/python3.11/site-packages/airflow/example_dags/example_sensors.py
[2026-04-07T04:48:07.449+0530] {processor.py:925} INFO - DAG(s) 'example_sensors' retrieved from /home/ubantu/miniconda3/envs/airflow-env/lib/python3.11/site-packages/airflow/example_dags/example_sensors.py
[2026-04-07T04:48:07.473+0530] {logging_mixin.py:190} INFO - [2026-04-07T04:48:07.473+0530] {dag.py:3239} INFO - Sync 1 DAGs
[2026-04-07T04:48:07.485+0530] {logging_mixin.py:190} INFO - [2026-04-07T04:48:07.484+0530] {dag.py:4180} INFO - Setting next_dagrun for example_sensors to None, run_after=None
[2026-04-07T04:48:07.502+0530] {processor.py:208} INFO - Processing /home/ubantu/miniconda3/envs/airflow-env/lib/python3.11/site-packages/airflow/example_dags/example_sensors.py took 0.080 seconds
[2026-04-07T05:10:05.602+0530] {processor.py:186} INFO - Started process (PID=10978) to work on /home/ubantu/miniconda3/envs/airflow-env/lib/python3.11/site-packages/airflow/example_dags/example_sensors.py
[2026-04-07T05:10:05.603+0530] {processor.py:914} INFO - Processing file /home/ubantu/miniconda3/envs/airflow-env/lib/python3.11/site-packages/airflow/example_dags/example_sensors.py for tasks to queue
[2026-04-07T05:10:05.605+0530] {logging_mixin.py:190} INFO - [2026-04-07T05:10:05.604+0530] {dagbag.py:588} INFO - Filling up the DagBag from /home/ubantu/miniconda3/envs/airflow-env/lib/python3.11/site-packages/airflow/example_dags/example_sensors.py
[2026-04-07T05:10:05.616+0530] {processor.py:925} INFO - DAG(s) 'example_sensors' retrieved from /home/ubantu/miniconda3/envs/airflow-env/lib/python3.11/site-packages/airflow/example_dags/example_sensors.py
[2026-04-07T05:10:05.703+0530] {logging_mixin.py:190} INFO - [2026-04-07T05:10:05.702+0530] {dag.py:3239} INFO - Sync 1 DAGs
[2026-04-07T05:10:05.711+0530] {logging_mixin.py:190} INFO - [2026-04-07T05:10:05.711+0530] {dag.py:4180} INFO - Setting next_dagrun for example_sensors to None, run_after=None
[2026-04-07T05:10:05.728+0530] {processor.py:208} INFO - Processing /home/ubantu/miniconda3/envs/airflow-env/lib/python3.11/site-packages/airflow/example_dags/example_sensors.py took 0.133 seconds
[2026-04-07T05:11:36.113+0530] {processor.py:186} INFO - Started process (PID=11129) to work on /home/ubantu/miniconda3/envs/airflow-env/lib/python3.11/site-packages/airflow/example_dags/example_sensors.py
[2026-04-07T05:11:36.115+0530] {processor.py:914} INFO - Processing file /home/ubantu/miniconda3/envs/airflow-env/lib/python3.11/site-packages/airflow/example_dags/example_sensors.py for tasks to queue
[2026-04-07T05:11:36.117+0530] {logging_mixin.py:190} INFO - [2026-04-07T05:11:36.116+0530] {dagbag.py:588} INFO - Filling up the DagBag from /home/ubantu/miniconda3/envs/airflow-env/lib/python3.11/site-packages/airflow/example_dags/example_sensors.py
[2026-04-07T05:11:36.129+0530] {processor.py:925} INFO - DAG(s) 'example_sensors' retrieved from /home/ubantu/miniconda3/envs/airflow-env/lib/python3.11/site-packages/airflow/example_dags/example_sensors.py
[2026-04-07T05:11:36.153+0530] {logging_mixin.py:190} INFO - [2026-04-07T05:11:36.153+0530] {dag.py:3239} INFO - Sync 1 DAGs
[2026-04-07T05:11:36.163+0530] {logging_mixin.py:190} INFO - [2026-04-07T05:11:36.163+0530] {dag.py:4180} INFO - Setting next_dagrun for example_sensors to None, run_after=None
[2026-04-07T05:11:36.181+0530] {processor.py:208} INFO - Processing /home/ubantu/miniconda3/envs/airflow-env/lib/python3.11/site-packages/airflow/example_dags/example_sensors.py took 0.074 seconds
[2026-04-07T05:12:35.426+0530] {processor.py:186} INFO - Started process (PID=11211) to work on /home/ubantu/miniconda3/envs/airflow-env/lib/python3.11/site-packages/airflow/example_dags/example_sensors.py
[2026-04-07T05:12:35.427+0530] {processor.py:914} INFO - Processing file /home/ubantu/miniconda3/envs/airflow-env/lib/python3.11/site-packages/airflow/example_dags/example_sensors.py for tasks to queue
[2026-04-07T05:12:35.430+0530] {logging_mixin.py:190} INFO - [2026-04-07T05:12:35.429+0530] {dagbag.py:588} INFO - Filling up the DagBag from /home/ubantu/miniconda3/envs/airflow-env/lib/python3.11/site-packages/airflow/example_dags/example_sensors.py
[2026-04-07T05:12:35.444+0530] {processor.py:925} INFO - DAG(s) 'example_sensors' retrieved from /home/ubantu/miniconda3/envs/airflow-env/lib/python3.11/site-packages/airflow/example_dags/example_sensors.py
[2026-04-07T05:12:35.466+0530] {logging_mixin.py:190} INFO - [2026-04-07T05:12:35.466+0530] {dag.py:3239} INFO - Sync 1 DAGs
[2026-04-07T05:12:35.477+0530] {logging_mixin.py:190} INFO - [2026-04-07T05:12:35.476+0530] {dag.py:4180} INFO - Setting next_dagrun for example_sensors to None, run_after=None
[2026-04-07T05:12:35.495+0530] {processor.py:208} INFO - Processing /home/ubantu/miniconda3/envs/airflow-env/lib/python3.11/site-packages/airflow/example_dags/example_sensors.py took 0.076 seconds
[2026-04-07T05:13:36.509+0530] {processor.py:186} INFO - Started process (PID=11302) to work on /home/ubantu/miniconda3/envs/airflow-env/lib/python3.11/site-packages/airflow/example_dags/example_sensors.py
[2026-04-07T05:13:36.510+0530] {processor.py:914} INFO - Processing file /home/ubantu/miniconda3/envs/airflow-env/lib/python3.11/site-packages/airflow/example_dags/example_sensors.py for tasks to queue
[2026-04-07T05:13:36.512+0530] {logging_mixin.py:190} INFO - [2026-04-07T05:13:36.512+0530] {dagbag.py:588} INFO - Filling up the DagBag from /home/ubantu/miniconda3/envs/airflow-env/lib/python3.11/site-packages/airflow/example_dags/example_sensors.py
[2026-04-07T05:13:36.525+0530] {processor.py:925} INFO - DAG(s) 'example_sensors' retrieved from /home/ubantu/miniconda3/envs/airflow-env/lib/python3.11/site-packages/airflow/example_dags/example_sensors.py
[2026-04-07T05:13:36.547+0530] {logging_mixin.py:190} INFO - [2026-04-07T05:13:36.546+0530] {dag.py:3239} INFO - Sync 1 DAGs
[2026-04-07T05:13:36.559+0530] {logging_mixin.py:190} INFO - [2026-04-07T05:13:36.559+0530] {dag.py:4180} INFO - Setting next_dagrun for example_sensors to None, run_after=None
[2026-04-07T05:13:36.677+0530] {processor.py:208} INFO - Processing /home/ubantu/miniconda3/envs/airflow-env/lib/python3.11/site-packages/airflow/example_dags/example_sensors.py took 0.174 seconds
[2026-04-07T05:17:46.432+0530] {processor.py:186} INFO - Started process (PID=11588) to work on /home/ubantu/miniconda3/envs/airflow-env/lib/python3.11/site-packages/airflow/example_dags/example_sensors.py
[2026-04-07T05:17:46.433+0530] {processor.py:914} INFO - Processing file /home/ubantu/miniconda3/envs/airflow-env/lib/python3.11/site-packages/airflow/example_dags/example_sensors.py for tasks to queue
[2026-04-07T05:17:46.435+0530] {logging_mixin.py:190} INFO - [2026-04-07T05:17:46.435+0530] {dagbag.py:588} INFO - Filling up the DagBag from /home/ubantu/miniconda3/envs/airflow-env/lib/python3.11/site-packages/airflow/example_dags/example_sensors.py
[2026-04-07T05:17:46.447+0530] {processor.py:925} INFO - DAG(s) 'example_sensors' retrieved from /home/ubantu/miniconda3/envs/airflow-env/lib/python3.11/site-packages/airflow/example_dags/example_sensors.py
[2026-04-07T05:17:46.471+0530] {logging_mixin.py:190} INFO - [2026-04-07T05:17:46.471+0530] {dag.py:3239} INFO - Sync 1 DAGs
[2026-04-07T05:17:46.482+0530] {logging_mixin.py:190} INFO - [2026-04-07T05:17:46.482+0530] {dag.py:4180} INFO - Setting next_dagrun for example_sensors to None, run_after=None
[2026-04-07T05:17:46.499+0530] {processor.py:208} INFO - Processing /home/ubantu/miniconda3/envs/airflow-env/lib/python3.11/site-packages/airflow/example_dags/example_sensors.py took 0.073 seconds
