[2026-04-07T04:07:35.741+0530] {processor.py:186} INFO - Started process (PID=5639) to work on /home/ubantu/miniconda3/envs/airflow-env/lib/python3.11/site-packages/airflow/example_dags/example_task_group.py
[2026-04-07T04:07:35.742+0530] {processor.py:914} INFO - Processing file /home/ubantu/miniconda3/envs/airflow-env/lib/python3.11/site-packages/airflow/example_dags/example_task_group.py for tasks to queue
[2026-04-07T04:07:35.744+0530] {logging_mixin.py:190} INFO - [2026-04-07T04:07:35.743+0530] {dagbag.py:588} INFO - Filling up the DagBag from /home/ubantu/miniconda3/envs/airflow-env/lib/python3.11/site-packages/airflow/example_dags/example_task_group.py
[2026-04-07T04:07:35.753+0530] {processor.py:925} INFO - DAG(s) 'example_task_group' retrieved from /home/ubantu/miniconda3/envs/airflow-env/lib/python3.11/site-packages/airflow/example_dags/example_task_group.py
[2026-04-07T04:07:35.841+0530] {logging_mixin.py:190} INFO - [2026-04-07T04:07:35.840+0530] {override.py:1911} INFO - Created Permission View: can delete on DAG:example_task_group
[2026-04-07T04:07:35.851+0530] {logging_mixin.py:190} INFO - [2026-04-07T04:07:35.850+0530] {override.py:1911} INFO - Created Permission View: can edit on DAG:example_task_group
[2026-04-07T04:07:35.858+0530] {logging_mixin.py:190} INFO - [2026-04-07T04:07:35.857+0530] {override.py:1911} INFO - Created Permission View: can read on DAG:example_task_group
[2026-04-07T04:07:35.869+0530] {logging_mixin.py:190} INFO - [2026-04-07T04:07:35.868+0530] {override.py:1911} INFO - Created Permission View: can create on DAG Run:example_task_group
[2026-04-07T04:07:35.876+0530] {logging_mixin.py:190} INFO - [2026-04-07T04:07:35.876+0530] {override.py:1911} INFO - Created Permission View: can delete on DAG Run:example_task_group
[2026-04-07T04:07:35.885+0530] {logging_mixin.py:190} INFO - [2026-04-07T04:07:35.884+0530] {override.py:1911} INFO - Created Permission View: menu access on DAG Run:example_task_group
[2026-04-07T04:07:35.893+0530] {logging_mixin.py:190} INFO - [2026-04-07T04:07:35.893+0530] {override.py:1911} INFO - Created Permission View: can read on DAG Run:example_task_group
[2026-04-07T04:07:35.893+0530] {logging_mixin.py:190} INFO - [2026-04-07T04:07:35.893+0530] {dag.py:3239} INFO - Sync 1 DAGs
[2026-04-07T04:07:35.905+0530] {logging_mixin.py:190} INFO - [2026-04-07T04:07:35.904+0530] {dag.py:3262} INFO - Creating ORM DAG for example_task_group
[2026-04-07T04:07:35.905+0530] {logging_mixin.py:190} INFO - [2026-04-07T04:07:35.905+0530] {dag.py:4180} INFO - Setting next_dagrun for example_task_group to None, run_after=None
[2026-04-07T04:07:35.923+0530] {processor.py:208} INFO - Processing /home/ubantu/miniconda3/envs/airflow-env/lib/python3.11/site-packages/airflow/example_dags/example_task_group.py took 0.188 seconds
[2026-04-07T04:08:40.449+0530] {processor.py:186} INFO - Started process (PID=5960) to work on /home/ubantu/miniconda3/envs/airflow-env/lib/python3.11/site-packages/airflow/example_dags/example_task_group.py
[2026-04-07T04:08:40.451+0530] {processor.py:914} INFO - Processing file /home/ubantu/miniconda3/envs/airflow-env/lib/python3.11/site-packages/airflow/example_dags/example_task_group.py for tasks to queue
[2026-04-07T04:08:40.453+0530] {logging_mixin.py:190} INFO - [2026-04-07T04:08:40.453+0530] {dagbag.py:588} INFO - Filling up the DagBag from /home/ubantu/miniconda3/envs/airflow-env/lib/python3.11/site-packages/airflow/example_dags/example_task_group.py
[2026-04-07T04:08:40.463+0530] {processor.py:925} INFO - DAG(s) 'example_task_group' retrieved from /home/ubantu/miniconda3/envs/airflow-env/lib/python3.11/site-packages/airflow/example_dags/example_task_group.py
[2026-04-07T04:08:40.479+0530] {logging_mixin.py:190} INFO - [2026-04-07T04:08:40.479+0530] {dag.py:3239} INFO - Sync 1 DAGs
[2026-04-07T04:08:40.491+0530] {logging_mixin.py:190} INFO - [2026-04-07T04:08:40.490+0530] {dag.py:4180} INFO - Setting next_dagrun for example_task_group to None, run_after=None
[2026-04-07T04:08:40.508+0530] {processor.py:208} INFO - Processing /home/ubantu/miniconda3/envs/airflow-env/lib/python3.11/site-packages/airflow/example_dags/example_task_group.py took 0.065 seconds
[2026-04-07T04:09:37.192+0530] {processor.py:186} INFO - Started process (PID=6140) to work on /home/ubantu/miniconda3/envs/airflow-env/lib/python3.11/site-packages/airflow/example_dags/example_task_group.py
[2026-04-07T04:09:37.194+0530] {processor.py:914} INFO - Processing file /home/ubantu/miniconda3/envs/airflow-env/lib/python3.11/site-packages/airflow/example_dags/example_task_group.py for tasks to queue
[2026-04-07T04:09:37.197+0530] {logging_mixin.py:190} INFO - [2026-04-07T04:09:37.196+0530] {dagbag.py:588} INFO - Filling up the DagBag from /home/ubantu/miniconda3/envs/airflow-env/lib/python3.11/site-packages/airflow/example_dags/example_task_group.py
[2026-04-07T04:09:37.207+0530] {processor.py:925} INFO - DAG(s) 'example_task_group' retrieved from /home/ubantu/miniconda3/envs/airflow-env/lib/python3.11/site-packages/airflow/example_dags/example_task_group.py
[2026-04-07T04:09:37.226+0530] {logging_mixin.py:190} INFO - [2026-04-07T04:09:37.226+0530] {dag.py:3239} INFO - Sync 1 DAGs
[2026-04-07T04:09:37.239+0530] {logging_mixin.py:190} INFO - [2026-04-07T04:09:37.239+0530] {dag.py:4180} INFO - Setting next_dagrun for example_task_group to None, run_after=None
[2026-04-07T04:09:37.262+0530] {processor.py:208} INFO - Processing /home/ubantu/miniconda3/envs/airflow-env/lib/python3.11/site-packages/airflow/example_dags/example_task_group.py took 0.077 seconds
[2026-04-07T04:10:33.003+0530] {processor.py:186} INFO - Started process (PID=6209) to work on /home/ubantu/miniconda3/envs/airflow-env/lib/python3.11/site-packages/airflow/example_dags/example_task_group.py
[2026-04-07T04:10:33.004+0530] {processor.py:914} INFO - Processing file /home/ubantu/miniconda3/envs/airflow-env/lib/python3.11/site-packages/airflow/example_dags/example_task_group.py for tasks to queue
[2026-04-07T04:10:33.006+0530] {logging_mixin.py:190} INFO - [2026-04-07T04:10:33.005+0530] {dagbag.py:588} INFO - Filling up the DagBag from /home/ubantu/miniconda3/envs/airflow-env/lib/python3.11/site-packages/airflow/example_dags/example_task_group.py
[2026-04-07T04:10:33.015+0530] {processor.py:925} INFO - DAG(s) 'example_task_group' retrieved from /home/ubantu/miniconda3/envs/airflow-env/lib/python3.11/site-packages/airflow/example_dags/example_task_group.py
[2026-04-07T04:10:33.031+0530] {logging_mixin.py:190} INFO - [2026-04-07T04:10:33.031+0530] {dag.py:3239} INFO - Sync 1 DAGs
[2026-04-07T04:10:33.042+0530] {logging_mixin.py:190} INFO - [2026-04-07T04:10:33.042+0530] {dag.py:4180} INFO - Setting next_dagrun for example_task_group to None, run_after=None
[2026-04-07T04:10:33.059+0530] {processor.py:208} INFO - Processing /home/ubantu/miniconda3/envs/airflow-env/lib/python3.11/site-packages/airflow/example_dags/example_task_group.py took 0.062 seconds
[2026-04-07T04:11:22.595+0530] {processor.py:186} INFO - Started process (PID=6267) to work on /home/ubantu/miniconda3/envs/airflow-env/lib/python3.11/site-packages/airflow/example_dags/example_task_group.py
[2026-04-07T04:11:22.596+0530] {processor.py:914} INFO - Processing file /home/ubantu/miniconda3/envs/airflow-env/lib/python3.11/site-packages/airflow/example_dags/example_task_group.py for tasks to queue
[2026-04-07T04:11:22.598+0530] {logging_mixin.py:190} INFO - [2026-04-07T04:11:22.597+0530] {dagbag.py:588} INFO - Filling up the DagBag from /home/ubantu/miniconda3/envs/airflow-env/lib/python3.11/site-packages/airflow/example_dags/example_task_group.py
[2026-04-07T04:11:22.608+0530] {processor.py:925} INFO - DAG(s) 'example_task_group' retrieved from /home/ubantu/miniconda3/envs/airflow-env/lib/python3.11/site-packages/airflow/example_dags/example_task_group.py
[2026-04-07T04:11:22.626+0530] {logging_mixin.py:190} INFO - [2026-04-07T04:11:22.625+0530] {dag.py:3239} INFO - Sync 1 DAGs
[2026-04-07T04:11:22.636+0530] {logging_mixin.py:190} INFO - [2026-04-07T04:11:22.636+0530] {dag.py:4180} INFO - Setting next_dagrun for example_task_group to None, run_after=None
[2026-04-07T04:11:22.653+0530] {processor.py:208} INFO - Processing /home/ubantu/miniconda3/envs/airflow-env/lib/python3.11/site-packages/airflow/example_dags/example_task_group.py took 0.066 seconds
[2026-04-07T04:12:16.469+0530] {processor.py:186} INFO - Started process (PID=6335) to work on /home/ubantu/miniconda3/envs/airflow-env/lib/python3.11/site-packages/airflow/example_dags/example_task_group.py
[2026-04-07T04:12:16.470+0530] {processor.py:914} INFO - Processing file /home/ubantu/miniconda3/envs/airflow-env/lib/python3.11/site-packages/airflow/example_dags/example_task_group.py for tasks to queue
[2026-04-07T04:12:16.472+0530] {logging_mixin.py:190} INFO - [2026-04-07T04:12:16.471+0530] {dagbag.py:588} INFO - Filling up the DagBag from /home/ubantu/miniconda3/envs/airflow-env/lib/python3.11/site-packages/airflow/example_dags/example_task_group.py
[2026-04-07T04:12:16.481+0530] {processor.py:925} INFO - DAG(s) 'example_task_group' retrieved from /home/ubantu/miniconda3/envs/airflow-env/lib/python3.11/site-packages/airflow/example_dags/example_task_group.py
[2026-04-07T04:12:16.498+0530] {logging_mixin.py:190} INFO - [2026-04-07T04:12:16.497+0530] {dag.py:3239} INFO - Sync 1 DAGs
[2026-04-07T04:12:16.509+0530] {logging_mixin.py:190} INFO - [2026-04-07T04:12:16.509+0530] {dag.py:4180} INFO - Setting next_dagrun for example_task_group to None, run_after=None
[2026-04-07T04:12:16.526+0530] {processor.py:208} INFO - Processing /home/ubantu/miniconda3/envs/airflow-env/lib/python3.11/site-packages/airflow/example_dags/example_task_group.py took 0.064 seconds
[2026-04-07T04:13:08.156+0530] {processor.py:186} INFO - Started process (PID=6392) to work on /home/ubantu/miniconda3/envs/airflow-env/lib/python3.11/site-packages/airflow/example_dags/example_task_group.py
[2026-04-07T04:13:08.157+0530] {processor.py:914} INFO - Processing file /home/ubantu/miniconda3/envs/airflow-env/lib/python3.11/site-packages/airflow/example_dags/example_task_group.py for tasks to queue
[2026-04-07T04:13:08.159+0530] {logging_mixin.py:190} INFO - [2026-04-07T04:13:08.159+0530] {dagbag.py:588} INFO - Filling up the DagBag from /home/ubantu/miniconda3/envs/airflow-env/lib/python3.11/site-packages/airflow/example_dags/example_task_group.py
[2026-04-07T04:13:08.169+0530] {processor.py:925} INFO - DAG(s) 'example_task_group' retrieved from /home/ubantu/miniconda3/envs/airflow-env/lib/python3.11/site-packages/airflow/example_dags/example_task_group.py
[2026-04-07T04:13:08.185+0530] {logging_mixin.py:190} INFO - [2026-04-07T04:13:08.185+0530] {dag.py:3239} INFO - Sync 1 DAGs
[2026-04-07T04:13:08.196+0530] {logging_mixin.py:190} INFO - [2026-04-07T04:13:08.196+0530] {dag.py:4180} INFO - Setting next_dagrun for example_task_group to None, run_after=None
[2026-04-07T04:13:08.214+0530] {processor.py:208} INFO - Processing /home/ubantu/miniconda3/envs/airflow-env/lib/python3.11/site-packages/airflow/example_dags/example_task_group.py took 0.065 seconds
[2026-04-07T04:14:02.097+0530] {processor.py:186} INFO - Started process (PID=6461) to work on /home/ubantu/miniconda3/envs/airflow-env/lib/python3.11/site-packages/airflow/example_dags/example_task_group.py
[2026-04-07T04:14:02.098+0530] {processor.py:914} INFO - Processing file /home/ubantu/miniconda3/envs/airflow-env/lib/python3.11/site-packages/airflow/example_dags/example_task_group.py for tasks to queue
[2026-04-07T04:14:02.100+0530] {logging_mixin.py:190} INFO - [2026-04-07T04:14:02.100+0530] {dagbag.py:588} INFO - Filling up the DagBag from /home/ubantu/miniconda3/envs/airflow-env/lib/python3.11/site-packages/airflow/example_dags/example_task_group.py
[2026-04-07T04:14:02.109+0530] {processor.py:925} INFO - DAG(s) 'example_task_group' retrieved from /home/ubantu/miniconda3/envs/airflow-env/lib/python3.11/site-packages/airflow/example_dags/example_task_group.py
[2026-04-07T04:14:02.126+0530] {logging_mixin.py:190} INFO - [2026-04-07T04:14:02.126+0530] {dag.py:3239} INFO - Sync 1 DAGs
[2026-04-07T04:14:02.138+0530] {logging_mixin.py:190} INFO - [2026-04-07T04:14:02.138+0530] {dag.py:4180} INFO - Setting next_dagrun for example_task_group to None, run_after=None
[2026-04-07T04:14:02.156+0530] {processor.py:208} INFO - Processing /home/ubantu/miniconda3/envs/airflow-env/lib/python3.11/site-packages/airflow/example_dags/example_task_group.py took 0.065 seconds
[2026-04-07T04:14:56.639+0530] {processor.py:186} INFO - Started process (PID=6519) to work on /home/ubantu/miniconda3/envs/airflow-env/lib/python3.11/site-packages/airflow/example_dags/example_task_group.py
[2026-04-07T04:14:56.640+0530] {processor.py:914} INFO - Processing file /home/ubantu/miniconda3/envs/airflow-env/lib/python3.11/site-packages/airflow/example_dags/example_task_group.py for tasks to queue
[2026-04-07T04:14:56.642+0530] {logging_mixin.py:190} INFO - [2026-04-07T04:14:56.641+0530] {dagbag.py:588} INFO - Filling up the DagBag from /home/ubantu/miniconda3/envs/airflow-env/lib/python3.11/site-packages/airflow/example_dags/example_task_group.py
[2026-04-07T04:14:56.651+0530] {processor.py:925} INFO - DAG(s) 'example_task_group' retrieved from /home/ubantu/miniconda3/envs/airflow-env/lib/python3.11/site-packages/airflow/example_dags/example_task_group.py
[2026-04-07T04:14:56.668+0530] {logging_mixin.py:190} INFO - [2026-04-07T04:14:56.668+0530] {dag.py:3239} INFO - Sync 1 DAGs
[2026-04-07T04:14:56.680+0530] {logging_mixin.py:190} INFO - [2026-04-07T04:14:56.679+0530] {dag.py:4180} INFO - Setting next_dagrun for example_task_group to None, run_after=None
[2026-04-07T04:14:56.698+0530] {processor.py:208} INFO - Processing /home/ubantu/miniconda3/envs/airflow-env/lib/python3.11/site-packages/airflow/example_dags/example_task_group.py took 0.066 seconds
[2026-04-07T04:15:47.382+0530] {processor.py:186} INFO - Started process (PID=6581) to work on /home/ubantu/miniconda3/envs/airflow-env/lib/python3.11/site-packages/airflow/example_dags/example_task_group.py
[2026-04-07T04:15:47.383+0530] {processor.py:914} INFO - Processing file /home/ubantu/miniconda3/envs/airflow-env/lib/python3.11/site-packages/airflow/example_dags/example_task_group.py for tasks to queue
[2026-04-07T04:15:47.386+0530] {logging_mixin.py:190} INFO - [2026-04-07T04:15:47.385+0530] {dagbag.py:588} INFO - Filling up the DagBag from /home/ubantu/miniconda3/envs/airflow-env/lib/python3.11/site-packages/airflow/example_dags/example_task_group.py
[2026-04-07T04:15:47.395+0530] {processor.py:925} INFO - DAG(s) 'example_task_group' retrieved from /home/ubantu/miniconda3/envs/airflow-env/lib/python3.11/site-packages/airflow/example_dags/example_task_group.py
[2026-04-07T04:15:47.411+0530] {logging_mixin.py:190} INFO - [2026-04-07T04:15:47.411+0530] {dag.py:3239} INFO - Sync 1 DAGs
[2026-04-07T04:15:47.423+0530] {logging_mixin.py:190} INFO - [2026-04-07T04:15:47.422+0530] {dag.py:4180} INFO - Setting next_dagrun for example_task_group to None, run_after=None
[2026-04-07T04:15:47.439+0530] {processor.py:208} INFO - Processing /home/ubantu/miniconda3/envs/airflow-env/lib/python3.11/site-packages/airflow/example_dags/example_task_group.py took 0.064 seconds
[2026-04-07T04:16:37.900+0530] {processor.py:186} INFO - Started process (PID=6638) to work on /home/ubantu/miniconda3/envs/airflow-env/lib/python3.11/site-packages/airflow/example_dags/example_task_group.py
[2026-04-07T04:16:37.901+0530] {processor.py:914} INFO - Processing file /home/ubantu/miniconda3/envs/airflow-env/lib/python3.11/site-packages/airflow/example_dags/example_task_group.py for tasks to queue
[2026-04-07T04:16:37.903+0530] {logging_mixin.py:190} INFO - [2026-04-07T04:16:37.902+0530] {dagbag.py:588} INFO - Filling up the DagBag from /home/ubantu/miniconda3/envs/airflow-env/lib/python3.11/site-packages/airflow/example_dags/example_task_group.py
[2026-04-07T04:16:37.912+0530] {processor.py:925} INFO - DAG(s) 'example_task_group' retrieved from /home/ubantu/miniconda3/envs/airflow-env/lib/python3.11/site-packages/airflow/example_dags/example_task_group.py
[2026-04-07T04:16:37.928+0530] {logging_mixin.py:190} INFO - [2026-04-07T04:16:37.928+0530] {dag.py:3239} INFO - Sync 1 DAGs
[2026-04-07T04:16:37.939+0530] {logging_mixin.py:190} INFO - [2026-04-07T04:16:37.939+0530] {dag.py:4180} INFO - Setting next_dagrun for example_task_group to None, run_after=None
[2026-04-07T04:16:37.957+0530] {processor.py:208} INFO - Processing /home/ubantu/miniconda3/envs/airflow-env/lib/python3.11/site-packages/airflow/example_dags/example_task_group.py took 0.063 seconds
[2026-04-07T04:17:27.820+0530] {processor.py:186} INFO - Started process (PID=6702) to work on /home/ubantu/miniconda3/envs/airflow-env/lib/python3.11/site-packages/airflow/example_dags/example_task_group.py
[2026-04-07T04:17:27.821+0530] {processor.py:914} INFO - Processing file /home/ubantu/miniconda3/envs/airflow-env/lib/python3.11/site-packages/airflow/example_dags/example_task_group.py for tasks to queue
[2026-04-07T04:17:27.824+0530] {logging_mixin.py:190} INFO - [2026-04-07T04:17:27.824+0530] {dagbag.py:588} INFO - Filling up the DagBag from /home/ubantu/miniconda3/envs/airflow-env/lib/python3.11/site-packages/airflow/example_dags/example_task_group.py
[2026-04-07T04:17:27.835+0530] {processor.py:925} INFO - DAG(s) 'example_task_group' retrieved from /home/ubantu/miniconda3/envs/airflow-env/lib/python3.11/site-packages/airflow/example_dags/example_task_group.py
[2026-04-07T04:17:27.852+0530] {logging_mixin.py:190} INFO - [2026-04-07T04:17:27.852+0530] {dag.py:3239} INFO - Sync 1 DAGs
[2026-04-07T04:17:27.863+0530] {logging_mixin.py:190} INFO - [2026-04-07T04:17:27.863+0530] {dag.py:4180} INFO - Setting next_dagrun for example_task_group to None, run_after=None
[2026-04-07T04:17:27.881+0530] {processor.py:208} INFO - Processing /home/ubantu/miniconda3/envs/airflow-env/lib/python3.11/site-packages/airflow/example_dags/example_task_group.py took 0.068 seconds
[2026-04-07T04:18:18.318+0530] {processor.py:186} INFO - Started process (PID=6759) to work on /home/ubantu/miniconda3/envs/airflow-env/lib/python3.11/site-packages/airflow/example_dags/example_task_group.py
[2026-04-07T04:18:18.319+0530] {processor.py:914} INFO - Processing file /home/ubantu/miniconda3/envs/airflow-env/lib/python3.11/site-packages/airflow/example_dags/example_task_group.py for tasks to queue
[2026-04-07T04:18:18.321+0530] {logging_mixin.py:190} INFO - [2026-04-07T04:18:18.320+0530] {dagbag.py:588} INFO - Filling up the DagBag from /home/ubantu/miniconda3/envs/airflow-env/lib/python3.11/site-packages/airflow/example_dags/example_task_group.py
[2026-04-07T04:18:18.330+0530] {processor.py:925} INFO - DAG(s) 'example_task_group' retrieved from /home/ubantu/miniconda3/envs/airflow-env/lib/python3.11/site-packages/airflow/example_dags/example_task_group.py
[2026-04-07T04:18:18.346+0530] {logging_mixin.py:190} INFO - [2026-04-07T04:18:18.346+0530] {dag.py:3239} INFO - Sync 1 DAGs
[2026-04-07T04:18:18.358+0530] {logging_mixin.py:190} INFO - [2026-04-07T04:18:18.357+0530] {dag.py:4180} INFO - Setting next_dagrun for example_task_group to None, run_after=None
[2026-04-07T04:18:18.375+0530] {processor.py:208} INFO - Processing /home/ubantu/miniconda3/envs/airflow-env/lib/python3.11/site-packages/airflow/example_dags/example_task_group.py took 0.063 seconds
[2026-04-07T04:19:10.810+0530] {processor.py:186} INFO - Started process (PID=6870) to work on /home/ubantu/miniconda3/envs/airflow-env/lib/python3.11/site-packages/airflow/example_dags/example_task_group.py
[2026-04-07T04:19:10.811+0530] {processor.py:914} INFO - Processing file /home/ubantu/miniconda3/envs/airflow-env/lib/python3.11/site-packages/airflow/example_dags/example_task_group.py for tasks to queue
[2026-04-07T04:19:10.813+0530] {logging_mixin.py:190} INFO - [2026-04-07T04:19:10.812+0530] {dagbag.py:588} INFO - Filling up the DagBag from /home/ubantu/miniconda3/envs/airflow-env/lib/python3.11/site-packages/airflow/example_dags/example_task_group.py
[2026-04-07T04:19:10.822+0530] {processor.py:925} INFO - DAG(s) 'example_task_group' retrieved from /home/ubantu/miniconda3/envs/airflow-env/lib/python3.11/site-packages/airflow/example_dags/example_task_group.py
[2026-04-07T04:19:10.839+0530] {logging_mixin.py:190} INFO - [2026-04-07T04:19:10.839+0530] {dag.py:3239} INFO - Sync 1 DAGs
[2026-04-07T04:19:10.850+0530] {logging_mixin.py:190} INFO - [2026-04-07T04:19:10.850+0530] {dag.py:4180} INFO - Setting next_dagrun for example_task_group to None, run_after=None
[2026-04-07T04:19:10.870+0530] {processor.py:208} INFO - Processing /home/ubantu/miniconda3/envs/airflow-env/lib/python3.11/site-packages/airflow/example_dags/example_task_group.py took 0.066 seconds
[2026-04-07T04:20:02.234+0530] {processor.py:186} INFO - Started process (PID=6931) to work on /home/ubantu/miniconda3/envs/airflow-env/lib/python3.11/site-packages/airflow/example_dags/example_task_group.py
[2026-04-07T04:20:02.236+0530] {processor.py:914} INFO - Processing file /home/ubantu/miniconda3/envs/airflow-env/lib/python3.11/site-packages/airflow/example_dags/example_task_group.py for tasks to queue
[2026-04-07T04:20:02.239+0530] {logging_mixin.py:190} INFO - [2026-04-07T04:20:02.238+0530] {dagbag.py:588} INFO - Filling up the DagBag from /home/ubantu/miniconda3/envs/airflow-env/lib/python3.11/site-packages/airflow/example_dags/example_task_group.py
[2026-04-07T04:20:02.248+0530] {processor.py:925} INFO - DAG(s) 'example_task_group' retrieved from /home/ubantu/miniconda3/envs/airflow-env/lib/python3.11/site-packages/airflow/example_dags/example_task_group.py
[2026-04-07T04:20:02.264+0530] {logging_mixin.py:190} INFO - [2026-04-07T04:20:02.264+0530] {dag.py:3239} INFO - Sync 1 DAGs
[2026-04-07T04:20:02.275+0530] {logging_mixin.py:190} INFO - [2026-04-07T04:20:02.275+0530] {dag.py:4180} INFO - Setting next_dagrun for example_task_group to None, run_after=None
[2026-04-07T04:20:02.293+0530] {processor.py:208} INFO - Processing /home/ubantu/miniconda3/envs/airflow-env/lib/python3.11/site-packages/airflow/example_dags/example_task_group.py took 0.064 seconds
[2026-04-07T04:20:53.788+0530] {processor.py:186} INFO - Started process (PID=6985) to work on /home/ubantu/miniconda3/envs/airflow-env/lib/python3.11/site-packages/airflow/example_dags/example_task_group.py
[2026-04-07T04:20:53.789+0530] {processor.py:914} INFO - Processing file /home/ubantu/miniconda3/envs/airflow-env/lib/python3.11/site-packages/airflow/example_dags/example_task_group.py for tasks to queue
[2026-04-07T04:20:53.791+0530] {logging_mixin.py:190} INFO - [2026-04-07T04:20:53.791+0530] {dagbag.py:588} INFO - Filling up the DagBag from /home/ubantu/miniconda3/envs/airflow-env/lib/python3.11/site-packages/airflow/example_dags/example_task_group.py
[2026-04-07T04:20:53.800+0530] {processor.py:925} INFO - DAG(s) 'example_task_group' retrieved from /home/ubantu/miniconda3/envs/airflow-env/lib/python3.11/site-packages/airflow/example_dags/example_task_group.py
[2026-04-07T04:20:53.817+0530] {logging_mixin.py:190} INFO - [2026-04-07T04:20:53.817+0530] {dag.py:3239} INFO - Sync 1 DAGs
[2026-04-07T04:20:53.829+0530] {logging_mixin.py:190} INFO - [2026-04-07T04:20:53.828+0530] {dag.py:4180} INFO - Setting next_dagrun for example_task_group to None, run_after=None
[2026-04-07T04:20:53.846+0530] {processor.py:208} INFO - Processing /home/ubantu/miniconda3/envs/airflow-env/lib/python3.11/site-packages/airflow/example_dags/example_task_group.py took 0.064 seconds
[2026-04-07T04:21:49.313+0530] {processor.py:186} INFO - Started process (PID=7049) to work on /home/ubantu/miniconda3/envs/airflow-env/lib/python3.11/site-packages/airflow/example_dags/example_task_group.py
[2026-04-07T04:21:49.314+0530] {processor.py:914} INFO - Processing file /home/ubantu/miniconda3/envs/airflow-env/lib/python3.11/site-packages/airflow/example_dags/example_task_group.py for tasks to queue
[2026-04-07T04:21:49.317+0530] {logging_mixin.py:190} INFO - [2026-04-07T04:21:49.316+0530] {dagbag.py:588} INFO - Filling up the DagBag from /home/ubantu/miniconda3/envs/airflow-env/lib/python3.11/site-packages/airflow/example_dags/example_task_group.py
[2026-04-07T04:21:49.326+0530] {processor.py:925} INFO - DAG(s) 'example_task_group' retrieved from /home/ubantu/miniconda3/envs/airflow-env/lib/python3.11/site-packages/airflow/example_dags/example_task_group.py
[2026-04-07T04:21:49.344+0530] {logging_mixin.py:190} INFO - [2026-04-07T04:21:49.343+0530] {dag.py:3239} INFO - Sync 1 DAGs
[2026-04-07T04:21:49.355+0530] {logging_mixin.py:190} INFO - [2026-04-07T04:21:49.355+0530] {dag.py:4180} INFO - Setting next_dagrun for example_task_group to None, run_after=None
[2026-04-07T04:21:49.376+0530] {processor.py:208} INFO - Processing /home/ubantu/miniconda3/envs/airflow-env/lib/python3.11/site-packages/airflow/example_dags/example_task_group.py took 0.070 seconds
[2026-04-07T04:22:41.413+0530] {processor.py:186} INFO - Started process (PID=7110) to work on /home/ubantu/miniconda3/envs/airflow-env/lib/python3.11/site-packages/airflow/example_dags/example_task_group.py
[2026-04-07T04:22:41.414+0530] {processor.py:914} INFO - Processing file /home/ubantu/miniconda3/envs/airflow-env/lib/python3.11/site-packages/airflow/example_dags/example_task_group.py for tasks to queue
[2026-04-07T04:22:41.417+0530] {logging_mixin.py:190} INFO - [2026-04-07T04:22:41.416+0530] {dagbag.py:588} INFO - Filling up the DagBag from /home/ubantu/miniconda3/envs/airflow-env/lib/python3.11/site-packages/airflow/example_dags/example_task_group.py
[2026-04-07T04:22:41.426+0530] {processor.py:925} INFO - DAG(s) 'example_task_group' retrieved from /home/ubantu/miniconda3/envs/airflow-env/lib/python3.11/site-packages/airflow/example_dags/example_task_group.py
[2026-04-07T04:22:41.443+0530] {logging_mixin.py:190} INFO - [2026-04-07T04:22:41.443+0530] {dag.py:3239} INFO - Sync 1 DAGs
[2026-04-07T04:22:41.455+0530] {logging_mixin.py:190} INFO - [2026-04-07T04:22:41.455+0530] {dag.py:4180} INFO - Setting next_dagrun for example_task_group to None, run_after=None
[2026-04-07T04:22:41.473+0530] {processor.py:208} INFO - Processing /home/ubantu/miniconda3/envs/airflow-env/lib/python3.11/site-packages/airflow/example_dags/example_task_group.py took 0.067 seconds
[2026-04-07T04:23:34.743+0530] {processor.py:186} INFO - Started process (PID=7215) to work on /home/ubantu/miniconda3/envs/airflow-env/lib/python3.11/site-packages/airflow/example_dags/example_task_group.py
[2026-04-07T04:23:34.744+0530] {processor.py:914} INFO - Processing file /home/ubantu/miniconda3/envs/airflow-env/lib/python3.11/site-packages/airflow/example_dags/example_task_group.py for tasks to queue
[2026-04-07T04:23:34.747+0530] {logging_mixin.py:190} INFO - [2026-04-07T04:23:34.746+0530] {dagbag.py:588} INFO - Filling up the DagBag from /home/ubantu/miniconda3/envs/airflow-env/lib/python3.11/site-packages/airflow/example_dags/example_task_group.py
[2026-04-07T04:23:34.756+0530] {processor.py:925} INFO - DAG(s) 'example_task_group' retrieved from /home/ubantu/miniconda3/envs/airflow-env/lib/python3.11/site-packages/airflow/example_dags/example_task_group.py
[2026-04-07T04:23:34.772+0530] {logging_mixin.py:190} INFO - [2026-04-07T04:23:34.772+0530] {dag.py:3239} INFO - Sync 1 DAGs
[2026-04-07T04:23:34.784+0530] {logging_mixin.py:190} INFO - [2026-04-07T04:23:34.784+0530] {dag.py:4180} INFO - Setting next_dagrun for example_task_group to None, run_after=None
[2026-04-07T04:23:34.804+0530] {processor.py:208} INFO - Processing /home/ubantu/miniconda3/envs/airflow-env/lib/python3.11/site-packages/airflow/example_dags/example_task_group.py took 0.068 seconds
[2026-04-07T04:24:25.390+0530] {processor.py:186} INFO - Started process (PID=7320) to work on /home/ubantu/miniconda3/envs/airflow-env/lib/python3.11/site-packages/airflow/example_dags/example_task_group.py
[2026-04-07T04:24:25.391+0530] {processor.py:914} INFO - Processing file /home/ubantu/miniconda3/envs/airflow-env/lib/python3.11/site-packages/airflow/example_dags/example_task_group.py for tasks to queue
[2026-04-07T04:24:25.393+0530] {logging_mixin.py:190} INFO - [2026-04-07T04:24:25.393+0530] {dagbag.py:588} INFO - Filling up the DagBag from /home/ubantu/miniconda3/envs/airflow-env/lib/python3.11/site-packages/airflow/example_dags/example_task_group.py
[2026-04-07T04:24:25.403+0530] {processor.py:925} INFO - DAG(s) 'example_task_group' retrieved from /home/ubantu/miniconda3/envs/airflow-env/lib/python3.11/site-packages/airflow/example_dags/example_task_group.py
[2026-04-07T04:24:25.421+0530] {logging_mixin.py:190} INFO - [2026-04-07T04:24:25.420+0530] {dag.py:3239} INFO - Sync 1 DAGs
[2026-04-07T04:24:25.433+0530] {logging_mixin.py:190} INFO - [2026-04-07T04:24:25.432+0530] {dag.py:4180} INFO - Setting next_dagrun for example_task_group to None, run_after=None
[2026-04-07T04:24:25.451+0530] {processor.py:208} INFO - Processing /home/ubantu/miniconda3/envs/airflow-env/lib/python3.11/site-packages/airflow/example_dags/example_task_group.py took 0.067 seconds
[2026-04-07T04:25:19.383+0530] {processor.py:186} INFO - Started process (PID=7385) to work on /home/ubantu/miniconda3/envs/airflow-env/lib/python3.11/site-packages/airflow/example_dags/example_task_group.py
[2026-04-07T04:25:19.384+0530] {processor.py:914} INFO - Processing file /home/ubantu/miniconda3/envs/airflow-env/lib/python3.11/site-packages/airflow/example_dags/example_task_group.py for tasks to queue
[2026-04-07T04:25:19.387+0530] {logging_mixin.py:190} INFO - [2026-04-07T04:25:19.387+0530] {dagbag.py:588} INFO - Filling up the DagBag from /home/ubantu/miniconda3/envs/airflow-env/lib/python3.11/site-packages/airflow/example_dags/example_task_group.py
[2026-04-07T04:25:19.397+0530] {processor.py:925} INFO - DAG(s) 'example_task_group' retrieved from /home/ubantu/miniconda3/envs/airflow-env/lib/python3.11/site-packages/airflow/example_dags/example_task_group.py
[2026-04-07T04:25:19.413+0530] {logging_mixin.py:190} INFO - [2026-04-07T04:25:19.412+0530] {dag.py:3239} INFO - Sync 1 DAGs
[2026-04-07T04:25:19.424+0530] {logging_mixin.py:190} INFO - [2026-04-07T04:25:19.424+0530] {dag.py:4180} INFO - Setting next_dagrun for example_task_group to None, run_after=None
[2026-04-07T04:25:19.444+0530] {processor.py:208} INFO - Processing /home/ubantu/miniconda3/envs/airflow-env/lib/python3.11/site-packages/airflow/example_dags/example_task_group.py took 0.067 seconds
[2026-04-07T04:26:14.792+0530] {processor.py:186} INFO - Started process (PID=7476) to work on /home/ubantu/miniconda3/envs/airflow-env/lib/python3.11/site-packages/airflow/example_dags/example_task_group.py
[2026-04-07T04:26:14.793+0530] {processor.py:914} INFO - Processing file /home/ubantu/miniconda3/envs/airflow-env/lib/python3.11/site-packages/airflow/example_dags/example_task_group.py for tasks to queue
[2026-04-07T04:26:14.796+0530] {logging_mixin.py:190} INFO - [2026-04-07T04:26:14.795+0530] {dagbag.py:588} INFO - Filling up the DagBag from /home/ubantu/miniconda3/envs/airflow-env/lib/python3.11/site-packages/airflow/example_dags/example_task_group.py
[2026-04-07T04:26:14.807+0530] {processor.py:925} INFO - DAG(s) 'example_task_group' retrieved from /home/ubantu/miniconda3/envs/airflow-env/lib/python3.11/site-packages/airflow/example_dags/example_task_group.py
[2026-04-07T04:26:14.826+0530] {logging_mixin.py:190} INFO - [2026-04-07T04:26:14.826+0530] {dag.py:3239} INFO - Sync 1 DAGs
[2026-04-07T04:26:14.839+0530] {logging_mixin.py:190} INFO - [2026-04-07T04:26:14.839+0530] {dag.py:4180} INFO - Setting next_dagrun for example_task_group to None, run_after=None
[2026-04-07T04:26:14.859+0530] {processor.py:208} INFO - Processing /home/ubantu/miniconda3/envs/airflow-env/lib/python3.11/site-packages/airflow/example_dags/example_task_group.py took 0.074 seconds
[2026-04-07T04:27:10.250+0530] {processor.py:186} INFO - Started process (PID=7545) to work on /home/ubantu/miniconda3/envs/airflow-env/lib/python3.11/site-packages/airflow/example_dags/example_task_group.py
[2026-04-07T04:27:10.252+0530] {processor.py:914} INFO - Processing file /home/ubantu/miniconda3/envs/airflow-env/lib/python3.11/site-packages/airflow/example_dags/example_task_group.py for tasks to queue
[2026-04-07T04:27:10.254+0530] {logging_mixin.py:190} INFO - [2026-04-07T04:27:10.253+0530] {dagbag.py:588} INFO - Filling up the DagBag from /home/ubantu/miniconda3/envs/airflow-env/lib/python3.11/site-packages/airflow/example_dags/example_task_group.py
[2026-04-07T04:27:10.265+0530] {processor.py:925} INFO - DAG(s) 'example_task_group' retrieved from /home/ubantu/miniconda3/envs/airflow-env/lib/python3.11/site-packages/airflow/example_dags/example_task_group.py
[2026-04-07T04:27:10.283+0530] {logging_mixin.py:190} INFO - [2026-04-07T04:27:10.283+0530] {dag.py:3239} INFO - Sync 1 DAGs
[2026-04-07T04:27:10.295+0530] {logging_mixin.py:190} INFO - [2026-04-07T04:27:10.295+0530] {dag.py:4180} INFO - Setting next_dagrun for example_task_group to None, run_after=None
[2026-04-07T04:27:10.312+0530] {processor.py:208} INFO - Processing /home/ubantu/miniconda3/envs/airflow-env/lib/python3.11/site-packages/airflow/example_dags/example_task_group.py took 0.069 seconds
[2026-04-07T04:28:01.932+0530] {processor.py:186} INFO - Started process (PID=7607) to work on /home/ubantu/miniconda3/envs/airflow-env/lib/python3.11/site-packages/airflow/example_dags/example_task_group.py
[2026-04-07T04:28:01.934+0530] {processor.py:914} INFO - Processing file /home/ubantu/miniconda3/envs/airflow-env/lib/python3.11/site-packages/airflow/example_dags/example_task_group.py for tasks to queue
[2026-04-07T04:28:01.938+0530] {logging_mixin.py:190} INFO - [2026-04-07T04:28:01.937+0530] {dagbag.py:588} INFO - Filling up the DagBag from /home/ubantu/miniconda3/envs/airflow-env/lib/python3.11/site-packages/airflow/example_dags/example_task_group.py
[2026-04-07T04:28:01.949+0530] {processor.py:925} INFO - DAG(s) 'example_task_group' retrieved from /home/ubantu/miniconda3/envs/airflow-env/lib/python3.11/site-packages/airflow/example_dags/example_task_group.py
[2026-04-07T04:28:01.969+0530] {logging_mixin.py:190} INFO - [2026-04-07T04:28:01.968+0530] {dag.py:3239} INFO - Sync 1 DAGs
[2026-04-07T04:28:01.980+0530] {logging_mixin.py:190} INFO - [2026-04-07T04:28:01.980+0530] {dag.py:4180} INFO - Setting next_dagrun for example_task_group to None, run_after=None
[2026-04-07T04:28:02.000+0530] {processor.py:208} INFO - Processing /home/ubantu/miniconda3/envs/airflow-env/lib/python3.11/site-packages/airflow/example_dags/example_task_group.py took 0.076 seconds
[2026-04-07T04:28:54.985+0530] {processor.py:186} INFO - Started process (PID=7672) to work on /home/ubantu/miniconda3/envs/airflow-env/lib/python3.11/site-packages/airflow/example_dags/example_task_group.py
[2026-04-07T04:28:54.988+0530] {processor.py:914} INFO - Processing file /home/ubantu/miniconda3/envs/airflow-env/lib/python3.11/site-packages/airflow/example_dags/example_task_group.py for tasks to queue
[2026-04-07T04:28:54.992+0530] {logging_mixin.py:190} INFO - [2026-04-07T04:28:54.991+0530] {dagbag.py:588} INFO - Filling up the DagBag from /home/ubantu/miniconda3/envs/airflow-env/lib/python3.11/site-packages/airflow/example_dags/example_task_group.py
[2026-04-07T04:28:55.004+0530] {processor.py:925} INFO - DAG(s) 'example_task_group' retrieved from /home/ubantu/miniconda3/envs/airflow-env/lib/python3.11/site-packages/airflow/example_dags/example_task_group.py
[2026-04-07T04:28:55.021+0530] {logging_mixin.py:190} INFO - [2026-04-07T04:28:55.020+0530] {dag.py:3239} INFO - Sync 1 DAGs
[2026-04-07T04:28:55.032+0530] {logging_mixin.py:190} INFO - [2026-04-07T04:28:55.032+0530] {dag.py:4180} INFO - Setting next_dagrun for example_task_group to None, run_after=None
[2026-04-07T04:28:55.077+0530] {processor.py:208} INFO - Processing /home/ubantu/miniconda3/envs/airflow-env/lib/python3.11/site-packages/airflow/example_dags/example_task_group.py took 0.102 seconds
[2026-04-07T04:29:50.156+0530] {processor.py:186} INFO - Started process (PID=7740) to work on /home/ubantu/miniconda3/envs/airflow-env/lib/python3.11/site-packages/airflow/example_dags/example_task_group.py
[2026-04-07T04:29:50.158+0530] {processor.py:914} INFO - Processing file /home/ubantu/miniconda3/envs/airflow-env/lib/python3.11/site-packages/airflow/example_dags/example_task_group.py for tasks to queue
[2026-04-07T04:29:50.161+0530] {logging_mixin.py:190} INFO - [2026-04-07T04:29:50.161+0530] {dagbag.py:588} INFO - Filling up the DagBag from /home/ubantu/miniconda3/envs/airflow-env/lib/python3.11/site-packages/airflow/example_dags/example_task_group.py
[2026-04-07T04:29:50.173+0530] {processor.py:925} INFO - DAG(s) 'example_task_group' retrieved from /home/ubantu/miniconda3/envs/airflow-env/lib/python3.11/site-packages/airflow/example_dags/example_task_group.py
[2026-04-07T04:29:50.192+0530] {logging_mixin.py:190} INFO - [2026-04-07T04:29:50.192+0530] {dag.py:3239} INFO - Sync 1 DAGs
[2026-04-07T04:29:50.203+0530] {logging_mixin.py:190} INFO - [2026-04-07T04:29:50.203+0530] {dag.py:4180} INFO - Setting next_dagrun for example_task_group to None, run_after=None
[2026-04-07T04:29:50.247+0530] {processor.py:208} INFO - Processing /home/ubantu/miniconda3/envs/airflow-env/lib/python3.11/site-packages/airflow/example_dags/example_task_group.py took 0.100 seconds
[2026-04-07T04:30:48.864+0530] {processor.py:186} INFO - Started process (PID=7812) to work on /home/ubantu/miniconda3/envs/airflow-env/lib/python3.11/site-packages/airflow/example_dags/example_task_group.py
[2026-04-07T04:30:48.867+0530] {processor.py:914} INFO - Processing file /home/ubantu/miniconda3/envs/airflow-env/lib/python3.11/site-packages/airflow/example_dags/example_task_group.py for tasks to queue
[2026-04-07T04:30:48.870+0530] {logging_mixin.py:190} INFO - [2026-04-07T04:30:48.869+0530] {dagbag.py:588} INFO - Filling up the DagBag from /home/ubantu/miniconda3/envs/airflow-env/lib/python3.11/site-packages/airflow/example_dags/example_task_group.py
[2026-04-07T04:30:48.880+0530] {processor.py:925} INFO - DAG(s) 'example_task_group' retrieved from /home/ubantu/miniconda3/envs/airflow-env/lib/python3.11/site-packages/airflow/example_dags/example_task_group.py
[2026-04-07T04:30:48.897+0530] {logging_mixin.py:190} INFO - [2026-04-07T04:30:48.897+0530] {dag.py:3239} INFO - Sync 1 DAGs
[2026-04-07T04:30:48.907+0530] {logging_mixin.py:190} INFO - [2026-04-07T04:30:48.907+0530] {dag.py:4180} INFO - Setting next_dagrun for example_task_group to None, run_after=None
[2026-04-07T04:30:48.952+0530] {processor.py:208} INFO - Processing /home/ubantu/miniconda3/envs/airflow-env/lib/python3.11/site-packages/airflow/example_dags/example_task_group.py took 0.095 seconds
[2026-04-07T04:31:47.360+0530] {processor.py:186} INFO - Started process (PID=7876) to work on /home/ubantu/miniconda3/envs/airflow-env/lib/python3.11/site-packages/airflow/example_dags/example_task_group.py
[2026-04-07T04:31:47.364+0530] {processor.py:914} INFO - Processing file /home/ubantu/miniconda3/envs/airflow-env/lib/python3.11/site-packages/airflow/example_dags/example_task_group.py for tasks to queue
[2026-04-07T04:31:47.371+0530] {logging_mixin.py:190} INFO - [2026-04-07T04:31:47.370+0530] {dagbag.py:588} INFO - Filling up the DagBag from /home/ubantu/miniconda3/envs/airflow-env/lib/python3.11/site-packages/airflow/example_dags/example_task_group.py
[2026-04-07T04:31:47.388+0530] {processor.py:925} INFO - DAG(s) 'example_task_group' retrieved from /home/ubantu/miniconda3/envs/airflow-env/lib/python3.11/site-packages/airflow/example_dags/example_task_group.py
[2026-04-07T04:31:47.406+0530] {logging_mixin.py:190} INFO - [2026-04-07T04:31:47.406+0530] {dag.py:3239} INFO - Sync 1 DAGs
[2026-04-07T04:31:47.417+0530] {logging_mixin.py:190} INFO - [2026-04-07T04:31:47.417+0530] {dag.py:4180} INFO - Setting next_dagrun for example_task_group to None, run_after=None
[2026-04-07T04:31:47.465+0530] {processor.py:208} INFO - Processing /home/ubantu/miniconda3/envs/airflow-env/lib/python3.11/site-packages/airflow/example_dags/example_task_group.py took 0.118 seconds
[2026-04-07T04:32:44.941+0530] {processor.py:186} INFO - Started process (PID=7946) to work on /home/ubantu/miniconda3/envs/airflow-env/lib/python3.11/site-packages/airflow/example_dags/example_task_group.py
[2026-04-07T04:32:44.943+0530] {processor.py:914} INFO - Processing file /home/ubantu/miniconda3/envs/airflow-env/lib/python3.11/site-packages/airflow/example_dags/example_task_group.py for tasks to queue
[2026-04-07T04:32:44.945+0530] {logging_mixin.py:190} INFO - [2026-04-07T04:32:44.945+0530] {dagbag.py:588} INFO - Filling up the DagBag from /home/ubantu/miniconda3/envs/airflow-env/lib/python3.11/site-packages/airflow/example_dags/example_task_group.py
[2026-04-07T04:32:44.954+0530] {processor.py:925} INFO - DAG(s) 'example_task_group' retrieved from /home/ubantu/miniconda3/envs/airflow-env/lib/python3.11/site-packages/airflow/example_dags/example_task_group.py
[2026-04-07T04:32:44.974+0530] {logging_mixin.py:190} INFO - [2026-04-07T04:32:44.974+0530] {dag.py:3239} INFO - Sync 1 DAGs
[2026-04-07T04:32:44.987+0530] {logging_mixin.py:190} INFO - [2026-04-07T04:32:44.987+0530] {dag.py:4180} INFO - Setting next_dagrun for example_task_group to None, run_after=None
[2026-04-07T04:32:45.009+0530] {processor.py:208} INFO - Processing /home/ubantu/miniconda3/envs/airflow-env/lib/python3.11/site-packages/airflow/example_dags/example_task_group.py took 0.074 seconds
[2026-04-07T04:33:39.360+0530] {processor.py:186} INFO - Started process (PID=8129) to work on /home/ubantu/miniconda3/envs/airflow-env/lib/python3.11/site-packages/airflow/example_dags/example_task_group.py
[2026-04-07T04:33:39.361+0530] {processor.py:914} INFO - Processing file /home/ubantu/miniconda3/envs/airflow-env/lib/python3.11/site-packages/airflow/example_dags/example_task_group.py for tasks to queue
[2026-04-07T04:33:39.365+0530] {logging_mixin.py:190} INFO - [2026-04-07T04:33:39.364+0530] {dagbag.py:588} INFO - Filling up the DagBag from /home/ubantu/miniconda3/envs/airflow-env/lib/python3.11/site-packages/airflow/example_dags/example_task_group.py
[2026-04-07T04:33:39.376+0530] {processor.py:925} INFO - DAG(s) 'example_task_group' retrieved from /home/ubantu/miniconda3/envs/airflow-env/lib/python3.11/site-packages/airflow/example_dags/example_task_group.py
[2026-04-07T04:33:39.395+0530] {logging_mixin.py:190} INFO - [2026-04-07T04:33:39.395+0530] {dag.py:3239} INFO - Sync 1 DAGs
[2026-04-07T04:33:39.406+0530] {logging_mixin.py:190} INFO - [2026-04-07T04:33:39.406+0530] {dag.py:4180} INFO - Setting next_dagrun for example_task_group to None, run_after=None
[2026-04-07T04:33:39.423+0530] {processor.py:208} INFO - Processing /home/ubantu/miniconda3/envs/airflow-env/lib/python3.11/site-packages/airflow/example_dags/example_task_group.py took 0.071 seconds
[2026-04-07T04:34:33.314+0530] {processor.py:186} INFO - Started process (PID=8201) to work on /home/ubantu/miniconda3/envs/airflow-env/lib/python3.11/site-packages/airflow/example_dags/example_task_group.py
[2026-04-07T04:34:33.315+0530] {processor.py:914} INFO - Processing file /home/ubantu/miniconda3/envs/airflow-env/lib/python3.11/site-packages/airflow/example_dags/example_task_group.py for tasks to queue
[2026-04-07T04:34:33.318+0530] {logging_mixin.py:190} INFO - [2026-04-07T04:34:33.317+0530] {dagbag.py:588} INFO - Filling up the DagBag from /home/ubantu/miniconda3/envs/airflow-env/lib/python3.11/site-packages/airflow/example_dags/example_task_group.py
[2026-04-07T04:34:33.327+0530] {processor.py:925} INFO - DAG(s) 'example_task_group' retrieved from /home/ubantu/miniconda3/envs/airflow-env/lib/python3.11/site-packages/airflow/example_dags/example_task_group.py
[2026-04-07T04:34:33.346+0530] {logging_mixin.py:190} INFO - [2026-04-07T04:34:33.346+0530] {dag.py:3239} INFO - Sync 1 DAGs
[2026-04-07T04:34:33.359+0530] {logging_mixin.py:190} INFO - [2026-04-07T04:34:33.358+0530] {dag.py:4180} INFO - Setting next_dagrun for example_task_group to None, run_after=None
[2026-04-07T04:34:33.376+0530] {processor.py:208} INFO - Processing /home/ubantu/miniconda3/envs/airflow-env/lib/python3.11/site-packages/airflow/example_dags/example_task_group.py took 0.068 seconds
[2026-04-07T04:35:27.316+0530] {processor.py:186} INFO - Started process (PID=8274) to work on /home/ubantu/miniconda3/envs/airflow-env/lib/python3.11/site-packages/airflow/example_dags/example_task_group.py
[2026-04-07T04:35:27.317+0530] {processor.py:914} INFO - Processing file /home/ubantu/miniconda3/envs/airflow-env/lib/python3.11/site-packages/airflow/example_dags/example_task_group.py for tasks to queue
[2026-04-07T04:35:27.320+0530] {logging_mixin.py:190} INFO - [2026-04-07T04:35:27.319+0530] {dagbag.py:588} INFO - Filling up the DagBag from /home/ubantu/miniconda3/envs/airflow-env/lib/python3.11/site-packages/airflow/example_dags/example_task_group.py
[2026-04-07T04:35:27.329+0530] {processor.py:925} INFO - DAG(s) 'example_task_group' retrieved from /home/ubantu/miniconda3/envs/airflow-env/lib/python3.11/site-packages/airflow/example_dags/example_task_group.py
[2026-04-07T04:35:27.347+0530] {logging_mixin.py:190} INFO - [2026-04-07T04:35:27.346+0530] {dag.py:3239} INFO - Sync 1 DAGs
[2026-04-07T04:35:27.358+0530] {logging_mixin.py:190} INFO - [2026-04-07T04:35:27.357+0530] {dag.py:4180} INFO - Setting next_dagrun for example_task_group to None, run_after=None
[2026-04-07T04:35:27.375+0530] {processor.py:208} INFO - Processing /home/ubantu/miniconda3/envs/airflow-env/lib/python3.11/site-packages/airflow/example_dags/example_task_group.py took 0.065 seconds
[2026-04-07T04:36:20.967+0530] {processor.py:186} INFO - Started process (PID=8338) to work on /home/ubantu/miniconda3/envs/airflow-env/lib/python3.11/site-packages/airflow/example_dags/example_task_group.py
[2026-04-07T04:36:20.970+0530] {processor.py:914} INFO - Processing file /home/ubantu/miniconda3/envs/airflow-env/lib/python3.11/site-packages/airflow/example_dags/example_task_group.py for tasks to queue
[2026-04-07T04:36:20.974+0530] {logging_mixin.py:190} INFO - [2026-04-07T04:36:20.974+0530] {dagbag.py:588} INFO - Filling up the DagBag from /home/ubantu/miniconda3/envs/airflow-env/lib/python3.11/site-packages/airflow/example_dags/example_task_group.py
[2026-04-07T04:36:20.987+0530] {processor.py:925} INFO - DAG(s) 'example_task_group' retrieved from /home/ubantu/miniconda3/envs/airflow-env/lib/python3.11/site-packages/airflow/example_dags/example_task_group.py
[2026-04-07T04:36:21.002+0530] {logging_mixin.py:190} INFO - [2026-04-07T04:36:21.002+0530] {dag.py:3239} INFO - Sync 1 DAGs
[2026-04-07T04:36:21.013+0530] {logging_mixin.py:190} INFO - [2026-04-07T04:36:21.012+0530] {dag.py:4180} INFO - Setting next_dagrun for example_task_group to None, run_after=None
[2026-04-07T04:36:21.030+0530] {processor.py:208} INFO - Processing /home/ubantu/miniconda3/envs/airflow-env/lib/python3.11/site-packages/airflow/example_dags/example_task_group.py took 0.075 seconds
[2026-04-07T04:37:15.740+0530] {processor.py:186} INFO - Started process (PID=8423) to work on /home/ubantu/miniconda3/envs/airflow-env/lib/python3.11/site-packages/airflow/example_dags/example_task_group.py
[2026-04-07T04:37:15.741+0530] {processor.py:914} INFO - Processing file /home/ubantu/miniconda3/envs/airflow-env/lib/python3.11/site-packages/airflow/example_dags/example_task_group.py for tasks to queue
[2026-04-07T04:37:15.745+0530] {logging_mixin.py:190} INFO - [2026-04-07T04:37:15.744+0530] {dagbag.py:588} INFO - Filling up the DagBag from /home/ubantu/miniconda3/envs/airflow-env/lib/python3.11/site-packages/airflow/example_dags/example_task_group.py
[2026-04-07T04:37:15.756+0530] {processor.py:925} INFO - DAG(s) 'example_task_group' retrieved from /home/ubantu/miniconda3/envs/airflow-env/lib/python3.11/site-packages/airflow/example_dags/example_task_group.py
[2026-04-07T04:37:15.774+0530] {logging_mixin.py:190} INFO - [2026-04-07T04:37:15.774+0530] {dag.py:3239} INFO - Sync 1 DAGs
[2026-04-07T04:37:15.786+0530] {logging_mixin.py:190} INFO - [2026-04-07T04:37:15.786+0530] {dag.py:4180} INFO - Setting next_dagrun for example_task_group to None, run_after=None
[2026-04-07T04:37:15.806+0530] {processor.py:208} INFO - Processing /home/ubantu/miniconda3/envs/airflow-env/lib/python3.11/site-packages/airflow/example_dags/example_task_group.py took 0.074 seconds
[2026-04-07T04:38:16.656+0530] {processor.py:186} INFO - Started process (PID=8536) to work on /home/ubantu/miniconda3/envs/airflow-env/lib/python3.11/site-packages/airflow/example_dags/example_task_group.py
[2026-04-07T04:38:16.658+0530] {processor.py:914} INFO - Processing file /home/ubantu/miniconda3/envs/airflow-env/lib/python3.11/site-packages/airflow/example_dags/example_task_group.py for tasks to queue
[2026-04-07T04:38:16.659+0530] {logging_mixin.py:190} INFO - [2026-04-07T04:38:16.659+0530] {dagbag.py:588} INFO - Filling up the DagBag from /home/ubantu/miniconda3/envs/airflow-env/lib/python3.11/site-packages/airflow/example_dags/example_task_group.py
[2026-04-07T04:38:16.669+0530] {processor.py:925} INFO - DAG(s) 'example_task_group' retrieved from /home/ubantu/miniconda3/envs/airflow-env/lib/python3.11/site-packages/airflow/example_dags/example_task_group.py
[2026-04-07T04:38:16.686+0530] {logging_mixin.py:190} INFO - [2026-04-07T04:38:16.686+0530] {dag.py:3239} INFO - Sync 1 DAGs
[2026-04-07T04:38:16.698+0530] {logging_mixin.py:190} INFO - [2026-04-07T04:38:16.698+0530] {dag.py:4180} INFO - Setting next_dagrun for example_task_group to None, run_after=None
[2026-04-07T04:38:16.719+0530] {processor.py:208} INFO - Processing /home/ubantu/miniconda3/envs/airflow-env/lib/python3.11/site-packages/airflow/example_dags/example_task_group.py took 0.069 seconds
[2026-04-07T04:39:17.429+0530] {processor.py:186} INFO - Started process (PID=8618) to work on /home/ubantu/miniconda3/envs/airflow-env/lib/python3.11/site-packages/airflow/example_dags/example_task_group.py
[2026-04-07T04:39:17.430+0530] {processor.py:914} INFO - Processing file /home/ubantu/miniconda3/envs/airflow-env/lib/python3.11/site-packages/airflow/example_dags/example_task_group.py for tasks to queue
[2026-04-07T04:39:17.432+0530] {logging_mixin.py:190} INFO - [2026-04-07T04:39:17.431+0530] {dagbag.py:588} INFO - Filling up the DagBag from /home/ubantu/miniconda3/envs/airflow-env/lib/python3.11/site-packages/airflow/example_dags/example_task_group.py
[2026-04-07T04:39:17.444+0530] {processor.py:925} INFO - DAG(s) 'example_task_group' retrieved from /home/ubantu/miniconda3/envs/airflow-env/lib/python3.11/site-packages/airflow/example_dags/example_task_group.py
[2026-04-07T04:39:17.483+0530] {logging_mixin.py:190} INFO - [2026-04-07T04:39:17.482+0530] {dag.py:3239} INFO - Sync 1 DAGs
[2026-04-07T04:39:17.511+0530] {logging_mixin.py:190} INFO - [2026-04-07T04:39:17.510+0530] {dag.py:4180} INFO - Setting next_dagrun for example_task_group to None, run_after=None
[2026-04-07T04:39:17.550+0530] {processor.py:208} INFO - Processing /home/ubantu/miniconda3/envs/airflow-env/lib/python3.11/site-packages/airflow/example_dags/example_task_group.py took 0.132 seconds
[2026-04-07T04:40:15.496+0530] {processor.py:186} INFO - Started process (PID=8700) to work on /home/ubantu/miniconda3/envs/airflow-env/lib/python3.11/site-packages/airflow/example_dags/example_task_group.py
[2026-04-07T04:40:15.498+0530] {processor.py:914} INFO - Processing file /home/ubantu/miniconda3/envs/airflow-env/lib/python3.11/site-packages/airflow/example_dags/example_task_group.py for tasks to queue
[2026-04-07T04:40:15.499+0530] {logging_mixin.py:190} INFO - [2026-04-07T04:40:15.498+0530] {dagbag.py:588} INFO - Filling up the DagBag from /home/ubantu/miniconda3/envs/airflow-env/lib/python3.11/site-packages/airflow/example_dags/example_task_group.py
[2026-04-07T04:40:15.508+0530] {processor.py:925} INFO - DAG(s) 'example_task_group' retrieved from /home/ubantu/miniconda3/envs/airflow-env/lib/python3.11/site-packages/airflow/example_dags/example_task_group.py
[2026-04-07T04:40:15.525+0530] {logging_mixin.py:190} INFO - [2026-04-07T04:40:15.524+0530] {dag.py:3239} INFO - Sync 1 DAGs
[2026-04-07T04:40:15.537+0530] {logging_mixin.py:190} INFO - [2026-04-07T04:40:15.536+0530] {dag.py:4180} INFO - Setting next_dagrun for example_task_group to None, run_after=None
[2026-04-07T04:40:15.555+0530] {processor.py:208} INFO - Processing /home/ubantu/miniconda3/envs/airflow-env/lib/python3.11/site-packages/airflow/example_dags/example_task_group.py took 0.064 seconds
[2026-04-07T04:41:13.762+0530] {processor.py:186} INFO - Started process (PID=8835) to work on /home/ubantu/miniconda3/envs/airflow-env/lib/python3.11/site-packages/airflow/example_dags/example_task_group.py
[2026-04-07T04:41:13.764+0530] {processor.py:914} INFO - Processing file /home/ubantu/miniconda3/envs/airflow-env/lib/python3.11/site-packages/airflow/example_dags/example_task_group.py for tasks to queue
[2026-04-07T04:41:13.765+0530] {logging_mixin.py:190} INFO - [2026-04-07T04:41:13.764+0530] {dagbag.py:588} INFO - Filling up the DagBag from /home/ubantu/miniconda3/envs/airflow-env/lib/python3.11/site-packages/airflow/example_dags/example_task_group.py
[2026-04-07T04:41:13.776+0530] {processor.py:925} INFO - DAG(s) 'example_task_group' retrieved from /home/ubantu/miniconda3/envs/airflow-env/lib/python3.11/site-packages/airflow/example_dags/example_task_group.py
[2026-04-07T04:41:13.793+0530] {logging_mixin.py:190} INFO - [2026-04-07T04:41:13.793+0530] {dag.py:3239} INFO - Sync 1 DAGs
[2026-04-07T04:41:13.805+0530] {logging_mixin.py:190} INFO - [2026-04-07T04:41:13.804+0530] {dag.py:4180} INFO - Setting next_dagrun for example_task_group to None, run_after=None
[2026-04-07T04:41:13.821+0530] {processor.py:208} INFO - Processing /home/ubantu/miniconda3/envs/airflow-env/lib/python3.11/site-packages/airflow/example_dags/example_task_group.py took 0.065 seconds
[2026-04-07T04:41:18.074+0530] {processor.py:186} INFO - Started process (PID=8849) to work on /home/ubantu/miniconda3/envs/airflow-env/lib/python3.11/site-packages/airflow/example_dags/example_task_group.py
[2026-04-07T04:41:18.074+0530] {processor.py:914} INFO - Processing file /home/ubantu/miniconda3/envs/airflow-env/lib/python3.11/site-packages/airflow/example_dags/example_task_group.py for tasks to queue
[2026-04-07T04:41:18.076+0530] {logging_mixin.py:190} INFO - [2026-04-07T04:41:18.076+0530] {dagbag.py:588} INFO - Filling up the DagBag from /home/ubantu/miniconda3/envs/airflow-env/lib/python3.11/site-packages/airflow/example_dags/example_task_group.py
[2026-04-07T04:41:18.085+0530] {processor.py:925} INFO - DAG(s) 'example_task_group' retrieved from /home/ubantu/miniconda3/envs/airflow-env/lib/python3.11/site-packages/airflow/example_dags/example_task_group.py
[2026-04-07T04:41:18.103+0530] {logging_mixin.py:190} INFO - [2026-04-07T04:41:18.103+0530] {dag.py:3239} INFO - Sync 1 DAGs
[2026-04-07T04:41:18.114+0530] {logging_mixin.py:190} INFO - [2026-04-07T04:41:18.113+0530] {dag.py:4180} INFO - Setting next_dagrun for example_task_group to None, run_after=None
[2026-04-07T04:41:18.131+0530] {processor.py:208} INFO - Processing /home/ubantu/miniconda3/envs/airflow-env/lib/python3.11/site-packages/airflow/example_dags/example_task_group.py took 0.062 seconds
[2026-04-07T04:42:10.556+0530] {processor.py:186} INFO - Started process (PID=8983) to work on /home/ubantu/miniconda3/envs/airflow-env/lib/python3.11/site-packages/airflow/example_dags/example_task_group.py
[2026-04-07T04:42:10.558+0530] {processor.py:914} INFO - Processing file /home/ubantu/miniconda3/envs/airflow-env/lib/python3.11/site-packages/airflow/example_dags/example_task_group.py for tasks to queue
[2026-04-07T04:42:10.559+0530] {logging_mixin.py:190} INFO - [2026-04-07T04:42:10.559+0530] {dagbag.py:588} INFO - Filling up the DagBag from /home/ubantu/miniconda3/envs/airflow-env/lib/python3.11/site-packages/airflow/example_dags/example_task_group.py
[2026-04-07T04:42:10.573+0530] {processor.py:925} INFO - DAG(s) 'example_task_group' retrieved from /home/ubantu/miniconda3/envs/airflow-env/lib/python3.11/site-packages/airflow/example_dags/example_task_group.py
[2026-04-07T04:42:10.596+0530] {logging_mixin.py:190} INFO - [2026-04-07T04:42:10.596+0530] {dag.py:3239} INFO - Sync 1 DAGs
[2026-04-07T04:42:10.614+0530] {logging_mixin.py:190} INFO - [2026-04-07T04:42:10.613+0530] {dag.py:4180} INFO - Setting next_dagrun for example_task_group to None, run_after=None
[2026-04-07T04:42:10.642+0530] {processor.py:208} INFO - Processing /home/ubantu/miniconda3/envs/airflow-env/lib/python3.11/site-packages/airflow/example_dags/example_task_group.py took 0.095 seconds
[2026-04-07T04:42:10.660+0530] {processor.py:186} INFO - Started process (PID=8984) to work on /home/ubantu/miniconda3/envs/airflow-env/lib/python3.11/site-packages/airflow/example_dags/example_task_group.py
[2026-04-07T04:42:10.661+0530] {processor.py:914} INFO - Processing file /home/ubantu/miniconda3/envs/airflow-env/lib/python3.11/site-packages/airflow/example_dags/example_task_group.py for tasks to queue
[2026-04-07T04:42:10.664+0530] {logging_mixin.py:190} INFO - [2026-04-07T04:42:10.664+0530] {dagbag.py:588} INFO - Filling up the DagBag from /home/ubantu/miniconda3/envs/airflow-env/lib/python3.11/site-packages/airflow/example_dags/example_task_group.py
[2026-04-07T04:42:10.677+0530] {processor.py:925} INFO - DAG(s) 'example_task_group' retrieved from /home/ubantu/miniconda3/envs/airflow-env/lib/python3.11/site-packages/airflow/example_dags/example_task_group.py
[2026-04-07T04:42:10.696+0530] {logging_mixin.py:190} INFO - [2026-04-07T04:42:10.696+0530] {dag.py:3239} INFO - Sync 1 DAGs
[2026-04-07T04:42:10.707+0530] {logging_mixin.py:190} INFO - [2026-04-07T04:42:10.707+0530] {dag.py:4180} INFO - Setting next_dagrun for example_task_group to None, run_after=None
[2026-04-07T04:42:10.725+0530] {processor.py:208} INFO - Processing /home/ubantu/miniconda3/envs/airflow-env/lib/python3.11/site-packages/airflow/example_dags/example_task_group.py took 0.074 seconds
[2026-04-07T04:43:02.175+0530] {processor.py:186} INFO - Started process (PID=9123) to work on /home/ubantu/miniconda3/envs/airflow-env/lib/python3.11/site-packages/airflow/example_dags/example_task_group.py
[2026-04-07T04:43:02.176+0530] {processor.py:914} INFO - Processing file /home/ubantu/miniconda3/envs/airflow-env/lib/python3.11/site-packages/airflow/example_dags/example_task_group.py for tasks to queue
[2026-04-07T04:43:02.177+0530] {logging_mixin.py:190} INFO - [2026-04-07T04:43:02.177+0530] {dagbag.py:588} INFO - Filling up the DagBag from /home/ubantu/miniconda3/envs/airflow-env/lib/python3.11/site-packages/airflow/example_dags/example_task_group.py
[2026-04-07T04:43:02.186+0530] {processor.py:925} INFO - DAG(s) 'example_task_group' retrieved from /home/ubantu/miniconda3/envs/airflow-env/lib/python3.11/site-packages/airflow/example_dags/example_task_group.py
[2026-04-07T04:43:02.200+0530] {logging_mixin.py:190} INFO - [2026-04-07T04:43:02.199+0530] {dag.py:3239} INFO - Sync 1 DAGs
[2026-04-07T04:43:02.210+0530] {logging_mixin.py:190} INFO - [2026-04-07T04:43:02.210+0530] {dag.py:4180} INFO - Setting next_dagrun for example_task_group to None, run_after=None
[2026-04-07T04:43:02.227+0530] {processor.py:208} INFO - Processing /home/ubantu/miniconda3/envs/airflow-env/lib/python3.11/site-packages/airflow/example_dags/example_task_group.py took 0.058 seconds
[2026-04-07T04:43:09.745+0530] {processor.py:186} INFO - Started process (PID=9142) to work on /home/ubantu/miniconda3/envs/airflow-env/lib/python3.11/site-packages/airflow/example_dags/example_task_group.py
[2026-04-07T04:43:09.745+0530] {processor.py:914} INFO - Processing file /home/ubantu/miniconda3/envs/airflow-env/lib/python3.11/site-packages/airflow/example_dags/example_task_group.py for tasks to queue
[2026-04-07T04:43:09.747+0530] {logging_mixin.py:190} INFO - [2026-04-07T04:43:09.747+0530] {dagbag.py:588} INFO - Filling up the DagBag from /home/ubantu/miniconda3/envs/airflow-env/lib/python3.11/site-packages/airflow/example_dags/example_task_group.py
[2026-04-07T04:43:09.757+0530] {processor.py:925} INFO - DAG(s) 'example_task_group' retrieved from /home/ubantu/miniconda3/envs/airflow-env/lib/python3.11/site-packages/airflow/example_dags/example_task_group.py
[2026-04-07T04:43:09.773+0530] {logging_mixin.py:190} INFO - [2026-04-07T04:43:09.773+0530] {dag.py:3239} INFO - Sync 1 DAGs
[2026-04-07T04:43:09.785+0530] {logging_mixin.py:190} INFO - [2026-04-07T04:43:09.785+0530] {dag.py:4180} INFO - Setting next_dagrun for example_task_group to None, run_after=None
[2026-04-07T04:43:09.803+0530] {processor.py:208} INFO - Processing /home/ubantu/miniconda3/envs/airflow-env/lib/python3.11/site-packages/airflow/example_dags/example_task_group.py took 0.064 seconds
[2026-04-07T04:43:54.388+0530] {processor.py:186} INFO - Started process (PID=9255) to work on /home/ubantu/miniconda3/envs/airflow-env/lib/python3.11/site-packages/airflow/example_dags/example_task_group.py
[2026-04-07T04:43:54.389+0530] {processor.py:914} INFO - Processing file /home/ubantu/miniconda3/envs/airflow-env/lib/python3.11/site-packages/airflow/example_dags/example_task_group.py for tasks to queue
[2026-04-07T04:43:54.390+0530] {logging_mixin.py:190} INFO - [2026-04-07T04:43:54.390+0530] {dagbag.py:588} INFO - Filling up the DagBag from /home/ubantu/miniconda3/envs/airflow-env/lib/python3.11/site-packages/airflow/example_dags/example_task_group.py
[2026-04-07T04:43:54.401+0530] {processor.py:925} INFO - DAG(s) 'example_task_group' retrieved from /home/ubantu/miniconda3/envs/airflow-env/lib/python3.11/site-packages/airflow/example_dags/example_task_group.py
[2026-04-07T04:43:54.419+0530] {logging_mixin.py:190} INFO - [2026-04-07T04:43:54.419+0530] {dag.py:3239} INFO - Sync 1 DAGs
[2026-04-07T04:43:54.433+0530] {logging_mixin.py:190} INFO - [2026-04-07T04:43:54.432+0530] {dag.py:4180} INFO - Setting next_dagrun for example_task_group to None, run_after=None
[2026-04-07T04:43:54.451+0530] {processor.py:208} INFO - Processing /home/ubantu/miniconda3/envs/airflow-env/lib/python3.11/site-packages/airflow/example_dags/example_task_group.py took 0.069 seconds
[2026-04-07T04:44:06.019+0530] {processor.py:186} INFO - Started process (PID=9284) to work on /home/ubantu/miniconda3/envs/airflow-env/lib/python3.11/site-packages/airflow/example_dags/example_task_group.py
[2026-04-07T04:44:06.021+0530] {processor.py:914} INFO - Processing file /home/ubantu/miniconda3/envs/airflow-env/lib/python3.11/site-packages/airflow/example_dags/example_task_group.py for tasks to queue
[2026-04-07T04:44:06.026+0530] {logging_mixin.py:190} INFO - [2026-04-07T04:44:06.025+0530] {dagbag.py:588} INFO - Filling up the DagBag from /home/ubantu/miniconda3/envs/airflow-env/lib/python3.11/site-packages/airflow/example_dags/example_task_group.py
[2026-04-07T04:44:06.044+0530] {processor.py:925} INFO - DAG(s) 'example_task_group' retrieved from /home/ubantu/miniconda3/envs/airflow-env/lib/python3.11/site-packages/airflow/example_dags/example_task_group.py
[2026-04-07T04:44:06.077+0530] {logging_mixin.py:190} INFO - [2026-04-07T04:44:06.077+0530] {dag.py:3239} INFO - Sync 1 DAGs
[2026-04-07T04:44:06.097+0530] {logging_mixin.py:190} INFO - [2026-04-07T04:44:06.097+0530] {dag.py:4180} INFO - Setting next_dagrun for example_task_group to None, run_after=None
[2026-04-07T04:44:06.123+0530] {processor.py:208} INFO - Processing /home/ubantu/miniconda3/envs/airflow-env/lib/python3.11/site-packages/airflow/example_dags/example_task_group.py took 0.116 seconds
[2026-04-07T04:44:51.572+0530] {processor.py:186} INFO - Started process (PID=9379) to work on /home/ubantu/miniconda3/envs/airflow-env/lib/python3.11/site-packages/airflow/example_dags/example_task_group.py
[2026-04-07T04:44:51.573+0530] {processor.py:914} INFO - Processing file /home/ubantu/miniconda3/envs/airflow-env/lib/python3.11/site-packages/airflow/example_dags/example_task_group.py for tasks to queue
[2026-04-07T04:44:51.575+0530] {logging_mixin.py:190} INFO - [2026-04-07T04:44:51.574+0530] {dagbag.py:588} INFO - Filling up the DagBag from /home/ubantu/miniconda3/envs/airflow-env/lib/python3.11/site-packages/airflow/example_dags/example_task_group.py
[2026-04-07T04:44:51.585+0530] {processor.py:925} INFO - DAG(s) 'example_task_group' retrieved from /home/ubantu/miniconda3/envs/airflow-env/lib/python3.11/site-packages/airflow/example_dags/example_task_group.py
[2026-04-07T04:44:51.602+0530] {logging_mixin.py:190} INFO - [2026-04-07T04:44:51.601+0530] {dag.py:3239} INFO - Sync 1 DAGs
[2026-04-07T04:44:51.613+0530] {logging_mixin.py:190} INFO - [2026-04-07T04:44:51.613+0530] {dag.py:4180} INFO - Setting next_dagrun for example_task_group to None, run_after=None
[2026-04-07T04:44:51.633+0530] {processor.py:208} INFO - Processing /home/ubantu/miniconda3/envs/airflow-env/lib/python3.11/site-packages/airflow/example_dags/example_task_group.py took 0.067 seconds
[2026-04-07T04:45:07.287+0530] {processor.py:186} INFO - Started process (PID=9420) to work on /home/ubantu/miniconda3/envs/airflow-env/lib/python3.11/site-packages/airflow/example_dags/example_task_group.py
[2026-04-07T04:45:07.288+0530] {processor.py:914} INFO - Processing file /home/ubantu/miniconda3/envs/airflow-env/lib/python3.11/site-packages/airflow/example_dags/example_task_group.py for tasks to queue
[2026-04-07T04:45:07.290+0530] {logging_mixin.py:190} INFO - [2026-04-07T04:45:07.289+0530] {dagbag.py:588} INFO - Filling up the DagBag from /home/ubantu/miniconda3/envs/airflow-env/lib/python3.11/site-packages/airflow/example_dags/example_task_group.py
[2026-04-07T04:45:07.299+0530] {processor.py:925} INFO - DAG(s) 'example_task_group' retrieved from /home/ubantu/miniconda3/envs/airflow-env/lib/python3.11/site-packages/airflow/example_dags/example_task_group.py
[2026-04-07T04:45:07.316+0530] {logging_mixin.py:190} INFO - [2026-04-07T04:45:07.316+0530] {dag.py:3239} INFO - Sync 1 DAGs
[2026-04-07T04:45:07.327+0530] {logging_mixin.py:190} INFO - [2026-04-07T04:45:07.326+0530] {dag.py:4180} INFO - Setting next_dagrun for example_task_group to None, run_after=None
[2026-04-07T04:45:07.344+0530] {processor.py:208} INFO - Processing /home/ubantu/miniconda3/envs/airflow-env/lib/python3.11/site-packages/airflow/example_dags/example_task_group.py took 0.063 seconds
[2026-04-07T04:45:46.490+0530] {processor.py:186} INFO - Started process (PID=9504) to work on /home/ubantu/miniconda3/envs/airflow-env/lib/python3.11/site-packages/airflow/example_dags/example_task_group.py
[2026-04-07T04:45:46.491+0530] {processor.py:914} INFO - Processing file /home/ubantu/miniconda3/envs/airflow-env/lib/python3.11/site-packages/airflow/example_dags/example_task_group.py for tasks to queue
[2026-04-07T04:45:46.493+0530] {logging_mixin.py:190} INFO - [2026-04-07T04:45:46.492+0530] {dagbag.py:588} INFO - Filling up the DagBag from /home/ubantu/miniconda3/envs/airflow-env/lib/python3.11/site-packages/airflow/example_dags/example_task_group.py
[2026-04-07T04:45:46.503+0530] {processor.py:925} INFO - DAG(s) 'example_task_group' retrieved from /home/ubantu/miniconda3/envs/airflow-env/lib/python3.11/site-packages/airflow/example_dags/example_task_group.py
[2026-04-07T04:45:46.519+0530] {logging_mixin.py:190} INFO - [2026-04-07T04:45:46.519+0530] {dag.py:3239} INFO - Sync 1 DAGs
[2026-04-07T04:45:46.531+0530] {logging_mixin.py:190} INFO - [2026-04-07T04:45:46.531+0530] {dag.py:4180} INFO - Setting next_dagrun for example_task_group to None, run_after=None
[2026-04-07T04:45:46.551+0530] {processor.py:208} INFO - Processing /home/ubantu/miniconda3/envs/airflow-env/lib/python3.11/site-packages/airflow/example_dags/example_task_group.py took 0.067 seconds
[2026-04-07T04:46:03.188+0530] {processor.py:186} INFO - Started process (PID=9545) to work on /home/ubantu/miniconda3/envs/airflow-env/lib/python3.11/site-packages/airflow/example_dags/example_task_group.py
[2026-04-07T04:46:03.188+0530] {processor.py:914} INFO - Processing file /home/ubantu/miniconda3/envs/airflow-env/lib/python3.11/site-packages/airflow/example_dags/example_task_group.py for tasks to queue
[2026-04-07T04:46:03.190+0530] {logging_mixin.py:190} INFO - [2026-04-07T04:46:03.190+0530] {dagbag.py:588} INFO - Filling up the DagBag from /home/ubantu/miniconda3/envs/airflow-env/lib/python3.11/site-packages/airflow/example_dags/example_task_group.py
[2026-04-07T04:46:03.198+0530] {processor.py:925} INFO - DAG(s) 'example_task_group' retrieved from /home/ubantu/miniconda3/envs/airflow-env/lib/python3.11/site-packages/airflow/example_dags/example_task_group.py
[2026-04-07T04:46:03.213+0530] {logging_mixin.py:190} INFO - [2026-04-07T04:46:03.213+0530] {dag.py:3239} INFO - Sync 1 DAGs
[2026-04-07T04:46:03.223+0530] {logging_mixin.py:190} INFO - [2026-04-07T04:46:03.223+0530] {dag.py:4180} INFO - Setting next_dagrun for example_task_group to None, run_after=None
[2026-04-07T04:46:03.240+0530] {processor.py:208} INFO - Processing /home/ubantu/miniconda3/envs/airflow-env/lib/python3.11/site-packages/airflow/example_dags/example_task_group.py took 0.058 seconds
[2026-04-07T04:46:38.144+0530] {processor.py:186} INFO - Started process (PID=9619) to work on /home/ubantu/miniconda3/envs/airflow-env/lib/python3.11/site-packages/airflow/example_dags/example_task_group.py
[2026-04-07T04:46:38.145+0530] {processor.py:914} INFO - Processing file /home/ubantu/miniconda3/envs/airflow-env/lib/python3.11/site-packages/airflow/example_dags/example_task_group.py for tasks to queue
[2026-04-07T04:46:38.146+0530] {logging_mixin.py:190} INFO - [2026-04-07T04:46:38.146+0530] {dagbag.py:588} INFO - Filling up the DagBag from /home/ubantu/miniconda3/envs/airflow-env/lib/python3.11/site-packages/airflow/example_dags/example_task_group.py
[2026-04-07T04:46:38.156+0530] {processor.py:925} INFO - DAG(s) 'example_task_group' retrieved from /home/ubantu/miniconda3/envs/airflow-env/lib/python3.11/site-packages/airflow/example_dags/example_task_group.py
[2026-04-07T04:46:38.173+0530] {logging_mixin.py:190} INFO - [2026-04-07T04:46:38.172+0530] {dag.py:3239} INFO - Sync 1 DAGs
[2026-04-07T04:46:38.184+0530] {logging_mixin.py:190} INFO - [2026-04-07T04:46:38.184+0530] {dag.py:4180} INFO - Setting next_dagrun for example_task_group to None, run_after=None
[2026-04-07T04:46:38.201+0530] {processor.py:208} INFO - Processing /home/ubantu/miniconda3/envs/airflow-env/lib/python3.11/site-packages/airflow/example_dags/example_task_group.py took 0.063 seconds
[2026-04-07T04:46:56.285+0530] {processor.py:186} INFO - Started process (PID=9658) to work on /home/ubantu/miniconda3/envs/airflow-env/lib/python3.11/site-packages/airflow/example_dags/example_task_group.py
[2026-04-07T04:46:56.286+0530] {processor.py:914} INFO - Processing file /home/ubantu/miniconda3/envs/airflow-env/lib/python3.11/site-packages/airflow/example_dags/example_task_group.py for tasks to queue
[2026-04-07T04:46:56.288+0530] {logging_mixin.py:190} INFO - [2026-04-07T04:46:56.288+0530] {dagbag.py:588} INFO - Filling up the DagBag from /home/ubantu/miniconda3/envs/airflow-env/lib/python3.11/site-packages/airflow/example_dags/example_task_group.py
[2026-04-07T04:46:56.299+0530] {processor.py:925} INFO - DAG(s) 'example_task_group' retrieved from /home/ubantu/miniconda3/envs/airflow-env/lib/python3.11/site-packages/airflow/example_dags/example_task_group.py
[2026-04-07T04:46:56.316+0530] {logging_mixin.py:190} INFO - [2026-04-07T04:46:56.316+0530] {dag.py:3239} INFO - Sync 1 DAGs
[2026-04-07T04:46:56.327+0530] {logging_mixin.py:190} INFO - [2026-04-07T04:46:56.327+0530] {dag.py:4180} INFO - Setting next_dagrun for example_task_group to None, run_after=None
[2026-04-07T04:46:56.344+0530] {processor.py:208} INFO - Processing /home/ubantu/miniconda3/envs/airflow-env/lib/python3.11/site-packages/airflow/example_dags/example_task_group.py took 0.066 seconds
[2026-04-07T04:47:30.290+0530] {processor.py:186} INFO - Started process (PID=9750) to work on /home/ubantu/miniconda3/envs/airflow-env/lib/python3.11/site-packages/airflow/example_dags/example_task_group.py
[2026-04-07T04:47:30.292+0530] {processor.py:914} INFO - Processing file /home/ubantu/miniconda3/envs/airflow-env/lib/python3.11/site-packages/airflow/example_dags/example_task_group.py for tasks to queue
[2026-04-07T04:47:30.293+0530] {logging_mixin.py:190} INFO - [2026-04-07T04:47:30.292+0530] {dagbag.py:588} INFO - Filling up the DagBag from /home/ubantu/miniconda3/envs/airflow-env/lib/python3.11/site-packages/airflow/example_dags/example_task_group.py
[2026-04-07T04:47:30.303+0530] {processor.py:925} INFO - DAG(s) 'example_task_group' retrieved from /home/ubantu/miniconda3/envs/airflow-env/lib/python3.11/site-packages/airflow/example_dags/example_task_group.py
[2026-04-07T04:47:30.319+0530] {logging_mixin.py:190} INFO - [2026-04-07T04:47:30.318+0530] {dag.py:3239} INFO - Sync 1 DAGs
[2026-04-07T04:47:30.330+0530] {logging_mixin.py:190} INFO - [2026-04-07T04:47:30.330+0530] {dag.py:4180} INFO - Setting next_dagrun for example_task_group to None, run_after=None
[2026-04-07T04:47:30.349+0530] {processor.py:208} INFO - Processing /home/ubantu/miniconda3/envs/airflow-env/lib/python3.11/site-packages/airflow/example_dags/example_task_group.py took 0.067 seconds
[2026-04-07T04:47:54.821+0530] {processor.py:186} INFO - Started process (PID=9801) to work on /home/ubantu/miniconda3/envs/airflow-env/lib/python3.11/site-packages/airflow/example_dags/example_task_group.py
[2026-04-07T04:47:54.822+0530] {processor.py:914} INFO - Processing file /home/ubantu/miniconda3/envs/airflow-env/lib/python3.11/site-packages/airflow/example_dags/example_task_group.py for tasks to queue
[2026-04-07T04:47:54.826+0530] {logging_mixin.py:190} INFO - [2026-04-07T04:47:54.825+0530] {dagbag.py:588} INFO - Filling up the DagBag from /home/ubantu/miniconda3/envs/airflow-env/lib/python3.11/site-packages/airflow/example_dags/example_task_group.py
[2026-04-07T04:47:54.838+0530] {processor.py:925} INFO - DAG(s) 'example_task_group' retrieved from /home/ubantu/miniconda3/envs/airflow-env/lib/python3.11/site-packages/airflow/example_dags/example_task_group.py
[2026-04-07T04:47:54.860+0530] {logging_mixin.py:190} INFO - [2026-04-07T04:47:54.860+0530] {dag.py:3239} INFO - Sync 1 DAGs
[2026-04-07T04:47:54.872+0530] {logging_mixin.py:190} INFO - [2026-04-07T04:47:54.872+0530] {dag.py:4180} INFO - Setting next_dagrun for example_task_group to None, run_after=None
[2026-04-07T04:47:54.891+0530] {processor.py:208} INFO - Processing /home/ubantu/miniconda3/envs/airflow-env/lib/python3.11/site-packages/airflow/example_dags/example_task_group.py took 0.078 seconds
[2026-04-07T05:09:58.491+0530] {processor.py:186} INFO - Started process (PID=10968) to work on /home/ubantu/miniconda3/envs/airflow-env/lib/python3.11/site-packages/airflow/example_dags/example_task_group.py
[2026-04-07T05:09:58.492+0530] {processor.py:914} INFO - Processing file /home/ubantu/miniconda3/envs/airflow-env/lib/python3.11/site-packages/airflow/example_dags/example_task_group.py for tasks to queue
[2026-04-07T05:09:58.495+0530] {logging_mixin.py:190} INFO - [2026-04-07T05:09:58.495+0530] {dagbag.py:588} INFO - Filling up the DagBag from /home/ubantu/miniconda3/envs/airflow-env/lib/python3.11/site-packages/airflow/example_dags/example_task_group.py
[2026-04-07T05:09:58.506+0530] {processor.py:925} INFO - DAG(s) 'example_task_group' retrieved from /home/ubantu/miniconda3/envs/airflow-env/lib/python3.11/site-packages/airflow/example_dags/example_task_group.py
[2026-04-07T05:09:58.595+0530] {logging_mixin.py:190} INFO - [2026-04-07T05:09:58.594+0530] {dag.py:3239} INFO - Sync 1 DAGs
[2026-04-07T05:09:58.603+0530] {logging_mixin.py:190} INFO - [2026-04-07T05:09:58.603+0530] {dag.py:4180} INFO - Setting next_dagrun for example_task_group to None, run_after=None
[2026-04-07T05:09:58.620+0530] {processor.py:208} INFO - Processing /home/ubantu/miniconda3/envs/airflow-env/lib/python3.11/site-packages/airflow/example_dags/example_task_group.py took 0.136 seconds
[2026-04-07T05:11:29.237+0530] {processor.py:186} INFO - Started process (PID=11121) to work on /home/ubantu/miniconda3/envs/airflow-env/lib/python3.11/site-packages/airflow/example_dags/example_task_group.py
[2026-04-07T05:11:29.238+0530] {processor.py:914} INFO - Processing file /home/ubantu/miniconda3/envs/airflow-env/lib/python3.11/site-packages/airflow/example_dags/example_task_group.py for tasks to queue
[2026-04-07T05:11:29.241+0530] {logging_mixin.py:190} INFO - [2026-04-07T05:11:29.240+0530] {dagbag.py:588} INFO - Filling up the DagBag from /home/ubantu/miniconda3/envs/airflow-env/lib/python3.11/site-packages/airflow/example_dags/example_task_group.py
[2026-04-07T05:11:29.255+0530] {processor.py:925} INFO - DAG(s) 'example_task_group' retrieved from /home/ubantu/miniconda3/envs/airflow-env/lib/python3.11/site-packages/airflow/example_dags/example_task_group.py
[2026-04-07T05:11:29.277+0530] {logging_mixin.py:190} INFO - [2026-04-07T05:11:29.277+0530] {dag.py:3239} INFO - Sync 1 DAGs
[2026-04-07T05:11:29.287+0530] {logging_mixin.py:190} INFO - [2026-04-07T05:11:29.287+0530] {dag.py:4180} INFO - Setting next_dagrun for example_task_group to None, run_after=None
[2026-04-07T05:11:29.307+0530] {processor.py:208} INFO - Processing /home/ubantu/miniconda3/envs/airflow-env/lib/python3.11/site-packages/airflow/example_dags/example_task_group.py took 0.077 seconds
[2026-04-07T05:12:27.435+0530] {processor.py:186} INFO - Started process (PID=11203) to work on /home/ubantu/miniconda3/envs/airflow-env/lib/python3.11/site-packages/airflow/example_dags/example_task_group.py
[2026-04-07T05:12:27.436+0530] {processor.py:914} INFO - Processing file /home/ubantu/miniconda3/envs/airflow-env/lib/python3.11/site-packages/airflow/example_dags/example_task_group.py for tasks to queue
[2026-04-07T05:12:27.438+0530] {logging_mixin.py:190} INFO - [2026-04-07T05:12:27.438+0530] {dagbag.py:588} INFO - Filling up the DagBag from /home/ubantu/miniconda3/envs/airflow-env/lib/python3.11/site-packages/airflow/example_dags/example_task_group.py
[2026-04-07T05:12:27.448+0530] {processor.py:925} INFO - DAG(s) 'example_task_group' retrieved from /home/ubantu/miniconda3/envs/airflow-env/lib/python3.11/site-packages/airflow/example_dags/example_task_group.py
[2026-04-07T05:12:27.466+0530] {logging_mixin.py:190} INFO - [2026-04-07T05:12:27.466+0530] {dag.py:3239} INFO - Sync 1 DAGs
[2026-04-07T05:12:27.477+0530] {logging_mixin.py:190} INFO - [2026-04-07T05:12:27.477+0530] {dag.py:4180} INFO - Setting next_dagrun for example_task_group to None, run_after=None
[2026-04-07T05:12:27.494+0530] {processor.py:208} INFO - Processing /home/ubantu/miniconda3/envs/airflow-env/lib/python3.11/site-packages/airflow/example_dags/example_task_group.py took 0.065 seconds
[2026-04-07T05:13:28.219+0530] {processor.py:186} INFO - Started process (PID=11294) to work on /home/ubantu/miniconda3/envs/airflow-env/lib/python3.11/site-packages/airflow/example_dags/example_task_group.py
[2026-04-07T05:13:28.220+0530] {processor.py:914} INFO - Processing file /home/ubantu/miniconda3/envs/airflow-env/lib/python3.11/site-packages/airflow/example_dags/example_task_group.py for tasks to queue
[2026-04-07T05:13:28.223+0530] {logging_mixin.py:190} INFO - [2026-04-07T05:13:28.222+0530] {dagbag.py:588} INFO - Filling up the DagBag from /home/ubantu/miniconda3/envs/airflow-env/lib/python3.11/site-packages/airflow/example_dags/example_task_group.py
[2026-04-07T05:13:28.232+0530] {processor.py:925} INFO - DAG(s) 'example_task_group' retrieved from /home/ubantu/miniconda3/envs/airflow-env/lib/python3.11/site-packages/airflow/example_dags/example_task_group.py
[2026-04-07T05:13:28.252+0530] {logging_mixin.py:190} INFO - [2026-04-07T05:13:28.251+0530] {dag.py:3239} INFO - Sync 1 DAGs
[2026-04-07T05:13:28.264+0530] {logging_mixin.py:190} INFO - [2026-04-07T05:13:28.264+0530] {dag.py:4180} INFO - Setting next_dagrun for example_task_group to None, run_after=None
[2026-04-07T05:13:28.285+0530] {processor.py:208} INFO - Processing /home/ubantu/miniconda3/envs/airflow-env/lib/python3.11/site-packages/airflow/example_dags/example_task_group.py took 0.072 seconds
[2026-04-07T05:17:37.729+0530] {processor.py:186} INFO - Started process (PID=11569) to work on /home/ubantu/miniconda3/envs/airflow-env/lib/python3.11/site-packages/airflow/example_dags/example_task_group.py
[2026-04-07T05:17:37.731+0530] {processor.py:914} INFO - Processing file /home/ubantu/miniconda3/envs/airflow-env/lib/python3.11/site-packages/airflow/example_dags/example_task_group.py for tasks to queue
[2026-04-07T05:17:37.737+0530] {logging_mixin.py:190} INFO - [2026-04-07T05:17:37.733+0530] {dagbag.py:588} INFO - Filling up the DagBag from /home/ubantu/miniconda3/envs/airflow-env/lib/python3.11/site-packages/airflow/example_dags/example_task_group.py
[2026-04-07T05:17:37.747+0530] {processor.py:925} INFO - DAG(s) 'example_task_group' retrieved from /home/ubantu/miniconda3/envs/airflow-env/lib/python3.11/site-packages/airflow/example_dags/example_task_group.py
[2026-04-07T05:17:37.777+0530] {logging_mixin.py:190} INFO - [2026-04-07T05:17:37.777+0530] {dag.py:3239} INFO - Sync 1 DAGs
[2026-04-07T05:17:37.789+0530] {logging_mixin.py:190} INFO - [2026-04-07T05:17:37.789+0530] {dag.py:4180} INFO - Setting next_dagrun for example_task_group to None, run_after=None
[2026-04-07T05:17:37.807+0530] {processor.py:208} INFO - Processing /home/ubantu/miniconda3/envs/airflow-env/lib/python3.11/site-packages/airflow/example_dags/example_task_group.py took 0.089 seconds
