[2026-04-07T04:07:32.000+0530] {processor.py:186} INFO - Started process (PID=5636) to work on /home/ubantu/miniconda3/envs/airflow-env/lib/python3.11/site-packages/airflow/example_dags/example_trigger_controller_dag.py
[2026-04-07T04:07:32.001+0530] {processor.py:914} INFO - Processing file /home/ubantu/miniconda3/envs/airflow-env/lib/python3.11/site-packages/airflow/example_dags/example_trigger_controller_dag.py for tasks to queue
[2026-04-07T04:07:32.003+0530] {logging_mixin.py:190} INFO - [2026-04-07T04:07:32.003+0530] {dagbag.py:588} INFO - Filling up the DagBag from /home/ubantu/miniconda3/envs/airflow-env/lib/python3.11/site-packages/airflow/example_dags/example_trigger_controller_dag.py
[2026-04-07T04:07:32.010+0530] {processor.py:925} INFO - DAG(s) 'example_trigger_controller_dag' retrieved from /home/ubantu/miniconda3/envs/airflow-env/lib/python3.11/site-packages/airflow/example_dags/example_trigger_controller_dag.py
[2026-04-07T04:07:32.098+0530] {logging_mixin.py:190} INFO - [2026-04-07T04:07:32.097+0530] {override.py:1911} INFO - Created Permission View: can delete on DAG:example_trigger_controller_dag
[2026-04-07T04:07:32.107+0530] {logging_mixin.py:190} INFO - [2026-04-07T04:07:32.107+0530] {override.py:1911} INFO - Created Permission View: can edit on DAG:example_trigger_controller_dag
[2026-04-07T04:07:32.114+0530] {logging_mixin.py:190} INFO - [2026-04-07T04:07:32.114+0530] {override.py:1911} INFO - Created Permission View: can read on DAG:example_trigger_controller_dag
[2026-04-07T04:07:32.123+0530] {logging_mixin.py:190} INFO - [2026-04-07T04:07:32.123+0530] {override.py:1911} INFO - Created Permission View: can create on DAG Run:example_trigger_controller_dag
[2026-04-07T04:07:32.130+0530] {logging_mixin.py:190} INFO - [2026-04-07T04:07:32.129+0530] {override.py:1911} INFO - Created Permission View: can delete on DAG Run:example_trigger_controller_dag
[2026-04-07T04:07:32.137+0530] {logging_mixin.py:190} INFO - [2026-04-07T04:07:32.137+0530] {override.py:1911} INFO - Created Permission View: menu access on DAG Run:example_trigger_controller_dag
[2026-04-07T04:07:32.145+0530] {logging_mixin.py:190} INFO - [2026-04-07T04:07:32.145+0530] {override.py:1911} INFO - Created Permission View: can read on DAG Run:example_trigger_controller_dag
[2026-04-07T04:07:32.146+0530] {logging_mixin.py:190} INFO - [2026-04-07T04:07:32.145+0530] {dag.py:3239} INFO - Sync 1 DAGs
[2026-04-07T04:07:32.158+0530] {logging_mixin.py:190} INFO - [2026-04-07T04:07:32.158+0530] {dag.py:3262} INFO - Creating ORM DAG for example_trigger_controller_dag
[2026-04-07T04:07:32.166+0530] {logging_mixin.py:190} INFO - [2026-04-07T04:07:32.166+0530] {dag.py:4180} INFO - Setting next_dagrun for example_trigger_controller_dag to 2021-01-01 00:00:00+00:00, run_after=2021-01-01 00:00:00+00:00
[2026-04-07T04:07:32.184+0530] {processor.py:208} INFO - Processing /home/ubantu/miniconda3/envs/airflow-env/lib/python3.11/site-packages/airflow/example_dags/example_trigger_controller_dag.py took 0.190 seconds
[2026-04-07T04:08:37.589+0530] {processor.py:186} INFO - Started process (PID=5956) to work on /home/ubantu/miniconda3/envs/airflow-env/lib/python3.11/site-packages/airflow/example_dags/example_trigger_controller_dag.py
[2026-04-07T04:08:37.590+0530] {processor.py:914} INFO - Processing file /home/ubantu/miniconda3/envs/airflow-env/lib/python3.11/site-packages/airflow/example_dags/example_trigger_controller_dag.py for tasks to queue
[2026-04-07T04:08:37.592+0530] {logging_mixin.py:190} INFO - [2026-04-07T04:08:37.592+0530] {dagbag.py:588} INFO - Filling up the DagBag from /home/ubantu/miniconda3/envs/airflow-env/lib/python3.11/site-packages/airflow/example_dags/example_trigger_controller_dag.py
[2026-04-07T04:08:37.600+0530] {processor.py:925} INFO - DAG(s) 'example_trigger_controller_dag' retrieved from /home/ubantu/miniconda3/envs/airflow-env/lib/python3.11/site-packages/airflow/example_dags/example_trigger_controller_dag.py
[2026-04-07T04:08:37.615+0530] {logging_mixin.py:190} INFO - [2026-04-07T04:08:37.615+0530] {dag.py:3239} INFO - Sync 1 DAGs
[2026-04-07T04:08:37.634+0530] {logging_mixin.py:190} INFO - [2026-04-07T04:08:37.634+0530] {dag.py:4180} INFO - Setting next_dagrun for example_trigger_controller_dag to 2021-01-01 00:00:00+00:00, run_after=2021-01-01 00:00:00+00:00
[2026-04-07T04:08:37.652+0530] {processor.py:208} INFO - Processing /home/ubantu/miniconda3/envs/airflow-env/lib/python3.11/site-packages/airflow/example_dags/example_trigger_controller_dag.py took 0.070 seconds
[2026-04-07T04:09:33.601+0530] {processor.py:186} INFO - Started process (PID=6137) to work on /home/ubantu/miniconda3/envs/airflow-env/lib/python3.11/site-packages/airflow/example_dags/example_trigger_controller_dag.py
[2026-04-07T04:09:33.602+0530] {processor.py:914} INFO - Processing file /home/ubantu/miniconda3/envs/airflow-env/lib/python3.11/site-packages/airflow/example_dags/example_trigger_controller_dag.py for tasks to queue
[2026-04-07T04:09:33.605+0530] {logging_mixin.py:190} INFO - [2026-04-07T04:09:33.604+0530] {dagbag.py:588} INFO - Filling up the DagBag from /home/ubantu/miniconda3/envs/airflow-env/lib/python3.11/site-packages/airflow/example_dags/example_trigger_controller_dag.py
[2026-04-07T04:09:33.614+0530] {processor.py:925} INFO - DAG(s) 'example_trigger_controller_dag' retrieved from /home/ubantu/miniconda3/envs/airflow-env/lib/python3.11/site-packages/airflow/example_dags/example_trigger_controller_dag.py
[2026-04-07T04:09:33.634+0530] {logging_mixin.py:190} INFO - [2026-04-07T04:09:33.633+0530] {dag.py:3239} INFO - Sync 1 DAGs
[2026-04-07T04:09:33.654+0530] {logging_mixin.py:190} INFO - [2026-04-07T04:09:33.653+0530] {dag.py:4180} INFO - Setting next_dagrun for example_trigger_controller_dag to 2021-01-01 00:00:00+00:00, run_after=2021-01-01 00:00:00+00:00
[2026-04-07T04:09:33.780+0530] {processor.py:208} INFO - Processing /home/ubantu/miniconda3/envs/airflow-env/lib/python3.11/site-packages/airflow/example_dags/example_trigger_controller_dag.py took 0.187 seconds
[2026-04-07T04:10:30.499+0530] {processor.py:186} INFO - Started process (PID=6204) to work on /home/ubantu/miniconda3/envs/airflow-env/lib/python3.11/site-packages/airflow/example_dags/example_trigger_controller_dag.py
[2026-04-07T04:10:30.500+0530] {processor.py:914} INFO - Processing file /home/ubantu/miniconda3/envs/airflow-env/lib/python3.11/site-packages/airflow/example_dags/example_trigger_controller_dag.py for tasks to queue
[2026-04-07T04:10:30.503+0530] {logging_mixin.py:190} INFO - [2026-04-07T04:10:30.502+0530] {dagbag.py:588} INFO - Filling up the DagBag from /home/ubantu/miniconda3/envs/airflow-env/lib/python3.11/site-packages/airflow/example_dags/example_trigger_controller_dag.py
[2026-04-07T04:10:30.509+0530] {processor.py:925} INFO - DAG(s) 'example_trigger_controller_dag' retrieved from /home/ubantu/miniconda3/envs/airflow-env/lib/python3.11/site-packages/airflow/example_dags/example_trigger_controller_dag.py
[2026-04-07T04:10:30.523+0530] {logging_mixin.py:190} INFO - [2026-04-07T04:10:30.523+0530] {dag.py:3239} INFO - Sync 1 DAGs
[2026-04-07T04:10:30.541+0530] {logging_mixin.py:190} INFO - [2026-04-07T04:10:30.541+0530] {dag.py:4180} INFO - Setting next_dagrun for example_trigger_controller_dag to 2021-01-01 00:00:00+00:00, run_after=2021-01-01 00:00:00+00:00
[2026-04-07T04:10:30.557+0530] {processor.py:208} INFO - Processing /home/ubantu/miniconda3/envs/airflow-env/lib/python3.11/site-packages/airflow/example_dags/example_trigger_controller_dag.py took 0.064 seconds
[2026-04-07T04:11:19.833+0530] {processor.py:186} INFO - Started process (PID=6264) to work on /home/ubantu/miniconda3/envs/airflow-env/lib/python3.11/site-packages/airflow/example_dags/example_trigger_controller_dag.py
[2026-04-07T04:11:19.834+0530] {processor.py:914} INFO - Processing file /home/ubantu/miniconda3/envs/airflow-env/lib/python3.11/site-packages/airflow/example_dags/example_trigger_controller_dag.py for tasks to queue
[2026-04-07T04:11:19.837+0530] {logging_mixin.py:190} INFO - [2026-04-07T04:11:19.836+0530] {dagbag.py:588} INFO - Filling up the DagBag from /home/ubantu/miniconda3/envs/airflow-env/lib/python3.11/site-packages/airflow/example_dags/example_trigger_controller_dag.py
[2026-04-07T04:11:19.844+0530] {processor.py:925} INFO - DAG(s) 'example_trigger_controller_dag' retrieved from /home/ubantu/miniconda3/envs/airflow-env/lib/python3.11/site-packages/airflow/example_dags/example_trigger_controller_dag.py
[2026-04-07T04:11:19.858+0530] {logging_mixin.py:190} INFO - [2026-04-07T04:11:19.858+0530] {dag.py:3239} INFO - Sync 1 DAGs
[2026-04-07T04:11:19.875+0530] {logging_mixin.py:190} INFO - [2026-04-07T04:11:19.875+0530] {dag.py:4180} INFO - Setting next_dagrun for example_trigger_controller_dag to 2021-01-01 00:00:00+00:00, run_after=2021-01-01 00:00:00+00:00
[2026-04-07T04:11:19.893+0530] {processor.py:208} INFO - Processing /home/ubantu/miniconda3/envs/airflow-env/lib/python3.11/site-packages/airflow/example_dags/example_trigger_controller_dag.py took 0.066 seconds
[2026-04-07T04:12:13.689+0530] {processor.py:186} INFO - Started process (PID=6331) to work on /home/ubantu/miniconda3/envs/airflow-env/lib/python3.11/site-packages/airflow/example_dags/example_trigger_controller_dag.py
[2026-04-07T04:12:13.691+0530] {processor.py:914} INFO - Processing file /home/ubantu/miniconda3/envs/airflow-env/lib/python3.11/site-packages/airflow/example_dags/example_trigger_controller_dag.py for tasks to queue
[2026-04-07T04:12:13.693+0530] {logging_mixin.py:190} INFO - [2026-04-07T04:12:13.692+0530] {dagbag.py:588} INFO - Filling up the DagBag from /home/ubantu/miniconda3/envs/airflow-env/lib/python3.11/site-packages/airflow/example_dags/example_trigger_controller_dag.py
[2026-04-07T04:12:13.702+0530] {processor.py:925} INFO - DAG(s) 'example_trigger_controller_dag' retrieved from /home/ubantu/miniconda3/envs/airflow-env/lib/python3.11/site-packages/airflow/example_dags/example_trigger_controller_dag.py
[2026-04-07T04:12:13.719+0530] {logging_mixin.py:190} INFO - [2026-04-07T04:12:13.719+0530] {dag.py:3239} INFO - Sync 1 DAGs
[2026-04-07T04:12:13.741+0530] {logging_mixin.py:190} INFO - [2026-04-07T04:12:13.741+0530] {dag.py:4180} INFO - Setting next_dagrun for example_trigger_controller_dag to 2021-01-01 00:00:00+00:00, run_after=2021-01-01 00:00:00+00:00
[2026-04-07T04:12:13.759+0530] {processor.py:208} INFO - Processing /home/ubantu/miniconda3/envs/airflow-env/lib/python3.11/site-packages/airflow/example_dags/example_trigger_controller_dag.py took 0.077 seconds
[2026-04-07T04:13:05.174+0530] {processor.py:186} INFO - Started process (PID=6389) to work on /home/ubantu/miniconda3/envs/airflow-env/lib/python3.11/site-packages/airflow/example_dags/example_trigger_controller_dag.py
[2026-04-07T04:13:05.175+0530] {processor.py:914} INFO - Processing file /home/ubantu/miniconda3/envs/airflow-env/lib/python3.11/site-packages/airflow/example_dags/example_trigger_controller_dag.py for tasks to queue
[2026-04-07T04:13:05.179+0530] {logging_mixin.py:190} INFO - [2026-04-07T04:13:05.178+0530] {dagbag.py:588} INFO - Filling up the DagBag from /home/ubantu/miniconda3/envs/airflow-env/lib/python3.11/site-packages/airflow/example_dags/example_trigger_controller_dag.py
[2026-04-07T04:13:05.187+0530] {processor.py:925} INFO - DAG(s) 'example_trigger_controller_dag' retrieved from /home/ubantu/miniconda3/envs/airflow-env/lib/python3.11/site-packages/airflow/example_dags/example_trigger_controller_dag.py
[2026-04-07T04:13:05.204+0530] {logging_mixin.py:190} INFO - [2026-04-07T04:13:05.203+0530] {dag.py:3239} INFO - Sync 1 DAGs
[2026-04-07T04:13:05.222+0530] {logging_mixin.py:190} INFO - [2026-04-07T04:13:05.221+0530] {dag.py:4180} INFO - Setting next_dagrun for example_trigger_controller_dag to 2021-01-01 00:00:00+00:00, run_after=2021-01-01 00:00:00+00:00
[2026-04-07T04:13:05.238+0530] {processor.py:208} INFO - Processing /home/ubantu/miniconda3/envs/airflow-env/lib/python3.11/site-packages/airflow/example_dags/example_trigger_controller_dag.py took 0.071 seconds
[2026-04-07T04:13:59.229+0530] {processor.py:186} INFO - Started process (PID=6456) to work on /home/ubantu/miniconda3/envs/airflow-env/lib/python3.11/site-packages/airflow/example_dags/example_trigger_controller_dag.py
[2026-04-07T04:13:59.230+0530] {processor.py:914} INFO - Processing file /home/ubantu/miniconda3/envs/airflow-env/lib/python3.11/site-packages/airflow/example_dags/example_trigger_controller_dag.py for tasks to queue
[2026-04-07T04:13:59.233+0530] {logging_mixin.py:190} INFO - [2026-04-07T04:13:59.233+0530] {dagbag.py:588} INFO - Filling up the DagBag from /home/ubantu/miniconda3/envs/airflow-env/lib/python3.11/site-packages/airflow/example_dags/example_trigger_controller_dag.py
[2026-04-07T04:13:59.240+0530] {processor.py:925} INFO - DAG(s) 'example_trigger_controller_dag' retrieved from /home/ubantu/miniconda3/envs/airflow-env/lib/python3.11/site-packages/airflow/example_dags/example_trigger_controller_dag.py
[2026-04-07T04:13:59.253+0530] {logging_mixin.py:190} INFO - [2026-04-07T04:13:59.253+0530] {dag.py:3239} INFO - Sync 1 DAGs
[2026-04-07T04:13:59.272+0530] {logging_mixin.py:190} INFO - [2026-04-07T04:13:59.272+0530] {dag.py:4180} INFO - Setting next_dagrun for example_trigger_controller_dag to 2021-01-01 00:00:00+00:00, run_after=2021-01-01 00:00:00+00:00
[2026-04-07T04:13:59.289+0530] {processor.py:208} INFO - Processing /home/ubantu/miniconda3/envs/airflow-env/lib/python3.11/site-packages/airflow/example_dags/example_trigger_controller_dag.py took 0.066 seconds
[2026-04-07T04:14:53.449+0530] {processor.py:186} INFO - Started process (PID=6516) to work on /home/ubantu/miniconda3/envs/airflow-env/lib/python3.11/site-packages/airflow/example_dags/example_trigger_controller_dag.py
[2026-04-07T04:14:53.450+0530] {processor.py:914} INFO - Processing file /home/ubantu/miniconda3/envs/airflow-env/lib/python3.11/site-packages/airflow/example_dags/example_trigger_controller_dag.py for tasks to queue
[2026-04-07T04:14:53.454+0530] {logging_mixin.py:190} INFO - [2026-04-07T04:14:53.453+0530] {dagbag.py:588} INFO - Filling up the DagBag from /home/ubantu/miniconda3/envs/airflow-env/lib/python3.11/site-packages/airflow/example_dags/example_trigger_controller_dag.py
[2026-04-07T04:14:53.461+0530] {processor.py:925} INFO - DAG(s) 'example_trigger_controller_dag' retrieved from /home/ubantu/miniconda3/envs/airflow-env/lib/python3.11/site-packages/airflow/example_dags/example_trigger_controller_dag.py
[2026-04-07T04:14:53.474+0530] {logging_mixin.py:190} INFO - [2026-04-07T04:14:53.474+0530] {dag.py:3239} INFO - Sync 1 DAGs
[2026-04-07T04:14:53.493+0530] {logging_mixin.py:190} INFO - [2026-04-07T04:14:53.493+0530] {dag.py:4180} INFO - Setting next_dagrun for example_trigger_controller_dag to 2021-01-01 00:00:00+00:00, run_after=2021-01-01 00:00:00+00:00
[2026-04-07T04:14:53.514+0530] {processor.py:208} INFO - Processing /home/ubantu/miniconda3/envs/airflow-env/lib/python3.11/site-packages/airflow/example_dags/example_trigger_controller_dag.py took 0.071 seconds
[2026-04-07T04:15:44.852+0530] {processor.py:186} INFO - Started process (PID=6578) to work on /home/ubantu/miniconda3/envs/airflow-env/lib/python3.11/site-packages/airflow/example_dags/example_trigger_controller_dag.py
[2026-04-07T04:15:44.853+0530] {processor.py:914} INFO - Processing file /home/ubantu/miniconda3/envs/airflow-env/lib/python3.11/site-packages/airflow/example_dags/example_trigger_controller_dag.py for tasks to queue
[2026-04-07T04:15:44.856+0530] {logging_mixin.py:190} INFO - [2026-04-07T04:15:44.856+0530] {dagbag.py:588} INFO - Filling up the DagBag from /home/ubantu/miniconda3/envs/airflow-env/lib/python3.11/site-packages/airflow/example_dags/example_trigger_controller_dag.py
[2026-04-07T04:15:44.863+0530] {processor.py:925} INFO - DAG(s) 'example_trigger_controller_dag' retrieved from /home/ubantu/miniconda3/envs/airflow-env/lib/python3.11/site-packages/airflow/example_dags/example_trigger_controller_dag.py
[2026-04-07T04:15:44.877+0530] {logging_mixin.py:190} INFO - [2026-04-07T04:15:44.877+0530] {dag.py:3239} INFO - Sync 1 DAGs
[2026-04-07T04:15:44.895+0530] {logging_mixin.py:190} INFO - [2026-04-07T04:15:44.895+0530] {dag.py:4180} INFO - Setting next_dagrun for example_trigger_controller_dag to 2021-01-01 00:00:00+00:00, run_after=2021-01-01 00:00:00+00:00
[2026-04-07T04:15:44.912+0530] {processor.py:208} INFO - Processing /home/ubantu/miniconda3/envs/airflow-env/lib/python3.11/site-packages/airflow/example_dags/example_trigger_controller_dag.py took 0.066 seconds
[2026-04-07T04:16:35.235+0530] {processor.py:186} INFO - Started process (PID=6635) to work on /home/ubantu/miniconda3/envs/airflow-env/lib/python3.11/site-packages/airflow/example_dags/example_trigger_controller_dag.py
[2026-04-07T04:16:35.236+0530] {processor.py:914} INFO - Processing file /home/ubantu/miniconda3/envs/airflow-env/lib/python3.11/site-packages/airflow/example_dags/example_trigger_controller_dag.py for tasks to queue
[2026-04-07T04:16:35.238+0530] {logging_mixin.py:190} INFO - [2026-04-07T04:16:35.238+0530] {dagbag.py:588} INFO - Filling up the DagBag from /home/ubantu/miniconda3/envs/airflow-env/lib/python3.11/site-packages/airflow/example_dags/example_trigger_controller_dag.py
[2026-04-07T04:16:35.245+0530] {processor.py:925} INFO - DAG(s) 'example_trigger_controller_dag' retrieved from /home/ubantu/miniconda3/envs/airflow-env/lib/python3.11/site-packages/airflow/example_dags/example_trigger_controller_dag.py
[2026-04-07T04:16:35.259+0530] {logging_mixin.py:190} INFO - [2026-04-07T04:16:35.259+0530] {dag.py:3239} INFO - Sync 1 DAGs
[2026-04-07T04:16:35.277+0530] {logging_mixin.py:190} INFO - [2026-04-07T04:16:35.277+0530] {dag.py:4180} INFO - Setting next_dagrun for example_trigger_controller_dag to 2021-01-01 00:00:00+00:00, run_after=2021-01-01 00:00:00+00:00
[2026-04-07T04:16:35.297+0530] {processor.py:208} INFO - Processing /home/ubantu/miniconda3/envs/airflow-env/lib/python3.11/site-packages/airflow/example_dags/example_trigger_controller_dag.py took 0.067 seconds
[2026-04-07T04:17:25.639+0530] {processor.py:186} INFO - Started process (PID=6699) to work on /home/ubantu/miniconda3/envs/airflow-env/lib/python3.11/site-packages/airflow/example_dags/example_trigger_controller_dag.py
[2026-04-07T04:17:25.640+0530] {processor.py:914} INFO - Processing file /home/ubantu/miniconda3/envs/airflow-env/lib/python3.11/site-packages/airflow/example_dags/example_trigger_controller_dag.py for tasks to queue
[2026-04-07T04:17:25.642+0530] {logging_mixin.py:190} INFO - [2026-04-07T04:17:25.641+0530] {dagbag.py:588} INFO - Filling up the DagBag from /home/ubantu/miniconda3/envs/airflow-env/lib/python3.11/site-packages/airflow/example_dags/example_trigger_controller_dag.py
[2026-04-07T04:17:25.649+0530] {processor.py:925} INFO - DAG(s) 'example_trigger_controller_dag' retrieved from /home/ubantu/miniconda3/envs/airflow-env/lib/python3.11/site-packages/airflow/example_dags/example_trigger_controller_dag.py
[2026-04-07T04:17:25.663+0530] {logging_mixin.py:190} INFO - [2026-04-07T04:17:25.663+0530] {dag.py:3239} INFO - Sync 1 DAGs
[2026-04-07T04:17:25.681+0530] {logging_mixin.py:190} INFO - [2026-04-07T04:17:25.681+0530] {dag.py:4180} INFO - Setting next_dagrun for example_trigger_controller_dag to 2021-01-01 00:00:00+00:00, run_after=2021-01-01 00:00:00+00:00
[2026-04-07T04:17:25.698+0530] {processor.py:208} INFO - Processing /home/ubantu/miniconda3/envs/airflow-env/lib/python3.11/site-packages/airflow/example_dags/example_trigger_controller_dag.py took 0.065 seconds
[2026-04-07T04:18:15.464+0530] {processor.py:186} INFO - Started process (PID=6755) to work on /home/ubantu/miniconda3/envs/airflow-env/lib/python3.11/site-packages/airflow/example_dags/example_trigger_controller_dag.py
[2026-04-07T04:18:15.465+0530] {processor.py:914} INFO - Processing file /home/ubantu/miniconda3/envs/airflow-env/lib/python3.11/site-packages/airflow/example_dags/example_trigger_controller_dag.py for tasks to queue
[2026-04-07T04:18:15.468+0530] {logging_mixin.py:190} INFO - [2026-04-07T04:18:15.468+0530] {dagbag.py:588} INFO - Filling up the DagBag from /home/ubantu/miniconda3/envs/airflow-env/lib/python3.11/site-packages/airflow/example_dags/example_trigger_controller_dag.py
[2026-04-07T04:18:15.475+0530] {processor.py:925} INFO - DAG(s) 'example_trigger_controller_dag' retrieved from /home/ubantu/miniconda3/envs/airflow-env/lib/python3.11/site-packages/airflow/example_dags/example_trigger_controller_dag.py
[2026-04-07T04:18:15.490+0530] {logging_mixin.py:190} INFO - [2026-04-07T04:18:15.489+0530] {dag.py:3239} INFO - Sync 1 DAGs
[2026-04-07T04:18:15.508+0530] {logging_mixin.py:190} INFO - [2026-04-07T04:18:15.508+0530] {dag.py:4180} INFO - Setting next_dagrun for example_trigger_controller_dag to 2021-01-01 00:00:00+00:00, run_after=2021-01-01 00:00:00+00:00
[2026-04-07T04:18:15.526+0530] {processor.py:208} INFO - Processing /home/ubantu/miniconda3/envs/airflow-env/lib/python3.11/site-packages/airflow/example_dags/example_trigger_controller_dag.py took 0.068 seconds
[2026-04-07T04:19:09.036+0530] {processor.py:186} INFO - Started process (PID=6867) to work on /home/ubantu/miniconda3/envs/airflow-env/lib/python3.11/site-packages/airflow/example_dags/example_trigger_controller_dag.py
[2026-04-07T04:19:09.038+0530] {processor.py:914} INFO - Processing file /home/ubantu/miniconda3/envs/airflow-env/lib/python3.11/site-packages/airflow/example_dags/example_trigger_controller_dag.py for tasks to queue
[2026-04-07T04:19:09.041+0530] {logging_mixin.py:190} INFO - [2026-04-07T04:19:09.040+0530] {dagbag.py:588} INFO - Filling up the DagBag from /home/ubantu/miniconda3/envs/airflow-env/lib/python3.11/site-packages/airflow/example_dags/example_trigger_controller_dag.py
[2026-04-07T04:19:09.048+0530] {processor.py:925} INFO - DAG(s) 'example_trigger_controller_dag' retrieved from /home/ubantu/miniconda3/envs/airflow-env/lib/python3.11/site-packages/airflow/example_dags/example_trigger_controller_dag.py
[2026-04-07T04:19:09.062+0530] {logging_mixin.py:190} INFO - [2026-04-07T04:19:09.062+0530] {dag.py:3239} INFO - Sync 1 DAGs
[2026-04-07T04:19:09.081+0530] {logging_mixin.py:190} INFO - [2026-04-07T04:19:09.081+0530] {dag.py:4180} INFO - Setting next_dagrun for example_trigger_controller_dag to 2021-01-01 00:00:00+00:00, run_after=2021-01-01 00:00:00+00:00
[2026-04-07T04:19:09.099+0530] {processor.py:208} INFO - Processing /home/ubantu/miniconda3/envs/airflow-env/lib/python3.11/site-packages/airflow/example_dags/example_trigger_controller_dag.py took 0.068 seconds
[2026-04-07T04:19:59.778+0530] {processor.py:186} INFO - Started process (PID=6926) to work on /home/ubantu/miniconda3/envs/airflow-env/lib/python3.11/site-packages/airflow/example_dags/example_trigger_controller_dag.py
[2026-04-07T04:19:59.779+0530] {processor.py:914} INFO - Processing file /home/ubantu/miniconda3/envs/airflow-env/lib/python3.11/site-packages/airflow/example_dags/example_trigger_controller_dag.py for tasks to queue
[2026-04-07T04:19:59.781+0530] {logging_mixin.py:190} INFO - [2026-04-07T04:19:59.781+0530] {dagbag.py:588} INFO - Filling up the DagBag from /home/ubantu/miniconda3/envs/airflow-env/lib/python3.11/site-packages/airflow/example_dags/example_trigger_controller_dag.py
[2026-04-07T04:19:59.788+0530] {processor.py:925} INFO - DAG(s) 'example_trigger_controller_dag' retrieved from /home/ubantu/miniconda3/envs/airflow-env/lib/python3.11/site-packages/airflow/example_dags/example_trigger_controller_dag.py
[2026-04-07T04:19:59.803+0530] {logging_mixin.py:190} INFO - [2026-04-07T04:19:59.803+0530] {dag.py:3239} INFO - Sync 1 DAGs
[2026-04-07T04:19:59.821+0530] {logging_mixin.py:190} INFO - [2026-04-07T04:19:59.821+0530] {dag.py:4180} INFO - Setting next_dagrun for example_trigger_controller_dag to 2021-01-01 00:00:00+00:00, run_after=2021-01-01 00:00:00+00:00
[2026-04-07T04:19:59.839+0530] {processor.py:208} INFO - Processing /home/ubantu/miniconda3/envs/airflow-env/lib/python3.11/site-packages/airflow/example_dags/example_trigger_controller_dag.py took 0.068 seconds
[2026-04-07T04:20:50.509+0530] {processor.py:186} INFO - Started process (PID=6982) to work on /home/ubantu/miniconda3/envs/airflow-env/lib/python3.11/site-packages/airflow/example_dags/example_trigger_controller_dag.py
[2026-04-07T04:20:50.510+0530] {processor.py:914} INFO - Processing file /home/ubantu/miniconda3/envs/airflow-env/lib/python3.11/site-packages/airflow/example_dags/example_trigger_controller_dag.py for tasks to queue
[2026-04-07T04:20:50.513+0530] {logging_mixin.py:190} INFO - [2026-04-07T04:20:50.513+0530] {dagbag.py:588} INFO - Filling up the DagBag from /home/ubantu/miniconda3/envs/airflow-env/lib/python3.11/site-packages/airflow/example_dags/example_trigger_controller_dag.py
[2026-04-07T04:20:50.520+0530] {processor.py:925} INFO - DAG(s) 'example_trigger_controller_dag' retrieved from /home/ubantu/miniconda3/envs/airflow-env/lib/python3.11/site-packages/airflow/example_dags/example_trigger_controller_dag.py
[2026-04-07T04:20:50.534+0530] {logging_mixin.py:190} INFO - [2026-04-07T04:20:50.534+0530] {dag.py:3239} INFO - Sync 1 DAGs
[2026-04-07T04:20:50.552+0530] {logging_mixin.py:190} INFO - [2026-04-07T04:20:50.552+0530] {dag.py:4180} INFO - Setting next_dagrun for example_trigger_controller_dag to 2021-01-01 00:00:00+00:00, run_after=2021-01-01 00:00:00+00:00
[2026-04-07T04:20:50.568+0530] {processor.py:208} INFO - Processing /home/ubantu/miniconda3/envs/airflow-env/lib/python3.11/site-packages/airflow/example_dags/example_trigger_controller_dag.py took 0.065 seconds
[2026-04-07T04:21:46.456+0530] {processor.py:186} INFO - Started process (PID=7046) to work on /home/ubantu/miniconda3/envs/airflow-env/lib/python3.11/site-packages/airflow/example_dags/example_trigger_controller_dag.py
[2026-04-07T04:21:46.457+0530] {processor.py:914} INFO - Processing file /home/ubantu/miniconda3/envs/airflow-env/lib/python3.11/site-packages/airflow/example_dags/example_trigger_controller_dag.py for tasks to queue
[2026-04-07T04:21:46.460+0530] {logging_mixin.py:190} INFO - [2026-04-07T04:21:46.460+0530] {dagbag.py:588} INFO - Filling up the DagBag from /home/ubantu/miniconda3/envs/airflow-env/lib/python3.11/site-packages/airflow/example_dags/example_trigger_controller_dag.py
[2026-04-07T04:21:46.467+0530] {processor.py:925} INFO - DAG(s) 'example_trigger_controller_dag' retrieved from /home/ubantu/miniconda3/envs/airflow-env/lib/python3.11/site-packages/airflow/example_dags/example_trigger_controller_dag.py
[2026-04-07T04:21:46.480+0530] {logging_mixin.py:190} INFO - [2026-04-07T04:21:46.480+0530] {dag.py:3239} INFO - Sync 1 DAGs
[2026-04-07T04:21:46.498+0530] {logging_mixin.py:190} INFO - [2026-04-07T04:21:46.498+0530] {dag.py:4180} INFO - Setting next_dagrun for example_trigger_controller_dag to 2021-01-01 00:00:00+00:00, run_after=2021-01-01 00:00:00+00:00
[2026-04-07T04:21:46.515+0530] {processor.py:208} INFO - Processing /home/ubantu/miniconda3/envs/airflow-env/lib/python3.11/site-packages/airflow/example_dags/example_trigger_controller_dag.py took 0.064 seconds
[2026-04-07T04:22:40.145+0530] {processor.py:186} INFO - Started process (PID=7107) to work on /home/ubantu/miniconda3/envs/airflow-env/lib/python3.11/site-packages/airflow/example_dags/example_trigger_controller_dag.py
[2026-04-07T04:22:40.146+0530] {processor.py:914} INFO - Processing file /home/ubantu/miniconda3/envs/airflow-env/lib/python3.11/site-packages/airflow/example_dags/example_trigger_controller_dag.py for tasks to queue
[2026-04-07T04:22:40.149+0530] {logging_mixin.py:190} INFO - [2026-04-07T04:22:40.149+0530] {dagbag.py:588} INFO - Filling up the DagBag from /home/ubantu/miniconda3/envs/airflow-env/lib/python3.11/site-packages/airflow/example_dags/example_trigger_controller_dag.py
[2026-04-07T04:22:40.156+0530] {processor.py:925} INFO - DAG(s) 'example_trigger_controller_dag' retrieved from /home/ubantu/miniconda3/envs/airflow-env/lib/python3.11/site-packages/airflow/example_dags/example_trigger_controller_dag.py
[2026-04-07T04:22:40.169+0530] {logging_mixin.py:190} INFO - [2026-04-07T04:22:40.169+0530] {dag.py:3239} INFO - Sync 1 DAGs
[2026-04-07T04:22:40.187+0530] {logging_mixin.py:190} INFO - [2026-04-07T04:22:40.187+0530] {dag.py:4180} INFO - Setting next_dagrun for example_trigger_controller_dag to 2021-01-01 00:00:00+00:00, run_after=2021-01-01 00:00:00+00:00
[2026-04-07T04:22:40.204+0530] {processor.py:208} INFO - Processing /home/ubantu/miniconda3/envs/airflow-env/lib/python3.11/site-packages/airflow/example_dags/example_trigger_controller_dag.py took 0.064 seconds
[2026-04-07T04:23:31.525+0530] {processor.py:186} INFO - Started process (PID=7212) to work on /home/ubantu/miniconda3/envs/airflow-env/lib/python3.11/site-packages/airflow/example_dags/example_trigger_controller_dag.py
[2026-04-07T04:23:31.526+0530] {processor.py:914} INFO - Processing file /home/ubantu/miniconda3/envs/airflow-env/lib/python3.11/site-packages/airflow/example_dags/example_trigger_controller_dag.py for tasks to queue
[2026-04-07T04:23:31.528+0530] {logging_mixin.py:190} INFO - [2026-04-07T04:23:31.528+0530] {dagbag.py:588} INFO - Filling up the DagBag from /home/ubantu/miniconda3/envs/airflow-env/lib/python3.11/site-packages/airflow/example_dags/example_trigger_controller_dag.py
[2026-04-07T04:23:31.534+0530] {processor.py:925} INFO - DAG(s) 'example_trigger_controller_dag' retrieved from /home/ubantu/miniconda3/envs/airflow-env/lib/python3.11/site-packages/airflow/example_dags/example_trigger_controller_dag.py
[2026-04-07T04:23:31.547+0530] {logging_mixin.py:190} INFO - [2026-04-07T04:23:31.547+0530] {dag.py:3239} INFO - Sync 1 DAGs
[2026-04-07T04:23:31.564+0530] {logging_mixin.py:190} INFO - [2026-04-07T04:23:31.564+0530] {dag.py:4180} INFO - Setting next_dagrun for example_trigger_controller_dag to 2021-01-01 00:00:00+00:00, run_after=2021-01-01 00:00:00+00:00
[2026-04-07T04:23:31.582+0530] {processor.py:208} INFO - Processing /home/ubantu/miniconda3/envs/airflow-env/lib/python3.11/site-packages/airflow/example_dags/example_trigger_controller_dag.py took 0.063 seconds
[2026-04-07T04:24:22.373+0530] {processor.py:186} INFO - Started process (PID=7306) to work on /home/ubantu/miniconda3/envs/airflow-env/lib/python3.11/site-packages/airflow/example_dags/example_trigger_controller_dag.py
[2026-04-07T04:24:22.374+0530] {processor.py:914} INFO - Processing file /home/ubantu/miniconda3/envs/airflow-env/lib/python3.11/site-packages/airflow/example_dags/example_trigger_controller_dag.py for tasks to queue
[2026-04-07T04:24:22.376+0530] {logging_mixin.py:190} INFO - [2026-04-07T04:24:22.376+0530] {dagbag.py:588} INFO - Filling up the DagBag from /home/ubantu/miniconda3/envs/airflow-env/lib/python3.11/site-packages/airflow/example_dags/example_trigger_controller_dag.py
[2026-04-07T04:24:22.384+0530] {processor.py:925} INFO - DAG(s) 'example_trigger_controller_dag' retrieved from /home/ubantu/miniconda3/envs/airflow-env/lib/python3.11/site-packages/airflow/example_dags/example_trigger_controller_dag.py
[2026-04-07T04:24:22.400+0530] {logging_mixin.py:190} INFO - [2026-04-07T04:24:22.399+0530] {dag.py:3239} INFO - Sync 1 DAGs
[2026-04-07T04:24:22.419+0530] {logging_mixin.py:190} INFO - [2026-04-07T04:24:22.418+0530] {dag.py:4180} INFO - Setting next_dagrun for example_trigger_controller_dag to 2021-01-01 00:00:00+00:00, run_after=2021-01-01 00:00:00+00:00
[2026-04-07T04:24:22.436+0530] {processor.py:208} INFO - Processing /home/ubantu/miniconda3/envs/airflow-env/lib/python3.11/site-packages/airflow/example_dags/example_trigger_controller_dag.py took 0.069 seconds
[2026-04-07T04:25:16.734+0530] {processor.py:186} INFO - Started process (PID=7381) to work on /home/ubantu/miniconda3/envs/airflow-env/lib/python3.11/site-packages/airflow/example_dags/example_trigger_controller_dag.py
[2026-04-07T04:25:16.735+0530] {processor.py:914} INFO - Processing file /home/ubantu/miniconda3/envs/airflow-env/lib/python3.11/site-packages/airflow/example_dags/example_trigger_controller_dag.py for tasks to queue
[2026-04-07T04:25:16.738+0530] {logging_mixin.py:190} INFO - [2026-04-07T04:25:16.738+0530] {dagbag.py:588} INFO - Filling up the DagBag from /home/ubantu/miniconda3/envs/airflow-env/lib/python3.11/site-packages/airflow/example_dags/example_trigger_controller_dag.py
[2026-04-07T04:25:16.745+0530] {processor.py:925} INFO - DAG(s) 'example_trigger_controller_dag' retrieved from /home/ubantu/miniconda3/envs/airflow-env/lib/python3.11/site-packages/airflow/example_dags/example_trigger_controller_dag.py
[2026-04-07T04:25:16.759+0530] {logging_mixin.py:190} INFO - [2026-04-07T04:25:16.759+0530] {dag.py:3239} INFO - Sync 1 DAGs
[2026-04-07T04:25:16.778+0530] {logging_mixin.py:190} INFO - [2026-04-07T04:25:16.778+0530] {dag.py:4180} INFO - Setting next_dagrun for example_trigger_controller_dag to 2021-01-01 00:00:00+00:00, run_after=2021-01-01 00:00:00+00:00
[2026-04-07T04:25:16.794+0530] {processor.py:208} INFO - Processing /home/ubantu/miniconda3/envs/airflow-env/lib/python3.11/site-packages/airflow/example_dags/example_trigger_controller_dag.py took 0.066 seconds
[2026-04-07T04:26:12.239+0530] {processor.py:186} INFO - Started process (PID=7473) to work on /home/ubantu/miniconda3/envs/airflow-env/lib/python3.11/site-packages/airflow/example_dags/example_trigger_controller_dag.py
[2026-04-07T04:26:12.240+0530] {processor.py:914} INFO - Processing file /home/ubantu/miniconda3/envs/airflow-env/lib/python3.11/site-packages/airflow/example_dags/example_trigger_controller_dag.py for tasks to queue
[2026-04-07T04:26:12.245+0530] {logging_mixin.py:190} INFO - [2026-04-07T04:26:12.244+0530] {dagbag.py:588} INFO - Filling up the DagBag from /home/ubantu/miniconda3/envs/airflow-env/lib/python3.11/site-packages/airflow/example_dags/example_trigger_controller_dag.py
[2026-04-07T04:26:12.255+0530] {processor.py:925} INFO - DAG(s) 'example_trigger_controller_dag' retrieved from /home/ubantu/miniconda3/envs/airflow-env/lib/python3.11/site-packages/airflow/example_dags/example_trigger_controller_dag.py
[2026-04-07T04:26:12.269+0530] {logging_mixin.py:190} INFO - [2026-04-07T04:26:12.269+0530] {dag.py:3239} INFO - Sync 1 DAGs
[2026-04-07T04:26:12.287+0530] {logging_mixin.py:190} INFO - [2026-04-07T04:26:12.287+0530] {dag.py:4180} INFO - Setting next_dagrun for example_trigger_controller_dag to 2021-01-01 00:00:00+00:00, run_after=2021-01-01 00:00:00+00:00
[2026-04-07T04:26:12.305+0530] {processor.py:208} INFO - Processing /home/ubantu/miniconda3/envs/airflow-env/lib/python3.11/site-packages/airflow/example_dags/example_trigger_controller_dag.py took 0.078 seconds
[2026-04-07T04:27:07.664+0530] {processor.py:186} INFO - Started process (PID=7542) to work on /home/ubantu/miniconda3/envs/airflow-env/lib/python3.11/site-packages/airflow/example_dags/example_trigger_controller_dag.py
[2026-04-07T04:27:07.665+0530] {processor.py:914} INFO - Processing file /home/ubantu/miniconda3/envs/airflow-env/lib/python3.11/site-packages/airflow/example_dags/example_trigger_controller_dag.py for tasks to queue
[2026-04-07T04:27:07.668+0530] {logging_mixin.py:190} INFO - [2026-04-07T04:27:07.668+0530] {dagbag.py:588} INFO - Filling up the DagBag from /home/ubantu/miniconda3/envs/airflow-env/lib/python3.11/site-packages/airflow/example_dags/example_trigger_controller_dag.py
[2026-04-07T04:27:07.675+0530] {processor.py:925} INFO - DAG(s) 'example_trigger_controller_dag' retrieved from /home/ubantu/miniconda3/envs/airflow-env/lib/python3.11/site-packages/airflow/example_dags/example_trigger_controller_dag.py
[2026-04-07T04:27:07.691+0530] {logging_mixin.py:190} INFO - [2026-04-07T04:27:07.691+0530] {dag.py:3239} INFO - Sync 1 DAGs
[2026-04-07T04:27:07.711+0530] {logging_mixin.py:190} INFO - [2026-04-07T04:27:07.711+0530] {dag.py:4180} INFO - Setting next_dagrun for example_trigger_controller_dag to 2021-01-01 00:00:00+00:00, run_after=2021-01-01 00:00:00+00:00
[2026-04-07T04:27:07.729+0530] {processor.py:208} INFO - Processing /home/ubantu/miniconda3/envs/airflow-env/lib/python3.11/site-packages/airflow/example_dags/example_trigger_controller_dag.py took 0.071 seconds
[2026-04-07T04:27:59.067+0530] {processor.py:186} INFO - Started process (PID=7604) to work on /home/ubantu/miniconda3/envs/airflow-env/lib/python3.11/site-packages/airflow/example_dags/example_trigger_controller_dag.py
[2026-04-07T04:27:59.068+0530] {processor.py:914} INFO - Processing file /home/ubantu/miniconda3/envs/airflow-env/lib/python3.11/site-packages/airflow/example_dags/example_trigger_controller_dag.py for tasks to queue
[2026-04-07T04:27:59.071+0530] {logging_mixin.py:190} INFO - [2026-04-07T04:27:59.070+0530] {dagbag.py:588} INFO - Filling up the DagBag from /home/ubantu/miniconda3/envs/airflow-env/lib/python3.11/site-packages/airflow/example_dags/example_trigger_controller_dag.py
[2026-04-07T04:27:59.077+0530] {processor.py:925} INFO - DAG(s) 'example_trigger_controller_dag' retrieved from /home/ubantu/miniconda3/envs/airflow-env/lib/python3.11/site-packages/airflow/example_dags/example_trigger_controller_dag.py
[2026-04-07T04:27:59.091+0530] {logging_mixin.py:190} INFO - [2026-04-07T04:27:59.091+0530] {dag.py:3239} INFO - Sync 1 DAGs
[2026-04-07T04:27:59.110+0530] {logging_mixin.py:190} INFO - [2026-04-07T04:27:59.110+0530] {dag.py:4180} INFO - Setting next_dagrun for example_trigger_controller_dag to 2021-01-01 00:00:00+00:00, run_after=2021-01-01 00:00:00+00:00
[2026-04-07T04:27:59.127+0530] {processor.py:208} INFO - Processing /home/ubantu/miniconda3/envs/airflow-env/lib/python3.11/site-packages/airflow/example_dags/example_trigger_controller_dag.py took 0.066 seconds
[2026-04-07T04:28:52.202+0530] {processor.py:186} INFO - Started process (PID=7669) to work on /home/ubantu/miniconda3/envs/airflow-env/lib/python3.11/site-packages/airflow/example_dags/example_trigger_controller_dag.py
[2026-04-07T04:28:52.204+0530] {processor.py:914} INFO - Processing file /home/ubantu/miniconda3/envs/airflow-env/lib/python3.11/site-packages/airflow/example_dags/example_trigger_controller_dag.py for tasks to queue
[2026-04-07T04:28:52.207+0530] {logging_mixin.py:190} INFO - [2026-04-07T04:28:52.207+0530] {dagbag.py:588} INFO - Filling up the DagBag from /home/ubantu/miniconda3/envs/airflow-env/lib/python3.11/site-packages/airflow/example_dags/example_trigger_controller_dag.py
[2026-04-07T04:28:52.214+0530] {processor.py:925} INFO - DAG(s) 'example_trigger_controller_dag' retrieved from /home/ubantu/miniconda3/envs/airflow-env/lib/python3.11/site-packages/airflow/example_dags/example_trigger_controller_dag.py
[2026-04-07T04:28:52.229+0530] {logging_mixin.py:190} INFO - [2026-04-07T04:28:52.229+0530] {dag.py:3239} INFO - Sync 1 DAGs
[2026-04-07T04:28:52.248+0530] {logging_mixin.py:190} INFO - [2026-04-07T04:28:52.248+0530] {dag.py:4180} INFO - Setting next_dagrun for example_trigger_controller_dag to 2021-01-01 00:00:00+00:00, run_after=2021-01-01 00:00:00+00:00
[2026-04-07T04:28:52.289+0530] {processor.py:208} INFO - Processing /home/ubantu/miniconda3/envs/airflow-env/lib/python3.11/site-packages/airflow/example_dags/example_trigger_controller_dag.py took 0.094 seconds
[2026-04-07T04:29:46.696+0530] {processor.py:186} INFO - Started process (PID=7737) to work on /home/ubantu/miniconda3/envs/airflow-env/lib/python3.11/site-packages/airflow/example_dags/example_trigger_controller_dag.py
[2026-04-07T04:29:46.698+0530] {processor.py:914} INFO - Processing file /home/ubantu/miniconda3/envs/airflow-env/lib/python3.11/site-packages/airflow/example_dags/example_trigger_controller_dag.py for tasks to queue
[2026-04-07T04:29:46.701+0530] {logging_mixin.py:190} INFO - [2026-04-07T04:29:46.701+0530] {dagbag.py:588} INFO - Filling up the DagBag from /home/ubantu/miniconda3/envs/airflow-env/lib/python3.11/site-packages/airflow/example_dags/example_trigger_controller_dag.py
[2026-04-07T04:29:46.709+0530] {processor.py:925} INFO - DAG(s) 'example_trigger_controller_dag' retrieved from /home/ubantu/miniconda3/envs/airflow-env/lib/python3.11/site-packages/airflow/example_dags/example_trigger_controller_dag.py
[2026-04-07T04:29:46.724+0530] {logging_mixin.py:190} INFO - [2026-04-07T04:29:46.724+0530] {dag.py:3239} INFO - Sync 1 DAGs
[2026-04-07T04:29:46.745+0530] {logging_mixin.py:190} INFO - [2026-04-07T04:29:46.744+0530] {dag.py:4180} INFO - Setting next_dagrun for example_trigger_controller_dag to 2021-01-01 00:00:00+00:00, run_after=2021-01-01 00:00:00+00:00
[2026-04-07T04:29:46.785+0530] {processor.py:208} INFO - Processing /home/ubantu/miniconda3/envs/airflow-env/lib/python3.11/site-packages/airflow/example_dags/example_trigger_controller_dag.py took 0.095 seconds
[2026-04-07T04:30:46.076+0530] {processor.py:186} INFO - Started process (PID=7809) to work on /home/ubantu/miniconda3/envs/airflow-env/lib/python3.11/site-packages/airflow/example_dags/example_trigger_controller_dag.py
[2026-04-07T04:30:46.078+0530] {processor.py:914} INFO - Processing file /home/ubantu/miniconda3/envs/airflow-env/lib/python3.11/site-packages/airflow/example_dags/example_trigger_controller_dag.py for tasks to queue
[2026-04-07T04:30:46.082+0530] {logging_mixin.py:190} INFO - [2026-04-07T04:30:46.081+0530] {dagbag.py:588} INFO - Filling up the DagBag from /home/ubantu/miniconda3/envs/airflow-env/lib/python3.11/site-packages/airflow/example_dags/example_trigger_controller_dag.py
[2026-04-07T04:30:46.090+0530] {processor.py:925} INFO - DAG(s) 'example_trigger_controller_dag' retrieved from /home/ubantu/miniconda3/envs/airflow-env/lib/python3.11/site-packages/airflow/example_dags/example_trigger_controller_dag.py
[2026-04-07T04:30:46.105+0530] {logging_mixin.py:190} INFO - [2026-04-07T04:30:46.105+0530] {dag.py:3239} INFO - Sync 1 DAGs
[2026-04-07T04:30:46.125+0530] {logging_mixin.py:190} INFO - [2026-04-07T04:30:46.125+0530] {dag.py:4180} INFO - Setting next_dagrun for example_trigger_controller_dag to 2021-01-01 00:00:00+00:00, run_after=2021-01-01 00:00:00+00:00
[2026-04-07T04:30:46.166+0530] {processor.py:208} INFO - Processing /home/ubantu/miniconda3/envs/airflow-env/lib/python3.11/site-packages/airflow/example_dags/example_trigger_controller_dag.py took 0.098 seconds
[2026-04-07T04:31:44.661+0530] {processor.py:186} INFO - Started process (PID=7873) to work on /home/ubantu/miniconda3/envs/airflow-env/lib/python3.11/site-packages/airflow/example_dags/example_trigger_controller_dag.py
[2026-04-07T04:31:44.663+0530] {processor.py:914} INFO - Processing file /home/ubantu/miniconda3/envs/airflow-env/lib/python3.11/site-packages/airflow/example_dags/example_trigger_controller_dag.py for tasks to queue
[2026-04-07T04:31:44.667+0530] {logging_mixin.py:190} INFO - [2026-04-07T04:31:44.666+0530] {dagbag.py:588} INFO - Filling up the DagBag from /home/ubantu/miniconda3/envs/airflow-env/lib/python3.11/site-packages/airflow/example_dags/example_trigger_controller_dag.py
[2026-04-07T04:31:44.674+0530] {processor.py:925} INFO - DAG(s) 'example_trigger_controller_dag' retrieved from /home/ubantu/miniconda3/envs/airflow-env/lib/python3.11/site-packages/airflow/example_dags/example_trigger_controller_dag.py
[2026-04-07T04:31:44.689+0530] {logging_mixin.py:190} INFO - [2026-04-07T04:31:44.689+0530] {dag.py:3239} INFO - Sync 1 DAGs
[2026-04-07T04:31:44.708+0530] {logging_mixin.py:190} INFO - [2026-04-07T04:31:44.708+0530] {dag.py:4180} INFO - Setting next_dagrun for example_trigger_controller_dag to 2021-01-01 00:00:00+00:00, run_after=2021-01-01 00:00:00+00:00
[2026-04-07T04:31:44.751+0530] {processor.py:208} INFO - Processing /home/ubantu/miniconda3/envs/airflow-env/lib/python3.11/site-packages/airflow/example_dags/example_trigger_controller_dag.py took 0.096 seconds
[2026-04-07T04:32:41.636+0530] {processor.py:186} INFO - Started process (PID=7942) to work on /home/ubantu/miniconda3/envs/airflow-env/lib/python3.11/site-packages/airflow/example_dags/example_trigger_controller_dag.py
[2026-04-07T04:32:41.638+0530] {processor.py:914} INFO - Processing file /home/ubantu/miniconda3/envs/airflow-env/lib/python3.11/site-packages/airflow/example_dags/example_trigger_controller_dag.py for tasks to queue
[2026-04-07T04:32:41.644+0530] {logging_mixin.py:190} INFO - [2026-04-07T04:32:41.643+0530] {dagbag.py:588} INFO - Filling up the DagBag from /home/ubantu/miniconda3/envs/airflow-env/lib/python3.11/site-packages/airflow/example_dags/example_trigger_controller_dag.py
[2026-04-07T04:32:41.656+0530] {processor.py:925} INFO - DAG(s) 'example_trigger_controller_dag' retrieved from /home/ubantu/miniconda3/envs/airflow-env/lib/python3.11/site-packages/airflow/example_dags/example_trigger_controller_dag.py
[2026-04-07T04:32:41.672+0530] {logging_mixin.py:190} INFO - [2026-04-07T04:32:41.672+0530] {dag.py:3239} INFO - Sync 1 DAGs
[2026-04-07T04:32:41.690+0530] {logging_mixin.py:190} INFO - [2026-04-07T04:32:41.689+0530] {dag.py:4180} INFO - Setting next_dagrun for example_trigger_controller_dag to 2021-01-01 00:00:00+00:00, run_after=2021-01-01 00:00:00+00:00
[2026-04-07T04:32:41.707+0530] {processor.py:208} INFO - Processing /home/ubantu/miniconda3/envs/airflow-env/lib/python3.11/site-packages/airflow/example_dags/example_trigger_controller_dag.py took 0.083 seconds
[2026-04-07T04:33:36.497+0530] {processor.py:186} INFO - Started process (PID=8122) to work on /home/ubantu/miniconda3/envs/airflow-env/lib/python3.11/site-packages/airflow/example_dags/example_trigger_controller_dag.py
[2026-04-07T04:33:36.499+0530] {processor.py:914} INFO - Processing file /home/ubantu/miniconda3/envs/airflow-env/lib/python3.11/site-packages/airflow/example_dags/example_trigger_controller_dag.py for tasks to queue
[2026-04-07T04:33:36.503+0530] {logging_mixin.py:190} INFO - [2026-04-07T04:33:36.502+0530] {dagbag.py:588} INFO - Filling up the DagBag from /home/ubantu/miniconda3/envs/airflow-env/lib/python3.11/site-packages/airflow/example_dags/example_trigger_controller_dag.py
[2026-04-07T04:33:36.512+0530] {processor.py:925} INFO - DAG(s) 'example_trigger_controller_dag' retrieved from /home/ubantu/miniconda3/envs/airflow-env/lib/python3.11/site-packages/airflow/example_dags/example_trigger_controller_dag.py
[2026-04-07T04:33:36.531+0530] {logging_mixin.py:190} INFO - [2026-04-07T04:33:36.530+0530] {dag.py:3239} INFO - Sync 1 DAGs
[2026-04-07T04:33:36.557+0530] {logging_mixin.py:190} INFO - [2026-04-07T04:33:36.556+0530] {dag.py:4180} INFO - Setting next_dagrun for example_trigger_controller_dag to 2021-01-01 00:00:00+00:00, run_after=2021-01-01 00:00:00+00:00
[2026-04-07T04:33:36.584+0530] {processor.py:208} INFO - Processing /home/ubantu/miniconda3/envs/airflow-env/lib/python3.11/site-packages/airflow/example_dags/example_trigger_controller_dag.py took 0.095 seconds
[2026-04-07T04:34:30.459+0530] {processor.py:186} INFO - Started process (PID=8198) to work on /home/ubantu/miniconda3/envs/airflow-env/lib/python3.11/site-packages/airflow/example_dags/example_trigger_controller_dag.py
[2026-04-07T04:34:30.460+0530] {processor.py:914} INFO - Processing file /home/ubantu/miniconda3/envs/airflow-env/lib/python3.11/site-packages/airflow/example_dags/example_trigger_controller_dag.py for tasks to queue
[2026-04-07T04:34:30.464+0530] {logging_mixin.py:190} INFO - [2026-04-07T04:34:30.463+0530] {dagbag.py:588} INFO - Filling up the DagBag from /home/ubantu/miniconda3/envs/airflow-env/lib/python3.11/site-packages/airflow/example_dags/example_trigger_controller_dag.py
[2026-04-07T04:34:30.473+0530] {processor.py:925} INFO - DAG(s) 'example_trigger_controller_dag' retrieved from /home/ubantu/miniconda3/envs/airflow-env/lib/python3.11/site-packages/airflow/example_dags/example_trigger_controller_dag.py
[2026-04-07T04:34:30.493+0530] {logging_mixin.py:190} INFO - [2026-04-07T04:34:30.492+0530] {dag.py:3239} INFO - Sync 1 DAGs
[2026-04-07T04:34:30.514+0530] {logging_mixin.py:190} INFO - [2026-04-07T04:34:30.514+0530] {dag.py:4180} INFO - Setting next_dagrun for example_trigger_controller_dag to 2021-01-01 00:00:00+00:00, run_after=2021-01-01 00:00:00+00:00
[2026-04-07T04:34:30.533+0530] {processor.py:208} INFO - Processing /home/ubantu/miniconda3/envs/airflow-env/lib/python3.11/site-packages/airflow/example_dags/example_trigger_controller_dag.py took 0.081 seconds
[2026-04-07T04:35:23.882+0530] {processor.py:186} INFO - Started process (PID=8271) to work on /home/ubantu/miniconda3/envs/airflow-env/lib/python3.11/site-packages/airflow/example_dags/example_trigger_controller_dag.py
[2026-04-07T04:35:23.883+0530] {processor.py:914} INFO - Processing file /home/ubantu/miniconda3/envs/airflow-env/lib/python3.11/site-packages/airflow/example_dags/example_trigger_controller_dag.py for tasks to queue
[2026-04-07T04:35:23.886+0530] {logging_mixin.py:190} INFO - [2026-04-07T04:35:23.886+0530] {dagbag.py:588} INFO - Filling up the DagBag from /home/ubantu/miniconda3/envs/airflow-env/lib/python3.11/site-packages/airflow/example_dags/example_trigger_controller_dag.py
[2026-04-07T04:35:23.894+0530] {processor.py:925} INFO - DAG(s) 'example_trigger_controller_dag' retrieved from /home/ubantu/miniconda3/envs/airflow-env/lib/python3.11/site-packages/airflow/example_dags/example_trigger_controller_dag.py
[2026-04-07T04:35:23.910+0530] {logging_mixin.py:190} INFO - [2026-04-07T04:35:23.910+0530] {dag.py:3239} INFO - Sync 1 DAGs
[2026-04-07T04:35:23.928+0530] {logging_mixin.py:190} INFO - [2026-04-07T04:35:23.928+0530] {dag.py:4180} INFO - Setting next_dagrun for example_trigger_controller_dag to 2021-01-01 00:00:00+00:00, run_after=2021-01-01 00:00:00+00:00
[2026-04-07T04:35:23.945+0530] {processor.py:208} INFO - Processing /home/ubantu/miniconda3/envs/airflow-env/lib/python3.11/site-packages/airflow/example_dags/example_trigger_controller_dag.py took 0.070 seconds
[2026-04-07T04:36:18.863+0530] {processor.py:186} INFO - Started process (PID=8335) to work on /home/ubantu/miniconda3/envs/airflow-env/lib/python3.11/site-packages/airflow/example_dags/example_trigger_controller_dag.py
[2026-04-07T04:36:18.864+0530] {processor.py:914} INFO - Processing file /home/ubantu/miniconda3/envs/airflow-env/lib/python3.11/site-packages/airflow/example_dags/example_trigger_controller_dag.py for tasks to queue
[2026-04-07T04:36:18.867+0530] {logging_mixin.py:190} INFO - [2026-04-07T04:36:18.867+0530] {dagbag.py:588} INFO - Filling up the DagBag from /home/ubantu/miniconda3/envs/airflow-env/lib/python3.11/site-packages/airflow/example_dags/example_trigger_controller_dag.py
[2026-04-07T04:36:18.874+0530] {processor.py:925} INFO - DAG(s) 'example_trigger_controller_dag' retrieved from /home/ubantu/miniconda3/envs/airflow-env/lib/python3.11/site-packages/airflow/example_dags/example_trigger_controller_dag.py
[2026-04-07T04:36:18.889+0530] {logging_mixin.py:190} INFO - [2026-04-07T04:36:18.889+0530] {dag.py:3239} INFO - Sync 1 DAGs
[2026-04-07T04:36:18.909+0530] {logging_mixin.py:190} INFO - [2026-04-07T04:36:18.909+0530] {dag.py:4180} INFO - Setting next_dagrun for example_trigger_controller_dag to 2021-01-01 00:00:00+00:00, run_after=2021-01-01 00:00:00+00:00
[2026-04-07T04:36:18.930+0530] {processor.py:208} INFO - Processing /home/ubantu/miniconda3/envs/airflow-env/lib/python3.11/site-packages/airflow/example_dags/example_trigger_controller_dag.py took 0.073 seconds
[2026-04-07T04:37:12.437+0530] {processor.py:186} INFO - Started process (PID=8419) to work on /home/ubantu/miniconda3/envs/airflow-env/lib/python3.11/site-packages/airflow/example_dags/example_trigger_controller_dag.py
[2026-04-07T04:37:12.438+0530] {processor.py:914} INFO - Processing file /home/ubantu/miniconda3/envs/airflow-env/lib/python3.11/site-packages/airflow/example_dags/example_trigger_controller_dag.py for tasks to queue
[2026-04-07T04:37:12.442+0530] {logging_mixin.py:190} INFO - [2026-04-07T04:37:12.441+0530] {dagbag.py:588} INFO - Filling up the DagBag from /home/ubantu/miniconda3/envs/airflow-env/lib/python3.11/site-packages/airflow/example_dags/example_trigger_controller_dag.py
[2026-04-07T04:37:12.449+0530] {processor.py:925} INFO - DAG(s) 'example_trigger_controller_dag' retrieved from /home/ubantu/miniconda3/envs/airflow-env/lib/python3.11/site-packages/airflow/example_dags/example_trigger_controller_dag.py
[2026-04-07T04:37:12.466+0530] {logging_mixin.py:190} INFO - [2026-04-07T04:37:12.466+0530] {dag.py:3239} INFO - Sync 1 DAGs
[2026-04-07T04:37:12.493+0530] {logging_mixin.py:190} INFO - [2026-04-07T04:37:12.493+0530] {dag.py:4180} INFO - Setting next_dagrun for example_trigger_controller_dag to 2021-01-01 00:00:00+00:00, run_after=2021-01-01 00:00:00+00:00
[2026-04-07T04:37:12.519+0530] {processor.py:208} INFO - Processing /home/ubantu/miniconda3/envs/airflow-env/lib/python3.11/site-packages/airflow/example_dags/example_trigger_controller_dag.py took 0.090 seconds
[2026-04-07T04:38:13.938+0530] {processor.py:186} INFO - Started process (PID=8530) to work on /home/ubantu/miniconda3/envs/airflow-env/lib/python3.11/site-packages/airflow/example_dags/example_trigger_controller_dag.py
[2026-04-07T04:38:13.939+0530] {processor.py:914} INFO - Processing file /home/ubantu/miniconda3/envs/airflow-env/lib/python3.11/site-packages/airflow/example_dags/example_trigger_controller_dag.py for tasks to queue
[2026-04-07T04:38:13.941+0530] {logging_mixin.py:190} INFO - [2026-04-07T04:38:13.940+0530] {dagbag.py:588} INFO - Filling up the DagBag from /home/ubantu/miniconda3/envs/airflow-env/lib/python3.11/site-packages/airflow/example_dags/example_trigger_controller_dag.py
[2026-04-07T04:38:13.951+0530] {processor.py:925} INFO - DAG(s) 'example_trigger_controller_dag' retrieved from /home/ubantu/miniconda3/envs/airflow-env/lib/python3.11/site-packages/airflow/example_dags/example_trigger_controller_dag.py
[2026-04-07T04:38:13.970+0530] {logging_mixin.py:190} INFO - [2026-04-07T04:38:13.970+0530] {dag.py:3239} INFO - Sync 1 DAGs
[2026-04-07T04:38:13.988+0530] {logging_mixin.py:190} INFO - [2026-04-07T04:38:13.988+0530] {dag.py:4180} INFO - Setting next_dagrun for example_trigger_controller_dag to 2021-01-01 00:00:00+00:00, run_after=2021-01-01 00:00:00+00:00
[2026-04-07T04:38:14.006+0530] {processor.py:208} INFO - Processing /home/ubantu/miniconda3/envs/airflow-env/lib/python3.11/site-packages/airflow/example_dags/example_trigger_controller_dag.py took 0.077 seconds
[2026-04-07T04:39:14.709+0530] {processor.py:186} INFO - Started process (PID=8615) to work on /home/ubantu/miniconda3/envs/airflow-env/lib/python3.11/site-packages/airflow/example_dags/example_trigger_controller_dag.py
[2026-04-07T04:39:14.710+0530] {processor.py:914} INFO - Processing file /home/ubantu/miniconda3/envs/airflow-env/lib/python3.11/site-packages/airflow/example_dags/example_trigger_controller_dag.py for tasks to queue
[2026-04-07T04:39:14.712+0530] {logging_mixin.py:190} INFO - [2026-04-07T04:39:14.712+0530] {dagbag.py:588} INFO - Filling up the DagBag from /home/ubantu/miniconda3/envs/airflow-env/lib/python3.11/site-packages/airflow/example_dags/example_trigger_controller_dag.py
[2026-04-07T04:39:14.722+0530] {processor.py:925} INFO - DAG(s) 'example_trigger_controller_dag' retrieved from /home/ubantu/miniconda3/envs/airflow-env/lib/python3.11/site-packages/airflow/example_dags/example_trigger_controller_dag.py
[2026-04-07T04:39:14.740+0530] {logging_mixin.py:190} INFO - [2026-04-07T04:39:14.740+0530] {dag.py:3239} INFO - Sync 1 DAGs
[2026-04-07T04:39:14.760+0530] {logging_mixin.py:190} INFO - [2026-04-07T04:39:14.760+0530] {dag.py:4180} INFO - Setting next_dagrun for example_trigger_controller_dag to 2021-01-01 00:00:00+00:00, run_after=2021-01-01 00:00:00+00:00
[2026-04-07T04:39:14.778+0530] {processor.py:208} INFO - Processing /home/ubantu/miniconda3/envs/airflow-env/lib/python3.11/site-packages/airflow/example_dags/example_trigger_controller_dag.py took 0.077 seconds
[2026-04-07T04:40:12.645+0530] {processor.py:186} INFO - Started process (PID=8697) to work on /home/ubantu/miniconda3/envs/airflow-env/lib/python3.11/site-packages/airflow/example_dags/example_trigger_controller_dag.py
[2026-04-07T04:40:12.647+0530] {processor.py:914} INFO - Processing file /home/ubantu/miniconda3/envs/airflow-env/lib/python3.11/site-packages/airflow/example_dags/example_trigger_controller_dag.py for tasks to queue
[2026-04-07T04:40:12.648+0530] {logging_mixin.py:190} INFO - [2026-04-07T04:40:12.648+0530] {dagbag.py:588} INFO - Filling up the DagBag from /home/ubantu/miniconda3/envs/airflow-env/lib/python3.11/site-packages/airflow/example_dags/example_trigger_controller_dag.py
[2026-04-07T04:40:12.657+0530] {processor.py:925} INFO - DAG(s) 'example_trigger_controller_dag' retrieved from /home/ubantu/miniconda3/envs/airflow-env/lib/python3.11/site-packages/airflow/example_dags/example_trigger_controller_dag.py
[2026-04-07T04:40:12.677+0530] {logging_mixin.py:190} INFO - [2026-04-07T04:40:12.676+0530] {dag.py:3239} INFO - Sync 1 DAGs
[2026-04-07T04:40:12.701+0530] {logging_mixin.py:190} INFO - [2026-04-07T04:40:12.701+0530] {dag.py:4180} INFO - Setting next_dagrun for example_trigger_controller_dag to 2021-01-01 00:00:00+00:00, run_after=2021-01-01 00:00:00+00:00
[2026-04-07T04:40:12.720+0530] {processor.py:208} INFO - Processing /home/ubantu/miniconda3/envs/airflow-env/lib/python3.11/site-packages/airflow/example_dags/example_trigger_controller_dag.py took 0.082 seconds
[2026-04-07T04:41:10.907+0530] {processor.py:186} INFO - Started process (PID=8828) to work on /home/ubantu/miniconda3/envs/airflow-env/lib/python3.11/site-packages/airflow/example_dags/example_trigger_controller_dag.py
[2026-04-07T04:41:10.908+0530] {processor.py:914} INFO - Processing file /home/ubantu/miniconda3/envs/airflow-env/lib/python3.11/site-packages/airflow/example_dags/example_trigger_controller_dag.py for tasks to queue
[2026-04-07T04:41:10.909+0530] {logging_mixin.py:190} INFO - [2026-04-07T04:41:10.908+0530] {dagbag.py:588} INFO - Filling up the DagBag from /home/ubantu/miniconda3/envs/airflow-env/lib/python3.11/site-packages/airflow/example_dags/example_trigger_controller_dag.py
[2026-04-07T04:41:10.916+0530] {processor.py:925} INFO - DAG(s) 'example_trigger_controller_dag' retrieved from /home/ubantu/miniconda3/envs/airflow-env/lib/python3.11/site-packages/airflow/example_dags/example_trigger_controller_dag.py
[2026-04-07T04:41:10.929+0530] {logging_mixin.py:190} INFO - [2026-04-07T04:41:10.929+0530] {dag.py:3239} INFO - Sync 1 DAGs
[2026-04-07T04:41:10.948+0530] {logging_mixin.py:190} INFO - [2026-04-07T04:41:10.947+0530] {dag.py:4180} INFO - Setting next_dagrun for example_trigger_controller_dag to 2021-01-01 00:00:00+00:00, run_after=2021-01-01 00:00:00+00:00
[2026-04-07T04:41:10.967+0530] {processor.py:208} INFO - Processing /home/ubantu/miniconda3/envs/airflow-env/lib/python3.11/site-packages/airflow/example_dags/example_trigger_controller_dag.py took 0.066 seconds
[2026-04-07T04:41:14.641+0530] {processor.py:186} INFO - Started process (PID=8842) to work on /home/ubantu/miniconda3/envs/airflow-env/lib/python3.11/site-packages/airflow/example_dags/example_trigger_controller_dag.py
[2026-04-07T04:41:14.641+0530] {processor.py:914} INFO - Processing file /home/ubantu/miniconda3/envs/airflow-env/lib/python3.11/site-packages/airflow/example_dags/example_trigger_controller_dag.py for tasks to queue
[2026-04-07T04:41:14.643+0530] {logging_mixin.py:190} INFO - [2026-04-07T04:41:14.643+0530] {dagbag.py:588} INFO - Filling up the DagBag from /home/ubantu/miniconda3/envs/airflow-env/lib/python3.11/site-packages/airflow/example_dags/example_trigger_controller_dag.py
[2026-04-07T04:41:14.651+0530] {processor.py:925} INFO - DAG(s) 'example_trigger_controller_dag' retrieved from /home/ubantu/miniconda3/envs/airflow-env/lib/python3.11/site-packages/airflow/example_dags/example_trigger_controller_dag.py
[2026-04-07T04:41:14.670+0530] {logging_mixin.py:190} INFO - [2026-04-07T04:41:14.670+0530] {dag.py:3239} INFO - Sync 1 DAGs
[2026-04-07T04:41:14.689+0530] {logging_mixin.py:190} INFO - [2026-04-07T04:41:14.689+0530] {dag.py:4180} INFO - Setting next_dagrun for example_trigger_controller_dag to 2021-01-01 00:00:00+00:00, run_after=2021-01-01 00:00:00+00:00
[2026-04-07T04:41:14.706+0530] {processor.py:208} INFO - Processing /home/ubantu/miniconda3/envs/airflow-env/lib/python3.11/site-packages/airflow/example_dags/example_trigger_controller_dag.py took 0.073 seconds
[2026-04-07T04:42:07.694+0530] {processor.py:186} INFO - Started process (PID=8976) to work on /home/ubantu/miniconda3/envs/airflow-env/lib/python3.11/site-packages/airflow/example_dags/example_trigger_controller_dag.py
[2026-04-07T04:42:07.695+0530] {processor.py:914} INFO - Processing file /home/ubantu/miniconda3/envs/airflow-env/lib/python3.11/site-packages/airflow/example_dags/example_trigger_controller_dag.py for tasks to queue
[2026-04-07T04:42:07.696+0530] {logging_mixin.py:190} INFO - [2026-04-07T04:42:07.696+0530] {dagbag.py:588} INFO - Filling up the DagBag from /home/ubantu/miniconda3/envs/airflow-env/lib/python3.11/site-packages/airflow/example_dags/example_trigger_controller_dag.py
[2026-04-07T04:42:07.704+0530] {processor.py:925} INFO - DAG(s) 'example_trigger_controller_dag' retrieved from /home/ubantu/miniconda3/envs/airflow-env/lib/python3.11/site-packages/airflow/example_dags/example_trigger_controller_dag.py
[2026-04-07T04:42:07.719+0530] {logging_mixin.py:190} INFO - [2026-04-07T04:42:07.719+0530] {dag.py:3239} INFO - Sync 1 DAGs
[2026-04-07T04:42:07.738+0530] {logging_mixin.py:190} INFO - [2026-04-07T04:42:07.737+0530] {dag.py:4180} INFO - Setting next_dagrun for example_trigger_controller_dag to 2021-01-01 00:00:00+00:00, run_after=2021-01-01 00:00:00+00:00
[2026-04-07T04:42:07.757+0530] {processor.py:208} INFO - Processing /home/ubantu/miniconda3/envs/airflow-env/lib/python3.11/site-packages/airflow/example_dags/example_trigger_controller_dag.py took 0.069 seconds
[2026-04-07T04:42:07.952+0530] {processor.py:186} INFO - Started process (PID=8978) to work on /home/ubantu/miniconda3/envs/airflow-env/lib/python3.11/site-packages/airflow/example_dags/example_trigger_controller_dag.py
[2026-04-07T04:42:07.953+0530] {processor.py:914} INFO - Processing file /home/ubantu/miniconda3/envs/airflow-env/lib/python3.11/site-packages/airflow/example_dags/example_trigger_controller_dag.py for tasks to queue
[2026-04-07T04:42:07.955+0530] {logging_mixin.py:190} INFO - [2026-04-07T04:42:07.954+0530] {dagbag.py:588} INFO - Filling up the DagBag from /home/ubantu/miniconda3/envs/airflow-env/lib/python3.11/site-packages/airflow/example_dags/example_trigger_controller_dag.py
[2026-04-07T04:42:07.961+0530] {processor.py:925} INFO - DAG(s) 'example_trigger_controller_dag' retrieved from /home/ubantu/miniconda3/envs/airflow-env/lib/python3.11/site-packages/airflow/example_dags/example_trigger_controller_dag.py
[2026-04-07T04:42:07.977+0530] {logging_mixin.py:190} INFO - [2026-04-07T04:42:07.976+0530] {dag.py:3239} INFO - Sync 1 DAGs
[2026-04-07T04:42:07.992+0530] {logging_mixin.py:190} INFO - [2026-04-07T04:42:07.992+0530] {dag.py:4180} INFO - Setting next_dagrun for example_trigger_controller_dag to 2021-01-01 00:00:00+00:00, run_after=2021-01-01 00:00:00+00:00
[2026-04-07T04:42:08.009+0530] {processor.py:208} INFO - Processing /home/ubantu/miniconda3/envs/airflow-env/lib/python3.11/site-packages/airflow/example_dags/example_trigger_controller_dag.py took 0.063 seconds
[2026-04-07T04:42:59.566+0530] {processor.py:186} INFO - Started process (PID=9117) to work on /home/ubantu/miniconda3/envs/airflow-env/lib/python3.11/site-packages/airflow/example_dags/example_trigger_controller_dag.py
[2026-04-07T04:42:59.567+0530] {processor.py:914} INFO - Processing file /home/ubantu/miniconda3/envs/airflow-env/lib/python3.11/site-packages/airflow/example_dags/example_trigger_controller_dag.py for tasks to queue
[2026-04-07T04:42:59.569+0530] {logging_mixin.py:190} INFO - [2026-04-07T04:42:59.568+0530] {dagbag.py:588} INFO - Filling up the DagBag from /home/ubantu/miniconda3/envs/airflow-env/lib/python3.11/site-packages/airflow/example_dags/example_trigger_controller_dag.py
[2026-04-07T04:42:59.576+0530] {processor.py:925} INFO - DAG(s) 'example_trigger_controller_dag' retrieved from /home/ubantu/miniconda3/envs/airflow-env/lib/python3.11/site-packages/airflow/example_dags/example_trigger_controller_dag.py
[2026-04-07T04:42:59.590+0530] {logging_mixin.py:190} INFO - [2026-04-07T04:42:59.590+0530] {dag.py:3239} INFO - Sync 1 DAGs
[2026-04-07T04:42:59.607+0530] {logging_mixin.py:190} INFO - [2026-04-07T04:42:59.607+0530] {dag.py:4180} INFO - Setting next_dagrun for example_trigger_controller_dag to 2021-01-01 00:00:00+00:00, run_after=2021-01-01 00:00:00+00:00
[2026-04-07T04:42:59.625+0530] {processor.py:208} INFO - Processing /home/ubantu/miniconda3/envs/airflow-env/lib/python3.11/site-packages/airflow/example_dags/example_trigger_controller_dag.py took 0.065 seconds
[2026-04-07T04:43:06.302+0530] {processor.py:186} INFO - Started process (PID=9135) to work on /home/ubantu/miniconda3/envs/airflow-env/lib/python3.11/site-packages/airflow/example_dags/example_trigger_controller_dag.py
[2026-04-07T04:43:06.303+0530] {processor.py:914} INFO - Processing file /home/ubantu/miniconda3/envs/airflow-env/lib/python3.11/site-packages/airflow/example_dags/example_trigger_controller_dag.py for tasks to queue
[2026-04-07T04:43:06.306+0530] {logging_mixin.py:190} INFO - [2026-04-07T04:43:06.305+0530] {dagbag.py:588} INFO - Filling up the DagBag from /home/ubantu/miniconda3/envs/airflow-env/lib/python3.11/site-packages/airflow/example_dags/example_trigger_controller_dag.py
[2026-04-07T04:43:06.313+0530] {processor.py:925} INFO - DAG(s) 'example_trigger_controller_dag' retrieved from /home/ubantu/miniconda3/envs/airflow-env/lib/python3.11/site-packages/airflow/example_dags/example_trigger_controller_dag.py
[2026-04-07T04:43:06.327+0530] {logging_mixin.py:190} INFO - [2026-04-07T04:43:06.327+0530] {dag.py:3239} INFO - Sync 1 DAGs
[2026-04-07T04:43:06.347+0530] {logging_mixin.py:190} INFO - [2026-04-07T04:43:06.346+0530] {dag.py:4180} INFO - Setting next_dagrun for example_trigger_controller_dag to 2021-01-01 00:00:00+00:00, run_after=2021-01-01 00:00:00+00:00
[2026-04-07T04:43:06.364+0530] {processor.py:208} INFO - Processing /home/ubantu/miniconda3/envs/airflow-env/lib/python3.11/site-packages/airflow/example_dags/example_trigger_controller_dag.py took 0.068 seconds
[2026-04-07T04:43:51.488+0530] {processor.py:186} INFO - Started process (PID=9243) to work on /home/ubantu/miniconda3/envs/airflow-env/lib/python3.11/site-packages/airflow/example_dags/example_trigger_controller_dag.py
[2026-04-07T04:43:51.490+0530] {processor.py:914} INFO - Processing file /home/ubantu/miniconda3/envs/airflow-env/lib/python3.11/site-packages/airflow/example_dags/example_trigger_controller_dag.py for tasks to queue
[2026-04-07T04:43:51.491+0530] {logging_mixin.py:190} INFO - [2026-04-07T04:43:51.491+0530] {dagbag.py:588} INFO - Filling up the DagBag from /home/ubantu/miniconda3/envs/airflow-env/lib/python3.11/site-packages/airflow/example_dags/example_trigger_controller_dag.py
[2026-04-07T04:43:51.500+0530] {processor.py:925} INFO - DAG(s) 'example_trigger_controller_dag' retrieved from /home/ubantu/miniconda3/envs/airflow-env/lib/python3.11/site-packages/airflow/example_dags/example_trigger_controller_dag.py
[2026-04-07T04:43:51.518+0530] {logging_mixin.py:190} INFO - [2026-04-07T04:43:51.518+0530] {dag.py:3239} INFO - Sync 1 DAGs
[2026-04-07T04:43:51.539+0530] {logging_mixin.py:190} INFO - [2026-04-07T04:43:51.538+0530] {dag.py:4180} INFO - Setting next_dagrun for example_trigger_controller_dag to 2021-01-01 00:00:00+00:00, run_after=2021-01-01 00:00:00+00:00
[2026-04-07T04:43:51.559+0530] {processor.py:208} INFO - Processing /home/ubantu/miniconda3/envs/airflow-env/lib/python3.11/site-packages/airflow/example_dags/example_trigger_controller_dag.py took 0.078 seconds
[2026-04-07T04:44:01.513+0530] {processor.py:186} INFO - Started process (PID=9269) to work on /home/ubantu/miniconda3/envs/airflow-env/lib/python3.11/site-packages/airflow/example_dags/example_trigger_controller_dag.py
[2026-04-07T04:44:01.513+0530] {processor.py:914} INFO - Processing file /home/ubantu/miniconda3/envs/airflow-env/lib/python3.11/site-packages/airflow/example_dags/example_trigger_controller_dag.py for tasks to queue
[2026-04-07T04:44:01.516+0530] {logging_mixin.py:190} INFO - [2026-04-07T04:44:01.515+0530] {dagbag.py:588} INFO - Filling up the DagBag from /home/ubantu/miniconda3/envs/airflow-env/lib/python3.11/site-packages/airflow/example_dags/example_trigger_controller_dag.py
[2026-04-07T04:44:01.522+0530] {processor.py:925} INFO - DAG(s) 'example_trigger_controller_dag' retrieved from /home/ubantu/miniconda3/envs/airflow-env/lib/python3.11/site-packages/airflow/example_dags/example_trigger_controller_dag.py
[2026-04-07T04:44:01.535+0530] {logging_mixin.py:190} INFO - [2026-04-07T04:44:01.534+0530] {dag.py:3239} INFO - Sync 1 DAGs
[2026-04-07T04:44:01.551+0530] {logging_mixin.py:190} INFO - [2026-04-07T04:44:01.551+0530] {dag.py:4180} INFO - Setting next_dagrun for example_trigger_controller_dag to 2021-01-01 00:00:00+00:00, run_after=2021-01-01 00:00:00+00:00
[2026-04-07T04:44:01.670+0530] {processor.py:208} INFO - Processing /home/ubantu/miniconda3/envs/airflow-env/lib/python3.11/site-packages/airflow/example_dags/example_trigger_controller_dag.py took 0.163 seconds
[2026-04-07T04:44:49.851+0530] {processor.py:186} INFO - Started process (PID=9375) to work on /home/ubantu/miniconda3/envs/airflow-env/lib/python3.11/site-packages/airflow/example_dags/example_trigger_controller_dag.py
[2026-04-07T04:44:49.852+0530] {processor.py:914} INFO - Processing file /home/ubantu/miniconda3/envs/airflow-env/lib/python3.11/site-packages/airflow/example_dags/example_trigger_controller_dag.py for tasks to queue
[2026-04-07T04:44:49.854+0530] {logging_mixin.py:190} INFO - [2026-04-07T04:44:49.853+0530] {dagbag.py:588} INFO - Filling up the DagBag from /home/ubantu/miniconda3/envs/airflow-env/lib/python3.11/site-packages/airflow/example_dags/example_trigger_controller_dag.py
[2026-04-07T04:44:49.861+0530] {processor.py:925} INFO - DAG(s) 'example_trigger_controller_dag' retrieved from /home/ubantu/miniconda3/envs/airflow-env/lib/python3.11/site-packages/airflow/example_dags/example_trigger_controller_dag.py
[2026-04-07T04:44:49.875+0530] {logging_mixin.py:190} INFO - [2026-04-07T04:44:49.875+0530] {dag.py:3239} INFO - Sync 1 DAGs
[2026-04-07T04:44:49.894+0530] {logging_mixin.py:190} INFO - [2026-04-07T04:44:49.894+0530] {dag.py:4180} INFO - Setting next_dagrun for example_trigger_controller_dag to 2021-01-01 00:00:00+00:00, run_after=2021-01-01 00:00:00+00:00
[2026-04-07T04:44:49.911+0530] {processor.py:208} INFO - Processing /home/ubantu/miniconda3/envs/airflow-env/lib/python3.11/site-packages/airflow/example_dags/example_trigger_controller_dag.py took 0.066 seconds
[2026-04-07T04:45:04.483+0530] {processor.py:186} INFO - Started process (PID=9412) to work on /home/ubantu/miniconda3/envs/airflow-env/lib/python3.11/site-packages/airflow/example_dags/example_trigger_controller_dag.py
[2026-04-07T04:45:04.484+0530] {processor.py:914} INFO - Processing file /home/ubantu/miniconda3/envs/airflow-env/lib/python3.11/site-packages/airflow/example_dags/example_trigger_controller_dag.py for tasks to queue
[2026-04-07T04:45:04.487+0530] {logging_mixin.py:190} INFO - [2026-04-07T04:45:04.486+0530] {dagbag.py:588} INFO - Filling up the DagBag from /home/ubantu/miniconda3/envs/airflow-env/lib/python3.11/site-packages/airflow/example_dags/example_trigger_controller_dag.py
[2026-04-07T04:45:04.494+0530] {processor.py:925} INFO - DAG(s) 'example_trigger_controller_dag' retrieved from /home/ubantu/miniconda3/envs/airflow-env/lib/python3.11/site-packages/airflow/example_dags/example_trigger_controller_dag.py
[2026-04-07T04:45:04.508+0530] {logging_mixin.py:190} INFO - [2026-04-07T04:45:04.508+0530] {dag.py:3239} INFO - Sync 1 DAGs
[2026-04-07T04:45:04.527+0530] {logging_mixin.py:190} INFO - [2026-04-07T04:45:04.527+0530] {dag.py:4180} INFO - Setting next_dagrun for example_trigger_controller_dag to 2021-01-01 00:00:00+00:00, run_after=2021-01-01 00:00:00+00:00
[2026-04-07T04:45:04.547+0530] {processor.py:208} INFO - Processing /home/ubantu/miniconda3/envs/airflow-env/lib/python3.11/site-packages/airflow/example_dags/example_trigger_controller_dag.py took 0.070 seconds
[2026-04-07T04:45:43.060+0530] {processor.py:186} INFO - Started process (PID=9497) to work on /home/ubantu/miniconda3/envs/airflow-env/lib/python3.11/site-packages/airflow/example_dags/example_trigger_controller_dag.py
[2026-04-07T04:45:43.061+0530] {processor.py:914} INFO - Processing file /home/ubantu/miniconda3/envs/airflow-env/lib/python3.11/site-packages/airflow/example_dags/example_trigger_controller_dag.py for tasks to queue
[2026-04-07T04:45:43.062+0530] {logging_mixin.py:190} INFO - [2026-04-07T04:45:43.062+0530] {dagbag.py:588} INFO - Filling up the DagBag from /home/ubantu/miniconda3/envs/airflow-env/lib/python3.11/site-packages/airflow/example_dags/example_trigger_controller_dag.py
[2026-04-07T04:45:43.069+0530] {processor.py:925} INFO - DAG(s) 'example_trigger_controller_dag' retrieved from /home/ubantu/miniconda3/envs/airflow-env/lib/python3.11/site-packages/airflow/example_dags/example_trigger_controller_dag.py
[2026-04-07T04:45:43.083+0530] {logging_mixin.py:190} INFO - [2026-04-07T04:45:43.083+0530] {dag.py:3239} INFO - Sync 1 DAGs
[2026-04-07T04:45:43.102+0530] {logging_mixin.py:190} INFO - [2026-04-07T04:45:43.102+0530] {dag.py:4180} INFO - Setting next_dagrun for example_trigger_controller_dag to 2021-01-01 00:00:00+00:00, run_after=2021-01-01 00:00:00+00:00
[2026-04-07T04:45:43.120+0530] {processor.py:208} INFO - Processing /home/ubantu/miniconda3/envs/airflow-env/lib/python3.11/site-packages/airflow/example_dags/example_trigger_controller_dag.py took 0.066 seconds
[2026-04-07T04:45:59.151+0530] {processor.py:186} INFO - Started process (PID=9532) to work on /home/ubantu/miniconda3/envs/airflow-env/lib/python3.11/site-packages/airflow/example_dags/example_trigger_controller_dag.py
[2026-04-07T04:45:59.152+0530] {processor.py:914} INFO - Processing file /home/ubantu/miniconda3/envs/airflow-env/lib/python3.11/site-packages/airflow/example_dags/example_trigger_controller_dag.py for tasks to queue
[2026-04-07T04:45:59.154+0530] {logging_mixin.py:190} INFO - [2026-04-07T04:45:59.154+0530] {dagbag.py:588} INFO - Filling up the DagBag from /home/ubantu/miniconda3/envs/airflow-env/lib/python3.11/site-packages/airflow/example_dags/example_trigger_controller_dag.py
[2026-04-07T04:45:59.161+0530] {processor.py:925} INFO - DAG(s) 'example_trigger_controller_dag' retrieved from /home/ubantu/miniconda3/envs/airflow-env/lib/python3.11/site-packages/airflow/example_dags/example_trigger_controller_dag.py
[2026-04-07T04:45:59.174+0530] {logging_mixin.py:190} INFO - [2026-04-07T04:45:59.174+0530] {dag.py:3239} INFO - Sync 1 DAGs
[2026-04-07T04:45:59.192+0530] {logging_mixin.py:190} INFO - [2026-04-07T04:45:59.192+0530] {dag.py:4180} INFO - Setting next_dagrun for example_trigger_controller_dag to 2021-01-01 00:00:00+00:00, run_after=2021-01-01 00:00:00+00:00
[2026-04-07T04:45:59.210+0530] {processor.py:208} INFO - Processing /home/ubantu/miniconda3/envs/airflow-env/lib/python3.11/site-packages/airflow/example_dags/example_trigger_controller_dag.py took 0.065 seconds
[2026-04-07T04:46:34.712+0530] {processor.py:186} INFO - Started process (PID=9612) to work on /home/ubantu/miniconda3/envs/airflow-env/lib/python3.11/site-packages/airflow/example_dags/example_trigger_controller_dag.py
[2026-04-07T04:46:34.713+0530] {processor.py:914} INFO - Processing file /home/ubantu/miniconda3/envs/airflow-env/lib/python3.11/site-packages/airflow/example_dags/example_trigger_controller_dag.py for tasks to queue
[2026-04-07T04:46:34.714+0530] {logging_mixin.py:190} INFO - [2026-04-07T04:46:34.713+0530] {dagbag.py:588} INFO - Filling up the DagBag from /home/ubantu/miniconda3/envs/airflow-env/lib/python3.11/site-packages/airflow/example_dags/example_trigger_controller_dag.py
[2026-04-07T04:46:34.721+0530] {processor.py:925} INFO - DAG(s) 'example_trigger_controller_dag' retrieved from /home/ubantu/miniconda3/envs/airflow-env/lib/python3.11/site-packages/airflow/example_dags/example_trigger_controller_dag.py
[2026-04-07T04:46:34.735+0530] {logging_mixin.py:190} INFO - [2026-04-07T04:46:34.735+0530] {dag.py:3239} INFO - Sync 1 DAGs
[2026-04-07T04:46:34.752+0530] {logging_mixin.py:190} INFO - [2026-04-07T04:46:34.752+0530] {dag.py:4180} INFO - Setting next_dagrun for example_trigger_controller_dag to 2021-01-01 00:00:00+00:00, run_after=2021-01-01 00:00:00+00:00
[2026-04-07T04:46:34.770+0530] {processor.py:208} INFO - Processing /home/ubantu/miniconda3/envs/airflow-env/lib/python3.11/site-packages/airflow/example_dags/example_trigger_controller_dag.py took 0.064 seconds
[2026-04-07T04:46:53.400+0530] {processor.py:186} INFO - Started process (PID=9652) to work on /home/ubantu/miniconda3/envs/airflow-env/lib/python3.11/site-packages/airflow/example_dags/example_trigger_controller_dag.py
[2026-04-07T04:46:53.401+0530] {processor.py:914} INFO - Processing file /home/ubantu/miniconda3/envs/airflow-env/lib/python3.11/site-packages/airflow/example_dags/example_trigger_controller_dag.py for tasks to queue
[2026-04-07T04:46:53.403+0530] {logging_mixin.py:190} INFO - [2026-04-07T04:46:53.403+0530] {dagbag.py:588} INFO - Filling up the DagBag from /home/ubantu/miniconda3/envs/airflow-env/lib/python3.11/site-packages/airflow/example_dags/example_trigger_controller_dag.py
[2026-04-07T04:46:53.411+0530] {processor.py:925} INFO - DAG(s) 'example_trigger_controller_dag' retrieved from /home/ubantu/miniconda3/envs/airflow-env/lib/python3.11/site-packages/airflow/example_dags/example_trigger_controller_dag.py
[2026-04-07T04:46:53.425+0530] {logging_mixin.py:190} INFO - [2026-04-07T04:46:53.425+0530] {dag.py:3239} INFO - Sync 1 DAGs
[2026-04-07T04:46:53.444+0530] {logging_mixin.py:190} INFO - [2026-04-07T04:46:53.444+0530] {dag.py:4180} INFO - Setting next_dagrun for example_trigger_controller_dag to 2021-01-01 00:00:00+00:00, run_after=2021-01-01 00:00:00+00:00
[2026-04-07T04:46:53.461+0530] {processor.py:208} INFO - Processing /home/ubantu/miniconda3/envs/airflow-env/lib/python3.11/site-packages/airflow/example_dags/example_trigger_controller_dag.py took 0.067 seconds
[2026-04-07T04:47:27.720+0530] {processor.py:186} INFO - Started process (PID=9735) to work on /home/ubantu/miniconda3/envs/airflow-env/lib/python3.11/site-packages/airflow/example_dags/example_trigger_controller_dag.py
[2026-04-07T04:47:27.721+0530] {processor.py:914} INFO - Processing file /home/ubantu/miniconda3/envs/airflow-env/lib/python3.11/site-packages/airflow/example_dags/example_trigger_controller_dag.py for tasks to queue
[2026-04-07T04:47:27.723+0530] {logging_mixin.py:190} INFO - [2026-04-07T04:47:27.722+0530] {dagbag.py:588} INFO - Filling up the DagBag from /home/ubantu/miniconda3/envs/airflow-env/lib/python3.11/site-packages/airflow/example_dags/example_trigger_controller_dag.py
[2026-04-07T04:47:27.732+0530] {processor.py:925} INFO - DAG(s) 'example_trigger_controller_dag' retrieved from /home/ubantu/miniconda3/envs/airflow-env/lib/python3.11/site-packages/airflow/example_dags/example_trigger_controller_dag.py
[2026-04-07T04:47:27.751+0530] {logging_mixin.py:190} INFO - [2026-04-07T04:47:27.750+0530] {dag.py:3239} INFO - Sync 1 DAGs
[2026-04-07T04:47:27.778+0530] {logging_mixin.py:190} INFO - [2026-04-07T04:47:27.777+0530] {dag.py:4180} INFO - Setting next_dagrun for example_trigger_controller_dag to 2021-01-01 00:00:00+00:00, run_after=2021-01-01 00:00:00+00:00
[2026-04-07T04:47:27.801+0530] {processor.py:208} INFO - Processing /home/ubantu/miniconda3/envs/airflow-env/lib/python3.11/site-packages/airflow/example_dags/example_trigger_controller_dag.py took 0.089 seconds
[2026-04-07T04:47:52.009+0530] {processor.py:186} INFO - Started process (PID=9795) to work on /home/ubantu/miniconda3/envs/airflow-env/lib/python3.11/site-packages/airflow/example_dags/example_trigger_controller_dag.py
[2026-04-07T04:47:52.010+0530] {processor.py:914} INFO - Processing file /home/ubantu/miniconda3/envs/airflow-env/lib/python3.11/site-packages/airflow/example_dags/example_trigger_controller_dag.py for tasks to queue
[2026-04-07T04:47:52.013+0530] {logging_mixin.py:190} INFO - [2026-04-07T04:47:52.012+0530] {dagbag.py:588} INFO - Filling up the DagBag from /home/ubantu/miniconda3/envs/airflow-env/lib/python3.11/site-packages/airflow/example_dags/example_trigger_controller_dag.py
[2026-04-07T04:47:52.020+0530] {processor.py:925} INFO - DAG(s) 'example_trigger_controller_dag' retrieved from /home/ubantu/miniconda3/envs/airflow-env/lib/python3.11/site-packages/airflow/example_dags/example_trigger_controller_dag.py
[2026-04-07T04:47:52.036+0530] {logging_mixin.py:190} INFO - [2026-04-07T04:47:52.036+0530] {dag.py:3239} INFO - Sync 1 DAGs
[2026-04-07T04:47:52.060+0530] {logging_mixin.py:190} INFO - [2026-04-07T04:47:52.060+0530] {dag.py:4180} INFO - Setting next_dagrun for example_trigger_controller_dag to 2021-01-01 00:00:00+00:00, run_after=2021-01-01 00:00:00+00:00
[2026-04-07T04:47:52.082+0530] {processor.py:208} INFO - Processing /home/ubantu/miniconda3/envs/airflow-env/lib/python3.11/site-packages/airflow/example_dags/example_trigger_controller_dag.py took 0.079 seconds
[2026-04-07T05:09:56.198+0530] {processor.py:186} INFO - Started process (PID=10965) to work on /home/ubantu/miniconda3/envs/airflow-env/lib/python3.11/site-packages/airflow/example_dags/example_trigger_controller_dag.py
[2026-04-07T05:09:56.200+0530] {processor.py:914} INFO - Processing file /home/ubantu/miniconda3/envs/airflow-env/lib/python3.11/site-packages/airflow/example_dags/example_trigger_controller_dag.py for tasks to queue
[2026-04-07T05:09:56.202+0530] {logging_mixin.py:190} INFO - [2026-04-07T05:09:56.202+0530] {dagbag.py:588} INFO - Filling up the DagBag from /home/ubantu/miniconda3/envs/airflow-env/lib/python3.11/site-packages/airflow/example_dags/example_trigger_controller_dag.py
[2026-04-07T05:09:56.211+0530] {processor.py:925} INFO - DAG(s) 'example_trigger_controller_dag' retrieved from /home/ubantu/miniconda3/envs/airflow-env/lib/python3.11/site-packages/airflow/example_dags/example_trigger_controller_dag.py
[2026-04-07T05:09:56.298+0530] {logging_mixin.py:190} INFO - [2026-04-07T05:09:56.298+0530] {dag.py:3239} INFO - Sync 1 DAGs
[2026-04-07T05:09:56.313+0530] {logging_mixin.py:190} INFO - [2026-04-07T05:09:56.312+0530] {dag.py:4180} INFO - Setting next_dagrun for example_trigger_controller_dag to 2021-01-01 00:00:00+00:00, run_after=2021-01-01 00:00:00+00:00
[2026-04-07T05:09:56.330+0530] {processor.py:208} INFO - Processing /home/ubantu/miniconda3/envs/airflow-env/lib/python3.11/site-packages/airflow/example_dags/example_trigger_controller_dag.py took 0.141 seconds
[2026-04-07T05:11:25.791+0530] {processor.py:186} INFO - Started process (PID=11118) to work on /home/ubantu/miniconda3/envs/airflow-env/lib/python3.11/site-packages/airflow/example_dags/example_trigger_controller_dag.py
[2026-04-07T05:11:25.792+0530] {processor.py:914} INFO - Processing file /home/ubantu/miniconda3/envs/airflow-env/lib/python3.11/site-packages/airflow/example_dags/example_trigger_controller_dag.py for tasks to queue
[2026-04-07T05:11:25.794+0530] {logging_mixin.py:190} INFO - [2026-04-07T05:11:25.794+0530] {dagbag.py:588} INFO - Filling up the DagBag from /home/ubantu/miniconda3/envs/airflow-env/lib/python3.11/site-packages/airflow/example_dags/example_trigger_controller_dag.py
[2026-04-07T05:11:25.801+0530] {processor.py:925} INFO - DAG(s) 'example_trigger_controller_dag' retrieved from /home/ubantu/miniconda3/envs/airflow-env/lib/python3.11/site-packages/airflow/example_dags/example_trigger_controller_dag.py
[2026-04-07T05:11:25.820+0530] {logging_mixin.py:190} INFO - [2026-04-07T05:11:25.820+0530] {dag.py:3239} INFO - Sync 1 DAGs
[2026-04-07T05:11:25.839+0530] {logging_mixin.py:190} INFO - [2026-04-07T05:11:25.839+0530] {dag.py:4180} INFO - Setting next_dagrun for example_trigger_controller_dag to 2021-01-01 00:00:00+00:00, run_after=2021-01-01 00:00:00+00:00
[2026-04-07T05:11:25.857+0530] {processor.py:208} INFO - Processing /home/ubantu/miniconda3/envs/airflow-env/lib/python3.11/site-packages/airflow/example_dags/example_trigger_controller_dag.py took 0.073 seconds
[2026-04-07T05:12:23.966+0530] {processor.py:186} INFO - Started process (PID=11199) to work on /home/ubantu/miniconda3/envs/airflow-env/lib/python3.11/site-packages/airflow/example_dags/example_trigger_controller_dag.py
[2026-04-07T05:12:23.967+0530] {processor.py:914} INFO - Processing file /home/ubantu/miniconda3/envs/airflow-env/lib/python3.11/site-packages/airflow/example_dags/example_trigger_controller_dag.py for tasks to queue
[2026-04-07T05:12:23.969+0530] {logging_mixin.py:190} INFO - [2026-04-07T05:12:23.969+0530] {dagbag.py:588} INFO - Filling up the DagBag from /home/ubantu/miniconda3/envs/airflow-env/lib/python3.11/site-packages/airflow/example_dags/example_trigger_controller_dag.py
[2026-04-07T05:12:23.976+0530] {processor.py:925} INFO - DAG(s) 'example_trigger_controller_dag' retrieved from /home/ubantu/miniconda3/envs/airflow-env/lib/python3.11/site-packages/airflow/example_dags/example_trigger_controller_dag.py
[2026-04-07T05:12:23.989+0530] {logging_mixin.py:190} INFO - [2026-04-07T05:12:23.989+0530] {dag.py:3239} INFO - Sync 1 DAGs
[2026-04-07T05:12:24.006+0530] {logging_mixin.py:190} INFO - [2026-04-07T05:12:24.006+0530] {dag.py:4180} INFO - Setting next_dagrun for example_trigger_controller_dag to 2021-01-01 00:00:00+00:00, run_after=2021-01-01 00:00:00+00:00
[2026-04-07T05:12:24.023+0530] {processor.py:208} INFO - Processing /home/ubantu/miniconda3/envs/airflow-env/lib/python3.11/site-packages/airflow/example_dags/example_trigger_controller_dag.py took 0.063 seconds
[2026-04-07T05:13:24.739+0530] {processor.py:186} INFO - Started process (PID=11290) to work on /home/ubantu/miniconda3/envs/airflow-env/lib/python3.11/site-packages/airflow/example_dags/example_trigger_controller_dag.py
[2026-04-07T05:13:24.741+0530] {processor.py:914} INFO - Processing file /home/ubantu/miniconda3/envs/airflow-env/lib/python3.11/site-packages/airflow/example_dags/example_trigger_controller_dag.py for tasks to queue
[2026-04-07T05:13:24.743+0530] {logging_mixin.py:190} INFO - [2026-04-07T05:13:24.743+0530] {dagbag.py:588} INFO - Filling up the DagBag from /home/ubantu/miniconda3/envs/airflow-env/lib/python3.11/site-packages/airflow/example_dags/example_trigger_controller_dag.py
[2026-04-07T05:13:24.750+0530] {processor.py:925} INFO - DAG(s) 'example_trigger_controller_dag' retrieved from /home/ubantu/miniconda3/envs/airflow-env/lib/python3.11/site-packages/airflow/example_dags/example_trigger_controller_dag.py
[2026-04-07T05:13:24.764+0530] {logging_mixin.py:190} INFO - [2026-04-07T05:13:24.764+0530] {dag.py:3239} INFO - Sync 1 DAGs
[2026-04-07T05:13:24.783+0530] {logging_mixin.py:190} INFO - [2026-04-07T05:13:24.783+0530] {dag.py:4180} INFO - Setting next_dagrun for example_trigger_controller_dag to 2021-01-01 00:00:00+00:00, run_after=2021-01-01 00:00:00+00:00
[2026-04-07T05:13:24.899+0530] {processor.py:208} INFO - Processing /home/ubantu/miniconda3/envs/airflow-env/lib/python3.11/site-packages/airflow/example_dags/example_trigger_controller_dag.py took 0.166 seconds
[2026-04-07T05:17:34.865+0530] {processor.py:186} INFO - Started process (PID=11562) to work on /home/ubantu/miniconda3/envs/airflow-env/lib/python3.11/site-packages/airflow/example_dags/example_trigger_controller_dag.py
[2026-04-07T05:17:34.866+0530] {processor.py:914} INFO - Processing file /home/ubantu/miniconda3/envs/airflow-env/lib/python3.11/site-packages/airflow/example_dags/example_trigger_controller_dag.py for tasks to queue
[2026-04-07T05:17:34.868+0530] {logging_mixin.py:190} INFO - [2026-04-07T05:17:34.867+0530] {dagbag.py:588} INFO - Filling up the DagBag from /home/ubantu/miniconda3/envs/airflow-env/lib/python3.11/site-packages/airflow/example_dags/example_trigger_controller_dag.py
[2026-04-07T05:17:34.877+0530] {processor.py:925} INFO - DAG(s) 'example_trigger_controller_dag' retrieved from /home/ubantu/miniconda3/envs/airflow-env/lib/python3.11/site-packages/airflow/example_dags/example_trigger_controller_dag.py
[2026-04-07T05:17:34.893+0530] {logging_mixin.py:190} INFO - [2026-04-07T05:17:34.893+0530] {dag.py:3239} INFO - Sync 1 DAGs
[2026-04-07T05:17:34.911+0530] {logging_mixin.py:190} INFO - [2026-04-07T05:17:34.911+0530] {dag.py:4180} INFO - Setting next_dagrun for example_trigger_controller_dag to 2021-01-01 00:00:00+00:00, run_after=2021-01-01 00:00:00+00:00
[2026-04-07T05:17:34.929+0530] {processor.py:208} INFO - Processing /home/ubantu/miniconda3/envs/airflow-env/lib/python3.11/site-packages/airflow/example_dags/example_trigger_controller_dag.py took 0.071 seconds
