[2026-04-07T04:07:50.523+0530] {processor.py:186} INFO - Started process (PID=5806) to work on /home/ubantu/miniconda3/envs/airflow-env/lib/python3.11/site-packages/airflow/example_dags/example_params_trigger_ui.py
[2026-04-07T04:07:50.524+0530] {processor.py:914} INFO - Processing file /home/ubantu/miniconda3/envs/airflow-env/lib/python3.11/site-packages/airflow/example_dags/example_params_trigger_ui.py for tasks to queue
[2026-04-07T04:07:50.527+0530] {logging_mixin.py:190} INFO - [2026-04-07T04:07:50.526+0530] {dagbag.py:588} INFO - Filling up the DagBag from /home/ubantu/miniconda3/envs/airflow-env/lib/python3.11/site-packages/airflow/example_dags/example_params_trigger_ui.py
[2026-04-07T04:07:50.543+0530] {processor.py:925} INFO - DAG(s) 'example_params_trigger_ui' retrieved from /home/ubantu/miniconda3/envs/airflow-env/lib/python3.11/site-packages/airflow/example_dags/example_params_trigger_ui.py
[2026-04-07T04:07:50.667+0530] {logging_mixin.py:190} INFO - [2026-04-07T04:07:50.666+0530] {override.py:1911} INFO - Created Permission View: can delete on DAG:example_params_trigger_ui
[2026-04-07T04:07:50.677+0530] {logging_mixin.py:190} INFO - [2026-04-07T04:07:50.676+0530] {override.py:1911} INFO - Created Permission View: can edit on DAG:example_params_trigger_ui
[2026-04-07T04:07:50.684+0530] {logging_mixin.py:190} INFO - [2026-04-07T04:07:50.684+0530] {override.py:1911} INFO - Created Permission View: can read on DAG:example_params_trigger_ui
[2026-04-07T04:07:50.695+0530] {logging_mixin.py:190} INFO - [2026-04-07T04:07:50.695+0530] {override.py:1911} INFO - Created Permission View: can create on DAG Run:example_params_trigger_ui
[2026-04-07T04:07:50.702+0530] {logging_mixin.py:190} INFO - [2026-04-07T04:07:50.702+0530] {override.py:1911} INFO - Created Permission View: can delete on DAG Run:example_params_trigger_ui
[2026-04-07T04:07:50.709+0530] {logging_mixin.py:190} INFO - [2026-04-07T04:07:50.708+0530] {override.py:1911} INFO - Created Permission View: menu access on DAG Run:example_params_trigger_ui
[2026-04-07T04:07:50.717+0530] {logging_mixin.py:190} INFO - [2026-04-07T04:07:50.717+0530] {override.py:1911} INFO - Created Permission View: can read on DAG Run:example_params_trigger_ui
[2026-04-07T04:07:50.717+0530] {logging_mixin.py:190} INFO - [2026-04-07T04:07:50.717+0530] {dag.py:3239} INFO - Sync 1 DAGs
[2026-04-07T04:07:50.728+0530] {logging_mixin.py:190} INFO - [2026-04-07T04:07:50.728+0530] {dag.py:3262} INFO - Creating ORM DAG for example_params_trigger_ui
[2026-04-07T04:07:50.729+0530] {logging_mixin.py:190} INFO - [2026-04-07T04:07:50.729+0530] {dag.py:4180} INFO - Setting next_dagrun for example_params_trigger_ui to None, run_after=None
[2026-04-07T04:07:50.751+0530] {processor.py:208} INFO - Processing /home/ubantu/miniconda3/envs/airflow-env/lib/python3.11/site-packages/airflow/example_dags/example_params_trigger_ui.py took 0.236 seconds
[2026-04-07T04:08:54.200+0530] {processor.py:186} INFO - Started process (PID=5986) to work on /home/ubantu/miniconda3/envs/airflow-env/lib/python3.11/site-packages/airflow/example_dags/example_params_trigger_ui.py
[2026-04-07T04:08:54.201+0530] {processor.py:914} INFO - Processing file /home/ubantu/miniconda3/envs/airflow-env/lib/python3.11/site-packages/airflow/example_dags/example_params_trigger_ui.py for tasks to queue
[2026-04-07T04:08:54.203+0530] {logging_mixin.py:190} INFO - [2026-04-07T04:08:54.203+0530] {dagbag.py:588} INFO - Filling up the DagBag from /home/ubantu/miniconda3/envs/airflow-env/lib/python3.11/site-packages/airflow/example_dags/example_params_trigger_ui.py
[2026-04-07T04:08:54.216+0530] {processor.py:925} INFO - DAG(s) 'example_params_trigger_ui' retrieved from /home/ubantu/miniconda3/envs/airflow-env/lib/python3.11/site-packages/airflow/example_dags/example_params_trigger_ui.py
[2026-04-07T04:08:54.254+0530] {logging_mixin.py:190} INFO - [2026-04-07T04:08:54.254+0530] {dag.py:3239} INFO - Sync 1 DAGs
[2026-04-07T04:08:54.265+0530] {logging_mixin.py:190} INFO - [2026-04-07T04:08:54.265+0530] {dag.py:4180} INFO - Setting next_dagrun for example_params_trigger_ui to None, run_after=None
[2026-04-07T04:08:54.283+0530] {processor.py:208} INFO - Processing /home/ubantu/miniconda3/envs/airflow-env/lib/python3.11/site-packages/airflow/example_dags/example_params_trigger_ui.py took 0.089 seconds
[2026-04-07T04:09:56.305+0530] {processor.py:186} INFO - Started process (PID=6159) to work on /home/ubantu/miniconda3/envs/airflow-env/lib/python3.11/site-packages/airflow/example_dags/example_params_trigger_ui.py
[2026-04-07T04:09:56.306+0530] {processor.py:914} INFO - Processing file /home/ubantu/miniconda3/envs/airflow-env/lib/python3.11/site-packages/airflow/example_dags/example_params_trigger_ui.py for tasks to queue
[2026-04-07T04:09:56.308+0530] {logging_mixin.py:190} INFO - [2026-04-07T04:09:56.308+0530] {dagbag.py:588} INFO - Filling up the DagBag from /home/ubantu/miniconda3/envs/airflow-env/lib/python3.11/site-packages/airflow/example_dags/example_params_trigger_ui.py
[2026-04-07T04:09:56.320+0530] {processor.py:925} INFO - DAG(s) 'example_params_trigger_ui' retrieved from /home/ubantu/miniconda3/envs/airflow-env/lib/python3.11/site-packages/airflow/example_dags/example_params_trigger_ui.py
[2026-04-07T04:09:56.453+0530] {logging_mixin.py:190} INFO - [2026-04-07T04:09:56.453+0530] {dag.py:3239} INFO - Sync 1 DAGs
[2026-04-07T04:09:56.464+0530] {logging_mixin.py:190} INFO - [2026-04-07T04:09:56.463+0530] {dag.py:4180} INFO - Setting next_dagrun for example_params_trigger_ui to None, run_after=None
[2026-04-07T04:09:56.480+0530] {processor.py:208} INFO - Processing /home/ubantu/miniconda3/envs/airflow-env/lib/python3.11/site-packages/airflow/example_dags/example_params_trigger_ui.py took 0.181 seconds
[2026-04-07T04:10:49.866+0530] {processor.py:186} INFO - Started process (PID=6229) to work on /home/ubantu/miniconda3/envs/airflow-env/lib/python3.11/site-packages/airflow/example_dags/example_params_trigger_ui.py
[2026-04-07T04:10:49.867+0530] {processor.py:914} INFO - Processing file /home/ubantu/miniconda3/envs/airflow-env/lib/python3.11/site-packages/airflow/example_dags/example_params_trigger_ui.py for tasks to queue
[2026-04-07T04:10:49.869+0530] {logging_mixin.py:190} INFO - [2026-04-07T04:10:49.868+0530] {dagbag.py:588} INFO - Filling up the DagBag from /home/ubantu/miniconda3/envs/airflow-env/lib/python3.11/site-packages/airflow/example_dags/example_params_trigger_ui.py
[2026-04-07T04:10:49.880+0530] {processor.py:925} INFO - DAG(s) 'example_params_trigger_ui' retrieved from /home/ubantu/miniconda3/envs/airflow-env/lib/python3.11/site-packages/airflow/example_dags/example_params_trigger_ui.py
[2026-04-07T04:10:49.920+0530] {logging_mixin.py:190} INFO - [2026-04-07T04:10:49.920+0530] {dag.py:3239} INFO - Sync 1 DAGs
[2026-04-07T04:10:49.934+0530] {logging_mixin.py:190} INFO - [2026-04-07T04:10:49.933+0530] {dag.py:4180} INFO - Setting next_dagrun for example_params_trigger_ui to None, run_after=None
[2026-04-07T04:10:49.951+0530] {processor.py:208} INFO - Processing /home/ubantu/miniconda3/envs/airflow-env/lib/python3.11/site-packages/airflow/example_dags/example_params_trigger_ui.py took 0.092 seconds
[2026-04-07T04:11:45.180+0530] {processor.py:186} INFO - Started process (PID=6297) to work on /home/ubantu/miniconda3/envs/airflow-env/lib/python3.11/site-packages/airflow/example_dags/example_params_trigger_ui.py
[2026-04-07T04:11:45.181+0530] {processor.py:914} INFO - Processing file /home/ubantu/miniconda3/envs/airflow-env/lib/python3.11/site-packages/airflow/example_dags/example_params_trigger_ui.py for tasks to queue
[2026-04-07T04:11:45.183+0530] {logging_mixin.py:190} INFO - [2026-04-07T04:11:45.183+0530] {dagbag.py:588} INFO - Filling up the DagBag from /home/ubantu/miniconda3/envs/airflow-env/lib/python3.11/site-packages/airflow/example_dags/example_params_trigger_ui.py
[2026-04-07T04:11:45.195+0530] {processor.py:925} INFO - DAG(s) 'example_params_trigger_ui' retrieved from /home/ubantu/miniconda3/envs/airflow-env/lib/python3.11/site-packages/airflow/example_dags/example_params_trigger_ui.py
[2026-04-07T04:11:45.233+0530] {logging_mixin.py:190} INFO - [2026-04-07T04:11:45.233+0530] {dag.py:3239} INFO - Sync 1 DAGs
[2026-04-07T04:11:45.243+0530] {logging_mixin.py:190} INFO - [2026-04-07T04:11:45.243+0530] {dag.py:4180} INFO - Setting next_dagrun for example_params_trigger_ui to None, run_after=None
[2026-04-07T04:11:45.261+0530] {processor.py:208} INFO - Processing /home/ubantu/miniconda3/envs/airflow-env/lib/python3.11/site-packages/airflow/example_dags/example_params_trigger_ui.py took 0.087 seconds
[2026-04-07T04:12:38.317+0530] {processor.py:186} INFO - Started process (PID=6358) to work on /home/ubantu/miniconda3/envs/airflow-env/lib/python3.11/site-packages/airflow/example_dags/example_params_trigger_ui.py
[2026-04-07T04:12:38.318+0530] {processor.py:914} INFO - Processing file /home/ubantu/miniconda3/envs/airflow-env/lib/python3.11/site-packages/airflow/example_dags/example_params_trigger_ui.py for tasks to queue
[2026-04-07T04:12:38.321+0530] {logging_mixin.py:190} INFO - [2026-04-07T04:12:38.320+0530] {dagbag.py:588} INFO - Filling up the DagBag from /home/ubantu/miniconda3/envs/airflow-env/lib/python3.11/site-packages/airflow/example_dags/example_params_trigger_ui.py
[2026-04-07T04:12:38.335+0530] {processor.py:925} INFO - DAG(s) 'example_params_trigger_ui' retrieved from /home/ubantu/miniconda3/envs/airflow-env/lib/python3.11/site-packages/airflow/example_dags/example_params_trigger_ui.py
[2026-04-07T04:12:38.371+0530] {logging_mixin.py:190} INFO - [2026-04-07T04:12:38.371+0530] {dag.py:3239} INFO - Sync 1 DAGs
[2026-04-07T04:12:38.381+0530] {logging_mixin.py:190} INFO - [2026-04-07T04:12:38.381+0530] {dag.py:4180} INFO - Setting next_dagrun for example_params_trigger_ui to None, run_after=None
[2026-04-07T04:12:38.399+0530] {processor.py:208} INFO - Processing /home/ubantu/miniconda3/envs/airflow-env/lib/python3.11/site-packages/airflow/example_dags/example_params_trigger_ui.py took 0.090 seconds
[2026-04-07T04:13:31.054+0530] {processor.py:186} INFO - Started process (PID=6426) to work on /home/ubantu/miniconda3/envs/airflow-env/lib/python3.11/site-packages/airflow/example_dags/example_params_trigger_ui.py
[2026-04-07T04:13:31.056+0530] {processor.py:914} INFO - Processing file /home/ubantu/miniconda3/envs/airflow-env/lib/python3.11/site-packages/airflow/example_dags/example_params_trigger_ui.py for tasks to queue
[2026-04-07T04:13:31.058+0530] {logging_mixin.py:190} INFO - [2026-04-07T04:13:31.058+0530] {dagbag.py:588} INFO - Filling up the DagBag from /home/ubantu/miniconda3/envs/airflow-env/lib/python3.11/site-packages/airflow/example_dags/example_params_trigger_ui.py
[2026-04-07T04:13:31.071+0530] {processor.py:925} INFO - DAG(s) 'example_params_trigger_ui' retrieved from /home/ubantu/miniconda3/envs/airflow-env/lib/python3.11/site-packages/airflow/example_dags/example_params_trigger_ui.py
[2026-04-07T04:13:31.106+0530] {logging_mixin.py:190} INFO - [2026-04-07T04:13:31.106+0530] {dag.py:3239} INFO - Sync 1 DAGs
[2026-04-07T04:13:31.117+0530] {logging_mixin.py:190} INFO - [2026-04-07T04:13:31.117+0530] {dag.py:4180} INFO - Setting next_dagrun for example_params_trigger_ui to None, run_after=None
[2026-04-07T04:13:31.134+0530] {processor.py:208} INFO - Processing /home/ubantu/miniconda3/envs/airflow-env/lib/python3.11/site-packages/airflow/example_dags/example_params_trigger_ui.py took 0.088 seconds
[2026-04-07T04:14:26.198+0530] {processor.py:186} INFO - Started process (PID=6486) to work on /home/ubantu/miniconda3/envs/airflow-env/lib/python3.11/site-packages/airflow/example_dags/example_params_trigger_ui.py
[2026-04-07T04:14:26.199+0530] {processor.py:914} INFO - Processing file /home/ubantu/miniconda3/envs/airflow-env/lib/python3.11/site-packages/airflow/example_dags/example_params_trigger_ui.py for tasks to queue
[2026-04-07T04:14:26.201+0530] {logging_mixin.py:190} INFO - [2026-04-07T04:14:26.201+0530] {dagbag.py:588} INFO - Filling up the DagBag from /home/ubantu/miniconda3/envs/airflow-env/lib/python3.11/site-packages/airflow/example_dags/example_params_trigger_ui.py
[2026-04-07T04:14:26.213+0530] {processor.py:925} INFO - DAG(s) 'example_params_trigger_ui' retrieved from /home/ubantu/miniconda3/envs/airflow-env/lib/python3.11/site-packages/airflow/example_dags/example_params_trigger_ui.py
[2026-04-07T04:14:26.248+0530] {logging_mixin.py:190} INFO - [2026-04-07T04:14:26.248+0530] {dag.py:3239} INFO - Sync 1 DAGs
[2026-04-07T04:14:26.258+0530] {logging_mixin.py:190} INFO - [2026-04-07T04:14:26.258+0530] {dag.py:4180} INFO - Setting next_dagrun for example_params_trigger_ui to None, run_after=None
[2026-04-07T04:14:26.276+0530] {processor.py:208} INFO - Processing /home/ubantu/miniconda3/envs/airflow-env/lib/python3.11/site-packages/airflow/example_dags/example_params_trigger_ui.py took 0.085 seconds
[2026-04-07T04:15:17.958+0530] {processor.py:186} INFO - Started process (PID=6549) to work on /home/ubantu/miniconda3/envs/airflow-env/lib/python3.11/site-packages/airflow/example_dags/example_params_trigger_ui.py
[2026-04-07T04:15:17.959+0530] {processor.py:914} INFO - Processing file /home/ubantu/miniconda3/envs/airflow-env/lib/python3.11/site-packages/airflow/example_dags/example_params_trigger_ui.py for tasks to queue
[2026-04-07T04:15:17.961+0530] {logging_mixin.py:190} INFO - [2026-04-07T04:15:17.961+0530] {dagbag.py:588} INFO - Filling up the DagBag from /home/ubantu/miniconda3/envs/airflow-env/lib/python3.11/site-packages/airflow/example_dags/example_params_trigger_ui.py
[2026-04-07T04:15:17.972+0530] {processor.py:925} INFO - DAG(s) 'example_params_trigger_ui' retrieved from /home/ubantu/miniconda3/envs/airflow-env/lib/python3.11/site-packages/airflow/example_dags/example_params_trigger_ui.py
[2026-04-07T04:15:18.007+0530] {logging_mixin.py:190} INFO - [2026-04-07T04:15:18.007+0530] {dag.py:3239} INFO - Sync 1 DAGs
[2026-04-07T04:15:18.018+0530] {logging_mixin.py:190} INFO - [2026-04-07T04:15:18.018+0530] {dag.py:4180} INFO - Setting next_dagrun for example_params_trigger_ui to None, run_after=None
[2026-04-07T04:15:18.038+0530] {processor.py:208} INFO - Processing /home/ubantu/miniconda3/envs/airflow-env/lib/python3.11/site-packages/airflow/example_dags/example_params_trigger_ui.py took 0.085 seconds
[2026-04-07T04:16:09.471+0530] {processor.py:186} INFO - Started process (PID=6607) to work on /home/ubantu/miniconda3/envs/airflow-env/lib/python3.11/site-packages/airflow/example_dags/example_params_trigger_ui.py
[2026-04-07T04:16:09.472+0530] {processor.py:914} INFO - Processing file /home/ubantu/miniconda3/envs/airflow-env/lib/python3.11/site-packages/airflow/example_dags/example_params_trigger_ui.py for tasks to queue
[2026-04-07T04:16:09.474+0530] {logging_mixin.py:190} INFO - [2026-04-07T04:16:09.474+0530] {dagbag.py:588} INFO - Filling up the DagBag from /home/ubantu/miniconda3/envs/airflow-env/lib/python3.11/site-packages/airflow/example_dags/example_params_trigger_ui.py
[2026-04-07T04:16:09.486+0530] {processor.py:925} INFO - DAG(s) 'example_params_trigger_ui' retrieved from /home/ubantu/miniconda3/envs/airflow-env/lib/python3.11/site-packages/airflow/example_dags/example_params_trigger_ui.py
[2026-04-07T04:16:09.521+0530] {logging_mixin.py:190} INFO - [2026-04-07T04:16:09.521+0530] {dag.py:3239} INFO - Sync 1 DAGs
[2026-04-07T04:16:09.531+0530] {logging_mixin.py:190} INFO - [2026-04-07T04:16:09.531+0530] {dag.py:4180} INFO - Setting next_dagrun for example_params_trigger_ui to None, run_after=None
[2026-04-07T04:16:09.549+0530] {processor.py:208} INFO - Processing /home/ubantu/miniconda3/envs/airflow-env/lib/python3.11/site-packages/airflow/example_dags/example_params_trigger_ui.py took 0.084 seconds
[2026-04-07T04:16:59.586+0530] {processor.py:186} INFO - Started process (PID=6665) to work on /home/ubantu/miniconda3/envs/airflow-env/lib/python3.11/site-packages/airflow/example_dags/example_params_trigger_ui.py
[2026-04-07T04:16:59.587+0530] {processor.py:914} INFO - Processing file /home/ubantu/miniconda3/envs/airflow-env/lib/python3.11/site-packages/airflow/example_dags/example_params_trigger_ui.py for tasks to queue
[2026-04-07T04:16:59.589+0530] {logging_mixin.py:190} INFO - [2026-04-07T04:16:59.588+0530] {dagbag.py:588} INFO - Filling up the DagBag from /home/ubantu/miniconda3/envs/airflow-env/lib/python3.11/site-packages/airflow/example_dags/example_params_trigger_ui.py
[2026-04-07T04:16:59.600+0530] {processor.py:925} INFO - DAG(s) 'example_params_trigger_ui' retrieved from /home/ubantu/miniconda3/envs/airflow-env/lib/python3.11/site-packages/airflow/example_dags/example_params_trigger_ui.py
[2026-04-07T04:16:59.636+0530] {logging_mixin.py:190} INFO - [2026-04-07T04:16:59.636+0530] {dag.py:3239} INFO - Sync 1 DAGs
[2026-04-07T04:16:59.646+0530] {logging_mixin.py:190} INFO - [2026-04-07T04:16:59.646+0530] {dag.py:4180} INFO - Setting next_dagrun for example_params_trigger_ui to None, run_after=None
[2026-04-07T04:16:59.664+0530] {processor.py:208} INFO - Processing /home/ubantu/miniconda3/envs/airflow-env/lib/python3.11/site-packages/airflow/example_dags/example_params_trigger_ui.py took 0.084 seconds
[2026-04-07T04:17:48.546+0530] {processor.py:186} INFO - Started process (PID=6726) to work on /home/ubantu/miniconda3/envs/airflow-env/lib/python3.11/site-packages/airflow/example_dags/example_params_trigger_ui.py
[2026-04-07T04:17:48.547+0530] {processor.py:914} INFO - Processing file /home/ubantu/miniconda3/envs/airflow-env/lib/python3.11/site-packages/airflow/example_dags/example_params_trigger_ui.py for tasks to queue
[2026-04-07T04:17:48.549+0530] {logging_mixin.py:190} INFO - [2026-04-07T04:17:48.549+0530] {dagbag.py:588} INFO - Filling up the DagBag from /home/ubantu/miniconda3/envs/airflow-env/lib/python3.11/site-packages/airflow/example_dags/example_params_trigger_ui.py
[2026-04-07T04:17:48.562+0530] {processor.py:925} INFO - DAG(s) 'example_params_trigger_ui' retrieved from /home/ubantu/miniconda3/envs/airflow-env/lib/python3.11/site-packages/airflow/example_dags/example_params_trigger_ui.py
[2026-04-07T04:17:48.597+0530] {logging_mixin.py:190} INFO - [2026-04-07T04:17:48.596+0530] {dag.py:3239} INFO - Sync 1 DAGs
[2026-04-07T04:17:48.607+0530] {logging_mixin.py:190} INFO - [2026-04-07T04:17:48.607+0530] {dag.py:4180} INFO - Setting next_dagrun for example_params_trigger_ui to None, run_after=None
[2026-04-07T04:17:48.625+0530] {processor.py:208} INFO - Processing /home/ubantu/miniconda3/envs/airflow-env/lib/python3.11/site-packages/airflow/example_dags/example_params_trigger_ui.py took 0.086 seconds
[2026-04-07T04:18:41.380+0530] {processor.py:186} INFO - Started process (PID=6836) to work on /home/ubantu/miniconda3/envs/airflow-env/lib/python3.11/site-packages/airflow/example_dags/example_params_trigger_ui.py
[2026-04-07T04:18:41.381+0530] {processor.py:914} INFO - Processing file /home/ubantu/miniconda3/envs/airflow-env/lib/python3.11/site-packages/airflow/example_dags/example_params_trigger_ui.py for tasks to queue
[2026-04-07T04:18:41.384+0530] {logging_mixin.py:190} INFO - [2026-04-07T04:18:41.383+0530] {dagbag.py:588} INFO - Filling up the DagBag from /home/ubantu/miniconda3/envs/airflow-env/lib/python3.11/site-packages/airflow/example_dags/example_params_trigger_ui.py
[2026-04-07T04:18:41.400+0530] {processor.py:925} INFO - DAG(s) 'example_params_trigger_ui' retrieved from /home/ubantu/miniconda3/envs/airflow-env/lib/python3.11/site-packages/airflow/example_dags/example_params_trigger_ui.py
[2026-04-07T04:18:41.445+0530] {logging_mixin.py:190} INFO - [2026-04-07T04:18:41.445+0530] {dag.py:3239} INFO - Sync 1 DAGs
[2026-04-07T04:18:41.461+0530] {logging_mixin.py:190} INFO - [2026-04-07T04:18:41.461+0530] {dag.py:4180} INFO - Setting next_dagrun for example_params_trigger_ui to None, run_after=None
[2026-04-07T04:18:41.489+0530] {processor.py:208} INFO - Processing /home/ubantu/miniconda3/envs/airflow-env/lib/python3.11/site-packages/airflow/example_dags/example_params_trigger_ui.py took 0.116 seconds
[2026-04-07T04:19:35.430+0530] {processor.py:186} INFO - Started process (PID=6897) to work on /home/ubantu/miniconda3/envs/airflow-env/lib/python3.11/site-packages/airflow/example_dags/example_params_trigger_ui.py
[2026-04-07T04:19:35.431+0530] {processor.py:914} INFO - Processing file /home/ubantu/miniconda3/envs/airflow-env/lib/python3.11/site-packages/airflow/example_dags/example_params_trigger_ui.py for tasks to queue
[2026-04-07T04:19:35.434+0530] {logging_mixin.py:190} INFO - [2026-04-07T04:19:35.433+0530] {dagbag.py:588} INFO - Filling up the DagBag from /home/ubantu/miniconda3/envs/airflow-env/lib/python3.11/site-packages/airflow/example_dags/example_params_trigger_ui.py
[2026-04-07T04:19:35.445+0530] {processor.py:925} INFO - DAG(s) 'example_params_trigger_ui' retrieved from /home/ubantu/miniconda3/envs/airflow-env/lib/python3.11/site-packages/airflow/example_dags/example_params_trigger_ui.py
[2026-04-07T04:19:35.481+0530] {logging_mixin.py:190} INFO - [2026-04-07T04:19:35.480+0530] {dag.py:3239} INFO - Sync 1 DAGs
[2026-04-07T04:19:35.491+0530] {logging_mixin.py:190} INFO - [2026-04-07T04:19:35.491+0530] {dag.py:4180} INFO - Setting next_dagrun for example_params_trigger_ui to None, run_after=None
[2026-04-07T04:19:35.508+0530] {processor.py:208} INFO - Processing /home/ubantu/miniconda3/envs/airflow-env/lib/python3.11/site-packages/airflow/example_dags/example_params_trigger_ui.py took 0.084 seconds
[2026-04-07T04:20:25.067+0530] {processor.py:186} INFO - Started process (PID=6956) to work on /home/ubantu/miniconda3/envs/airflow-env/lib/python3.11/site-packages/airflow/example_dags/example_params_trigger_ui.py
[2026-04-07T04:20:25.069+0530] {processor.py:914} INFO - Processing file /home/ubantu/miniconda3/envs/airflow-env/lib/python3.11/site-packages/airflow/example_dags/example_params_trigger_ui.py for tasks to queue
[2026-04-07T04:20:25.071+0530] {logging_mixin.py:190} INFO - [2026-04-07T04:20:25.071+0530] {dagbag.py:588} INFO - Filling up the DagBag from /home/ubantu/miniconda3/envs/airflow-env/lib/python3.11/site-packages/airflow/example_dags/example_params_trigger_ui.py
[2026-04-07T04:20:25.083+0530] {processor.py:925} INFO - DAG(s) 'example_params_trigger_ui' retrieved from /home/ubantu/miniconda3/envs/airflow-env/lib/python3.11/site-packages/airflow/example_dags/example_params_trigger_ui.py
[2026-04-07T04:20:25.119+0530] {logging_mixin.py:190} INFO - [2026-04-07T04:20:25.119+0530] {dag.py:3239} INFO - Sync 1 DAGs
[2026-04-07T04:20:25.129+0530] {logging_mixin.py:190} INFO - [2026-04-07T04:20:25.129+0530] {dag.py:4180} INFO - Setting next_dagrun for example_params_trigger_ui to None, run_after=None
[2026-04-07T04:20:25.147+0530] {processor.py:208} INFO - Processing /home/ubantu/miniconda3/envs/airflow-env/lib/python3.11/site-packages/airflow/example_dags/example_params_trigger_ui.py took 0.086 seconds
[2026-04-07T04:21:18.384+0530] {processor.py:186} INFO - Started process (PID=7014) to work on /home/ubantu/miniconda3/envs/airflow-env/lib/python3.11/site-packages/airflow/example_dags/example_params_trigger_ui.py
[2026-04-07T04:21:18.385+0530] {processor.py:914} INFO - Processing file /home/ubantu/miniconda3/envs/airflow-env/lib/python3.11/site-packages/airflow/example_dags/example_params_trigger_ui.py for tasks to queue
[2026-04-07T04:21:18.387+0530] {logging_mixin.py:190} INFO - [2026-04-07T04:21:18.386+0530] {dagbag.py:588} INFO - Filling up the DagBag from /home/ubantu/miniconda3/envs/airflow-env/lib/python3.11/site-packages/airflow/example_dags/example_params_trigger_ui.py
[2026-04-07T04:21:18.399+0530] {processor.py:925} INFO - DAG(s) 'example_params_trigger_ui' retrieved from /home/ubantu/miniconda3/envs/airflow-env/lib/python3.11/site-packages/airflow/example_dags/example_params_trigger_ui.py
[2026-04-07T04:21:18.435+0530] {logging_mixin.py:190} INFO - [2026-04-07T04:21:18.435+0530] {dag.py:3239} INFO - Sync 1 DAGs
[2026-04-07T04:21:18.446+0530] {logging_mixin.py:190} INFO - [2026-04-07T04:21:18.445+0530] {dag.py:4180} INFO - Setting next_dagrun for example_params_trigger_ui to None, run_after=None
[2026-04-07T04:21:18.462+0530] {processor.py:208} INFO - Processing /home/ubantu/miniconda3/envs/airflow-env/lib/python3.11/site-packages/airflow/example_dags/example_params_trigger_ui.py took 0.085 seconds
[2026-04-07T04:22:13.404+0530] {processor.py:186} INFO - Started process (PID=7077) to work on /home/ubantu/miniconda3/envs/airflow-env/lib/python3.11/site-packages/airflow/example_dags/example_params_trigger_ui.py
[2026-04-07T04:22:13.406+0530] {processor.py:914} INFO - Processing file /home/ubantu/miniconda3/envs/airflow-env/lib/python3.11/site-packages/airflow/example_dags/example_params_trigger_ui.py for tasks to queue
[2026-04-07T04:22:13.408+0530] {logging_mixin.py:190} INFO - [2026-04-07T04:22:13.407+0530] {dagbag.py:588} INFO - Filling up the DagBag from /home/ubantu/miniconda3/envs/airflow-env/lib/python3.11/site-packages/airflow/example_dags/example_params_trigger_ui.py
[2026-04-07T04:22:13.420+0530] {processor.py:925} INFO - DAG(s) 'example_params_trigger_ui' retrieved from /home/ubantu/miniconda3/envs/airflow-env/lib/python3.11/site-packages/airflow/example_dags/example_params_trigger_ui.py
[2026-04-07T04:22:13.457+0530] {logging_mixin.py:190} INFO - [2026-04-07T04:22:13.456+0530] {dag.py:3239} INFO - Sync 1 DAGs
[2026-04-07T04:22:13.468+0530] {logging_mixin.py:190} INFO - [2026-04-07T04:22:13.468+0530] {dag.py:4180} INFO - Setting next_dagrun for example_params_trigger_ui to None, run_after=None
[2026-04-07T04:22:13.485+0530] {processor.py:208} INFO - Processing /home/ubantu/miniconda3/envs/airflow-env/lib/python3.11/site-packages/airflow/example_dags/example_params_trigger_ui.py took 0.087 seconds
[2026-04-07T04:23:07.768+0530] {processor.py:186} INFO - Started process (PID=7175) to work on /home/ubantu/miniconda3/envs/airflow-env/lib/python3.11/site-packages/airflow/example_dags/example_params_trigger_ui.py
[2026-04-07T04:23:07.769+0530] {processor.py:914} INFO - Processing file /home/ubantu/miniconda3/envs/airflow-env/lib/python3.11/site-packages/airflow/example_dags/example_params_trigger_ui.py for tasks to queue
[2026-04-07T04:23:07.771+0530] {logging_mixin.py:190} INFO - [2026-04-07T04:23:07.771+0530] {dagbag.py:588} INFO - Filling up the DagBag from /home/ubantu/miniconda3/envs/airflow-env/lib/python3.11/site-packages/airflow/example_dags/example_params_trigger_ui.py
[2026-04-07T04:23:07.783+0530] {processor.py:925} INFO - DAG(s) 'example_params_trigger_ui' retrieved from /home/ubantu/miniconda3/envs/airflow-env/lib/python3.11/site-packages/airflow/example_dags/example_params_trigger_ui.py
[2026-04-07T04:23:07.818+0530] {logging_mixin.py:190} INFO - [2026-04-07T04:23:07.818+0530] {dag.py:3239} INFO - Sync 1 DAGs
[2026-04-07T04:23:07.829+0530] {logging_mixin.py:190} INFO - [2026-04-07T04:23:07.829+0530] {dag.py:4180} INFO - Setting next_dagrun for example_params_trigger_ui to None, run_after=None
[2026-04-07T04:23:07.848+0530] {processor.py:208} INFO - Processing /home/ubantu/miniconda3/envs/airflow-env/lib/python3.11/site-packages/airflow/example_dags/example_params_trigger_ui.py took 0.087 seconds
[2026-04-07T04:23:59.513+0530] {processor.py:186} INFO - Started process (PID=7261) to work on /home/ubantu/miniconda3/envs/airflow-env/lib/python3.11/site-packages/airflow/example_dags/example_params_trigger_ui.py
[2026-04-07T04:23:59.514+0530] {processor.py:914} INFO - Processing file /home/ubantu/miniconda3/envs/airflow-env/lib/python3.11/site-packages/airflow/example_dags/example_params_trigger_ui.py for tasks to queue
[2026-04-07T04:23:59.517+0530] {logging_mixin.py:190} INFO - [2026-04-07T04:23:59.517+0530] {dagbag.py:588} INFO - Filling up the DagBag from /home/ubantu/miniconda3/envs/airflow-env/lib/python3.11/site-packages/airflow/example_dags/example_params_trigger_ui.py
[2026-04-07T04:23:59.531+0530] {processor.py:925} INFO - DAG(s) 'example_params_trigger_ui' retrieved from /home/ubantu/miniconda3/envs/airflow-env/lib/python3.11/site-packages/airflow/example_dags/example_params_trigger_ui.py
[2026-04-07T04:23:59.570+0530] {logging_mixin.py:190} INFO - [2026-04-07T04:23:59.570+0530] {dag.py:3239} INFO - Sync 1 DAGs
[2026-04-07T04:23:59.581+0530] {logging_mixin.py:190} INFO - [2026-04-07T04:23:59.580+0530] {dag.py:4180} INFO - Setting next_dagrun for example_params_trigger_ui to None, run_after=None
[2026-04-07T04:23:59.599+0530] {processor.py:208} INFO - Processing /home/ubantu/miniconda3/envs/airflow-env/lib/python3.11/site-packages/airflow/example_dags/example_params_trigger_ui.py took 0.093 seconds
[2026-04-07T04:24:51.263+0530] {processor.py:186} INFO - Started process (PID=7348) to work on /home/ubantu/miniconda3/envs/airflow-env/lib/python3.11/site-packages/airflow/example_dags/example_params_trigger_ui.py
[2026-04-07T04:24:51.264+0530] {processor.py:914} INFO - Processing file /home/ubantu/miniconda3/envs/airflow-env/lib/python3.11/site-packages/airflow/example_dags/example_params_trigger_ui.py for tasks to queue
[2026-04-07T04:24:51.266+0530] {logging_mixin.py:190} INFO - [2026-04-07T04:24:51.265+0530] {dagbag.py:588} INFO - Filling up the DagBag from /home/ubantu/miniconda3/envs/airflow-env/lib/python3.11/site-packages/airflow/example_dags/example_params_trigger_ui.py
[2026-04-07T04:24:51.277+0530] {processor.py:925} INFO - DAG(s) 'example_params_trigger_ui' retrieved from /home/ubantu/miniconda3/envs/airflow-env/lib/python3.11/site-packages/airflow/example_dags/example_params_trigger_ui.py
[2026-04-07T04:24:51.313+0530] {logging_mixin.py:190} INFO - [2026-04-07T04:24:51.313+0530] {dag.py:3239} INFO - Sync 1 DAGs
[2026-04-07T04:24:51.323+0530] {logging_mixin.py:190} INFO - [2026-04-07T04:24:51.323+0530] {dag.py:4180} INFO - Setting next_dagrun for example_params_trigger_ui to None, run_after=None
[2026-04-07T04:24:51.340+0530] {processor.py:208} INFO - Processing /home/ubantu/miniconda3/envs/airflow-env/lib/python3.11/site-packages/airflow/example_dags/example_params_trigger_ui.py took 0.083 seconds
[2026-04-07T04:25:45.745+0530] {processor.py:186} INFO - Started process (PID=7442) to work on /home/ubantu/miniconda3/envs/airflow-env/lib/python3.11/site-packages/airflow/example_dags/example_params_trigger_ui.py
[2026-04-07T04:25:45.746+0530] {processor.py:914} INFO - Processing file /home/ubantu/miniconda3/envs/airflow-env/lib/python3.11/site-packages/airflow/example_dags/example_params_trigger_ui.py for tasks to queue
[2026-04-07T04:25:45.748+0530] {logging_mixin.py:190} INFO - [2026-04-07T04:25:45.748+0530] {dagbag.py:588} INFO - Filling up the DagBag from /home/ubantu/miniconda3/envs/airflow-env/lib/python3.11/site-packages/airflow/example_dags/example_params_trigger_ui.py
[2026-04-07T04:25:45.760+0530] {processor.py:925} INFO - DAG(s) 'example_params_trigger_ui' retrieved from /home/ubantu/miniconda3/envs/airflow-env/lib/python3.11/site-packages/airflow/example_dags/example_params_trigger_ui.py
[2026-04-07T04:25:45.796+0530] {logging_mixin.py:190} INFO - [2026-04-07T04:25:45.796+0530] {dag.py:3239} INFO - Sync 1 DAGs
[2026-04-07T04:25:45.806+0530] {logging_mixin.py:190} INFO - [2026-04-07T04:25:45.806+0530] {dag.py:4180} INFO - Setting next_dagrun for example_params_trigger_ui to None, run_after=None
[2026-04-07T04:25:45.824+0530] {processor.py:208} INFO - Processing /home/ubantu/miniconda3/envs/airflow-env/lib/python3.11/site-packages/airflow/example_dags/example_params_trigger_ui.py took 0.085 seconds
[2026-04-07T04:26:41.542+0530] {processor.py:186} INFO - Started process (PID=7507) to work on /home/ubantu/miniconda3/envs/airflow-env/lib/python3.11/site-packages/airflow/example_dags/example_params_trigger_ui.py
[2026-04-07T04:26:41.543+0530] {processor.py:914} INFO - Processing file /home/ubantu/miniconda3/envs/airflow-env/lib/python3.11/site-packages/airflow/example_dags/example_params_trigger_ui.py for tasks to queue
[2026-04-07T04:26:41.546+0530] {logging_mixin.py:190} INFO - [2026-04-07T04:26:41.545+0530] {dagbag.py:588} INFO - Filling up the DagBag from /home/ubantu/miniconda3/envs/airflow-env/lib/python3.11/site-packages/airflow/example_dags/example_params_trigger_ui.py
[2026-04-07T04:26:41.561+0530] {processor.py:925} INFO - DAG(s) 'example_params_trigger_ui' retrieved from /home/ubantu/miniconda3/envs/airflow-env/lib/python3.11/site-packages/airflow/example_dags/example_params_trigger_ui.py
[2026-04-07T04:26:41.594+0530] {logging_mixin.py:190} INFO - [2026-04-07T04:26:41.594+0530] {dag.py:3239} INFO - Sync 1 DAGs
[2026-04-07T04:26:41.605+0530] {logging_mixin.py:190} INFO - [2026-04-07T04:26:41.605+0530] {dag.py:4180} INFO - Setting next_dagrun for example_params_trigger_ui to None, run_after=None
[2026-04-07T04:26:41.623+0530] {processor.py:208} INFO - Processing /home/ubantu/miniconda3/envs/airflow-env/lib/python3.11/site-packages/airflow/example_dags/example_params_trigger_ui.py took 0.087 seconds
[2026-04-07T04:27:34.880+0530] {processor.py:186} INFO - Started process (PID=7573) to work on /home/ubantu/miniconda3/envs/airflow-env/lib/python3.11/site-packages/airflow/example_dags/example_params_trigger_ui.py
[2026-04-07T04:27:34.882+0530] {processor.py:914} INFO - Processing file /home/ubantu/miniconda3/envs/airflow-env/lib/python3.11/site-packages/airflow/example_dags/example_params_trigger_ui.py for tasks to queue
[2026-04-07T04:27:34.884+0530] {logging_mixin.py:190} INFO - [2026-04-07T04:27:34.884+0530] {dagbag.py:588} INFO - Filling up the DagBag from /home/ubantu/miniconda3/envs/airflow-env/lib/python3.11/site-packages/airflow/example_dags/example_params_trigger_ui.py
[2026-04-07T04:27:34.899+0530] {processor.py:925} INFO - DAG(s) 'example_params_trigger_ui' retrieved from /home/ubantu/miniconda3/envs/airflow-env/lib/python3.11/site-packages/airflow/example_dags/example_params_trigger_ui.py
[2026-04-07T04:27:34.939+0530] {logging_mixin.py:190} INFO - [2026-04-07T04:27:34.938+0530] {dag.py:3239} INFO - Sync 1 DAGs
[2026-04-07T04:27:34.949+0530] {logging_mixin.py:190} INFO - [2026-04-07T04:27:34.949+0530] {dag.py:4180} INFO - Setting next_dagrun for example_params_trigger_ui to None, run_after=None
[2026-04-07T04:27:34.966+0530] {processor.py:208} INFO - Processing /home/ubantu/miniconda3/envs/airflow-env/lib/python3.11/site-packages/airflow/example_dags/example_params_trigger_ui.py took 0.094 seconds
[2026-04-07T04:28:25.235+0530] {processor.py:186} INFO - Started process (PID=7634) to work on /home/ubantu/miniconda3/envs/airflow-env/lib/python3.11/site-packages/airflow/example_dags/example_params_trigger_ui.py
[2026-04-07T04:28:25.236+0530] {processor.py:914} INFO - Processing file /home/ubantu/miniconda3/envs/airflow-env/lib/python3.11/site-packages/airflow/example_dags/example_params_trigger_ui.py for tasks to queue
[2026-04-07T04:28:25.239+0530] {logging_mixin.py:190} INFO - [2026-04-07T04:28:25.238+0530] {dagbag.py:588} INFO - Filling up the DagBag from /home/ubantu/miniconda3/envs/airflow-env/lib/python3.11/site-packages/airflow/example_dags/example_params_trigger_ui.py
[2026-04-07T04:28:25.253+0530] {processor.py:925} INFO - DAG(s) 'example_params_trigger_ui' retrieved from /home/ubantu/miniconda3/envs/airflow-env/lib/python3.11/site-packages/airflow/example_dags/example_params_trigger_ui.py
[2026-04-07T04:28:25.289+0530] {logging_mixin.py:190} INFO - [2026-04-07T04:28:25.289+0530] {dag.py:3239} INFO - Sync 1 DAGs
[2026-04-07T04:28:25.299+0530] {logging_mixin.py:190} INFO - [2026-04-07T04:28:25.299+0530] {dag.py:4180} INFO - Setting next_dagrun for example_params_trigger_ui to None, run_after=None
[2026-04-07T04:28:25.318+0530] {processor.py:208} INFO - Processing /home/ubantu/miniconda3/envs/airflow-env/lib/python3.11/site-packages/airflow/example_dags/example_params_trigger_ui.py took 0.091 seconds
[2026-04-07T04:29:18.519+0530] {processor.py:186} INFO - Started process (PID=7705) to work on /home/ubantu/miniconda3/envs/airflow-env/lib/python3.11/site-packages/airflow/example_dags/example_params_trigger_ui.py
[2026-04-07T04:29:18.522+0530] {processor.py:914} INFO - Processing file /home/ubantu/miniconda3/envs/airflow-env/lib/python3.11/site-packages/airflow/example_dags/example_params_trigger_ui.py for tasks to queue
[2026-04-07T04:29:18.525+0530] {logging_mixin.py:190} INFO - [2026-04-07T04:29:18.525+0530] {dagbag.py:588} INFO - Filling up the DagBag from /home/ubantu/miniconda3/envs/airflow-env/lib/python3.11/site-packages/airflow/example_dags/example_params_trigger_ui.py
[2026-04-07T04:29:18.540+0530] {processor.py:925} INFO - DAG(s) 'example_params_trigger_ui' retrieved from /home/ubantu/miniconda3/envs/airflow-env/lib/python3.11/site-packages/airflow/example_dags/example_params_trigger_ui.py
[2026-04-07T04:29:18.579+0530] {logging_mixin.py:190} INFO - [2026-04-07T04:29:18.579+0530] {dag.py:3239} INFO - Sync 1 DAGs
[2026-04-07T04:29:18.591+0530] {logging_mixin.py:190} INFO - [2026-04-07T04:29:18.590+0530] {dag.py:4180} INFO - Setting next_dagrun for example_params_trigger_ui to None, run_after=None
[2026-04-07T04:29:18.630+0530] {processor.py:208} INFO - Processing /home/ubantu/miniconda3/envs/airflow-env/lib/python3.11/site-packages/airflow/example_dags/example_params_trigger_ui.py took 0.118 seconds
[2026-04-07T04:30:17.006+0530] {processor.py:186} INFO - Started process (PID=7772) to work on /home/ubantu/miniconda3/envs/airflow-env/lib/python3.11/site-packages/airflow/example_dags/example_params_trigger_ui.py
[2026-04-07T04:30:17.009+0530] {processor.py:914} INFO - Processing file /home/ubantu/miniconda3/envs/airflow-env/lib/python3.11/site-packages/airflow/example_dags/example_params_trigger_ui.py for tasks to queue
[2026-04-07T04:30:17.011+0530] {logging_mixin.py:190} INFO - [2026-04-07T04:30:17.011+0530] {dagbag.py:588} INFO - Filling up the DagBag from /home/ubantu/miniconda3/envs/airflow-env/lib/python3.11/site-packages/airflow/example_dags/example_params_trigger_ui.py
[2026-04-07T04:30:17.026+0530] {processor.py:925} INFO - DAG(s) 'example_params_trigger_ui' retrieved from /home/ubantu/miniconda3/envs/airflow-env/lib/python3.11/site-packages/airflow/example_dags/example_params_trigger_ui.py
[2026-04-07T04:30:17.060+0530] {logging_mixin.py:190} INFO - [2026-04-07T04:30:17.060+0530] {dag.py:3239} INFO - Sync 1 DAGs
[2026-04-07T04:30:17.072+0530] {logging_mixin.py:190} INFO - [2026-04-07T04:30:17.072+0530] {dag.py:4180} INFO - Setting next_dagrun for example_params_trigger_ui to None, run_after=None
[2026-04-07T04:30:17.115+0530] {processor.py:208} INFO - Processing /home/ubantu/miniconda3/envs/airflow-env/lib/python3.11/site-packages/airflow/example_dags/example_params_trigger_ui.py took 0.117 seconds
[2026-04-07T04:31:15.185+0530] {processor.py:186} INFO - Started process (PID=7840) to work on /home/ubantu/miniconda3/envs/airflow-env/lib/python3.11/site-packages/airflow/example_dags/example_params_trigger_ui.py
[2026-04-07T04:31:15.187+0530] {processor.py:914} INFO - Processing file /home/ubantu/miniconda3/envs/airflow-env/lib/python3.11/site-packages/airflow/example_dags/example_params_trigger_ui.py for tasks to queue
[2026-04-07T04:31:15.190+0530] {logging_mixin.py:190} INFO - [2026-04-07T04:31:15.189+0530] {dagbag.py:588} INFO - Filling up the DagBag from /home/ubantu/miniconda3/envs/airflow-env/lib/python3.11/site-packages/airflow/example_dags/example_params_trigger_ui.py
[2026-04-07T04:31:15.207+0530] {processor.py:925} INFO - DAG(s) 'example_params_trigger_ui' retrieved from /home/ubantu/miniconda3/envs/airflow-env/lib/python3.11/site-packages/airflow/example_dags/example_params_trigger_ui.py
[2026-04-07T04:31:15.257+0530] {logging_mixin.py:190} INFO - [2026-04-07T04:31:15.257+0530] {dag.py:3239} INFO - Sync 1 DAGs
[2026-04-07T04:31:15.271+0530] {logging_mixin.py:190} INFO - [2026-04-07T04:31:15.270+0530] {dag.py:4180} INFO - Setting next_dagrun for example_params_trigger_ui to None, run_after=None
[2026-04-07T04:31:15.316+0530] {processor.py:208} INFO - Processing /home/ubantu/miniconda3/envs/airflow-env/lib/python3.11/site-packages/airflow/example_dags/example_params_trigger_ui.py took 0.139 seconds
[2026-04-07T04:32:13.861+0530] {processor.py:186} INFO - Started process (PID=7905) to work on /home/ubantu/miniconda3/envs/airflow-env/lib/python3.11/site-packages/airflow/example_dags/example_params_trigger_ui.py
[2026-04-07T04:32:13.864+0530] {processor.py:914} INFO - Processing file /home/ubantu/miniconda3/envs/airflow-env/lib/python3.11/site-packages/airflow/example_dags/example_params_trigger_ui.py for tasks to queue
[2026-04-07T04:32:13.866+0530] {logging_mixin.py:190} INFO - [2026-04-07T04:32:13.866+0530] {dagbag.py:588} INFO - Filling up the DagBag from /home/ubantu/miniconda3/envs/airflow-env/lib/python3.11/site-packages/airflow/example_dags/example_params_trigger_ui.py
[2026-04-07T04:32:13.880+0530] {processor.py:925} INFO - DAG(s) 'example_params_trigger_ui' retrieved from /home/ubantu/miniconda3/envs/airflow-env/lib/python3.11/site-packages/airflow/example_dags/example_params_trigger_ui.py
[2026-04-07T04:32:13.915+0530] {logging_mixin.py:190} INFO - [2026-04-07T04:32:13.915+0530] {dag.py:3239} INFO - Sync 1 DAGs
[2026-04-07T04:32:13.925+0530] {logging_mixin.py:190} INFO - [2026-04-07T04:32:13.925+0530] {dag.py:4180} INFO - Setting next_dagrun for example_params_trigger_ui to None, run_after=None
[2026-04-07T04:32:13.964+0530] {processor.py:208} INFO - Processing /home/ubantu/miniconda3/envs/airflow-env/lib/python3.11/site-packages/airflow/example_dags/example_params_trigger_ui.py took 0.110 seconds
[2026-04-07T04:33:09.597+0530] {processor.py:186} INFO - Started process (PID=7981) to work on /home/ubantu/miniconda3/envs/airflow-env/lib/python3.11/site-packages/airflow/example_dags/example_params_trigger_ui.py
[2026-04-07T04:33:09.599+0530] {processor.py:914} INFO - Processing file /home/ubantu/miniconda3/envs/airflow-env/lib/python3.11/site-packages/airflow/example_dags/example_params_trigger_ui.py for tasks to queue
[2026-04-07T04:33:09.602+0530] {logging_mixin.py:190} INFO - [2026-04-07T04:33:09.601+0530] {dagbag.py:588} INFO - Filling up the DagBag from /home/ubantu/miniconda3/envs/airflow-env/lib/python3.11/site-packages/airflow/example_dags/example_params_trigger_ui.py
[2026-04-07T04:33:09.617+0530] {processor.py:925} INFO - DAG(s) 'example_params_trigger_ui' retrieved from /home/ubantu/miniconda3/envs/airflow-env/lib/python3.11/site-packages/airflow/example_dags/example_params_trigger_ui.py
[2026-04-07T04:33:09.652+0530] {logging_mixin.py:190} INFO - [2026-04-07T04:33:09.651+0530] {dag.py:3239} INFO - Sync 1 DAGs
[2026-04-07T04:33:09.663+0530] {logging_mixin.py:190} INFO - [2026-04-07T04:33:09.663+0530] {dag.py:4180} INFO - Setting next_dagrun for example_params_trigger_ui to None, run_after=None
[2026-04-07T04:33:09.682+0530] {processor.py:208} INFO - Processing /home/ubantu/miniconda3/envs/airflow-env/lib/python3.11/site-packages/airflow/example_dags/example_params_trigger_ui.py took 0.093 seconds
[2026-04-07T04:34:03.905+0530] {processor.py:186} INFO - Started process (PID=8164) to work on /home/ubantu/miniconda3/envs/airflow-env/lib/python3.11/site-packages/airflow/example_dags/example_params_trigger_ui.py
[2026-04-07T04:34:03.906+0530] {processor.py:914} INFO - Processing file /home/ubantu/miniconda3/envs/airflow-env/lib/python3.11/site-packages/airflow/example_dags/example_params_trigger_ui.py for tasks to queue
[2026-04-07T04:34:03.908+0530] {logging_mixin.py:190} INFO - [2026-04-07T04:34:03.908+0530] {dagbag.py:588} INFO - Filling up the DagBag from /home/ubantu/miniconda3/envs/airflow-env/lib/python3.11/site-packages/airflow/example_dags/example_params_trigger_ui.py
[2026-04-07T04:34:03.920+0530] {processor.py:925} INFO - DAG(s) 'example_params_trigger_ui' retrieved from /home/ubantu/miniconda3/envs/airflow-env/lib/python3.11/site-packages/airflow/example_dags/example_params_trigger_ui.py
[2026-04-07T04:34:03.960+0530] {logging_mixin.py:190} INFO - [2026-04-07T04:34:03.960+0530] {dag.py:3239} INFO - Sync 1 DAGs
[2026-04-07T04:34:03.971+0530] {logging_mixin.py:190} INFO - [2026-04-07T04:34:03.970+0530] {dag.py:4180} INFO - Setting next_dagrun for example_params_trigger_ui to None, run_after=None
[2026-04-07T04:34:03.989+0530] {processor.py:208} INFO - Processing /home/ubantu/miniconda3/envs/airflow-env/lib/python3.11/site-packages/airflow/example_dags/example_params_trigger_ui.py took 0.090 seconds
[2026-04-07T04:34:59.237+0530] {processor.py:186} INFO - Started process (PID=8233) to work on /home/ubantu/miniconda3/envs/airflow-env/lib/python3.11/site-packages/airflow/example_dags/example_params_trigger_ui.py
[2026-04-07T04:34:59.238+0530] {processor.py:914} INFO - Processing file /home/ubantu/miniconda3/envs/airflow-env/lib/python3.11/site-packages/airflow/example_dags/example_params_trigger_ui.py for tasks to queue
[2026-04-07T04:34:59.241+0530] {logging_mixin.py:190} INFO - [2026-04-07T04:34:59.240+0530] {dagbag.py:588} INFO - Filling up the DagBag from /home/ubantu/miniconda3/envs/airflow-env/lib/python3.11/site-packages/airflow/example_dags/example_params_trigger_ui.py
[2026-04-07T04:34:59.256+0530] {processor.py:925} INFO - DAG(s) 'example_params_trigger_ui' retrieved from /home/ubantu/miniconda3/envs/airflow-env/lib/python3.11/site-packages/airflow/example_dags/example_params_trigger_ui.py
[2026-04-07T04:34:59.292+0530] {logging_mixin.py:190} INFO - [2026-04-07T04:34:59.291+0530] {dag.py:3239} INFO - Sync 1 DAGs
[2026-04-07T04:34:59.302+0530] {logging_mixin.py:190} INFO - [2026-04-07T04:34:59.302+0530] {dag.py:4180} INFO - Setting next_dagrun for example_params_trigger_ui to None, run_after=None
[2026-04-07T04:34:59.322+0530] {processor.py:208} INFO - Processing /home/ubantu/miniconda3/envs/airflow-env/lib/python3.11/site-packages/airflow/example_dags/example_params_trigger_ui.py took 0.094 seconds
[2026-04-07T04:35:51.193+0530] {processor.py:186} INFO - Started process (PID=8303) to work on /home/ubantu/miniconda3/envs/airflow-env/lib/python3.11/site-packages/airflow/example_dags/example_params_trigger_ui.py
[2026-04-07T04:35:51.195+0530] {processor.py:914} INFO - Processing file /home/ubantu/miniconda3/envs/airflow-env/lib/python3.11/site-packages/airflow/example_dags/example_params_trigger_ui.py for tasks to queue
[2026-04-07T04:35:51.197+0530] {logging_mixin.py:190} INFO - [2026-04-07T04:35:51.197+0530] {dagbag.py:588} INFO - Filling up the DagBag from /home/ubantu/miniconda3/envs/airflow-env/lib/python3.11/site-packages/airflow/example_dags/example_params_trigger_ui.py
[2026-04-07T04:35:51.212+0530] {processor.py:925} INFO - DAG(s) 'example_params_trigger_ui' retrieved from /home/ubantu/miniconda3/envs/airflow-env/lib/python3.11/site-packages/airflow/example_dags/example_params_trigger_ui.py
[2026-04-07T04:35:51.252+0530] {logging_mixin.py:190} INFO - [2026-04-07T04:35:51.252+0530] {dag.py:3239} INFO - Sync 1 DAGs
[2026-04-07T04:35:51.263+0530] {logging_mixin.py:190} INFO - [2026-04-07T04:35:51.263+0530] {dag.py:4180} INFO - Setting next_dagrun for example_params_trigger_ui to None, run_after=None
[2026-04-07T04:35:51.281+0530] {processor.py:208} INFO - Processing /home/ubantu/miniconda3/envs/airflow-env/lib/python3.11/site-packages/airflow/example_dags/example_params_trigger_ui.py took 0.095 seconds
[2026-04-07T04:36:46.563+0530] {processor.py:186} INFO - Started process (PID=8378) to work on /home/ubantu/miniconda3/envs/airflow-env/lib/python3.11/site-packages/airflow/example_dags/example_params_trigger_ui.py
[2026-04-07T04:36:46.565+0530] {processor.py:914} INFO - Processing file /home/ubantu/miniconda3/envs/airflow-env/lib/python3.11/site-packages/airflow/example_dags/example_params_trigger_ui.py for tasks to queue
[2026-04-07T04:36:46.568+0530] {logging_mixin.py:190} INFO - [2026-04-07T04:36:46.567+0530] {dagbag.py:588} INFO - Filling up the DagBag from /home/ubantu/miniconda3/envs/airflow-env/lib/python3.11/site-packages/airflow/example_dags/example_params_trigger_ui.py
[2026-04-07T04:36:46.584+0530] {processor.py:925} INFO - DAG(s) 'example_params_trigger_ui' retrieved from /home/ubantu/miniconda3/envs/airflow-env/lib/python3.11/site-packages/airflow/example_dags/example_params_trigger_ui.py
[2026-04-07T04:36:46.637+0530] {logging_mixin.py:190} INFO - [2026-04-07T04:36:46.636+0530] {dag.py:3239} INFO - Sync 1 DAGs
[2026-04-07T04:36:46.651+0530] {logging_mixin.py:190} INFO - [2026-04-07T04:36:46.650+0530] {dag.py:4180} INFO - Setting next_dagrun for example_params_trigger_ui to None, run_after=None
[2026-04-07T04:36:46.669+0530] {processor.py:208} INFO - Processing /home/ubantu/miniconda3/envs/airflow-env/lib/python3.11/site-packages/airflow/example_dags/example_params_trigger_ui.py took 0.114 seconds
[2026-04-07T04:37:40.497+0530] {processor.py:186} INFO - Started process (PID=8470) to work on /home/ubantu/miniconda3/envs/airflow-env/lib/python3.11/site-packages/airflow/example_dags/example_params_trigger_ui.py
[2026-04-07T04:37:40.498+0530] {processor.py:914} INFO - Processing file /home/ubantu/miniconda3/envs/airflow-env/lib/python3.11/site-packages/airflow/example_dags/example_params_trigger_ui.py for tasks to queue
[2026-04-07T04:37:40.499+0530] {logging_mixin.py:190} INFO - [2026-04-07T04:37:40.499+0530] {dagbag.py:588} INFO - Filling up the DagBag from /home/ubantu/miniconda3/envs/airflow-env/lib/python3.11/site-packages/airflow/example_dags/example_params_trigger_ui.py
[2026-04-07T04:37:40.510+0530] {processor.py:925} INFO - DAG(s) 'example_params_trigger_ui' retrieved from /home/ubantu/miniconda3/envs/airflow-env/lib/python3.11/site-packages/airflow/example_dags/example_params_trigger_ui.py
[2026-04-07T04:37:40.543+0530] {logging_mixin.py:190} INFO - [2026-04-07T04:37:40.543+0530] {dag.py:3239} INFO - Sync 1 DAGs
[2026-04-07T04:37:40.554+0530] {logging_mixin.py:190} INFO - [2026-04-07T04:37:40.554+0530] {dag.py:4180} INFO - Setting next_dagrun for example_params_trigger_ui to None, run_after=None
[2026-04-07T04:37:40.572+0530] {processor.py:208} INFO - Processing /home/ubantu/miniconda3/envs/airflow-env/lib/python3.11/site-packages/airflow/example_dags/example_params_trigger_ui.py took 0.081 seconds
[2026-04-07T04:38:45.400+0530] {processor.py:186} INFO - Started process (PID=8575) to work on /home/ubantu/miniconda3/envs/airflow-env/lib/python3.11/site-packages/airflow/example_dags/example_params_trigger_ui.py
[2026-04-07T04:38:45.401+0530] {processor.py:914} INFO - Processing file /home/ubantu/miniconda3/envs/airflow-env/lib/python3.11/site-packages/airflow/example_dags/example_params_trigger_ui.py for tasks to queue
[2026-04-07T04:38:45.403+0530] {logging_mixin.py:190} INFO - [2026-04-07T04:38:45.402+0530] {dagbag.py:588} INFO - Filling up the DagBag from /home/ubantu/miniconda3/envs/airflow-env/lib/python3.11/site-packages/airflow/example_dags/example_params_trigger_ui.py
[2026-04-07T04:38:45.419+0530] {processor.py:925} INFO - DAG(s) 'example_params_trigger_ui' retrieved from /home/ubantu/miniconda3/envs/airflow-env/lib/python3.11/site-packages/airflow/example_dags/example_params_trigger_ui.py
[2026-04-07T04:38:45.465+0530] {logging_mixin.py:190} INFO - [2026-04-07T04:38:45.465+0530] {dag.py:3239} INFO - Sync 1 DAGs
[2026-04-07T04:38:45.477+0530] {logging_mixin.py:190} INFO - [2026-04-07T04:38:45.476+0530] {dag.py:4180} INFO - Setting next_dagrun for example_params_trigger_ui to None, run_after=None
[2026-04-07T04:38:45.495+0530] {processor.py:208} INFO - Processing /home/ubantu/miniconda3/envs/airflow-env/lib/python3.11/site-packages/airflow/example_dags/example_params_trigger_ui.py took 0.103 seconds
[2026-04-07T04:39:42.979+0530] {processor.py:186} INFO - Started process (PID=8657) to work on /home/ubantu/miniconda3/envs/airflow-env/lib/python3.11/site-packages/airflow/example_dags/example_params_trigger_ui.py
[2026-04-07T04:39:42.981+0530] {processor.py:914} INFO - Processing file /home/ubantu/miniconda3/envs/airflow-env/lib/python3.11/site-packages/airflow/example_dags/example_params_trigger_ui.py for tasks to queue
[2026-04-07T04:39:42.983+0530] {logging_mixin.py:190} INFO - [2026-04-07T04:39:42.982+0530] {dagbag.py:588} INFO - Filling up the DagBag from /home/ubantu/miniconda3/envs/airflow-env/lib/python3.11/site-packages/airflow/example_dags/example_params_trigger_ui.py
[2026-04-07T04:39:42.998+0530] {processor.py:925} INFO - DAG(s) 'example_params_trigger_ui' retrieved from /home/ubantu/miniconda3/envs/airflow-env/lib/python3.11/site-packages/airflow/example_dags/example_params_trigger_ui.py
[2026-04-07T04:39:43.043+0530] {logging_mixin.py:190} INFO - [2026-04-07T04:39:43.043+0530] {dag.py:3239} INFO - Sync 1 DAGs
[2026-04-07T04:39:43.055+0530] {logging_mixin.py:190} INFO - [2026-04-07T04:39:43.054+0530] {dag.py:4180} INFO - Setting next_dagrun for example_params_trigger_ui to None, run_after=None
[2026-04-07T04:39:43.074+0530] {processor.py:208} INFO - Processing /home/ubantu/miniconda3/envs/airflow-env/lib/python3.11/site-packages/airflow/example_dags/example_params_trigger_ui.py took 0.102 seconds
[2026-04-07T04:40:39.617+0530] {processor.py:186} INFO - Started process (PID=8728) to work on /home/ubantu/miniconda3/envs/airflow-env/lib/python3.11/site-packages/airflow/example_dags/example_params_trigger_ui.py
[2026-04-07T04:40:39.618+0530] {processor.py:914} INFO - Processing file /home/ubantu/miniconda3/envs/airflow-env/lib/python3.11/site-packages/airflow/example_dags/example_params_trigger_ui.py for tasks to queue
[2026-04-07T04:40:39.619+0530] {logging_mixin.py:190} INFO - [2026-04-07T04:40:39.619+0530] {dagbag.py:588} INFO - Filling up the DagBag from /home/ubantu/miniconda3/envs/airflow-env/lib/python3.11/site-packages/airflow/example_dags/example_params_trigger_ui.py
[2026-04-07T04:40:39.632+0530] {processor.py:925} INFO - DAG(s) 'example_params_trigger_ui' retrieved from /home/ubantu/miniconda3/envs/airflow-env/lib/python3.11/site-packages/airflow/example_dags/example_params_trigger_ui.py
[2026-04-07T04:40:39.669+0530] {logging_mixin.py:190} INFO - [2026-04-07T04:40:39.669+0530] {dag.py:3239} INFO - Sync 1 DAGs
[2026-04-07T04:40:39.680+0530] {logging_mixin.py:190} INFO - [2026-04-07T04:40:39.680+0530] {dag.py:4180} INFO - Setting next_dagrun for example_params_trigger_ui to None, run_after=None
[2026-04-07T04:40:39.698+0530] {processor.py:208} INFO - Processing /home/ubantu/miniconda3/envs/airflow-env/lib/python3.11/site-packages/airflow/example_dags/example_params_trigger_ui.py took 0.087 seconds
[2026-04-07T04:41:31.244+0530] {processor.py:186} INFO - Started process (PID=8888) to work on /home/ubantu/miniconda3/envs/airflow-env/lib/python3.11/site-packages/airflow/example_dags/example_params_trigger_ui.py
[2026-04-07T04:41:31.245+0530] {processor.py:914} INFO - Processing file /home/ubantu/miniconda3/envs/airflow-env/lib/python3.11/site-packages/airflow/example_dags/example_params_trigger_ui.py for tasks to queue
[2026-04-07T04:41:31.247+0530] {logging_mixin.py:190} INFO - [2026-04-07T04:41:31.247+0530] {dagbag.py:588} INFO - Filling up the DagBag from /home/ubantu/miniconda3/envs/airflow-env/lib/python3.11/site-packages/airflow/example_dags/example_params_trigger_ui.py
[2026-04-07T04:41:31.261+0530] {processor.py:925} INFO - DAG(s) 'example_params_trigger_ui' retrieved from /home/ubantu/miniconda3/envs/airflow-env/lib/python3.11/site-packages/airflow/example_dags/example_params_trigger_ui.py
[2026-04-07T04:41:31.294+0530] {logging_mixin.py:190} INFO - [2026-04-07T04:41:31.294+0530] {dag.py:3239} INFO - Sync 1 DAGs
[2026-04-07T04:41:31.304+0530] {logging_mixin.py:190} INFO - [2026-04-07T04:41:31.304+0530] {dag.py:4180} INFO - Setting next_dagrun for example_params_trigger_ui to None, run_after=None
[2026-04-07T04:41:31.322+0530] {processor.py:208} INFO - Processing /home/ubantu/miniconda3/envs/airflow-env/lib/python3.11/site-packages/airflow/example_dags/example_params_trigger_ui.py took 0.085 seconds
[2026-04-07T04:41:38.043+0530] {processor.py:186} INFO - Started process (PID=8902) to work on /home/ubantu/miniconda3/envs/airflow-env/lib/python3.11/site-packages/airflow/example_dags/example_params_trigger_ui.py
[2026-04-07T04:41:38.044+0530] {processor.py:914} INFO - Processing file /home/ubantu/miniconda3/envs/airflow-env/lib/python3.11/site-packages/airflow/example_dags/example_params_trigger_ui.py for tasks to queue
[2026-04-07T04:41:38.045+0530] {logging_mixin.py:190} INFO - [2026-04-07T04:41:38.045+0530] {dagbag.py:588} INFO - Filling up the DagBag from /home/ubantu/miniconda3/envs/airflow-env/lib/python3.11/site-packages/airflow/example_dags/example_params_trigger_ui.py
[2026-04-07T04:41:38.059+0530] {processor.py:925} INFO - DAG(s) 'example_params_trigger_ui' retrieved from /home/ubantu/miniconda3/envs/airflow-env/lib/python3.11/site-packages/airflow/example_dags/example_params_trigger_ui.py
[2026-04-07T04:41:38.098+0530] {logging_mixin.py:190} INFO - [2026-04-07T04:41:38.098+0530] {dag.py:3239} INFO - Sync 1 DAGs
[2026-04-07T04:41:38.110+0530] {logging_mixin.py:190} INFO - [2026-04-07T04:41:38.109+0530] {dag.py:4180} INFO - Setting next_dagrun for example_params_trigger_ui to None, run_after=None
[2026-04-07T04:41:38.128+0530] {processor.py:208} INFO - Processing /home/ubantu/miniconda3/envs/airflow-env/lib/python3.11/site-packages/airflow/example_dags/example_params_trigger_ui.py took 0.091 seconds
[2026-04-07T04:42:25.052+0530] {processor.py:186} INFO - Started process (PID=9025) to work on /home/ubantu/miniconda3/envs/airflow-env/lib/python3.11/site-packages/airflow/example_dags/example_params_trigger_ui.py
[2026-04-07T04:42:25.053+0530] {processor.py:914} INFO - Processing file /home/ubantu/miniconda3/envs/airflow-env/lib/python3.11/site-packages/airflow/example_dags/example_params_trigger_ui.py for tasks to queue
[2026-04-07T04:42:25.055+0530] {logging_mixin.py:190} INFO - [2026-04-07T04:42:25.055+0530] {dagbag.py:588} INFO - Filling up the DagBag from /home/ubantu/miniconda3/envs/airflow-env/lib/python3.11/site-packages/airflow/example_dags/example_params_trigger_ui.py
[2026-04-07T04:42:25.070+0530] {processor.py:925} INFO - DAG(s) 'example_params_trigger_ui' retrieved from /home/ubantu/miniconda3/envs/airflow-env/lib/python3.11/site-packages/airflow/example_dags/example_params_trigger_ui.py
[2026-04-07T04:42:25.110+0530] {logging_mixin.py:190} INFO - [2026-04-07T04:42:25.110+0530] {dag.py:3239} INFO - Sync 1 DAGs
[2026-04-07T04:42:25.121+0530] {logging_mixin.py:190} INFO - [2026-04-07T04:42:25.121+0530] {dag.py:4180} INFO - Setting next_dagrun for example_params_trigger_ui to None, run_after=None
[2026-04-07T04:42:25.142+0530] {processor.py:208} INFO - Processing /home/ubantu/miniconda3/envs/airflow-env/lib/python3.11/site-packages/airflow/example_dags/example_params_trigger_ui.py took 0.095 seconds
[2026-04-07T04:42:33.577+0530] {processor.py:186} INFO - Started process (PID=9047) to work on /home/ubantu/miniconda3/envs/airflow-env/lib/python3.11/site-packages/airflow/example_dags/example_params_trigger_ui.py
[2026-04-07T04:42:33.578+0530] {processor.py:914} INFO - Processing file /home/ubantu/miniconda3/envs/airflow-env/lib/python3.11/site-packages/airflow/example_dags/example_params_trigger_ui.py for tasks to queue
[2026-04-07T04:42:33.579+0530] {logging_mixin.py:190} INFO - [2026-04-07T04:42:33.579+0530] {dagbag.py:588} INFO - Filling up the DagBag from /home/ubantu/miniconda3/envs/airflow-env/lib/python3.11/site-packages/airflow/example_dags/example_params_trigger_ui.py
[2026-04-07T04:42:33.591+0530] {processor.py:925} INFO - DAG(s) 'example_params_trigger_ui' retrieved from /home/ubantu/miniconda3/envs/airflow-env/lib/python3.11/site-packages/airflow/example_dags/example_params_trigger_ui.py
[2026-04-07T04:42:33.627+0530] {logging_mixin.py:190} INFO - [2026-04-07T04:42:33.627+0530] {dag.py:3239} INFO - Sync 1 DAGs
[2026-04-07T04:42:33.638+0530] {logging_mixin.py:190} INFO - [2026-04-07T04:42:33.638+0530] {dag.py:4180} INFO - Setting next_dagrun for example_params_trigger_ui to None, run_after=None
[2026-04-07T04:42:33.655+0530] {processor.py:208} INFO - Processing /home/ubantu/miniconda3/envs/airflow-env/lib/python3.11/site-packages/airflow/example_dags/example_params_trigger_ui.py took 0.085 seconds
[2026-04-07T04:43:22.884+0530] {processor.py:186} INFO - Started process (PID=9170) to work on /home/ubantu/miniconda3/envs/airflow-env/lib/python3.11/site-packages/airflow/example_dags/example_params_trigger_ui.py
[2026-04-07T04:43:22.885+0530] {processor.py:914} INFO - Processing file /home/ubantu/miniconda3/envs/airflow-env/lib/python3.11/site-packages/airflow/example_dags/example_params_trigger_ui.py for tasks to queue
[2026-04-07T04:43:22.887+0530] {logging_mixin.py:190} INFO - [2026-04-07T04:43:22.887+0530] {dagbag.py:588} INFO - Filling up the DagBag from /home/ubantu/miniconda3/envs/airflow-env/lib/python3.11/site-packages/airflow/example_dags/example_params_trigger_ui.py
[2026-04-07T04:43:22.900+0530] {processor.py:925} INFO - DAG(s) 'example_params_trigger_ui' retrieved from /home/ubantu/miniconda3/envs/airflow-env/lib/python3.11/site-packages/airflow/example_dags/example_params_trigger_ui.py
[2026-04-07T04:43:22.933+0530] {logging_mixin.py:190} INFO - [2026-04-07T04:43:22.933+0530] {dag.py:3239} INFO - Sync 1 DAGs
[2026-04-07T04:43:22.943+0530] {logging_mixin.py:190} INFO - [2026-04-07T04:43:22.943+0530] {dag.py:4180} INFO - Setting next_dagrun for example_params_trigger_ui to None, run_after=None
[2026-04-07T04:43:22.960+0530] {processor.py:208} INFO - Processing /home/ubantu/miniconda3/envs/airflow-env/lib/python3.11/site-packages/airflow/example_dags/example_params_trigger_ui.py took 0.083 seconds
[2026-04-07T04:43:25.248+0530] {processor.py:186} INFO - Started process (PID=9175) to work on /home/ubantu/miniconda3/envs/airflow-env/lib/python3.11/site-packages/airflow/example_dags/example_params_trigger_ui.py
[2026-04-07T04:43:25.249+0530] {processor.py:914} INFO - Processing file /home/ubantu/miniconda3/envs/airflow-env/lib/python3.11/site-packages/airflow/example_dags/example_params_trigger_ui.py for tasks to queue
[2026-04-07T04:43:25.250+0530] {logging_mixin.py:190} INFO - [2026-04-07T04:43:25.250+0530] {dagbag.py:588} INFO - Filling up the DagBag from /home/ubantu/miniconda3/envs/airflow-env/lib/python3.11/site-packages/airflow/example_dags/example_params_trigger_ui.py
[2026-04-07T04:43:25.262+0530] {processor.py:925} INFO - DAG(s) 'example_params_trigger_ui' retrieved from /home/ubantu/miniconda3/envs/airflow-env/lib/python3.11/site-packages/airflow/example_dags/example_params_trigger_ui.py
[2026-04-07T04:43:25.297+0530] {logging_mixin.py:190} INFO - [2026-04-07T04:43:25.296+0530] {dag.py:3239} INFO - Sync 1 DAGs
[2026-04-07T04:43:25.308+0530] {logging_mixin.py:190} INFO - [2026-04-07T04:43:25.308+0530] {dag.py:4180} INFO - Setting next_dagrun for example_params_trigger_ui to None, run_after=None
[2026-04-07T04:43:25.325+0530] {processor.py:208} INFO - Processing /home/ubantu/miniconda3/envs/airflow-env/lib/python3.11/site-packages/airflow/example_dags/example_params_trigger_ui.py took 0.083 seconds
[2026-04-07T04:44:19.449+0530] {processor.py:186} INFO - Started process (PID=9312) to work on /home/ubantu/miniconda3/envs/airflow-env/lib/python3.11/site-packages/airflow/example_dags/example_params_trigger_ui.py
[2026-04-07T04:44:19.451+0530] {processor.py:914} INFO - Processing file /home/ubantu/miniconda3/envs/airflow-env/lib/python3.11/site-packages/airflow/example_dags/example_params_trigger_ui.py for tasks to queue
[2026-04-07T04:44:19.453+0530] {logging_mixin.py:190} INFO - [2026-04-07T04:44:19.452+0530] {dagbag.py:588} INFO - Filling up the DagBag from /home/ubantu/miniconda3/envs/airflow-env/lib/python3.11/site-packages/airflow/example_dags/example_params_trigger_ui.py
[2026-04-07T04:44:19.469+0530] {processor.py:925} INFO - DAG(s) 'example_params_trigger_ui' retrieved from /home/ubantu/miniconda3/envs/airflow-env/lib/python3.11/site-packages/airflow/example_dags/example_params_trigger_ui.py
[2026-04-07T04:44:19.516+0530] {logging_mixin.py:190} INFO - [2026-04-07T04:44:19.516+0530] {dag.py:3239} INFO - Sync 1 DAGs
[2026-04-07T04:44:19.529+0530] {logging_mixin.py:190} INFO - [2026-04-07T04:44:19.529+0530] {dag.py:4180} INFO - Setting next_dagrun for example_params_trigger_ui to None, run_after=None
[2026-04-07T04:44:19.549+0530] {processor.py:208} INFO - Processing /home/ubantu/miniconda3/envs/airflow-env/lib/python3.11/site-packages/airflow/example_dags/example_params_trigger_ui.py took 0.109 seconds
[2026-04-07T04:44:24.213+0530] {processor.py:186} INFO - Started process (PID=9322) to work on /home/ubantu/miniconda3/envs/airflow-env/lib/python3.11/site-packages/airflow/example_dags/example_params_trigger_ui.py
[2026-04-07T04:44:24.214+0530] {processor.py:914} INFO - Processing file /home/ubantu/miniconda3/envs/airflow-env/lib/python3.11/site-packages/airflow/example_dags/example_params_trigger_ui.py for tasks to queue
[2026-04-07T04:44:24.216+0530] {logging_mixin.py:190} INFO - [2026-04-07T04:44:24.216+0530] {dagbag.py:588} INFO - Filling up the DagBag from /home/ubantu/miniconda3/envs/airflow-env/lib/python3.11/site-packages/airflow/example_dags/example_params_trigger_ui.py
[2026-04-07T04:44:24.228+0530] {processor.py:925} INFO - DAG(s) 'example_params_trigger_ui' retrieved from /home/ubantu/miniconda3/envs/airflow-env/lib/python3.11/site-packages/airflow/example_dags/example_params_trigger_ui.py
[2026-04-07T04:44:24.263+0530] {logging_mixin.py:190} INFO - [2026-04-07T04:44:24.263+0530] {dag.py:3239} INFO - Sync 1 DAGs
[2026-04-07T04:44:24.367+0530] {logging_mixin.py:190} INFO - [2026-04-07T04:44:24.366+0530] {dag.py:4180} INFO - Setting next_dagrun for example_params_trigger_ui to None, run_after=None
[2026-04-07T04:44:24.384+0530] {processor.py:208} INFO - Processing /home/ubantu/miniconda3/envs/airflow-env/lib/python3.11/site-packages/airflow/example_dags/example_params_trigger_ui.py took 0.176 seconds
[2026-04-07T04:45:16.194+0530] {processor.py:186} INFO - Started process (PID=9440) to work on /home/ubantu/miniconda3/envs/airflow-env/lib/python3.11/site-packages/airflow/example_dags/example_params_trigger_ui.py
[2026-04-07T04:45:16.195+0530] {processor.py:914} INFO - Processing file /home/ubantu/miniconda3/envs/airflow-env/lib/python3.11/site-packages/airflow/example_dags/example_params_trigger_ui.py for tasks to queue
[2026-04-07T04:45:16.197+0530] {logging_mixin.py:190} INFO - [2026-04-07T04:45:16.196+0530] {dagbag.py:588} INFO - Filling up the DagBag from /home/ubantu/miniconda3/envs/airflow-env/lib/python3.11/site-packages/airflow/example_dags/example_params_trigger_ui.py
[2026-04-07T04:45:16.209+0530] {processor.py:925} INFO - DAG(s) 'example_params_trigger_ui' retrieved from /home/ubantu/miniconda3/envs/airflow-env/lib/python3.11/site-packages/airflow/example_dags/example_params_trigger_ui.py
[2026-04-07T04:45:16.243+0530] {logging_mixin.py:190} INFO - [2026-04-07T04:45:16.243+0530] {dag.py:3239} INFO - Sync 1 DAGs
[2026-04-07T04:45:16.254+0530] {logging_mixin.py:190} INFO - [2026-04-07T04:45:16.254+0530] {dag.py:4180} INFO - Setting next_dagrun for example_params_trigger_ui to None, run_after=None
[2026-04-07T04:45:16.273+0530] {processor.py:208} INFO - Processing /home/ubantu/miniconda3/envs/airflow-env/lib/python3.11/site-packages/airflow/example_dags/example_params_trigger_ui.py took 0.084 seconds
[2026-04-07T04:45:23.160+0530] {processor.py:186} INFO - Started process (PID=9455) to work on /home/ubantu/miniconda3/envs/airflow-env/lib/python3.11/site-packages/airflow/example_dags/example_params_trigger_ui.py
[2026-04-07T04:45:23.161+0530] {processor.py:914} INFO - Processing file /home/ubantu/miniconda3/envs/airflow-env/lib/python3.11/site-packages/airflow/example_dags/example_params_trigger_ui.py for tasks to queue
[2026-04-07T04:45:23.163+0530] {logging_mixin.py:190} INFO - [2026-04-07T04:45:23.162+0530] {dagbag.py:588} INFO - Filling up the DagBag from /home/ubantu/miniconda3/envs/airflow-env/lib/python3.11/site-packages/airflow/example_dags/example_params_trigger_ui.py
[2026-04-07T04:45:23.175+0530] {processor.py:925} INFO - DAG(s) 'example_params_trigger_ui' retrieved from /home/ubantu/miniconda3/envs/airflow-env/lib/python3.11/site-packages/airflow/example_dags/example_params_trigger_ui.py
[2026-04-07T04:45:23.214+0530] {logging_mixin.py:190} INFO - [2026-04-07T04:45:23.214+0530] {dag.py:3239} INFO - Sync 1 DAGs
[2026-04-07T04:45:23.226+0530] {logging_mixin.py:190} INFO - [2026-04-07T04:45:23.226+0530] {dag.py:4180} INFO - Setting next_dagrun for example_params_trigger_ui to None, run_after=None
[2026-04-07T04:45:23.248+0530] {processor.py:208} INFO - Processing /home/ubantu/miniconda3/envs/airflow-env/lib/python3.11/site-packages/airflow/example_dags/example_params_trigger_ui.py took 0.095 seconds
[2026-04-07T04:46:08.839+0530] {processor.py:186} INFO - Started process (PID=9558) to work on /home/ubantu/miniconda3/envs/airflow-env/lib/python3.11/site-packages/airflow/example_dags/example_params_trigger_ui.py
[2026-04-07T04:46:08.840+0530] {processor.py:914} INFO - Processing file /home/ubantu/miniconda3/envs/airflow-env/lib/python3.11/site-packages/airflow/example_dags/example_params_trigger_ui.py for tasks to queue
[2026-04-07T04:46:08.842+0530] {logging_mixin.py:190} INFO - [2026-04-07T04:46:08.841+0530] {dagbag.py:588} INFO - Filling up the DagBag from /home/ubantu/miniconda3/envs/airflow-env/lib/python3.11/site-packages/airflow/example_dags/example_params_trigger_ui.py
[2026-04-07T04:46:08.854+0530] {processor.py:925} INFO - DAG(s) 'example_params_trigger_ui' retrieved from /home/ubantu/miniconda3/envs/airflow-env/lib/python3.11/site-packages/airflow/example_dags/example_params_trigger_ui.py
[2026-04-07T04:46:08.890+0530] {logging_mixin.py:190} INFO - [2026-04-07T04:46:08.890+0530] {dag.py:3239} INFO - Sync 1 DAGs
[2026-04-07T04:46:08.901+0530] {logging_mixin.py:190} INFO - [2026-04-07T04:46:08.901+0530] {dag.py:4180} INFO - Setting next_dagrun for example_params_trigger_ui to None, run_after=None
[2026-04-07T04:46:08.918+0530] {processor.py:208} INFO - Processing /home/ubantu/miniconda3/envs/airflow-env/lib/python3.11/site-packages/airflow/example_dags/example_params_trigger_ui.py took 0.084 seconds
[2026-04-07T04:46:16.447+0530] {processor.py:186} INFO - Started process (PID=9575) to work on /home/ubantu/miniconda3/envs/airflow-env/lib/python3.11/site-packages/airflow/example_dags/example_params_trigger_ui.py
[2026-04-07T04:46:16.448+0530] {processor.py:914} INFO - Processing file /home/ubantu/miniconda3/envs/airflow-env/lib/python3.11/site-packages/airflow/example_dags/example_params_trigger_ui.py for tasks to queue
[2026-04-07T04:46:16.450+0530] {logging_mixin.py:190} INFO - [2026-04-07T04:46:16.449+0530] {dagbag.py:588} INFO - Filling up the DagBag from /home/ubantu/miniconda3/envs/airflow-env/lib/python3.11/site-packages/airflow/example_dags/example_params_trigger_ui.py
[2026-04-07T04:46:16.462+0530] {processor.py:925} INFO - DAG(s) 'example_params_trigger_ui' retrieved from /home/ubantu/miniconda3/envs/airflow-env/lib/python3.11/site-packages/airflow/example_dags/example_params_trigger_ui.py
[2026-04-07T04:46:16.495+0530] {logging_mixin.py:190} INFO - [2026-04-07T04:46:16.494+0530] {dag.py:3239} INFO - Sync 1 DAGs
[2026-04-07T04:46:16.505+0530] {logging_mixin.py:190} INFO - [2026-04-07T04:46:16.505+0530] {dag.py:4180} INFO - Setting next_dagrun for example_params_trigger_ui to None, run_after=None
[2026-04-07T04:46:16.523+0530] {processor.py:208} INFO - Processing /home/ubantu/miniconda3/envs/airflow-env/lib/python3.11/site-packages/airflow/example_dags/example_params_trigger_ui.py took 0.082 seconds
[2026-04-07T04:47:01.944+0530] {processor.py:186} INFO - Started process (PID=9671) to work on /home/ubantu/miniconda3/envs/airflow-env/lib/python3.11/site-packages/airflow/example_dags/example_params_trigger_ui.py
[2026-04-07T04:47:01.945+0530] {processor.py:914} INFO - Processing file /home/ubantu/miniconda3/envs/airflow-env/lib/python3.11/site-packages/airflow/example_dags/example_params_trigger_ui.py for tasks to queue
[2026-04-07T04:47:01.946+0530] {logging_mixin.py:190} INFO - [2026-04-07T04:47:01.946+0530] {dagbag.py:588} INFO - Filling up the DagBag from /home/ubantu/miniconda3/envs/airflow-env/lib/python3.11/site-packages/airflow/example_dags/example_params_trigger_ui.py
[2026-04-07T04:47:01.956+0530] {processor.py:925} INFO - DAG(s) 'example_params_trigger_ui' retrieved from /home/ubantu/miniconda3/envs/airflow-env/lib/python3.11/site-packages/airflow/example_dags/example_params_trigger_ui.py
[2026-04-07T04:47:01.988+0530] {logging_mixin.py:190} INFO - [2026-04-07T04:47:01.988+0530] {dag.py:3239} INFO - Sync 1 DAGs
[2026-04-07T04:47:01.999+0530] {logging_mixin.py:190} INFO - [2026-04-07T04:47:01.999+0530] {dag.py:4180} INFO - Setting next_dagrun for example_params_trigger_ui to None, run_after=None
[2026-04-07T04:47:02.016+0530] {processor.py:208} INFO - Processing /home/ubantu/miniconda3/envs/airflow-env/lib/python3.11/site-packages/airflow/example_dags/example_params_trigger_ui.py took 0.077 seconds
[2026-04-07T04:47:14.870+0530] {processor.py:186} INFO - Started process (PID=9702) to work on /home/ubantu/miniconda3/envs/airflow-env/lib/python3.11/site-packages/airflow/example_dags/example_params_trigger_ui.py
[2026-04-07T04:47:14.871+0530] {processor.py:914} INFO - Processing file /home/ubantu/miniconda3/envs/airflow-env/lib/python3.11/site-packages/airflow/example_dags/example_params_trigger_ui.py for tasks to queue
[2026-04-07T04:47:14.873+0530] {logging_mixin.py:190} INFO - [2026-04-07T04:47:14.873+0530] {dagbag.py:588} INFO - Filling up the DagBag from /home/ubantu/miniconda3/envs/airflow-env/lib/python3.11/site-packages/airflow/example_dags/example_params_trigger_ui.py
[2026-04-07T04:47:14.885+0530] {processor.py:925} INFO - DAG(s) 'example_params_trigger_ui' retrieved from /home/ubantu/miniconda3/envs/airflow-env/lib/python3.11/site-packages/airflow/example_dags/example_params_trigger_ui.py
[2026-04-07T04:47:14.918+0530] {logging_mixin.py:190} INFO - [2026-04-07T04:47:14.917+0530] {dag.py:3239} INFO - Sync 1 DAGs
[2026-04-07T04:47:14.928+0530] {logging_mixin.py:190} INFO - [2026-04-07T04:47:14.928+0530] {dag.py:4180} INFO - Setting next_dagrun for example_params_trigger_ui to None, run_after=None
[2026-04-07T04:47:14.945+0530] {processor.py:208} INFO - Processing /home/ubantu/miniconda3/envs/airflow-env/lib/python3.11/site-packages/airflow/example_dags/example_params_trigger_ui.py took 0.081 seconds
[2026-04-07T04:47:54.936+0530] {processor.py:186} INFO - Started process (PID=9802) to work on /home/ubantu/miniconda3/envs/airflow-env/lib/python3.11/site-packages/airflow/example_dags/example_params_trigger_ui.py
[2026-04-07T04:47:54.937+0530] {processor.py:914} INFO - Processing file /home/ubantu/miniconda3/envs/airflow-env/lib/python3.11/site-packages/airflow/example_dags/example_params_trigger_ui.py for tasks to queue
[2026-04-07T04:47:54.938+0530] {logging_mixin.py:190} INFO - [2026-04-07T04:47:54.937+0530] {dagbag.py:588} INFO - Filling up the DagBag from /home/ubantu/miniconda3/envs/airflow-env/lib/python3.11/site-packages/airflow/example_dags/example_params_trigger_ui.py
[2026-04-07T04:47:54.948+0530] {processor.py:925} INFO - DAG(s) 'example_params_trigger_ui' retrieved from /home/ubantu/miniconda3/envs/airflow-env/lib/python3.11/site-packages/airflow/example_dags/example_params_trigger_ui.py
[2026-04-07T04:47:54.980+0530] {logging_mixin.py:190} INFO - [2026-04-07T04:47:54.980+0530] {dag.py:3239} INFO - Sync 1 DAGs
[2026-04-07T04:47:54.991+0530] {logging_mixin.py:190} INFO - [2026-04-07T04:47:54.991+0530] {dag.py:4180} INFO - Setting next_dagrun for example_params_trigger_ui to None, run_after=None
[2026-04-07T04:47:55.009+0530] {processor.py:208} INFO - Processing /home/ubantu/miniconda3/envs/airflow-env/lib/python3.11/site-packages/airflow/example_dags/example_params_trigger_ui.py took 0.079 seconds
[2026-04-07T04:48:13.577+0530] {processor.py:186} INFO - Started process (PID=9849) to work on /home/ubantu/miniconda3/envs/airflow-env/lib/python3.11/site-packages/airflow/example_dags/example_params_trigger_ui.py
[2026-04-07T04:48:13.578+0530] {processor.py:914} INFO - Processing file /home/ubantu/miniconda3/envs/airflow-env/lib/python3.11/site-packages/airflow/example_dags/example_params_trigger_ui.py for tasks to queue
[2026-04-07T04:48:13.580+0530] {logging_mixin.py:190} INFO - [2026-04-07T04:48:13.579+0530] {dagbag.py:588} INFO - Filling up the DagBag from /home/ubantu/miniconda3/envs/airflow-env/lib/python3.11/site-packages/airflow/example_dags/example_params_trigger_ui.py
[2026-04-07T04:48:13.591+0530] {processor.py:925} INFO - DAG(s) 'example_params_trigger_ui' retrieved from /home/ubantu/miniconda3/envs/airflow-env/lib/python3.11/site-packages/airflow/example_dags/example_params_trigger_ui.py
[2026-04-07T04:48:13.628+0530] {logging_mixin.py:190} INFO - [2026-04-07T04:48:13.628+0530] {dag.py:3239} INFO - Sync 1 DAGs
[2026-04-07T04:48:13.639+0530] {logging_mixin.py:190} INFO - [2026-04-07T04:48:13.639+0530] {dag.py:4180} INFO - Setting next_dagrun for example_params_trigger_ui to None, run_after=None
[2026-04-07T04:48:13.657+0530] {processor.py:208} INFO - Processing /home/ubantu/miniconda3/envs/airflow-env/lib/python3.11/site-packages/airflow/example_dags/example_params_trigger_ui.py took 0.086 seconds
[2026-04-07T05:10:11.219+0530] {processor.py:186} INFO - Started process (PID=10990) to work on /home/ubantu/miniconda3/envs/airflow-env/lib/python3.11/site-packages/airflow/example_dags/example_params_trigger_ui.py
[2026-04-07T05:10:11.221+0530] {processor.py:914} INFO - Processing file /home/ubantu/miniconda3/envs/airflow-env/lib/python3.11/site-packages/airflow/example_dags/example_params_trigger_ui.py for tasks to queue
[2026-04-07T05:10:11.223+0530] {logging_mixin.py:190} INFO - [2026-04-07T05:10:11.222+0530] {dagbag.py:588} INFO - Filling up the DagBag from /home/ubantu/miniconda3/envs/airflow-env/lib/python3.11/site-packages/airflow/example_dags/example_params_trigger_ui.py
[2026-04-07T05:10:11.233+0530] {processor.py:925} INFO - DAG(s) 'example_params_trigger_ui' retrieved from /home/ubantu/miniconda3/envs/airflow-env/lib/python3.11/site-packages/airflow/example_dags/example_params_trigger_ui.py
[2026-04-07T05:10:11.341+0530] {logging_mixin.py:190} INFO - [2026-04-07T05:10:11.340+0530] {dag.py:3239} INFO - Sync 1 DAGs
[2026-04-07T05:10:11.350+0530] {logging_mixin.py:190} INFO - [2026-04-07T05:10:11.350+0530] {dag.py:4180} INFO - Setting next_dagrun for example_params_trigger_ui to None, run_after=None
[2026-04-07T05:10:11.369+0530] {processor.py:208} INFO - Processing /home/ubantu/miniconda3/envs/airflow-env/lib/python3.11/site-packages/airflow/example_dags/example_params_trigger_ui.py took 0.154 seconds
[2026-04-07T05:11:42.424+0530] {processor.py:186} INFO - Started process (PID=11135) to work on /home/ubantu/miniconda3/envs/airflow-env/lib/python3.11/site-packages/airflow/example_dags/example_params_trigger_ui.py
[2026-04-07T05:11:42.426+0530] {processor.py:914} INFO - Processing file /home/ubantu/miniconda3/envs/airflow-env/lib/python3.11/site-packages/airflow/example_dags/example_params_trigger_ui.py for tasks to queue
[2026-04-07T05:11:42.428+0530] {logging_mixin.py:190} INFO - [2026-04-07T05:11:42.428+0530] {dagbag.py:588} INFO - Filling up the DagBag from /home/ubantu/miniconda3/envs/airflow-env/lib/python3.11/site-packages/airflow/example_dags/example_params_trigger_ui.py
[2026-04-07T05:11:42.443+0530] {processor.py:925} INFO - DAG(s) 'example_params_trigger_ui' retrieved from /home/ubantu/miniconda3/envs/airflow-env/lib/python3.11/site-packages/airflow/example_dags/example_params_trigger_ui.py
[2026-04-07T05:11:42.492+0530] {logging_mixin.py:190} INFO - [2026-04-07T05:11:42.492+0530] {dag.py:3239} INFO - Sync 1 DAGs
[2026-04-07T05:11:42.504+0530] {logging_mixin.py:190} INFO - [2026-04-07T05:11:42.504+0530] {dag.py:4180} INFO - Setting next_dagrun for example_params_trigger_ui to None, run_after=None
[2026-04-07T05:11:42.521+0530] {processor.py:208} INFO - Processing /home/ubantu/miniconda3/envs/airflow-env/lib/python3.11/site-packages/airflow/example_dags/example_params_trigger_ui.py took 0.104 seconds
[2026-04-07T05:12:41.430+0530] {processor.py:186} INFO - Started process (PID=11217) to work on /home/ubantu/miniconda3/envs/airflow-env/lib/python3.11/site-packages/airflow/example_dags/example_params_trigger_ui.py
[2026-04-07T05:12:41.431+0530] {processor.py:914} INFO - Processing file /home/ubantu/miniconda3/envs/airflow-env/lib/python3.11/site-packages/airflow/example_dags/example_params_trigger_ui.py for tasks to queue
[2026-04-07T05:12:41.432+0530] {logging_mixin.py:190} INFO - [2026-04-07T05:12:41.432+0530] {dagbag.py:588} INFO - Filling up the DagBag from /home/ubantu/miniconda3/envs/airflow-env/lib/python3.11/site-packages/airflow/example_dags/example_params_trigger_ui.py
[2026-04-07T05:12:41.442+0530] {processor.py:925} INFO - DAG(s) 'example_params_trigger_ui' retrieved from /home/ubantu/miniconda3/envs/airflow-env/lib/python3.11/site-packages/airflow/example_dags/example_params_trigger_ui.py
[2026-04-07T05:12:41.474+0530] {logging_mixin.py:190} INFO - [2026-04-07T05:12:41.474+0530] {dag.py:3239} INFO - Sync 1 DAGs
[2026-04-07T05:12:41.484+0530] {logging_mixin.py:190} INFO - [2026-04-07T05:12:41.484+0530] {dag.py:4180} INFO - Setting next_dagrun for example_params_trigger_ui to None, run_after=None
[2026-04-07T05:12:41.501+0530] {processor.py:208} INFO - Processing /home/ubantu/miniconda3/envs/airflow-env/lib/python3.11/site-packages/airflow/example_dags/example_params_trigger_ui.py took 0.077 seconds
[2026-04-07T05:13:45.633+0530] {processor.py:186} INFO - Started process (PID=11312) to work on /home/ubantu/miniconda3/envs/airflow-env/lib/python3.11/site-packages/airflow/example_dags/example_params_trigger_ui.py
[2026-04-07T05:13:45.634+0530] {processor.py:914} INFO - Processing file /home/ubantu/miniconda3/envs/airflow-env/lib/python3.11/site-packages/airflow/example_dags/example_params_trigger_ui.py for tasks to queue
[2026-04-07T05:13:45.636+0530] {logging_mixin.py:190} INFO - [2026-04-07T05:13:45.636+0530] {dagbag.py:588} INFO - Filling up the DagBag from /home/ubantu/miniconda3/envs/airflow-env/lib/python3.11/site-packages/airflow/example_dags/example_params_trigger_ui.py
[2026-04-07T05:13:45.647+0530] {processor.py:925} INFO - DAG(s) 'example_params_trigger_ui' retrieved from /home/ubantu/miniconda3/envs/airflow-env/lib/python3.11/site-packages/airflow/example_dags/example_params_trigger_ui.py
[2026-04-07T05:13:45.682+0530] {logging_mixin.py:190} INFO - [2026-04-07T05:13:45.682+0530] {dag.py:3239} INFO - Sync 1 DAGs
[2026-04-07T05:13:45.797+0530] {logging_mixin.py:190} INFO - [2026-04-07T05:13:45.797+0530] {dag.py:4180} INFO - Setting next_dagrun for example_params_trigger_ui to None, run_after=None
[2026-04-07T05:13:45.815+0530] {processor.py:208} INFO - Processing /home/ubantu/miniconda3/envs/airflow-env/lib/python3.11/site-packages/airflow/example_dags/example_params_trigger_ui.py took 0.190 seconds
[2026-04-07T05:17:51.130+0530] {processor.py:186} INFO - Started process (PID=11656) to work on /home/ubantu/miniconda3/envs/airflow-env/lib/python3.11/site-packages/airflow/example_dags/example_params_trigger_ui.py
[2026-04-07T05:17:51.132+0530] {processor.py:914} INFO - Processing file /home/ubantu/miniconda3/envs/airflow-env/lib/python3.11/site-packages/airflow/example_dags/example_params_trigger_ui.py for tasks to queue
[2026-04-07T05:17:51.135+0530] {logging_mixin.py:190} INFO - [2026-04-07T05:17:51.134+0530] {dagbag.py:588} INFO - Filling up the DagBag from /home/ubantu/miniconda3/envs/airflow-env/lib/python3.11/site-packages/airflow/example_dags/example_params_trigger_ui.py
[2026-04-07T05:17:51.152+0530] {processor.py:925} INFO - DAG(s) 'example_params_trigger_ui' retrieved from /home/ubantu/miniconda3/envs/airflow-env/lib/python3.11/site-packages/airflow/example_dags/example_params_trigger_ui.py
[2026-04-07T05:17:51.204+0530] {logging_mixin.py:190} INFO - [2026-04-07T05:17:51.204+0530] {dag.py:3239} INFO - Sync 1 DAGs
[2026-04-07T05:17:51.215+0530] {logging_mixin.py:190} INFO - [2026-04-07T05:17:51.215+0530] {dag.py:4180} INFO - Setting next_dagrun for example_params_trigger_ui to None, run_after=None
[2026-04-07T05:17:51.232+0530] {processor.py:208} INFO - Processing /home/ubantu/miniconda3/envs/airflow-env/lib/python3.11/site-packages/airflow/example_dags/example_params_trigger_ui.py took 0.111 seconds
