[2026-04-07T04:07:29.341+0530] {processor.py:186} INFO - Started process (PID=5633) to work on /home/ubantu/miniconda3/envs/airflow-env/lib/python3.11/site-packages/airflow/example_dags/example_xcom.py
[2026-04-07T04:07:29.341+0530] {processor.py:914} INFO - Processing file /home/ubantu/miniconda3/envs/airflow-env/lib/python3.11/site-packages/airflow/example_dags/example_xcom.py for tasks to queue
[2026-04-07T04:07:29.344+0530] {logging_mixin.py:190} INFO - [2026-04-07T04:07:29.343+0530] {dagbag.py:588} INFO - Filling up the DagBag from /home/ubantu/miniconda3/envs/airflow-env/lib/python3.11/site-packages/airflow/example_dags/example_xcom.py
[2026-04-07T04:07:29.354+0530] {processor.py:925} INFO - DAG(s) 'example_xcom' retrieved from /home/ubantu/miniconda3/envs/airflow-env/lib/python3.11/site-packages/airflow/example_dags/example_xcom.py
[2026-04-07T04:07:29.448+0530] {logging_mixin.py:190} INFO - [2026-04-07T04:07:29.448+0530] {override.py:1911} INFO - Created Permission View: can delete on DAG:example_xcom
[2026-04-07T04:07:29.458+0530] {logging_mixin.py:190} INFO - [2026-04-07T04:07:29.458+0530] {override.py:1911} INFO - Created Permission View: can edit on DAG:example_xcom
[2026-04-07T04:07:29.465+0530] {logging_mixin.py:190} INFO - [2026-04-07T04:07:29.465+0530] {override.py:1911} INFO - Created Permission View: can read on DAG:example_xcom
[2026-04-07T04:07:29.475+0530] {logging_mixin.py:190} INFO - [2026-04-07T04:07:29.475+0530] {override.py:1911} INFO - Created Permission View: can create on DAG Run:example_xcom
[2026-04-07T04:07:29.481+0530] {logging_mixin.py:190} INFO - [2026-04-07T04:07:29.481+0530] {override.py:1911} INFO - Created Permission View: can delete on DAG Run:example_xcom
[2026-04-07T04:07:29.488+0530] {logging_mixin.py:190} INFO - [2026-04-07T04:07:29.488+0530] {override.py:1911} INFO - Created Permission View: menu access on DAG Run:example_xcom
[2026-04-07T04:07:29.495+0530] {logging_mixin.py:190} INFO - [2026-04-07T04:07:29.495+0530] {override.py:1911} INFO - Created Permission View: can read on DAG Run:example_xcom
[2026-04-07T04:07:29.495+0530] {logging_mixin.py:190} INFO - [2026-04-07T04:07:29.495+0530] {dag.py:3239} INFO - Sync 1 DAGs
[2026-04-07T04:07:29.505+0530] {logging_mixin.py:190} INFO - [2026-04-07T04:07:29.505+0530] {dag.py:3262} INFO - Creating ORM DAG for example_xcom
[2026-04-07T04:07:29.512+0530] {logging_mixin.py:190} INFO - [2026-04-07T04:07:29.511+0530] {dag.py:4180} INFO - Setting next_dagrun for example_xcom to 2021-01-01 00:00:00+00:00, run_after=2021-01-01 00:00:00+00:00
[2026-04-07T04:07:29.527+0530] {processor.py:208} INFO - Processing /home/ubantu/miniconda3/envs/airflow-env/lib/python3.11/site-packages/airflow/example_dags/example_xcom.py took 0.192 seconds
[2026-04-07T04:08:34.147+0530] {processor.py:186} INFO - Started process (PID=5939) to work on /home/ubantu/miniconda3/envs/airflow-env/lib/python3.11/site-packages/airflow/example_dags/example_xcom.py
[2026-04-07T04:08:34.148+0530] {processor.py:914} INFO - Processing file /home/ubantu/miniconda3/envs/airflow-env/lib/python3.11/site-packages/airflow/example_dags/example_xcom.py for tasks to queue
[2026-04-07T04:08:34.151+0530] {logging_mixin.py:190} INFO - [2026-04-07T04:08:34.151+0530] {dagbag.py:588} INFO - Filling up the DagBag from /home/ubantu/miniconda3/envs/airflow-env/lib/python3.11/site-packages/airflow/example_dags/example_xcom.py
[2026-04-07T04:08:34.163+0530] {processor.py:925} INFO - DAG(s) 'example_xcom' retrieved from /home/ubantu/miniconda3/envs/airflow-env/lib/python3.11/site-packages/airflow/example_dags/example_xcom.py
[2026-04-07T04:08:34.181+0530] {logging_mixin.py:190} INFO - [2026-04-07T04:08:34.181+0530] {dag.py:3239} INFO - Sync 1 DAGs
[2026-04-07T04:08:34.202+0530] {logging_mixin.py:190} INFO - [2026-04-07T04:08:34.201+0530] {dag.py:4180} INFO - Setting next_dagrun for example_xcom to 2021-01-01 00:00:00+00:00, run_after=2021-01-01 00:00:00+00:00
[2026-04-07T04:08:34.218+0530] {processor.py:208} INFO - Processing /home/ubantu/miniconda3/envs/airflow-env/lib/python3.11/site-packages/airflow/example_dags/example_xcom.py took 0.079 seconds
[2026-04-07T04:09:30.679+0530] {processor.py:186} INFO - Started process (PID=6133) to work on /home/ubantu/miniconda3/envs/airflow-env/lib/python3.11/site-packages/airflow/example_dags/example_xcom.py
[2026-04-07T04:09:30.680+0530] {processor.py:914} INFO - Processing file /home/ubantu/miniconda3/envs/airflow-env/lib/python3.11/site-packages/airflow/example_dags/example_xcom.py for tasks to queue
[2026-04-07T04:09:30.682+0530] {logging_mixin.py:190} INFO - [2026-04-07T04:09:30.682+0530] {dagbag.py:588} INFO - Filling up the DagBag from /home/ubantu/miniconda3/envs/airflow-env/lib/python3.11/site-packages/airflow/example_dags/example_xcom.py
[2026-04-07T04:09:30.694+0530] {processor.py:925} INFO - DAG(s) 'example_xcom' retrieved from /home/ubantu/miniconda3/envs/airflow-env/lib/python3.11/site-packages/airflow/example_dags/example_xcom.py
[2026-04-07T04:09:30.713+0530] {logging_mixin.py:190} INFO - [2026-04-07T04:09:30.713+0530] {dag.py:3239} INFO - Sync 1 DAGs
[2026-04-07T04:09:30.731+0530] {logging_mixin.py:190} INFO - [2026-04-07T04:09:30.731+0530] {dag.py:4180} INFO - Setting next_dagrun for example_xcom to 2021-01-01 00:00:00+00:00, run_after=2021-01-01 00:00:00+00:00
[2026-04-07T04:09:30.842+0530] {processor.py:208} INFO - Processing /home/ubantu/miniconda3/envs/airflow-env/lib/python3.11/site-packages/airflow/example_dags/example_xcom.py took 0.170 seconds
[2026-04-07T04:10:27.631+0530] {processor.py:186} INFO - Started process (PID=6200) to work on /home/ubantu/miniconda3/envs/airflow-env/lib/python3.11/site-packages/airflow/example_dags/example_xcom.py
[2026-04-07T04:10:27.632+0530] {processor.py:914} INFO - Processing file /home/ubantu/miniconda3/envs/airflow-env/lib/python3.11/site-packages/airflow/example_dags/example_xcom.py for tasks to queue
[2026-04-07T04:10:27.635+0530] {logging_mixin.py:190} INFO - [2026-04-07T04:10:27.634+0530] {dagbag.py:588} INFO - Filling up the DagBag from /home/ubantu/miniconda3/envs/airflow-env/lib/python3.11/site-packages/airflow/example_dags/example_xcom.py
[2026-04-07T04:10:27.644+0530] {processor.py:925} INFO - DAG(s) 'example_xcom' retrieved from /home/ubantu/miniconda3/envs/airflow-env/lib/python3.11/site-packages/airflow/example_dags/example_xcom.py
[2026-04-07T04:10:27.660+0530] {logging_mixin.py:190} INFO - [2026-04-07T04:10:27.660+0530] {dag.py:3239} INFO - Sync 1 DAGs
[2026-04-07T04:10:27.677+0530] {logging_mixin.py:190} INFO - [2026-04-07T04:10:27.677+0530] {dag.py:4180} INFO - Setting next_dagrun for example_xcom to 2021-01-01 00:00:00+00:00, run_after=2021-01-01 00:00:00+00:00
[2026-04-07T04:10:27.694+0530] {processor.py:208} INFO - Processing /home/ubantu/miniconda3/envs/airflow-env/lib/python3.11/site-packages/airflow/example_dags/example_xcom.py took 0.068 seconds
[2026-04-07T04:11:17.245+0530] {processor.py:186} INFO - Started process (PID=6261) to work on /home/ubantu/miniconda3/envs/airflow-env/lib/python3.11/site-packages/airflow/example_dags/example_xcom.py
[2026-04-07T04:11:17.246+0530] {processor.py:914} INFO - Processing file /home/ubantu/miniconda3/envs/airflow-env/lib/python3.11/site-packages/airflow/example_dags/example_xcom.py for tasks to queue
[2026-04-07T04:11:17.249+0530] {logging_mixin.py:190} INFO - [2026-04-07T04:11:17.249+0530] {dagbag.py:588} INFO - Filling up the DagBag from /home/ubantu/miniconda3/envs/airflow-env/lib/python3.11/site-packages/airflow/example_dags/example_xcom.py
[2026-04-07T04:11:17.260+0530] {processor.py:925} INFO - DAG(s) 'example_xcom' retrieved from /home/ubantu/miniconda3/envs/airflow-env/lib/python3.11/site-packages/airflow/example_dags/example_xcom.py
[2026-04-07T04:11:17.276+0530] {logging_mixin.py:190} INFO - [2026-04-07T04:11:17.276+0530] {dag.py:3239} INFO - Sync 1 DAGs
[2026-04-07T04:11:17.296+0530] {logging_mixin.py:190} INFO - [2026-04-07T04:11:17.295+0530] {dag.py:4180} INFO - Setting next_dagrun for example_xcom to 2021-01-01 00:00:00+00:00, run_after=2021-01-01 00:00:00+00:00
[2026-04-07T04:11:17.315+0530] {processor.py:208} INFO - Processing /home/ubantu/miniconda3/envs/airflow-env/lib/python3.11/site-packages/airflow/example_dags/example_xcom.py took 0.076 seconds
[2026-04-07T04:12:10.828+0530] {processor.py:186} INFO - Started process (PID=6328) to work on /home/ubantu/miniconda3/envs/airflow-env/lib/python3.11/site-packages/airflow/example_dags/example_xcom.py
[2026-04-07T04:12:10.830+0530] {processor.py:914} INFO - Processing file /home/ubantu/miniconda3/envs/airflow-env/lib/python3.11/site-packages/airflow/example_dags/example_xcom.py for tasks to queue
[2026-04-07T04:12:10.833+0530] {logging_mixin.py:190} INFO - [2026-04-07T04:12:10.832+0530] {dagbag.py:588} INFO - Filling up the DagBag from /home/ubantu/miniconda3/envs/airflow-env/lib/python3.11/site-packages/airflow/example_dags/example_xcom.py
[2026-04-07T04:12:10.843+0530] {processor.py:925} INFO - DAG(s) 'example_xcom' retrieved from /home/ubantu/miniconda3/envs/airflow-env/lib/python3.11/site-packages/airflow/example_dags/example_xcom.py
[2026-04-07T04:12:10.860+0530] {logging_mixin.py:190} INFO - [2026-04-07T04:12:10.859+0530] {dag.py:3239} INFO - Sync 1 DAGs
[2026-04-07T04:12:10.877+0530] {logging_mixin.py:190} INFO - [2026-04-07T04:12:10.877+0530] {dag.py:4180} INFO - Setting next_dagrun for example_xcom to 2021-01-01 00:00:00+00:00, run_after=2021-01-01 00:00:00+00:00
[2026-04-07T04:12:10.894+0530] {processor.py:208} INFO - Processing /home/ubantu/miniconda3/envs/airflow-env/lib/python3.11/site-packages/airflow/example_dags/example_xcom.py took 0.072 seconds
[2026-04-07T04:13:02.704+0530] {processor.py:186} INFO - Started process (PID=6386) to work on /home/ubantu/miniconda3/envs/airflow-env/lib/python3.11/site-packages/airflow/example_dags/example_xcom.py
[2026-04-07T04:13:02.706+0530] {processor.py:914} INFO - Processing file /home/ubantu/miniconda3/envs/airflow-env/lib/python3.11/site-packages/airflow/example_dags/example_xcom.py for tasks to queue
[2026-04-07T04:13:02.709+0530] {logging_mixin.py:190} INFO - [2026-04-07T04:13:02.708+0530] {dagbag.py:588} INFO - Filling up the DagBag from /home/ubantu/miniconda3/envs/airflow-env/lib/python3.11/site-packages/airflow/example_dags/example_xcom.py
[2026-04-07T04:13:02.718+0530] {processor.py:925} INFO - DAG(s) 'example_xcom' retrieved from /home/ubantu/miniconda3/envs/airflow-env/lib/python3.11/site-packages/airflow/example_dags/example_xcom.py
[2026-04-07T04:13:02.734+0530] {logging_mixin.py:190} INFO - [2026-04-07T04:13:02.734+0530] {dag.py:3239} INFO - Sync 1 DAGs
[2026-04-07T04:13:02.752+0530] {logging_mixin.py:190} INFO - [2026-04-07T04:13:02.752+0530] {dag.py:4180} INFO - Setting next_dagrun for example_xcom to 2021-01-01 00:00:00+00:00, run_after=2021-01-01 00:00:00+00:00
[2026-04-07T04:13:02.771+0530] {processor.py:208} INFO - Processing /home/ubantu/miniconda3/envs/airflow-env/lib/python3.11/site-packages/airflow/example_dags/example_xcom.py took 0.072 seconds
[2026-04-07T04:13:55.785+0530] {processor.py:186} INFO - Started process (PID=6452) to work on /home/ubantu/miniconda3/envs/airflow-env/lib/python3.11/site-packages/airflow/example_dags/example_xcom.py
[2026-04-07T04:13:55.786+0530] {processor.py:914} INFO - Processing file /home/ubantu/miniconda3/envs/airflow-env/lib/python3.11/site-packages/airflow/example_dags/example_xcom.py for tasks to queue
[2026-04-07T04:13:55.789+0530] {logging_mixin.py:190} INFO - [2026-04-07T04:13:55.788+0530] {dagbag.py:588} INFO - Filling up the DagBag from /home/ubantu/miniconda3/envs/airflow-env/lib/python3.11/site-packages/airflow/example_dags/example_xcom.py
[2026-04-07T04:13:55.799+0530] {processor.py:925} INFO - DAG(s) 'example_xcom' retrieved from /home/ubantu/miniconda3/envs/airflow-env/lib/python3.11/site-packages/airflow/example_dags/example_xcom.py
[2026-04-07T04:13:55.815+0530] {logging_mixin.py:190} INFO - [2026-04-07T04:13:55.815+0530] {dag.py:3239} INFO - Sync 1 DAGs
[2026-04-07T04:13:55.833+0530] {logging_mixin.py:190} INFO - [2026-04-07T04:13:55.833+0530] {dag.py:4180} INFO - Setting next_dagrun for example_xcom to 2021-01-01 00:00:00+00:00, run_after=2021-01-01 00:00:00+00:00
[2026-04-07T04:13:55.851+0530] {processor.py:208} INFO - Processing /home/ubantu/miniconda3/envs/airflow-env/lib/python3.11/site-packages/airflow/example_dags/example_xcom.py took 0.073 seconds
[2026-04-07T04:14:51.727+0530] {processor.py:186} INFO - Started process (PID=6513) to work on /home/ubantu/miniconda3/envs/airflow-env/lib/python3.11/site-packages/airflow/example_dags/example_xcom.py
[2026-04-07T04:14:51.728+0530] {processor.py:914} INFO - Processing file /home/ubantu/miniconda3/envs/airflow-env/lib/python3.11/site-packages/airflow/example_dags/example_xcom.py for tasks to queue
[2026-04-07T04:14:51.731+0530] {logging_mixin.py:190} INFO - [2026-04-07T04:14:51.730+0530] {dagbag.py:588} INFO - Filling up the DagBag from /home/ubantu/miniconda3/envs/airflow-env/lib/python3.11/site-packages/airflow/example_dags/example_xcom.py
[2026-04-07T04:14:51.741+0530] {processor.py:925} INFO - DAG(s) 'example_xcom' retrieved from /home/ubantu/miniconda3/envs/airflow-env/lib/python3.11/site-packages/airflow/example_dags/example_xcom.py
[2026-04-07T04:14:51.756+0530] {logging_mixin.py:190} INFO - [2026-04-07T04:14:51.756+0530] {dag.py:3239} INFO - Sync 1 DAGs
[2026-04-07T04:14:51.774+0530] {logging_mixin.py:190} INFO - [2026-04-07T04:14:51.774+0530] {dag.py:4180} INFO - Setting next_dagrun for example_xcom to 2021-01-01 00:00:00+00:00, run_after=2021-01-01 00:00:00+00:00
[2026-04-07T04:14:51.792+0530] {processor.py:208} INFO - Processing /home/ubantu/miniconda3/envs/airflow-env/lib/python3.11/site-packages/airflow/example_dags/example_xcom.py took 0.070 seconds
[2026-04-07T04:15:41.986+0530] {processor.py:186} INFO - Started process (PID=6575) to work on /home/ubantu/miniconda3/envs/airflow-env/lib/python3.11/site-packages/airflow/example_dags/example_xcom.py
[2026-04-07T04:15:41.987+0530] {processor.py:914} INFO - Processing file /home/ubantu/miniconda3/envs/airflow-env/lib/python3.11/site-packages/airflow/example_dags/example_xcom.py for tasks to queue
[2026-04-07T04:15:41.990+0530] {logging_mixin.py:190} INFO - [2026-04-07T04:15:41.990+0530] {dagbag.py:588} INFO - Filling up the DagBag from /home/ubantu/miniconda3/envs/airflow-env/lib/python3.11/site-packages/airflow/example_dags/example_xcom.py
[2026-04-07T04:15:42.000+0530] {processor.py:925} INFO - DAG(s) 'example_xcom' retrieved from /home/ubantu/miniconda3/envs/airflow-env/lib/python3.11/site-packages/airflow/example_dags/example_xcom.py
[2026-04-07T04:15:42.016+0530] {logging_mixin.py:190} INFO - [2026-04-07T04:15:42.016+0530] {dag.py:3239} INFO - Sync 1 DAGs
[2026-04-07T04:15:42.034+0530] {logging_mixin.py:190} INFO - [2026-04-07T04:15:42.033+0530] {dag.py:4180} INFO - Setting next_dagrun for example_xcom to 2021-01-01 00:00:00+00:00, run_after=2021-01-01 00:00:00+00:00
[2026-04-07T04:15:42.051+0530] {processor.py:208} INFO - Processing /home/ubantu/miniconda3/envs/airflow-env/lib/python3.11/site-packages/airflow/example_dags/example_xcom.py took 0.070 seconds
[2026-04-07T04:16:32.379+0530] {processor.py:186} INFO - Started process (PID=6631) to work on /home/ubantu/miniconda3/envs/airflow-env/lib/python3.11/site-packages/airflow/example_dags/example_xcom.py
[2026-04-07T04:16:32.380+0530] {processor.py:914} INFO - Processing file /home/ubantu/miniconda3/envs/airflow-env/lib/python3.11/site-packages/airflow/example_dags/example_xcom.py for tasks to queue
[2026-04-07T04:16:32.382+0530] {logging_mixin.py:190} INFO - [2026-04-07T04:16:32.382+0530] {dagbag.py:588} INFO - Filling up the DagBag from /home/ubantu/miniconda3/envs/airflow-env/lib/python3.11/site-packages/airflow/example_dags/example_xcom.py
[2026-04-07T04:16:32.392+0530] {processor.py:925} INFO - DAG(s) 'example_xcom' retrieved from /home/ubantu/miniconda3/envs/airflow-env/lib/python3.11/site-packages/airflow/example_dags/example_xcom.py
[2026-04-07T04:16:32.408+0530] {logging_mixin.py:190} INFO - [2026-04-07T04:16:32.408+0530] {dag.py:3239} INFO - Sync 1 DAGs
[2026-04-07T04:16:32.427+0530] {logging_mixin.py:190} INFO - [2026-04-07T04:16:32.427+0530] {dag.py:4180} INFO - Setting next_dagrun for example_xcom to 2021-01-01 00:00:00+00:00, run_after=2021-01-01 00:00:00+00:00
[2026-04-07T04:16:32.444+0530] {processor.py:208} INFO - Processing /home/ubantu/miniconda3/envs/airflow-env/lib/python3.11/site-packages/airflow/example_dags/example_xcom.py took 0.071 seconds
[2026-04-07T04:17:22.667+0530] {processor.py:186} INFO - Started process (PID=6696) to work on /home/ubantu/miniconda3/envs/airflow-env/lib/python3.11/site-packages/airflow/example_dags/example_xcom.py
[2026-04-07T04:17:22.668+0530] {processor.py:914} INFO - Processing file /home/ubantu/miniconda3/envs/airflow-env/lib/python3.11/site-packages/airflow/example_dags/example_xcom.py for tasks to queue
[2026-04-07T04:17:22.670+0530] {logging_mixin.py:190} INFO - [2026-04-07T04:17:22.670+0530] {dagbag.py:588} INFO - Filling up the DagBag from /home/ubantu/miniconda3/envs/airflow-env/lib/python3.11/site-packages/airflow/example_dags/example_xcom.py
[2026-04-07T04:17:22.680+0530] {processor.py:925} INFO - DAG(s) 'example_xcom' retrieved from /home/ubantu/miniconda3/envs/airflow-env/lib/python3.11/site-packages/airflow/example_dags/example_xcom.py
[2026-04-07T04:17:22.696+0530] {logging_mixin.py:190} INFO - [2026-04-07T04:17:22.696+0530] {dag.py:3239} INFO - Sync 1 DAGs
[2026-04-07T04:17:22.713+0530] {logging_mixin.py:190} INFO - [2026-04-07T04:17:22.713+0530] {dag.py:4180} INFO - Setting next_dagrun for example_xcom to 2021-01-01 00:00:00+00:00, run_after=2021-01-01 00:00:00+00:00
[2026-04-07T04:17:22.731+0530] {processor.py:208} INFO - Processing /home/ubantu/miniconda3/envs/airflow-env/lib/python3.11/site-packages/airflow/example_dags/example_xcom.py took 0.070 seconds
[2026-04-07T04:18:12.233+0530] {processor.py:186} INFO - Started process (PID=6752) to work on /home/ubantu/miniconda3/envs/airflow-env/lib/python3.11/site-packages/airflow/example_dags/example_xcom.py
[2026-04-07T04:18:12.234+0530] {processor.py:914} INFO - Processing file /home/ubantu/miniconda3/envs/airflow-env/lib/python3.11/site-packages/airflow/example_dags/example_xcom.py for tasks to queue
[2026-04-07T04:18:12.237+0530] {logging_mixin.py:190} INFO - [2026-04-07T04:18:12.236+0530] {dagbag.py:588} INFO - Filling up the DagBag from /home/ubantu/miniconda3/envs/airflow-env/lib/python3.11/site-packages/airflow/example_dags/example_xcom.py
[2026-04-07T04:18:12.246+0530] {processor.py:925} INFO - DAG(s) 'example_xcom' retrieved from /home/ubantu/miniconda3/envs/airflow-env/lib/python3.11/site-packages/airflow/example_dags/example_xcom.py
[2026-04-07T04:18:12.262+0530] {logging_mixin.py:190} INFO - [2026-04-07T04:18:12.262+0530] {dag.py:3239} INFO - Sync 1 DAGs
[2026-04-07T04:18:12.279+0530] {logging_mixin.py:190} INFO - [2026-04-07T04:18:12.279+0530] {dag.py:4180} INFO - Setting next_dagrun for example_xcom to 2021-01-01 00:00:00+00:00, run_after=2021-01-01 00:00:00+00:00
[2026-04-07T04:18:12.296+0530] {processor.py:208} INFO - Processing /home/ubantu/miniconda3/envs/airflow-env/lib/python3.11/site-packages/airflow/example_dags/example_xcom.py took 0.069 seconds
[2026-04-07T04:19:05.655+0530] {processor.py:186} INFO - Started process (PID=6864) to work on /home/ubantu/miniconda3/envs/airflow-env/lib/python3.11/site-packages/airflow/example_dags/example_xcom.py
[2026-04-07T04:19:05.656+0530] {processor.py:914} INFO - Processing file /home/ubantu/miniconda3/envs/airflow-env/lib/python3.11/site-packages/airflow/example_dags/example_xcom.py for tasks to queue
[2026-04-07T04:19:05.659+0530] {logging_mixin.py:190} INFO - [2026-04-07T04:19:05.659+0530] {dagbag.py:588} INFO - Filling up the DagBag from /home/ubantu/miniconda3/envs/airflow-env/lib/python3.11/site-packages/airflow/example_dags/example_xcom.py
[2026-04-07T04:19:05.670+0530] {processor.py:925} INFO - DAG(s) 'example_xcom' retrieved from /home/ubantu/miniconda3/envs/airflow-env/lib/python3.11/site-packages/airflow/example_dags/example_xcom.py
[2026-04-07T04:19:05.685+0530] {logging_mixin.py:190} INFO - [2026-04-07T04:19:05.685+0530] {dag.py:3239} INFO - Sync 1 DAGs
[2026-04-07T04:19:05.704+0530] {logging_mixin.py:190} INFO - [2026-04-07T04:19:05.704+0530] {dag.py:4180} INFO - Setting next_dagrun for example_xcom to 2021-01-01 00:00:00+00:00, run_after=2021-01-01 00:00:00+00:00
[2026-04-07T04:19:05.727+0530] {processor.py:208} INFO - Processing /home/ubantu/miniconda3/envs/airflow-env/lib/python3.11/site-packages/airflow/example_dags/example_xcom.py took 0.077 seconds
[2026-04-07T04:19:57.086+0530] {processor.py:186} INFO - Started process (PID=6922) to work on /home/ubantu/miniconda3/envs/airflow-env/lib/python3.11/site-packages/airflow/example_dags/example_xcom.py
[2026-04-07T04:19:57.088+0530] {processor.py:914} INFO - Processing file /home/ubantu/miniconda3/envs/airflow-env/lib/python3.11/site-packages/airflow/example_dags/example_xcom.py for tasks to queue
[2026-04-07T04:19:57.090+0530] {logging_mixin.py:190} INFO - [2026-04-07T04:19:57.090+0530] {dagbag.py:588} INFO - Filling up the DagBag from /home/ubantu/miniconda3/envs/airflow-env/lib/python3.11/site-packages/airflow/example_dags/example_xcom.py
[2026-04-07T04:19:57.101+0530] {processor.py:925} INFO - DAG(s) 'example_xcom' retrieved from /home/ubantu/miniconda3/envs/airflow-env/lib/python3.11/site-packages/airflow/example_dags/example_xcom.py
[2026-04-07T04:19:57.117+0530] {logging_mixin.py:190} INFO - [2026-04-07T04:19:57.116+0530] {dag.py:3239} INFO - Sync 1 DAGs
[2026-04-07T04:19:57.133+0530] {logging_mixin.py:190} INFO - [2026-04-07T04:19:57.133+0530] {dag.py:4180} INFO - Setting next_dagrun for example_xcom to 2021-01-01 00:00:00+00:00, run_after=2021-01-01 00:00:00+00:00
[2026-04-07T04:19:57.150+0530] {processor.py:208} INFO - Processing /home/ubantu/miniconda3/envs/airflow-env/lib/python3.11/site-packages/airflow/example_dags/example_xcom.py took 0.070 seconds
[2026-04-07T04:20:47.475+0530] {processor.py:186} INFO - Started process (PID=6979) to work on /home/ubantu/miniconda3/envs/airflow-env/lib/python3.11/site-packages/airflow/example_dags/example_xcom.py
[2026-04-07T04:20:47.476+0530] {processor.py:914} INFO - Processing file /home/ubantu/miniconda3/envs/airflow-env/lib/python3.11/site-packages/airflow/example_dags/example_xcom.py for tasks to queue
[2026-04-07T04:20:47.479+0530] {logging_mixin.py:190} INFO - [2026-04-07T04:20:47.478+0530] {dagbag.py:588} INFO - Filling up the DagBag from /home/ubantu/miniconda3/envs/airflow-env/lib/python3.11/site-packages/airflow/example_dags/example_xcom.py
[2026-04-07T04:20:47.488+0530] {processor.py:925} INFO - DAG(s) 'example_xcom' retrieved from /home/ubantu/miniconda3/envs/airflow-env/lib/python3.11/site-packages/airflow/example_dags/example_xcom.py
[2026-04-07T04:20:47.503+0530] {logging_mixin.py:190} INFO - [2026-04-07T04:20:47.503+0530] {dag.py:3239} INFO - Sync 1 DAGs
[2026-04-07T04:20:47.520+0530] {logging_mixin.py:190} INFO - [2026-04-07T04:20:47.520+0530] {dag.py:4180} INFO - Setting next_dagrun for example_xcom to 2021-01-01 00:00:00+00:00, run_after=2021-01-01 00:00:00+00:00
[2026-04-07T04:20:47.537+0530] {processor.py:208} INFO - Processing /home/ubantu/miniconda3/envs/airflow-env/lib/python3.11/site-packages/airflow/example_dags/example_xcom.py took 0.068 seconds
[2026-04-07T04:21:43.108+0530] {processor.py:186} INFO - Started process (PID=7043) to work on /home/ubantu/miniconda3/envs/airflow-env/lib/python3.11/site-packages/airflow/example_dags/example_xcom.py
[2026-04-07T04:21:43.109+0530] {processor.py:914} INFO - Processing file /home/ubantu/miniconda3/envs/airflow-env/lib/python3.11/site-packages/airflow/example_dags/example_xcom.py for tasks to queue
[2026-04-07T04:21:43.112+0530] {logging_mixin.py:190} INFO - [2026-04-07T04:21:43.112+0530] {dagbag.py:588} INFO - Filling up the DagBag from /home/ubantu/miniconda3/envs/airflow-env/lib/python3.11/site-packages/airflow/example_dags/example_xcom.py
[2026-04-07T04:21:43.122+0530] {processor.py:925} INFO - DAG(s) 'example_xcom' retrieved from /home/ubantu/miniconda3/envs/airflow-env/lib/python3.11/site-packages/airflow/example_dags/example_xcom.py
[2026-04-07T04:21:43.138+0530] {logging_mixin.py:190} INFO - [2026-04-07T04:21:43.138+0530] {dag.py:3239} INFO - Sync 1 DAGs
[2026-04-07T04:21:43.157+0530] {logging_mixin.py:190} INFO - [2026-04-07T04:21:43.157+0530] {dag.py:4180} INFO - Setting next_dagrun for example_xcom to 2021-01-01 00:00:00+00:00, run_after=2021-01-01 00:00:00+00:00
[2026-04-07T04:21:43.178+0530] {processor.py:208} INFO - Processing /home/ubantu/miniconda3/envs/airflow-env/lib/python3.11/site-packages/airflow/example_dags/example_xcom.py took 0.076 seconds
[2026-04-07T04:22:36.711+0530] {processor.py:186} INFO - Started process (PID=7102) to work on /home/ubantu/miniconda3/envs/airflow-env/lib/python3.11/site-packages/airflow/example_dags/example_xcom.py
[2026-04-07T04:22:36.712+0530] {processor.py:914} INFO - Processing file /home/ubantu/miniconda3/envs/airflow-env/lib/python3.11/site-packages/airflow/example_dags/example_xcom.py for tasks to queue
[2026-04-07T04:22:36.715+0530] {logging_mixin.py:190} INFO - [2026-04-07T04:22:36.714+0530] {dagbag.py:588} INFO - Filling up the DagBag from /home/ubantu/miniconda3/envs/airflow-env/lib/python3.11/site-packages/airflow/example_dags/example_xcom.py
[2026-04-07T04:22:36.724+0530] {processor.py:925} INFO - DAG(s) 'example_xcom' retrieved from /home/ubantu/miniconda3/envs/airflow-env/lib/python3.11/site-packages/airflow/example_dags/example_xcom.py
[2026-04-07T04:22:36.740+0530] {logging_mixin.py:190} INFO - [2026-04-07T04:22:36.740+0530] {dag.py:3239} INFO - Sync 1 DAGs
[2026-04-07T04:22:36.758+0530] {logging_mixin.py:190} INFO - [2026-04-07T04:22:36.757+0530] {dag.py:4180} INFO - Setting next_dagrun for example_xcom to 2021-01-01 00:00:00+00:00, run_after=2021-01-01 00:00:00+00:00
[2026-04-07T04:22:36.777+0530] {processor.py:208} INFO - Processing /home/ubantu/miniconda3/envs/airflow-env/lib/python3.11/site-packages/airflow/example_dags/example_xcom.py took 0.072 seconds
[2026-04-07T04:23:28.448+0530] {processor.py:186} INFO - Started process (PID=7209) to work on /home/ubantu/miniconda3/envs/airflow-env/lib/python3.11/site-packages/airflow/example_dags/example_xcom.py
[2026-04-07T04:23:28.449+0530] {processor.py:914} INFO - Processing file /home/ubantu/miniconda3/envs/airflow-env/lib/python3.11/site-packages/airflow/example_dags/example_xcom.py for tasks to queue
[2026-04-07T04:23:28.452+0530] {logging_mixin.py:190} INFO - [2026-04-07T04:23:28.451+0530] {dagbag.py:588} INFO - Filling up the DagBag from /home/ubantu/miniconda3/envs/airflow-env/lib/python3.11/site-packages/airflow/example_dags/example_xcom.py
[2026-04-07T04:23:28.461+0530] {processor.py:925} INFO - DAG(s) 'example_xcom' retrieved from /home/ubantu/miniconda3/envs/airflow-env/lib/python3.11/site-packages/airflow/example_dags/example_xcom.py
[2026-04-07T04:23:28.477+0530] {logging_mixin.py:190} INFO - [2026-04-07T04:23:28.476+0530] {dag.py:3239} INFO - Sync 1 DAGs
[2026-04-07T04:23:28.496+0530] {logging_mixin.py:190} INFO - [2026-04-07T04:23:28.495+0530] {dag.py:4180} INFO - Setting next_dagrun for example_xcom to 2021-01-01 00:00:00+00:00, run_after=2021-01-01 00:00:00+00:00
[2026-04-07T04:23:28.515+0530] {processor.py:208} INFO - Processing /home/ubantu/miniconda3/envs/airflow-env/lib/python3.11/site-packages/airflow/example_dags/example_xcom.py took 0.073 seconds
[2026-04-07T04:24:19.234+0530] {processor.py:186} INFO - Started process (PID=7297) to work on /home/ubantu/miniconda3/envs/airflow-env/lib/python3.11/site-packages/airflow/example_dags/example_xcom.py
[2026-04-07T04:24:19.235+0530] {processor.py:914} INFO - Processing file /home/ubantu/miniconda3/envs/airflow-env/lib/python3.11/site-packages/airflow/example_dags/example_xcom.py for tasks to queue
[2026-04-07T04:24:19.238+0530] {logging_mixin.py:190} INFO - [2026-04-07T04:24:19.237+0530] {dagbag.py:588} INFO - Filling up the DagBag from /home/ubantu/miniconda3/envs/airflow-env/lib/python3.11/site-packages/airflow/example_dags/example_xcom.py
[2026-04-07T04:24:19.247+0530] {processor.py:925} INFO - DAG(s) 'example_xcom' retrieved from /home/ubantu/miniconda3/envs/airflow-env/lib/python3.11/site-packages/airflow/example_dags/example_xcom.py
[2026-04-07T04:24:19.261+0530] {logging_mixin.py:190} INFO - [2026-04-07T04:24:19.261+0530] {dag.py:3239} INFO - Sync 1 DAGs
[2026-04-07T04:24:19.278+0530] {logging_mixin.py:190} INFO - [2026-04-07T04:24:19.278+0530] {dag.py:4180} INFO - Setting next_dagrun for example_xcom to 2021-01-01 00:00:00+00:00, run_after=2021-01-01 00:00:00+00:00
[2026-04-07T04:24:19.296+0530] {processor.py:208} INFO - Processing /home/ubantu/miniconda3/envs/airflow-env/lib/python3.11/site-packages/airflow/example_dags/example_xcom.py took 0.069 seconds
[2026-04-07T04:25:14.126+0530] {processor.py:186} INFO - Started process (PID=7378) to work on /home/ubantu/miniconda3/envs/airflow-env/lib/python3.11/site-packages/airflow/example_dags/example_xcom.py
[2026-04-07T04:25:14.127+0530] {processor.py:914} INFO - Processing file /home/ubantu/miniconda3/envs/airflow-env/lib/python3.11/site-packages/airflow/example_dags/example_xcom.py for tasks to queue
[2026-04-07T04:25:14.130+0530] {logging_mixin.py:190} INFO - [2026-04-07T04:25:14.129+0530] {dagbag.py:588} INFO - Filling up the DagBag from /home/ubantu/miniconda3/envs/airflow-env/lib/python3.11/site-packages/airflow/example_dags/example_xcom.py
[2026-04-07T04:25:14.140+0530] {processor.py:925} INFO - DAG(s) 'example_xcom' retrieved from /home/ubantu/miniconda3/envs/airflow-env/lib/python3.11/site-packages/airflow/example_dags/example_xcom.py
[2026-04-07T04:25:14.156+0530] {logging_mixin.py:190} INFO - [2026-04-07T04:25:14.156+0530] {dag.py:3239} INFO - Sync 1 DAGs
[2026-04-07T04:25:14.176+0530] {logging_mixin.py:190} INFO - [2026-04-07T04:25:14.175+0530] {dag.py:4180} INFO - Setting next_dagrun for example_xcom to 2021-01-01 00:00:00+00:00, run_after=2021-01-01 00:00:00+00:00
[2026-04-07T04:25:14.196+0530] {processor.py:208} INFO - Processing /home/ubantu/miniconda3/envs/airflow-env/lib/python3.11/site-packages/airflow/example_dags/example_xcom.py took 0.076 seconds
[2026-04-07T04:26:09.380+0530] {processor.py:186} INFO - Started process (PID=7469) to work on /home/ubantu/miniconda3/envs/airflow-env/lib/python3.11/site-packages/airflow/example_dags/example_xcom.py
[2026-04-07T04:26:09.381+0530] {processor.py:914} INFO - Processing file /home/ubantu/miniconda3/envs/airflow-env/lib/python3.11/site-packages/airflow/example_dags/example_xcom.py for tasks to queue
[2026-04-07T04:26:09.384+0530] {logging_mixin.py:190} INFO - [2026-04-07T04:26:09.384+0530] {dagbag.py:588} INFO - Filling up the DagBag from /home/ubantu/miniconda3/envs/airflow-env/lib/python3.11/site-packages/airflow/example_dags/example_xcom.py
[2026-04-07T04:26:09.398+0530] {processor.py:925} INFO - DAG(s) 'example_xcom' retrieved from /home/ubantu/miniconda3/envs/airflow-env/lib/python3.11/site-packages/airflow/example_dags/example_xcom.py
[2026-04-07T04:26:09.420+0530] {logging_mixin.py:190} INFO - [2026-04-07T04:26:09.419+0530] {dag.py:3239} INFO - Sync 1 DAGs
[2026-04-07T04:26:09.441+0530] {logging_mixin.py:190} INFO - [2026-04-07T04:26:09.440+0530] {dag.py:4180} INFO - Setting next_dagrun for example_xcom to 2021-01-01 00:00:00+00:00, run_after=2021-01-01 00:00:00+00:00
[2026-04-07T04:26:09.458+0530] {processor.py:208} INFO - Processing /home/ubantu/miniconda3/envs/airflow-env/lib/python3.11/site-packages/airflow/example_dags/example_xcom.py took 0.087 seconds
[2026-04-07T04:27:04.224+0530] {processor.py:186} INFO - Started process (PID=7538) to work on /home/ubantu/miniconda3/envs/airflow-env/lib/python3.11/site-packages/airflow/example_dags/example_xcom.py
[2026-04-07T04:27:04.225+0530] {processor.py:914} INFO - Processing file /home/ubantu/miniconda3/envs/airflow-env/lib/python3.11/site-packages/airflow/example_dags/example_xcom.py for tasks to queue
[2026-04-07T04:27:04.227+0530] {logging_mixin.py:190} INFO - [2026-04-07T04:27:04.227+0530] {dagbag.py:588} INFO - Filling up the DagBag from /home/ubantu/miniconda3/envs/airflow-env/lib/python3.11/site-packages/airflow/example_dags/example_xcom.py
[2026-04-07T04:27:04.237+0530] {processor.py:925} INFO - DAG(s) 'example_xcom' retrieved from /home/ubantu/miniconda3/envs/airflow-env/lib/python3.11/site-packages/airflow/example_dags/example_xcom.py
[2026-04-07T04:27:04.252+0530] {logging_mixin.py:190} INFO - [2026-04-07T04:27:04.252+0530] {dag.py:3239} INFO - Sync 1 DAGs
[2026-04-07T04:27:04.269+0530] {logging_mixin.py:190} INFO - [2026-04-07T04:27:04.269+0530] {dag.py:4180} INFO - Setting next_dagrun for example_xcom to 2021-01-01 00:00:00+00:00, run_after=2021-01-01 00:00:00+00:00
[2026-04-07T04:27:04.287+0530] {processor.py:208} INFO - Processing /home/ubantu/miniconda3/envs/airflow-env/lib/python3.11/site-packages/airflow/example_dags/example_xcom.py took 0.068 seconds
[2026-04-07T04:27:55.613+0530] {processor.py:186} INFO - Started process (PID=7597) to work on /home/ubantu/miniconda3/envs/airflow-env/lib/python3.11/site-packages/airflow/example_dags/example_xcom.py
[2026-04-07T04:27:55.614+0530] {processor.py:914} INFO - Processing file /home/ubantu/miniconda3/envs/airflow-env/lib/python3.11/site-packages/airflow/example_dags/example_xcom.py for tasks to queue
[2026-04-07T04:27:55.617+0530] {logging_mixin.py:190} INFO - [2026-04-07T04:27:55.616+0530] {dagbag.py:588} INFO - Filling up the DagBag from /home/ubantu/miniconda3/envs/airflow-env/lib/python3.11/site-packages/airflow/example_dags/example_xcom.py
[2026-04-07T04:27:55.628+0530] {processor.py:925} INFO - DAG(s) 'example_xcom' retrieved from /home/ubantu/miniconda3/envs/airflow-env/lib/python3.11/site-packages/airflow/example_dags/example_xcom.py
[2026-04-07T04:27:55.645+0530] {logging_mixin.py:190} INFO - [2026-04-07T04:27:55.645+0530] {dag.py:3239} INFO - Sync 1 DAGs
[2026-04-07T04:27:55.662+0530] {logging_mixin.py:190} INFO - [2026-04-07T04:27:55.662+0530] {dag.py:4180} INFO - Setting next_dagrun for example_xcom to 2021-01-01 00:00:00+00:00, run_after=2021-01-01 00:00:00+00:00
[2026-04-07T04:27:55.680+0530] {processor.py:208} INFO - Processing /home/ubantu/miniconda3/envs/airflow-env/lib/python3.11/site-packages/airflow/example_dags/example_xcom.py took 0.075 seconds
[2026-04-07T04:28:48.556+0530] {processor.py:186} INFO - Started process (PID=7666) to work on /home/ubantu/miniconda3/envs/airflow-env/lib/python3.11/site-packages/airflow/example_dags/example_xcom.py
[2026-04-07T04:28:48.558+0530] {processor.py:914} INFO - Processing file /home/ubantu/miniconda3/envs/airflow-env/lib/python3.11/site-packages/airflow/example_dags/example_xcom.py for tasks to queue
[2026-04-07T04:28:48.561+0530] {logging_mixin.py:190} INFO - [2026-04-07T04:28:48.561+0530] {dagbag.py:588} INFO - Filling up the DagBag from /home/ubantu/miniconda3/envs/airflow-env/lib/python3.11/site-packages/airflow/example_dags/example_xcom.py
[2026-04-07T04:28:48.574+0530] {processor.py:925} INFO - DAG(s) 'example_xcom' retrieved from /home/ubantu/miniconda3/envs/airflow-env/lib/python3.11/site-packages/airflow/example_dags/example_xcom.py
[2026-04-07T04:28:48.594+0530] {logging_mixin.py:190} INFO - [2026-04-07T04:28:48.594+0530] {dag.py:3239} INFO - Sync 1 DAGs
[2026-04-07T04:28:48.616+0530] {logging_mixin.py:190} INFO - [2026-04-07T04:28:48.616+0530] {dag.py:4180} INFO - Setting next_dagrun for example_xcom to 2021-01-01 00:00:00+00:00, run_after=2021-01-01 00:00:00+00:00
[2026-04-07T04:28:48.659+0530] {processor.py:208} INFO - Processing /home/ubantu/miniconda3/envs/airflow-env/lib/python3.11/site-packages/airflow/example_dags/example_xcom.py took 0.110 seconds
[2026-04-07T04:29:44.520+0530] {processor.py:186} INFO - Started process (PID=7734) to work on /home/ubantu/miniconda3/envs/airflow-env/lib/python3.11/site-packages/airflow/example_dags/example_xcom.py
[2026-04-07T04:29:44.521+0530] {processor.py:914} INFO - Processing file /home/ubantu/miniconda3/envs/airflow-env/lib/python3.11/site-packages/airflow/example_dags/example_xcom.py for tasks to queue
[2026-04-07T04:29:44.525+0530] {logging_mixin.py:190} INFO - [2026-04-07T04:29:44.524+0530] {dagbag.py:588} INFO - Filling up the DagBag from /home/ubantu/miniconda3/envs/airflow-env/lib/python3.11/site-packages/airflow/example_dags/example_xcom.py
[2026-04-07T04:29:44.536+0530] {processor.py:925} INFO - DAG(s) 'example_xcom' retrieved from /home/ubantu/miniconda3/envs/airflow-env/lib/python3.11/site-packages/airflow/example_dags/example_xcom.py
[2026-04-07T04:29:44.554+0530] {logging_mixin.py:190} INFO - [2026-04-07T04:29:44.554+0530] {dag.py:3239} INFO - Sync 1 DAGs
[2026-04-07T04:29:44.571+0530] {logging_mixin.py:190} INFO - [2026-04-07T04:29:44.571+0530] {dag.py:4180} INFO - Setting next_dagrun for example_xcom to 2021-01-01 00:00:00+00:00, run_after=2021-01-01 00:00:00+00:00
[2026-04-07T04:29:44.613+0530] {processor.py:208} INFO - Processing /home/ubantu/miniconda3/envs/airflow-env/lib/python3.11/site-packages/airflow/example_dags/example_xcom.py took 0.100 seconds
[2026-04-07T04:30:42.295+0530] {processor.py:186} INFO - Started process (PID=7801) to work on /home/ubantu/miniconda3/envs/airflow-env/lib/python3.11/site-packages/airflow/example_dags/example_xcom.py
[2026-04-07T04:30:42.298+0530] {processor.py:914} INFO - Processing file /home/ubantu/miniconda3/envs/airflow-env/lib/python3.11/site-packages/airflow/example_dags/example_xcom.py for tasks to queue
[2026-04-07T04:30:42.301+0530] {logging_mixin.py:190} INFO - [2026-04-07T04:30:42.301+0530] {dagbag.py:588} INFO - Filling up the DagBag from /home/ubantu/miniconda3/envs/airflow-env/lib/python3.11/site-packages/airflow/example_dags/example_xcom.py
[2026-04-07T04:30:42.314+0530] {processor.py:925} INFO - DAG(s) 'example_xcom' retrieved from /home/ubantu/miniconda3/envs/airflow-env/lib/python3.11/site-packages/airflow/example_dags/example_xcom.py
[2026-04-07T04:30:42.336+0530] {logging_mixin.py:190} INFO - [2026-04-07T04:30:42.336+0530] {dag.py:3239} INFO - Sync 1 DAGs
[2026-04-07T04:30:42.357+0530] {logging_mixin.py:190} INFO - [2026-04-07T04:30:42.357+0530] {dag.py:4180} INFO - Setting next_dagrun for example_xcom to 2021-01-01 00:00:00+00:00, run_after=2021-01-01 00:00:00+00:00
[2026-04-07T04:30:42.398+0530] {processor.py:208} INFO - Processing /home/ubantu/miniconda3/envs/airflow-env/lib/python3.11/site-packages/airflow/example_dags/example_xcom.py took 0.111 seconds
[2026-04-07T04:31:41.021+0530] {processor.py:186} INFO - Started process (PID=7869) to work on /home/ubantu/miniconda3/envs/airflow-env/lib/python3.11/site-packages/airflow/example_dags/example_xcom.py
[2026-04-07T04:31:41.023+0530] {processor.py:914} INFO - Processing file /home/ubantu/miniconda3/envs/airflow-env/lib/python3.11/site-packages/airflow/example_dags/example_xcom.py for tasks to queue
[2026-04-07T04:31:41.027+0530] {logging_mixin.py:190} INFO - [2026-04-07T04:31:41.025+0530] {dagbag.py:588} INFO - Filling up the DagBag from /home/ubantu/miniconda3/envs/airflow-env/lib/python3.11/site-packages/airflow/example_dags/example_xcom.py
[2026-04-07T04:31:41.038+0530] {processor.py:925} INFO - DAG(s) 'example_xcom' retrieved from /home/ubantu/miniconda3/envs/airflow-env/lib/python3.11/site-packages/airflow/example_dags/example_xcom.py
[2026-04-07T04:31:41.056+0530] {logging_mixin.py:190} INFO - [2026-04-07T04:31:41.056+0530] {dag.py:3239} INFO - Sync 1 DAGs
[2026-04-07T04:31:41.072+0530] {logging_mixin.py:190} INFO - [2026-04-07T04:31:41.072+0530] {dag.py:4180} INFO - Setting next_dagrun for example_xcom to 2021-01-01 00:00:00+00:00, run_after=2021-01-01 00:00:00+00:00
[2026-04-07T04:31:41.114+0530] {processor.py:208} INFO - Processing /home/ubantu/miniconda3/envs/airflow-env/lib/python3.11/site-packages/airflow/example_dags/example_xcom.py took 0.099 seconds
[2026-04-07T04:32:38.659+0530] {processor.py:186} INFO - Started process (PID=7937) to work on /home/ubantu/miniconda3/envs/airflow-env/lib/python3.11/site-packages/airflow/example_dags/example_xcom.py
[2026-04-07T04:32:38.661+0530] {processor.py:914} INFO - Processing file /home/ubantu/miniconda3/envs/airflow-env/lib/python3.11/site-packages/airflow/example_dags/example_xcom.py for tasks to queue
[2026-04-07T04:32:38.667+0530] {logging_mixin.py:190} INFO - [2026-04-07T04:32:38.666+0530] {dagbag.py:588} INFO - Filling up the DagBag from /home/ubantu/miniconda3/envs/airflow-env/lib/python3.11/site-packages/airflow/example_dags/example_xcom.py
[2026-04-07T04:32:38.687+0530] {processor.py:925} INFO - DAG(s) 'example_xcom' retrieved from /home/ubantu/miniconda3/envs/airflow-env/lib/python3.11/site-packages/airflow/example_dags/example_xcom.py
[2026-04-07T04:32:38.708+0530] {logging_mixin.py:190} INFO - [2026-04-07T04:32:38.708+0530] {dag.py:3239} INFO - Sync 1 DAGs
[2026-04-07T04:32:38.726+0530] {logging_mixin.py:190} INFO - [2026-04-07T04:32:38.726+0530] {dag.py:4180} INFO - Setting next_dagrun for example_xcom to 2021-01-01 00:00:00+00:00, run_after=2021-01-01 00:00:00+00:00
[2026-04-07T04:32:38.743+0530] {processor.py:208} INFO - Processing /home/ubantu/miniconda3/envs/airflow-env/lib/python3.11/site-packages/airflow/example_dags/example_xcom.py took 0.097 seconds
[2026-04-07T04:33:33.503+0530] {processor.py:186} INFO - Started process (PID=8115) to work on /home/ubantu/miniconda3/envs/airflow-env/lib/python3.11/site-packages/airflow/example_dags/example_xcom.py
[2026-04-07T04:33:33.504+0530] {processor.py:914} INFO - Processing file /home/ubantu/miniconda3/envs/airflow-env/lib/python3.11/site-packages/airflow/example_dags/example_xcom.py for tasks to queue
[2026-04-07T04:33:33.507+0530] {logging_mixin.py:190} INFO - [2026-04-07T04:33:33.506+0530] {dagbag.py:588} INFO - Filling up the DagBag from /home/ubantu/miniconda3/envs/airflow-env/lib/python3.11/site-packages/airflow/example_dags/example_xcom.py
[2026-04-07T04:33:33.518+0530] {processor.py:925} INFO - DAG(s) 'example_xcom' retrieved from /home/ubantu/miniconda3/envs/airflow-env/lib/python3.11/site-packages/airflow/example_dags/example_xcom.py
[2026-04-07T04:33:33.534+0530] {logging_mixin.py:190} INFO - [2026-04-07T04:33:33.534+0530] {dag.py:3239} INFO - Sync 1 DAGs
[2026-04-07T04:33:33.552+0530] {logging_mixin.py:190} INFO - [2026-04-07T04:33:33.552+0530] {dag.py:4180} INFO - Setting next_dagrun for example_xcom to 2021-01-01 00:00:00+00:00, run_after=2021-01-01 00:00:00+00:00
[2026-04-07T04:33:33.572+0530] {processor.py:208} INFO - Processing /home/ubantu/miniconda3/envs/airflow-env/lib/python3.11/site-packages/airflow/example_dags/example_xcom.py took 0.076 seconds
[2026-04-07T04:34:27.016+0530] {processor.py:186} INFO - Started process (PID=8194) to work on /home/ubantu/miniconda3/envs/airflow-env/lib/python3.11/site-packages/airflow/example_dags/example_xcom.py
[2026-04-07T04:34:27.018+0530] {processor.py:914} INFO - Processing file /home/ubantu/miniconda3/envs/airflow-env/lib/python3.11/site-packages/airflow/example_dags/example_xcom.py for tasks to queue
[2026-04-07T04:34:27.022+0530] {logging_mixin.py:190} INFO - [2026-04-07T04:34:27.021+0530] {dagbag.py:588} INFO - Filling up the DagBag from /home/ubantu/miniconda3/envs/airflow-env/lib/python3.11/site-packages/airflow/example_dags/example_xcom.py
[2026-04-07T04:34:27.034+0530] {processor.py:925} INFO - DAG(s) 'example_xcom' retrieved from /home/ubantu/miniconda3/envs/airflow-env/lib/python3.11/site-packages/airflow/example_dags/example_xcom.py
[2026-04-07T04:34:27.052+0530] {logging_mixin.py:190} INFO - [2026-04-07T04:34:27.052+0530] {dag.py:3239} INFO - Sync 1 DAGs
[2026-04-07T04:34:27.069+0530] {logging_mixin.py:190} INFO - [2026-04-07T04:34:27.069+0530] {dag.py:4180} INFO - Setting next_dagrun for example_xcom to 2021-01-01 00:00:00+00:00, run_after=2021-01-01 00:00:00+00:00
[2026-04-07T04:34:27.087+0530] {processor.py:208} INFO - Processing /home/ubantu/miniconda3/envs/airflow-env/lib/python3.11/site-packages/airflow/example_dags/example_xcom.py took 0.078 seconds
[2026-04-07T04:35:20.813+0530] {processor.py:186} INFO - Started process (PID=8268) to work on /home/ubantu/miniconda3/envs/airflow-env/lib/python3.11/site-packages/airflow/example_dags/example_xcom.py
[2026-04-07T04:35:20.815+0530] {processor.py:914} INFO - Processing file /home/ubantu/miniconda3/envs/airflow-env/lib/python3.11/site-packages/airflow/example_dags/example_xcom.py for tasks to queue
[2026-04-07T04:35:20.819+0530] {logging_mixin.py:190} INFO - [2026-04-07T04:35:20.818+0530] {dagbag.py:588} INFO - Filling up the DagBag from /home/ubantu/miniconda3/envs/airflow-env/lib/python3.11/site-packages/airflow/example_dags/example_xcom.py
[2026-04-07T04:35:20.836+0530] {processor.py:925} INFO - DAG(s) 'example_xcom' retrieved from /home/ubantu/miniconda3/envs/airflow-env/lib/python3.11/site-packages/airflow/example_dags/example_xcom.py
[2026-04-07T04:35:20.855+0530] {logging_mixin.py:190} INFO - [2026-04-07T04:35:20.855+0530] {dag.py:3239} INFO - Sync 1 DAGs
[2026-04-07T04:35:20.873+0530] {logging_mixin.py:190} INFO - [2026-04-07T04:35:20.873+0530] {dag.py:4180} INFO - Setting next_dagrun for example_xcom to 2021-01-01 00:00:00+00:00, run_after=2021-01-01 00:00:00+00:00
[2026-04-07T04:35:20.891+0530] {processor.py:208} INFO - Processing /home/ubantu/miniconda3/envs/airflow-env/lib/python3.11/site-packages/airflow/example_dags/example_xcom.py took 0.090 seconds
[2026-04-07T04:36:15.433+0530] {processor.py:186} INFO - Started process (PID=8332) to work on /home/ubantu/miniconda3/envs/airflow-env/lib/python3.11/site-packages/airflow/example_dags/example_xcom.py
[2026-04-07T04:36:15.434+0530] {processor.py:914} INFO - Processing file /home/ubantu/miniconda3/envs/airflow-env/lib/python3.11/site-packages/airflow/example_dags/example_xcom.py for tasks to queue
[2026-04-07T04:36:15.437+0530] {logging_mixin.py:190} INFO - [2026-04-07T04:36:15.436+0530] {dagbag.py:588} INFO - Filling up the DagBag from /home/ubantu/miniconda3/envs/airflow-env/lib/python3.11/site-packages/airflow/example_dags/example_xcom.py
[2026-04-07T04:36:15.448+0530] {processor.py:925} INFO - DAG(s) 'example_xcom' retrieved from /home/ubantu/miniconda3/envs/airflow-env/lib/python3.11/site-packages/airflow/example_dags/example_xcom.py
[2026-04-07T04:36:15.469+0530] {logging_mixin.py:190} INFO - [2026-04-07T04:36:15.468+0530] {dag.py:3239} INFO - Sync 1 DAGs
[2026-04-07T04:36:15.493+0530] {logging_mixin.py:190} INFO - [2026-04-07T04:36:15.493+0530] {dag.py:4180} INFO - Setting next_dagrun for example_xcom to 2021-01-01 00:00:00+00:00, run_after=2021-01-01 00:00:00+00:00
[2026-04-07T04:36:15.514+0530] {processor.py:208} INFO - Processing /home/ubantu/miniconda3/envs/airflow-env/lib/python3.11/site-packages/airflow/example_dags/example_xcom.py took 0.087 seconds
[2026-04-07T04:37:09.558+0530] {processor.py:186} INFO - Started process (PID=8412) to work on /home/ubantu/miniconda3/envs/airflow-env/lib/python3.11/site-packages/airflow/example_dags/example_xcom.py
[2026-04-07T04:37:09.559+0530] {processor.py:914} INFO - Processing file /home/ubantu/miniconda3/envs/airflow-env/lib/python3.11/site-packages/airflow/example_dags/example_xcom.py for tasks to queue
[2026-04-07T04:37:09.561+0530] {logging_mixin.py:190} INFO - [2026-04-07T04:37:09.560+0530] {dagbag.py:588} INFO - Filling up the DagBag from /home/ubantu/miniconda3/envs/airflow-env/lib/python3.11/site-packages/airflow/example_dags/example_xcom.py
[2026-04-07T04:37:09.572+0530] {processor.py:925} INFO - DAG(s) 'example_xcom' retrieved from /home/ubantu/miniconda3/envs/airflow-env/lib/python3.11/site-packages/airflow/example_dags/example_xcom.py
[2026-04-07T04:37:09.588+0530] {logging_mixin.py:190} INFO - [2026-04-07T04:37:09.588+0530] {dag.py:3239} INFO - Sync 1 DAGs
[2026-04-07T04:37:09.607+0530] {logging_mixin.py:190} INFO - [2026-04-07T04:37:09.606+0530] {dag.py:4180} INFO - Setting next_dagrun for example_xcom to 2021-01-01 00:00:00+00:00, run_after=2021-01-01 00:00:00+00:00
[2026-04-07T04:37:09.627+0530] {processor.py:208} INFO - Processing /home/ubantu/miniconda3/envs/airflow-env/lib/python3.11/site-packages/airflow/example_dags/example_xcom.py took 0.075 seconds
[2026-04-07T04:38:10.503+0530] {processor.py:186} INFO - Started process (PID=8527) to work on /home/ubantu/miniconda3/envs/airflow-env/lib/python3.11/site-packages/airflow/example_dags/example_xcom.py
[2026-04-07T04:38:10.505+0530] {processor.py:914} INFO - Processing file /home/ubantu/miniconda3/envs/airflow-env/lib/python3.11/site-packages/airflow/example_dags/example_xcom.py for tasks to queue
[2026-04-07T04:38:10.507+0530] {logging_mixin.py:190} INFO - [2026-04-07T04:38:10.506+0530] {dagbag.py:588} INFO - Filling up the DagBag from /home/ubantu/miniconda3/envs/airflow-env/lib/python3.11/site-packages/airflow/example_dags/example_xcom.py
[2026-04-07T04:38:10.520+0530] {processor.py:925} INFO - DAG(s) 'example_xcom' retrieved from /home/ubantu/miniconda3/envs/airflow-env/lib/python3.11/site-packages/airflow/example_dags/example_xcom.py
[2026-04-07T04:38:10.538+0530] {logging_mixin.py:190} INFO - [2026-04-07T04:38:10.538+0530] {dag.py:3239} INFO - Sync 1 DAGs
[2026-04-07T04:38:10.555+0530] {logging_mixin.py:190} INFO - [2026-04-07T04:38:10.555+0530] {dag.py:4180} INFO - Setting next_dagrun for example_xcom to 2021-01-01 00:00:00+00:00, run_after=2021-01-01 00:00:00+00:00
[2026-04-07T04:38:10.573+0530] {processor.py:208} INFO - Processing /home/ubantu/miniconda3/envs/airflow-env/lib/python3.11/site-packages/airflow/example_dags/example_xcom.py took 0.078 seconds
[2026-04-07T04:39:11.820+0530] {processor.py:186} INFO - Started process (PID=8612) to work on /home/ubantu/miniconda3/envs/airflow-env/lib/python3.11/site-packages/airflow/example_dags/example_xcom.py
[2026-04-07T04:39:11.821+0530] {processor.py:914} INFO - Processing file /home/ubantu/miniconda3/envs/airflow-env/lib/python3.11/site-packages/airflow/example_dags/example_xcom.py for tasks to queue
[2026-04-07T04:39:11.823+0530] {logging_mixin.py:190} INFO - [2026-04-07T04:39:11.822+0530] {dagbag.py:588} INFO - Filling up the DagBag from /home/ubantu/miniconda3/envs/airflow-env/lib/python3.11/site-packages/airflow/example_dags/example_xcom.py
[2026-04-07T04:39:11.833+0530] {processor.py:925} INFO - DAG(s) 'example_xcom' retrieved from /home/ubantu/miniconda3/envs/airflow-env/lib/python3.11/site-packages/airflow/example_dags/example_xcom.py
[2026-04-07T04:39:11.850+0530] {logging_mixin.py:190} INFO - [2026-04-07T04:39:11.849+0530] {dag.py:3239} INFO - Sync 1 DAGs
[2026-04-07T04:39:11.867+0530] {logging_mixin.py:190} INFO - [2026-04-07T04:39:11.867+0530] {dag.py:4180} INFO - Setting next_dagrun for example_xcom to 2021-01-01 00:00:00+00:00, run_after=2021-01-01 00:00:00+00:00
[2026-04-07T04:39:11.885+0530] {processor.py:208} INFO - Processing /home/ubantu/miniconda3/envs/airflow-env/lib/python3.11/site-packages/airflow/example_dags/example_xcom.py took 0.071 seconds
[2026-04-07T04:40:09.324+0530] {processor.py:186} INFO - Started process (PID=8693) to work on /home/ubantu/miniconda3/envs/airflow-env/lib/python3.11/site-packages/airflow/example_dags/example_xcom.py
[2026-04-07T04:40:09.325+0530] {processor.py:914} INFO - Processing file /home/ubantu/miniconda3/envs/airflow-env/lib/python3.11/site-packages/airflow/example_dags/example_xcom.py for tasks to queue
[2026-04-07T04:40:09.327+0530] {logging_mixin.py:190} INFO - [2026-04-07T04:40:09.326+0530] {dagbag.py:588} INFO - Filling up the DagBag from /home/ubantu/miniconda3/envs/airflow-env/lib/python3.11/site-packages/airflow/example_dags/example_xcom.py
[2026-04-07T04:40:09.340+0530] {processor.py:925} INFO - DAG(s) 'example_xcom' retrieved from /home/ubantu/miniconda3/envs/airflow-env/lib/python3.11/site-packages/airflow/example_dags/example_xcom.py
[2026-04-07T04:40:09.369+0530] {logging_mixin.py:190} INFO - [2026-04-07T04:40:09.369+0530] {dag.py:3239} INFO - Sync 1 DAGs
[2026-04-07T04:40:09.414+0530] {logging_mixin.py:190} INFO - [2026-04-07T04:40:09.413+0530] {dag.py:4180} INFO - Setting next_dagrun for example_xcom to 2021-01-01 00:00:00+00:00, run_after=2021-01-01 00:00:00+00:00
[2026-04-07T04:40:09.455+0530] {processor.py:208} INFO - Processing /home/ubantu/miniconda3/envs/airflow-env/lib/python3.11/site-packages/airflow/example_dags/example_xcom.py took 0.142 seconds
[2026-04-07T04:41:07.643+0530] {processor.py:186} INFO - Started process (PID=8821) to work on /home/ubantu/miniconda3/envs/airflow-env/lib/python3.11/site-packages/airflow/example_dags/example_xcom.py
[2026-04-07T04:41:07.644+0530] {processor.py:914} INFO - Processing file /home/ubantu/miniconda3/envs/airflow-env/lib/python3.11/site-packages/airflow/example_dags/example_xcom.py for tasks to queue
[2026-04-07T04:41:07.646+0530] {logging_mixin.py:190} INFO - [2026-04-07T04:41:07.645+0530] {dagbag.py:588} INFO - Filling up the DagBag from /home/ubantu/miniconda3/envs/airflow-env/lib/python3.11/site-packages/airflow/example_dags/example_xcom.py
[2026-04-07T04:41:07.656+0530] {processor.py:925} INFO - DAG(s) 'example_xcom' retrieved from /home/ubantu/miniconda3/envs/airflow-env/lib/python3.11/site-packages/airflow/example_dags/example_xcom.py
[2026-04-07T04:41:07.672+0530] {logging_mixin.py:190} INFO - [2026-04-07T04:41:07.672+0530] {dag.py:3239} INFO - Sync 1 DAGs
[2026-04-07T04:41:07.690+0530] {logging_mixin.py:190} INFO - [2026-04-07T04:41:07.689+0530] {dag.py:4180} INFO - Setting next_dagrun for example_xcom to 2021-01-01 00:00:00+00:00, run_after=2021-01-01 00:00:00+00:00
[2026-04-07T04:41:07.708+0530] {processor.py:208} INFO - Processing /home/ubantu/miniconda3/envs/airflow-env/lib/python3.11/site-packages/airflow/example_dags/example_xcom.py took 0.071 seconds
[2026-04-07T04:41:12.929+0530] {processor.py:186} INFO - Started process (PID=8831) to work on /home/ubantu/miniconda3/envs/airflow-env/lib/python3.11/site-packages/airflow/example_dags/example_xcom.py
[2026-04-07T04:41:12.930+0530] {processor.py:914} INFO - Processing file /home/ubantu/miniconda3/envs/airflow-env/lib/python3.11/site-packages/airflow/example_dags/example_xcom.py for tasks to queue
[2026-04-07T04:41:12.932+0530] {logging_mixin.py:190} INFO - [2026-04-07T04:41:12.931+0530] {dagbag.py:588} INFO - Filling up the DagBag from /home/ubantu/miniconda3/envs/airflow-env/lib/python3.11/site-packages/airflow/example_dags/example_xcom.py
[2026-04-07T04:41:12.943+0530] {processor.py:925} INFO - DAG(s) 'example_xcom' retrieved from /home/ubantu/miniconda3/envs/airflow-env/lib/python3.11/site-packages/airflow/example_dags/example_xcom.py
[2026-04-07T04:41:12.969+0530] {logging_mixin.py:190} INFO - [2026-04-07T04:41:12.969+0530] {dag.py:3239} INFO - Sync 1 DAGs
[2026-04-07T04:41:12.985+0530] {logging_mixin.py:190} INFO - [2026-04-07T04:41:12.985+0530] {dag.py:4180} INFO - Setting next_dagrun for example_xcom to 2021-01-01 00:00:00+00:00, run_after=2021-01-01 00:00:00+00:00
[2026-04-07T04:41:13.003+0530] {processor.py:208} INFO - Processing /home/ubantu/miniconda3/envs/airflow-env/lib/python3.11/site-packages/airflow/example_dags/example_xcom.py took 0.080 seconds
[2026-04-07T04:42:04.981+0530] {processor.py:186} INFO - Started process (PID=8965) to work on /home/ubantu/miniconda3/envs/airflow-env/lib/python3.11/site-packages/airflow/example_dags/example_xcom.py
[2026-04-07T04:42:04.982+0530] {processor.py:914} INFO - Processing file /home/ubantu/miniconda3/envs/airflow-env/lib/python3.11/site-packages/airflow/example_dags/example_xcom.py for tasks to queue
[2026-04-07T04:42:04.983+0530] {logging_mixin.py:190} INFO - [2026-04-07T04:42:04.983+0530] {dagbag.py:588} INFO - Filling up the DagBag from /home/ubantu/miniconda3/envs/airflow-env/lib/python3.11/site-packages/airflow/example_dags/example_xcom.py
[2026-04-07T04:42:04.994+0530] {processor.py:925} INFO - DAG(s) 'example_xcom' retrieved from /home/ubantu/miniconda3/envs/airflow-env/lib/python3.11/site-packages/airflow/example_dags/example_xcom.py
[2026-04-07T04:42:05.011+0530] {logging_mixin.py:190} INFO - [2026-04-07T04:42:05.011+0530] {dag.py:3239} INFO - Sync 1 DAGs
[2026-04-07T04:42:05.028+0530] {logging_mixin.py:190} INFO - [2026-04-07T04:42:05.028+0530] {dag.py:4180} INFO - Setting next_dagrun for example_xcom to 2021-01-01 00:00:00+00:00, run_after=2021-01-01 00:00:00+00:00
[2026-04-07T04:42:05.046+0530] {processor.py:208} INFO - Processing /home/ubantu/miniconda3/envs/airflow-env/lib/python3.11/site-packages/airflow/example_dags/example_xcom.py took 0.072 seconds
[2026-04-07T04:42:05.512+0530] {processor.py:186} INFO - Started process (PID=8967) to work on /home/ubantu/miniconda3/envs/airflow-env/lib/python3.11/site-packages/airflow/example_dags/example_xcom.py
[2026-04-07T04:42:05.513+0530] {processor.py:914} INFO - Processing file /home/ubantu/miniconda3/envs/airflow-env/lib/python3.11/site-packages/airflow/example_dags/example_xcom.py for tasks to queue
[2026-04-07T04:42:05.515+0530] {logging_mixin.py:190} INFO - [2026-04-07T04:42:05.514+0530] {dagbag.py:588} INFO - Filling up the DagBag from /home/ubantu/miniconda3/envs/airflow-env/lib/python3.11/site-packages/airflow/example_dags/example_xcom.py
[2026-04-07T04:42:05.525+0530] {processor.py:925} INFO - DAG(s) 'example_xcom' retrieved from /home/ubantu/miniconda3/envs/airflow-env/lib/python3.11/site-packages/airflow/example_dags/example_xcom.py
[2026-04-07T04:42:05.545+0530] {logging_mixin.py:190} INFO - [2026-04-07T04:42:05.545+0530] {dag.py:3239} INFO - Sync 1 DAGs
[2026-04-07T04:42:05.561+0530] {logging_mixin.py:190} INFO - [2026-04-07T04:42:05.561+0530] {dag.py:4180} INFO - Setting next_dagrun for example_xcom to 2021-01-01 00:00:00+00:00, run_after=2021-01-01 00:00:00+00:00
[2026-04-07T04:42:05.578+0530] {processor.py:208} INFO - Processing /home/ubantu/miniconda3/envs/airflow-env/lib/python3.11/site-packages/airflow/example_dags/example_xcom.py took 0.072 seconds
[2026-04-07T04:42:57.026+0530] {processor.py:186} INFO - Started process (PID=9110) to work on /home/ubantu/miniconda3/envs/airflow-env/lib/python3.11/site-packages/airflow/example_dags/example_xcom.py
[2026-04-07T04:42:57.027+0530] {processor.py:914} INFO - Processing file /home/ubantu/miniconda3/envs/airflow-env/lib/python3.11/site-packages/airflow/example_dags/example_xcom.py for tasks to queue
[2026-04-07T04:42:57.029+0530] {logging_mixin.py:190} INFO - [2026-04-07T04:42:57.028+0530] {dagbag.py:588} INFO - Filling up the DagBag from /home/ubantu/miniconda3/envs/airflow-env/lib/python3.11/site-packages/airflow/example_dags/example_xcom.py
[2026-04-07T04:42:57.039+0530] {processor.py:925} INFO - DAG(s) 'example_xcom' retrieved from /home/ubantu/miniconda3/envs/airflow-env/lib/python3.11/site-packages/airflow/example_dags/example_xcom.py
[2026-04-07T04:42:57.056+0530] {logging_mixin.py:190} INFO - [2026-04-07T04:42:57.056+0530] {dag.py:3239} INFO - Sync 1 DAGs
[2026-04-07T04:42:57.075+0530] {logging_mixin.py:190} INFO - [2026-04-07T04:42:57.075+0530] {dag.py:4180} INFO - Setting next_dagrun for example_xcom to 2021-01-01 00:00:00+00:00, run_after=2021-01-01 00:00:00+00:00
[2026-04-07T04:42:57.094+0530] {processor.py:208} INFO - Processing /home/ubantu/miniconda3/envs/airflow-env/lib/python3.11/site-packages/airflow/example_dags/example_xcom.py took 0.074 seconds
[2026-04-07T04:43:03.860+0530] {processor.py:186} INFO - Started process (PID=9129) to work on /home/ubantu/miniconda3/envs/airflow-env/lib/python3.11/site-packages/airflow/example_dags/example_xcom.py
[2026-04-07T04:43:03.861+0530] {processor.py:914} INFO - Processing file /home/ubantu/miniconda3/envs/airflow-env/lib/python3.11/site-packages/airflow/example_dags/example_xcom.py for tasks to queue
[2026-04-07T04:43:03.863+0530] {logging_mixin.py:190} INFO - [2026-04-07T04:43:03.863+0530] {dagbag.py:588} INFO - Filling up the DagBag from /home/ubantu/miniconda3/envs/airflow-env/lib/python3.11/site-packages/airflow/example_dags/example_xcom.py
[2026-04-07T04:43:03.873+0530] {processor.py:925} INFO - DAG(s) 'example_xcom' retrieved from /home/ubantu/miniconda3/envs/airflow-env/lib/python3.11/site-packages/airflow/example_dags/example_xcom.py
[2026-04-07T04:43:03.889+0530] {logging_mixin.py:190} INFO - [2026-04-07T04:43:03.889+0530] {dag.py:3239} INFO - Sync 1 DAGs
[2026-04-07T04:43:03.907+0530] {logging_mixin.py:190} INFO - [2026-04-07T04:43:03.907+0530] {dag.py:4180} INFO - Setting next_dagrun for example_xcom to 2021-01-01 00:00:00+00:00, run_after=2021-01-01 00:00:00+00:00
[2026-04-07T04:43:03.925+0530] {processor.py:208} INFO - Processing /home/ubantu/miniconda3/envs/airflow-env/lib/python3.11/site-packages/airflow/example_dags/example_xcom.py took 0.071 seconds
[2026-04-07T04:43:48.576+0530] {processor.py:186} INFO - Started process (PID=9236) to work on /home/ubantu/miniconda3/envs/airflow-env/lib/python3.11/site-packages/airflow/example_dags/example_xcom.py
[2026-04-07T04:43:48.577+0530] {processor.py:914} INFO - Processing file /home/ubantu/miniconda3/envs/airflow-env/lib/python3.11/site-packages/airflow/example_dags/example_xcom.py for tasks to queue
[2026-04-07T04:43:48.579+0530] {logging_mixin.py:190} INFO - [2026-04-07T04:43:48.579+0530] {dagbag.py:588} INFO - Filling up the DagBag from /home/ubantu/miniconda3/envs/airflow-env/lib/python3.11/site-packages/airflow/example_dags/example_xcom.py
[2026-04-07T04:43:48.593+0530] {processor.py:925} INFO - DAG(s) 'example_xcom' retrieved from /home/ubantu/miniconda3/envs/airflow-env/lib/python3.11/site-packages/airflow/example_dags/example_xcom.py
[2026-04-07T04:43:48.619+0530] {logging_mixin.py:190} INFO - [2026-04-07T04:43:48.618+0530] {dag.py:3239} INFO - Sync 1 DAGs
[2026-04-07T04:43:48.648+0530] {logging_mixin.py:190} INFO - [2026-04-07T04:43:48.648+0530] {dag.py:4180} INFO - Setting next_dagrun for example_xcom to 2021-01-01 00:00:00+00:00, run_after=2021-01-01 00:00:00+00:00
[2026-04-07T04:43:48.669+0530] {processor.py:208} INFO - Processing /home/ubantu/miniconda3/envs/airflow-env/lib/python3.11/site-packages/airflow/example_dags/example_xcom.py took 0.101 seconds
[2026-04-07T04:43:57.877+0530] {processor.py:186} INFO - Started process (PID=9262) to work on /home/ubantu/miniconda3/envs/airflow-env/lib/python3.11/site-packages/airflow/example_dags/example_xcom.py
[2026-04-07T04:43:57.878+0530] {processor.py:914} INFO - Processing file /home/ubantu/miniconda3/envs/airflow-env/lib/python3.11/site-packages/airflow/example_dags/example_xcom.py for tasks to queue
[2026-04-07T04:43:57.881+0530] {logging_mixin.py:190} INFO - [2026-04-07T04:43:57.880+0530] {dagbag.py:588} INFO - Filling up the DagBag from /home/ubantu/miniconda3/envs/airflow-env/lib/python3.11/site-packages/airflow/example_dags/example_xcom.py
[2026-04-07T04:43:57.895+0530] {processor.py:925} INFO - DAG(s) 'example_xcom' retrieved from /home/ubantu/miniconda3/envs/airflow-env/lib/python3.11/site-packages/airflow/example_dags/example_xcom.py
[2026-04-07T04:43:57.914+0530] {logging_mixin.py:190} INFO - [2026-04-07T04:43:57.914+0530] {dag.py:3239} INFO - Sync 1 DAGs
[2026-04-07T04:43:57.933+0530] {logging_mixin.py:190} INFO - [2026-04-07T04:43:57.933+0530] {dag.py:4180} INFO - Setting next_dagrun for example_xcom to 2021-01-01 00:00:00+00:00, run_after=2021-01-01 00:00:00+00:00
[2026-04-07T04:43:58.044+0530] {processor.py:208} INFO - Processing /home/ubantu/miniconda3/envs/airflow-env/lib/python3.11/site-packages/airflow/example_dags/example_xcom.py took 0.175 seconds
[2026-04-07T04:44:46.418+0530] {processor.py:186} INFO - Started process (PID=9369) to work on /home/ubantu/miniconda3/envs/airflow-env/lib/python3.11/site-packages/airflow/example_dags/example_xcom.py
[2026-04-07T04:44:46.419+0530] {processor.py:914} INFO - Processing file /home/ubantu/miniconda3/envs/airflow-env/lib/python3.11/site-packages/airflow/example_dags/example_xcom.py for tasks to queue
[2026-04-07T04:44:46.421+0530] {logging_mixin.py:190} INFO - [2026-04-07T04:44:46.420+0530] {dagbag.py:588} INFO - Filling up the DagBag from /home/ubantu/miniconda3/envs/airflow-env/lib/python3.11/site-packages/airflow/example_dags/example_xcom.py
[2026-04-07T04:44:46.432+0530] {processor.py:925} INFO - DAG(s) 'example_xcom' retrieved from /home/ubantu/miniconda3/envs/airflow-env/lib/python3.11/site-packages/airflow/example_dags/example_xcom.py
[2026-04-07T04:44:46.448+0530] {logging_mixin.py:190} INFO - [2026-04-07T04:44:46.448+0530] {dag.py:3239} INFO - Sync 1 DAGs
[2026-04-07T04:44:46.466+0530] {logging_mixin.py:190} INFO - [2026-04-07T04:44:46.465+0530] {dag.py:4180} INFO - Setting next_dagrun for example_xcom to 2021-01-01 00:00:00+00:00, run_after=2021-01-01 00:00:00+00:00
[2026-04-07T04:44:46.483+0530] {processor.py:208} INFO - Processing /home/ubantu/miniconda3/envs/airflow-env/lib/python3.11/site-packages/airflow/example_dags/example_xcom.py took 0.071 seconds
[2026-04-07T04:45:00.572+0530] {processor.py:186} INFO - Started process (PID=9398) to work on /home/ubantu/miniconda3/envs/airflow-env/lib/python3.11/site-packages/airflow/example_dags/example_xcom.py
[2026-04-07T04:45:00.573+0530] {processor.py:914} INFO - Processing file /home/ubantu/miniconda3/envs/airflow-env/lib/python3.11/site-packages/airflow/example_dags/example_xcom.py for tasks to queue
[2026-04-07T04:45:00.575+0530] {logging_mixin.py:190} INFO - [2026-04-07T04:45:00.575+0530] {dagbag.py:588} INFO - Filling up the DagBag from /home/ubantu/miniconda3/envs/airflow-env/lib/python3.11/site-packages/airflow/example_dags/example_xcom.py
[2026-04-07T04:45:00.585+0530] {processor.py:925} INFO - DAG(s) 'example_xcom' retrieved from /home/ubantu/miniconda3/envs/airflow-env/lib/python3.11/site-packages/airflow/example_dags/example_xcom.py
[2026-04-07T04:45:00.601+0530] {logging_mixin.py:190} INFO - [2026-04-07T04:45:00.601+0530] {dag.py:3239} INFO - Sync 1 DAGs
[2026-04-07T04:45:00.620+0530] {logging_mixin.py:190} INFO - [2026-04-07T04:45:00.619+0530] {dag.py:4180} INFO - Setting next_dagrun for example_xcom to 2021-01-01 00:00:00+00:00, run_after=2021-01-01 00:00:00+00:00
[2026-04-07T04:45:00.638+0530] {processor.py:208} INFO - Processing /home/ubantu/miniconda3/envs/airflow-env/lib/python3.11/site-packages/airflow/example_dags/example_xcom.py took 0.071 seconds
[2026-04-07T04:45:40.551+0530] {processor.py:186} INFO - Started process (PID=9492) to work on /home/ubantu/miniconda3/envs/airflow-env/lib/python3.11/site-packages/airflow/example_dags/example_xcom.py
[2026-04-07T04:45:40.552+0530] {processor.py:914} INFO - Processing file /home/ubantu/miniconda3/envs/airflow-env/lib/python3.11/site-packages/airflow/example_dags/example_xcom.py for tasks to queue
[2026-04-07T04:45:40.554+0530] {logging_mixin.py:190} INFO - [2026-04-07T04:45:40.553+0530] {dagbag.py:588} INFO - Filling up the DagBag from /home/ubantu/miniconda3/envs/airflow-env/lib/python3.11/site-packages/airflow/example_dags/example_xcom.py
[2026-04-07T04:45:40.564+0530] {processor.py:925} INFO - DAG(s) 'example_xcom' retrieved from /home/ubantu/miniconda3/envs/airflow-env/lib/python3.11/site-packages/airflow/example_dags/example_xcom.py
[2026-04-07T04:45:40.580+0530] {logging_mixin.py:190} INFO - [2026-04-07T04:45:40.579+0530] {dag.py:3239} INFO - Sync 1 DAGs
[2026-04-07T04:45:40.597+0530] {logging_mixin.py:190} INFO - [2026-04-07T04:45:40.597+0530] {dag.py:4180} INFO - Setting next_dagrun for example_xcom to 2021-01-01 00:00:00+00:00, run_after=2021-01-01 00:00:00+00:00
[2026-04-07T04:45:40.615+0530] {processor.py:208} INFO - Processing /home/ubantu/miniconda3/envs/airflow-env/lib/python3.11/site-packages/airflow/example_dags/example_xcom.py took 0.070 seconds
[2026-04-07T04:45:56.340+0530] {processor.py:186} INFO - Started process (PID=9526) to work on /home/ubantu/miniconda3/envs/airflow-env/lib/python3.11/site-packages/airflow/example_dags/example_xcom.py
[2026-04-07T04:45:56.341+0530] {processor.py:914} INFO - Processing file /home/ubantu/miniconda3/envs/airflow-env/lib/python3.11/site-packages/airflow/example_dags/example_xcom.py for tasks to queue
[2026-04-07T04:45:56.344+0530] {logging_mixin.py:190} INFO - [2026-04-07T04:45:56.343+0530] {dagbag.py:588} INFO - Filling up the DagBag from /home/ubantu/miniconda3/envs/airflow-env/lib/python3.11/site-packages/airflow/example_dags/example_xcom.py
[2026-04-07T04:45:56.353+0530] {processor.py:925} INFO - DAG(s) 'example_xcom' retrieved from /home/ubantu/miniconda3/envs/airflow-env/lib/python3.11/site-packages/airflow/example_dags/example_xcom.py
[2026-04-07T04:45:56.369+0530] {logging_mixin.py:190} INFO - [2026-04-07T04:45:56.369+0530] {dag.py:3239} INFO - Sync 1 DAGs
[2026-04-07T04:45:56.386+0530] {logging_mixin.py:190} INFO - [2026-04-07T04:45:56.386+0530] {dag.py:4180} INFO - Setting next_dagrun for example_xcom to 2021-01-01 00:00:00+00:00, run_after=2021-01-01 00:00:00+00:00
[2026-04-07T04:45:56.403+0530] {processor.py:208} INFO - Processing /home/ubantu/miniconda3/envs/airflow-env/lib/python3.11/site-packages/airflow/example_dags/example_xcom.py took 0.068 seconds
[2026-04-07T04:46:31.500+0530] {processor.py:186} INFO - Started process (PID=9606) to work on /home/ubantu/miniconda3/envs/airflow-env/lib/python3.11/site-packages/airflow/example_dags/example_xcom.py
[2026-04-07T04:46:31.501+0530] {processor.py:914} INFO - Processing file /home/ubantu/miniconda3/envs/airflow-env/lib/python3.11/site-packages/airflow/example_dags/example_xcom.py for tasks to queue
[2026-04-07T04:46:31.502+0530] {logging_mixin.py:190} INFO - [2026-04-07T04:46:31.502+0530] {dagbag.py:588} INFO - Filling up the DagBag from /home/ubantu/miniconda3/envs/airflow-env/lib/python3.11/site-packages/airflow/example_dags/example_xcom.py
[2026-04-07T04:46:31.512+0530] {processor.py:925} INFO - DAG(s) 'example_xcom' retrieved from /home/ubantu/miniconda3/envs/airflow-env/lib/python3.11/site-packages/airflow/example_dags/example_xcom.py
[2026-04-07T04:46:31.528+0530] {logging_mixin.py:190} INFO - [2026-04-07T04:46:31.528+0530] {dag.py:3239} INFO - Sync 1 DAGs
[2026-04-07T04:46:31.546+0530] {logging_mixin.py:190} INFO - [2026-04-07T04:46:31.546+0530] {dag.py:4180} INFO - Setting next_dagrun for example_xcom to 2021-01-01 00:00:00+00:00, run_after=2021-01-01 00:00:00+00:00
[2026-04-07T04:46:31.563+0530] {processor.py:208} INFO - Processing /home/ubantu/miniconda3/envs/airflow-env/lib/python3.11/site-packages/airflow/example_dags/example_xcom.py took 0.069 seconds
[2026-04-07T04:46:51.135+0530] {processor.py:186} INFO - Started process (PID=9646) to work on /home/ubantu/miniconda3/envs/airflow-env/lib/python3.11/site-packages/airflow/example_dags/example_xcom.py
[2026-04-07T04:46:51.136+0530] {processor.py:914} INFO - Processing file /home/ubantu/miniconda3/envs/airflow-env/lib/python3.11/site-packages/airflow/example_dags/example_xcom.py for tasks to queue
[2026-04-07T04:46:51.139+0530] {logging_mixin.py:190} INFO - [2026-04-07T04:46:51.138+0530] {dagbag.py:588} INFO - Filling up the DagBag from /home/ubantu/miniconda3/envs/airflow-env/lib/python3.11/site-packages/airflow/example_dags/example_xcom.py
[2026-04-07T04:46:51.148+0530] {processor.py:925} INFO - DAG(s) 'example_xcom' retrieved from /home/ubantu/miniconda3/envs/airflow-env/lib/python3.11/site-packages/airflow/example_dags/example_xcom.py
[2026-04-07T04:46:51.164+0530] {logging_mixin.py:190} INFO - [2026-04-07T04:46:51.164+0530] {dag.py:3239} INFO - Sync 1 DAGs
[2026-04-07T04:46:51.181+0530] {logging_mixin.py:190} INFO - [2026-04-07T04:46:51.181+0530] {dag.py:4180} INFO - Setting next_dagrun for example_xcom to 2021-01-01 00:00:00+00:00, run_after=2021-01-01 00:00:00+00:00
[2026-04-07T04:46:51.198+0530] {processor.py:208} INFO - Processing /home/ubantu/miniconda3/envs/airflow-env/lib/python3.11/site-packages/airflow/example_dags/example_xcom.py took 0.069 seconds
[2026-04-07T04:47:25.028+0530] {processor.py:186} INFO - Started process (PID=9729) to work on /home/ubantu/miniconda3/envs/airflow-env/lib/python3.11/site-packages/airflow/example_dags/example_xcom.py
[2026-04-07T04:47:25.030+0530] {processor.py:914} INFO - Processing file /home/ubantu/miniconda3/envs/airflow-env/lib/python3.11/site-packages/airflow/example_dags/example_xcom.py for tasks to queue
[2026-04-07T04:47:25.031+0530] {logging_mixin.py:190} INFO - [2026-04-07T04:47:25.031+0530] {dagbag.py:588} INFO - Filling up the DagBag from /home/ubantu/miniconda3/envs/airflow-env/lib/python3.11/site-packages/airflow/example_dags/example_xcom.py
[2026-04-07T04:47:25.047+0530] {processor.py:925} INFO - DAG(s) 'example_xcom' retrieved from /home/ubantu/miniconda3/envs/airflow-env/lib/python3.11/site-packages/airflow/example_dags/example_xcom.py
[2026-04-07T04:47:25.071+0530] {logging_mixin.py:190} INFO - [2026-04-07T04:47:25.071+0530] {dag.py:3239} INFO - Sync 1 DAGs
[2026-04-07T04:47:25.098+0530] {logging_mixin.py:190} INFO - [2026-04-07T04:47:25.098+0530] {dag.py:4180} INFO - Setting next_dagrun for example_xcom to 2021-01-01 00:00:00+00:00, run_after=2021-01-01 00:00:00+00:00
[2026-04-07T04:47:25.116+0530] {processor.py:208} INFO - Processing /home/ubantu/miniconda3/envs/airflow-env/lib/python3.11/site-packages/airflow/example_dags/example_xcom.py took 0.097 seconds
[2026-04-07T04:47:48.691+0530] {processor.py:186} INFO - Started process (PID=9789) to work on /home/ubantu/miniconda3/envs/airflow-env/lib/python3.11/site-packages/airflow/example_dags/example_xcom.py
[2026-04-07T04:47:48.692+0530] {processor.py:914} INFO - Processing file /home/ubantu/miniconda3/envs/airflow-env/lib/python3.11/site-packages/airflow/example_dags/example_xcom.py for tasks to queue
[2026-04-07T04:47:48.695+0530] {logging_mixin.py:190} INFO - [2026-04-07T04:47:48.694+0530] {dagbag.py:588} INFO - Filling up the DagBag from /home/ubantu/miniconda3/envs/airflow-env/lib/python3.11/site-packages/airflow/example_dags/example_xcom.py
[2026-04-07T04:47:48.708+0530] {processor.py:925} INFO - DAG(s) 'example_xcom' retrieved from /home/ubantu/miniconda3/envs/airflow-env/lib/python3.11/site-packages/airflow/example_dags/example_xcom.py
[2026-04-07T04:47:48.730+0530] {logging_mixin.py:190} INFO - [2026-04-07T04:47:48.729+0530] {dag.py:3239} INFO - Sync 1 DAGs
[2026-04-07T04:47:48.748+0530] {logging_mixin.py:190} INFO - [2026-04-07T04:47:48.748+0530] {dag.py:4180} INFO - Setting next_dagrun for example_xcom to 2021-01-01 00:00:00+00:00, run_after=2021-01-01 00:00:00+00:00
[2026-04-07T04:47:48.767+0530] {processor.py:208} INFO - Processing /home/ubantu/miniconda3/envs/airflow-env/lib/python3.11/site-packages/airflow/example_dags/example_xcom.py took 0.085 seconds
[2026-04-07T05:09:53.285+0530] {processor.py:186} INFO - Started process (PID=10956) to work on /home/ubantu/miniconda3/envs/airflow-env/lib/python3.11/site-packages/airflow/example_dags/example_xcom.py
[2026-04-07T05:09:53.287+0530] {processor.py:914} INFO - Processing file /home/ubantu/miniconda3/envs/airflow-env/lib/python3.11/site-packages/airflow/example_dags/example_xcom.py for tasks to queue
[2026-04-07T05:09:53.290+0530] {logging_mixin.py:190} INFO - [2026-04-07T05:09:53.289+0530] {dagbag.py:588} INFO - Filling up the DagBag from /home/ubantu/miniconda3/envs/airflow-env/lib/python3.11/site-packages/airflow/example_dags/example_xcom.py
[2026-04-07T05:09:53.303+0530] {processor.py:925} INFO - DAG(s) 'example_xcom' retrieved from /home/ubantu/miniconda3/envs/airflow-env/lib/python3.11/site-packages/airflow/example_dags/example_xcom.py
[2026-04-07T05:09:53.406+0530] {logging_mixin.py:190} INFO - [2026-04-07T05:09:53.405+0530] {dag.py:3239} INFO - Sync 1 DAGs
[2026-04-07T05:09:53.421+0530] {logging_mixin.py:190} INFO - [2026-04-07T05:09:53.420+0530] {dag.py:4180} INFO - Setting next_dagrun for example_xcom to 2021-01-01 00:00:00+00:00, run_after=2021-01-01 00:00:00+00:00
[2026-04-07T05:09:53.438+0530] {processor.py:208} INFO - Processing /home/ubantu/miniconda3/envs/airflow-env/lib/python3.11/site-packages/airflow/example_dags/example_xcom.py took 0.161 seconds
[2026-04-07T05:11:24.068+0530] {processor.py:186} INFO - Started process (PID=11111) to work on /home/ubantu/miniconda3/envs/airflow-env/lib/python3.11/site-packages/airflow/example_dags/example_xcom.py
[2026-04-07T05:11:24.069+0530] {processor.py:914} INFO - Processing file /home/ubantu/miniconda3/envs/airflow-env/lib/python3.11/site-packages/airflow/example_dags/example_xcom.py for tasks to queue
[2026-04-07T05:11:24.072+0530] {logging_mixin.py:190} INFO - [2026-04-07T05:11:24.071+0530] {dagbag.py:588} INFO - Filling up the DagBag from /home/ubantu/miniconda3/envs/airflow-env/lib/python3.11/site-packages/airflow/example_dags/example_xcom.py
[2026-04-07T05:11:24.082+0530] {processor.py:925} INFO - DAG(s) 'example_xcom' retrieved from /home/ubantu/miniconda3/envs/airflow-env/lib/python3.11/site-packages/airflow/example_dags/example_xcom.py
[2026-04-07T05:11:24.105+0530] {logging_mixin.py:190} INFO - [2026-04-07T05:11:24.104+0530] {dag.py:3239} INFO - Sync 1 DAGs
[2026-04-07T05:11:24.121+0530] {logging_mixin.py:190} INFO - [2026-04-07T05:11:24.121+0530] {dag.py:4180} INFO - Setting next_dagrun for example_xcom to 2021-01-01 00:00:00+00:00, run_after=2021-01-01 00:00:00+00:00
[2026-04-07T05:11:24.138+0530] {processor.py:208} INFO - Processing /home/ubantu/miniconda3/envs/airflow-env/lib/python3.11/site-packages/airflow/example_dags/example_xcom.py took 0.076 seconds
[2026-04-07T05:12:21.182+0530] {processor.py:186} INFO - Started process (PID=11196) to work on /home/ubantu/miniconda3/envs/airflow-env/lib/python3.11/site-packages/airflow/example_dags/example_xcom.py
[2026-04-07T05:12:21.183+0530] {processor.py:914} INFO - Processing file /home/ubantu/miniconda3/envs/airflow-env/lib/python3.11/site-packages/airflow/example_dags/example_xcom.py for tasks to queue
[2026-04-07T05:12:21.186+0530] {logging_mixin.py:190} INFO - [2026-04-07T05:12:21.185+0530] {dagbag.py:588} INFO - Filling up the DagBag from /home/ubantu/miniconda3/envs/airflow-env/lib/python3.11/site-packages/airflow/example_dags/example_xcom.py
[2026-04-07T05:12:21.196+0530] {processor.py:925} INFO - DAG(s) 'example_xcom' retrieved from /home/ubantu/miniconda3/envs/airflow-env/lib/python3.11/site-packages/airflow/example_dags/example_xcom.py
[2026-04-07T05:12:21.212+0530] {logging_mixin.py:190} INFO - [2026-04-07T05:12:21.212+0530] {dag.py:3239} INFO - Sync 1 DAGs
[2026-04-07T05:12:21.231+0530] {logging_mixin.py:190} INFO - [2026-04-07T05:12:21.231+0530] {dag.py:4180} INFO - Setting next_dagrun for example_xcom to 2021-01-01 00:00:00+00:00, run_after=2021-01-01 00:00:00+00:00
[2026-04-07T05:12:21.250+0530] {processor.py:208} INFO - Processing /home/ubantu/miniconda3/envs/airflow-env/lib/python3.11/site-packages/airflow/example_dags/example_xcom.py took 0.073 seconds
[2026-04-07T05:13:21.870+0530] {processor.py:186} INFO - Started process (PID=11283) to work on /home/ubantu/miniconda3/envs/airflow-env/lib/python3.11/site-packages/airflow/example_dags/example_xcom.py
[2026-04-07T05:13:21.871+0530] {processor.py:914} INFO - Processing file /home/ubantu/miniconda3/envs/airflow-env/lib/python3.11/site-packages/airflow/example_dags/example_xcom.py for tasks to queue
[2026-04-07T05:13:21.873+0530] {logging_mixin.py:190} INFO - [2026-04-07T05:13:21.872+0530] {dagbag.py:588} INFO - Filling up the DagBag from /home/ubantu/miniconda3/envs/airflow-env/lib/python3.11/site-packages/airflow/example_dags/example_xcom.py
[2026-04-07T05:13:21.881+0530] {processor.py:925} INFO - DAG(s) 'example_xcom' retrieved from /home/ubantu/miniconda3/envs/airflow-env/lib/python3.11/site-packages/airflow/example_dags/example_xcom.py
[2026-04-07T05:13:21.895+0530] {logging_mixin.py:190} INFO - [2026-04-07T05:13:21.895+0530] {dag.py:3239} INFO - Sync 1 DAGs
[2026-04-07T05:13:21.913+0530] {logging_mixin.py:190} INFO - [2026-04-07T05:13:21.912+0530] {dag.py:4180} INFO - Setting next_dagrun for example_xcom to 2021-01-01 00:00:00+00:00, run_after=2021-01-01 00:00:00+00:00
[2026-04-07T05:13:22.024+0530] {processor.py:208} INFO - Processing /home/ubantu/miniconda3/envs/airflow-env/lib/python3.11/site-packages/airflow/example_dags/example_xcom.py took 0.159 seconds
[2026-04-07T05:17:31.981+0530] {processor.py:186} INFO - Started process (PID=11559) to work on /home/ubantu/miniconda3/envs/airflow-env/lib/python3.11/site-packages/airflow/example_dags/example_xcom.py
[2026-04-07T05:17:31.982+0530] {processor.py:914} INFO - Processing file /home/ubantu/miniconda3/envs/airflow-env/lib/python3.11/site-packages/airflow/example_dags/example_xcom.py for tasks to queue
[2026-04-07T05:17:31.985+0530] {logging_mixin.py:190} INFO - [2026-04-07T05:17:31.985+0530] {dagbag.py:588} INFO - Filling up the DagBag from /home/ubantu/miniconda3/envs/airflow-env/lib/python3.11/site-packages/airflow/example_dags/example_xcom.py
[2026-04-07T05:17:31.999+0530] {processor.py:925} INFO - DAG(s) 'example_xcom' retrieved from /home/ubantu/miniconda3/envs/airflow-env/lib/python3.11/site-packages/airflow/example_dags/example_xcom.py
[2026-04-07T05:17:32.025+0530] {logging_mixin.py:190} INFO - [2026-04-07T05:17:32.025+0530] {dag.py:3239} INFO - Sync 1 DAGs
[2026-04-07T05:17:32.044+0530] {logging_mixin.py:190} INFO - [2026-04-07T05:17:32.044+0530] {dag.py:4180} INFO - Setting next_dagrun for example_xcom to 2021-01-01 00:00:00+00:00, run_after=2021-01-01 00:00:00+00:00
[2026-04-07T05:17:32.065+0530] {processor.py:208} INFO - Processing /home/ubantu/miniconda3/envs/airflow-env/lib/python3.11/site-packages/airflow/example_dags/example_xcom.py took 0.095 seconds
