[2026-04-07T04:07:53.165+0530] {processor.py:186} INFO - Started process (PID=5808) to work on /home/ubantu/miniconda3/envs/airflow-env/lib/python3.11/site-packages/airflow/example_dags/example_nested_branch_dag.py
[2026-04-07T04:07:53.166+0530] {processor.py:914} INFO - Processing file /home/ubantu/miniconda3/envs/airflow-env/lib/python3.11/site-packages/airflow/example_dags/example_nested_branch_dag.py for tasks to queue
[2026-04-07T04:07:53.168+0530] {logging_mixin.py:190} INFO - [2026-04-07T04:07:53.168+0530] {dagbag.py:588} INFO - Filling up the DagBag from /home/ubantu/miniconda3/envs/airflow-env/lib/python3.11/site-packages/airflow/example_dags/example_nested_branch_dag.py
[2026-04-07T04:07:53.179+0530] {processor.py:925} INFO - DAG(s) 'example_nested_branch_dag' retrieved from /home/ubantu/miniconda3/envs/airflow-env/lib/python3.11/site-packages/airflow/example_dags/example_nested_branch_dag.py
[2026-04-07T04:07:53.265+0530] {logging_mixin.py:190} INFO - [2026-04-07T04:07:53.264+0530] {override.py:1911} INFO - Created Permission View: can delete on DAG:example_nested_branch_dag
[2026-04-07T04:07:53.274+0530] {logging_mixin.py:190} INFO - [2026-04-07T04:07:53.274+0530] {override.py:1911} INFO - Created Permission View: can edit on DAG:example_nested_branch_dag
[2026-04-07T04:07:53.281+0530] {logging_mixin.py:190} INFO - [2026-04-07T04:07:53.280+0530] {override.py:1911} INFO - Created Permission View: can read on DAG:example_nested_branch_dag
[2026-04-07T04:07:53.289+0530] {logging_mixin.py:190} INFO - [2026-04-07T04:07:53.289+0530] {override.py:1911} INFO - Created Permission View: can create on DAG Run:example_nested_branch_dag
[2026-04-07T04:07:53.295+0530] {logging_mixin.py:190} INFO - [2026-04-07T04:07:53.295+0530] {override.py:1911} INFO - Created Permission View: can delete on DAG Run:example_nested_branch_dag
[2026-04-07T04:07:53.302+0530] {logging_mixin.py:190} INFO - [2026-04-07T04:07:53.301+0530] {override.py:1911} INFO - Created Permission View: menu access on DAG Run:example_nested_branch_dag
[2026-04-07T04:07:53.308+0530] {logging_mixin.py:190} INFO - [2026-04-07T04:07:53.307+0530] {override.py:1911} INFO - Created Permission View: can read on DAG Run:example_nested_branch_dag
[2026-04-07T04:07:53.308+0530] {logging_mixin.py:190} INFO - [2026-04-07T04:07:53.308+0530] {dag.py:3239} INFO - Sync 1 DAGs
[2026-04-07T04:07:53.317+0530] {logging_mixin.py:190} INFO - [2026-04-07T04:07:53.317+0530] {dag.py:3262} INFO - Creating ORM DAG for example_nested_branch_dag
[2026-04-07T04:07:53.325+0530] {logging_mixin.py:190} INFO - [2026-04-07T04:07:53.325+0530] {dag.py:4180} INFO - Setting next_dagrun for example_nested_branch_dag to 2026-04-05 00:00:00+00:00, run_after=2026-04-06 00:00:00+00:00
[2026-04-07T04:07:53.432+0530] {processor.py:208} INFO - Processing /home/ubantu/miniconda3/envs/airflow-env/lib/python3.11/site-packages/airflow/example_dags/example_nested_branch_dag.py took 0.273 seconds
[2026-04-07T04:09:00.139+0530] {processor.py:186} INFO - Started process (PID=5995) to work on /home/ubantu/miniconda3/envs/airflow-env/lib/python3.11/site-packages/airflow/example_dags/example_nested_branch_dag.py
[2026-04-07T04:09:00.140+0530] {processor.py:914} INFO - Processing file /home/ubantu/miniconda3/envs/airflow-env/lib/python3.11/site-packages/airflow/example_dags/example_nested_branch_dag.py for tasks to queue
[2026-04-07T04:09:00.142+0530] {logging_mixin.py:190} INFO - [2026-04-07T04:09:00.142+0530] {dagbag.py:588} INFO - Filling up the DagBag from /home/ubantu/miniconda3/envs/airflow-env/lib/python3.11/site-packages/airflow/example_dags/example_nested_branch_dag.py
[2026-04-07T04:09:00.153+0530] {processor.py:925} INFO - DAG(s) 'example_nested_branch_dag' retrieved from /home/ubantu/miniconda3/envs/airflow-env/lib/python3.11/site-packages/airflow/example_dags/example_nested_branch_dag.py
[2026-04-07T04:09:00.170+0530] {logging_mixin.py:190} INFO - [2026-04-07T04:09:00.169+0530] {dag.py:3239} INFO - Sync 1 DAGs
[2026-04-07T04:09:00.190+0530] {logging_mixin.py:190} INFO - [2026-04-07T04:09:00.189+0530] {dag.py:4180} INFO - Setting next_dagrun for example_nested_branch_dag to 2026-04-05 00:00:00+00:00, run_after=2026-04-06 00:00:00+00:00
[2026-04-07T04:09:00.209+0530] {processor.py:208} INFO - Processing /home/ubantu/miniconda3/envs/airflow-env/lib/python3.11/site-packages/airflow/example_dags/example_nested_branch_dag.py took 0.075 seconds
[2026-04-07T04:09:57.916+0530] {processor.py:186} INFO - Started process (PID=6162) to work on /home/ubantu/miniconda3/envs/airflow-env/lib/python3.11/site-packages/airflow/example_dags/example_nested_branch_dag.py
[2026-04-07T04:09:57.918+0530] {processor.py:914} INFO - Processing file /home/ubantu/miniconda3/envs/airflow-env/lib/python3.11/site-packages/airflow/example_dags/example_nested_branch_dag.py for tasks to queue
[2026-04-07T04:09:57.920+0530] {logging_mixin.py:190} INFO - [2026-04-07T04:09:57.919+0530] {dagbag.py:588} INFO - Filling up the DagBag from /home/ubantu/miniconda3/envs/airflow-env/lib/python3.11/site-packages/airflow/example_dags/example_nested_branch_dag.py
[2026-04-07T04:09:57.932+0530] {processor.py:925} INFO - DAG(s) 'example_nested_branch_dag' retrieved from /home/ubantu/miniconda3/envs/airflow-env/lib/python3.11/site-packages/airflow/example_dags/example_nested_branch_dag.py
[2026-04-07T04:09:57.949+0530] {logging_mixin.py:190} INFO - [2026-04-07T04:09:57.949+0530] {dag.py:3239} INFO - Sync 1 DAGs
[2026-04-07T04:09:58.074+0530] {logging_mixin.py:190} INFO - [2026-04-07T04:09:58.073+0530] {dag.py:4180} INFO - Setting next_dagrun for example_nested_branch_dag to 2026-04-05 00:00:00+00:00, run_after=2026-04-06 00:00:00+00:00
[2026-04-07T04:09:58.090+0530] {processor.py:208} INFO - Processing /home/ubantu/miniconda3/envs/airflow-env/lib/python3.11/site-packages/airflow/example_dags/example_nested_branch_dag.py took 0.180 seconds
[2026-04-07T04:10:52.150+0530] {processor.py:186} INFO - Started process (PID=6231) to work on /home/ubantu/miniconda3/envs/airflow-env/lib/python3.11/site-packages/airflow/example_dags/example_nested_branch_dag.py
[2026-04-07T04:10:52.152+0530] {processor.py:914} INFO - Processing file /home/ubantu/miniconda3/envs/airflow-env/lib/python3.11/site-packages/airflow/example_dags/example_nested_branch_dag.py for tasks to queue
[2026-04-07T04:10:52.154+0530] {logging_mixin.py:190} INFO - [2026-04-07T04:10:52.153+0530] {dagbag.py:588} INFO - Filling up the DagBag from /home/ubantu/miniconda3/envs/airflow-env/lib/python3.11/site-packages/airflow/example_dags/example_nested_branch_dag.py
[2026-04-07T04:10:52.167+0530] {processor.py:925} INFO - DAG(s) 'example_nested_branch_dag' retrieved from /home/ubantu/miniconda3/envs/airflow-env/lib/python3.11/site-packages/airflow/example_dags/example_nested_branch_dag.py
[2026-04-07T04:10:52.184+0530] {logging_mixin.py:190} INFO - [2026-04-07T04:10:52.184+0530] {dag.py:3239} INFO - Sync 1 DAGs
[2026-04-07T04:10:52.204+0530] {logging_mixin.py:190} INFO - [2026-04-07T04:10:52.203+0530] {dag.py:4180} INFO - Setting next_dagrun for example_nested_branch_dag to 2026-04-05 00:00:00+00:00, run_after=2026-04-06 00:00:00+00:00
[2026-04-07T04:10:52.222+0530] {processor.py:208} INFO - Processing /home/ubantu/miniconda3/envs/airflow-env/lib/python3.11/site-packages/airflow/example_dags/example_nested_branch_dag.py took 0.078 seconds
[2026-04-07T04:11:46.652+0530] {processor.py:186} INFO - Started process (PID=6299) to work on /home/ubantu/miniconda3/envs/airflow-env/lib/python3.11/site-packages/airflow/example_dags/example_nested_branch_dag.py
[2026-04-07T04:11:46.653+0530] {processor.py:914} INFO - Processing file /home/ubantu/miniconda3/envs/airflow-env/lib/python3.11/site-packages/airflow/example_dags/example_nested_branch_dag.py for tasks to queue
[2026-04-07T04:11:46.656+0530] {logging_mixin.py:190} INFO - [2026-04-07T04:11:46.655+0530] {dagbag.py:588} INFO - Filling up the DagBag from /home/ubantu/miniconda3/envs/airflow-env/lib/python3.11/site-packages/airflow/example_dags/example_nested_branch_dag.py
[2026-04-07T04:11:46.670+0530] {processor.py:925} INFO - DAG(s) 'example_nested_branch_dag' retrieved from /home/ubantu/miniconda3/envs/airflow-env/lib/python3.11/site-packages/airflow/example_dags/example_nested_branch_dag.py
[2026-04-07T04:11:46.688+0530] {logging_mixin.py:190} INFO - [2026-04-07T04:11:46.688+0530] {dag.py:3239} INFO - Sync 1 DAGs
[2026-04-07T04:11:46.706+0530] {logging_mixin.py:190} INFO - [2026-04-07T04:11:46.706+0530] {dag.py:4180} INFO - Setting next_dagrun for example_nested_branch_dag to 2026-04-05 00:00:00+00:00, run_after=2026-04-06 00:00:00+00:00
[2026-04-07T04:11:46.725+0530] {processor.py:208} INFO - Processing /home/ubantu/miniconda3/envs/airflow-env/lib/python3.11/site-packages/airflow/example_dags/example_nested_branch_dag.py took 0.079 seconds
[2026-04-07T04:12:40.608+0530] {processor.py:186} INFO - Started process (PID=6361) to work on /home/ubantu/miniconda3/envs/airflow-env/lib/python3.11/site-packages/airflow/example_dags/example_nested_branch_dag.py
[2026-04-07T04:12:40.610+0530] {processor.py:914} INFO - Processing file /home/ubantu/miniconda3/envs/airflow-env/lib/python3.11/site-packages/airflow/example_dags/example_nested_branch_dag.py for tasks to queue
[2026-04-07T04:12:40.612+0530] {logging_mixin.py:190} INFO - [2026-04-07T04:12:40.612+0530] {dagbag.py:588} INFO - Filling up the DagBag from /home/ubantu/miniconda3/envs/airflow-env/lib/python3.11/site-packages/airflow/example_dags/example_nested_branch_dag.py
[2026-04-07T04:12:40.627+0530] {processor.py:925} INFO - DAG(s) 'example_nested_branch_dag' retrieved from /home/ubantu/miniconda3/envs/airflow-env/lib/python3.11/site-packages/airflow/example_dags/example_nested_branch_dag.py
[2026-04-07T04:12:40.645+0530] {logging_mixin.py:190} INFO - [2026-04-07T04:12:40.645+0530] {dag.py:3239} INFO - Sync 1 DAGs
[2026-04-07T04:12:40.665+0530] {logging_mixin.py:190} INFO - [2026-04-07T04:12:40.664+0530] {dag.py:4180} INFO - Setting next_dagrun for example_nested_branch_dag to 2026-04-05 00:00:00+00:00, run_after=2026-04-06 00:00:00+00:00
[2026-04-07T04:12:40.682+0530] {processor.py:208} INFO - Processing /home/ubantu/miniconda3/envs/airflow-env/lib/python3.11/site-packages/airflow/example_dags/example_nested_branch_dag.py took 0.081 seconds
[2026-04-07T04:13:33.152+0530] {processor.py:186} INFO - Started process (PID=6428) to work on /home/ubantu/miniconda3/envs/airflow-env/lib/python3.11/site-packages/airflow/example_dags/example_nested_branch_dag.py
[2026-04-07T04:13:33.153+0530] {processor.py:914} INFO - Processing file /home/ubantu/miniconda3/envs/airflow-env/lib/python3.11/site-packages/airflow/example_dags/example_nested_branch_dag.py for tasks to queue
[2026-04-07T04:13:33.154+0530] {logging_mixin.py:190} INFO - [2026-04-07T04:13:33.154+0530] {dagbag.py:588} INFO - Filling up the DagBag from /home/ubantu/miniconda3/envs/airflow-env/lib/python3.11/site-packages/airflow/example_dags/example_nested_branch_dag.py
[2026-04-07T04:13:33.165+0530] {processor.py:925} INFO - DAG(s) 'example_nested_branch_dag' retrieved from /home/ubantu/miniconda3/envs/airflow-env/lib/python3.11/site-packages/airflow/example_dags/example_nested_branch_dag.py
[2026-04-07T04:13:33.183+0530] {logging_mixin.py:190} INFO - [2026-04-07T04:13:33.183+0530] {dag.py:3239} INFO - Sync 1 DAGs
[2026-04-07T04:13:33.202+0530] {logging_mixin.py:190} INFO - [2026-04-07T04:13:33.202+0530] {dag.py:4180} INFO - Setting next_dagrun for example_nested_branch_dag to 2026-04-05 00:00:00+00:00, run_after=2026-04-06 00:00:00+00:00
[2026-04-07T04:13:33.222+0530] {processor.py:208} INFO - Processing /home/ubantu/miniconda3/envs/airflow-env/lib/python3.11/site-packages/airflow/example_dags/example_nested_branch_dag.py took 0.076 seconds
[2026-04-07T04:14:27.565+0530] {processor.py:186} INFO - Started process (PID=6488) to work on /home/ubantu/miniconda3/envs/airflow-env/lib/python3.11/site-packages/airflow/example_dags/example_nested_branch_dag.py
[2026-04-07T04:14:27.566+0530] {processor.py:914} INFO - Processing file /home/ubantu/miniconda3/envs/airflow-env/lib/python3.11/site-packages/airflow/example_dags/example_nested_branch_dag.py for tasks to queue
[2026-04-07T04:14:27.568+0530] {logging_mixin.py:190} INFO - [2026-04-07T04:14:27.568+0530] {dagbag.py:588} INFO - Filling up the DagBag from /home/ubantu/miniconda3/envs/airflow-env/lib/python3.11/site-packages/airflow/example_dags/example_nested_branch_dag.py
[2026-04-07T04:14:27.581+0530] {processor.py:925} INFO - DAG(s) 'example_nested_branch_dag' retrieved from /home/ubantu/miniconda3/envs/airflow-env/lib/python3.11/site-packages/airflow/example_dags/example_nested_branch_dag.py
[2026-04-07T04:14:27.598+0530] {logging_mixin.py:190} INFO - [2026-04-07T04:14:27.598+0530] {dag.py:3239} INFO - Sync 1 DAGs
[2026-04-07T04:14:27.616+0530] {logging_mixin.py:190} INFO - [2026-04-07T04:14:27.615+0530] {dag.py:4180} INFO - Setting next_dagrun for example_nested_branch_dag to 2026-04-05 00:00:00+00:00, run_after=2026-04-06 00:00:00+00:00
[2026-04-07T04:14:27.633+0530] {processor.py:208} INFO - Processing /home/ubantu/miniconda3/envs/airflow-env/lib/python3.11/site-packages/airflow/example_dags/example_nested_branch_dag.py took 0.074 seconds
[2026-04-07T04:15:20.260+0530] {processor.py:186} INFO - Started process (PID=6551) to work on /home/ubantu/miniconda3/envs/airflow-env/lib/python3.11/site-packages/airflow/example_dags/example_nested_branch_dag.py
[2026-04-07T04:15:20.261+0530] {processor.py:914} INFO - Processing file /home/ubantu/miniconda3/envs/airflow-env/lib/python3.11/site-packages/airflow/example_dags/example_nested_branch_dag.py for tasks to queue
[2026-04-07T04:15:20.264+0530] {logging_mixin.py:190} INFO - [2026-04-07T04:15:20.263+0530] {dagbag.py:588} INFO - Filling up the DagBag from /home/ubantu/miniconda3/envs/airflow-env/lib/python3.11/site-packages/airflow/example_dags/example_nested_branch_dag.py
[2026-04-07T04:15:20.277+0530] {processor.py:925} INFO - DAG(s) 'example_nested_branch_dag' retrieved from /home/ubantu/miniconda3/envs/airflow-env/lib/python3.11/site-packages/airflow/example_dags/example_nested_branch_dag.py
[2026-04-07T04:15:20.293+0530] {logging_mixin.py:190} INFO - [2026-04-07T04:15:20.293+0530] {dag.py:3239} INFO - Sync 1 DAGs
[2026-04-07T04:15:20.313+0530] {logging_mixin.py:190} INFO - [2026-04-07T04:15:20.313+0530] {dag.py:4180} INFO - Setting next_dagrun for example_nested_branch_dag to 2026-04-05 00:00:00+00:00, run_after=2026-04-06 00:00:00+00:00
[2026-04-07T04:15:20.330+0530] {processor.py:208} INFO - Processing /home/ubantu/miniconda3/envs/airflow-env/lib/python3.11/site-packages/airflow/example_dags/example_nested_branch_dag.py took 0.077 seconds
[2026-04-07T04:16:11.764+0530] {processor.py:186} INFO - Started process (PID=6609) to work on /home/ubantu/miniconda3/envs/airflow-env/lib/python3.11/site-packages/airflow/example_dags/example_nested_branch_dag.py
[2026-04-07T04:16:11.765+0530] {processor.py:914} INFO - Processing file /home/ubantu/miniconda3/envs/airflow-env/lib/python3.11/site-packages/airflow/example_dags/example_nested_branch_dag.py for tasks to queue
[2026-04-07T04:16:11.767+0530] {logging_mixin.py:190} INFO - [2026-04-07T04:16:11.766+0530] {dagbag.py:588} INFO - Filling up the DagBag from /home/ubantu/miniconda3/envs/airflow-env/lib/python3.11/site-packages/airflow/example_dags/example_nested_branch_dag.py
[2026-04-07T04:16:11.779+0530] {processor.py:925} INFO - DAG(s) 'example_nested_branch_dag' retrieved from /home/ubantu/miniconda3/envs/airflow-env/lib/python3.11/site-packages/airflow/example_dags/example_nested_branch_dag.py
[2026-04-07T04:16:11.795+0530] {logging_mixin.py:190} INFO - [2026-04-07T04:16:11.795+0530] {dag.py:3239} INFO - Sync 1 DAGs
[2026-04-07T04:16:11.815+0530] {logging_mixin.py:190} INFO - [2026-04-07T04:16:11.815+0530] {dag.py:4180} INFO - Setting next_dagrun for example_nested_branch_dag to 2026-04-05 00:00:00+00:00, run_after=2026-04-06 00:00:00+00:00
[2026-04-07T04:16:11.835+0530] {processor.py:208} INFO - Processing /home/ubantu/miniconda3/envs/airflow-env/lib/python3.11/site-packages/airflow/example_dags/example_nested_branch_dag.py took 0.077 seconds
[2026-04-07T04:17:00.885+0530] {processor.py:186} INFO - Started process (PID=6669) to work on /home/ubantu/miniconda3/envs/airflow-env/lib/python3.11/site-packages/airflow/example_dags/example_nested_branch_dag.py
[2026-04-07T04:17:00.886+0530] {processor.py:914} INFO - Processing file /home/ubantu/miniconda3/envs/airflow-env/lib/python3.11/site-packages/airflow/example_dags/example_nested_branch_dag.py for tasks to queue
[2026-04-07T04:17:00.888+0530] {logging_mixin.py:190} INFO - [2026-04-07T04:17:00.887+0530] {dagbag.py:588} INFO - Filling up the DagBag from /home/ubantu/miniconda3/envs/airflow-env/lib/python3.11/site-packages/airflow/example_dags/example_nested_branch_dag.py
[2026-04-07T04:17:00.898+0530] {processor.py:925} INFO - DAG(s) 'example_nested_branch_dag' retrieved from /home/ubantu/miniconda3/envs/airflow-env/lib/python3.11/site-packages/airflow/example_dags/example_nested_branch_dag.py
[2026-04-07T04:17:00.914+0530] {logging_mixin.py:190} INFO - [2026-04-07T04:17:00.913+0530] {dag.py:3239} INFO - Sync 1 DAGs
[2026-04-07T04:17:00.931+0530] {logging_mixin.py:190} INFO - [2026-04-07T04:17:00.931+0530] {dag.py:4180} INFO - Setting next_dagrun for example_nested_branch_dag to 2026-04-05 00:00:00+00:00, run_after=2026-04-06 00:00:00+00:00
[2026-04-07T04:17:00.951+0530] {processor.py:208} INFO - Processing /home/ubantu/miniconda3/envs/airflow-env/lib/python3.11/site-packages/airflow/example_dags/example_nested_branch_dag.py took 0.073 seconds
[2026-04-07T04:17:50.826+0530] {processor.py:186} INFO - Started process (PID=6728) to work on /home/ubantu/miniconda3/envs/airflow-env/lib/python3.11/site-packages/airflow/example_dags/example_nested_branch_dag.py
[2026-04-07T04:17:50.827+0530] {processor.py:914} INFO - Processing file /home/ubantu/miniconda3/envs/airflow-env/lib/python3.11/site-packages/airflow/example_dags/example_nested_branch_dag.py for tasks to queue
[2026-04-07T04:17:50.830+0530] {logging_mixin.py:190} INFO - [2026-04-07T04:17:50.829+0530] {dagbag.py:588} INFO - Filling up the DagBag from /home/ubantu/miniconda3/envs/airflow-env/lib/python3.11/site-packages/airflow/example_dags/example_nested_branch_dag.py
[2026-04-07T04:17:50.842+0530] {processor.py:925} INFO - DAG(s) 'example_nested_branch_dag' retrieved from /home/ubantu/miniconda3/envs/airflow-env/lib/python3.11/site-packages/airflow/example_dags/example_nested_branch_dag.py
[2026-04-07T04:17:50.858+0530] {logging_mixin.py:190} INFO - [2026-04-07T04:17:50.858+0530] {dag.py:3239} INFO - Sync 1 DAGs
[2026-04-07T04:17:50.879+0530] {logging_mixin.py:190} INFO - [2026-04-07T04:17:50.878+0530] {dag.py:4180} INFO - Setting next_dagrun for example_nested_branch_dag to 2026-04-05 00:00:00+00:00, run_after=2026-04-06 00:00:00+00:00
[2026-04-07T04:17:50.898+0530] {processor.py:208} INFO - Processing /home/ubantu/miniconda3/envs/airflow-env/lib/python3.11/site-packages/airflow/example_dags/example_nested_branch_dag.py took 0.078 seconds
[2026-04-07T04:18:43.879+0530] {processor.py:186} INFO - Started process (PID=6838) to work on /home/ubantu/miniconda3/envs/airflow-env/lib/python3.11/site-packages/airflow/example_dags/example_nested_branch_dag.py
[2026-04-07T04:18:43.880+0530] {processor.py:914} INFO - Processing file /home/ubantu/miniconda3/envs/airflow-env/lib/python3.11/site-packages/airflow/example_dags/example_nested_branch_dag.py for tasks to queue
[2026-04-07T04:18:43.883+0530] {logging_mixin.py:190} INFO - [2026-04-07T04:18:43.882+0530] {dagbag.py:588} INFO - Filling up the DagBag from /home/ubantu/miniconda3/envs/airflow-env/lib/python3.11/site-packages/airflow/example_dags/example_nested_branch_dag.py
[2026-04-07T04:18:43.895+0530] {processor.py:925} INFO - DAG(s) 'example_nested_branch_dag' retrieved from /home/ubantu/miniconda3/envs/airflow-env/lib/python3.11/site-packages/airflow/example_dags/example_nested_branch_dag.py
[2026-04-07T04:18:43.911+0530] {logging_mixin.py:190} INFO - [2026-04-07T04:18:43.910+0530] {dag.py:3239} INFO - Sync 1 DAGs
[2026-04-07T04:18:43.929+0530] {logging_mixin.py:190} INFO - [2026-04-07T04:18:43.929+0530] {dag.py:4180} INFO - Setting next_dagrun for example_nested_branch_dag to 2026-04-05 00:00:00+00:00, run_after=2026-04-06 00:00:00+00:00
[2026-04-07T04:18:43.946+0530] {processor.py:208} INFO - Processing /home/ubantu/miniconda3/envs/airflow-env/lib/python3.11/site-packages/airflow/example_dags/example_nested_branch_dag.py took 0.072 seconds
[2026-04-07T04:19:37.723+0530] {processor.py:186} INFO - Started process (PID=6899) to work on /home/ubantu/miniconda3/envs/airflow-env/lib/python3.11/site-packages/airflow/example_dags/example_nested_branch_dag.py
[2026-04-07T04:19:37.724+0530] {processor.py:914} INFO - Processing file /home/ubantu/miniconda3/envs/airflow-env/lib/python3.11/site-packages/airflow/example_dags/example_nested_branch_dag.py for tasks to queue
[2026-04-07T04:19:37.726+0530] {logging_mixin.py:190} INFO - [2026-04-07T04:19:37.726+0530] {dagbag.py:588} INFO - Filling up the DagBag from /home/ubantu/miniconda3/envs/airflow-env/lib/python3.11/site-packages/airflow/example_dags/example_nested_branch_dag.py
[2026-04-07T04:19:37.737+0530] {processor.py:925} INFO - DAG(s) 'example_nested_branch_dag' retrieved from /home/ubantu/miniconda3/envs/airflow-env/lib/python3.11/site-packages/airflow/example_dags/example_nested_branch_dag.py
[2026-04-07T04:19:37.752+0530] {logging_mixin.py:190} INFO - [2026-04-07T04:19:37.752+0530] {dag.py:3239} INFO - Sync 1 DAGs
[2026-04-07T04:19:37.772+0530] {logging_mixin.py:190} INFO - [2026-04-07T04:19:37.772+0530] {dag.py:4180} INFO - Setting next_dagrun for example_nested_branch_dag to 2026-04-05 00:00:00+00:00, run_after=2026-04-06 00:00:00+00:00
[2026-04-07T04:19:37.792+0530] {processor.py:208} INFO - Processing /home/ubantu/miniconda3/envs/airflow-env/lib/python3.11/site-packages/airflow/example_dags/example_nested_branch_dag.py took 0.074 seconds
[2026-04-07T04:20:26.855+0530] {processor.py:186} INFO - Started process (PID=6958) to work on /home/ubantu/miniconda3/envs/airflow-env/lib/python3.11/site-packages/airflow/example_dags/example_nested_branch_dag.py
[2026-04-07T04:20:26.856+0530] {processor.py:914} INFO - Processing file /home/ubantu/miniconda3/envs/airflow-env/lib/python3.11/site-packages/airflow/example_dags/example_nested_branch_dag.py for tasks to queue
[2026-04-07T04:20:26.858+0530] {logging_mixin.py:190} INFO - [2026-04-07T04:20:26.857+0530] {dagbag.py:588} INFO - Filling up the DagBag from /home/ubantu/miniconda3/envs/airflow-env/lib/python3.11/site-packages/airflow/example_dags/example_nested_branch_dag.py
[2026-04-07T04:20:26.870+0530] {processor.py:925} INFO - DAG(s) 'example_nested_branch_dag' retrieved from /home/ubantu/miniconda3/envs/airflow-env/lib/python3.11/site-packages/airflow/example_dags/example_nested_branch_dag.py
[2026-04-07T04:20:26.886+0530] {logging_mixin.py:190} INFO - [2026-04-07T04:20:26.886+0530] {dag.py:3239} INFO - Sync 1 DAGs
[2026-04-07T04:20:26.904+0530] {logging_mixin.py:190} INFO - [2026-04-07T04:20:26.904+0530] {dag.py:4180} INFO - Setting next_dagrun for example_nested_branch_dag to 2026-04-05 00:00:00+00:00, run_after=2026-04-06 00:00:00+00:00
[2026-04-07T04:20:26.922+0530] {processor.py:208} INFO - Processing /home/ubantu/miniconda3/envs/airflow-env/lib/python3.11/site-packages/airflow/example_dags/example_nested_branch_dag.py took 0.074 seconds
[2026-04-07T04:21:19.810+0530] {processor.py:186} INFO - Started process (PID=7016) to work on /home/ubantu/miniconda3/envs/airflow-env/lib/python3.11/site-packages/airflow/example_dags/example_nested_branch_dag.py
[2026-04-07T04:21:19.811+0530] {processor.py:914} INFO - Processing file /home/ubantu/miniconda3/envs/airflow-env/lib/python3.11/site-packages/airflow/example_dags/example_nested_branch_dag.py for tasks to queue
[2026-04-07T04:21:19.813+0530] {logging_mixin.py:190} INFO - [2026-04-07T04:21:19.812+0530] {dagbag.py:588} INFO - Filling up the DagBag from /home/ubantu/miniconda3/envs/airflow-env/lib/python3.11/site-packages/airflow/example_dags/example_nested_branch_dag.py
[2026-04-07T04:21:19.825+0530] {processor.py:925} INFO - DAG(s) 'example_nested_branch_dag' retrieved from /home/ubantu/miniconda3/envs/airflow-env/lib/python3.11/site-packages/airflow/example_dags/example_nested_branch_dag.py
[2026-04-07T04:21:19.842+0530] {logging_mixin.py:190} INFO - [2026-04-07T04:21:19.842+0530] {dag.py:3239} INFO - Sync 1 DAGs
[2026-04-07T04:21:19.860+0530] {logging_mixin.py:190} INFO - [2026-04-07T04:21:19.860+0530] {dag.py:4180} INFO - Setting next_dagrun for example_nested_branch_dag to 2026-04-05 00:00:00+00:00, run_after=2026-04-06 00:00:00+00:00
[2026-04-07T04:21:19.878+0530] {processor.py:208} INFO - Processing /home/ubantu/miniconda3/envs/airflow-env/lib/python3.11/site-packages/airflow/example_dags/example_nested_branch_dag.py took 0.075 seconds
[2026-04-07T04:22:14.963+0530] {processor.py:186} INFO - Started process (PID=7079) to work on /home/ubantu/miniconda3/envs/airflow-env/lib/python3.11/site-packages/airflow/example_dags/example_nested_branch_dag.py
[2026-04-07T04:22:14.964+0530] {processor.py:914} INFO - Processing file /home/ubantu/miniconda3/envs/airflow-env/lib/python3.11/site-packages/airflow/example_dags/example_nested_branch_dag.py for tasks to queue
[2026-04-07T04:22:14.966+0530] {logging_mixin.py:190} INFO - [2026-04-07T04:22:14.966+0530] {dagbag.py:588} INFO - Filling up the DagBag from /home/ubantu/miniconda3/envs/airflow-env/lib/python3.11/site-packages/airflow/example_dags/example_nested_branch_dag.py
[2026-04-07T04:22:14.979+0530] {processor.py:925} INFO - DAG(s) 'example_nested_branch_dag' retrieved from /home/ubantu/miniconda3/envs/airflow-env/lib/python3.11/site-packages/airflow/example_dags/example_nested_branch_dag.py
[2026-04-07T04:22:14.996+0530] {logging_mixin.py:190} INFO - [2026-04-07T04:22:14.996+0530] {dag.py:3239} INFO - Sync 1 DAGs
[2026-04-07T04:22:15.014+0530] {logging_mixin.py:190} INFO - [2026-04-07T04:22:15.014+0530] {dag.py:4180} INFO - Setting next_dagrun for example_nested_branch_dag to 2026-04-05 00:00:00+00:00, run_after=2026-04-06 00:00:00+00:00
[2026-04-07T04:22:15.031+0530] {processor.py:208} INFO - Processing /home/ubantu/miniconda3/envs/airflow-env/lib/python3.11/site-packages/airflow/example_dags/example_nested_branch_dag.py took 0.074 seconds
[2026-04-07T04:23:10.056+0530] {processor.py:186} INFO - Started process (PID=7177) to work on /home/ubantu/miniconda3/envs/airflow-env/lib/python3.11/site-packages/airflow/example_dags/example_nested_branch_dag.py
[2026-04-07T04:23:10.058+0530] {processor.py:914} INFO - Processing file /home/ubantu/miniconda3/envs/airflow-env/lib/python3.11/site-packages/airflow/example_dags/example_nested_branch_dag.py for tasks to queue
[2026-04-07T04:23:10.060+0530] {logging_mixin.py:190} INFO - [2026-04-07T04:23:10.059+0530] {dagbag.py:588} INFO - Filling up the DagBag from /home/ubantu/miniconda3/envs/airflow-env/lib/python3.11/site-packages/airflow/example_dags/example_nested_branch_dag.py
[2026-04-07T04:23:10.072+0530] {processor.py:925} INFO - DAG(s) 'example_nested_branch_dag' retrieved from /home/ubantu/miniconda3/envs/airflow-env/lib/python3.11/site-packages/airflow/example_dags/example_nested_branch_dag.py
[2026-04-07T04:23:10.089+0530] {logging_mixin.py:190} INFO - [2026-04-07T04:23:10.089+0530] {dag.py:3239} INFO - Sync 1 DAGs
[2026-04-07T04:23:10.110+0530] {logging_mixin.py:190} INFO - [2026-04-07T04:23:10.110+0530] {dag.py:4180} INFO - Setting next_dagrun for example_nested_branch_dag to 2026-04-05 00:00:00+00:00, run_after=2026-04-06 00:00:00+00:00
[2026-04-07T04:23:10.127+0530] {processor.py:208} INFO - Processing /home/ubantu/miniconda3/envs/airflow-env/lib/python3.11/site-packages/airflow/example_dags/example_nested_branch_dag.py took 0.077 seconds
[2026-04-07T04:24:01.900+0530] {processor.py:186} INFO - Started process (PID=7264) to work on /home/ubantu/miniconda3/envs/airflow-env/lib/python3.11/site-packages/airflow/example_dags/example_nested_branch_dag.py
[2026-04-07T04:24:01.901+0530] {processor.py:914} INFO - Processing file /home/ubantu/miniconda3/envs/airflow-env/lib/python3.11/site-packages/airflow/example_dags/example_nested_branch_dag.py for tasks to queue
[2026-04-07T04:24:01.903+0530] {logging_mixin.py:190} INFO - [2026-04-07T04:24:01.903+0530] {dagbag.py:588} INFO - Filling up the DagBag from /home/ubantu/miniconda3/envs/airflow-env/lib/python3.11/site-packages/airflow/example_dags/example_nested_branch_dag.py
[2026-04-07T04:24:01.914+0530] {processor.py:925} INFO - DAG(s) 'example_nested_branch_dag' retrieved from /home/ubantu/miniconda3/envs/airflow-env/lib/python3.11/site-packages/airflow/example_dags/example_nested_branch_dag.py
[2026-04-07T04:24:01.929+0530] {logging_mixin.py:190} INFO - [2026-04-07T04:24:01.929+0530] {dag.py:3239} INFO - Sync 1 DAGs
[2026-04-07T04:24:01.948+0530] {logging_mixin.py:190} INFO - [2026-04-07T04:24:01.948+0530] {dag.py:4180} INFO - Setting next_dagrun for example_nested_branch_dag to 2026-04-05 00:00:00+00:00, run_after=2026-04-06 00:00:00+00:00
[2026-04-07T04:24:01.969+0530] {processor.py:208} INFO - Processing /home/ubantu/miniconda3/envs/airflow-env/lib/python3.11/site-packages/airflow/example_dags/example_nested_branch_dag.py took 0.074 seconds
[2026-04-07T04:24:52.826+0530] {processor.py:186} INFO - Started process (PID=7350) to work on /home/ubantu/miniconda3/envs/airflow-env/lib/python3.11/site-packages/airflow/example_dags/example_nested_branch_dag.py
[2026-04-07T04:24:52.827+0530] {processor.py:914} INFO - Processing file /home/ubantu/miniconda3/envs/airflow-env/lib/python3.11/site-packages/airflow/example_dags/example_nested_branch_dag.py for tasks to queue
[2026-04-07T04:24:52.829+0530] {logging_mixin.py:190} INFO - [2026-04-07T04:24:52.829+0530] {dagbag.py:588} INFO - Filling up the DagBag from /home/ubantu/miniconda3/envs/airflow-env/lib/python3.11/site-packages/airflow/example_dags/example_nested_branch_dag.py
[2026-04-07T04:24:52.842+0530] {processor.py:925} INFO - DAG(s) 'example_nested_branch_dag' retrieved from /home/ubantu/miniconda3/envs/airflow-env/lib/python3.11/site-packages/airflow/example_dags/example_nested_branch_dag.py
[2026-04-07T04:24:52.858+0530] {logging_mixin.py:190} INFO - [2026-04-07T04:24:52.858+0530] {dag.py:3239} INFO - Sync 1 DAGs
[2026-04-07T04:24:52.878+0530] {logging_mixin.py:190} INFO - [2026-04-07T04:24:52.878+0530] {dag.py:4180} INFO - Setting next_dagrun for example_nested_branch_dag to 2026-04-05 00:00:00+00:00, run_after=2026-04-06 00:00:00+00:00
[2026-04-07T04:24:52.898+0530] {processor.py:208} INFO - Processing /home/ubantu/miniconda3/envs/airflow-env/lib/python3.11/site-packages/airflow/example_dags/example_nested_branch_dag.py took 0.078 seconds
[2026-04-07T04:25:47.680+0530] {processor.py:186} INFO - Started process (PID=7445) to work on /home/ubantu/miniconda3/envs/airflow-env/lib/python3.11/site-packages/airflow/example_dags/example_nested_branch_dag.py
[2026-04-07T04:25:47.681+0530] {processor.py:914} INFO - Processing file /home/ubantu/miniconda3/envs/airflow-env/lib/python3.11/site-packages/airflow/example_dags/example_nested_branch_dag.py for tasks to queue
[2026-04-07T04:25:47.684+0530] {logging_mixin.py:190} INFO - [2026-04-07T04:25:47.683+0530] {dagbag.py:588} INFO - Filling up the DagBag from /home/ubantu/miniconda3/envs/airflow-env/lib/python3.11/site-packages/airflow/example_dags/example_nested_branch_dag.py
[2026-04-07T04:25:47.697+0530] {processor.py:925} INFO - DAG(s) 'example_nested_branch_dag' retrieved from /home/ubantu/miniconda3/envs/airflow-env/lib/python3.11/site-packages/airflow/example_dags/example_nested_branch_dag.py
[2026-04-07T04:25:47.715+0530] {logging_mixin.py:190} INFO - [2026-04-07T04:25:47.715+0530] {dag.py:3239} INFO - Sync 1 DAGs
[2026-04-07T04:25:47.735+0530] {logging_mixin.py:190} INFO - [2026-04-07T04:25:47.735+0530] {dag.py:4180} INFO - Setting next_dagrun for example_nested_branch_dag to 2026-04-05 00:00:00+00:00, run_after=2026-04-06 00:00:00+00:00
[2026-04-07T04:25:47.754+0530] {processor.py:208} INFO - Processing /home/ubantu/miniconda3/envs/airflow-env/lib/python3.11/site-packages/airflow/example_dags/example_nested_branch_dag.py took 0.081 seconds
[2026-04-07T04:26:43.266+0530] {processor.py:186} INFO - Started process (PID=7511) to work on /home/ubantu/miniconda3/envs/airflow-env/lib/python3.11/site-packages/airflow/example_dags/example_nested_branch_dag.py
[2026-04-07T04:26:43.267+0530] {processor.py:914} INFO - Processing file /home/ubantu/miniconda3/envs/airflow-env/lib/python3.11/site-packages/airflow/example_dags/example_nested_branch_dag.py for tasks to queue
[2026-04-07T04:26:43.270+0530] {logging_mixin.py:190} INFO - [2026-04-07T04:26:43.269+0530] {dagbag.py:588} INFO - Filling up the DagBag from /home/ubantu/miniconda3/envs/airflow-env/lib/python3.11/site-packages/airflow/example_dags/example_nested_branch_dag.py
[2026-04-07T04:26:43.286+0530] {processor.py:925} INFO - DAG(s) 'example_nested_branch_dag' retrieved from /home/ubantu/miniconda3/envs/airflow-env/lib/python3.11/site-packages/airflow/example_dags/example_nested_branch_dag.py
[2026-04-07T04:26:43.308+0530] {logging_mixin.py:190} INFO - [2026-04-07T04:26:43.307+0530] {dag.py:3239} INFO - Sync 1 DAGs
[2026-04-07T04:26:43.335+0530] {logging_mixin.py:190} INFO - [2026-04-07T04:26:43.335+0530] {dag.py:4180} INFO - Setting next_dagrun for example_nested_branch_dag to 2026-04-05 00:00:00+00:00, run_after=2026-04-06 00:00:00+00:00
[2026-04-07T04:26:43.354+0530] {processor.py:208} INFO - Processing /home/ubantu/miniconda3/envs/airflow-env/lib/python3.11/site-packages/airflow/example_dags/example_nested_branch_dag.py took 0.095 seconds
[2026-04-07T04:27:37.173+0530] {processor.py:186} INFO - Started process (PID=7575) to work on /home/ubantu/miniconda3/envs/airflow-env/lib/python3.11/site-packages/airflow/example_dags/example_nested_branch_dag.py
[2026-04-07T04:27:37.175+0530] {processor.py:914} INFO - Processing file /home/ubantu/miniconda3/envs/airflow-env/lib/python3.11/site-packages/airflow/example_dags/example_nested_branch_dag.py for tasks to queue
[2026-04-07T04:27:37.177+0530] {logging_mixin.py:190} INFO - [2026-04-07T04:27:37.177+0530] {dagbag.py:588} INFO - Filling up the DagBag from /home/ubantu/miniconda3/envs/airflow-env/lib/python3.11/site-packages/airflow/example_dags/example_nested_branch_dag.py
[2026-04-07T04:27:37.193+0530] {processor.py:925} INFO - DAG(s) 'example_nested_branch_dag' retrieved from /home/ubantu/miniconda3/envs/airflow-env/lib/python3.11/site-packages/airflow/example_dags/example_nested_branch_dag.py
[2026-04-07T04:27:37.213+0530] {logging_mixin.py:190} INFO - [2026-04-07T04:27:37.212+0530] {dag.py:3239} INFO - Sync 1 DAGs
[2026-04-07T04:27:37.230+0530] {logging_mixin.py:190} INFO - [2026-04-07T04:27:37.230+0530] {dag.py:4180} INFO - Setting next_dagrun for example_nested_branch_dag to 2026-04-05 00:00:00+00:00, run_after=2026-04-06 00:00:00+00:00
[2026-04-07T04:27:37.249+0530] {processor.py:208} INFO - Processing /home/ubantu/miniconda3/envs/airflow-env/lib/python3.11/site-packages/airflow/example_dags/example_nested_branch_dag.py took 0.083 seconds
[2026-04-07T04:28:26.542+0530] {processor.py:186} INFO - Started process (PID=7637) to work on /home/ubantu/miniconda3/envs/airflow-env/lib/python3.11/site-packages/airflow/example_dags/example_nested_branch_dag.py
[2026-04-07T04:28:26.543+0530] {processor.py:914} INFO - Processing file /home/ubantu/miniconda3/envs/airflow-env/lib/python3.11/site-packages/airflow/example_dags/example_nested_branch_dag.py for tasks to queue
[2026-04-07T04:28:26.546+0530] {logging_mixin.py:190} INFO - [2026-04-07T04:28:26.546+0530] {dagbag.py:588} INFO - Filling up the DagBag from /home/ubantu/miniconda3/envs/airflow-env/lib/python3.11/site-packages/airflow/example_dags/example_nested_branch_dag.py
[2026-04-07T04:28:26.558+0530] {processor.py:925} INFO - DAG(s) 'example_nested_branch_dag' retrieved from /home/ubantu/miniconda3/envs/airflow-env/lib/python3.11/site-packages/airflow/example_dags/example_nested_branch_dag.py
[2026-04-07T04:28:26.573+0530] {logging_mixin.py:190} INFO - [2026-04-07T04:28:26.573+0530] {dag.py:3239} INFO - Sync 1 DAGs
[2026-04-07T04:28:26.590+0530] {logging_mixin.py:190} INFO - [2026-04-07T04:28:26.590+0530] {dag.py:4180} INFO - Setting next_dagrun for example_nested_branch_dag to 2026-04-05 00:00:00+00:00, run_after=2026-04-06 00:00:00+00:00
[2026-04-07T04:28:26.609+0530] {processor.py:208} INFO - Processing /home/ubantu/miniconda3/envs/airflow-env/lib/python3.11/site-packages/airflow/example_dags/example_nested_branch_dag.py took 0.074 seconds
[2026-04-07T04:29:21.045+0530] {processor.py:186} INFO - Started process (PID=7707) to work on /home/ubantu/miniconda3/envs/airflow-env/lib/python3.11/site-packages/airflow/example_dags/example_nested_branch_dag.py
[2026-04-07T04:29:21.046+0530] {processor.py:914} INFO - Processing file /home/ubantu/miniconda3/envs/airflow-env/lib/python3.11/site-packages/airflow/example_dags/example_nested_branch_dag.py for tasks to queue
[2026-04-07T04:29:21.048+0530] {logging_mixin.py:190} INFO - [2026-04-07T04:29:21.047+0530] {dagbag.py:588} INFO - Filling up the DagBag from /home/ubantu/miniconda3/envs/airflow-env/lib/python3.11/site-packages/airflow/example_dags/example_nested_branch_dag.py
[2026-04-07T04:29:21.059+0530] {processor.py:925} INFO - DAG(s) 'example_nested_branch_dag' retrieved from /home/ubantu/miniconda3/envs/airflow-env/lib/python3.11/site-packages/airflow/example_dags/example_nested_branch_dag.py
[2026-04-07T04:29:21.074+0530] {logging_mixin.py:190} INFO - [2026-04-07T04:29:21.074+0530] {dag.py:3239} INFO - Sync 1 DAGs
[2026-04-07T04:29:21.093+0530] {logging_mixin.py:190} INFO - [2026-04-07T04:29:21.093+0530] {dag.py:4180} INFO - Setting next_dagrun for example_nested_branch_dag to 2026-04-05 00:00:00+00:00, run_after=2026-04-06 00:00:00+00:00
[2026-04-07T04:29:21.133+0530] {processor.py:208} INFO - Processing /home/ubantu/miniconda3/envs/airflow-env/lib/python3.11/site-packages/airflow/example_dags/example_nested_branch_dag.py took 0.093 seconds
[2026-04-07T04:30:19.486+0530] {processor.py:186} INFO - Started process (PID=7774) to work on /home/ubantu/miniconda3/envs/airflow-env/lib/python3.11/site-packages/airflow/example_dags/example_nested_branch_dag.py
[2026-04-07T04:30:19.488+0530] {processor.py:914} INFO - Processing file /home/ubantu/miniconda3/envs/airflow-env/lib/python3.11/site-packages/airflow/example_dags/example_nested_branch_dag.py for tasks to queue
[2026-04-07T04:30:19.489+0530] {logging_mixin.py:190} INFO - [2026-04-07T04:30:19.489+0530] {dagbag.py:588} INFO - Filling up the DagBag from /home/ubantu/miniconda3/envs/airflow-env/lib/python3.11/site-packages/airflow/example_dags/example_nested_branch_dag.py
[2026-04-07T04:30:19.500+0530] {processor.py:925} INFO - DAG(s) 'example_nested_branch_dag' retrieved from /home/ubantu/miniconda3/envs/airflow-env/lib/python3.11/site-packages/airflow/example_dags/example_nested_branch_dag.py
[2026-04-07T04:30:19.514+0530] {logging_mixin.py:190} INFO - [2026-04-07T04:30:19.514+0530] {dag.py:3239} INFO - Sync 1 DAGs
[2026-04-07T04:30:19.533+0530] {logging_mixin.py:190} INFO - [2026-04-07T04:30:19.533+0530] {dag.py:4180} INFO - Setting next_dagrun for example_nested_branch_dag to 2026-04-05 00:00:00+00:00, run_after=2026-04-06 00:00:00+00:00
[2026-04-07T04:30:19.571+0530] {processor.py:208} INFO - Processing /home/ubantu/miniconda3/envs/airflow-env/lib/python3.11/site-packages/airflow/example_dags/example_nested_branch_dag.py took 0.091 seconds
[2026-04-07T04:31:16.968+0530] {processor.py:186} INFO - Started process (PID=7842) to work on /home/ubantu/miniconda3/envs/airflow-env/lib/python3.11/site-packages/airflow/example_dags/example_nested_branch_dag.py
[2026-04-07T04:31:16.970+0530] {processor.py:914} INFO - Processing file /home/ubantu/miniconda3/envs/airflow-env/lib/python3.11/site-packages/airflow/example_dags/example_nested_branch_dag.py for tasks to queue
[2026-04-07T04:31:16.973+0530] {logging_mixin.py:190} INFO - [2026-04-07T04:31:16.972+0530] {dagbag.py:588} INFO - Filling up the DagBag from /home/ubantu/miniconda3/envs/airflow-env/lib/python3.11/site-packages/airflow/example_dags/example_nested_branch_dag.py
[2026-04-07T04:31:16.988+0530] {processor.py:925} INFO - DAG(s) 'example_nested_branch_dag' retrieved from /home/ubantu/miniconda3/envs/airflow-env/lib/python3.11/site-packages/airflow/example_dags/example_nested_branch_dag.py
[2026-04-07T04:31:17.009+0530] {logging_mixin.py:190} INFO - [2026-04-07T04:31:17.009+0530] {dag.py:3239} INFO - Sync 1 DAGs
[2026-04-07T04:31:17.028+0530] {logging_mixin.py:190} INFO - [2026-04-07T04:31:17.028+0530] {dag.py:4180} INFO - Setting next_dagrun for example_nested_branch_dag to 2026-04-05 00:00:00+00:00, run_after=2026-04-06 00:00:00+00:00
[2026-04-07T04:31:17.067+0530] {processor.py:208} INFO - Processing /home/ubantu/miniconda3/envs/airflow-env/lib/python3.11/site-packages/airflow/example_dags/example_nested_branch_dag.py took 0.106 seconds
[2026-04-07T04:32:16.345+0530] {processor.py:186} INFO - Started process (PID=7908) to work on /home/ubantu/miniconda3/envs/airflow-env/lib/python3.11/site-packages/airflow/example_dags/example_nested_branch_dag.py
[2026-04-07T04:32:16.347+0530] {processor.py:914} INFO - Processing file /home/ubantu/miniconda3/envs/airflow-env/lib/python3.11/site-packages/airflow/example_dags/example_nested_branch_dag.py for tasks to queue
[2026-04-07T04:32:16.350+0530] {logging_mixin.py:190} INFO - [2026-04-07T04:32:16.349+0530] {dagbag.py:588} INFO - Filling up the DagBag from /home/ubantu/miniconda3/envs/airflow-env/lib/python3.11/site-packages/airflow/example_dags/example_nested_branch_dag.py
[2026-04-07T04:32:16.363+0530] {processor.py:925} INFO - DAG(s) 'example_nested_branch_dag' retrieved from /home/ubantu/miniconda3/envs/airflow-env/lib/python3.11/site-packages/airflow/example_dags/example_nested_branch_dag.py
[2026-04-07T04:32:16.379+0530] {logging_mixin.py:190} INFO - [2026-04-07T04:32:16.379+0530] {dag.py:3239} INFO - Sync 1 DAGs
[2026-04-07T04:32:16.397+0530] {logging_mixin.py:190} INFO - [2026-04-07T04:32:16.397+0530] {dag.py:4180} INFO - Setting next_dagrun for example_nested_branch_dag to 2026-04-05 00:00:00+00:00, run_after=2026-04-06 00:00:00+00:00
[2026-04-07T04:32:16.440+0530] {processor.py:208} INFO - Processing /home/ubantu/miniconda3/envs/airflow-env/lib/python3.11/site-packages/airflow/example_dags/example_nested_branch_dag.py took 0.101 seconds
[2026-04-07T04:33:11.989+0530] {processor.py:186} INFO - Started process (PID=7985) to work on /home/ubantu/miniconda3/envs/airflow-env/lib/python3.11/site-packages/airflow/example_dags/example_nested_branch_dag.py
[2026-04-07T04:33:11.990+0530] {processor.py:914} INFO - Processing file /home/ubantu/miniconda3/envs/airflow-env/lib/python3.11/site-packages/airflow/example_dags/example_nested_branch_dag.py for tasks to queue
[2026-04-07T04:33:11.993+0530] {logging_mixin.py:190} INFO - [2026-04-07T04:33:11.993+0530] {dagbag.py:588} INFO - Filling up the DagBag from /home/ubantu/miniconda3/envs/airflow-env/lib/python3.11/site-packages/airflow/example_dags/example_nested_branch_dag.py
[2026-04-07T04:33:12.010+0530] {processor.py:925} INFO - DAG(s) 'example_nested_branch_dag' retrieved from /home/ubantu/miniconda3/envs/airflow-env/lib/python3.11/site-packages/airflow/example_dags/example_nested_branch_dag.py
[2026-04-07T04:33:12.030+0530] {logging_mixin.py:190} INFO - [2026-04-07T04:33:12.030+0530] {dag.py:3239} INFO - Sync 1 DAGs
[2026-04-07T04:33:12.049+0530] {logging_mixin.py:190} INFO - [2026-04-07T04:33:12.049+0530] {dag.py:4180} INFO - Setting next_dagrun for example_nested_branch_dag to 2026-04-05 00:00:00+00:00, run_after=2026-04-06 00:00:00+00:00
[2026-04-07T04:33:12.067+0530] {processor.py:208} INFO - Processing /home/ubantu/miniconda3/envs/airflow-env/lib/python3.11/site-packages/airflow/example_dags/example_nested_branch_dag.py took 0.086 seconds
[2026-04-07T04:34:06.208+0530] {processor.py:186} INFO - Started process (PID=8167) to work on /home/ubantu/miniconda3/envs/airflow-env/lib/python3.11/site-packages/airflow/example_dags/example_nested_branch_dag.py
[2026-04-07T04:34:06.209+0530] {processor.py:914} INFO - Processing file /home/ubantu/miniconda3/envs/airflow-env/lib/python3.11/site-packages/airflow/example_dags/example_nested_branch_dag.py for tasks to queue
[2026-04-07T04:34:06.212+0530] {logging_mixin.py:190} INFO - [2026-04-07T04:34:06.211+0530] {dagbag.py:588} INFO - Filling up the DagBag from /home/ubantu/miniconda3/envs/airflow-env/lib/python3.11/site-packages/airflow/example_dags/example_nested_branch_dag.py
[2026-04-07T04:34:06.225+0530] {processor.py:925} INFO - DAG(s) 'example_nested_branch_dag' retrieved from /home/ubantu/miniconda3/envs/airflow-env/lib/python3.11/site-packages/airflow/example_dags/example_nested_branch_dag.py
[2026-04-07T04:34:06.242+0530] {logging_mixin.py:190} INFO - [2026-04-07T04:34:06.241+0530] {dag.py:3239} INFO - Sync 1 DAGs
[2026-04-07T04:34:06.264+0530] {logging_mixin.py:190} INFO - [2026-04-07T04:34:06.263+0530] {dag.py:4180} INFO - Setting next_dagrun for example_nested_branch_dag to 2026-04-05 00:00:00+00:00, run_after=2026-04-06 00:00:00+00:00
[2026-04-07T04:34:06.282+0530] {processor.py:208} INFO - Processing /home/ubantu/miniconda3/envs/airflow-env/lib/python3.11/site-packages/airflow/example_dags/example_nested_branch_dag.py took 0.081 seconds
[2026-04-07T04:35:01.510+0530] {processor.py:186} INFO - Started process (PID=8236) to work on /home/ubantu/miniconda3/envs/airflow-env/lib/python3.11/site-packages/airflow/example_dags/example_nested_branch_dag.py
[2026-04-07T04:35:01.511+0530] {processor.py:914} INFO - Processing file /home/ubantu/miniconda3/envs/airflow-env/lib/python3.11/site-packages/airflow/example_dags/example_nested_branch_dag.py for tasks to queue
[2026-04-07T04:35:01.513+0530] {logging_mixin.py:190} INFO - [2026-04-07T04:35:01.513+0530] {dagbag.py:588} INFO - Filling up the DagBag from /home/ubantu/miniconda3/envs/airflow-env/lib/python3.11/site-packages/airflow/example_dags/example_nested_branch_dag.py
[2026-04-07T04:35:01.525+0530] {processor.py:925} INFO - DAG(s) 'example_nested_branch_dag' retrieved from /home/ubantu/miniconda3/envs/airflow-env/lib/python3.11/site-packages/airflow/example_dags/example_nested_branch_dag.py
[2026-04-07T04:35:01.547+0530] {logging_mixin.py:190} INFO - [2026-04-07T04:35:01.547+0530] {dag.py:3239} INFO - Sync 1 DAGs
[2026-04-07T04:35:01.564+0530] {logging_mixin.py:190} INFO - [2026-04-07T04:35:01.564+0530] {dag.py:4180} INFO - Setting next_dagrun for example_nested_branch_dag to 2026-04-05 00:00:00+00:00, run_after=2026-04-06 00:00:00+00:00
[2026-04-07T04:35:01.583+0530] {processor.py:208} INFO - Processing /home/ubantu/miniconda3/envs/airflow-env/lib/python3.11/site-packages/airflow/example_dags/example_nested_branch_dag.py took 0.079 seconds
[2026-04-07T04:35:53.386+0530] {processor.py:186} INFO - Started process (PID=8305) to work on /home/ubantu/miniconda3/envs/airflow-env/lib/python3.11/site-packages/airflow/example_dags/example_nested_branch_dag.py
[2026-04-07T04:35:53.387+0530] {processor.py:914} INFO - Processing file /home/ubantu/miniconda3/envs/airflow-env/lib/python3.11/site-packages/airflow/example_dags/example_nested_branch_dag.py for tasks to queue
[2026-04-07T04:35:53.389+0530] {logging_mixin.py:190} INFO - [2026-04-07T04:35:53.389+0530] {dagbag.py:588} INFO - Filling up the DagBag from /home/ubantu/miniconda3/envs/airflow-env/lib/python3.11/site-packages/airflow/example_dags/example_nested_branch_dag.py
[2026-04-07T04:35:53.403+0530] {processor.py:925} INFO - DAG(s) 'example_nested_branch_dag' retrieved from /home/ubantu/miniconda3/envs/airflow-env/lib/python3.11/site-packages/airflow/example_dags/example_nested_branch_dag.py
[2026-04-07T04:35:53.424+0530] {logging_mixin.py:190} INFO - [2026-04-07T04:35:53.423+0530] {dag.py:3239} INFO - Sync 1 DAGs
[2026-04-07T04:35:53.445+0530] {logging_mixin.py:190} INFO - [2026-04-07T04:35:53.445+0530] {dag.py:4180} INFO - Setting next_dagrun for example_nested_branch_dag to 2026-04-05 00:00:00+00:00, run_after=2026-04-06 00:00:00+00:00
[2026-04-07T04:35:53.467+0530] {processor.py:208} INFO - Processing /home/ubantu/miniconda3/envs/airflow-env/lib/python3.11/site-packages/airflow/example_dags/example_nested_branch_dag.py took 0.087 seconds
[2026-04-07T04:36:48.941+0530] {processor.py:186} INFO - Started process (PID=8380) to work on /home/ubantu/miniconda3/envs/airflow-env/lib/python3.11/site-packages/airflow/example_dags/example_nested_branch_dag.py
[2026-04-07T04:36:48.942+0530] {processor.py:914} INFO - Processing file /home/ubantu/miniconda3/envs/airflow-env/lib/python3.11/site-packages/airflow/example_dags/example_nested_branch_dag.py for tasks to queue
[2026-04-07T04:36:48.944+0530] {logging_mixin.py:190} INFO - [2026-04-07T04:36:48.944+0530] {dagbag.py:588} INFO - Filling up the DagBag from /home/ubantu/miniconda3/envs/airflow-env/lib/python3.11/site-packages/airflow/example_dags/example_nested_branch_dag.py
[2026-04-07T04:36:48.956+0530] {processor.py:925} INFO - DAG(s) 'example_nested_branch_dag' retrieved from /home/ubantu/miniconda3/envs/airflow-env/lib/python3.11/site-packages/airflow/example_dags/example_nested_branch_dag.py
[2026-04-07T04:36:48.972+0530] {logging_mixin.py:190} INFO - [2026-04-07T04:36:48.972+0530] {dag.py:3239} INFO - Sync 1 DAGs
[2026-04-07T04:36:48.991+0530] {logging_mixin.py:190} INFO - [2026-04-07T04:36:48.991+0530] {dag.py:4180} INFO - Setting next_dagrun for example_nested_branch_dag to 2026-04-05 00:00:00+00:00, run_after=2026-04-06 00:00:00+00:00
[2026-04-07T04:36:49.010+0530] {processor.py:208} INFO - Processing /home/ubantu/miniconda3/envs/airflow-env/lib/python3.11/site-packages/airflow/example_dags/example_nested_branch_dag.py took 0.074 seconds
[2026-04-07T04:37:42.221+0530] {processor.py:186} INFO - Started process (PID=8472) to work on /home/ubantu/miniconda3/envs/airflow-env/lib/python3.11/site-packages/airflow/example_dags/example_nested_branch_dag.py
[2026-04-07T04:37:42.222+0530] {processor.py:914} INFO - Processing file /home/ubantu/miniconda3/envs/airflow-env/lib/python3.11/site-packages/airflow/example_dags/example_nested_branch_dag.py for tasks to queue
[2026-04-07T04:37:42.224+0530] {logging_mixin.py:190} INFO - [2026-04-07T04:37:42.224+0530] {dagbag.py:588} INFO - Filling up the DagBag from /home/ubantu/miniconda3/envs/airflow-env/lib/python3.11/site-packages/airflow/example_dags/example_nested_branch_dag.py
[2026-04-07T04:37:42.242+0530] {processor.py:925} INFO - DAG(s) 'example_nested_branch_dag' retrieved from /home/ubantu/miniconda3/envs/airflow-env/lib/python3.11/site-packages/airflow/example_dags/example_nested_branch_dag.py
[2026-04-07T04:37:42.267+0530] {logging_mixin.py:190} INFO - [2026-04-07T04:37:42.266+0530] {dag.py:3239} INFO - Sync 1 DAGs
[2026-04-07T04:37:42.292+0530] {logging_mixin.py:190} INFO - [2026-04-07T04:37:42.292+0530] {dag.py:4180} INFO - Setting next_dagrun for example_nested_branch_dag to 2026-04-05 00:00:00+00:00, run_after=2026-04-06 00:00:00+00:00
[2026-04-07T04:37:42.311+0530] {processor.py:208} INFO - Processing /home/ubantu/miniconda3/envs/airflow-env/lib/python3.11/site-packages/airflow/example_dags/example_nested_branch_dag.py took 0.099 seconds
[2026-04-07T04:38:47.795+0530] {processor.py:186} INFO - Started process (PID=8577) to work on /home/ubantu/miniconda3/envs/airflow-env/lib/python3.11/site-packages/airflow/example_dags/example_nested_branch_dag.py
[2026-04-07T04:38:47.796+0530] {processor.py:914} INFO - Processing file /home/ubantu/miniconda3/envs/airflow-env/lib/python3.11/site-packages/airflow/example_dags/example_nested_branch_dag.py for tasks to queue
[2026-04-07T04:38:47.797+0530] {logging_mixin.py:190} INFO - [2026-04-07T04:38:47.797+0530] {dagbag.py:588} INFO - Filling up the DagBag from /home/ubantu/miniconda3/envs/airflow-env/lib/python3.11/site-packages/airflow/example_dags/example_nested_branch_dag.py
[2026-04-07T04:38:47.809+0530] {processor.py:925} INFO - DAG(s) 'example_nested_branch_dag' retrieved from /home/ubantu/miniconda3/envs/airflow-env/lib/python3.11/site-packages/airflow/example_dags/example_nested_branch_dag.py
[2026-04-07T04:38:47.824+0530] {logging_mixin.py:190} INFO - [2026-04-07T04:38:47.824+0530] {dag.py:3239} INFO - Sync 1 DAGs
[2026-04-07T04:38:47.843+0530] {logging_mixin.py:190} INFO - [2026-04-07T04:38:47.843+0530] {dag.py:4180} INFO - Setting next_dagrun for example_nested_branch_dag to 2026-04-05 00:00:00+00:00, run_after=2026-04-06 00:00:00+00:00
[2026-04-07T04:38:47.863+0530] {processor.py:208} INFO - Processing /home/ubantu/miniconda3/envs/airflow-env/lib/python3.11/site-packages/airflow/example_dags/example_nested_branch_dag.py took 0.073 seconds
[2026-04-07T04:39:44.575+0530] {processor.py:186} INFO - Started process (PID=8660) to work on /home/ubantu/miniconda3/envs/airflow-env/lib/python3.11/site-packages/airflow/example_dags/example_nested_branch_dag.py
[2026-04-07T04:39:44.576+0530] {processor.py:914} INFO - Processing file /home/ubantu/miniconda3/envs/airflow-env/lib/python3.11/site-packages/airflow/example_dags/example_nested_branch_dag.py for tasks to queue
[2026-04-07T04:39:44.577+0530] {logging_mixin.py:190} INFO - [2026-04-07T04:39:44.577+0530] {dagbag.py:588} INFO - Filling up the DagBag from /home/ubantu/miniconda3/envs/airflow-env/lib/python3.11/site-packages/airflow/example_dags/example_nested_branch_dag.py
[2026-04-07T04:39:44.588+0530] {processor.py:925} INFO - DAG(s) 'example_nested_branch_dag' retrieved from /home/ubantu/miniconda3/envs/airflow-env/lib/python3.11/site-packages/airflow/example_dags/example_nested_branch_dag.py
[2026-04-07T04:39:44.602+0530] {logging_mixin.py:190} INFO - [2026-04-07T04:39:44.602+0530] {dag.py:3239} INFO - Sync 1 DAGs
[2026-04-07T04:39:44.619+0530] {logging_mixin.py:190} INFO - [2026-04-07T04:39:44.619+0530] {dag.py:4180} INFO - Setting next_dagrun for example_nested_branch_dag to 2026-04-05 00:00:00+00:00, run_after=2026-04-06 00:00:00+00:00
[2026-04-07T04:39:44.637+0530] {processor.py:208} INFO - Processing /home/ubantu/miniconda3/envs/airflow-env/lib/python3.11/site-packages/airflow/example_dags/example_nested_branch_dag.py took 0.067 seconds
[2026-04-07T04:40:41.231+0530] {processor.py:186} INFO - Started process (PID=8730) to work on /home/ubantu/miniconda3/envs/airflow-env/lib/python3.11/site-packages/airflow/example_dags/example_nested_branch_dag.py
[2026-04-07T04:40:41.232+0530] {processor.py:914} INFO - Processing file /home/ubantu/miniconda3/envs/airflow-env/lib/python3.11/site-packages/airflow/example_dags/example_nested_branch_dag.py for tasks to queue
[2026-04-07T04:40:41.234+0530] {logging_mixin.py:190} INFO - [2026-04-07T04:40:41.233+0530] {dagbag.py:588} INFO - Filling up the DagBag from /home/ubantu/miniconda3/envs/airflow-env/lib/python3.11/site-packages/airflow/example_dags/example_nested_branch_dag.py
[2026-04-07T04:40:41.248+0530] {processor.py:925} INFO - DAG(s) 'example_nested_branch_dag' retrieved from /home/ubantu/miniconda3/envs/airflow-env/lib/python3.11/site-packages/airflow/example_dags/example_nested_branch_dag.py
[2026-04-07T04:40:41.263+0530] {logging_mixin.py:190} INFO - [2026-04-07T04:40:41.262+0530] {dag.py:3239} INFO - Sync 1 DAGs
[2026-04-07T04:40:41.280+0530] {logging_mixin.py:190} INFO - [2026-04-07T04:40:41.280+0530] {dag.py:4180} INFO - Setting next_dagrun for example_nested_branch_dag to 2026-04-05 00:00:00+00:00, run_after=2026-04-06 00:00:00+00:00
[2026-04-07T04:40:41.298+0530] {processor.py:208} INFO - Processing /home/ubantu/miniconda3/envs/airflow-env/lib/python3.11/site-packages/airflow/example_dags/example_nested_branch_dag.py took 0.075 seconds
[2026-04-07T04:41:33.522+0530] {processor.py:186} INFO - Started process (PID=8892) to work on /home/ubantu/miniconda3/envs/airflow-env/lib/python3.11/site-packages/airflow/example_dags/example_nested_branch_dag.py
[2026-04-07T04:41:33.523+0530] {processor.py:914} INFO - Processing file /home/ubantu/miniconda3/envs/airflow-env/lib/python3.11/site-packages/airflow/example_dags/example_nested_branch_dag.py for tasks to queue
[2026-04-07T04:41:33.525+0530] {logging_mixin.py:190} INFO - [2026-04-07T04:41:33.525+0530] {dagbag.py:588} INFO - Filling up the DagBag from /home/ubantu/miniconda3/envs/airflow-env/lib/python3.11/site-packages/airflow/example_dags/example_nested_branch_dag.py
[2026-04-07T04:41:33.538+0530] {processor.py:925} INFO - DAG(s) 'example_nested_branch_dag' retrieved from /home/ubantu/miniconda3/envs/airflow-env/lib/python3.11/site-packages/airflow/example_dags/example_nested_branch_dag.py
[2026-04-07T04:41:33.559+0530] {logging_mixin.py:190} INFO - [2026-04-07T04:41:33.559+0530] {dag.py:3239} INFO - Sync 1 DAGs
[2026-04-07T04:41:33.579+0530] {logging_mixin.py:190} INFO - [2026-04-07T04:41:33.579+0530] {dag.py:4180} INFO - Setting next_dagrun for example_nested_branch_dag to 2026-04-05 00:00:00+00:00, run_after=2026-04-06 00:00:00+00:00
[2026-04-07T04:41:33.597+0530] {processor.py:208} INFO - Processing /home/ubantu/miniconda3/envs/airflow-env/lib/python3.11/site-packages/airflow/example_dags/example_nested_branch_dag.py took 0.082 seconds
[2026-04-07T04:41:39.604+0530] {processor.py:186} INFO - Started process (PID=8905) to work on /home/ubantu/miniconda3/envs/airflow-env/lib/python3.11/site-packages/airflow/example_dags/example_nested_branch_dag.py
[2026-04-07T04:41:39.605+0530] {processor.py:914} INFO - Processing file /home/ubantu/miniconda3/envs/airflow-env/lib/python3.11/site-packages/airflow/example_dags/example_nested_branch_dag.py for tasks to queue
[2026-04-07T04:41:39.607+0530] {logging_mixin.py:190} INFO - [2026-04-07T04:41:39.606+0530] {dagbag.py:588} INFO - Filling up the DagBag from /home/ubantu/miniconda3/envs/airflow-env/lib/python3.11/site-packages/airflow/example_dags/example_nested_branch_dag.py
[2026-04-07T04:41:39.624+0530] {processor.py:925} INFO - DAG(s) 'example_nested_branch_dag' retrieved from /home/ubantu/miniconda3/envs/airflow-env/lib/python3.11/site-packages/airflow/example_dags/example_nested_branch_dag.py
[2026-04-07T04:41:39.643+0530] {logging_mixin.py:190} INFO - [2026-04-07T04:41:39.642+0530] {dag.py:3239} INFO - Sync 1 DAGs
[2026-04-07T04:41:39.664+0530] {logging_mixin.py:190} INFO - [2026-04-07T04:41:39.664+0530] {dag.py:4180} INFO - Setting next_dagrun for example_nested_branch_dag to 2026-04-05 00:00:00+00:00, run_after=2026-04-06 00:00:00+00:00
[2026-04-07T04:41:39.683+0530] {processor.py:208} INFO - Processing /home/ubantu/miniconda3/envs/airflow-env/lib/python3.11/site-packages/airflow/example_dags/example_nested_branch_dag.py took 0.090 seconds
[2026-04-07T04:42:27.337+0530] {processor.py:186} INFO - Started process (PID=9030) to work on /home/ubantu/miniconda3/envs/airflow-env/lib/python3.11/site-packages/airflow/example_dags/example_nested_branch_dag.py
[2026-04-07T04:42:27.338+0530] {processor.py:914} INFO - Processing file /home/ubantu/miniconda3/envs/airflow-env/lib/python3.11/site-packages/airflow/example_dags/example_nested_branch_dag.py for tasks to queue
[2026-04-07T04:42:27.340+0530] {logging_mixin.py:190} INFO - [2026-04-07T04:42:27.340+0530] {dagbag.py:588} INFO - Filling up the DagBag from /home/ubantu/miniconda3/envs/airflow-env/lib/python3.11/site-packages/airflow/example_dags/example_nested_branch_dag.py
[2026-04-07T04:42:27.351+0530] {processor.py:925} INFO - DAG(s) 'example_nested_branch_dag' retrieved from /home/ubantu/miniconda3/envs/airflow-env/lib/python3.11/site-packages/airflow/example_dags/example_nested_branch_dag.py
[2026-04-07T04:42:27.368+0530] {logging_mixin.py:190} INFO - [2026-04-07T04:42:27.368+0530] {dag.py:3239} INFO - Sync 1 DAGs
[2026-04-07T04:42:27.386+0530] {logging_mixin.py:190} INFO - [2026-04-07T04:42:27.386+0530] {dag.py:4180} INFO - Setting next_dagrun for example_nested_branch_dag to 2026-04-05 00:00:00+00:00, run_after=2026-04-06 00:00:00+00:00
[2026-04-07T04:42:27.405+0530] {processor.py:208} INFO - Processing /home/ubantu/miniconda3/envs/airflow-env/lib/python3.11/site-packages/airflow/example_dags/example_nested_branch_dag.py took 0.073 seconds
[2026-04-07T04:42:35.964+0530] {processor.py:186} INFO - Started process (PID=9061) to work on /home/ubantu/miniconda3/envs/airflow-env/lib/python3.11/site-packages/airflow/example_dags/example_nested_branch_dag.py
[2026-04-07T04:42:35.965+0530] {processor.py:914} INFO - Processing file /home/ubantu/miniconda3/envs/airflow-env/lib/python3.11/site-packages/airflow/example_dags/example_nested_branch_dag.py for tasks to queue
[2026-04-07T04:42:35.966+0530] {logging_mixin.py:190} INFO - [2026-04-07T04:42:35.965+0530] {dagbag.py:588} INFO - Filling up the DagBag from /home/ubantu/miniconda3/envs/airflow-env/lib/python3.11/site-packages/airflow/example_dags/example_nested_branch_dag.py
[2026-04-07T04:42:35.978+0530] {processor.py:925} INFO - DAG(s) 'example_nested_branch_dag' retrieved from /home/ubantu/miniconda3/envs/airflow-env/lib/python3.11/site-packages/airflow/example_dags/example_nested_branch_dag.py
[2026-04-07T04:42:35.994+0530] {logging_mixin.py:190} INFO - [2026-04-07T04:42:35.994+0530] {dag.py:3239} INFO - Sync 1 DAGs
[2026-04-07T04:42:36.014+0530] {logging_mixin.py:190} INFO - [2026-04-07T04:42:36.014+0530] {dag.py:4180} INFO - Setting next_dagrun for example_nested_branch_dag to 2026-04-05 00:00:00+00:00, run_after=2026-04-06 00:00:00+00:00
[2026-04-07T04:42:36.034+0530] {processor.py:208} INFO - Processing /home/ubantu/miniconda3/envs/airflow-env/lib/python3.11/site-packages/airflow/example_dags/example_nested_branch_dag.py took 0.075 seconds
[2026-04-07T04:43:24.152+0530] {processor.py:186} INFO - Started process (PID=9174) to work on /home/ubantu/miniconda3/envs/airflow-env/lib/python3.11/site-packages/airflow/example_dags/example_nested_branch_dag.py
[2026-04-07T04:43:24.153+0530] {processor.py:914} INFO - Processing file /home/ubantu/miniconda3/envs/airflow-env/lib/python3.11/site-packages/airflow/example_dags/example_nested_branch_dag.py for tasks to queue
[2026-04-07T04:43:24.155+0530] {logging_mixin.py:190} INFO - [2026-04-07T04:43:24.154+0530] {dagbag.py:588} INFO - Filling up the DagBag from /home/ubantu/miniconda3/envs/airflow-env/lib/python3.11/site-packages/airflow/example_dags/example_nested_branch_dag.py
[2026-04-07T04:43:24.166+0530] {processor.py:925} INFO - DAG(s) 'example_nested_branch_dag' retrieved from /home/ubantu/miniconda3/envs/airflow-env/lib/python3.11/site-packages/airflow/example_dags/example_nested_branch_dag.py
[2026-04-07T04:43:24.181+0530] {logging_mixin.py:190} INFO - [2026-04-07T04:43:24.181+0530] {dag.py:3239} INFO - Sync 1 DAGs
[2026-04-07T04:43:24.200+0530] {logging_mixin.py:190} INFO - [2026-04-07T04:43:24.199+0530] {dag.py:4180} INFO - Setting next_dagrun for example_nested_branch_dag to 2026-04-05 00:00:00+00:00, run_after=2026-04-06 00:00:00+00:00
[2026-04-07T04:43:24.217+0530] {processor.py:208} INFO - Processing /home/ubantu/miniconda3/envs/airflow-env/lib/python3.11/site-packages/airflow/example_dags/example_nested_branch_dag.py took 0.070 seconds
[2026-04-07T04:43:27.532+0530] {processor.py:186} INFO - Started process (PID=9180) to work on /home/ubantu/miniconda3/envs/airflow-env/lib/python3.11/site-packages/airflow/example_dags/example_nested_branch_dag.py
[2026-04-07T04:43:27.533+0530] {processor.py:914} INFO - Processing file /home/ubantu/miniconda3/envs/airflow-env/lib/python3.11/site-packages/airflow/example_dags/example_nested_branch_dag.py for tasks to queue
[2026-04-07T04:43:27.534+0530] {logging_mixin.py:190} INFO - [2026-04-07T04:43:27.534+0530] {dagbag.py:588} INFO - Filling up the DagBag from /home/ubantu/miniconda3/envs/airflow-env/lib/python3.11/site-packages/airflow/example_dags/example_nested_branch_dag.py
[2026-04-07T04:43:27.547+0530] {processor.py:925} INFO - DAG(s) 'example_nested_branch_dag' retrieved from /home/ubantu/miniconda3/envs/airflow-env/lib/python3.11/site-packages/airflow/example_dags/example_nested_branch_dag.py
[2026-04-07T04:43:27.563+0530] {logging_mixin.py:190} INFO - [2026-04-07T04:43:27.563+0530] {dag.py:3239} INFO - Sync 1 DAGs
[2026-04-07T04:43:27.582+0530] {logging_mixin.py:190} INFO - [2026-04-07T04:43:27.581+0530] {dag.py:4180} INFO - Setting next_dagrun for example_nested_branch_dag to 2026-04-05 00:00:00+00:00, run_after=2026-04-06 00:00:00+00:00
[2026-04-07T04:43:27.599+0530] {processor.py:208} INFO - Processing /home/ubantu/miniconda3/envs/airflow-env/lib/python3.11/site-packages/airflow/example_dags/example_nested_branch_dag.py took 0.072 seconds
[2026-04-07T04:44:21.940+0530] {processor.py:186} INFO - Started process (PID=9317) to work on /home/ubantu/miniconda3/envs/airflow-env/lib/python3.11/site-packages/airflow/example_dags/example_nested_branch_dag.py
[2026-04-07T04:44:21.941+0530] {processor.py:914} INFO - Processing file /home/ubantu/miniconda3/envs/airflow-env/lib/python3.11/site-packages/airflow/example_dags/example_nested_branch_dag.py for tasks to queue
[2026-04-07T04:44:21.943+0530] {logging_mixin.py:190} INFO - [2026-04-07T04:44:21.942+0530] {dagbag.py:588} INFO - Filling up the DagBag from /home/ubantu/miniconda3/envs/airflow-env/lib/python3.11/site-packages/airflow/example_dags/example_nested_branch_dag.py
[2026-04-07T04:44:21.956+0530] {processor.py:925} INFO - DAG(s) 'example_nested_branch_dag' retrieved from /home/ubantu/miniconda3/envs/airflow-env/lib/python3.11/site-packages/airflow/example_dags/example_nested_branch_dag.py
[2026-04-07T04:44:21.973+0530] {logging_mixin.py:190} INFO - [2026-04-07T04:44:21.973+0530] {dag.py:3239} INFO - Sync 1 DAGs
[2026-04-07T04:44:21.992+0530] {logging_mixin.py:190} INFO - [2026-04-07T04:44:21.992+0530] {dag.py:4180} INFO - Setting next_dagrun for example_nested_branch_dag to 2026-04-05 00:00:00+00:00, run_after=2026-04-06 00:00:00+00:00
[2026-04-07T04:44:22.010+0530] {processor.py:208} INFO - Processing /home/ubantu/miniconda3/envs/airflow-env/lib/python3.11/site-packages/airflow/example_dags/example_nested_branch_dag.py took 0.076 seconds
[2026-04-07T04:44:25.361+0530] {processor.py:186} INFO - Started process (PID=9326) to work on /home/ubantu/miniconda3/envs/airflow-env/lib/python3.11/site-packages/airflow/example_dags/example_nested_branch_dag.py
[2026-04-07T04:44:25.362+0530] {processor.py:914} INFO - Processing file /home/ubantu/miniconda3/envs/airflow-env/lib/python3.11/site-packages/airflow/example_dags/example_nested_branch_dag.py for tasks to queue
[2026-04-07T04:44:25.364+0530] {logging_mixin.py:190} INFO - [2026-04-07T04:44:25.363+0530] {dagbag.py:588} INFO - Filling up the DagBag from /home/ubantu/miniconda3/envs/airflow-env/lib/python3.11/site-packages/airflow/example_dags/example_nested_branch_dag.py
[2026-04-07T04:44:25.376+0530] {processor.py:925} INFO - DAG(s) 'example_nested_branch_dag' retrieved from /home/ubantu/miniconda3/envs/airflow-env/lib/python3.11/site-packages/airflow/example_dags/example_nested_branch_dag.py
[2026-04-07T04:44:25.393+0530] {logging_mixin.py:190} INFO - [2026-04-07T04:44:25.393+0530] {dag.py:3239} INFO - Sync 1 DAGs
[2026-04-07T04:44:25.510+0530] {logging_mixin.py:190} INFO - [2026-04-07T04:44:25.510+0530] {dag.py:4180} INFO - Setting next_dagrun for example_nested_branch_dag to 2026-04-05 00:00:00+00:00, run_after=2026-04-06 00:00:00+00:00
[2026-04-07T04:44:25.526+0530] {processor.py:208} INFO - Processing /home/ubantu/miniconda3/envs/airflow-env/lib/python3.11/site-packages/airflow/example_dags/example_nested_branch_dag.py took 0.172 seconds
[2026-04-07T04:45:18.494+0530] {processor.py:186} INFO - Started process (PID=9444) to work on /home/ubantu/miniconda3/envs/airflow-env/lib/python3.11/site-packages/airflow/example_dags/example_nested_branch_dag.py
[2026-04-07T04:45:18.495+0530] {processor.py:914} INFO - Processing file /home/ubantu/miniconda3/envs/airflow-env/lib/python3.11/site-packages/airflow/example_dags/example_nested_branch_dag.py for tasks to queue
[2026-04-07T04:45:18.496+0530] {logging_mixin.py:190} INFO - [2026-04-07T04:45:18.496+0530] {dagbag.py:588} INFO - Filling up the DagBag from /home/ubantu/miniconda3/envs/airflow-env/lib/python3.11/site-packages/airflow/example_dags/example_nested_branch_dag.py
[2026-04-07T04:45:18.509+0530] {processor.py:925} INFO - DAG(s) 'example_nested_branch_dag' retrieved from /home/ubantu/miniconda3/envs/airflow-env/lib/python3.11/site-packages/airflow/example_dags/example_nested_branch_dag.py
[2026-04-07T04:45:18.526+0530] {logging_mixin.py:190} INFO - [2026-04-07T04:45:18.526+0530] {dag.py:3239} INFO - Sync 1 DAGs
[2026-04-07T04:45:18.544+0530] {logging_mixin.py:190} INFO - [2026-04-07T04:45:18.544+0530] {dag.py:4180} INFO - Setting next_dagrun for example_nested_branch_dag to 2026-04-05 00:00:00+00:00, run_after=2026-04-06 00:00:00+00:00
[2026-04-07T04:45:18.563+0530] {processor.py:208} INFO - Processing /home/ubantu/miniconda3/envs/airflow-env/lib/python3.11/site-packages/airflow/example_dags/example_nested_branch_dag.py took 0.075 seconds
[2026-04-07T04:45:24.874+0530] {processor.py:186} INFO - Started process (PID=9459) to work on /home/ubantu/miniconda3/envs/airflow-env/lib/python3.11/site-packages/airflow/example_dags/example_nested_branch_dag.py
[2026-04-07T04:45:24.874+0530] {processor.py:914} INFO - Processing file /home/ubantu/miniconda3/envs/airflow-env/lib/python3.11/site-packages/airflow/example_dags/example_nested_branch_dag.py for tasks to queue
[2026-04-07T04:45:24.876+0530] {logging_mixin.py:190} INFO - [2026-04-07T04:45:24.876+0530] {dagbag.py:588} INFO - Filling up the DagBag from /home/ubantu/miniconda3/envs/airflow-env/lib/python3.11/site-packages/airflow/example_dags/example_nested_branch_dag.py
[2026-04-07T04:45:24.889+0530] {processor.py:925} INFO - DAG(s) 'example_nested_branch_dag' retrieved from /home/ubantu/miniconda3/envs/airflow-env/lib/python3.11/site-packages/airflow/example_dags/example_nested_branch_dag.py
[2026-04-07T04:45:24.905+0530] {logging_mixin.py:190} INFO - [2026-04-07T04:45:24.905+0530] {dag.py:3239} INFO - Sync 1 DAGs
[2026-04-07T04:45:24.922+0530] {logging_mixin.py:190} INFO - [2026-04-07T04:45:24.922+0530] {dag.py:4180} INFO - Setting next_dagrun for example_nested_branch_dag to 2026-04-05 00:00:00+00:00, run_after=2026-04-06 00:00:00+00:00
[2026-04-07T04:45:24.941+0530] {processor.py:208} INFO - Processing /home/ubantu/miniconda3/envs/airflow-env/lib/python3.11/site-packages/airflow/example_dags/example_nested_branch_dag.py took 0.073 seconds
[2026-04-07T04:46:10.809+0530] {processor.py:186} INFO - Started process (PID=9563) to work on /home/ubantu/miniconda3/envs/airflow-env/lib/python3.11/site-packages/airflow/example_dags/example_nested_branch_dag.py
[2026-04-07T04:46:10.810+0530] {processor.py:914} INFO - Processing file /home/ubantu/miniconda3/envs/airflow-env/lib/python3.11/site-packages/airflow/example_dags/example_nested_branch_dag.py for tasks to queue
[2026-04-07T04:46:10.812+0530] {logging_mixin.py:190} INFO - [2026-04-07T04:46:10.811+0530] {dagbag.py:588} INFO - Filling up the DagBag from /home/ubantu/miniconda3/envs/airflow-env/lib/python3.11/site-packages/airflow/example_dags/example_nested_branch_dag.py
[2026-04-07T04:46:10.824+0530] {processor.py:925} INFO - DAG(s) 'example_nested_branch_dag' retrieved from /home/ubantu/miniconda3/envs/airflow-env/lib/python3.11/site-packages/airflow/example_dags/example_nested_branch_dag.py
[2026-04-07T04:46:10.841+0530] {logging_mixin.py:190} INFO - [2026-04-07T04:46:10.841+0530] {dag.py:3239} INFO - Sync 1 DAGs
[2026-04-07T04:46:10.861+0530] {logging_mixin.py:190} INFO - [2026-04-07T04:46:10.860+0530] {dag.py:4180} INFO - Setting next_dagrun for example_nested_branch_dag to 2026-04-05 00:00:00+00:00, run_after=2026-04-06 00:00:00+00:00
[2026-04-07T04:46:10.880+0530] {processor.py:208} INFO - Processing /home/ubantu/miniconda3/envs/airflow-env/lib/python3.11/site-packages/airflow/example_dags/example_nested_branch_dag.py took 0.077 seconds
[2026-04-07T04:46:18.301+0530] {processor.py:186} INFO - Started process (PID=9579) to work on /home/ubantu/miniconda3/envs/airflow-env/lib/python3.11/site-packages/airflow/example_dags/example_nested_branch_dag.py
[2026-04-07T04:46:18.302+0530] {processor.py:914} INFO - Processing file /home/ubantu/miniconda3/envs/airflow-env/lib/python3.11/site-packages/airflow/example_dags/example_nested_branch_dag.py for tasks to queue
[2026-04-07T04:46:18.304+0530] {logging_mixin.py:190} INFO - [2026-04-07T04:46:18.304+0530] {dagbag.py:588} INFO - Filling up the DagBag from /home/ubantu/miniconda3/envs/airflow-env/lib/python3.11/site-packages/airflow/example_dags/example_nested_branch_dag.py
[2026-04-07T04:46:18.318+0530] {processor.py:925} INFO - DAG(s) 'example_nested_branch_dag' retrieved from /home/ubantu/miniconda3/envs/airflow-env/lib/python3.11/site-packages/airflow/example_dags/example_nested_branch_dag.py
[2026-04-07T04:46:18.334+0530] {logging_mixin.py:190} INFO - [2026-04-07T04:46:18.334+0530] {dag.py:3239} INFO - Sync 1 DAGs
[2026-04-07T04:46:18.355+0530] {logging_mixin.py:190} INFO - [2026-04-07T04:46:18.355+0530] {dag.py:4180} INFO - Setting next_dagrun for example_nested_branch_dag to 2026-04-05 00:00:00+00:00, run_after=2026-04-06 00:00:00+00:00
[2026-04-07T04:46:18.376+0530] {processor.py:208} INFO - Processing /home/ubantu/miniconda3/envs/airflow-env/lib/python3.11/site-packages/airflow/example_dags/example_nested_branch_dag.py took 0.082 seconds
[2026-04-07T04:47:04.252+0530] {processor.py:186} INFO - Started process (PID=9677) to work on /home/ubantu/miniconda3/envs/airflow-env/lib/python3.11/site-packages/airflow/example_dags/example_nested_branch_dag.py
[2026-04-07T04:47:04.253+0530] {processor.py:914} INFO - Processing file /home/ubantu/miniconda3/envs/airflow-env/lib/python3.11/site-packages/airflow/example_dags/example_nested_branch_dag.py for tasks to queue
[2026-04-07T04:47:04.255+0530] {logging_mixin.py:190} INFO - [2026-04-07T04:47:04.254+0530] {dagbag.py:588} INFO - Filling up the DagBag from /home/ubantu/miniconda3/envs/airflow-env/lib/python3.11/site-packages/airflow/example_dags/example_nested_branch_dag.py
[2026-04-07T04:47:04.268+0530] {processor.py:925} INFO - DAG(s) 'example_nested_branch_dag' retrieved from /home/ubantu/miniconda3/envs/airflow-env/lib/python3.11/site-packages/airflow/example_dags/example_nested_branch_dag.py
[2026-04-07T04:47:04.285+0530] {logging_mixin.py:190} INFO - [2026-04-07T04:47:04.285+0530] {dag.py:3239} INFO - Sync 1 DAGs
[2026-04-07T04:47:04.304+0530] {logging_mixin.py:190} INFO - [2026-04-07T04:47:04.304+0530] {dag.py:4180} INFO - Setting next_dagrun for example_nested_branch_dag to 2026-04-05 00:00:00+00:00, run_after=2026-04-06 00:00:00+00:00
[2026-04-07T04:47:04.323+0530] {processor.py:208} INFO - Processing /home/ubantu/miniconda3/envs/airflow-env/lib/python3.11/site-packages/airflow/example_dags/example_nested_branch_dag.py took 0.077 seconds
[2026-04-07T04:47:17.150+0530] {processor.py:186} INFO - Started process (PID=9710) to work on /home/ubantu/miniconda3/envs/airflow-env/lib/python3.11/site-packages/airflow/example_dags/example_nested_branch_dag.py
[2026-04-07T04:47:17.151+0530] {processor.py:914} INFO - Processing file /home/ubantu/miniconda3/envs/airflow-env/lib/python3.11/site-packages/airflow/example_dags/example_nested_branch_dag.py for tasks to queue
[2026-04-07T04:47:17.153+0530] {logging_mixin.py:190} INFO - [2026-04-07T04:47:17.153+0530] {dagbag.py:588} INFO - Filling up the DagBag from /home/ubantu/miniconda3/envs/airflow-env/lib/python3.11/site-packages/airflow/example_dags/example_nested_branch_dag.py
[2026-04-07T04:47:17.165+0530] {processor.py:925} INFO - DAG(s) 'example_nested_branch_dag' retrieved from /home/ubantu/miniconda3/envs/airflow-env/lib/python3.11/site-packages/airflow/example_dags/example_nested_branch_dag.py
[2026-04-07T04:47:17.181+0530] {logging_mixin.py:190} INFO - [2026-04-07T04:47:17.181+0530] {dag.py:3239} INFO - Sync 1 DAGs
[2026-04-07T04:47:17.199+0530] {logging_mixin.py:190} INFO - [2026-04-07T04:47:17.199+0530] {dag.py:4180} INFO - Setting next_dagrun for example_nested_branch_dag to 2026-04-05 00:00:00+00:00, run_after=2026-04-06 00:00:00+00:00
[2026-04-07T04:47:17.217+0530] {processor.py:208} INFO - Processing /home/ubantu/miniconda3/envs/airflow-env/lib/python3.11/site-packages/airflow/example_dags/example_nested_branch_dag.py took 0.073 seconds
[2026-04-07T04:47:56.978+0530] {processor.py:186} INFO - Started process (PID=9806) to work on /home/ubantu/miniconda3/envs/airflow-env/lib/python3.11/site-packages/airflow/example_dags/example_nested_branch_dag.py
[2026-04-07T04:47:56.979+0530] {processor.py:914} INFO - Processing file /home/ubantu/miniconda3/envs/airflow-env/lib/python3.11/site-packages/airflow/example_dags/example_nested_branch_dag.py for tasks to queue
[2026-04-07T04:47:56.981+0530] {logging_mixin.py:190} INFO - [2026-04-07T04:47:56.981+0530] {dagbag.py:588} INFO - Filling up the DagBag from /home/ubantu/miniconda3/envs/airflow-env/lib/python3.11/site-packages/airflow/example_dags/example_nested_branch_dag.py
[2026-04-07T04:47:56.998+0530] {processor.py:925} INFO - DAG(s) 'example_nested_branch_dag' retrieved from /home/ubantu/miniconda3/envs/airflow-env/lib/python3.11/site-packages/airflow/example_dags/example_nested_branch_dag.py
[2026-04-07T04:47:57.018+0530] {logging_mixin.py:190} INFO - [2026-04-07T04:47:57.018+0530] {dag.py:3239} INFO - Sync 1 DAGs
[2026-04-07T04:47:57.038+0530] {logging_mixin.py:190} INFO - [2026-04-07T04:47:57.038+0530] {dag.py:4180} INFO - Setting next_dagrun for example_nested_branch_dag to 2026-04-05 00:00:00+00:00, run_after=2026-04-06 00:00:00+00:00
[2026-04-07T04:47:57.056+0530] {processor.py:208} INFO - Processing /home/ubantu/miniconda3/envs/airflow-env/lib/python3.11/site-packages/airflow/example_dags/example_nested_branch_dag.py took 0.087 seconds
[2026-04-07T04:48:15.289+0530] {processor.py:186} INFO - Started process (PID=9853) to work on /home/ubantu/miniconda3/envs/airflow-env/lib/python3.11/site-packages/airflow/example_dags/example_nested_branch_dag.py
[2026-04-07T04:48:15.290+0530] {processor.py:914} INFO - Processing file /home/ubantu/miniconda3/envs/airflow-env/lib/python3.11/site-packages/airflow/example_dags/example_nested_branch_dag.py for tasks to queue
[2026-04-07T04:48:15.292+0530] {logging_mixin.py:190} INFO - [2026-04-07T04:48:15.292+0530] {dagbag.py:588} INFO - Filling up the DagBag from /home/ubantu/miniconda3/envs/airflow-env/lib/python3.11/site-packages/airflow/example_dags/example_nested_branch_dag.py
[2026-04-07T04:48:15.308+0530] {processor.py:925} INFO - DAG(s) 'example_nested_branch_dag' retrieved from /home/ubantu/miniconda3/envs/airflow-env/lib/python3.11/site-packages/airflow/example_dags/example_nested_branch_dag.py
[2026-04-07T04:48:15.328+0530] {logging_mixin.py:190} INFO - [2026-04-07T04:48:15.327+0530] {dag.py:3239} INFO - Sync 1 DAGs
[2026-04-07T04:48:15.348+0530] {logging_mixin.py:190} INFO - [2026-04-07T04:48:15.348+0530] {dag.py:4180} INFO - Setting next_dagrun for example_nested_branch_dag to 2026-04-05 00:00:00+00:00, run_after=2026-04-06 00:00:00+00:00
[2026-04-07T04:48:15.365+0530] {processor.py:208} INFO - Processing /home/ubantu/miniconda3/envs/airflow-env/lib/python3.11/site-packages/airflow/example_dags/example_nested_branch_dag.py took 0.084 seconds
[2026-04-07T05:10:11.762+0530] {processor.py:186} INFO - Started process (PID=10992) to work on /home/ubantu/miniconda3/envs/airflow-env/lib/python3.11/site-packages/airflow/example_dags/example_nested_branch_dag.py
[2026-04-07T05:10:11.764+0530] {processor.py:914} INFO - Processing file /home/ubantu/miniconda3/envs/airflow-env/lib/python3.11/site-packages/airflow/example_dags/example_nested_branch_dag.py for tasks to queue
[2026-04-07T05:10:11.769+0530] {logging_mixin.py:190} INFO - [2026-04-07T05:10:11.768+0530] {dagbag.py:588} INFO - Filling up the DagBag from /home/ubantu/miniconda3/envs/airflow-env/lib/python3.11/site-packages/airflow/example_dags/example_nested_branch_dag.py
[2026-04-07T05:10:11.793+0530] {processor.py:925} INFO - DAG(s) 'example_nested_branch_dag' retrieved from /home/ubantu/miniconda3/envs/airflow-env/lib/python3.11/site-packages/airflow/example_dags/example_nested_branch_dag.py
[2026-04-07T05:10:11.879+0530] {logging_mixin.py:190} INFO - [2026-04-07T05:10:11.879+0530] {dag.py:3239} INFO - Sync 1 DAGs
[2026-04-07T05:10:11.895+0530] {logging_mixin.py:190} INFO - [2026-04-07T05:10:11.895+0530] {dag.py:4180} INFO - Setting next_dagrun for example_nested_branch_dag to 2026-04-05 00:00:00+00:00, run_after=2026-04-06 00:00:00+00:00
[2026-04-07T05:10:11.914+0530] {processor.py:208} INFO - Processing /home/ubantu/miniconda3/envs/airflow-env/lib/python3.11/site-packages/airflow/example_dags/example_nested_branch_dag.py took 0.164 seconds
[2026-04-07T05:11:44.816+0530] {processor.py:186} INFO - Started process (PID=11139) to work on /home/ubantu/miniconda3/envs/airflow-env/lib/python3.11/site-packages/airflow/example_dags/example_nested_branch_dag.py
[2026-04-07T05:11:44.817+0530] {processor.py:914} INFO - Processing file /home/ubantu/miniconda3/envs/airflow-env/lib/python3.11/site-packages/airflow/example_dags/example_nested_branch_dag.py for tasks to queue
[2026-04-07T05:11:44.819+0530] {logging_mixin.py:190} INFO - [2026-04-07T05:11:44.818+0530] {dagbag.py:588} INFO - Filling up the DagBag from /home/ubantu/miniconda3/envs/airflow-env/lib/python3.11/site-packages/airflow/example_dags/example_nested_branch_dag.py
[2026-04-07T05:11:44.830+0530] {processor.py:925} INFO - DAG(s) 'example_nested_branch_dag' retrieved from /home/ubantu/miniconda3/envs/airflow-env/lib/python3.11/site-packages/airflow/example_dags/example_nested_branch_dag.py
[2026-04-07T05:11:44.846+0530] {logging_mixin.py:190} INFO - [2026-04-07T05:11:44.846+0530] {dag.py:3239} INFO - Sync 1 DAGs
[2026-04-07T05:11:44.865+0530] {logging_mixin.py:190} INFO - [2026-04-07T05:11:44.865+0530] {dag.py:4180} INFO - Setting next_dagrun for example_nested_branch_dag to 2026-04-05 00:00:00+00:00, run_after=2026-04-06 00:00:00+00:00
[2026-04-07T05:11:44.883+0530] {processor.py:208} INFO - Processing /home/ubantu/miniconda3/envs/airflow-env/lib/python3.11/site-packages/airflow/example_dags/example_nested_branch_dag.py took 0.073 seconds
[2026-04-07T05:12:43.430+0530] {processor.py:186} INFO - Started process (PID=11219) to work on /home/ubantu/miniconda3/envs/airflow-env/lib/python3.11/site-packages/airflow/example_dags/example_nested_branch_dag.py
[2026-04-07T05:12:43.431+0530] {processor.py:914} INFO - Processing file /home/ubantu/miniconda3/envs/airflow-env/lib/python3.11/site-packages/airflow/example_dags/example_nested_branch_dag.py for tasks to queue
[2026-04-07T05:12:43.434+0530] {logging_mixin.py:190} INFO - [2026-04-07T05:12:43.433+0530] {dagbag.py:588} INFO - Filling up the DagBag from /home/ubantu/miniconda3/envs/airflow-env/lib/python3.11/site-packages/airflow/example_dags/example_nested_branch_dag.py
[2026-04-07T05:12:43.450+0530] {processor.py:925} INFO - DAG(s) 'example_nested_branch_dag' retrieved from /home/ubantu/miniconda3/envs/airflow-env/lib/python3.11/site-packages/airflow/example_dags/example_nested_branch_dag.py
[2026-04-07T05:12:43.466+0530] {logging_mixin.py:190} INFO - [2026-04-07T05:12:43.466+0530] {dag.py:3239} INFO - Sync 1 DAGs
[2026-04-07T05:12:43.486+0530] {logging_mixin.py:190} INFO - [2026-04-07T05:12:43.485+0530] {dag.py:4180} INFO - Setting next_dagrun for example_nested_branch_dag to 2026-04-05 00:00:00+00:00, run_after=2026-04-06 00:00:00+00:00
[2026-04-07T05:12:43.504+0530] {processor.py:208} INFO - Processing /home/ubantu/miniconda3/envs/airflow-env/lib/python3.11/site-packages/airflow/example_dags/example_nested_branch_dag.py took 0.082 seconds
[2026-04-07T05:13:48.128+0530] {processor.py:186} INFO - Started process (PID=11314) to work on /home/ubantu/miniconda3/envs/airflow-env/lib/python3.11/site-packages/airflow/example_dags/example_nested_branch_dag.py
[2026-04-07T05:13:48.129+0530] {processor.py:914} INFO - Processing file /home/ubantu/miniconda3/envs/airflow-env/lib/python3.11/site-packages/airflow/example_dags/example_nested_branch_dag.py for tasks to queue
[2026-04-07T05:13:48.132+0530] {logging_mixin.py:190} INFO - [2026-04-07T05:13:48.131+0530] {dagbag.py:588} INFO - Filling up the DagBag from /home/ubantu/miniconda3/envs/airflow-env/lib/python3.11/site-packages/airflow/example_dags/example_nested_branch_dag.py
[2026-04-07T05:13:48.148+0530] {processor.py:925} INFO - DAG(s) 'example_nested_branch_dag' retrieved from /home/ubantu/miniconda3/envs/airflow-env/lib/python3.11/site-packages/airflow/example_dags/example_nested_branch_dag.py
[2026-04-07T05:13:48.164+0530] {logging_mixin.py:190} INFO - [2026-04-07T05:13:48.163+0530] {dag.py:3239} INFO - Sync 1 DAGs
[2026-04-07T05:13:48.281+0530] {logging_mixin.py:190} INFO - [2026-04-07T05:13:48.281+0530] {dag.py:4180} INFO - Setting next_dagrun for example_nested_branch_dag to 2026-04-05 00:00:00+00:00, run_after=2026-04-06 00:00:00+00:00
[2026-04-07T05:13:48.298+0530] {processor.py:208} INFO - Processing /home/ubantu/miniconda3/envs/airflow-env/lib/python3.11/site-packages/airflow/example_dags/example_nested_branch_dag.py took 0.178 seconds
[2026-04-07T05:17:53.207+0530] {processor.py:186} INFO - Started process (PID=11659) to work on /home/ubantu/miniconda3/envs/airflow-env/lib/python3.11/site-packages/airflow/example_dags/example_nested_branch_dag.py
[2026-04-07T05:17:53.208+0530] {processor.py:914} INFO - Processing file /home/ubantu/miniconda3/envs/airflow-env/lib/python3.11/site-packages/airflow/example_dags/example_nested_branch_dag.py for tasks to queue
[2026-04-07T05:17:53.210+0530] {logging_mixin.py:190} INFO - [2026-04-07T05:17:53.210+0530] {dagbag.py:588} INFO - Filling up the DagBag from /home/ubantu/miniconda3/envs/airflow-env/lib/python3.11/site-packages/airflow/example_dags/example_nested_branch_dag.py
[2026-04-07T05:17:53.223+0530] {processor.py:925} INFO - DAG(s) 'example_nested_branch_dag' retrieved from /home/ubantu/miniconda3/envs/airflow-env/lib/python3.11/site-packages/airflow/example_dags/example_nested_branch_dag.py
[2026-04-07T05:17:53.243+0530] {logging_mixin.py:190} INFO - [2026-04-07T05:17:53.243+0530] {dag.py:3239} INFO - Sync 1 DAGs
[2026-04-07T05:17:53.264+0530] {logging_mixin.py:190} INFO - [2026-04-07T05:17:53.264+0530] {dag.py:4180} INFO - Setting next_dagrun for example_nested_branch_dag to 2026-04-05 00:00:00+00:00, run_after=2026-04-06 00:00:00+00:00
[2026-04-07T05:17:53.285+0530] {processor.py:208} INFO - Processing /home/ubantu/miniconda3/envs/airflow-env/lib/python3.11/site-packages/airflow/example_dags/example_nested_branch_dag.py took 0.084 seconds
