[2026-04-07T04:08:13.564+0530] {processor.py:186} INFO - Started process (PID=5879) to work on /home/ubantu/miniconda3/envs/airflow-env/lib/python3.11/site-packages/airflow/example_dags/example_branch_python_dop_operator_3.py
[2026-04-07T04:08:13.564+0530] {processor.py:914} INFO - Processing file /home/ubantu/miniconda3/envs/airflow-env/lib/python3.11/site-packages/airflow/example_dags/example_branch_python_dop_operator_3.py for tasks to queue
[2026-04-07T04:08:13.566+0530] {logging_mixin.py:190} INFO - [2026-04-07T04:08:13.566+0530] {dagbag.py:588} INFO - Filling up the DagBag from /home/ubantu/miniconda3/envs/airflow-env/lib/python3.11/site-packages/airflow/example_dags/example_branch_python_dop_operator_3.py
[2026-04-07T04:08:13.578+0530] {processor.py:925} INFO - DAG(s) 'example_branch_dop_operator_v3' retrieved from /home/ubantu/miniconda3/envs/airflow-env/lib/python3.11/site-packages/airflow/example_dags/example_branch_python_dop_operator_3.py
[2026-04-07T04:08:13.661+0530] {logging_mixin.py:190} INFO - [2026-04-07T04:08:13.661+0530] {override.py:1911} INFO - Created Permission View: can delete on DAG:example_branch_dop_operator_v3
[2026-04-07T04:08:13.671+0530] {logging_mixin.py:190} INFO - [2026-04-07T04:08:13.671+0530] {override.py:1911} INFO - Created Permission View: can edit on DAG:example_branch_dop_operator_v3
[2026-04-07T04:08:13.678+0530] {logging_mixin.py:190} INFO - [2026-04-07T04:08:13.678+0530] {override.py:1911} INFO - Created Permission View: can read on DAG:example_branch_dop_operator_v3
[2026-04-07T04:08:13.687+0530] {logging_mixin.py:190} INFO - [2026-04-07T04:08:13.687+0530] {override.py:1911} INFO - Created Permission View: can create on DAG Run:example_branch_dop_operator_v3
[2026-04-07T04:08:13.693+0530] {logging_mixin.py:190} INFO - [2026-04-07T04:08:13.693+0530] {override.py:1911} INFO - Created Permission View: can delete on DAG Run:example_branch_dop_operator_v3
[2026-04-07T04:08:13.701+0530] {logging_mixin.py:190} INFO - [2026-04-07T04:08:13.700+0530] {override.py:1911} INFO - Created Permission View: menu access on DAG Run:example_branch_dop_operator_v3
[2026-04-07T04:08:13.708+0530] {logging_mixin.py:190} INFO - [2026-04-07T04:08:13.708+0530] {override.py:1911} INFO - Created Permission View: can read on DAG Run:example_branch_dop_operator_v3
[2026-04-07T04:08:13.708+0530] {logging_mixin.py:190} INFO - [2026-04-07T04:08:13.708+0530] {dag.py:3239} INFO - Sync 1 DAGs
[2026-04-07T04:08:13.808+0530] {logging_mixin.py:190} INFO - [2026-04-07T04:08:13.808+0530] {dag.py:3262} INFO - Creating ORM DAG for example_branch_dop_operator_v3
[2026-04-07T04:08:13.818+0530] {logging_mixin.py:190} INFO - [2026-04-07T04:08:13.818+0530] {dag.py:4180} INFO - Setting next_dagrun for example_branch_dop_operator_v3 to 2026-04-06 22:37:00+00:00, run_after=2026-04-06 22:38:00+00:00
[2026-04-07T04:08:13.834+0530] {processor.py:208} INFO - Processing /home/ubantu/miniconda3/envs/airflow-env/lib/python3.11/site-packages/airflow/example_dags/example_branch_python_dop_operator_3.py took 0.276 seconds
[2026-04-07T04:09:16.472+0530] {processor.py:186} INFO - Started process (PID=6020) to work on /home/ubantu/miniconda3/envs/airflow-env/lib/python3.11/site-packages/airflow/example_dags/example_branch_python_dop_operator_3.py
[2026-04-07T04:09:16.473+0530] {processor.py:914} INFO - Processing file /home/ubantu/miniconda3/envs/airflow-env/lib/python3.11/site-packages/airflow/example_dags/example_branch_python_dop_operator_3.py for tasks to queue
[2026-04-07T04:09:16.476+0530] {logging_mixin.py:190} INFO - [2026-04-07T04:09:16.475+0530] {dagbag.py:588} INFO - Filling up the DagBag from /home/ubantu/miniconda3/envs/airflow-env/lib/python3.11/site-packages/airflow/example_dags/example_branch_python_dop_operator_3.py
[2026-04-07T04:09:16.490+0530] {processor.py:925} INFO - DAG(s) 'example_branch_dop_operator_v3' retrieved from /home/ubantu/miniconda3/envs/airflow-env/lib/python3.11/site-packages/airflow/example_dags/example_branch_python_dop_operator_3.py
[2026-04-07T04:09:16.509+0530] {logging_mixin.py:190} INFO - [2026-04-07T04:09:16.509+0530] {dag.py:3239} INFO - Sync 1 DAGs
[2026-04-07T04:09:16.532+0530] {logging_mixin.py:190} INFO - [2026-04-07T04:09:16.532+0530] {dag.py:4180} INFO - Setting next_dagrun for example_branch_dop_operator_v3 to 2026-04-06 22:38:00+00:00, run_after=2026-04-06 22:39:00+00:00
[2026-04-07T04:09:16.551+0530] {processor.py:208} INFO - Processing /home/ubantu/miniconda3/envs/airflow-env/lib/python3.11/site-packages/airflow/example_dags/example_branch_python_dop_operator_3.py took 0.086 seconds
[2026-04-07T04:10:13.782+0530] {processor.py:186} INFO - Started process (PID=6182) to work on /home/ubantu/miniconda3/envs/airflow-env/lib/python3.11/site-packages/airflow/example_dags/example_branch_python_dop_operator_3.py
[2026-04-07T04:10:13.783+0530] {processor.py:914} INFO - Processing file /home/ubantu/miniconda3/envs/airflow-env/lib/python3.11/site-packages/airflow/example_dags/example_branch_python_dop_operator_3.py for tasks to queue
[2026-04-07T04:10:13.785+0530] {logging_mixin.py:190} INFO - [2026-04-07T04:10:13.785+0530] {dagbag.py:588} INFO - Filling up the DagBag from /home/ubantu/miniconda3/envs/airflow-env/lib/python3.11/site-packages/airflow/example_dags/example_branch_python_dop_operator_3.py
[2026-04-07T04:10:13.905+0530] {processor.py:925} INFO - DAG(s) 'example_branch_dop_operator_v3' retrieved from /home/ubantu/miniconda3/envs/airflow-env/lib/python3.11/site-packages/airflow/example_dags/example_branch_python_dop_operator_3.py
[2026-04-07T04:10:13.915+0530] {logging_mixin.py:190} INFO - [2026-04-07T04:10:13.915+0530] {dag.py:3239} INFO - Sync 1 DAGs
[2026-04-07T04:10:13.933+0530] {logging_mixin.py:190} INFO - [2026-04-07T04:10:13.933+0530] {dag.py:4180} INFO - Setting next_dagrun for example_branch_dop_operator_v3 to 2026-04-06 22:39:00+00:00, run_after=2026-04-06 22:40:00+00:00
[2026-04-07T04:10:13.951+0530] {processor.py:208} INFO - Processing /home/ubantu/miniconda3/envs/airflow-env/lib/python3.11/site-packages/airflow/example_dags/example_branch_python_dop_operator_3.py took 0.176 seconds
[2026-04-07T04:11:07.730+0530] {processor.py:186} INFO - Started process (PID=6249) to work on /home/ubantu/miniconda3/envs/airflow-env/lib/python3.11/site-packages/airflow/example_dags/example_branch_python_dop_operator_3.py
[2026-04-07T04:11:07.731+0530] {processor.py:914} INFO - Processing file /home/ubantu/miniconda3/envs/airflow-env/lib/python3.11/site-packages/airflow/example_dags/example_branch_python_dop_operator_3.py for tasks to queue
[2026-04-07T04:11:07.734+0530] {logging_mixin.py:190} INFO - [2026-04-07T04:11:07.733+0530] {dagbag.py:588} INFO - Filling up the DagBag from /home/ubantu/miniconda3/envs/airflow-env/lib/python3.11/site-packages/airflow/example_dags/example_branch_python_dop_operator_3.py
[2026-04-07T04:11:07.747+0530] {processor.py:925} INFO - DAG(s) 'example_branch_dop_operator_v3' retrieved from /home/ubantu/miniconda3/envs/airflow-env/lib/python3.11/site-packages/airflow/example_dags/example_branch_python_dop_operator_3.py
[2026-04-07T04:11:07.762+0530] {logging_mixin.py:190} INFO - [2026-04-07T04:11:07.762+0530] {dag.py:3239} INFO - Sync 1 DAGs
[2026-04-07T04:11:07.783+0530] {logging_mixin.py:190} INFO - [2026-04-07T04:11:07.783+0530] {dag.py:4180} INFO - Setting next_dagrun for example_branch_dop_operator_v3 to 2026-04-06 22:40:00+00:00, run_after=2026-04-06 22:41:00+00:00
[2026-04-07T04:11:07.801+0530] {processor.py:208} INFO - Processing /home/ubantu/miniconda3/envs/airflow-env/lib/python3.11/site-packages/airflow/example_dags/example_branch_python_dop_operator_3.py took 0.078 seconds
[2026-04-07T04:12:24.008+0530] {processor.py:186} INFO - Started process (PID=6344) to work on /home/ubantu/miniconda3/envs/airflow-env/lib/python3.11/site-packages/airflow/example_dags/example_branch_python_dop_operator_3.py
[2026-04-07T04:12:24.009+0530] {processor.py:914} INFO - Processing file /home/ubantu/miniconda3/envs/airflow-env/lib/python3.11/site-packages/airflow/example_dags/example_branch_python_dop_operator_3.py for tasks to queue
[2026-04-07T04:12:24.012+0530] {logging_mixin.py:190} INFO - [2026-04-07T04:12:24.011+0530] {dagbag.py:588} INFO - Filling up the DagBag from /home/ubantu/miniconda3/envs/airflow-env/lib/python3.11/site-packages/airflow/example_dags/example_branch_python_dop_operator_3.py
[2026-04-07T04:12:24.024+0530] {processor.py:925} INFO - DAG(s) 'example_branch_dop_operator_v3' retrieved from /home/ubantu/miniconda3/envs/airflow-env/lib/python3.11/site-packages/airflow/example_dags/example_branch_python_dop_operator_3.py
[2026-04-07T04:12:24.041+0530] {logging_mixin.py:190} INFO - [2026-04-07T04:12:24.041+0530] {dag.py:3239} INFO - Sync 1 DAGs
[2026-04-07T04:12:24.062+0530] {logging_mixin.py:190} INFO - [2026-04-07T04:12:24.061+0530] {dag.py:4180} INFO - Setting next_dagrun for example_branch_dop_operator_v3 to 2026-04-06 22:41:00+00:00, run_after=2026-04-06 22:42:00+00:00
[2026-04-07T04:12:24.079+0530] {processor.py:208} INFO - Processing /home/ubantu/miniconda3/envs/airflow-env/lib/python3.11/site-packages/airflow/example_dags/example_branch_python_dop_operator_3.py took 0.079 seconds
[2026-04-07T04:13:19.486+0530] {processor.py:186} INFO - Started process (PID=6406) to work on /home/ubantu/miniconda3/envs/airflow-env/lib/python3.11/site-packages/airflow/example_dags/example_branch_python_dop_operator_3.py
[2026-04-07T04:13:19.487+0530] {processor.py:914} INFO - Processing file /home/ubantu/miniconda3/envs/airflow-env/lib/python3.11/site-packages/airflow/example_dags/example_branch_python_dop_operator_3.py for tasks to queue
[2026-04-07T04:13:19.489+0530] {logging_mixin.py:190} INFO - [2026-04-07T04:13:19.489+0530] {dagbag.py:588} INFO - Filling up the DagBag from /home/ubantu/miniconda3/envs/airflow-env/lib/python3.11/site-packages/airflow/example_dags/example_branch_python_dop_operator_3.py
[2026-04-07T04:13:19.502+0530] {processor.py:925} INFO - DAG(s) 'example_branch_dop_operator_v3' retrieved from /home/ubantu/miniconda3/envs/airflow-env/lib/python3.11/site-packages/airflow/example_dags/example_branch_python_dop_operator_3.py
[2026-04-07T04:13:19.518+0530] {logging_mixin.py:190} INFO - [2026-04-07T04:13:19.517+0530] {dag.py:3239} INFO - Sync 1 DAGs
[2026-04-07T04:13:19.537+0530] {logging_mixin.py:190} INFO - [2026-04-07T04:13:19.537+0530] {dag.py:4180} INFO - Setting next_dagrun for example_branch_dop_operator_v3 to 2026-04-06 22:42:00+00:00, run_after=2026-04-06 22:43:00+00:00
[2026-04-07T04:13:19.556+0530] {processor.py:208} INFO - Processing /home/ubantu/miniconda3/envs/airflow-env/lib/python3.11/site-packages/airflow/example_dags/example_branch_python_dop_operator_3.py took 0.078 seconds
[2026-04-07T04:14:39.125+0530] {processor.py:186} INFO - Started process (PID=6501) to work on /home/ubantu/miniconda3/envs/airflow-env/lib/python3.11/site-packages/airflow/example_dags/example_branch_python_dop_operator_3.py
[2026-04-07T04:14:39.126+0530] {processor.py:914} INFO - Processing file /home/ubantu/miniconda3/envs/airflow-env/lib/python3.11/site-packages/airflow/example_dags/example_branch_python_dop_operator_3.py for tasks to queue
[2026-04-07T04:14:39.128+0530] {logging_mixin.py:190} INFO - [2026-04-07T04:14:39.127+0530] {dagbag.py:588} INFO - Filling up the DagBag from /home/ubantu/miniconda3/envs/airflow-env/lib/python3.11/site-packages/airflow/example_dags/example_branch_python_dop_operator_3.py
[2026-04-07T04:14:39.139+0530] {processor.py:925} INFO - DAG(s) 'example_branch_dop_operator_v3' retrieved from /home/ubantu/miniconda3/envs/airflow-env/lib/python3.11/site-packages/airflow/example_dags/example_branch_python_dop_operator_3.py
[2026-04-07T04:14:39.154+0530] {logging_mixin.py:190} INFO - [2026-04-07T04:14:39.153+0530] {dag.py:3239} INFO - Sync 1 DAGs
[2026-04-07T04:14:39.175+0530] {logging_mixin.py:190} INFO - [2026-04-07T04:14:39.174+0530] {dag.py:4180} INFO - Setting next_dagrun for example_branch_dop_operator_v3 to 2026-04-06 22:43:00+00:00, run_after=2026-04-06 22:44:00+00:00
[2026-04-07T04:14:39.192+0530] {processor.py:208} INFO - Processing /home/ubantu/miniconda3/envs/airflow-env/lib/python3.11/site-packages/airflow/example_dags/example_branch_python_dop_operator_3.py took 0.073 seconds
[2026-04-07T04:15:55.159+0530] {processor.py:186} INFO - Started process (PID=6590) to work on /home/ubantu/miniconda3/envs/airflow-env/lib/python3.11/site-packages/airflow/example_dags/example_branch_python_dop_operator_3.py
[2026-04-07T04:15:55.160+0530] {processor.py:914} INFO - Processing file /home/ubantu/miniconda3/envs/airflow-env/lib/python3.11/site-packages/airflow/example_dags/example_branch_python_dop_operator_3.py for tasks to queue
[2026-04-07T04:15:55.162+0530] {logging_mixin.py:190} INFO - [2026-04-07T04:15:55.162+0530] {dagbag.py:588} INFO - Filling up the DagBag from /home/ubantu/miniconda3/envs/airflow-env/lib/python3.11/site-packages/airflow/example_dags/example_branch_python_dop_operator_3.py
[2026-04-07T04:15:55.173+0530] {processor.py:925} INFO - DAG(s) 'example_branch_dop_operator_v3' retrieved from /home/ubantu/miniconda3/envs/airflow-env/lib/python3.11/site-packages/airflow/example_dags/example_branch_python_dop_operator_3.py
[2026-04-07T04:15:55.188+0530] {logging_mixin.py:190} INFO - [2026-04-07T04:15:55.188+0530] {dag.py:3239} INFO - Sync 1 DAGs
[2026-04-07T04:15:55.210+0530] {logging_mixin.py:190} INFO - [2026-04-07T04:15:55.210+0530] {dag.py:4180} INFO - Setting next_dagrun for example_branch_dop_operator_v3 to 2026-04-06 22:44:00+00:00, run_after=2026-04-06 22:45:00+00:00
[2026-04-07T04:15:55.228+0530] {processor.py:208} INFO - Processing /home/ubantu/miniconda3/envs/airflow-env/lib/python3.11/site-packages/airflow/example_dags/example_branch_python_dop_operator_3.py took 0.074 seconds
[2026-04-07T04:17:11.193+0530] {processor.py:186} INFO - Started process (PID=6683) to work on /home/ubantu/miniconda3/envs/airflow-env/lib/python3.11/site-packages/airflow/example_dags/example_branch_python_dop_operator_3.py
[2026-04-07T04:17:11.194+0530] {processor.py:914} INFO - Processing file /home/ubantu/miniconda3/envs/airflow-env/lib/python3.11/site-packages/airflow/example_dags/example_branch_python_dop_operator_3.py for tasks to queue
[2026-04-07T04:17:11.196+0530] {logging_mixin.py:190} INFO - [2026-04-07T04:17:11.195+0530] {dagbag.py:588} INFO - Filling up the DagBag from /home/ubantu/miniconda3/envs/airflow-env/lib/python3.11/site-packages/airflow/example_dags/example_branch_python_dop_operator_3.py
[2026-04-07T04:17:11.207+0530] {processor.py:925} INFO - DAG(s) 'example_branch_dop_operator_v3' retrieved from /home/ubantu/miniconda3/envs/airflow-env/lib/python3.11/site-packages/airflow/example_dags/example_branch_python_dop_operator_3.py
[2026-04-07T04:17:11.222+0530] {logging_mixin.py:190} INFO - [2026-04-07T04:17:11.222+0530] {dag.py:3239} INFO - Sync 1 DAGs
[2026-04-07T04:17:11.244+0530] {logging_mixin.py:190} INFO - [2026-04-07T04:17:11.243+0530] {dag.py:4180} INFO - Setting next_dagrun for example_branch_dop_operator_v3 to 2026-04-06 22:46:00+00:00, run_after=2026-04-06 22:47:00+00:00
[2026-04-07T04:17:11.263+0530] {processor.py:208} INFO - Processing /home/ubantu/miniconda3/envs/airflow-env/lib/python3.11/site-packages/airflow/example_dags/example_branch_python_dop_operator_3.py took 0.076 seconds
[2026-04-07T04:18:26.235+0530] {processor.py:186} INFO - Started process (PID=6774) to work on /home/ubantu/miniconda3/envs/airflow-env/lib/python3.11/site-packages/airflow/example_dags/example_branch_python_dop_operator_3.py
[2026-04-07T04:18:26.237+0530] {processor.py:914} INFO - Processing file /home/ubantu/miniconda3/envs/airflow-env/lib/python3.11/site-packages/airflow/example_dags/example_branch_python_dop_operator_3.py for tasks to queue
[2026-04-07T04:18:26.239+0530] {logging_mixin.py:190} INFO - [2026-04-07T04:18:26.239+0530] {dagbag.py:588} INFO - Filling up the DagBag from /home/ubantu/miniconda3/envs/airflow-env/lib/python3.11/site-packages/airflow/example_dags/example_branch_python_dop_operator_3.py
[2026-04-07T04:18:26.252+0530] {processor.py:925} INFO - DAG(s) 'example_branch_dop_operator_v3' retrieved from /home/ubantu/miniconda3/envs/airflow-env/lib/python3.11/site-packages/airflow/example_dags/example_branch_python_dop_operator_3.py
[2026-04-07T04:18:26.270+0530] {logging_mixin.py:190} INFO - [2026-04-07T04:18:26.269+0530] {dag.py:3239} INFO - Sync 1 DAGs
[2026-04-07T04:18:26.296+0530] {logging_mixin.py:190} INFO - [2026-04-07T04:18:26.295+0530] {dag.py:4180} INFO - Setting next_dagrun for example_branch_dop_operator_v3 to 2026-04-06 22:47:00+00:00, run_after=2026-04-06 22:48:00+00:00
[2026-04-07T04:18:26.315+0530] {processor.py:208} INFO - Processing /home/ubantu/miniconda3/envs/airflow-env/lib/python3.11/site-packages/airflow/example_dags/example_branch_python_dop_operator_3.py took 0.087 seconds
[2026-04-07T04:19:18.476+0530] {processor.py:186} INFO - Started process (PID=6878) to work on /home/ubantu/miniconda3/envs/airflow-env/lib/python3.11/site-packages/airflow/example_dags/example_branch_python_dop_operator_3.py
[2026-04-07T04:19:18.478+0530] {processor.py:914} INFO - Processing file /home/ubantu/miniconda3/envs/airflow-env/lib/python3.11/site-packages/airflow/example_dags/example_branch_python_dop_operator_3.py for tasks to queue
[2026-04-07T04:19:18.480+0530] {logging_mixin.py:190} INFO - [2026-04-07T04:19:18.479+0530] {dagbag.py:588} INFO - Filling up the DagBag from /home/ubantu/miniconda3/envs/airflow-env/lib/python3.11/site-packages/airflow/example_dags/example_branch_python_dop_operator_3.py
[2026-04-07T04:19:18.491+0530] {processor.py:925} INFO - DAG(s) 'example_branch_dop_operator_v3' retrieved from /home/ubantu/miniconda3/envs/airflow-env/lib/python3.11/site-packages/airflow/example_dags/example_branch_python_dop_operator_3.py
[2026-04-07T04:19:18.505+0530] {logging_mixin.py:190} INFO - [2026-04-07T04:19:18.505+0530] {dag.py:3239} INFO - Sync 1 DAGs
[2026-04-07T04:19:18.528+0530] {logging_mixin.py:190} INFO - [2026-04-07T04:19:18.527+0530] {dag.py:4180} INFO - Setting next_dagrun for example_branch_dop_operator_v3 to 2026-04-06 22:48:00+00:00, run_after=2026-04-06 22:49:00+00:00
[2026-04-07T04:19:18.546+0530] {processor.py:208} INFO - Processing /home/ubantu/miniconda3/envs/airflow-env/lib/python3.11/site-packages/airflow/example_dags/example_branch_python_dop_operator_3.py took 0.076 seconds
[2026-04-07T04:20:34.314+0530] {processor.py:186} INFO - Started process (PID=6965) to work on /home/ubantu/miniconda3/envs/airflow-env/lib/python3.11/site-packages/airflow/example_dags/example_branch_python_dop_operator_3.py
[2026-04-07T04:20:34.315+0530] {processor.py:914} INFO - Processing file /home/ubantu/miniconda3/envs/airflow-env/lib/python3.11/site-packages/airflow/example_dags/example_branch_python_dop_operator_3.py for tasks to queue
[2026-04-07T04:20:34.317+0530] {logging_mixin.py:190} INFO - [2026-04-07T04:20:34.317+0530] {dagbag.py:588} INFO - Filling up the DagBag from /home/ubantu/miniconda3/envs/airflow-env/lib/python3.11/site-packages/airflow/example_dags/example_branch_python_dop_operator_3.py
[2026-04-07T04:20:34.329+0530] {processor.py:925} INFO - DAG(s) 'example_branch_dop_operator_v3' retrieved from /home/ubantu/miniconda3/envs/airflow-env/lib/python3.11/site-packages/airflow/example_dags/example_branch_python_dop_operator_3.py
[2026-04-07T04:20:34.344+0530] {logging_mixin.py:190} INFO - [2026-04-07T04:20:34.343+0530] {dag.py:3239} INFO - Sync 1 DAGs
[2026-04-07T04:20:34.367+0530] {logging_mixin.py:190} INFO - [2026-04-07T04:20:34.367+0530] {dag.py:4180} INFO - Setting next_dagrun for example_branch_dop_operator_v3 to 2026-04-06 22:49:00+00:00, run_after=2026-04-06 22:50:00+00:00
[2026-04-07T04:20:34.385+0530] {processor.py:208} INFO - Processing /home/ubantu/miniconda3/envs/airflow-env/lib/python3.11/site-packages/airflow/example_dags/example_branch_python_dop_operator_3.py took 0.078 seconds
[2026-04-07T04:21:29.847+0530] {processor.py:186} INFO - Started process (PID=7026) to work on /home/ubantu/miniconda3/envs/airflow-env/lib/python3.11/site-packages/airflow/example_dags/example_branch_python_dop_operator_3.py
[2026-04-07T04:21:29.849+0530] {processor.py:914} INFO - Processing file /home/ubantu/miniconda3/envs/airflow-env/lib/python3.11/site-packages/airflow/example_dags/example_branch_python_dop_operator_3.py for tasks to queue
[2026-04-07T04:21:29.851+0530] {logging_mixin.py:190} INFO - [2026-04-07T04:21:29.850+0530] {dagbag.py:588} INFO - Filling up the DagBag from /home/ubantu/miniconda3/envs/airflow-env/lib/python3.11/site-packages/airflow/example_dags/example_branch_python_dop_operator_3.py
[2026-04-07T04:21:29.862+0530] {processor.py:925} INFO - DAG(s) 'example_branch_dop_operator_v3' retrieved from /home/ubantu/miniconda3/envs/airflow-env/lib/python3.11/site-packages/airflow/example_dags/example_branch_python_dop_operator_3.py
[2026-04-07T04:21:29.878+0530] {logging_mixin.py:190} INFO - [2026-04-07T04:21:29.878+0530] {dag.py:3239} INFO - Sync 1 DAGs
[2026-04-07T04:21:29.901+0530] {logging_mixin.py:190} INFO - [2026-04-07T04:21:29.901+0530] {dag.py:4180} INFO - Setting next_dagrun for example_branch_dop_operator_v3 to 2026-04-06 22:50:00+00:00, run_after=2026-04-06 22:51:00+00:00
[2026-04-07T04:21:29.920+0530] {processor.py:208} INFO - Processing /home/ubantu/miniconda3/envs/airflow-env/lib/python3.11/site-packages/airflow/example_dags/example_branch_python_dop_operator_3.py took 0.079 seconds
[2026-04-07T04:22:25.246+0530] {processor.py:186} INFO - Started process (PID=7090) to work on /home/ubantu/miniconda3/envs/airflow-env/lib/python3.11/site-packages/airflow/example_dags/example_branch_python_dop_operator_3.py
[2026-04-07T04:22:25.248+0530] {processor.py:914} INFO - Processing file /home/ubantu/miniconda3/envs/airflow-env/lib/python3.11/site-packages/airflow/example_dags/example_branch_python_dop_operator_3.py for tasks to queue
[2026-04-07T04:22:25.250+0530] {logging_mixin.py:190} INFO - [2026-04-07T04:22:25.250+0530] {dagbag.py:588} INFO - Filling up the DagBag from /home/ubantu/miniconda3/envs/airflow-env/lib/python3.11/site-packages/airflow/example_dags/example_branch_python_dop_operator_3.py
[2026-04-07T04:22:25.262+0530] {processor.py:925} INFO - DAG(s) 'example_branch_dop_operator_v3' retrieved from /home/ubantu/miniconda3/envs/airflow-env/lib/python3.11/site-packages/airflow/example_dags/example_branch_python_dop_operator_3.py
[2026-04-07T04:22:25.277+0530] {logging_mixin.py:190} INFO - [2026-04-07T04:22:25.277+0530] {dag.py:3239} INFO - Sync 1 DAGs
[2026-04-07T04:22:25.299+0530] {logging_mixin.py:190} INFO - [2026-04-07T04:22:25.299+0530] {dag.py:4180} INFO - Setting next_dagrun for example_branch_dop_operator_v3 to 2026-04-06 22:51:00+00:00, run_after=2026-04-06 22:52:00+00:00
[2026-04-07T04:22:25.317+0530] {processor.py:208} INFO - Processing /home/ubantu/miniconda3/envs/airflow-env/lib/python3.11/site-packages/airflow/example_dags/example_branch_python_dop_operator_3.py took 0.077 seconds
[2026-04-07T04:23:19.088+0530] {processor.py:186} INFO - Started process (PID=7189) to work on /home/ubantu/miniconda3/envs/airflow-env/lib/python3.11/site-packages/airflow/example_dags/example_branch_python_dop_operator_3.py
[2026-04-07T04:23:19.089+0530] {processor.py:914} INFO - Processing file /home/ubantu/miniconda3/envs/airflow-env/lib/python3.11/site-packages/airflow/example_dags/example_branch_python_dop_operator_3.py for tasks to queue
[2026-04-07T04:23:19.091+0530] {logging_mixin.py:190} INFO - [2026-04-07T04:23:19.091+0530] {dagbag.py:588} INFO - Filling up the DagBag from /home/ubantu/miniconda3/envs/airflow-env/lib/python3.11/site-packages/airflow/example_dags/example_branch_python_dop_operator_3.py
[2026-04-07T04:23:19.103+0530] {processor.py:925} INFO - DAG(s) 'example_branch_dop_operator_v3' retrieved from /home/ubantu/miniconda3/envs/airflow-env/lib/python3.11/site-packages/airflow/example_dags/example_branch_python_dop_operator_3.py
[2026-04-07T04:23:19.120+0530] {logging_mixin.py:190} INFO - [2026-04-07T04:23:19.120+0530] {dag.py:3239} INFO - Sync 1 DAGs
[2026-04-07T04:23:19.145+0530] {logging_mixin.py:190} INFO - [2026-04-07T04:23:19.144+0530] {dag.py:4180} INFO - Setting next_dagrun for example_branch_dop_operator_v3 to 2026-04-06 22:52:00+00:00, run_after=2026-04-06 22:53:00+00:00
[2026-04-07T04:23:19.162+0530] {processor.py:208} INFO - Processing /home/ubantu/miniconda3/envs/airflow-env/lib/python3.11/site-packages/airflow/example_dags/example_branch_python_dop_operator_3.py took 0.080 seconds
[2026-04-07T04:24:36.943+0530] {processor.py:186} INFO - Started process (PID=7333) to work on /home/ubantu/miniconda3/envs/airflow-env/lib/python3.11/site-packages/airflow/example_dags/example_branch_python_dop_operator_3.py
[2026-04-07T04:24:36.944+0530] {processor.py:914} INFO - Processing file /home/ubantu/miniconda3/envs/airflow-env/lib/python3.11/site-packages/airflow/example_dags/example_branch_python_dop_operator_3.py for tasks to queue
[2026-04-07T04:24:36.947+0530] {logging_mixin.py:190} INFO - [2026-04-07T04:24:36.946+0530] {dagbag.py:588} INFO - Filling up the DagBag from /home/ubantu/miniconda3/envs/airflow-env/lib/python3.11/site-packages/airflow/example_dags/example_branch_python_dop_operator_3.py
[2026-04-07T04:24:36.958+0530] {processor.py:925} INFO - DAG(s) 'example_branch_dop_operator_v3' retrieved from /home/ubantu/miniconda3/envs/airflow-env/lib/python3.11/site-packages/airflow/example_dags/example_branch_python_dop_operator_3.py
[2026-04-07T04:24:36.973+0530] {logging_mixin.py:190} INFO - [2026-04-07T04:24:36.973+0530] {dag.py:3239} INFO - Sync 1 DAGs
[2026-04-07T04:24:36.993+0530] {logging_mixin.py:190} INFO - [2026-04-07T04:24:36.993+0530] {dag.py:4180} INFO - Setting next_dagrun for example_branch_dop_operator_v3 to 2026-04-06 22:53:00+00:00, run_after=2026-04-06 22:54:00+00:00
[2026-04-07T04:24:37.012+0530] {processor.py:208} INFO - Processing /home/ubantu/miniconda3/envs/airflow-env/lib/python3.11/site-packages/airflow/example_dags/example_branch_python_dop_operator_3.py took 0.075 seconds
[2026-04-07T04:25:57.994+0530] {processor.py:186} INFO - Started process (PID=7456) to work on /home/ubantu/miniconda3/envs/airflow-env/lib/python3.11/site-packages/airflow/example_dags/example_branch_python_dop_operator_3.py
[2026-04-07T04:25:57.995+0530] {processor.py:914} INFO - Processing file /home/ubantu/miniconda3/envs/airflow-env/lib/python3.11/site-packages/airflow/example_dags/example_branch_python_dop_operator_3.py for tasks to queue
[2026-04-07T04:25:57.998+0530] {logging_mixin.py:190} INFO - [2026-04-07T04:25:57.997+0530] {dagbag.py:588} INFO - Filling up the DagBag from /home/ubantu/miniconda3/envs/airflow-env/lib/python3.11/site-packages/airflow/example_dags/example_branch_python_dop_operator_3.py
[2026-04-07T04:25:58.010+0530] {processor.py:925} INFO - DAG(s) 'example_branch_dop_operator_v3' retrieved from /home/ubantu/miniconda3/envs/airflow-env/lib/python3.11/site-packages/airflow/example_dags/example_branch_python_dop_operator_3.py
[2026-04-07T04:25:58.025+0530] {logging_mixin.py:190} INFO - [2026-04-07T04:25:58.025+0530] {dag.py:3239} INFO - Sync 1 DAGs
[2026-04-07T04:25:58.048+0530] {logging_mixin.py:190} INFO - [2026-04-07T04:25:58.048+0530] {dag.py:4180} INFO - Setting next_dagrun for example_branch_dop_operator_v3 to 2026-04-06 22:54:00+00:00, run_after=2026-04-06 22:55:00+00:00
[2026-04-07T04:25:58.067+0530] {processor.py:208} INFO - Processing /home/ubantu/miniconda3/envs/airflow-env/lib/python3.11/site-packages/airflow/example_dags/example_branch_python_dop_operator_3.py took 0.080 seconds
[2026-04-07T04:26:53.669+0530] {processor.py:186} INFO - Started process (PID=7521) to work on /home/ubantu/miniconda3/envs/airflow-env/lib/python3.11/site-packages/airflow/example_dags/example_branch_python_dop_operator_3.py
[2026-04-07T04:26:53.670+0530] {processor.py:914} INFO - Processing file /home/ubantu/miniconda3/envs/airflow-env/lib/python3.11/site-packages/airflow/example_dags/example_branch_python_dop_operator_3.py for tasks to queue
[2026-04-07T04:26:53.672+0530] {logging_mixin.py:190} INFO - [2026-04-07T04:26:53.672+0530] {dagbag.py:588} INFO - Filling up the DagBag from /home/ubantu/miniconda3/envs/airflow-env/lib/python3.11/site-packages/airflow/example_dags/example_branch_python_dop_operator_3.py
[2026-04-07T04:26:53.684+0530] {processor.py:925} INFO - DAG(s) 'example_branch_dop_operator_v3' retrieved from /home/ubantu/miniconda3/envs/airflow-env/lib/python3.11/site-packages/airflow/example_dags/example_branch_python_dop_operator_3.py
[2026-04-07T04:26:53.699+0530] {logging_mixin.py:190} INFO - [2026-04-07T04:26:53.699+0530] {dag.py:3239} INFO - Sync 1 DAGs
[2026-04-07T04:26:53.721+0530] {logging_mixin.py:190} INFO - [2026-04-07T04:26:53.721+0530] {dag.py:4180} INFO - Setting next_dagrun for example_branch_dop_operator_v3 to 2026-04-06 22:55:00+00:00, run_after=2026-04-06 22:56:00+00:00
[2026-04-07T04:26:53.738+0530] {processor.py:208} INFO - Processing /home/ubantu/miniconda3/envs/airflow-env/lib/python3.11/site-packages/airflow/example_dags/example_branch_python_dop_operator_3.py took 0.075 seconds
[2026-04-07T04:28:11.105+0530] {processor.py:186} INFO - Started process (PID=7618) to work on /home/ubantu/miniconda3/envs/airflow-env/lib/python3.11/site-packages/airflow/example_dags/example_branch_python_dop_operator_3.py
[2026-04-07T04:28:11.108+0530] {processor.py:914} INFO - Processing file /home/ubantu/miniconda3/envs/airflow-env/lib/python3.11/site-packages/airflow/example_dags/example_branch_python_dop_operator_3.py for tasks to queue
[2026-04-07T04:28:11.111+0530] {logging_mixin.py:190} INFO - [2026-04-07T04:28:11.111+0530] {dagbag.py:588} INFO - Filling up the DagBag from /home/ubantu/miniconda3/envs/airflow-env/lib/python3.11/site-packages/airflow/example_dags/example_branch_python_dop_operator_3.py
[2026-04-07T04:28:11.134+0530] {processor.py:925} INFO - DAG(s) 'example_branch_dop_operator_v3' retrieved from /home/ubantu/miniconda3/envs/airflow-env/lib/python3.11/site-packages/airflow/example_dags/example_branch_python_dop_operator_3.py
[2026-04-07T04:28:11.160+0530] {logging_mixin.py:190} INFO - [2026-04-07T04:28:11.160+0530] {dag.py:3239} INFO - Sync 1 DAGs
[2026-04-07T04:28:11.182+0530] {logging_mixin.py:190} INFO - [2026-04-07T04:28:11.182+0530] {dag.py:4180} INFO - Setting next_dagrun for example_branch_dop_operator_v3 to 2026-04-06 22:57:00+00:00, run_after=2026-04-06 22:58:00+00:00
[2026-04-07T04:28:11.200+0530] {processor.py:208} INFO - Processing /home/ubantu/miniconda3/envs/airflow-env/lib/python3.11/site-packages/airflow/example_dags/example_branch_python_dop_operator_3.py took 0.107 seconds
[2026-04-07T04:29:05.543+0530] {processor.py:186} INFO - Started process (PID=7690) to work on /home/ubantu/miniconda3/envs/airflow-env/lib/python3.11/site-packages/airflow/example_dags/example_branch_python_dop_operator_3.py
[2026-04-07T04:29:05.544+0530] {processor.py:914} INFO - Processing file /home/ubantu/miniconda3/envs/airflow-env/lib/python3.11/site-packages/airflow/example_dags/example_branch_python_dop_operator_3.py for tasks to queue
[2026-04-07T04:29:05.546+0530] {logging_mixin.py:190} INFO - [2026-04-07T04:29:05.546+0530] {dagbag.py:588} INFO - Filling up the DagBag from /home/ubantu/miniconda3/envs/airflow-env/lib/python3.11/site-packages/airflow/example_dags/example_branch_python_dop_operator_3.py
[2026-04-07T04:29:05.557+0530] {processor.py:925} INFO - DAG(s) 'example_branch_dop_operator_v3' retrieved from /home/ubantu/miniconda3/envs/airflow-env/lib/python3.11/site-packages/airflow/example_dags/example_branch_python_dop_operator_3.py
[2026-04-07T04:29:05.570+0530] {logging_mixin.py:190} INFO - [2026-04-07T04:29:05.570+0530] {dag.py:3239} INFO - Sync 1 DAGs
[2026-04-07T04:29:05.592+0530] {logging_mixin.py:190} INFO - [2026-04-07T04:29:05.592+0530] {dag.py:4180} INFO - Setting next_dagrun for example_branch_dop_operator_v3 to 2026-04-06 22:58:00+00:00, run_after=2026-04-06 22:59:00+00:00
[2026-04-07T04:29:05.636+0530] {processor.py:208} INFO - Processing /home/ubantu/miniconda3/envs/airflow-env/lib/python3.11/site-packages/airflow/example_dags/example_branch_python_dop_operator_3.py took 0.099 seconds
[2026-04-07T04:30:29.733+0530] {processor.py:186} INFO - Started process (PID=7786) to work on /home/ubantu/miniconda3/envs/airflow-env/lib/python3.11/site-packages/airflow/example_dags/example_branch_python_dop_operator_3.py
[2026-04-07T04:30:29.735+0530] {processor.py:914} INFO - Processing file /home/ubantu/miniconda3/envs/airflow-env/lib/python3.11/site-packages/airflow/example_dags/example_branch_python_dop_operator_3.py for tasks to queue
[2026-04-07T04:30:29.737+0530] {logging_mixin.py:190} INFO - [2026-04-07T04:30:29.737+0530] {dagbag.py:588} INFO - Filling up the DagBag from /home/ubantu/miniconda3/envs/airflow-env/lib/python3.11/site-packages/airflow/example_dags/example_branch_python_dop_operator_3.py
[2026-04-07T04:30:29.748+0530] {processor.py:925} INFO - DAG(s) 'example_branch_dop_operator_v3' retrieved from /home/ubantu/miniconda3/envs/airflow-env/lib/python3.11/site-packages/airflow/example_dags/example_branch_python_dop_operator_3.py
[2026-04-07T04:30:29.761+0530] {logging_mixin.py:190} INFO - [2026-04-07T04:30:29.761+0530] {dag.py:3239} INFO - Sync 1 DAGs
[2026-04-07T04:30:29.782+0530] {logging_mixin.py:190} INFO - [2026-04-07T04:30:29.781+0530] {dag.py:4180} INFO - Setting next_dagrun for example_branch_dop_operator_v3 to 2026-04-06 22:59:00+00:00, run_after=2026-04-06 23:00:00+00:00
[2026-04-07T04:30:29.825+0530] {processor.py:208} INFO - Processing /home/ubantu/miniconda3/envs/airflow-env/lib/python3.11/site-packages/airflow/example_dags/example_branch_python_dop_operator_3.py took 0.098 seconds
[2026-04-07T04:31:28.343+0530] {processor.py:186} INFO - Started process (PID=7853) to work on /home/ubantu/miniconda3/envs/airflow-env/lib/python3.11/site-packages/airflow/example_dags/example_branch_python_dop_operator_3.py
[2026-04-07T04:31:28.345+0530] {processor.py:914} INFO - Processing file /home/ubantu/miniconda3/envs/airflow-env/lib/python3.11/site-packages/airflow/example_dags/example_branch_python_dop_operator_3.py for tasks to queue
[2026-04-07T04:31:28.347+0530] {logging_mixin.py:190} INFO - [2026-04-07T04:31:28.347+0530] {dagbag.py:588} INFO - Filling up the DagBag from /home/ubantu/miniconda3/envs/airflow-env/lib/python3.11/site-packages/airflow/example_dags/example_branch_python_dop_operator_3.py
[2026-04-07T04:31:28.356+0530] {processor.py:925} INFO - DAG(s) 'example_branch_dop_operator_v3' retrieved from /home/ubantu/miniconda3/envs/airflow-env/lib/python3.11/site-packages/airflow/example_dags/example_branch_python_dop_operator_3.py
[2026-04-07T04:31:28.370+0530] {logging_mixin.py:190} INFO - [2026-04-07T04:31:28.369+0530] {dag.py:3239} INFO - Sync 1 DAGs
[2026-04-07T04:31:28.390+0530] {logging_mixin.py:190} INFO - [2026-04-07T04:31:28.390+0530] {dag.py:4180} INFO - Setting next_dagrun for example_branch_dop_operator_v3 to 2026-04-06 23:00:00+00:00, run_after=2026-04-06 23:01:00+00:00
[2026-04-07T04:31:28.428+0530] {processor.py:208} INFO - Processing /home/ubantu/miniconda3/envs/airflow-env/lib/python3.11/site-packages/airflow/example_dags/example_branch_python_dop_operator_3.py took 0.090 seconds
[2026-04-07T04:32:26.838+0530] {processor.py:186} INFO - Started process (PID=7923) to work on /home/ubantu/miniconda3/envs/airflow-env/lib/python3.11/site-packages/airflow/example_dags/example_branch_python_dop_operator_3.py
[2026-04-07T04:32:26.840+0530] {processor.py:914} INFO - Processing file /home/ubantu/miniconda3/envs/airflow-env/lib/python3.11/site-packages/airflow/example_dags/example_branch_python_dop_operator_3.py for tasks to queue
[2026-04-07T04:32:26.844+0530] {logging_mixin.py:190} INFO - [2026-04-07T04:32:26.843+0530] {dagbag.py:588} INFO - Filling up the DagBag from /home/ubantu/miniconda3/envs/airflow-env/lib/python3.11/site-packages/airflow/example_dags/example_branch_python_dop_operator_3.py
[2026-04-07T04:32:26.866+0530] {processor.py:925} INFO - DAG(s) 'example_branch_dop_operator_v3' retrieved from /home/ubantu/miniconda3/envs/airflow-env/lib/python3.11/site-packages/airflow/example_dags/example_branch_python_dop_operator_3.py
[2026-04-07T04:32:26.883+0530] {logging_mixin.py:190} INFO - [2026-04-07T04:32:26.882+0530] {dag.py:3239} INFO - Sync 1 DAGs
[2026-04-07T04:32:26.905+0530] {logging_mixin.py:190} INFO - [2026-04-07T04:32:26.904+0530] {dag.py:4180} INFO - Setting next_dagrun for example_branch_dop_operator_v3 to 2026-04-06 23:01:00+00:00, run_after=2026-04-06 23:02:00+00:00
[2026-04-07T04:32:26.922+0530] {processor.py:208} INFO - Processing /home/ubantu/miniconda3/envs/airflow-env/lib/python3.11/site-packages/airflow/example_dags/example_branch_python_dop_operator_3.py took 0.097 seconds
[2026-04-07T04:33:21.600+0530] {processor.py:186} INFO - Started process (PID=8000) to work on /home/ubantu/miniconda3/envs/airflow-env/lib/python3.11/site-packages/airflow/example_dags/example_branch_python_dop_operator_3.py
[2026-04-07T04:33:21.602+0530] {processor.py:914} INFO - Processing file /home/ubantu/miniconda3/envs/airflow-env/lib/python3.11/site-packages/airflow/example_dags/example_branch_python_dop_operator_3.py for tasks to queue
[2026-04-07T04:33:21.604+0530] {logging_mixin.py:190} INFO - [2026-04-07T04:33:21.604+0530] {dagbag.py:588} INFO - Filling up the DagBag from /home/ubantu/miniconda3/envs/airflow-env/lib/python3.11/site-packages/airflow/example_dags/example_branch_python_dop_operator_3.py
[2026-04-07T04:33:21.616+0530] {processor.py:925} INFO - DAG(s) 'example_branch_dop_operator_v3' retrieved from /home/ubantu/miniconda3/envs/airflow-env/lib/python3.11/site-packages/airflow/example_dags/example_branch_python_dop_operator_3.py
[2026-04-07T04:33:21.630+0530] {logging_mixin.py:190} INFO - [2026-04-07T04:33:21.630+0530] {dag.py:3239} INFO - Sync 1 DAGs
[2026-04-07T04:33:21.651+0530] {logging_mixin.py:190} INFO - [2026-04-07T04:33:21.650+0530] {dag.py:4180} INFO - Setting next_dagrun for example_branch_dop_operator_v3 to 2026-04-06 23:02:00+00:00, run_after=2026-04-06 23:03:00+00:00
[2026-04-07T04:33:21.669+0530] {processor.py:208} INFO - Processing /home/ubantu/miniconda3/envs/airflow-env/lib/python3.11/site-packages/airflow/example_dags/example_branch_python_dop_operator_3.py took 0.077 seconds
[2026-04-07T04:34:43.578+0530] {processor.py:186} INFO - Started process (PID=8212) to work on /home/ubantu/miniconda3/envs/airflow-env/lib/python3.11/site-packages/airflow/example_dags/example_branch_python_dop_operator_3.py
[2026-04-07T04:34:43.580+0530] {processor.py:914} INFO - Processing file /home/ubantu/miniconda3/envs/airflow-env/lib/python3.11/site-packages/airflow/example_dags/example_branch_python_dop_operator_3.py for tasks to queue
[2026-04-07T04:34:43.583+0530] {logging_mixin.py:190} INFO - [2026-04-07T04:34:43.582+0530] {dagbag.py:588} INFO - Filling up the DagBag from /home/ubantu/miniconda3/envs/airflow-env/lib/python3.11/site-packages/airflow/example_dags/example_branch_python_dop_operator_3.py
[2026-04-07T04:34:43.602+0530] {processor.py:925} INFO - DAG(s) 'example_branch_dop_operator_v3' retrieved from /home/ubantu/miniconda3/envs/airflow-env/lib/python3.11/site-packages/airflow/example_dags/example_branch_python_dop_operator_3.py
[2026-04-07T04:34:43.624+0530] {logging_mixin.py:190} INFO - [2026-04-07T04:34:43.624+0530] {dag.py:3239} INFO - Sync 1 DAGs
[2026-04-07T04:34:43.648+0530] {logging_mixin.py:190} INFO - [2026-04-07T04:34:43.648+0530] {dag.py:4180} INFO - Setting next_dagrun for example_branch_dop_operator_v3 to 2026-04-06 23:03:00+00:00, run_after=2026-04-06 23:04:00+00:00
[2026-04-07T04:34:43.670+0530] {processor.py:208} INFO - Processing /home/ubantu/miniconda3/envs/airflow-env/lib/python3.11/site-packages/airflow/example_dags/example_branch_python_dop_operator_3.py took 0.100 seconds
[2026-04-07T04:36:03.628+0530] {processor.py:186} INFO - Started process (PID=8319) to work on /home/ubantu/miniconda3/envs/airflow-env/lib/python3.11/site-packages/airflow/example_dags/example_branch_python_dop_operator_3.py
[2026-04-07T04:36:03.629+0530] {processor.py:914} INFO - Processing file /home/ubantu/miniconda3/envs/airflow-env/lib/python3.11/site-packages/airflow/example_dags/example_branch_python_dop_operator_3.py for tasks to queue
[2026-04-07T04:36:03.631+0530] {logging_mixin.py:190} INFO - [2026-04-07T04:36:03.631+0530] {dagbag.py:588} INFO - Filling up the DagBag from /home/ubantu/miniconda3/envs/airflow-env/lib/python3.11/site-packages/airflow/example_dags/example_branch_python_dop_operator_3.py
[2026-04-07T04:36:03.641+0530] {processor.py:925} INFO - DAG(s) 'example_branch_dop_operator_v3' retrieved from /home/ubantu/miniconda3/envs/airflow-env/lib/python3.11/site-packages/airflow/example_dags/example_branch_python_dop_operator_3.py
[2026-04-07T04:36:03.654+0530] {logging_mixin.py:190} INFO - [2026-04-07T04:36:03.654+0530] {dag.py:3239} INFO - Sync 1 DAGs
[2026-04-07T04:36:03.675+0530] {logging_mixin.py:190} INFO - [2026-04-07T04:36:03.674+0530] {dag.py:4180} INFO - Setting next_dagrun for example_branch_dop_operator_v3 to 2026-04-06 23:05:00+00:00, run_after=2026-04-06 23:06:00+00:00
[2026-04-07T04:36:03.692+0530] {processor.py:208} INFO - Processing /home/ubantu/miniconda3/envs/airflow-env/lib/python3.11/site-packages/airflow/example_dags/example_branch_python_dop_operator_3.py took 0.069 seconds
[2026-04-07T04:36:58.101+0530] {processor.py:186} INFO - Started process (PID=8392) to work on /home/ubantu/miniconda3/envs/airflow-env/lib/python3.11/site-packages/airflow/example_dags/example_branch_python_dop_operator_3.py
[2026-04-07T04:36:58.102+0530] {processor.py:914} INFO - Processing file /home/ubantu/miniconda3/envs/airflow-env/lib/python3.11/site-packages/airflow/example_dags/example_branch_python_dop_operator_3.py for tasks to queue
[2026-04-07T04:36:58.105+0530] {logging_mixin.py:190} INFO - [2026-04-07T04:36:58.104+0530] {dagbag.py:588} INFO - Filling up the DagBag from /home/ubantu/miniconda3/envs/airflow-env/lib/python3.11/site-packages/airflow/example_dags/example_branch_python_dop_operator_3.py
[2026-04-07T04:36:58.117+0530] {processor.py:925} INFO - DAG(s) 'example_branch_dop_operator_v3' retrieved from /home/ubantu/miniconda3/envs/airflow-env/lib/python3.11/site-packages/airflow/example_dags/example_branch_python_dop_operator_3.py
[2026-04-07T04:36:58.132+0530] {logging_mixin.py:190} INFO - [2026-04-07T04:36:58.132+0530] {dag.py:3239} INFO - Sync 1 DAGs
[2026-04-07T04:36:58.155+0530] {logging_mixin.py:190} INFO - [2026-04-07T04:36:58.154+0530] {dag.py:4180} INFO - Setting next_dagrun for example_branch_dop_operator_v3 to 2026-04-06 23:05:00+00:00, run_after=2026-04-06 23:06:00+00:00
[2026-04-07T04:36:58.172+0530] {processor.py:208} INFO - Processing /home/ubantu/miniconda3/envs/airflow-env/lib/python3.11/site-packages/airflow/example_dags/example_branch_python_dop_operator_3.py took 0.078 seconds
[2026-04-07T04:38:25.926+0530] {processor.py:186} INFO - Started process (PID=8546) to work on /home/ubantu/miniconda3/envs/airflow-env/lib/python3.11/site-packages/airflow/example_dags/example_branch_python_dop_operator_3.py
[2026-04-07T04:38:25.927+0530] {processor.py:914} INFO - Processing file /home/ubantu/miniconda3/envs/airflow-env/lib/python3.11/site-packages/airflow/example_dags/example_branch_python_dop_operator_3.py for tasks to queue
[2026-04-07T04:38:25.929+0530] {logging_mixin.py:190} INFO - [2026-04-07T04:38:25.928+0530] {dagbag.py:588} INFO - Filling up the DagBag from /home/ubantu/miniconda3/envs/airflow-env/lib/python3.11/site-packages/airflow/example_dags/example_branch_python_dop_operator_3.py
[2026-04-07T04:38:25.940+0530] {processor.py:925} INFO - DAG(s) 'example_branch_dop_operator_v3' retrieved from /home/ubantu/miniconda3/envs/airflow-env/lib/python3.11/site-packages/airflow/example_dags/example_branch_python_dop_operator_3.py
[2026-04-07T04:38:25.954+0530] {logging_mixin.py:190} INFO - [2026-04-07T04:38:25.954+0530] {dag.py:3239} INFO - Sync 1 DAGs
[2026-04-07T04:38:25.977+0530] {logging_mixin.py:190} INFO - [2026-04-07T04:38:25.976+0530] {dag.py:4180} INFO - Setting next_dagrun for example_branch_dop_operator_v3 to 2026-04-06 23:07:00+00:00, run_after=2026-04-06 23:08:00+00:00
[2026-04-07T04:38:25.994+0530] {processor.py:208} INFO - Processing /home/ubantu/miniconda3/envs/airflow-env/lib/python3.11/site-packages/airflow/example_dags/example_branch_python_dop_operator_3.py took 0.074 seconds
[2026-04-07T04:39:26.521+0530] {processor.py:186} INFO - Started process (PID=8630) to work on /home/ubantu/miniconda3/envs/airflow-env/lib/python3.11/site-packages/airflow/example_dags/example_branch_python_dop_operator_3.py
[2026-04-07T04:39:26.523+0530] {processor.py:914} INFO - Processing file /home/ubantu/miniconda3/envs/airflow-env/lib/python3.11/site-packages/airflow/example_dags/example_branch_python_dop_operator_3.py for tasks to queue
[2026-04-07T04:39:26.524+0530] {logging_mixin.py:190} INFO - [2026-04-07T04:39:26.524+0530] {dagbag.py:588} INFO - Filling up the DagBag from /home/ubantu/miniconda3/envs/airflow-env/lib/python3.11/site-packages/airflow/example_dags/example_branch_python_dop_operator_3.py
[2026-04-07T04:39:26.537+0530] {processor.py:925} INFO - DAG(s) 'example_branch_dop_operator_v3' retrieved from /home/ubantu/miniconda3/envs/airflow-env/lib/python3.11/site-packages/airflow/example_dags/example_branch_python_dop_operator_3.py
[2026-04-07T04:39:26.556+0530] {logging_mixin.py:190} INFO - [2026-04-07T04:39:26.556+0530] {dag.py:3239} INFO - Sync 1 DAGs
[2026-04-07T04:39:26.581+0530] {logging_mixin.py:190} INFO - [2026-04-07T04:39:26.581+0530] {dag.py:4180} INFO - Setting next_dagrun for example_branch_dop_operator_v3 to 2026-04-06 23:08:00+00:00, run_after=2026-04-06 23:09:00+00:00
[2026-04-07T04:39:26.599+0530] {processor.py:208} INFO - Processing /home/ubantu/miniconda3/envs/airflow-env/lib/python3.11/site-packages/airflow/example_dags/example_branch_python_dop_operator_3.py took 0.085 seconds
[2026-04-07T04:40:25.763+0530] {processor.py:186} INFO - Started process (PID=8711) to work on /home/ubantu/miniconda3/envs/airflow-env/lib/python3.11/site-packages/airflow/example_dags/example_branch_python_dop_operator_3.py
[2026-04-07T04:40:25.764+0530] {processor.py:914} INFO - Processing file /home/ubantu/miniconda3/envs/airflow-env/lib/python3.11/site-packages/airflow/example_dags/example_branch_python_dop_operator_3.py for tasks to queue
[2026-04-07T04:40:25.765+0530] {logging_mixin.py:190} INFO - [2026-04-07T04:40:25.765+0530] {dagbag.py:588} INFO - Filling up the DagBag from /home/ubantu/miniconda3/envs/airflow-env/lib/python3.11/site-packages/airflow/example_dags/example_branch_python_dop_operator_3.py
[2026-04-07T04:40:25.778+0530] {processor.py:925} INFO - DAG(s) 'example_branch_dop_operator_v3' retrieved from /home/ubantu/miniconda3/envs/airflow-env/lib/python3.11/site-packages/airflow/example_dags/example_branch_python_dop_operator_3.py
[2026-04-07T04:40:25.795+0530] {logging_mixin.py:190} INFO - [2026-04-07T04:40:25.795+0530] {dag.py:3239} INFO - Sync 1 DAGs
[2026-04-07T04:40:25.819+0530] {logging_mixin.py:190} INFO - [2026-04-07T04:40:25.819+0530] {dag.py:4180} INFO - Setting next_dagrun for example_branch_dop_operator_v3 to 2026-04-06 23:09:00+00:00, run_after=2026-04-06 23:10:00+00:00
[2026-04-07T04:40:25.838+0530] {processor.py:208} INFO - Processing /home/ubantu/miniconda3/envs/airflow-env/lib/python3.11/site-packages/airflow/example_dags/example_branch_python_dop_operator_3.py took 0.081 seconds
[2026-04-07T04:41:24.015+0530] {processor.py:186} INFO - Started process (PID=8866) to work on /home/ubantu/miniconda3/envs/airflow-env/lib/python3.11/site-packages/airflow/example_dags/example_branch_python_dop_operator_3.py
[2026-04-07T04:41:24.017+0530] {processor.py:914} INFO - Processing file /home/ubantu/miniconda3/envs/airflow-env/lib/python3.11/site-packages/airflow/example_dags/example_branch_python_dop_operator_3.py for tasks to queue
[2026-04-07T04:41:24.019+0530] {logging_mixin.py:190} INFO - [2026-04-07T04:41:24.018+0530] {dagbag.py:588} INFO - Filling up the DagBag from /home/ubantu/miniconda3/envs/airflow-env/lib/python3.11/site-packages/airflow/example_dags/example_branch_python_dop_operator_3.py
[2026-04-07T04:41:24.033+0530] {processor.py:925} INFO - DAG(s) 'example_branch_dop_operator_v3' retrieved from /home/ubantu/miniconda3/envs/airflow-env/lib/python3.11/site-packages/airflow/example_dags/example_branch_python_dop_operator_3.py
[2026-04-07T04:41:24.052+0530] {logging_mixin.py:190} INFO - [2026-04-07T04:41:24.052+0530] {dag.py:3239} INFO - Sync 1 DAGs
[2026-04-07T04:41:24.082+0530] {logging_mixin.py:190} INFO - [2026-04-07T04:41:24.082+0530] {dag.py:4180} INFO - Setting next_dagrun for example_branch_dop_operator_v3 to 2026-04-06 23:10:00+00:00, run_after=2026-04-06 23:11:00+00:00
[2026-04-07T04:41:24.106+0530] {processor.py:208} INFO - Processing /home/ubantu/miniconda3/envs/airflow-env/lib/python3.11/site-packages/airflow/example_dags/example_branch_python_dop_operator_3.py took 0.098 seconds
[2026-04-07T04:42:20.273+0530] {processor.py:186} INFO - Started process (PID=9013) to work on /home/ubantu/miniconda3/envs/airflow-env/lib/python3.11/site-packages/airflow/example_dags/example_branch_python_dop_operator_3.py
[2026-04-07T04:42:20.274+0530] {processor.py:914} INFO - Processing file /home/ubantu/miniconda3/envs/airflow-env/lib/python3.11/site-packages/airflow/example_dags/example_branch_python_dop_operator_3.py for tasks to queue
[2026-04-07T04:42:20.276+0530] {logging_mixin.py:190} INFO - [2026-04-07T04:42:20.276+0530] {dagbag.py:588} INFO - Filling up the DagBag from /home/ubantu/miniconda3/envs/airflow-env/lib/python3.11/site-packages/airflow/example_dags/example_branch_python_dop_operator_3.py
[2026-04-07T04:42:20.292+0530] {processor.py:925} INFO - DAG(s) 'example_branch_dop_operator_v3' retrieved from /home/ubantu/miniconda3/envs/airflow-env/lib/python3.11/site-packages/airflow/example_dags/example_branch_python_dop_operator_3.py
[2026-04-07T04:42:20.313+0530] {logging_mixin.py:190} INFO - [2026-04-07T04:42:20.313+0530] {dag.py:3239} INFO - Sync 1 DAGs
[2026-04-07T04:42:20.344+0530] {logging_mixin.py:190} INFO - [2026-04-07T04:42:20.343+0530] {dag.py:4180} INFO - Setting next_dagrun for example_branch_dop_operator_v3 to 2026-04-06 23:11:00+00:00, run_after=2026-04-06 23:12:00+00:00
[2026-04-07T04:42:20.362+0530] {processor.py:208} INFO - Processing /home/ubantu/miniconda3/envs/airflow-env/lib/python3.11/site-packages/airflow/example_dags/example_branch_python_dop_operator_3.py took 0.097 seconds
[2026-04-07T04:42:42.788+0530] {processor.py:186} INFO - Started process (PID=9077) to work on /home/ubantu/miniconda3/envs/airflow-env/lib/python3.11/site-packages/airflow/example_dags/example_branch_python_dop_operator_3.py
[2026-04-07T04:42:42.789+0530] {processor.py:914} INFO - Processing file /home/ubantu/miniconda3/envs/airflow-env/lib/python3.11/site-packages/airflow/example_dags/example_branch_python_dop_operator_3.py for tasks to queue
[2026-04-07T04:42:42.791+0530] {logging_mixin.py:190} INFO - [2026-04-07T04:42:42.791+0530] {dagbag.py:588} INFO - Filling up the DagBag from /home/ubantu/miniconda3/envs/airflow-env/lib/python3.11/site-packages/airflow/example_dags/example_branch_python_dop_operator_3.py
[2026-04-07T04:42:42.800+0530] {processor.py:925} INFO - DAG(s) 'example_branch_dop_operator_v3' retrieved from /home/ubantu/miniconda3/envs/airflow-env/lib/python3.11/site-packages/airflow/example_dags/example_branch_python_dop_operator_3.py
[2026-04-07T04:42:42.813+0530] {logging_mixin.py:190} INFO - [2026-04-07T04:42:42.813+0530] {dag.py:3239} INFO - Sync 1 DAGs
[2026-04-07T04:42:42.833+0530] {logging_mixin.py:190} INFO - [2026-04-07T04:42:42.833+0530] {dag.py:4180} INFO - Setting next_dagrun for example_branch_dop_operator_v3 to 2026-04-06 23:11:00+00:00, run_after=2026-04-06 23:12:00+00:00
[2026-04-07T04:42:42.851+0530] {processor.py:208} INFO - Processing /home/ubantu/miniconda3/envs/airflow-env/lib/python3.11/site-packages/airflow/example_dags/example_branch_python_dop_operator_3.py took 0.068 seconds
[2026-04-07T04:43:38.259+0530] {processor.py:186} INFO - Started process (PID=9213) to work on /home/ubantu/miniconda3/envs/airflow-env/lib/python3.11/site-packages/airflow/example_dags/example_branch_python_dop_operator_3.py
[2026-04-07T04:43:38.260+0530] {processor.py:914} INFO - Processing file /home/ubantu/miniconda3/envs/airflow-env/lib/python3.11/site-packages/airflow/example_dags/example_branch_python_dop_operator_3.py for tasks to queue
[2026-04-07T04:43:38.261+0530] {logging_mixin.py:190} INFO - [2026-04-07T04:43:38.261+0530] {dagbag.py:588} INFO - Filling up the DagBag from /home/ubantu/miniconda3/envs/airflow-env/lib/python3.11/site-packages/airflow/example_dags/example_branch_python_dop_operator_3.py
[2026-04-07T04:43:38.271+0530] {processor.py:925} INFO - DAG(s) 'example_branch_dop_operator_v3' retrieved from /home/ubantu/miniconda3/envs/airflow-env/lib/python3.11/site-packages/airflow/example_dags/example_branch_python_dop_operator_3.py
[2026-04-07T04:43:38.285+0530] {logging_mixin.py:190} INFO - [2026-04-07T04:43:38.285+0530] {dag.py:3239} INFO - Sync 1 DAGs
[2026-04-07T04:43:38.307+0530] {logging_mixin.py:190} INFO - [2026-04-07T04:43:38.306+0530] {dag.py:4180} INFO - Setting next_dagrun for example_branch_dop_operator_v3 to 2026-04-06 23:12:00+00:00, run_after=2026-04-06 23:13:00+00:00
[2026-04-07T04:43:38.325+0530] {processor.py:208} INFO - Processing /home/ubantu/miniconda3/envs/airflow-env/lib/python3.11/site-packages/airflow/example_dags/example_branch_python_dop_operator_3.py took 0.072 seconds
[2026-04-07T04:43:38.898+0530] {processor.py:186} INFO - Started process (PID=9215) to work on /home/ubantu/miniconda3/envs/airflow-env/lib/python3.11/site-packages/airflow/example_dags/example_branch_python_dop_operator_3.py
[2026-04-07T04:43:38.898+0530] {processor.py:914} INFO - Processing file /home/ubantu/miniconda3/envs/airflow-env/lib/python3.11/site-packages/airflow/example_dags/example_branch_python_dop_operator_3.py for tasks to queue
[2026-04-07T04:43:38.900+0530] {logging_mixin.py:190} INFO - [2026-04-07T04:43:38.900+0530] {dagbag.py:588} INFO - Filling up the DagBag from /home/ubantu/miniconda3/envs/airflow-env/lib/python3.11/site-packages/airflow/example_dags/example_branch_python_dop_operator_3.py
[2026-04-07T04:43:38.911+0530] {processor.py:925} INFO - DAG(s) 'example_branch_dop_operator_v3' retrieved from /home/ubantu/miniconda3/envs/airflow-env/lib/python3.11/site-packages/airflow/example_dags/example_branch_python_dop_operator_3.py
[2026-04-07T04:43:38.924+0530] {logging_mixin.py:190} INFO - [2026-04-07T04:43:38.924+0530] {dag.py:3239} INFO - Sync 1 DAGs
[2026-04-07T04:43:38.946+0530] {logging_mixin.py:190} INFO - [2026-04-07T04:43:38.946+0530] {dag.py:4180} INFO - Setting next_dagrun for example_branch_dop_operator_v3 to 2026-04-06 23:12:00+00:00, run_after=2026-04-06 23:13:00+00:00
[2026-04-07T04:43:38.966+0530] {processor.py:208} INFO - Processing /home/ubantu/miniconda3/envs/airflow-env/lib/python3.11/site-packages/airflow/example_dags/example_branch_python_dop_operator_3.py took 0.074 seconds
[2026-04-07T04:44:34.490+0530] {processor.py:186} INFO - Started process (PID=9342) to work on /home/ubantu/miniconda3/envs/airflow-env/lib/python3.11/site-packages/airflow/example_dags/example_branch_python_dop_operator_3.py
[2026-04-07T04:44:34.491+0530] {processor.py:914} INFO - Processing file /home/ubantu/miniconda3/envs/airflow-env/lib/python3.11/site-packages/airflow/example_dags/example_branch_python_dop_operator_3.py for tasks to queue
[2026-04-07T04:44:34.492+0530] {logging_mixin.py:190} INFO - [2026-04-07T04:44:34.492+0530] {dagbag.py:588} INFO - Filling up the DagBag from /home/ubantu/miniconda3/envs/airflow-env/lib/python3.11/site-packages/airflow/example_dags/example_branch_python_dop_operator_3.py
[2026-04-07T04:44:34.503+0530] {processor.py:925} INFO - DAG(s) 'example_branch_dop_operator_v3' retrieved from /home/ubantu/miniconda3/envs/airflow-env/lib/python3.11/site-packages/airflow/example_dags/example_branch_python_dop_operator_3.py
[2026-04-07T04:44:34.517+0530] {logging_mixin.py:190} INFO - [2026-04-07T04:44:34.517+0530] {dag.py:3239} INFO - Sync 1 DAGs
[2026-04-07T04:44:34.539+0530] {logging_mixin.py:190} INFO - [2026-04-07T04:44:34.539+0530] {dag.py:4180} INFO - Setting next_dagrun for example_branch_dop_operator_v3 to 2026-04-06 23:13:00+00:00, run_after=2026-04-06 23:14:00+00:00
[2026-04-07T04:44:34.556+0530] {processor.py:208} INFO - Processing /home/ubantu/miniconda3/envs/airflow-env/lib/python3.11/site-packages/airflow/example_dags/example_branch_python_dop_operator_3.py took 0.072 seconds
[2026-04-07T04:44:41.598+0530] {processor.py:186} INFO - Started process (PID=9358) to work on /home/ubantu/miniconda3/envs/airflow-env/lib/python3.11/site-packages/airflow/example_dags/example_branch_python_dop_operator_3.py
[2026-04-07T04:44:41.598+0530] {processor.py:914} INFO - Processing file /home/ubantu/miniconda3/envs/airflow-env/lib/python3.11/site-packages/airflow/example_dags/example_branch_python_dop_operator_3.py for tasks to queue
[2026-04-07T04:44:41.601+0530] {logging_mixin.py:190} INFO - [2026-04-07T04:44:41.600+0530] {dagbag.py:588} INFO - Filling up the DagBag from /home/ubantu/miniconda3/envs/airflow-env/lib/python3.11/site-packages/airflow/example_dags/example_branch_python_dop_operator_3.py
[2026-04-07T04:44:41.611+0530] {processor.py:925} INFO - DAG(s) 'example_branch_dop_operator_v3' retrieved from /home/ubantu/miniconda3/envs/airflow-env/lib/python3.11/site-packages/airflow/example_dags/example_branch_python_dop_operator_3.py
[2026-04-07T04:44:41.625+0530] {logging_mixin.py:190} INFO - [2026-04-07T04:44:41.625+0530] {dag.py:3239} INFO - Sync 1 DAGs
[2026-04-07T04:44:41.731+0530] {logging_mixin.py:190} INFO - [2026-04-07T04:44:41.731+0530] {dag.py:4180} INFO - Setting next_dagrun for example_branch_dop_operator_v3 to 2026-04-06 23:13:00+00:00, run_after=2026-04-06 23:14:00+00:00
[2026-04-07T04:44:41.747+0530] {processor.py:208} INFO - Processing /home/ubantu/miniconda3/envs/airflow-env/lib/python3.11/site-packages/airflow/example_dags/example_branch_python_dop_operator_3.py took 0.155 seconds
[2026-04-07T04:45:30.046+0530] {processor.py:186} INFO - Started process (PID=9470) to work on /home/ubantu/miniconda3/envs/airflow-env/lib/python3.11/site-packages/airflow/example_dags/example_branch_python_dop_operator_3.py
[2026-04-07T04:45:30.047+0530] {processor.py:914} INFO - Processing file /home/ubantu/miniconda3/envs/airflow-env/lib/python3.11/site-packages/airflow/example_dags/example_branch_python_dop_operator_3.py for tasks to queue
[2026-04-07T04:45:30.049+0530] {logging_mixin.py:190} INFO - [2026-04-07T04:45:30.048+0530] {dagbag.py:588} INFO - Filling up the DagBag from /home/ubantu/miniconda3/envs/airflow-env/lib/python3.11/site-packages/airflow/example_dags/example_branch_python_dop_operator_3.py
[2026-04-07T04:45:30.062+0530] {processor.py:925} INFO - DAG(s) 'example_branch_dop_operator_v3' retrieved from /home/ubantu/miniconda3/envs/airflow-env/lib/python3.11/site-packages/airflow/example_dags/example_branch_python_dop_operator_3.py
[2026-04-07T04:45:30.075+0530] {logging_mixin.py:190} INFO - [2026-04-07T04:45:30.075+0530] {dag.py:3239} INFO - Sync 1 DAGs
[2026-04-07T04:45:30.096+0530] {logging_mixin.py:190} INFO - [2026-04-07T04:45:30.095+0530] {dag.py:4180} INFO - Setting next_dagrun for example_branch_dop_operator_v3 to 2026-04-06 23:14:00+00:00, run_after=2026-04-06 23:15:00+00:00
[2026-04-07T04:45:30.114+0530] {processor.py:208} INFO - Processing /home/ubantu/miniconda3/envs/airflow-env/lib/python3.11/site-packages/airflow/example_dags/example_branch_python_dop_operator_3.py took 0.076 seconds
[2026-04-07T04:45:38.969+0530] {processor.py:186} INFO - Started process (PID=9487) to work on /home/ubantu/miniconda3/envs/airflow-env/lib/python3.11/site-packages/airflow/example_dags/example_branch_python_dop_operator_3.py
[2026-04-07T04:45:38.969+0530] {processor.py:914} INFO - Processing file /home/ubantu/miniconda3/envs/airflow-env/lib/python3.11/site-packages/airflow/example_dags/example_branch_python_dop_operator_3.py for tasks to queue
[2026-04-07T04:45:38.971+0530] {logging_mixin.py:190} INFO - [2026-04-07T04:45:38.971+0530] {dagbag.py:588} INFO - Filling up the DagBag from /home/ubantu/miniconda3/envs/airflow-env/lib/python3.11/site-packages/airflow/example_dags/example_branch_python_dop_operator_3.py
[2026-04-07T04:45:38.982+0530] {processor.py:925} INFO - DAG(s) 'example_branch_dop_operator_v3' retrieved from /home/ubantu/miniconda3/envs/airflow-env/lib/python3.11/site-packages/airflow/example_dags/example_branch_python_dop_operator_3.py
[2026-04-07T04:45:38.996+0530] {logging_mixin.py:190} INFO - [2026-04-07T04:45:38.996+0530] {dag.py:3239} INFO - Sync 1 DAGs
[2026-04-07T04:45:39.018+0530] {logging_mixin.py:190} INFO - [2026-04-07T04:45:39.018+0530] {dag.py:4180} INFO - Setting next_dagrun for example_branch_dop_operator_v3 to 2026-04-06 23:14:00+00:00, run_after=2026-04-06 23:15:00+00:00
[2026-04-07T04:45:39.036+0530] {processor.py:208} INFO - Processing /home/ubantu/miniconda3/envs/airflow-env/lib/python3.11/site-packages/airflow/example_dags/example_branch_python_dop_operator_3.py took 0.074 seconds
[2026-04-07T04:46:34.189+0530] {processor.py:186} INFO - Started process (PID=9611) to work on /home/ubantu/miniconda3/envs/airflow-env/lib/python3.11/site-packages/airflow/example_dags/example_branch_python_dop_operator_3.py
[2026-04-07T04:46:34.190+0530] {processor.py:914} INFO - Processing file /home/ubantu/miniconda3/envs/airflow-env/lib/python3.11/site-packages/airflow/example_dags/example_branch_python_dop_operator_3.py for tasks to queue
[2026-04-07T04:46:34.192+0530] {logging_mixin.py:190} INFO - [2026-04-07T04:46:34.191+0530] {dagbag.py:588} INFO - Filling up the DagBag from /home/ubantu/miniconda3/envs/airflow-env/lib/python3.11/site-packages/airflow/example_dags/example_branch_python_dop_operator_3.py
[2026-04-07T04:46:34.203+0530] {processor.py:925} INFO - DAG(s) 'example_branch_dop_operator_v3' retrieved from /home/ubantu/miniconda3/envs/airflow-env/lib/python3.11/site-packages/airflow/example_dags/example_branch_python_dop_operator_3.py
[2026-04-07T04:46:34.217+0530] {logging_mixin.py:190} INFO - [2026-04-07T04:46:34.217+0530] {dag.py:3239} INFO - Sync 1 DAGs
[2026-04-07T04:46:34.239+0530] {logging_mixin.py:190} INFO - [2026-04-07T04:46:34.239+0530] {dag.py:4180} INFO - Setting next_dagrun for example_branch_dop_operator_v3 to 2026-04-06 23:15:00+00:00, run_after=2026-04-06 23:16:00+00:00
[2026-04-07T04:46:34.257+0530] {processor.py:208} INFO - Processing /home/ubantu/miniconda3/envs/airflow-env/lib/python3.11/site-packages/airflow/example_dags/example_branch_python_dop_operator_3.py took 0.074 seconds
[2026-04-07T04:46:48.456+0530] {processor.py:186} INFO - Started process (PID=9641) to work on /home/ubantu/miniconda3/envs/airflow-env/lib/python3.11/site-packages/airflow/example_dags/example_branch_python_dop_operator_3.py
[2026-04-07T04:46:48.457+0530] {processor.py:914} INFO - Processing file /home/ubantu/miniconda3/envs/airflow-env/lib/python3.11/site-packages/airflow/example_dags/example_branch_python_dop_operator_3.py for tasks to queue
[2026-04-07T04:46:48.459+0530] {logging_mixin.py:190} INFO - [2026-04-07T04:46:48.459+0530] {dagbag.py:588} INFO - Filling up the DagBag from /home/ubantu/miniconda3/envs/airflow-env/lib/python3.11/site-packages/airflow/example_dags/example_branch_python_dop_operator_3.py
[2026-04-07T04:46:48.469+0530] {processor.py:925} INFO - DAG(s) 'example_branch_dop_operator_v3' retrieved from /home/ubantu/miniconda3/envs/airflow-env/lib/python3.11/site-packages/airflow/example_dags/example_branch_python_dop_operator_3.py
[2026-04-07T04:46:48.484+0530] {logging_mixin.py:190} INFO - [2026-04-07T04:46:48.484+0530] {dag.py:3239} INFO - Sync 1 DAGs
[2026-04-07T04:46:48.505+0530] {logging_mixin.py:190} INFO - [2026-04-07T04:46:48.504+0530] {dag.py:4180} INFO - Setting next_dagrun for example_branch_dop_operator_v3 to 2026-04-06 23:15:00+00:00, run_after=2026-04-06 23:16:00+00:00
[2026-04-07T04:46:48.522+0530] {processor.py:208} INFO - Processing /home/ubantu/miniconda3/envs/airflow-env/lib/python3.11/site-packages/airflow/example_dags/example_branch_python_dop_operator_3.py took 0.071 seconds
[2026-04-07T04:47:32.697+0530] {processor.py:186} INFO - Started process (PID=9757) to work on /home/ubantu/miniconda3/envs/airflow-env/lib/python3.11/site-packages/airflow/example_dags/example_branch_python_dop_operator_3.py
[2026-04-07T04:47:32.698+0530] {processor.py:914} INFO - Processing file /home/ubantu/miniconda3/envs/airflow-env/lib/python3.11/site-packages/airflow/example_dags/example_branch_python_dop_operator_3.py for tasks to queue
[2026-04-07T04:47:32.700+0530] {logging_mixin.py:190} INFO - [2026-04-07T04:47:32.699+0530] {dagbag.py:588} INFO - Filling up the DagBag from /home/ubantu/miniconda3/envs/airflow-env/lib/python3.11/site-packages/airflow/example_dags/example_branch_python_dop_operator_3.py
[2026-04-07T04:47:32.710+0530] {processor.py:925} INFO - DAG(s) 'example_branch_dop_operator_v3' retrieved from /home/ubantu/miniconda3/envs/airflow-env/lib/python3.11/site-packages/airflow/example_dags/example_branch_python_dop_operator_3.py
[2026-04-07T04:47:32.727+0530] {logging_mixin.py:190} INFO - [2026-04-07T04:47:32.726+0530] {dag.py:3239} INFO - Sync 1 DAGs
[2026-04-07T04:47:32.749+0530] {logging_mixin.py:190} INFO - [2026-04-07T04:47:32.749+0530] {dag.py:4180} INFO - Setting next_dagrun for example_branch_dop_operator_v3 to 2026-04-06 23:16:00+00:00, run_after=2026-04-06 23:17:00+00:00
[2026-04-07T04:47:32.767+0530] {processor.py:208} INFO - Processing /home/ubantu/miniconda3/envs/airflow-env/lib/python3.11/site-packages/airflow/example_dags/example_branch_python_dop_operator_3.py took 0.076 seconds
[2026-04-07T04:48:08.872+0530] {processor.py:186} INFO - Started process (PID=9839) to work on /home/ubantu/miniconda3/envs/airflow-env/lib/python3.11/site-packages/airflow/example_dags/example_branch_python_dop_operator_3.py
[2026-04-07T04:48:08.874+0530] {processor.py:914} INFO - Processing file /home/ubantu/miniconda3/envs/airflow-env/lib/python3.11/site-packages/airflow/example_dags/example_branch_python_dop_operator_3.py for tasks to queue
[2026-04-07T04:48:08.875+0530] {logging_mixin.py:190} INFO - [2026-04-07T04:48:08.875+0530] {dagbag.py:588} INFO - Filling up the DagBag from /home/ubantu/miniconda3/envs/airflow-env/lib/python3.11/site-packages/airflow/example_dags/example_branch_python_dop_operator_3.py
[2026-04-07T04:48:08.889+0530] {processor.py:925} INFO - DAG(s) 'example_branch_dop_operator_v3' retrieved from /home/ubantu/miniconda3/envs/airflow-env/lib/python3.11/site-packages/airflow/example_dags/example_branch_python_dop_operator_3.py
[2026-04-07T04:48:08.903+0530] {logging_mixin.py:190} INFO - [2026-04-07T04:48:08.903+0530] {dag.py:3239} INFO - Sync 1 DAGs
[2026-04-07T04:48:08.924+0530] {logging_mixin.py:190} INFO - [2026-04-07T04:48:08.924+0530] {dag.py:4180} INFO - Setting next_dagrun for example_branch_dop_operator_v3 to 2026-04-06 23:17:00+00:00, run_after=2026-04-06 23:18:00+00:00
[2026-04-07T04:48:08.942+0530] {processor.py:208} INFO - Processing /home/ubantu/miniconda3/envs/airflow-env/lib/python3.11/site-packages/airflow/example_dags/example_branch_python_dop_operator_3.py took 0.077 seconds
[2026-04-07T05:10:25.959+0530] {processor.py:186} INFO - Started process (PID=11009) to work on /home/ubantu/miniconda3/envs/airflow-env/lib/python3.11/site-packages/airflow/example_dags/example_branch_python_dop_operator_3.py
[2026-04-07T05:10:25.960+0530] {processor.py:914} INFO - Processing file /home/ubantu/miniconda3/envs/airflow-env/lib/python3.11/site-packages/airflow/example_dags/example_branch_python_dop_operator_3.py for tasks to queue
[2026-04-07T05:10:25.962+0530] {logging_mixin.py:190} INFO - [2026-04-07T05:10:25.962+0530] {dagbag.py:588} INFO - Filling up the DagBag from /home/ubantu/miniconda3/envs/airflow-env/lib/python3.11/site-packages/airflow/example_dags/example_branch_python_dop_operator_3.py
[2026-04-07T05:10:25.973+0530] {processor.py:925} INFO - DAG(s) 'example_branch_dop_operator_v3' retrieved from /home/ubantu/miniconda3/envs/airflow-env/lib/python3.11/site-packages/airflow/example_dags/example_branch_python_dop_operator_3.py
[2026-04-07T05:10:26.061+0530] {logging_mixin.py:190} INFO - [2026-04-07T05:10:26.061+0530] {dag.py:3239} INFO - Sync 1 DAGs
[2026-04-07T05:10:26.081+0530] {logging_mixin.py:190} INFO - [2026-04-07T05:10:26.080+0530] {dag.py:4180} INFO - Setting next_dagrun for example_branch_dop_operator_v3 to 2026-04-06 23:39:00+00:00, run_after=2026-04-06 23:40:00+00:00
[2026-04-07T05:10:26.186+0530] {processor.py:208} INFO - Processing /home/ubantu/miniconda3/envs/airflow-env/lib/python3.11/site-packages/airflow/example_dags/example_branch_python_dop_operator_3.py took 0.231 seconds
[2026-04-07T05:12:00.359+0530] {processor.py:186} INFO - Started process (PID=11166) to work on /home/ubantu/miniconda3/envs/airflow-env/lib/python3.11/site-packages/airflow/example_dags/example_branch_python_dop_operator_3.py
[2026-04-07T05:12:00.360+0530] {processor.py:914} INFO - Processing file /home/ubantu/miniconda3/envs/airflow-env/lib/python3.11/site-packages/airflow/example_dags/example_branch_python_dop_operator_3.py for tasks to queue
[2026-04-07T05:12:00.363+0530] {logging_mixin.py:190} INFO - [2026-04-07T05:12:00.362+0530] {dagbag.py:588} INFO - Filling up the DagBag from /home/ubantu/miniconda3/envs/airflow-env/lib/python3.11/site-packages/airflow/example_dags/example_branch_python_dop_operator_3.py
[2026-04-07T05:12:00.377+0530] {processor.py:925} INFO - DAG(s) 'example_branch_dop_operator_v3' retrieved from /home/ubantu/miniconda3/envs/airflow-env/lib/python3.11/site-packages/airflow/example_dags/example_branch_python_dop_operator_3.py
[2026-04-07T05:12:00.391+0530] {logging_mixin.py:190} INFO - [2026-04-07T05:12:00.390+0530] {dag.py:3239} INFO - Sync 1 DAGs
[2026-04-07T05:12:00.412+0530] {logging_mixin.py:190} INFO - [2026-04-07T05:12:00.412+0530] {dag.py:4180} INFO - Setting next_dagrun for example_branch_dop_operator_v3 to 2026-04-06 23:41:00+00:00, run_after=2026-04-06 23:42:00+00:00
[2026-04-07T05:12:00.431+0530] {processor.py:208} INFO - Processing /home/ubantu/miniconda3/envs/airflow-env/lib/python3.11/site-packages/airflow/example_dags/example_branch_python_dop_operator_3.py took 0.080 seconds
[2026-04-07T05:12:59.066+0530] {processor.py:186} INFO - Started process (PID=11245) to work on /home/ubantu/miniconda3/envs/airflow-env/lib/python3.11/site-packages/airflow/example_dags/example_branch_python_dop_operator_3.py
[2026-04-07T05:12:59.066+0530] {processor.py:914} INFO - Processing file /home/ubantu/miniconda3/envs/airflow-env/lib/python3.11/site-packages/airflow/example_dags/example_branch_python_dop_operator_3.py for tasks to queue
[2026-04-07T05:12:59.068+0530] {logging_mixin.py:190} INFO - [2026-04-07T05:12:59.068+0530] {dagbag.py:588} INFO - Filling up the DagBag from /home/ubantu/miniconda3/envs/airflow-env/lib/python3.11/site-packages/airflow/example_dags/example_branch_python_dop_operator_3.py
[2026-04-07T05:12:59.077+0530] {processor.py:925} INFO - DAG(s) 'example_branch_dop_operator_v3' retrieved from /home/ubantu/miniconda3/envs/airflow-env/lib/python3.11/site-packages/airflow/example_dags/example_branch_python_dop_operator_3.py
[2026-04-07T05:12:59.089+0530] {logging_mixin.py:190} INFO - [2026-04-07T05:12:59.089+0530] {dag.py:3239} INFO - Sync 1 DAGs
[2026-04-07T05:12:59.109+0530] {logging_mixin.py:190} INFO - [2026-04-07T05:12:59.108+0530] {dag.py:4180} INFO - Setting next_dagrun for example_branch_dop_operator_v3 to 2026-04-06 23:41:00+00:00, run_after=2026-04-06 23:42:00+00:00
[2026-04-07T05:12:59.126+0530] {processor.py:208} INFO - Processing /home/ubantu/miniconda3/envs/airflow-env/lib/python3.11/site-packages/airflow/example_dags/example_branch_python_dop_operator_3.py took 0.066 seconds
[2026-04-07T05:14:05.046+0530] {processor.py:186} INFO - Started process (PID=11341) to work on /home/ubantu/miniconda3/envs/airflow-env/lib/python3.11/site-packages/airflow/example_dags/example_branch_python_dop_operator_3.py
[2026-04-07T05:14:05.047+0530] {processor.py:914} INFO - Processing file /home/ubantu/miniconda3/envs/airflow-env/lib/python3.11/site-packages/airflow/example_dags/example_branch_python_dop_operator_3.py for tasks to queue
[2026-04-07T05:14:05.049+0530] {logging_mixin.py:190} INFO - [2026-04-07T05:14:05.049+0530] {dagbag.py:588} INFO - Filling up the DagBag from /home/ubantu/miniconda3/envs/airflow-env/lib/python3.11/site-packages/airflow/example_dags/example_branch_python_dop_operator_3.py
[2026-04-07T05:14:05.060+0530] {processor.py:925} INFO - DAG(s) 'example_branch_dop_operator_v3' retrieved from /home/ubantu/miniconda3/envs/airflow-env/lib/python3.11/site-packages/airflow/example_dags/example_branch_python_dop_operator_3.py
[2026-04-07T05:14:05.169+0530] {logging_mixin.py:190} INFO - [2026-04-07T05:14:05.168+0530] {dag.py:3239} INFO - Sync 1 DAGs
[2026-04-07T05:14:05.187+0530] {logging_mixin.py:190} INFO - [2026-04-07T05:14:05.187+0530] {dag.py:4180} INFO - Setting next_dagrun for example_branch_dop_operator_v3 to 2026-04-06 23:43:00+00:00, run_after=2026-04-06 23:44:00+00:00
[2026-04-07T05:14:05.203+0530] {processor.py:208} INFO - Processing /home/ubantu/miniconda3/envs/airflow-env/lib/python3.11/site-packages/airflow/example_dags/example_branch_python_dop_operator_3.py took 0.163 seconds
[2026-04-07T05:18:09.817+0530] {processor.py:186} INFO - Started process (PID=12083) to work on /home/ubantu/miniconda3/envs/airflow-env/lib/python3.11/site-packages/airflow/example_dags/example_branch_python_dop_operator_3.py
[2026-04-07T05:18:09.819+0530] {processor.py:914} INFO - Processing file /home/ubantu/miniconda3/envs/airflow-env/lib/python3.11/site-packages/airflow/example_dags/example_branch_python_dop_operator_3.py for tasks to queue
[2026-04-07T05:18:09.823+0530] {logging_mixin.py:190} INFO - [2026-04-07T05:18:09.822+0530] {dagbag.py:588} INFO - Filling up the DagBag from /home/ubantu/miniconda3/envs/airflow-env/lib/python3.11/site-packages/airflow/example_dags/example_branch_python_dop_operator_3.py
[2026-04-07T05:18:09.848+0530] {processor.py:925} INFO - DAG(s) 'example_branch_dop_operator_v3' retrieved from /home/ubantu/miniconda3/envs/airflow-env/lib/python3.11/site-packages/airflow/example_dags/example_branch_python_dop_operator_3.py
[2026-04-07T05:18:09.874+0530] {logging_mixin.py:190} INFO - [2026-04-07T05:18:09.874+0530] {dag.py:3239} INFO - Sync 1 DAGs
[2026-04-07T05:18:09.909+0530] {logging_mixin.py:190} INFO - [2026-04-07T05:18:09.909+0530] {dag.py:4180} INFO - Setting next_dagrun for example_branch_dop_operator_v3 to 2026-04-06 23:47:00+00:00, run_after=2026-04-06 23:48:00+00:00
[2026-04-07T05:18:09.928+0530] {processor.py:208} INFO - Processing /home/ubantu/miniconda3/envs/airflow-env/lib/python3.11/site-packages/airflow/example_dags/example_branch_python_dop_operator_3.py took 0.122 seconds
