[2026-04-07T04:08:18.088+0530] {processor.py:186} INFO - Started process (PID=5886) to work on /home/ubantu/miniconda3/envs/airflow-env/lib/python3.11/site-packages/airflow/example_dags/example_branch_datetime_operator.py
[2026-04-07T04:08:18.089+0530] {processor.py:914} INFO - Processing file /home/ubantu/miniconda3/envs/airflow-env/lib/python3.11/site-packages/airflow/example_dags/example_branch_datetime_operator.py for tasks to queue
[2026-04-07T04:08:18.091+0530] {logging_mixin.py:190} INFO - [2026-04-07T04:08:18.090+0530] {dagbag.py:588} INFO - Filling up the DagBag from /home/ubantu/miniconda3/envs/airflow-env/lib/python3.11/site-packages/airflow/example_dags/example_branch_datetime_operator.py
[2026-04-07T04:08:18.104+0530] {processor.py:925} INFO - DAG(s) 'example_branch_datetime_operator_3', 'example_branch_datetime_operator_2', 'example_branch_datetime_operator' retrieved from /home/ubantu/miniconda3/envs/airflow-env/lib/python3.11/site-packages/airflow/example_dags/example_branch_datetime_operator.py
[2026-04-07T04:08:18.199+0530] {logging_mixin.py:190} INFO - [2026-04-07T04:08:18.199+0530] {override.py:1911} INFO - Created Permission View: can delete on DAG:example_branch_datetime_operator_3
[2026-04-07T04:08:18.210+0530] {logging_mixin.py:190} INFO - [2026-04-07T04:08:18.209+0530] {override.py:1911} INFO - Created Permission View: can edit on DAG:example_branch_datetime_operator_3
[2026-04-07T04:08:18.217+0530] {logging_mixin.py:190} INFO - [2026-04-07T04:08:18.217+0530] {override.py:1911} INFO - Created Permission View: can read on DAG:example_branch_datetime_operator_3
[2026-04-07T04:08:18.230+0530] {logging_mixin.py:190} INFO - [2026-04-07T04:08:18.229+0530] {override.py:1911} INFO - Created Permission View: can create on DAG Run:example_branch_datetime_operator_3
[2026-04-07T04:08:18.239+0530] {logging_mixin.py:190} INFO - [2026-04-07T04:08:18.239+0530] {override.py:1911} INFO - Created Permission View: can delete on DAG Run:example_branch_datetime_operator_3
[2026-04-07T04:08:18.246+0530] {logging_mixin.py:190} INFO - [2026-04-07T04:08:18.246+0530] {override.py:1911} INFO - Created Permission View: menu access on DAG Run:example_branch_datetime_operator_3
[2026-04-07T04:08:18.252+0530] {logging_mixin.py:190} INFO - [2026-04-07T04:08:18.252+0530] {override.py:1911} INFO - Created Permission View: can read on DAG Run:example_branch_datetime_operator_3
[2026-04-07T04:08:18.266+0530] {logging_mixin.py:190} INFO - [2026-04-07T04:08:18.266+0530] {override.py:1911} INFO - Created Permission View: can delete on DAG:example_branch_datetime_operator_2
[2026-04-07T04:08:18.274+0530] {logging_mixin.py:190} INFO - [2026-04-07T04:08:18.273+0530] {override.py:1911} INFO - Created Permission View: can edit on DAG:example_branch_datetime_operator_2
[2026-04-07T04:08:18.283+0530] {logging_mixin.py:190} INFO - [2026-04-07T04:08:18.282+0530] {override.py:1911} INFO - Created Permission View: can read on DAG:example_branch_datetime_operator_2
[2026-04-07T04:08:18.293+0530] {logging_mixin.py:190} INFO - [2026-04-07T04:08:18.293+0530] {override.py:1911} INFO - Created Permission View: can create on DAG Run:example_branch_datetime_operator_2
[2026-04-07T04:08:18.300+0530] {logging_mixin.py:190} INFO - [2026-04-07T04:08:18.299+0530] {override.py:1911} INFO - Created Permission View: can delete on DAG Run:example_branch_datetime_operator_2
[2026-04-07T04:08:18.307+0530] {logging_mixin.py:190} INFO - [2026-04-07T04:08:18.306+0530] {override.py:1911} INFO - Created Permission View: menu access on DAG Run:example_branch_datetime_operator_2
[2026-04-07T04:08:18.314+0530] {logging_mixin.py:190} INFO - [2026-04-07T04:08:18.314+0530] {override.py:1911} INFO - Created Permission View: can read on DAG Run:example_branch_datetime_operator_2
[2026-04-07T04:08:18.333+0530] {logging_mixin.py:190} INFO - [2026-04-07T04:08:18.332+0530] {override.py:1911} INFO - Created Permission View: can delete on DAG:example_branch_datetime_operator
[2026-04-07T04:08:18.341+0530] {logging_mixin.py:190} INFO - [2026-04-07T04:08:18.341+0530] {override.py:1911} INFO - Created Permission View: can edit on DAG:example_branch_datetime_operator
[2026-04-07T04:08:18.350+0530] {logging_mixin.py:190} INFO - [2026-04-07T04:08:18.349+0530] {override.py:1911} INFO - Created Permission View: can read on DAG:example_branch_datetime_operator
[2026-04-07T04:08:18.359+0530] {logging_mixin.py:190} INFO - [2026-04-07T04:08:18.359+0530] {override.py:1911} INFO - Created Permission View: can create on DAG Run:example_branch_datetime_operator
[2026-04-07T04:08:18.366+0530] {logging_mixin.py:190} INFO - [2026-04-07T04:08:18.365+0530] {override.py:1911} INFO - Created Permission View: can delete on DAG Run:example_branch_datetime_operator
[2026-04-07T04:08:18.372+0530] {logging_mixin.py:190} INFO - [2026-04-07T04:08:18.372+0530] {override.py:1911} INFO - Created Permission View: menu access on DAG Run:example_branch_datetime_operator
[2026-04-07T04:08:18.379+0530] {logging_mixin.py:190} INFO - [2026-04-07T04:08:18.379+0530] {override.py:1911} INFO - Created Permission View: can read on DAG Run:example_branch_datetime_operator
[2026-04-07T04:08:18.379+0530] {logging_mixin.py:190} INFO - [2026-04-07T04:08:18.379+0530] {dag.py:3239} INFO - Sync 3 DAGs
[2026-04-07T04:08:18.503+0530] {logging_mixin.py:190} INFO - [2026-04-07T04:08:18.502+0530] {dag.py:3262} INFO - Creating ORM DAG for example_branch_datetime_operator_3
[2026-04-07T04:08:18.503+0530] {logging_mixin.py:190} INFO - [2026-04-07T04:08:18.503+0530] {dag.py:3262} INFO - Creating ORM DAG for example_branch_datetime_operator_2
[2026-04-07T04:08:18.504+0530] {logging_mixin.py:190} INFO - [2026-04-07T04:08:18.504+0530] {dag.py:3262} INFO - Creating ORM DAG for example_branch_datetime_operator
[2026-04-07T04:08:18.512+0530] {logging_mixin.py:190} INFO - [2026-04-07T04:08:18.512+0530] {dag.py:4180} INFO - Setting next_dagrun for example_branch_datetime_operator to 2026-04-05 00:00:00+00:00, run_after=2026-04-06 00:00:00+00:00
[2026-04-07T04:08:18.514+0530] {logging_mixin.py:190} INFO - [2026-04-07T04:08:18.514+0530] {dag.py:4180} INFO - Setting next_dagrun for example_branch_datetime_operator_2 to 2026-04-05 00:00:00+00:00, run_after=2026-04-06 00:00:00+00:00
[2026-04-07T04:08:18.515+0530] {logging_mixin.py:190} INFO - [2026-04-07T04:08:18.515+0530] {dag.py:4180} INFO - Setting next_dagrun for example_branch_datetime_operator_3 to 2026-04-05 00:00:00+00:00, run_after=2026-04-06 00:00:00+00:00
[2026-04-07T04:08:18.531+0530] {processor.py:208} INFO - Processing /home/ubantu/miniconda3/envs/airflow-env/lib/python3.11/site-packages/airflow/example_dags/example_branch_datetime_operator.py took 0.448 seconds
[2026-04-07T04:09:19.288+0530] {processor.py:186} INFO - Started process (PID=6032) to work on /home/ubantu/miniconda3/envs/airflow-env/lib/python3.11/site-packages/airflow/example_dags/example_branch_datetime_operator.py
[2026-04-07T04:09:19.289+0530] {processor.py:914} INFO - Processing file /home/ubantu/miniconda3/envs/airflow-env/lib/python3.11/site-packages/airflow/example_dags/example_branch_datetime_operator.py for tasks to queue
[2026-04-07T04:09:19.291+0530] {logging_mixin.py:190} INFO - [2026-04-07T04:09:19.291+0530] {dagbag.py:588} INFO - Filling up the DagBag from /home/ubantu/miniconda3/envs/airflow-env/lib/python3.11/site-packages/airflow/example_dags/example_branch_datetime_operator.py
[2026-04-07T04:09:19.305+0530] {processor.py:925} INFO - DAG(s) 'example_branch_datetime_operator_3', 'example_branch_datetime_operator_2', 'example_branch_datetime_operator' retrieved from /home/ubantu/miniconda3/envs/airflow-env/lib/python3.11/site-packages/airflow/example_dags/example_branch_datetime_operator.py
[2026-04-07T04:09:19.325+0530] {logging_mixin.py:190} INFO - [2026-04-07T04:09:19.325+0530] {dag.py:3239} INFO - Sync 3 DAGs
[2026-04-07T04:09:19.345+0530] {logging_mixin.py:190} INFO - [2026-04-07T04:09:19.344+0530] {dag.py:4180} INFO - Setting next_dagrun for example_branch_datetime_operator to 2026-04-05 00:00:00+00:00, run_after=2026-04-06 00:00:00+00:00
[2026-04-07T04:09:19.348+0530] {logging_mixin.py:190} INFO - [2026-04-07T04:09:19.348+0530] {dag.py:4180} INFO - Setting next_dagrun for example_branch_datetime_operator_2 to 2026-04-05 00:00:00+00:00, run_after=2026-04-06 00:00:00+00:00
[2026-04-07T04:09:19.351+0530] {logging_mixin.py:190} INFO - [2026-04-07T04:09:19.351+0530] {dag.py:4180} INFO - Setting next_dagrun for example_branch_datetime_operator_3 to 2026-04-05 00:00:00+00:00, run_after=2026-04-06 00:00:00+00:00
[2026-04-07T04:09:19.465+0530] {processor.py:208} INFO - Processing /home/ubantu/miniconda3/envs/airflow-env/lib/python3.11/site-packages/airflow/example_dags/example_branch_datetime_operator.py took 0.184 seconds
[2026-04-07T04:10:19.033+0530] {processor.py:186} INFO - Started process (PID=6190) to work on /home/ubantu/miniconda3/envs/airflow-env/lib/python3.11/site-packages/airflow/example_dags/example_branch_datetime_operator.py
[2026-04-07T04:10:19.034+0530] {processor.py:914} INFO - Processing file /home/ubantu/miniconda3/envs/airflow-env/lib/python3.11/site-packages/airflow/example_dags/example_branch_datetime_operator.py for tasks to queue
[2026-04-07T04:10:19.036+0530] {logging_mixin.py:190} INFO - [2026-04-07T04:10:19.036+0530] {dagbag.py:588} INFO - Filling up the DagBag from /home/ubantu/miniconda3/envs/airflow-env/lib/python3.11/site-packages/airflow/example_dags/example_branch_datetime_operator.py
[2026-04-07T04:10:19.051+0530] {processor.py:925} INFO - DAG(s) 'example_branch_datetime_operator_3', 'example_branch_datetime_operator_2', 'example_branch_datetime_operator' retrieved from /home/ubantu/miniconda3/envs/airflow-env/lib/python3.11/site-packages/airflow/example_dags/example_branch_datetime_operator.py
[2026-04-07T04:10:19.073+0530] {logging_mixin.py:190} INFO - [2026-04-07T04:10:19.073+0530] {dag.py:3239} INFO - Sync 3 DAGs
[2026-04-07T04:10:19.092+0530] {logging_mixin.py:190} INFO - [2026-04-07T04:10:19.091+0530] {dag.py:4180} INFO - Setting next_dagrun for example_branch_datetime_operator to 2026-04-05 00:00:00+00:00, run_after=2026-04-06 00:00:00+00:00
[2026-04-07T04:10:19.095+0530] {logging_mixin.py:190} INFO - [2026-04-07T04:10:19.095+0530] {dag.py:4180} INFO - Setting next_dagrun for example_branch_datetime_operator_2 to 2026-04-05 00:00:00+00:00, run_after=2026-04-06 00:00:00+00:00
[2026-04-07T04:10:19.097+0530] {logging_mixin.py:190} INFO - [2026-04-07T04:10:19.097+0530] {dag.py:4180} INFO - Setting next_dagrun for example_branch_datetime_operator_3 to 2026-04-05 00:00:00+00:00, run_after=2026-04-06 00:00:00+00:00
[2026-04-07T04:10:19.113+0530] {processor.py:208} INFO - Processing /home/ubantu/miniconda3/envs/airflow-env/lib/python3.11/site-packages/airflow/example_dags/example_branch_datetime_operator.py took 0.087 seconds
[2026-04-07T04:11:33.888+0530] {processor.py:186} INFO - Started process (PID=6278) to work on /home/ubantu/miniconda3/envs/airflow-env/lib/python3.11/site-packages/airflow/example_dags/example_branch_datetime_operator.py
[2026-04-07T04:11:33.889+0530] {processor.py:914} INFO - Processing file /home/ubantu/miniconda3/envs/airflow-env/lib/python3.11/site-packages/airflow/example_dags/example_branch_datetime_operator.py for tasks to queue
[2026-04-07T04:11:33.891+0530] {logging_mixin.py:190} INFO - [2026-04-07T04:11:33.891+0530] {dagbag.py:588} INFO - Filling up the DagBag from /home/ubantu/miniconda3/envs/airflow-env/lib/python3.11/site-packages/airflow/example_dags/example_branch_datetime_operator.py
[2026-04-07T04:11:33.905+0530] {processor.py:925} INFO - DAG(s) 'example_branch_datetime_operator', 'example_branch_datetime_operator_2', 'example_branch_datetime_operator_3' retrieved from /home/ubantu/miniconda3/envs/airflow-env/lib/python3.11/site-packages/airflow/example_dags/example_branch_datetime_operator.py
[2026-04-07T04:11:33.925+0530] {logging_mixin.py:190} INFO - [2026-04-07T04:11:33.925+0530] {dag.py:3239} INFO - Sync 3 DAGs
[2026-04-07T04:11:33.946+0530] {logging_mixin.py:190} INFO - [2026-04-07T04:11:33.946+0530] {dag.py:4180} INFO - Setting next_dagrun for example_branch_datetime_operator to 2026-04-05 00:00:00+00:00, run_after=2026-04-06 00:00:00+00:00
[2026-04-07T04:11:33.950+0530] {logging_mixin.py:190} INFO - [2026-04-07T04:11:33.950+0530] {dag.py:4180} INFO - Setting next_dagrun for example_branch_datetime_operator_2 to 2026-04-05 00:00:00+00:00, run_after=2026-04-06 00:00:00+00:00
[2026-04-07T04:11:33.952+0530] {logging_mixin.py:190} INFO - [2026-04-07T04:11:33.952+0530] {dag.py:4180} INFO - Setting next_dagrun for example_branch_datetime_operator_3 to 2026-04-05 00:00:00+00:00, run_after=2026-04-06 00:00:00+00:00
[2026-04-07T04:11:33.968+0530] {processor.py:208} INFO - Processing /home/ubantu/miniconda3/envs/airflow-env/lib/python3.11/site-packages/airflow/example_dags/example_branch_datetime_operator.py took 0.087 seconds
[2026-04-07T04:12:52.563+0530] {processor.py:186} INFO - Started process (PID=6373) to work on /home/ubantu/miniconda3/envs/airflow-env/lib/python3.11/site-packages/airflow/example_dags/example_branch_datetime_operator.py
[2026-04-07T04:12:52.565+0530] {processor.py:914} INFO - Processing file /home/ubantu/miniconda3/envs/airflow-env/lib/python3.11/site-packages/airflow/example_dags/example_branch_datetime_operator.py for tasks to queue
[2026-04-07T04:12:52.567+0530] {logging_mixin.py:190} INFO - [2026-04-07T04:12:52.566+0530] {dagbag.py:588} INFO - Filling up the DagBag from /home/ubantu/miniconda3/envs/airflow-env/lib/python3.11/site-packages/airflow/example_dags/example_branch_datetime_operator.py
[2026-04-07T04:12:52.581+0530] {processor.py:925} INFO - DAG(s) 'example_branch_datetime_operator', 'example_branch_datetime_operator_2', 'example_branch_datetime_operator_3' retrieved from /home/ubantu/miniconda3/envs/airflow-env/lib/python3.11/site-packages/airflow/example_dags/example_branch_datetime_operator.py
[2026-04-07T04:12:52.603+0530] {logging_mixin.py:190} INFO - [2026-04-07T04:12:52.602+0530] {dag.py:3239} INFO - Sync 3 DAGs
[2026-04-07T04:12:52.624+0530] {logging_mixin.py:190} INFO - [2026-04-07T04:12:52.624+0530] {dag.py:4180} INFO - Setting next_dagrun for example_branch_datetime_operator to 2026-04-05 00:00:00+00:00, run_after=2026-04-06 00:00:00+00:00
[2026-04-07T04:12:52.628+0530] {logging_mixin.py:190} INFO - [2026-04-07T04:12:52.628+0530] {dag.py:4180} INFO - Setting next_dagrun for example_branch_datetime_operator_2 to 2026-04-05 00:00:00+00:00, run_after=2026-04-06 00:00:00+00:00
[2026-04-07T04:12:52.630+0530] {logging_mixin.py:190} INFO - [2026-04-07T04:12:52.630+0530] {dag.py:4180} INFO - Setting next_dagrun for example_branch_datetime_operator_3 to 2026-04-05 00:00:00+00:00, run_after=2026-04-06 00:00:00+00:00
[2026-04-07T04:12:52.646+0530] {processor.py:208} INFO - Processing /home/ubantu/miniconda3/envs/airflow-env/lib/python3.11/site-packages/airflow/example_dags/example_branch_datetime_operator.py took 0.090 seconds
[2026-04-07T04:14:13.830+0530] {processor.py:186} INFO - Started process (PID=6473) to work on /home/ubantu/miniconda3/envs/airflow-env/lib/python3.11/site-packages/airflow/example_dags/example_branch_datetime_operator.py
[2026-04-07T04:14:13.831+0530] {processor.py:914} INFO - Processing file /home/ubantu/miniconda3/envs/airflow-env/lib/python3.11/site-packages/airflow/example_dags/example_branch_datetime_operator.py for tasks to queue
[2026-04-07T04:14:13.833+0530] {logging_mixin.py:190} INFO - [2026-04-07T04:14:13.833+0530] {dagbag.py:588} INFO - Filling up the DagBag from /home/ubantu/miniconda3/envs/airflow-env/lib/python3.11/site-packages/airflow/example_dags/example_branch_datetime_operator.py
[2026-04-07T04:14:13.847+0530] {processor.py:925} INFO - DAG(s) 'example_branch_datetime_operator_3', 'example_branch_datetime_operator_2', 'example_branch_datetime_operator' retrieved from /home/ubantu/miniconda3/envs/airflow-env/lib/python3.11/site-packages/airflow/example_dags/example_branch_datetime_operator.py
[2026-04-07T04:14:13.867+0530] {logging_mixin.py:190} INFO - [2026-04-07T04:14:13.867+0530] {dag.py:3239} INFO - Sync 3 DAGs
[2026-04-07T04:14:13.887+0530] {logging_mixin.py:190} INFO - [2026-04-07T04:14:13.886+0530] {dag.py:4180} INFO - Setting next_dagrun for example_branch_datetime_operator to 2026-04-05 00:00:00+00:00, run_after=2026-04-06 00:00:00+00:00
[2026-04-07T04:14:13.890+0530] {logging_mixin.py:190} INFO - [2026-04-07T04:14:13.890+0530] {dag.py:4180} INFO - Setting next_dagrun for example_branch_datetime_operator_2 to 2026-04-05 00:00:00+00:00, run_after=2026-04-06 00:00:00+00:00
[2026-04-07T04:14:13.892+0530] {logging_mixin.py:190} INFO - [2026-04-07T04:14:13.892+0530] {dag.py:4180} INFO - Setting next_dagrun for example_branch_datetime_operator_3 to 2026-04-05 00:00:00+00:00, run_after=2026-04-06 00:00:00+00:00
[2026-04-07T04:14:13.908+0530] {processor.py:208} INFO - Processing /home/ubantu/miniconda3/envs/airflow-env/lib/python3.11/site-packages/airflow/example_dags/example_branch_datetime_operator.py took 0.084 seconds
[2026-04-07T04:15:32.924+0530] {processor.py:186} INFO - Started process (PID=6564) to work on /home/ubantu/miniconda3/envs/airflow-env/lib/python3.11/site-packages/airflow/example_dags/example_branch_datetime_operator.py
[2026-04-07T04:15:32.925+0530] {processor.py:914} INFO - Processing file /home/ubantu/miniconda3/envs/airflow-env/lib/python3.11/site-packages/airflow/example_dags/example_branch_datetime_operator.py for tasks to queue
[2026-04-07T04:15:32.927+0530] {logging_mixin.py:190} INFO - [2026-04-07T04:15:32.926+0530] {dagbag.py:588} INFO - Filling up the DagBag from /home/ubantu/miniconda3/envs/airflow-env/lib/python3.11/site-packages/airflow/example_dags/example_branch_datetime_operator.py
[2026-04-07T04:15:32.940+0530] {processor.py:925} INFO - DAG(s) 'example_branch_datetime_operator_3', 'example_branch_datetime_operator', 'example_branch_datetime_operator_2' retrieved from /home/ubantu/miniconda3/envs/airflow-env/lib/python3.11/site-packages/airflow/example_dags/example_branch_datetime_operator.py
[2026-04-07T04:15:32.961+0530] {logging_mixin.py:190} INFO - [2026-04-07T04:15:32.960+0530] {dag.py:3239} INFO - Sync 3 DAGs
[2026-04-07T04:15:32.980+0530] {logging_mixin.py:190} INFO - [2026-04-07T04:15:32.980+0530] {dag.py:4180} INFO - Setting next_dagrun for example_branch_datetime_operator to 2026-04-05 00:00:00+00:00, run_after=2026-04-06 00:00:00+00:00
[2026-04-07T04:15:32.984+0530] {logging_mixin.py:190} INFO - [2026-04-07T04:15:32.984+0530] {dag.py:4180} INFO - Setting next_dagrun for example_branch_datetime_operator_2 to 2026-04-05 00:00:00+00:00, run_after=2026-04-06 00:00:00+00:00
[2026-04-07T04:15:32.986+0530] {logging_mixin.py:190} INFO - [2026-04-07T04:15:32.986+0530] {dag.py:4180} INFO - Setting next_dagrun for example_branch_datetime_operator_3 to 2026-04-05 00:00:00+00:00, run_after=2026-04-06 00:00:00+00:00
[2026-04-07T04:15:33.002+0530] {processor.py:208} INFO - Processing /home/ubantu/miniconda3/envs/airflow-env/lib/python3.11/site-packages/airflow/example_dags/example_branch_datetime_operator.py took 0.085 seconds
[2026-04-07T04:16:48.294+0530] {processor.py:186} INFO - Started process (PID=6651) to work on /home/ubantu/miniconda3/envs/airflow-env/lib/python3.11/site-packages/airflow/example_dags/example_branch_datetime_operator.py
[2026-04-07T04:16:48.295+0530] {processor.py:914} INFO - Processing file /home/ubantu/miniconda3/envs/airflow-env/lib/python3.11/site-packages/airflow/example_dags/example_branch_datetime_operator.py for tasks to queue
[2026-04-07T04:16:48.297+0530] {logging_mixin.py:190} INFO - [2026-04-07T04:16:48.296+0530] {dagbag.py:588} INFO - Filling up the DagBag from /home/ubantu/miniconda3/envs/airflow-env/lib/python3.11/site-packages/airflow/example_dags/example_branch_datetime_operator.py
[2026-04-07T04:16:48.310+0530] {processor.py:925} INFO - DAG(s) 'example_branch_datetime_operator', 'example_branch_datetime_operator_2', 'example_branch_datetime_operator_3' retrieved from /home/ubantu/miniconda3/envs/airflow-env/lib/python3.11/site-packages/airflow/example_dags/example_branch_datetime_operator.py
[2026-04-07T04:16:48.330+0530] {logging_mixin.py:190} INFO - [2026-04-07T04:16:48.330+0530] {dag.py:3239} INFO - Sync 3 DAGs
[2026-04-07T04:16:48.349+0530] {logging_mixin.py:190} INFO - [2026-04-07T04:16:48.349+0530] {dag.py:4180} INFO - Setting next_dagrun for example_branch_datetime_operator to 2026-04-05 00:00:00+00:00, run_after=2026-04-06 00:00:00+00:00
[2026-04-07T04:16:48.353+0530] {logging_mixin.py:190} INFO - [2026-04-07T04:16:48.353+0530] {dag.py:4180} INFO - Setting next_dagrun for example_branch_datetime_operator_2 to 2026-04-05 00:00:00+00:00, run_after=2026-04-06 00:00:00+00:00
[2026-04-07T04:16:48.355+0530] {logging_mixin.py:190} INFO - [2026-04-07T04:16:48.355+0530] {dag.py:4180} INFO - Setting next_dagrun for example_branch_datetime_operator_3 to 2026-04-05 00:00:00+00:00, run_after=2026-04-06 00:00:00+00:00
[2026-04-07T04:16:48.371+0530] {processor.py:208} INFO - Processing /home/ubantu/miniconda3/envs/airflow-env/lib/python3.11/site-packages/airflow/example_dags/example_branch_datetime_operator.py took 0.083 seconds
[2026-04-07T04:18:02.391+0530] {processor.py:186} INFO - Started process (PID=6742) to work on /home/ubantu/miniconda3/envs/airflow-env/lib/python3.11/site-packages/airflow/example_dags/example_branch_datetime_operator.py
[2026-04-07T04:18:02.392+0530] {processor.py:914} INFO - Processing file /home/ubantu/miniconda3/envs/airflow-env/lib/python3.11/site-packages/airflow/example_dags/example_branch_datetime_operator.py for tasks to queue
[2026-04-07T04:18:02.394+0530] {logging_mixin.py:190} INFO - [2026-04-07T04:18:02.394+0530] {dagbag.py:588} INFO - Filling up the DagBag from /home/ubantu/miniconda3/envs/airflow-env/lib/python3.11/site-packages/airflow/example_dags/example_branch_datetime_operator.py
[2026-04-07T04:18:02.407+0530] {processor.py:925} INFO - DAG(s) 'example_branch_datetime_operator_2', 'example_branch_datetime_operator_3', 'example_branch_datetime_operator' retrieved from /home/ubantu/miniconda3/envs/airflow-env/lib/python3.11/site-packages/airflow/example_dags/example_branch_datetime_operator.py
[2026-04-07T04:18:02.427+0530] {logging_mixin.py:190} INFO - [2026-04-07T04:18:02.426+0530] {dag.py:3239} INFO - Sync 3 DAGs
[2026-04-07T04:18:02.446+0530] {logging_mixin.py:190} INFO - [2026-04-07T04:18:02.446+0530] {dag.py:4180} INFO - Setting next_dagrun for example_branch_datetime_operator to 2026-04-05 00:00:00+00:00, run_after=2026-04-06 00:00:00+00:00
[2026-04-07T04:18:02.450+0530] {logging_mixin.py:190} INFO - [2026-04-07T04:18:02.450+0530] {dag.py:4180} INFO - Setting next_dagrun for example_branch_datetime_operator_2 to 2026-04-05 00:00:00+00:00, run_after=2026-04-06 00:00:00+00:00
[2026-04-07T04:18:02.452+0530] {logging_mixin.py:190} INFO - [2026-04-07T04:18:02.451+0530] {dag.py:4180} INFO - Setting next_dagrun for example_branch_datetime_operator_3 to 2026-04-05 00:00:00+00:00, run_after=2026-04-06 00:00:00+00:00
[2026-04-07T04:18:02.467+0530] {processor.py:208} INFO - Processing /home/ubantu/miniconda3/envs/airflow-env/lib/python3.11/site-packages/airflow/example_dags/example_branch_datetime_operator.py took 0.082 seconds
[2026-04-07T04:19:21.123+0530] {processor.py:186} INFO - Started process (PID=6881) to work on /home/ubantu/miniconda3/envs/airflow-env/lib/python3.11/site-packages/airflow/example_dags/example_branch_datetime_operator.py
[2026-04-07T04:19:21.124+0530] {processor.py:914} INFO - Processing file /home/ubantu/miniconda3/envs/airflow-env/lib/python3.11/site-packages/airflow/example_dags/example_branch_datetime_operator.py for tasks to queue
[2026-04-07T04:19:21.126+0530] {logging_mixin.py:190} INFO - [2026-04-07T04:19:21.126+0530] {dagbag.py:588} INFO - Filling up the DagBag from /home/ubantu/miniconda3/envs/airflow-env/lib/python3.11/site-packages/airflow/example_dags/example_branch_datetime_operator.py
[2026-04-07T04:19:21.139+0530] {processor.py:925} INFO - DAG(s) 'example_branch_datetime_operator_3', 'example_branch_datetime_operator_2', 'example_branch_datetime_operator' retrieved from /home/ubantu/miniconda3/envs/airflow-env/lib/python3.11/site-packages/airflow/example_dags/example_branch_datetime_operator.py
[2026-04-07T04:19:21.159+0530] {logging_mixin.py:190} INFO - [2026-04-07T04:19:21.159+0530] {dag.py:3239} INFO - Sync 3 DAGs
[2026-04-07T04:19:21.178+0530] {logging_mixin.py:190} INFO - [2026-04-07T04:19:21.178+0530] {dag.py:4180} INFO - Setting next_dagrun for example_branch_datetime_operator to 2026-04-05 00:00:00+00:00, run_after=2026-04-06 00:00:00+00:00
[2026-04-07T04:19:21.182+0530] {logging_mixin.py:190} INFO - [2026-04-07T04:19:21.182+0530] {dag.py:4180} INFO - Setting next_dagrun for example_branch_datetime_operator_2 to 2026-04-05 00:00:00+00:00, run_after=2026-04-06 00:00:00+00:00
[2026-04-07T04:19:21.184+0530] {logging_mixin.py:190} INFO - [2026-04-07T04:19:21.184+0530] {dag.py:4180} INFO - Setting next_dagrun for example_branch_datetime_operator_3 to 2026-04-05 00:00:00+00:00, run_after=2026-04-06 00:00:00+00:00
[2026-04-07T04:19:21.199+0530] {processor.py:208} INFO - Processing /home/ubantu/miniconda3/envs/airflow-env/lib/python3.11/site-packages/airflow/example_dags/example_branch_datetime_operator.py took 0.082 seconds
[2026-04-07T04:20:37.167+0530] {processor.py:186} INFO - Started process (PID=6968) to work on /home/ubantu/miniconda3/envs/airflow-env/lib/python3.11/site-packages/airflow/example_dags/example_branch_datetime_operator.py
[2026-04-07T04:20:37.168+0530] {processor.py:914} INFO - Processing file /home/ubantu/miniconda3/envs/airflow-env/lib/python3.11/site-packages/airflow/example_dags/example_branch_datetime_operator.py for tasks to queue
[2026-04-07T04:20:37.170+0530] {logging_mixin.py:190} INFO - [2026-04-07T04:20:37.169+0530] {dagbag.py:588} INFO - Filling up the DagBag from /home/ubantu/miniconda3/envs/airflow-env/lib/python3.11/site-packages/airflow/example_dags/example_branch_datetime_operator.py
[2026-04-07T04:20:37.183+0530] {processor.py:925} INFO - DAG(s) 'example_branch_datetime_operator_2', 'example_branch_datetime_operator_3', 'example_branch_datetime_operator' retrieved from /home/ubantu/miniconda3/envs/airflow-env/lib/python3.11/site-packages/airflow/example_dags/example_branch_datetime_operator.py
[2026-04-07T04:20:37.204+0530] {logging_mixin.py:190} INFO - [2026-04-07T04:20:37.203+0530] {dag.py:3239} INFO - Sync 3 DAGs
[2026-04-07T04:20:37.222+0530] {logging_mixin.py:190} INFO - [2026-04-07T04:20:37.222+0530] {dag.py:4180} INFO - Setting next_dagrun for example_branch_datetime_operator to 2026-04-05 00:00:00+00:00, run_after=2026-04-06 00:00:00+00:00
[2026-04-07T04:20:37.226+0530] {logging_mixin.py:190} INFO - [2026-04-07T04:20:37.226+0530] {dag.py:4180} INFO - Setting next_dagrun for example_branch_datetime_operator_2 to 2026-04-05 00:00:00+00:00, run_after=2026-04-06 00:00:00+00:00
[2026-04-07T04:20:37.228+0530] {logging_mixin.py:190} INFO - [2026-04-07T04:20:37.228+0530] {dag.py:4180} INFO - Setting next_dagrun for example_branch_datetime_operator_3 to 2026-04-05 00:00:00+00:00, run_after=2026-04-06 00:00:00+00:00
[2026-04-07T04:20:37.244+0530] {processor.py:208} INFO - Processing /home/ubantu/miniconda3/envs/airflow-env/lib/python3.11/site-packages/airflow/example_dags/example_branch_datetime_operator.py took 0.084 seconds
[2026-04-07T04:21:33.847+0530] {processor.py:186} INFO - Started process (PID=7033) to work on /home/ubantu/miniconda3/envs/airflow-env/lib/python3.11/site-packages/airflow/example_dags/example_branch_datetime_operator.py
[2026-04-07T04:21:33.848+0530] {processor.py:914} INFO - Processing file /home/ubantu/miniconda3/envs/airflow-env/lib/python3.11/site-packages/airflow/example_dags/example_branch_datetime_operator.py for tasks to queue
[2026-04-07T04:21:33.850+0530] {logging_mixin.py:190} INFO - [2026-04-07T04:21:33.849+0530] {dagbag.py:588} INFO - Filling up the DagBag from /home/ubantu/miniconda3/envs/airflow-env/lib/python3.11/site-packages/airflow/example_dags/example_branch_datetime_operator.py
[2026-04-07T04:21:33.863+0530] {processor.py:925} INFO - DAG(s) 'example_branch_datetime_operator', 'example_branch_datetime_operator_3', 'example_branch_datetime_operator_2' retrieved from /home/ubantu/miniconda3/envs/airflow-env/lib/python3.11/site-packages/airflow/example_dags/example_branch_datetime_operator.py
[2026-04-07T04:21:33.882+0530] {logging_mixin.py:190} INFO - [2026-04-07T04:21:33.882+0530] {dag.py:3239} INFO - Sync 3 DAGs
[2026-04-07T04:21:33.901+0530] {logging_mixin.py:190} INFO - [2026-04-07T04:21:33.901+0530] {dag.py:4180} INFO - Setting next_dagrun for example_branch_datetime_operator to 2026-04-05 00:00:00+00:00, run_after=2026-04-06 00:00:00+00:00
[2026-04-07T04:21:33.905+0530] {logging_mixin.py:190} INFO - [2026-04-07T04:21:33.905+0530] {dag.py:4180} INFO - Setting next_dagrun for example_branch_datetime_operator_2 to 2026-04-05 00:00:00+00:00, run_after=2026-04-06 00:00:00+00:00
[2026-04-07T04:21:33.907+0530] {logging_mixin.py:190} INFO - [2026-04-07T04:21:33.907+0530] {dag.py:4180} INFO - Setting next_dagrun for example_branch_datetime_operator_3 to 2026-04-05 00:00:00+00:00, run_after=2026-04-06 00:00:00+00:00
[2026-04-07T04:21:33.923+0530] {processor.py:208} INFO - Processing /home/ubantu/miniconda3/envs/airflow-env/lib/python3.11/site-packages/airflow/example_dags/example_branch_datetime_operator.py took 0.082 seconds
[2026-04-07T04:22:55.715+0530] {processor.py:186} INFO - Started process (PID=7142) to work on /home/ubantu/miniconda3/envs/airflow-env/lib/python3.11/site-packages/airflow/example_dags/example_branch_datetime_operator.py
[2026-04-07T04:22:55.716+0530] {processor.py:914} INFO - Processing file /home/ubantu/miniconda3/envs/airflow-env/lib/python3.11/site-packages/airflow/example_dags/example_branch_datetime_operator.py for tasks to queue
[2026-04-07T04:22:55.719+0530] {logging_mixin.py:190} INFO - [2026-04-07T04:22:55.718+0530] {dagbag.py:588} INFO - Filling up the DagBag from /home/ubantu/miniconda3/envs/airflow-env/lib/python3.11/site-packages/airflow/example_dags/example_branch_datetime_operator.py
[2026-04-07T04:22:55.733+0530] {processor.py:925} INFO - DAG(s) 'example_branch_datetime_operator_3', 'example_branch_datetime_operator', 'example_branch_datetime_operator_2' retrieved from /home/ubantu/miniconda3/envs/airflow-env/lib/python3.11/site-packages/airflow/example_dags/example_branch_datetime_operator.py
[2026-04-07T04:22:55.753+0530] {logging_mixin.py:190} INFO - [2026-04-07T04:22:55.752+0530] {dag.py:3239} INFO - Sync 3 DAGs
[2026-04-07T04:22:55.772+0530] {logging_mixin.py:190} INFO - [2026-04-07T04:22:55.772+0530] {dag.py:4180} INFO - Setting next_dagrun for example_branch_datetime_operator to 2026-04-05 00:00:00+00:00, run_after=2026-04-06 00:00:00+00:00
[2026-04-07T04:22:55.776+0530] {logging_mixin.py:190} INFO - [2026-04-07T04:22:55.776+0530] {dag.py:4180} INFO - Setting next_dagrun for example_branch_datetime_operator_2 to 2026-04-05 00:00:00+00:00, run_after=2026-04-06 00:00:00+00:00
[2026-04-07T04:22:55.778+0530] {logging_mixin.py:190} INFO - [2026-04-07T04:22:55.778+0530] {dag.py:4180} INFO - Setting next_dagrun for example_branch_datetime_operator_3 to 2026-04-05 00:00:00+00:00, run_after=2026-04-06 00:00:00+00:00
[2026-04-07T04:22:55.794+0530] {processor.py:208} INFO - Processing /home/ubantu/miniconda3/envs/airflow-env/lib/python3.11/site-packages/airflow/example_dags/example_branch_datetime_operator.py took 0.085 seconds
[2026-04-07T04:24:12.231+0530] {processor.py:186} INFO - Started process (PID=7278) to work on /home/ubantu/miniconda3/envs/airflow-env/lib/python3.11/site-packages/airflow/example_dags/example_branch_datetime_operator.py
[2026-04-07T04:24:12.232+0530] {processor.py:914} INFO - Processing file /home/ubantu/miniconda3/envs/airflow-env/lib/python3.11/site-packages/airflow/example_dags/example_branch_datetime_operator.py for tasks to queue
[2026-04-07T04:24:12.235+0530] {logging_mixin.py:190} INFO - [2026-04-07T04:24:12.234+0530] {dagbag.py:588} INFO - Filling up the DagBag from /home/ubantu/miniconda3/envs/airflow-env/lib/python3.11/site-packages/airflow/example_dags/example_branch_datetime_operator.py
[2026-04-07T04:24:12.250+0530] {processor.py:925} INFO - DAG(s) 'example_branch_datetime_operator', 'example_branch_datetime_operator_2', 'example_branch_datetime_operator_3' retrieved from /home/ubantu/miniconda3/envs/airflow-env/lib/python3.11/site-packages/airflow/example_dags/example_branch_datetime_operator.py
[2026-04-07T04:24:12.271+0530] {logging_mixin.py:190} INFO - [2026-04-07T04:24:12.271+0530] {dag.py:3239} INFO - Sync 3 DAGs
[2026-04-07T04:24:12.293+0530] {logging_mixin.py:190} INFO - [2026-04-07T04:24:12.293+0530] {dag.py:4180} INFO - Setting next_dagrun for example_branch_datetime_operator to 2026-04-05 00:00:00+00:00, run_after=2026-04-06 00:00:00+00:00
[2026-04-07T04:24:12.297+0530] {logging_mixin.py:190} INFO - [2026-04-07T04:24:12.297+0530] {dag.py:4180} INFO - Setting next_dagrun for example_branch_datetime_operator_2 to 2026-04-05 00:00:00+00:00, run_after=2026-04-06 00:00:00+00:00
[2026-04-07T04:24:12.299+0530] {logging_mixin.py:190} INFO - [2026-04-07T04:24:12.298+0530] {dag.py:4180} INFO - Setting next_dagrun for example_branch_datetime_operator_3 to 2026-04-05 00:00:00+00:00, run_after=2026-04-06 00:00:00+00:00
[2026-04-07T04:24:12.315+0530] {processor.py:208} INFO - Processing /home/ubantu/miniconda3/envs/airflow-env/lib/python3.11/site-packages/airflow/example_dags/example_branch_datetime_operator.py took 0.090 seconds
[2026-04-07T04:25:32.202+0530] {processor.py:186} INFO - Started process (PID=7424) to work on /home/ubantu/miniconda3/envs/airflow-env/lib/python3.11/site-packages/airflow/example_dags/example_branch_datetime_operator.py
[2026-04-07T04:25:32.203+0530] {processor.py:914} INFO - Processing file /home/ubantu/miniconda3/envs/airflow-env/lib/python3.11/site-packages/airflow/example_dags/example_branch_datetime_operator.py for tasks to queue
[2026-04-07T04:25:32.205+0530] {logging_mixin.py:190} INFO - [2026-04-07T04:25:32.204+0530] {dagbag.py:588} INFO - Filling up the DagBag from /home/ubantu/miniconda3/envs/airflow-env/lib/python3.11/site-packages/airflow/example_dags/example_branch_datetime_operator.py
[2026-04-07T04:25:32.217+0530] {processor.py:925} INFO - DAG(s) 'example_branch_datetime_operator_2', 'example_branch_datetime_operator', 'example_branch_datetime_operator_3' retrieved from /home/ubantu/miniconda3/envs/airflow-env/lib/python3.11/site-packages/airflow/example_dags/example_branch_datetime_operator.py
[2026-04-07T04:25:32.239+0530] {logging_mixin.py:190} INFO - [2026-04-07T04:25:32.239+0530] {dag.py:3239} INFO - Sync 3 DAGs
[2026-04-07T04:25:32.257+0530] {logging_mixin.py:190} INFO - [2026-04-07T04:25:32.257+0530] {dag.py:4180} INFO - Setting next_dagrun for example_branch_datetime_operator to 2026-04-05 00:00:00+00:00, run_after=2026-04-06 00:00:00+00:00
[2026-04-07T04:25:32.261+0530] {logging_mixin.py:190} INFO - [2026-04-07T04:25:32.261+0530] {dag.py:4180} INFO - Setting next_dagrun for example_branch_datetime_operator_2 to 2026-04-05 00:00:00+00:00, run_after=2026-04-06 00:00:00+00:00
[2026-04-07T04:25:32.263+0530] {logging_mixin.py:190} INFO - [2026-04-07T04:25:32.263+0530] {dag.py:4180} INFO - Setting next_dagrun for example_branch_datetime_operator_3 to 2026-04-05 00:00:00+00:00, run_after=2026-04-06 00:00:00+00:00
[2026-04-07T04:25:32.278+0530] {processor.py:208} INFO - Processing /home/ubantu/miniconda3/envs/airflow-env/lib/python3.11/site-packages/airflow/example_dags/example_branch_datetime_operator.py took 0.083 seconds
[2026-04-07T04:26:56.386+0530] {processor.py:186} INFO - Started process (PID=7524) to work on /home/ubantu/miniconda3/envs/airflow-env/lib/python3.11/site-packages/airflow/example_dags/example_branch_datetime_operator.py
[2026-04-07T04:26:56.387+0530] {processor.py:914} INFO - Processing file /home/ubantu/miniconda3/envs/airflow-env/lib/python3.11/site-packages/airflow/example_dags/example_branch_datetime_operator.py for tasks to queue
[2026-04-07T04:26:56.390+0530] {logging_mixin.py:190} INFO - [2026-04-07T04:26:56.390+0530] {dagbag.py:588} INFO - Filling up the DagBag from /home/ubantu/miniconda3/envs/airflow-env/lib/python3.11/site-packages/airflow/example_dags/example_branch_datetime_operator.py
[2026-04-07T04:26:56.411+0530] {processor.py:925} INFO - DAG(s) 'example_branch_datetime_operator_3', 'example_branch_datetime_operator', 'example_branch_datetime_operator_2' retrieved from /home/ubantu/miniconda3/envs/airflow-env/lib/python3.11/site-packages/airflow/example_dags/example_branch_datetime_operator.py
[2026-04-07T04:26:56.442+0530] {logging_mixin.py:190} INFO - [2026-04-07T04:26:56.442+0530] {dag.py:3239} INFO - Sync 3 DAGs
[2026-04-07T04:26:56.468+0530] {logging_mixin.py:190} INFO - [2026-04-07T04:26:56.468+0530] {dag.py:4180} INFO - Setting next_dagrun for example_branch_datetime_operator to 2026-04-05 00:00:00+00:00, run_after=2026-04-06 00:00:00+00:00
[2026-04-07T04:26:56.472+0530] {logging_mixin.py:190} INFO - [2026-04-07T04:26:56.472+0530] {dag.py:4180} INFO - Setting next_dagrun for example_branch_datetime_operator_2 to 2026-04-05 00:00:00+00:00, run_after=2026-04-06 00:00:00+00:00
[2026-04-07T04:26:56.474+0530] {logging_mixin.py:190} INFO - [2026-04-07T04:26:56.474+0530] {dag.py:4180} INFO - Setting next_dagrun for example_branch_datetime_operator_3 to 2026-04-05 00:00:00+00:00, run_after=2026-04-06 00:00:00+00:00
[2026-04-07T04:26:56.490+0530] {processor.py:208} INFO - Processing /home/ubantu/miniconda3/envs/airflow-env/lib/python3.11/site-packages/airflow/example_dags/example_branch_datetime_operator.py took 0.113 seconds
[2026-04-07T04:28:14.675+0530] {processor.py:186} INFO - Started process (PID=7621) to work on /home/ubantu/miniconda3/envs/airflow-env/lib/python3.11/site-packages/airflow/example_dags/example_branch_datetime_operator.py
[2026-04-07T04:28:14.676+0530] {processor.py:914} INFO - Processing file /home/ubantu/miniconda3/envs/airflow-env/lib/python3.11/site-packages/airflow/example_dags/example_branch_datetime_operator.py for tasks to queue
[2026-04-07T04:28:14.679+0530] {logging_mixin.py:190} INFO - [2026-04-07T04:28:14.678+0530] {dagbag.py:588} INFO - Filling up the DagBag from /home/ubantu/miniconda3/envs/airflow-env/lib/python3.11/site-packages/airflow/example_dags/example_branch_datetime_operator.py
[2026-04-07T04:28:14.697+0530] {processor.py:925} INFO - DAG(s) 'example_branch_datetime_operator', 'example_branch_datetime_operator_2', 'example_branch_datetime_operator_3' retrieved from /home/ubantu/miniconda3/envs/airflow-env/lib/python3.11/site-packages/airflow/example_dags/example_branch_datetime_operator.py
[2026-04-07T04:28:14.718+0530] {logging_mixin.py:190} INFO - [2026-04-07T04:28:14.717+0530] {dag.py:3239} INFO - Sync 3 DAGs
[2026-04-07T04:28:14.737+0530] {logging_mixin.py:190} INFO - [2026-04-07T04:28:14.736+0530] {dag.py:4180} INFO - Setting next_dagrun for example_branch_datetime_operator to 2026-04-05 00:00:00+00:00, run_after=2026-04-06 00:00:00+00:00
[2026-04-07T04:28:14.741+0530] {logging_mixin.py:190} INFO - [2026-04-07T04:28:14.741+0530] {dag.py:4180} INFO - Setting next_dagrun for example_branch_datetime_operator_2 to 2026-04-05 00:00:00+00:00, run_after=2026-04-06 00:00:00+00:00
[2026-04-07T04:28:14.743+0530] {logging_mixin.py:190} INFO - [2026-04-07T04:28:14.743+0530] {dag.py:4180} INFO - Setting next_dagrun for example_branch_datetime_operator_3 to 2026-04-05 00:00:00+00:00, run_after=2026-04-06 00:00:00+00:00
[2026-04-07T04:28:14.759+0530] {processor.py:208} INFO - Processing /home/ubantu/miniconda3/envs/airflow-env/lib/python3.11/site-packages/airflow/example_dags/example_branch_datetime_operator.py took 0.093 seconds
[2026-04-07T04:29:34.317+0530] {processor.py:186} INFO - Started process (PID=7724) to work on /home/ubantu/miniconda3/envs/airflow-env/lib/python3.11/site-packages/airflow/example_dags/example_branch_datetime_operator.py
[2026-04-07T04:29:34.320+0530] {processor.py:914} INFO - Processing file /home/ubantu/miniconda3/envs/airflow-env/lib/python3.11/site-packages/airflow/example_dags/example_branch_datetime_operator.py for tasks to queue
[2026-04-07T04:29:34.323+0530] {logging_mixin.py:190} INFO - [2026-04-07T04:29:34.322+0530] {dagbag.py:588} INFO - Filling up the DagBag from /home/ubantu/miniconda3/envs/airflow-env/lib/python3.11/site-packages/airflow/example_dags/example_branch_datetime_operator.py
[2026-04-07T04:29:34.338+0530] {processor.py:925} INFO - DAG(s) 'example_branch_datetime_operator', 'example_branch_datetime_operator_2', 'example_branch_datetime_operator_3' retrieved from /home/ubantu/miniconda3/envs/airflow-env/lib/python3.11/site-packages/airflow/example_dags/example_branch_datetime_operator.py
[2026-04-07T04:29:34.358+0530] {logging_mixin.py:190} INFO - [2026-04-07T04:29:34.358+0530] {dag.py:3239} INFO - Sync 3 DAGs
[2026-04-07T04:29:34.377+0530] {logging_mixin.py:190} INFO - [2026-04-07T04:29:34.377+0530] {dag.py:4180} INFO - Setting next_dagrun for example_branch_datetime_operator to 2026-04-05 00:00:00+00:00, run_after=2026-04-06 00:00:00+00:00
[2026-04-07T04:29:34.381+0530] {logging_mixin.py:190} INFO - [2026-04-07T04:29:34.381+0530] {dag.py:4180} INFO - Setting next_dagrun for example_branch_datetime_operator_2 to 2026-04-05 00:00:00+00:00, run_after=2026-04-06 00:00:00+00:00
[2026-04-07T04:29:34.383+0530] {logging_mixin.py:190} INFO - [2026-04-07T04:29:34.383+0530] {dag.py:4180} INFO - Setting next_dagrun for example_branch_datetime_operator_3 to 2026-04-05 00:00:00+00:00, run_after=2026-04-06 00:00:00+00:00
[2026-04-07T04:29:34.422+0530] {processor.py:208} INFO - Processing /home/ubantu/miniconda3/envs/airflow-env/lib/python3.11/site-packages/airflow/example_dags/example_branch_datetime_operator.py took 0.112 seconds
[2026-04-07T04:30:31.871+0530] {processor.py:186} INFO - Started process (PID=7789) to work on /home/ubantu/miniconda3/envs/airflow-env/lib/python3.11/site-packages/airflow/example_dags/example_branch_datetime_operator.py
[2026-04-07T04:30:31.938+0530] {processor.py:914} INFO - Processing file /home/ubantu/miniconda3/envs/airflow-env/lib/python3.11/site-packages/airflow/example_dags/example_branch_datetime_operator.py for tasks to queue
[2026-04-07T04:30:31.940+0530] {logging_mixin.py:190} INFO - [2026-04-07T04:30:31.940+0530] {dagbag.py:588} INFO - Filling up the DagBag from /home/ubantu/miniconda3/envs/airflow-env/lib/python3.11/site-packages/airflow/example_dags/example_branch_datetime_operator.py
[2026-04-07T04:30:31.952+0530] {processor.py:925} INFO - DAG(s) 'example_branch_datetime_operator_3', 'example_branch_datetime_operator_2', 'example_branch_datetime_operator' retrieved from /home/ubantu/miniconda3/envs/airflow-env/lib/python3.11/site-packages/airflow/example_dags/example_branch_datetime_operator.py
[2026-04-07T04:30:31.972+0530] {logging_mixin.py:190} INFO - [2026-04-07T04:30:31.972+0530] {dag.py:3239} INFO - Sync 3 DAGs
[2026-04-07T04:30:31.991+0530] {logging_mixin.py:190} INFO - [2026-04-07T04:30:31.991+0530] {dag.py:4180} INFO - Setting next_dagrun for example_branch_datetime_operator to 2026-04-05 00:00:00+00:00, run_after=2026-04-06 00:00:00+00:00
[2026-04-07T04:30:31.995+0530] {logging_mixin.py:190} INFO - [2026-04-07T04:30:31.995+0530] {dag.py:4180} INFO - Setting next_dagrun for example_branch_datetime_operator_2 to 2026-04-05 00:00:00+00:00, run_after=2026-04-06 00:00:00+00:00
[2026-04-07T04:30:31.997+0530] {logging_mixin.py:190} INFO - [2026-04-07T04:30:31.997+0530] {dag.py:4180} INFO - Setting next_dagrun for example_branch_datetime_operator_3 to 2026-04-05 00:00:00+00:00, run_after=2026-04-06 00:00:00+00:00
[2026-04-07T04:30:32.034+0530] {processor.py:208} INFO - Processing /home/ubantu/miniconda3/envs/airflow-env/lib/python3.11/site-packages/airflow/example_dags/example_branch_datetime_operator.py took 0.168 seconds
[2026-04-07T04:31:31.804+0530] {processor.py:186} INFO - Started process (PID=7856) to work on /home/ubantu/miniconda3/envs/airflow-env/lib/python3.11/site-packages/airflow/example_dags/example_branch_datetime_operator.py
[2026-04-07T04:31:31.806+0530] {processor.py:914} INFO - Processing file /home/ubantu/miniconda3/envs/airflow-env/lib/python3.11/site-packages/airflow/example_dags/example_branch_datetime_operator.py for tasks to queue
[2026-04-07T04:31:31.811+0530] {logging_mixin.py:190} INFO - [2026-04-07T04:31:31.810+0530] {dagbag.py:588} INFO - Filling up the DagBag from /home/ubantu/miniconda3/envs/airflow-env/lib/python3.11/site-packages/airflow/example_dags/example_branch_datetime_operator.py
[2026-04-07T04:31:31.827+0530] {processor.py:925} INFO - DAG(s) 'example_branch_datetime_operator', 'example_branch_datetime_operator_2', 'example_branch_datetime_operator_3' retrieved from /home/ubantu/miniconda3/envs/airflow-env/lib/python3.11/site-packages/airflow/example_dags/example_branch_datetime_operator.py
[2026-04-07T04:31:31.847+0530] {logging_mixin.py:190} INFO - [2026-04-07T04:31:31.846+0530] {dag.py:3239} INFO - Sync 3 DAGs
[2026-04-07T04:31:31.866+0530] {logging_mixin.py:190} INFO - [2026-04-07T04:31:31.866+0530] {dag.py:4180} INFO - Setting next_dagrun for example_branch_datetime_operator to 2026-04-05 00:00:00+00:00, run_after=2026-04-06 00:00:00+00:00
[2026-04-07T04:31:31.870+0530] {logging_mixin.py:190} INFO - [2026-04-07T04:31:31.870+0530] {dag.py:4180} INFO - Setting next_dagrun for example_branch_datetime_operator_2 to 2026-04-05 00:00:00+00:00, run_after=2026-04-06 00:00:00+00:00
[2026-04-07T04:31:31.872+0530] {logging_mixin.py:190} INFO - [2026-04-07T04:31:31.872+0530] {dag.py:4180} INFO - Setting next_dagrun for example_branch_datetime_operator_3 to 2026-04-05 00:00:00+00:00, run_after=2026-04-06 00:00:00+00:00
[2026-04-07T04:31:31.909+0530] {processor.py:208} INFO - Processing /home/ubantu/miniconda3/envs/airflow-env/lib/python3.11/site-packages/airflow/example_dags/example_branch_datetime_operator.py took 0.114 seconds
[2026-04-07T04:32:29.182+0530] {processor.py:186} INFO - Started process (PID=7926) to work on /home/ubantu/miniconda3/envs/airflow-env/lib/python3.11/site-packages/airflow/example_dags/example_branch_datetime_operator.py
[2026-04-07T04:32:29.183+0530] {processor.py:914} INFO - Processing file /home/ubantu/miniconda3/envs/airflow-env/lib/python3.11/site-packages/airflow/example_dags/example_branch_datetime_operator.py for tasks to queue
[2026-04-07T04:32:29.185+0530] {logging_mixin.py:190} INFO - [2026-04-07T04:32:29.185+0530] {dagbag.py:588} INFO - Filling up the DagBag from /home/ubantu/miniconda3/envs/airflow-env/lib/python3.11/site-packages/airflow/example_dags/example_branch_datetime_operator.py
[2026-04-07T04:32:29.199+0530] {processor.py:925} INFO - DAG(s) 'example_branch_datetime_operator', 'example_branch_datetime_operator_2', 'example_branch_datetime_operator_3' retrieved from /home/ubantu/miniconda3/envs/airflow-env/lib/python3.11/site-packages/airflow/example_dags/example_branch_datetime_operator.py
[2026-04-07T04:32:29.220+0530] {logging_mixin.py:190} INFO - [2026-04-07T04:32:29.220+0530] {dag.py:3239} INFO - Sync 3 DAGs
[2026-04-07T04:32:29.240+0530] {logging_mixin.py:190} INFO - [2026-04-07T04:32:29.240+0530] {dag.py:4180} INFO - Setting next_dagrun for example_branch_datetime_operator to 2026-04-05 00:00:00+00:00, run_after=2026-04-06 00:00:00+00:00
[2026-04-07T04:32:29.244+0530] {logging_mixin.py:190} INFO - [2026-04-07T04:32:29.244+0530] {dag.py:4180} INFO - Setting next_dagrun for example_branch_datetime_operator_2 to 2026-04-05 00:00:00+00:00, run_after=2026-04-06 00:00:00+00:00
[2026-04-07T04:32:29.246+0530] {logging_mixin.py:190} INFO - [2026-04-07T04:32:29.246+0530] {dag.py:4180} INFO - Setting next_dagrun for example_branch_datetime_operator_3 to 2026-04-05 00:00:00+00:00, run_after=2026-04-06 00:00:00+00:00
[2026-04-07T04:32:29.262+0530] {processor.py:208} INFO - Processing /home/ubantu/miniconda3/envs/airflow-env/lib/python3.11/site-packages/airflow/example_dags/example_branch_datetime_operator.py took 0.087 seconds
[2026-04-07T04:33:50.393+0530] {processor.py:186} INFO - Started process (PID=8146) to work on /home/ubantu/miniconda3/envs/airflow-env/lib/python3.11/site-packages/airflow/example_dags/example_branch_datetime_operator.py
[2026-04-07T04:33:50.395+0530] {processor.py:914} INFO - Processing file /home/ubantu/miniconda3/envs/airflow-env/lib/python3.11/site-packages/airflow/example_dags/example_branch_datetime_operator.py for tasks to queue
[2026-04-07T04:33:50.398+0530] {logging_mixin.py:190} INFO - [2026-04-07T04:33:50.397+0530] {dagbag.py:588} INFO - Filling up the DagBag from /home/ubantu/miniconda3/envs/airflow-env/lib/python3.11/site-packages/airflow/example_dags/example_branch_datetime_operator.py
[2026-04-07T04:33:50.417+0530] {processor.py:925} INFO - DAG(s) 'example_branch_datetime_operator_2', 'example_branch_datetime_operator', 'example_branch_datetime_operator_3' retrieved from /home/ubantu/miniconda3/envs/airflow-env/lib/python3.11/site-packages/airflow/example_dags/example_branch_datetime_operator.py
[2026-04-07T04:33:50.439+0530] {logging_mixin.py:190} INFO - [2026-04-07T04:33:50.439+0530] {dag.py:3239} INFO - Sync 3 DAGs
[2026-04-07T04:33:50.459+0530] {logging_mixin.py:190} INFO - [2026-04-07T04:33:50.459+0530] {dag.py:4180} INFO - Setting next_dagrun for example_branch_datetime_operator to 2026-04-05 00:00:00+00:00, run_after=2026-04-06 00:00:00+00:00
[2026-04-07T04:33:50.463+0530] {logging_mixin.py:190} INFO - [2026-04-07T04:33:50.463+0530] {dag.py:4180} INFO - Setting next_dagrun for example_branch_datetime_operator_2 to 2026-04-05 00:00:00+00:00, run_after=2026-04-06 00:00:00+00:00
[2026-04-07T04:33:50.465+0530] {logging_mixin.py:190} INFO - [2026-04-07T04:33:50.465+0530] {dag.py:4180} INFO - Setting next_dagrun for example_branch_datetime_operator_3 to 2026-04-05 00:00:00+00:00, run_after=2026-04-06 00:00:00+00:00
[2026-04-07T04:33:50.481+0530] {processor.py:208} INFO - Processing /home/ubantu/miniconda3/envs/airflow-env/lib/python3.11/site-packages/airflow/example_dags/example_branch_datetime_operator.py took 0.097 seconds
[2026-04-07T04:35:11.656+0530] {processor.py:186} INFO - Started process (PID=8256) to work on /home/ubantu/miniconda3/envs/airflow-env/lib/python3.11/site-packages/airflow/example_dags/example_branch_datetime_operator.py
[2026-04-07T04:35:11.657+0530] {processor.py:914} INFO - Processing file /home/ubantu/miniconda3/envs/airflow-env/lib/python3.11/site-packages/airflow/example_dags/example_branch_datetime_operator.py for tasks to queue
[2026-04-07T04:35:11.660+0530] {logging_mixin.py:190} INFO - [2026-04-07T04:35:11.659+0530] {dagbag.py:588} INFO - Filling up the DagBag from /home/ubantu/miniconda3/envs/airflow-env/lib/python3.11/site-packages/airflow/example_dags/example_branch_datetime_operator.py
[2026-04-07T04:35:11.676+0530] {processor.py:925} INFO - DAG(s) 'example_branch_datetime_operator_3', 'example_branch_datetime_operator_2', 'example_branch_datetime_operator' retrieved from /home/ubantu/miniconda3/envs/airflow-env/lib/python3.11/site-packages/airflow/example_dags/example_branch_datetime_operator.py
[2026-04-07T04:35:11.699+0530] {logging_mixin.py:190} INFO - [2026-04-07T04:35:11.699+0530] {dag.py:3239} INFO - Sync 3 DAGs
[2026-04-07T04:35:11.720+0530] {logging_mixin.py:190} INFO - [2026-04-07T04:35:11.719+0530] {dag.py:4180} INFO - Setting next_dagrun for example_branch_datetime_operator to 2026-04-05 00:00:00+00:00, run_after=2026-04-06 00:00:00+00:00
[2026-04-07T04:35:11.724+0530] {logging_mixin.py:190} INFO - [2026-04-07T04:35:11.723+0530] {dag.py:4180} INFO - Setting next_dagrun for example_branch_datetime_operator_2 to 2026-04-05 00:00:00+00:00, run_after=2026-04-06 00:00:00+00:00
[2026-04-07T04:35:11.726+0530] {logging_mixin.py:190} INFO - [2026-04-07T04:35:11.726+0530] {dag.py:4180} INFO - Setting next_dagrun for example_branch_datetime_operator_3 to 2026-04-05 00:00:00+00:00, run_after=2026-04-06 00:00:00+00:00
[2026-04-07T04:35:11.744+0530] {processor.py:208} INFO - Processing /home/ubantu/miniconda3/envs/airflow-env/lib/python3.11/site-packages/airflow/example_dags/example_branch_datetime_operator.py took 0.096 seconds
[2026-04-07T04:36:34.108+0530] {processor.py:186} INFO - Started process (PID=8364) to work on /home/ubantu/miniconda3/envs/airflow-env/lib/python3.11/site-packages/airflow/example_dags/example_branch_datetime_operator.py
[2026-04-07T04:36:34.109+0530] {processor.py:914} INFO - Processing file /home/ubantu/miniconda3/envs/airflow-env/lib/python3.11/site-packages/airflow/example_dags/example_branch_datetime_operator.py for tasks to queue
[2026-04-07T04:36:34.111+0530] {logging_mixin.py:190} INFO - [2026-04-07T04:36:34.111+0530] {dagbag.py:588} INFO - Filling up the DagBag from /home/ubantu/miniconda3/envs/airflow-env/lib/python3.11/site-packages/airflow/example_dags/example_branch_datetime_operator.py
[2026-04-07T04:36:34.123+0530] {processor.py:925} INFO - DAG(s) 'example_branch_datetime_operator_2', 'example_branch_datetime_operator_3', 'example_branch_datetime_operator' retrieved from /home/ubantu/miniconda3/envs/airflow-env/lib/python3.11/site-packages/airflow/example_dags/example_branch_datetime_operator.py
[2026-04-07T04:36:34.141+0530] {logging_mixin.py:190} INFO - [2026-04-07T04:36:34.141+0530] {dag.py:3239} INFO - Sync 3 DAGs
[2026-04-07T04:36:34.161+0530] {logging_mixin.py:190} INFO - [2026-04-07T04:36:34.161+0530] {dag.py:4180} INFO - Setting next_dagrun for example_branch_datetime_operator to 2026-04-05 00:00:00+00:00, run_after=2026-04-06 00:00:00+00:00
[2026-04-07T04:36:34.165+0530] {logging_mixin.py:190} INFO - [2026-04-07T04:36:34.165+0530] {dag.py:4180} INFO - Setting next_dagrun for example_branch_datetime_operator_2 to 2026-04-05 00:00:00+00:00, run_after=2026-04-06 00:00:00+00:00
[2026-04-07T04:36:34.167+0530] {logging_mixin.py:190} INFO - [2026-04-07T04:36:34.166+0530] {dag.py:4180} INFO - Setting next_dagrun for example_branch_datetime_operator_3 to 2026-04-05 00:00:00+00:00, run_after=2026-04-06 00:00:00+00:00
[2026-04-07T04:36:34.182+0530] {processor.py:208} INFO - Processing /home/ubantu/miniconda3/envs/airflow-env/lib/python3.11/site-packages/airflow/example_dags/example_branch_datetime_operator.py took 0.079 seconds
[2026-04-07T04:37:57.605+0530] {processor.py:186} INFO - Started process (PID=8508) to work on /home/ubantu/miniconda3/envs/airflow-env/lib/python3.11/site-packages/airflow/example_dags/example_branch_datetime_operator.py
[2026-04-07T04:37:57.606+0530] {processor.py:914} INFO - Processing file /home/ubantu/miniconda3/envs/airflow-env/lib/python3.11/site-packages/airflow/example_dags/example_branch_datetime_operator.py for tasks to queue
[2026-04-07T04:37:57.608+0530] {logging_mixin.py:190} INFO - [2026-04-07T04:37:57.607+0530] {dagbag.py:588} INFO - Filling up the DagBag from /home/ubantu/miniconda3/envs/airflow-env/lib/python3.11/site-packages/airflow/example_dags/example_branch_datetime_operator.py
[2026-04-07T04:37:57.622+0530] {processor.py:925} INFO - DAG(s) 'example_branch_datetime_operator_2', 'example_branch_datetime_operator_3', 'example_branch_datetime_operator' retrieved from /home/ubantu/miniconda3/envs/airflow-env/lib/python3.11/site-packages/airflow/example_dags/example_branch_datetime_operator.py
[2026-04-07T04:37:57.644+0530] {logging_mixin.py:190} INFO - [2026-04-07T04:37:57.644+0530] {dag.py:3239} INFO - Sync 3 DAGs
[2026-04-07T04:37:57.664+0530] {logging_mixin.py:190} INFO - [2026-04-07T04:37:57.664+0530] {dag.py:4180} INFO - Setting next_dagrun for example_branch_datetime_operator to 2026-04-05 00:00:00+00:00, run_after=2026-04-06 00:00:00+00:00
[2026-04-07T04:37:57.668+0530] {logging_mixin.py:190} INFO - [2026-04-07T04:37:57.668+0530] {dag.py:4180} INFO - Setting next_dagrun for example_branch_datetime_operator_2 to 2026-04-05 00:00:00+00:00, run_after=2026-04-06 00:00:00+00:00
[2026-04-07T04:37:57.670+0530] {logging_mixin.py:190} INFO - [2026-04-07T04:37:57.670+0530] {dag.py:4180} INFO - Setting next_dagrun for example_branch_datetime_operator_3 to 2026-04-05 00:00:00+00:00, run_after=2026-04-06 00:00:00+00:00
[2026-04-07T04:37:57.686+0530] {processor.py:208} INFO - Processing /home/ubantu/miniconda3/envs/airflow-env/lib/python3.11/site-packages/airflow/example_dags/example_branch_datetime_operator.py took 0.087 seconds
[2026-04-07T04:39:01.067+0530] {processor.py:186} INFO - Started process (PID=8592) to work on /home/ubantu/miniconda3/envs/airflow-env/lib/python3.11/site-packages/airflow/example_dags/example_branch_datetime_operator.py
[2026-04-07T04:39:01.068+0530] {processor.py:914} INFO - Processing file /home/ubantu/miniconda3/envs/airflow-env/lib/python3.11/site-packages/airflow/example_dags/example_branch_datetime_operator.py for tasks to queue
[2026-04-07T04:39:01.069+0530] {logging_mixin.py:190} INFO - [2026-04-07T04:39:01.069+0530] {dagbag.py:588} INFO - Filling up the DagBag from /home/ubantu/miniconda3/envs/airflow-env/lib/python3.11/site-packages/airflow/example_dags/example_branch_datetime_operator.py
[2026-04-07T04:39:01.084+0530] {processor.py:925} INFO - DAG(s) 'example_branch_datetime_operator_2', 'example_branch_datetime_operator_3', 'example_branch_datetime_operator' retrieved from /home/ubantu/miniconda3/envs/airflow-env/lib/python3.11/site-packages/airflow/example_dags/example_branch_datetime_operator.py
[2026-04-07T04:39:01.106+0530] {logging_mixin.py:190} INFO - [2026-04-07T04:39:01.106+0530] {dag.py:3239} INFO - Sync 3 DAGs
[2026-04-07T04:39:01.127+0530] {logging_mixin.py:190} INFO - [2026-04-07T04:39:01.127+0530] {dag.py:4180} INFO - Setting next_dagrun for example_branch_datetime_operator to 2026-04-05 00:00:00+00:00, run_after=2026-04-06 00:00:00+00:00
[2026-04-07T04:39:01.131+0530] {logging_mixin.py:190} INFO - [2026-04-07T04:39:01.131+0530] {dag.py:4180} INFO - Setting next_dagrun for example_branch_datetime_operator_2 to 2026-04-05 00:00:00+00:00, run_after=2026-04-06 00:00:00+00:00
[2026-04-07T04:39:01.133+0530] {logging_mixin.py:190} INFO - [2026-04-07T04:39:01.133+0530] {dag.py:4180} INFO - Setting next_dagrun for example_branch_datetime_operator_3 to 2026-04-05 00:00:00+00:00, run_after=2026-04-06 00:00:00+00:00
[2026-04-07T04:39:01.150+0530] {processor.py:208} INFO - Processing /home/ubantu/miniconda3/envs/airflow-env/lib/python3.11/site-packages/airflow/example_dags/example_branch_datetime_operator.py took 0.090 seconds
[2026-04-07T04:39:58.003+0530] {processor.py:186} INFO - Started process (PID=8674) to work on /home/ubantu/miniconda3/envs/airflow-env/lib/python3.11/site-packages/airflow/example_dags/example_branch_datetime_operator.py
[2026-04-07T04:39:58.004+0530] {processor.py:914} INFO - Processing file /home/ubantu/miniconda3/envs/airflow-env/lib/python3.11/site-packages/airflow/example_dags/example_branch_datetime_operator.py for tasks to queue
[2026-04-07T04:39:58.006+0530] {logging_mixin.py:190} INFO - [2026-04-07T04:39:58.005+0530] {dagbag.py:588} INFO - Filling up the DagBag from /home/ubantu/miniconda3/envs/airflow-env/lib/python3.11/site-packages/airflow/example_dags/example_branch_datetime_operator.py
[2026-04-07T04:39:58.020+0530] {processor.py:925} INFO - DAG(s) 'example_branch_datetime_operator_2', 'example_branch_datetime_operator', 'example_branch_datetime_operator_3' retrieved from /home/ubantu/miniconda3/envs/airflow-env/lib/python3.11/site-packages/airflow/example_dags/example_branch_datetime_operator.py
[2026-04-07T04:39:58.042+0530] {logging_mixin.py:190} INFO - [2026-04-07T04:39:58.041+0530] {dag.py:3239} INFO - Sync 3 DAGs
[2026-04-07T04:39:58.066+0530] {logging_mixin.py:190} INFO - [2026-04-07T04:39:58.065+0530] {dag.py:4180} INFO - Setting next_dagrun for example_branch_datetime_operator to 2026-04-05 00:00:00+00:00, run_after=2026-04-06 00:00:00+00:00
[2026-04-07T04:39:58.070+0530] {logging_mixin.py:190} INFO - [2026-04-07T04:39:58.070+0530] {dag.py:4180} INFO - Setting next_dagrun for example_branch_datetime_operator_2 to 2026-04-05 00:00:00+00:00, run_after=2026-04-06 00:00:00+00:00
[2026-04-07T04:39:58.072+0530] {logging_mixin.py:190} INFO - [2026-04-07T04:39:58.072+0530] {dag.py:4180} INFO - Setting next_dagrun for example_branch_datetime_operator_3 to 2026-04-05 00:00:00+00:00, run_after=2026-04-06 00:00:00+00:00
[2026-04-07T04:39:58.089+0530] {processor.py:208} INFO - Processing /home/ubantu/miniconda3/envs/airflow-env/lib/python3.11/site-packages/airflow/example_dags/example_branch_datetime_operator.py took 0.093 seconds
[2026-04-07T04:40:54.799+0530] {processor.py:186} INFO - Started process (PID=8785) to work on /home/ubantu/miniconda3/envs/airflow-env/lib/python3.11/site-packages/airflow/example_dags/example_branch_datetime_operator.py
[2026-04-07T04:40:54.800+0530] {processor.py:914} INFO - Processing file /home/ubantu/miniconda3/envs/airflow-env/lib/python3.11/site-packages/airflow/example_dags/example_branch_datetime_operator.py for tasks to queue
[2026-04-07T04:40:54.802+0530] {logging_mixin.py:190} INFO - [2026-04-07T04:40:54.801+0530] {dagbag.py:588} INFO - Filling up the DagBag from /home/ubantu/miniconda3/envs/airflow-env/lib/python3.11/site-packages/airflow/example_dags/example_branch_datetime_operator.py
[2026-04-07T04:40:54.818+0530] {processor.py:925} INFO - DAG(s) 'example_branch_datetime_operator', 'example_branch_datetime_operator_2', 'example_branch_datetime_operator_3' retrieved from /home/ubantu/miniconda3/envs/airflow-env/lib/python3.11/site-packages/airflow/example_dags/example_branch_datetime_operator.py
[2026-04-07T04:40:54.838+0530] {logging_mixin.py:190} INFO - [2026-04-07T04:40:54.837+0530] {dag.py:3239} INFO - Sync 3 DAGs
[2026-04-07T04:40:54.857+0530] {logging_mixin.py:190} INFO - [2026-04-07T04:40:54.857+0530] {dag.py:4180} INFO - Setting next_dagrun for example_branch_datetime_operator to 2026-04-05 00:00:00+00:00, run_after=2026-04-06 00:00:00+00:00
[2026-04-07T04:40:54.861+0530] {logging_mixin.py:190} INFO - [2026-04-07T04:40:54.861+0530] {dag.py:4180} INFO - Setting next_dagrun for example_branch_datetime_operator_2 to 2026-04-05 00:00:00+00:00, run_after=2026-04-06 00:00:00+00:00
[2026-04-07T04:40:54.863+0530] {logging_mixin.py:190} INFO - [2026-04-07T04:40:54.863+0530] {dag.py:4180} INFO - Setting next_dagrun for example_branch_datetime_operator_3 to 2026-04-05 00:00:00+00:00, run_after=2026-04-06 00:00:00+00:00
[2026-04-07T04:40:54.879+0530] {processor.py:208} INFO - Processing /home/ubantu/miniconda3/envs/airflow-env/lib/python3.11/site-packages/airflow/example_dags/example_branch_datetime_operator.py took 0.087 seconds
[2026-04-07T04:41:53.190+0530] {processor.py:186} INFO - Started process (PID=8936) to work on /home/ubantu/miniconda3/envs/airflow-env/lib/python3.11/site-packages/airflow/example_dags/example_branch_datetime_operator.py
[2026-04-07T04:41:53.191+0530] {processor.py:914} INFO - Processing file /home/ubantu/miniconda3/envs/airflow-env/lib/python3.11/site-packages/airflow/example_dags/example_branch_datetime_operator.py for tasks to queue
[2026-04-07T04:41:53.193+0530] {logging_mixin.py:190} INFO - [2026-04-07T04:41:53.192+0530] {dagbag.py:588} INFO - Filling up the DagBag from /home/ubantu/miniconda3/envs/airflow-env/lib/python3.11/site-packages/airflow/example_dags/example_branch_datetime_operator.py
[2026-04-07T04:41:53.207+0530] {processor.py:925} INFO - DAG(s) 'example_branch_datetime_operator_2', 'example_branch_datetime_operator', 'example_branch_datetime_operator_3' retrieved from /home/ubantu/miniconda3/envs/airflow-env/lib/python3.11/site-packages/airflow/example_dags/example_branch_datetime_operator.py
[2026-04-07T04:41:53.229+0530] {logging_mixin.py:190} INFO - [2026-04-07T04:41:53.228+0530] {dag.py:3239} INFO - Sync 3 DAGs
[2026-04-07T04:41:53.249+0530] {logging_mixin.py:190} INFO - [2026-04-07T04:41:53.249+0530] {dag.py:4180} INFO - Setting next_dagrun for example_branch_datetime_operator to 2026-04-05 00:00:00+00:00, run_after=2026-04-06 00:00:00+00:00
[2026-04-07T04:41:53.253+0530] {logging_mixin.py:190} INFO - [2026-04-07T04:41:53.253+0530] {dag.py:4180} INFO - Setting next_dagrun for example_branch_datetime_operator_2 to 2026-04-05 00:00:00+00:00, run_after=2026-04-06 00:00:00+00:00
[2026-04-07T04:41:53.255+0530] {logging_mixin.py:190} INFO - [2026-04-07T04:41:53.255+0530] {dag.py:4180} INFO - Setting next_dagrun for example_branch_datetime_operator_3 to 2026-04-05 00:00:00+00:00, run_after=2026-04-06 00:00:00+00:00
[2026-04-07T04:41:53.271+0530] {processor.py:208} INFO - Processing /home/ubantu/miniconda3/envs/airflow-env/lib/python3.11/site-packages/airflow/example_dags/example_branch_datetime_operator.py took 0.087 seconds
[2026-04-07T04:42:47.910+0530] {processor.py:186} INFO - Started process (PID=9088) to work on /home/ubantu/miniconda3/envs/airflow-env/lib/python3.11/site-packages/airflow/example_dags/example_branch_datetime_operator.py
[2026-04-07T04:42:47.911+0530] {processor.py:914} INFO - Processing file /home/ubantu/miniconda3/envs/airflow-env/lib/python3.11/site-packages/airflow/example_dags/example_branch_datetime_operator.py for tasks to queue
[2026-04-07T04:42:47.913+0530] {logging_mixin.py:190} INFO - [2026-04-07T04:42:47.912+0530] {dagbag.py:588} INFO - Filling up the DagBag from /home/ubantu/miniconda3/envs/airflow-env/lib/python3.11/site-packages/airflow/example_dags/example_branch_datetime_operator.py
[2026-04-07T04:42:47.924+0530] {processor.py:925} INFO - DAG(s) 'example_branch_datetime_operator', 'example_branch_datetime_operator_2', 'example_branch_datetime_operator_3' retrieved from /home/ubantu/miniconda3/envs/airflow-env/lib/python3.11/site-packages/airflow/example_dags/example_branch_datetime_operator.py
[2026-04-07T04:42:47.943+0530] {logging_mixin.py:190} INFO - [2026-04-07T04:42:47.942+0530] {dag.py:3239} INFO - Sync 3 DAGs
[2026-04-07T04:42:47.964+0530] {logging_mixin.py:190} INFO - [2026-04-07T04:42:47.964+0530] {dag.py:4180} INFO - Setting next_dagrun for example_branch_datetime_operator to 2026-04-05 00:00:00+00:00, run_after=2026-04-06 00:00:00+00:00
[2026-04-07T04:42:47.968+0530] {logging_mixin.py:190} INFO - [2026-04-07T04:42:47.968+0530] {dag.py:4180} INFO - Setting next_dagrun for example_branch_datetime_operator_2 to 2026-04-05 00:00:00+00:00, run_after=2026-04-06 00:00:00+00:00
[2026-04-07T04:42:47.970+0530] {logging_mixin.py:190} INFO - [2026-04-07T04:42:47.970+0530] {dag.py:4180} INFO - Setting next_dagrun for example_branch_datetime_operator_3 to 2026-04-05 00:00:00+00:00, run_after=2026-04-06 00:00:00+00:00
[2026-04-07T04:42:47.987+0530] {processor.py:208} INFO - Processing /home/ubantu/miniconda3/envs/airflow-env/lib/python3.11/site-packages/airflow/example_dags/example_branch_datetime_operator.py took 0.082 seconds
[2026-04-07T04:43:12.493+0530] {processor.py:186} INFO - Started process (PID=9147) to work on /home/ubantu/miniconda3/envs/airflow-env/lib/python3.11/site-packages/airflow/example_dags/example_branch_datetime_operator.py
[2026-04-07T04:43:12.494+0530] {processor.py:914} INFO - Processing file /home/ubantu/miniconda3/envs/airflow-env/lib/python3.11/site-packages/airflow/example_dags/example_branch_datetime_operator.py for tasks to queue
[2026-04-07T04:43:12.495+0530] {logging_mixin.py:190} INFO - [2026-04-07T04:43:12.495+0530] {dagbag.py:588} INFO - Filling up the DagBag from /home/ubantu/miniconda3/envs/airflow-env/lib/python3.11/site-packages/airflow/example_dags/example_branch_datetime_operator.py
[2026-04-07T04:43:12.509+0530] {processor.py:925} INFO - DAG(s) 'example_branch_datetime_operator_3', 'example_branch_datetime_operator', 'example_branch_datetime_operator_2' retrieved from /home/ubantu/miniconda3/envs/airflow-env/lib/python3.11/site-packages/airflow/example_dags/example_branch_datetime_operator.py
[2026-04-07T04:43:12.533+0530] {logging_mixin.py:190} INFO - [2026-04-07T04:43:12.533+0530] {dag.py:3239} INFO - Sync 3 DAGs
[2026-04-07T04:43:12.556+0530] {logging_mixin.py:190} INFO - [2026-04-07T04:43:12.556+0530] {dag.py:4180} INFO - Setting next_dagrun for example_branch_datetime_operator to 2026-04-05 00:00:00+00:00, run_after=2026-04-06 00:00:00+00:00
[2026-04-07T04:43:12.560+0530] {logging_mixin.py:190} INFO - [2026-04-07T04:43:12.560+0530] {dag.py:4180} INFO - Setting next_dagrun for example_branch_datetime_operator_2 to 2026-04-05 00:00:00+00:00, run_after=2026-04-06 00:00:00+00:00
[2026-04-07T04:43:12.562+0530] {logging_mixin.py:190} INFO - [2026-04-07T04:43:12.562+0530] {dag.py:4180} INFO - Setting next_dagrun for example_branch_datetime_operator_3 to 2026-04-05 00:00:00+00:00, run_after=2026-04-06 00:00:00+00:00
[2026-04-07T04:43:12.579+0530] {processor.py:208} INFO - Processing /home/ubantu/miniconda3/envs/airflow-env/lib/python3.11/site-packages/airflow/example_dags/example_branch_datetime_operator.py took 0.093 seconds
[2026-04-07T04:43:44.572+0530] {processor.py:186} INFO - Started process (PID=9227) to work on /home/ubantu/miniconda3/envs/airflow-env/lib/python3.11/site-packages/airflow/example_dags/example_branch_datetime_operator.py
[2026-04-07T04:43:44.573+0530] {processor.py:914} INFO - Processing file /home/ubantu/miniconda3/envs/airflow-env/lib/python3.11/site-packages/airflow/example_dags/example_branch_datetime_operator.py for tasks to queue
[2026-04-07T04:43:44.575+0530] {logging_mixin.py:190} INFO - [2026-04-07T04:43:44.575+0530] {dagbag.py:588} INFO - Filling up the DagBag from /home/ubantu/miniconda3/envs/airflow-env/lib/python3.11/site-packages/airflow/example_dags/example_branch_datetime_operator.py
[2026-04-07T04:43:44.588+0530] {processor.py:925} INFO - DAG(s) 'example_branch_datetime_operator_3', 'example_branch_datetime_operator_2', 'example_branch_datetime_operator' retrieved from /home/ubantu/miniconda3/envs/airflow-env/lib/python3.11/site-packages/airflow/example_dags/example_branch_datetime_operator.py
[2026-04-07T04:43:44.608+0530] {logging_mixin.py:190} INFO - [2026-04-07T04:43:44.608+0530] {dag.py:3239} INFO - Sync 3 DAGs
[2026-04-07T04:43:44.628+0530] {logging_mixin.py:190} INFO - [2026-04-07T04:43:44.628+0530] {dag.py:4180} INFO - Setting next_dagrun for example_branch_datetime_operator to 2026-04-05 00:00:00+00:00, run_after=2026-04-06 00:00:00+00:00
[2026-04-07T04:43:44.632+0530] {logging_mixin.py:190} INFO - [2026-04-07T04:43:44.632+0530] {dag.py:4180} INFO - Setting next_dagrun for example_branch_datetime_operator_2 to 2026-04-05 00:00:00+00:00, run_after=2026-04-06 00:00:00+00:00
[2026-04-07T04:43:44.634+0530] {logging_mixin.py:190} INFO - [2026-04-07T04:43:44.634+0530] {dag.py:4180} INFO - Setting next_dagrun for example_branch_datetime_operator_3 to 2026-04-05 00:00:00+00:00, run_after=2026-04-06 00:00:00+00:00
[2026-04-07T04:43:44.651+0530] {processor.py:208} INFO - Processing /home/ubantu/miniconda3/envs/airflow-env/lib/python3.11/site-packages/airflow/example_dags/example_branch_datetime_operator.py took 0.085 seconds
[2026-04-07T04:44:36.108+0530] {processor.py:186} INFO - Started process (PID=9347) to work on /home/ubantu/miniconda3/envs/airflow-env/lib/python3.11/site-packages/airflow/example_dags/example_branch_datetime_operator.py
[2026-04-07T04:44:36.110+0530] {processor.py:914} INFO - Processing file /home/ubantu/miniconda3/envs/airflow-env/lib/python3.11/site-packages/airflow/example_dags/example_branch_datetime_operator.py for tasks to queue
[2026-04-07T04:44:36.111+0530] {logging_mixin.py:190} INFO - [2026-04-07T04:44:36.110+0530] {dagbag.py:588} INFO - Filling up the DagBag from /home/ubantu/miniconda3/envs/airflow-env/lib/python3.11/site-packages/airflow/example_dags/example_branch_datetime_operator.py
[2026-04-07T04:44:36.124+0530] {processor.py:925} INFO - DAG(s) 'example_branch_datetime_operator', 'example_branch_datetime_operator_2', 'example_branch_datetime_operator_3' retrieved from /home/ubantu/miniconda3/envs/airflow-env/lib/python3.11/site-packages/airflow/example_dags/example_branch_datetime_operator.py
[2026-04-07T04:44:36.145+0530] {logging_mixin.py:190} INFO - [2026-04-07T04:44:36.144+0530] {dag.py:3239} INFO - Sync 3 DAGs
[2026-04-07T04:44:36.165+0530] {logging_mixin.py:190} INFO - [2026-04-07T04:44:36.164+0530] {dag.py:4180} INFO - Setting next_dagrun for example_branch_datetime_operator to 2026-04-05 00:00:00+00:00, run_after=2026-04-06 00:00:00+00:00
[2026-04-07T04:44:36.169+0530] {logging_mixin.py:190} INFO - [2026-04-07T04:44:36.168+0530] {dag.py:4180} INFO - Setting next_dagrun for example_branch_datetime_operator_2 to 2026-04-05 00:00:00+00:00, run_after=2026-04-06 00:00:00+00:00
[2026-04-07T04:44:36.170+0530] {logging_mixin.py:190} INFO - [2026-04-07T04:44:36.170+0530] {dag.py:4180} INFO - Setting next_dagrun for example_branch_datetime_operator_3 to 2026-04-05 00:00:00+00:00, run_after=2026-04-06 00:00:00+00:00
[2026-04-07T04:44:36.186+0530] {processor.py:208} INFO - Processing /home/ubantu/miniconda3/envs/airflow-env/lib/python3.11/site-packages/airflow/example_dags/example_branch_datetime_operator.py took 0.084 seconds
[2026-04-07T04:44:45.857+0530] {processor.py:186} INFO - Started process (PID=9368) to work on /home/ubantu/miniconda3/envs/airflow-env/lib/python3.11/site-packages/airflow/example_dags/example_branch_datetime_operator.py
[2026-04-07T04:44:45.858+0530] {processor.py:914} INFO - Processing file /home/ubantu/miniconda3/envs/airflow-env/lib/python3.11/site-packages/airflow/example_dags/example_branch_datetime_operator.py for tasks to queue
[2026-04-07T04:44:45.860+0530] {logging_mixin.py:190} INFO - [2026-04-07T04:44:45.860+0530] {dagbag.py:588} INFO - Filling up the DagBag from /home/ubantu/miniconda3/envs/airflow-env/lib/python3.11/site-packages/airflow/example_dags/example_branch_datetime_operator.py
[2026-04-07T04:44:45.873+0530] {processor.py:925} INFO - DAG(s) 'example_branch_datetime_operator_2', 'example_branch_datetime_operator', 'example_branch_datetime_operator_3' retrieved from /home/ubantu/miniconda3/envs/airflow-env/lib/python3.11/site-packages/airflow/example_dags/example_branch_datetime_operator.py
[2026-04-07T04:44:45.988+0530] {logging_mixin.py:190} INFO - [2026-04-07T04:44:45.988+0530] {dag.py:3239} INFO - Sync 3 DAGs
[2026-04-07T04:44:46.005+0530] {logging_mixin.py:190} INFO - [2026-04-07T04:44:46.005+0530] {dag.py:4180} INFO - Setting next_dagrun for example_branch_datetime_operator to 2026-04-05 00:00:00+00:00, run_after=2026-04-06 00:00:00+00:00
[2026-04-07T04:44:46.009+0530] {logging_mixin.py:190} INFO - [2026-04-07T04:44:46.008+0530] {dag.py:4180} INFO - Setting next_dagrun for example_branch_datetime_operator_2 to 2026-04-05 00:00:00+00:00, run_after=2026-04-06 00:00:00+00:00
[2026-04-07T04:44:46.010+0530] {logging_mixin.py:190} INFO - [2026-04-07T04:44:46.010+0530] {dag.py:4180} INFO - Setting next_dagrun for example_branch_datetime_operator_3 to 2026-04-05 00:00:00+00:00, run_after=2026-04-06 00:00:00+00:00
[2026-04-07T04:44:46.025+0530] {processor.py:208} INFO - Processing /home/ubantu/miniconda3/envs/airflow-env/lib/python3.11/site-packages/airflow/example_dags/example_branch_datetime_operator.py took 0.173 seconds
[2026-04-07T04:45:43.469+0530] {processor.py:186} INFO - Started process (PID=9498) to work on /home/ubantu/miniconda3/envs/airflow-env/lib/python3.11/site-packages/airflow/example_dags/example_branch_datetime_operator.py
[2026-04-07T04:45:43.470+0530] {processor.py:914} INFO - Processing file /home/ubantu/miniconda3/envs/airflow-env/lib/python3.11/site-packages/airflow/example_dags/example_branch_datetime_operator.py for tasks to queue
[2026-04-07T04:45:43.472+0530] {logging_mixin.py:190} INFO - [2026-04-07T04:45:43.472+0530] {dagbag.py:588} INFO - Filling up the DagBag from /home/ubantu/miniconda3/envs/airflow-env/lib/python3.11/site-packages/airflow/example_dags/example_branch_datetime_operator.py
[2026-04-07T04:45:43.485+0530] {processor.py:925} INFO - DAG(s) 'example_branch_datetime_operator_2', 'example_branch_datetime_operator', 'example_branch_datetime_operator_3' retrieved from /home/ubantu/miniconda3/envs/airflow-env/lib/python3.11/site-packages/airflow/example_dags/example_branch_datetime_operator.py
[2026-04-07T04:45:43.505+0530] {logging_mixin.py:190} INFO - [2026-04-07T04:45:43.504+0530] {dag.py:3239} INFO - Sync 3 DAGs
[2026-04-07T04:45:43.523+0530] {logging_mixin.py:190} INFO - [2026-04-07T04:45:43.523+0530] {dag.py:4180} INFO - Setting next_dagrun for example_branch_datetime_operator to 2026-04-05 00:00:00+00:00, run_after=2026-04-06 00:00:00+00:00
[2026-04-07T04:45:43.527+0530] {logging_mixin.py:190} INFO - [2026-04-07T04:45:43.527+0530] {dag.py:4180} INFO - Setting next_dagrun for example_branch_datetime_operator_2 to 2026-04-05 00:00:00+00:00, run_after=2026-04-06 00:00:00+00:00
[2026-04-07T04:45:43.529+0530] {logging_mixin.py:190} INFO - [2026-04-07T04:45:43.529+0530] {dag.py:4180} INFO - Setting next_dagrun for example_branch_datetime_operator_3 to 2026-04-05 00:00:00+00:00, run_after=2026-04-06 00:00:00+00:00
[2026-04-07T04:45:43.545+0530] {processor.py:208} INFO - Processing /home/ubantu/miniconda3/envs/airflow-env/lib/python3.11/site-packages/airflow/example_dags/example_branch_datetime_operator.py took 0.082 seconds
[2026-04-07T04:45:55.665+0530] {processor.py:186} INFO - Started process (PID=9525) to work on /home/ubantu/miniconda3/envs/airflow-env/lib/python3.11/site-packages/airflow/example_dags/example_branch_datetime_operator.py
[2026-04-07T04:45:55.666+0530] {processor.py:914} INFO - Processing file /home/ubantu/miniconda3/envs/airflow-env/lib/python3.11/site-packages/airflow/example_dags/example_branch_datetime_operator.py for tasks to queue
[2026-04-07T04:45:55.667+0530] {logging_mixin.py:190} INFO - [2026-04-07T04:45:55.667+0530] {dagbag.py:588} INFO - Filling up the DagBag from /home/ubantu/miniconda3/envs/airflow-env/lib/python3.11/site-packages/airflow/example_dags/example_branch_datetime_operator.py
[2026-04-07T04:45:55.680+0530] {processor.py:925} INFO - DAG(s) 'example_branch_datetime_operator_2', 'example_branch_datetime_operator', 'example_branch_datetime_operator_3' retrieved from /home/ubantu/miniconda3/envs/airflow-env/lib/python3.11/site-packages/airflow/example_dags/example_branch_datetime_operator.py
[2026-04-07T04:45:55.700+0530] {logging_mixin.py:190} INFO - [2026-04-07T04:45:55.699+0530] {dag.py:3239} INFO - Sync 3 DAGs
[2026-04-07T04:45:55.719+0530] {logging_mixin.py:190} INFO - [2026-04-07T04:45:55.719+0530] {dag.py:4180} INFO - Setting next_dagrun for example_branch_datetime_operator to 2026-04-05 00:00:00+00:00, run_after=2026-04-06 00:00:00+00:00
[2026-04-07T04:45:55.723+0530] {logging_mixin.py:190} INFO - [2026-04-07T04:45:55.723+0530] {dag.py:4180} INFO - Setting next_dagrun for example_branch_datetime_operator_2 to 2026-04-05 00:00:00+00:00, run_after=2026-04-06 00:00:00+00:00
[2026-04-07T04:45:55.725+0530] {logging_mixin.py:190} INFO - [2026-04-07T04:45:55.725+0530] {dag.py:4180} INFO - Setting next_dagrun for example_branch_datetime_operator_3 to 2026-04-05 00:00:00+00:00, run_after=2026-04-06 00:00:00+00:00
[2026-04-07T04:45:55.740+0530] {processor.py:208} INFO - Processing /home/ubantu/miniconda3/envs/airflow-env/lib/python3.11/site-packages/airflow/example_dags/example_branch_datetime_operator.py took 0.080 seconds
[2026-04-07T04:47:05.753+0530] {processor.py:186} INFO - Started process (PID=9683) to work on /home/ubantu/miniconda3/envs/airflow-env/lib/python3.11/site-packages/airflow/example_dags/example_branch_datetime_operator.py
[2026-04-07T04:47:05.754+0530] {processor.py:914} INFO - Processing file /home/ubantu/miniconda3/envs/airflow-env/lib/python3.11/site-packages/airflow/example_dags/example_branch_datetime_operator.py for tasks to queue
[2026-04-07T04:47:05.756+0530] {logging_mixin.py:190} INFO - [2026-04-07T04:47:05.755+0530] {dagbag.py:588} INFO - Filling up the DagBag from /home/ubantu/miniconda3/envs/airflow-env/lib/python3.11/site-packages/airflow/example_dags/example_branch_datetime_operator.py
[2026-04-07T04:47:05.768+0530] {processor.py:925} INFO - DAG(s) 'example_branch_datetime_operator_3', 'example_branch_datetime_operator_2', 'example_branch_datetime_operator' retrieved from /home/ubantu/miniconda3/envs/airflow-env/lib/python3.11/site-packages/airflow/example_dags/example_branch_datetime_operator.py
[2026-04-07T04:47:05.788+0530] {logging_mixin.py:190} INFO - [2026-04-07T04:47:05.788+0530] {dag.py:3239} INFO - Sync 3 DAGs
[2026-04-07T04:47:05.806+0530] {logging_mixin.py:190} INFO - [2026-04-07T04:47:05.806+0530] {dag.py:4180} INFO - Setting next_dagrun for example_branch_datetime_operator to 2026-04-05 00:00:00+00:00, run_after=2026-04-06 00:00:00+00:00
[2026-04-07T04:47:05.810+0530] {logging_mixin.py:190} INFO - [2026-04-07T04:47:05.810+0530] {dag.py:4180} INFO - Setting next_dagrun for example_branch_datetime_operator_2 to 2026-04-05 00:00:00+00:00, run_after=2026-04-06 00:00:00+00:00
[2026-04-07T04:47:05.812+0530] {logging_mixin.py:190} INFO - [2026-04-07T04:47:05.812+0530] {dag.py:4180} INFO - Setting next_dagrun for example_branch_datetime_operator_3 to 2026-04-05 00:00:00+00:00, run_after=2026-04-06 00:00:00+00:00
[2026-04-07T04:47:05.828+0530] {processor.py:208} INFO - Processing /home/ubantu/miniconda3/envs/airflow-env/lib/python3.11/site-packages/airflow/example_dags/example_branch_datetime_operator.py took 0.081 seconds
[2026-04-07T04:47:14.716+0530] {processor.py:186} INFO - Started process (PID=9701) to work on /home/ubantu/miniconda3/envs/airflow-env/lib/python3.11/site-packages/airflow/example_dags/example_branch_datetime_operator.py
[2026-04-07T04:47:14.717+0530] {processor.py:914} INFO - Processing file /home/ubantu/miniconda3/envs/airflow-env/lib/python3.11/site-packages/airflow/example_dags/example_branch_datetime_operator.py for tasks to queue
[2026-04-07T04:47:14.718+0530] {logging_mixin.py:190} INFO - [2026-04-07T04:47:14.717+0530] {dagbag.py:588} INFO - Filling up the DagBag from /home/ubantu/miniconda3/envs/airflow-env/lib/python3.11/site-packages/airflow/example_dags/example_branch_datetime_operator.py
[2026-04-07T04:47:14.730+0530] {processor.py:925} INFO - DAG(s) 'example_branch_datetime_operator', 'example_branch_datetime_operator_3', 'example_branch_datetime_operator_2' retrieved from /home/ubantu/miniconda3/envs/airflow-env/lib/python3.11/site-packages/airflow/example_dags/example_branch_datetime_operator.py
[2026-04-07T04:47:14.750+0530] {logging_mixin.py:190} INFO - [2026-04-07T04:47:14.749+0530] {dag.py:3239} INFO - Sync 3 DAGs
[2026-04-07T04:47:14.770+0530] {logging_mixin.py:190} INFO - [2026-04-07T04:47:14.770+0530] {dag.py:4180} INFO - Setting next_dagrun for example_branch_datetime_operator to 2026-04-05 00:00:00+00:00, run_after=2026-04-06 00:00:00+00:00
[2026-04-07T04:47:14.774+0530] {logging_mixin.py:190} INFO - [2026-04-07T04:47:14.774+0530] {dag.py:4180} INFO - Setting next_dagrun for example_branch_datetime_operator_2 to 2026-04-05 00:00:00+00:00, run_after=2026-04-06 00:00:00+00:00
[2026-04-07T04:47:14.776+0530] {logging_mixin.py:190} INFO - [2026-04-07T04:47:14.776+0530] {dag.py:4180} INFO - Setting next_dagrun for example_branch_datetime_operator_3 to 2026-04-05 00:00:00+00:00, run_after=2026-04-06 00:00:00+00:00
[2026-04-07T04:47:14.792+0530] {processor.py:208} INFO - Processing /home/ubantu/miniconda3/envs/airflow-env/lib/python3.11/site-packages/airflow/example_dags/example_branch_datetime_operator.py took 0.082 seconds
[2026-04-07T05:10:29.985+0530] {processor.py:186} INFO - Started process (PID=11014) to work on /home/ubantu/miniconda3/envs/airflow-env/lib/python3.11/site-packages/airflow/example_dags/example_branch_datetime_operator.py
[2026-04-07T05:10:29.987+0530] {processor.py:914} INFO - Processing file /home/ubantu/miniconda3/envs/airflow-env/lib/python3.11/site-packages/airflow/example_dags/example_branch_datetime_operator.py for tasks to queue
[2026-04-07T05:10:29.989+0530] {logging_mixin.py:190} INFO - [2026-04-07T05:10:29.989+0530] {dagbag.py:588} INFO - Filling up the DagBag from /home/ubantu/miniconda3/envs/airflow-env/lib/python3.11/site-packages/airflow/example_dags/example_branch_datetime_operator.py
[2026-04-07T05:10:30.007+0530] {processor.py:925} INFO - DAG(s) 'example_branch_datetime_operator_3', 'example_branch_datetime_operator_2', 'example_branch_datetime_operator' retrieved from /home/ubantu/miniconda3/envs/airflow-env/lib/python3.11/site-packages/airflow/example_dags/example_branch_datetime_operator.py
[2026-04-07T05:10:30.117+0530] {logging_mixin.py:190} INFO - [2026-04-07T05:10:30.117+0530] {dag.py:3239} INFO - Sync 3 DAGs
[2026-04-07T05:10:30.235+0530] {logging_mixin.py:190} INFO - [2026-04-07T05:10:30.235+0530] {dag.py:4180} INFO - Setting next_dagrun for example_branch_datetime_operator to 2026-04-05 00:00:00+00:00, run_after=2026-04-06 00:00:00+00:00
[2026-04-07T05:10:30.238+0530] {logging_mixin.py:190} INFO - [2026-04-07T05:10:30.238+0530] {dag.py:4180} INFO - Setting next_dagrun for example_branch_datetime_operator_2 to 2026-04-05 00:00:00+00:00, run_after=2026-04-06 00:00:00+00:00
[2026-04-07T05:10:30.240+0530] {logging_mixin.py:190} INFO - [2026-04-07T05:10:30.240+0530] {dag.py:4180} INFO - Setting next_dagrun for example_branch_datetime_operator_3 to 2026-04-05 00:00:00+00:00, run_after=2026-04-06 00:00:00+00:00
[2026-04-07T05:10:30.257+0530] {processor.py:208} INFO - Processing /home/ubantu/miniconda3/envs/airflow-env/lib/python3.11/site-packages/airflow/example_dags/example_branch_datetime_operator.py took 0.278 seconds
[2026-04-07T05:12:05.548+0530] {processor.py:186} INFO - Started process (PID=11172) to work on /home/ubantu/miniconda3/envs/airflow-env/lib/python3.11/site-packages/airflow/example_dags/example_branch_datetime_operator.py
[2026-04-07T05:12:05.549+0530] {processor.py:914} INFO - Processing file /home/ubantu/miniconda3/envs/airflow-env/lib/python3.11/site-packages/airflow/example_dags/example_branch_datetime_operator.py for tasks to queue
[2026-04-07T05:12:05.552+0530] {logging_mixin.py:190} INFO - [2026-04-07T05:12:05.551+0530] {dagbag.py:588} INFO - Filling up the DagBag from /home/ubantu/miniconda3/envs/airflow-env/lib/python3.11/site-packages/airflow/example_dags/example_branch_datetime_operator.py
[2026-04-07T05:12:05.566+0530] {processor.py:925} INFO - DAG(s) 'example_branch_datetime_operator_2', 'example_branch_datetime_operator', 'example_branch_datetime_operator_3' retrieved from /home/ubantu/miniconda3/envs/airflow-env/lib/python3.11/site-packages/airflow/example_dags/example_branch_datetime_operator.py
[2026-04-07T05:12:05.589+0530] {logging_mixin.py:190} INFO - [2026-04-07T05:12:05.589+0530] {dag.py:3239} INFO - Sync 3 DAGs
[2026-04-07T05:12:05.612+0530] {logging_mixin.py:190} INFO - [2026-04-07T05:12:05.612+0530] {dag.py:4180} INFO - Setting next_dagrun for example_branch_datetime_operator to 2026-04-05 00:00:00+00:00, run_after=2026-04-06 00:00:00+00:00
[2026-04-07T05:12:05.616+0530] {logging_mixin.py:190} INFO - [2026-04-07T05:12:05.616+0530] {dag.py:4180} INFO - Setting next_dagrun for example_branch_datetime_operator_2 to 2026-04-05 00:00:00+00:00, run_after=2026-04-06 00:00:00+00:00
[2026-04-07T05:12:05.618+0530] {logging_mixin.py:190} INFO - [2026-04-07T05:12:05.618+0530] {dag.py:4180} INFO - Setting next_dagrun for example_branch_datetime_operator_3 to 2026-04-05 00:00:00+00:00, run_after=2026-04-06 00:00:00+00:00
[2026-04-07T05:12:05.634+0530] {processor.py:208} INFO - Processing /home/ubantu/miniconda3/envs/airflow-env/lib/python3.11/site-packages/airflow/example_dags/example_branch_datetime_operator.py took 0.092 seconds
[2026-04-07T05:13:04.018+0530] {processor.py:186} INFO - Started process (PID=11266) to work on /home/ubantu/miniconda3/envs/airflow-env/lib/python3.11/site-packages/airflow/example_dags/example_branch_datetime_operator.py
[2026-04-07T05:13:04.020+0530] {processor.py:914} INFO - Processing file /home/ubantu/miniconda3/envs/airflow-env/lib/python3.11/site-packages/airflow/example_dags/example_branch_datetime_operator.py for tasks to queue
[2026-04-07T05:13:04.024+0530] {logging_mixin.py:190} INFO - [2026-04-07T05:13:04.024+0530] {dagbag.py:588} INFO - Filling up the DagBag from /home/ubantu/miniconda3/envs/airflow-env/lib/python3.11/site-packages/airflow/example_dags/example_branch_datetime_operator.py
[2026-04-07T05:13:04.050+0530] {processor.py:925} INFO - DAG(s) 'example_branch_datetime_operator_3', 'example_branch_datetime_operator', 'example_branch_datetime_operator_2' retrieved from /home/ubantu/miniconda3/envs/airflow-env/lib/python3.11/site-packages/airflow/example_dags/example_branch_datetime_operator.py
[2026-04-07T05:13:04.073+0530] {logging_mixin.py:190} INFO - [2026-04-07T05:13:04.072+0530] {dag.py:3239} INFO - Sync 3 DAGs
[2026-04-07T05:13:04.092+0530] {logging_mixin.py:190} INFO - [2026-04-07T05:13:04.092+0530] {dag.py:4180} INFO - Setting next_dagrun for example_branch_datetime_operator to 2026-04-05 00:00:00+00:00, run_after=2026-04-06 00:00:00+00:00
[2026-04-07T05:13:04.097+0530] {logging_mixin.py:190} INFO - [2026-04-07T05:13:04.097+0530] {dag.py:4180} INFO - Setting next_dagrun for example_branch_datetime_operator_2 to 2026-04-05 00:00:00+00:00, run_after=2026-04-06 00:00:00+00:00
[2026-04-07T05:13:04.100+0530] {logging_mixin.py:190} INFO - [2026-04-07T05:13:04.100+0530] {dag.py:4180} INFO - Setting next_dagrun for example_branch_datetime_operator_3 to 2026-04-05 00:00:00+00:00, run_after=2026-04-06 00:00:00+00:00
[2026-04-07T05:13:04.138+0530] {processor.py:208} INFO - Processing /home/ubantu/miniconda3/envs/airflow-env/lib/python3.11/site-packages/airflow/example_dags/example_branch_datetime_operator.py took 0.131 seconds
[2026-04-07T05:14:10.802+0530] {processor.py:186} INFO - Started process (PID=11347) to work on /home/ubantu/miniconda3/envs/airflow-env/lib/python3.11/site-packages/airflow/example_dags/example_branch_datetime_operator.py
[2026-04-07T05:14:10.803+0530] {processor.py:914} INFO - Processing file /home/ubantu/miniconda3/envs/airflow-env/lib/python3.11/site-packages/airflow/example_dags/example_branch_datetime_operator.py for tasks to queue
[2026-04-07T05:14:10.806+0530] {logging_mixin.py:190} INFO - [2026-04-07T05:14:10.805+0530] {dagbag.py:588} INFO - Filling up the DagBag from /home/ubantu/miniconda3/envs/airflow-env/lib/python3.11/site-packages/airflow/example_dags/example_branch_datetime_operator.py
[2026-04-07T05:14:10.931+0530] {processor.py:925} INFO - DAG(s) 'example_branch_datetime_operator', 'example_branch_datetime_operator_2', 'example_branch_datetime_operator_3' retrieved from /home/ubantu/miniconda3/envs/airflow-env/lib/python3.11/site-packages/airflow/example_dags/example_branch_datetime_operator.py
[2026-04-07T05:14:10.947+0530] {logging_mixin.py:190} INFO - [2026-04-07T05:14:10.947+0530] {dag.py:3239} INFO - Sync 3 DAGs
[2026-04-07T05:14:10.963+0530] {logging_mixin.py:190} INFO - [2026-04-07T05:14:10.963+0530] {dag.py:4180} INFO - Setting next_dagrun for example_branch_datetime_operator to 2026-04-05 00:00:00+00:00, run_after=2026-04-06 00:00:00+00:00
[2026-04-07T05:14:10.967+0530] {logging_mixin.py:190} INFO - [2026-04-07T05:14:10.967+0530] {dag.py:4180} INFO - Setting next_dagrun for example_branch_datetime_operator_2 to 2026-04-05 00:00:00+00:00, run_after=2026-04-06 00:00:00+00:00
[2026-04-07T05:14:10.969+0530] {logging_mixin.py:190} INFO - [2026-04-07T05:14:10.969+0530] {dag.py:4180} INFO - Setting next_dagrun for example_branch_datetime_operator_3 to 2026-04-05 00:00:00+00:00, run_after=2026-04-06 00:00:00+00:00
[2026-04-07T05:14:10.984+0530] {processor.py:208} INFO - Processing /home/ubantu/miniconda3/envs/airflow-env/lib/python3.11/site-packages/airflow/example_dags/example_branch_datetime_operator.py took 0.188 seconds
[2026-04-07T05:18:14.948+0530] {processor.py:186} INFO - Started process (PID=12088) to work on /home/ubantu/miniconda3/envs/airflow-env/lib/python3.11/site-packages/airflow/example_dags/example_branch_datetime_operator.py
[2026-04-07T05:18:14.950+0530] {processor.py:914} INFO - Processing file /home/ubantu/miniconda3/envs/airflow-env/lib/python3.11/site-packages/airflow/example_dags/example_branch_datetime_operator.py for tasks to queue
[2026-04-07T05:18:14.954+0530] {logging_mixin.py:190} INFO - [2026-04-07T05:18:14.953+0530] {dagbag.py:588} INFO - Filling up the DagBag from /home/ubantu/miniconda3/envs/airflow-env/lib/python3.11/site-packages/airflow/example_dags/example_branch_datetime_operator.py
[2026-04-07T05:18:14.970+0530] {processor.py:925} INFO - DAG(s) 'example_branch_datetime_operator', 'example_branch_datetime_operator_2', 'example_branch_datetime_operator_3' retrieved from /home/ubantu/miniconda3/envs/airflow-env/lib/python3.11/site-packages/airflow/example_dags/example_branch_datetime_operator.py
[2026-04-07T05:18:14.996+0530] {logging_mixin.py:190} INFO - [2026-04-07T05:18:14.996+0530] {dag.py:3239} INFO - Sync 3 DAGs
[2026-04-07T05:18:15.021+0530] {logging_mixin.py:190} INFO - [2026-04-07T05:18:15.021+0530] {dag.py:4180} INFO - Setting next_dagrun for example_branch_datetime_operator to 2026-04-05 00:00:00+00:00, run_after=2026-04-06 00:00:00+00:00
[2026-04-07T05:18:15.025+0530] {logging_mixin.py:190} INFO - [2026-04-07T05:18:15.025+0530] {dag.py:4180} INFO - Setting next_dagrun for example_branch_datetime_operator_2 to 2026-04-05 00:00:00+00:00, run_after=2026-04-06 00:00:00+00:00
[2026-04-07T05:18:15.027+0530] {logging_mixin.py:190} INFO - [2026-04-07T05:18:15.027+0530] {dag.py:4180} INFO - Setting next_dagrun for example_branch_datetime_operator_3 to 2026-04-05 00:00:00+00:00, run_after=2026-04-06 00:00:00+00:00
[2026-04-07T05:18:15.044+0530] {processor.py:208} INFO - Processing /home/ubantu/miniconda3/envs/airflow-env/lib/python3.11/site-packages/airflow/example_dags/example_branch_datetime_operator.py took 0.103 seconds
