[2026-04-07T04:07:46.304+0530] {processor.py:186} INFO - Started process (PID=5793) to work on /home/ubantu/miniconda3/envs/airflow-env/lib/python3.11/site-packages/airflow/example_dags/example_sensor_decorator.py
[2026-04-07T04:07:46.305+0530] {processor.py:914} INFO - Processing file /home/ubantu/miniconda3/envs/airflow-env/lib/python3.11/site-packages/airflow/example_dags/example_sensor_decorator.py for tasks to queue
[2026-04-07T04:07:46.307+0530] {logging_mixin.py:190} INFO - [2026-04-07T04:07:46.307+0530] {dagbag.py:588} INFO - Filling up the DagBag from /home/ubantu/miniconda3/envs/airflow-env/lib/python3.11/site-packages/airflow/example_dags/example_sensor_decorator.py
[2026-04-07T04:07:46.319+0530] {processor.py:925} INFO - DAG(s) 'example_sensor_decorator' retrieved from /home/ubantu/miniconda3/envs/airflow-env/lib/python3.11/site-packages/airflow/example_dags/example_sensor_decorator.py
[2026-04-07T04:07:46.412+0530] {logging_mixin.py:190} INFO - [2026-04-07T04:07:46.412+0530] {override.py:1911} INFO - Created Permission View: can delete on DAG:example_sensor_decorator
[2026-04-07T04:07:46.422+0530] {logging_mixin.py:190} INFO - [2026-04-07T04:07:46.421+0530] {override.py:1911} INFO - Created Permission View: can edit on DAG:example_sensor_decorator
[2026-04-07T04:07:46.429+0530] {logging_mixin.py:190} INFO - [2026-04-07T04:07:46.428+0530] {override.py:1911} INFO - Created Permission View: can read on DAG:example_sensor_decorator
[2026-04-07T04:07:46.439+0530] {logging_mixin.py:190} INFO - [2026-04-07T04:07:46.438+0530] {override.py:1911} INFO - Created Permission View: can create on DAG Run:example_sensor_decorator
[2026-04-07T04:07:46.445+0530] {logging_mixin.py:190} INFO - [2026-04-07T04:07:46.445+0530] {override.py:1911} INFO - Created Permission View: can delete on DAG Run:example_sensor_decorator
[2026-04-07T04:07:46.453+0530] {logging_mixin.py:190} INFO - [2026-04-07T04:07:46.452+0530] {override.py:1911} INFO - Created Permission View: menu access on DAG Run:example_sensor_decorator
[2026-04-07T04:07:46.462+0530] {logging_mixin.py:190} INFO - [2026-04-07T04:07:46.462+0530] {override.py:1911} INFO - Created Permission View: can read on DAG Run:example_sensor_decorator
[2026-04-07T04:07:46.463+0530] {logging_mixin.py:190} INFO - [2026-04-07T04:07:46.463+0530] {dag.py:3239} INFO - Sync 1 DAGs
[2026-04-07T04:07:46.476+0530] {logging_mixin.py:190} INFO - [2026-04-07T04:07:46.476+0530] {dag.py:3262} INFO - Creating ORM DAG for example_sensor_decorator
[2026-04-07T04:07:46.476+0530] {logging_mixin.py:190} INFO - [2026-04-07T04:07:46.476+0530] {dag.py:4180} INFO - Setting next_dagrun for example_sensor_decorator to None, run_after=None
[2026-04-07T04:07:46.492+0530] {processor.py:208} INFO - Processing /home/ubantu/miniconda3/envs/airflow-env/lib/python3.11/site-packages/airflow/example_dags/example_sensor_decorator.py took 0.196 seconds
[2026-04-07T04:08:48.844+0530] {processor.py:186} INFO - Started process (PID=5976) to work on /home/ubantu/miniconda3/envs/airflow-env/lib/python3.11/site-packages/airflow/example_dags/example_sensor_decorator.py
[2026-04-07T04:08:48.845+0530] {processor.py:914} INFO - Processing file /home/ubantu/miniconda3/envs/airflow-env/lib/python3.11/site-packages/airflow/example_dags/example_sensor_decorator.py for tasks to queue
[2026-04-07T04:08:48.847+0530] {logging_mixin.py:190} INFO - [2026-04-07T04:08:48.847+0530] {dagbag.py:588} INFO - Filling up the DagBag from /home/ubantu/miniconda3/envs/airflow-env/lib/python3.11/site-packages/airflow/example_dags/example_sensor_decorator.py
[2026-04-07T04:08:48.856+0530] {processor.py:925} INFO - DAG(s) 'example_sensor_decorator' retrieved from /home/ubantu/miniconda3/envs/airflow-env/lib/python3.11/site-packages/airflow/example_dags/example_sensor_decorator.py
[2026-04-07T04:08:48.871+0530] {logging_mixin.py:190} INFO - [2026-04-07T04:08:48.870+0530] {dag.py:3239} INFO - Sync 1 DAGs
[2026-04-07T04:08:48.883+0530] {logging_mixin.py:190} INFO - [2026-04-07T04:08:48.882+0530] {dag.py:4180} INFO - Setting next_dagrun for example_sensor_decorator to None, run_after=None
[2026-04-07T04:08:48.902+0530] {processor.py:208} INFO - Processing /home/ubantu/miniconda3/envs/airflow-env/lib/python3.11/site-packages/airflow/example_dags/example_sensor_decorator.py took 0.064 seconds
[2026-04-07T04:09:47.236+0530] {processor.py:186} INFO - Started process (PID=6150) to work on /home/ubantu/miniconda3/envs/airflow-env/lib/python3.11/site-packages/airflow/example_dags/example_sensor_decorator.py
[2026-04-07T04:09:47.237+0530] {processor.py:914} INFO - Processing file /home/ubantu/miniconda3/envs/airflow-env/lib/python3.11/site-packages/airflow/example_dags/example_sensor_decorator.py for tasks to queue
[2026-04-07T04:09:47.240+0530] {logging_mixin.py:190} INFO - [2026-04-07T04:09:47.239+0530] {dagbag.py:588} INFO - Filling up the DagBag from /home/ubantu/miniconda3/envs/airflow-env/lib/python3.11/site-packages/airflow/example_dags/example_sensor_decorator.py
[2026-04-07T04:09:47.249+0530] {processor.py:925} INFO - DAG(s) 'example_sensor_decorator' retrieved from /home/ubantu/miniconda3/envs/airflow-env/lib/python3.11/site-packages/airflow/example_dags/example_sensor_decorator.py
[2026-04-07T04:09:47.264+0530] {logging_mixin.py:190} INFO - [2026-04-07T04:09:47.263+0530] {dag.py:3239} INFO - Sync 1 DAGs
[2026-04-07T04:09:47.276+0530] {logging_mixin.py:190} INFO - [2026-04-07T04:09:47.275+0530] {dag.py:4180} INFO - Setting next_dagrun for example_sensor_decorator to None, run_after=None
[2026-04-07T04:09:47.391+0530] {processor.py:208} INFO - Processing /home/ubantu/miniconda3/envs/airflow-env/lib/python3.11/site-packages/airflow/example_dags/example_sensor_decorator.py took 0.161 seconds
[2026-04-07T04:10:40.859+0530] {processor.py:186} INFO - Started process (PID=6219) to work on /home/ubantu/miniconda3/envs/airflow-env/lib/python3.11/site-packages/airflow/example_dags/example_sensor_decorator.py
[2026-04-07T04:10:40.860+0530] {processor.py:914} INFO - Processing file /home/ubantu/miniconda3/envs/airflow-env/lib/python3.11/site-packages/airflow/example_dags/example_sensor_decorator.py for tasks to queue
[2026-04-07T04:10:40.862+0530] {logging_mixin.py:190} INFO - [2026-04-07T04:10:40.862+0530] {dagbag.py:588} INFO - Filling up the DagBag from /home/ubantu/miniconda3/envs/airflow-env/lib/python3.11/site-packages/airflow/example_dags/example_sensor_decorator.py
[2026-04-07T04:10:40.871+0530] {processor.py:925} INFO - DAG(s) 'example_sensor_decorator' retrieved from /home/ubantu/miniconda3/envs/airflow-env/lib/python3.11/site-packages/airflow/example_dags/example_sensor_decorator.py
[2026-04-07T04:10:40.885+0530] {logging_mixin.py:190} INFO - [2026-04-07T04:10:40.885+0530] {dag.py:3239} INFO - Sync 1 DAGs
[2026-04-07T04:10:40.897+0530] {logging_mixin.py:190} INFO - [2026-04-07T04:10:40.897+0530] {dag.py:4180} INFO - Setting next_dagrun for example_sensor_decorator to None, run_after=None
[2026-04-07T04:10:40.914+0530] {processor.py:208} INFO - Processing /home/ubantu/miniconda3/envs/airflow-env/lib/python3.11/site-packages/airflow/example_dags/example_sensor_decorator.py took 0.062 seconds
[2026-04-07T04:11:40.932+0530] {processor.py:186} INFO - Started process (PID=6292) to work on /home/ubantu/miniconda3/envs/airflow-env/lib/python3.11/site-packages/airflow/example_dags/example_sensor_decorator.py
[2026-04-07T04:11:40.933+0530] {processor.py:914} INFO - Processing file /home/ubantu/miniconda3/envs/airflow-env/lib/python3.11/site-packages/airflow/example_dags/example_sensor_decorator.py for tasks to queue
[2026-04-07T04:11:40.935+0530] {logging_mixin.py:190} INFO - [2026-04-07T04:11:40.935+0530] {dagbag.py:588} INFO - Filling up the DagBag from /home/ubantu/miniconda3/envs/airflow-env/lib/python3.11/site-packages/airflow/example_dags/example_sensor_decorator.py
[2026-04-07T04:11:40.944+0530] {processor.py:925} INFO - DAG(s) 'example_sensor_decorator' retrieved from /home/ubantu/miniconda3/envs/airflow-env/lib/python3.11/site-packages/airflow/example_dags/example_sensor_decorator.py
[2026-04-07T04:11:40.960+0530] {logging_mixin.py:190} INFO - [2026-04-07T04:11:40.960+0530] {dag.py:3239} INFO - Sync 1 DAGs
[2026-04-07T04:11:40.972+0530] {logging_mixin.py:190} INFO - [2026-04-07T04:11:40.972+0530] {dag.py:4180} INFO - Setting next_dagrun for example_sensor_decorator to None, run_after=None
[2026-04-07T04:11:40.989+0530] {processor.py:208} INFO - Processing /home/ubantu/miniconda3/envs/airflow-env/lib/python3.11/site-packages/airflow/example_dags/example_sensor_decorator.py took 0.064 seconds
[2026-04-07T04:12:33.160+0530] {processor.py:186} INFO - Started process (PID=6353) to work on /home/ubantu/miniconda3/envs/airflow-env/lib/python3.11/site-packages/airflow/example_dags/example_sensor_decorator.py
[2026-04-07T04:12:33.161+0530] {processor.py:914} INFO - Processing file /home/ubantu/miniconda3/envs/airflow-env/lib/python3.11/site-packages/airflow/example_dags/example_sensor_decorator.py for tasks to queue
[2026-04-07T04:12:33.163+0530] {logging_mixin.py:190} INFO - [2026-04-07T04:12:33.162+0530] {dagbag.py:588} INFO - Filling up the DagBag from /home/ubantu/miniconda3/envs/airflow-env/lib/python3.11/site-packages/airflow/example_dags/example_sensor_decorator.py
[2026-04-07T04:12:33.172+0530] {processor.py:925} INFO - DAG(s) 'example_sensor_decorator' retrieved from /home/ubantu/miniconda3/envs/airflow-env/lib/python3.11/site-packages/airflow/example_dags/example_sensor_decorator.py
[2026-04-07T04:12:33.187+0530] {logging_mixin.py:190} INFO - [2026-04-07T04:12:33.186+0530] {dag.py:3239} INFO - Sync 1 DAGs
[2026-04-07T04:12:33.200+0530] {logging_mixin.py:190} INFO - [2026-04-07T04:12:33.200+0530] {dag.py:4180} INFO - Setting next_dagrun for example_sensor_decorator to None, run_after=None
[2026-04-07T04:12:33.218+0530] {processor.py:208} INFO - Processing /home/ubantu/miniconda3/envs/airflow-env/lib/python3.11/site-packages/airflow/example_dags/example_sensor_decorator.py took 0.065 seconds
[2026-04-07T04:13:25.796+0530] {processor.py:186} INFO - Started process (PID=6413) to work on /home/ubantu/miniconda3/envs/airflow-env/lib/python3.11/site-packages/airflow/example_dags/example_sensor_decorator.py
[2026-04-07T04:13:25.798+0530] {processor.py:914} INFO - Processing file /home/ubantu/miniconda3/envs/airflow-env/lib/python3.11/site-packages/airflow/example_dags/example_sensor_decorator.py for tasks to queue
[2026-04-07T04:13:25.800+0530] {logging_mixin.py:190} INFO - [2026-04-07T04:13:25.799+0530] {dagbag.py:588} INFO - Filling up the DagBag from /home/ubantu/miniconda3/envs/airflow-env/lib/python3.11/site-packages/airflow/example_dags/example_sensor_decorator.py
[2026-04-07T04:13:25.809+0530] {processor.py:925} INFO - DAG(s) 'example_sensor_decorator' retrieved from /home/ubantu/miniconda3/envs/airflow-env/lib/python3.11/site-packages/airflow/example_dags/example_sensor_decorator.py
[2026-04-07T04:13:25.826+0530] {logging_mixin.py:190} INFO - [2026-04-07T04:13:25.826+0530] {dag.py:3239} INFO - Sync 1 DAGs
[2026-04-07T04:13:25.840+0530] {logging_mixin.py:190} INFO - [2026-04-07T04:13:25.839+0530] {dag.py:4180} INFO - Setting next_dagrun for example_sensor_decorator to None, run_after=None
[2026-04-07T04:13:25.861+0530] {processor.py:208} INFO - Processing /home/ubantu/miniconda3/envs/airflow-env/lib/python3.11/site-packages/airflow/example_dags/example_sensor_decorator.py took 0.071 seconds
[2026-04-07T04:14:21.256+0530] {processor.py:186} INFO - Started process (PID=6481) to work on /home/ubantu/miniconda3/envs/airflow-env/lib/python3.11/site-packages/airflow/example_dags/example_sensor_decorator.py
[2026-04-07T04:14:21.256+0530] {processor.py:914} INFO - Processing file /home/ubantu/miniconda3/envs/airflow-env/lib/python3.11/site-packages/airflow/example_dags/example_sensor_decorator.py for tasks to queue
[2026-04-07T04:14:21.258+0530] {logging_mixin.py:190} INFO - [2026-04-07T04:14:21.258+0530] {dagbag.py:588} INFO - Filling up the DagBag from /home/ubantu/miniconda3/envs/airflow-env/lib/python3.11/site-packages/airflow/example_dags/example_sensor_decorator.py
[2026-04-07T04:14:21.267+0530] {processor.py:925} INFO - DAG(s) 'example_sensor_decorator' retrieved from /home/ubantu/miniconda3/envs/airflow-env/lib/python3.11/site-packages/airflow/example_dags/example_sensor_decorator.py
[2026-04-07T04:14:21.281+0530] {logging_mixin.py:190} INFO - [2026-04-07T04:14:21.281+0530] {dag.py:3239} INFO - Sync 1 DAGs
[2026-04-07T04:14:21.292+0530] {logging_mixin.py:190} INFO - [2026-04-07T04:14:21.292+0530] {dag.py:4180} INFO - Setting next_dagrun for example_sensor_decorator to None, run_after=None
[2026-04-07T04:14:21.309+0530] {processor.py:208} INFO - Processing /home/ubantu/miniconda3/envs/airflow-env/lib/python3.11/site-packages/airflow/example_dags/example_sensor_decorator.py took 0.059 seconds
[2026-04-07T04:15:12.940+0530] {processor.py:186} INFO - Started process (PID=6543) to work on /home/ubantu/miniconda3/envs/airflow-env/lib/python3.11/site-packages/airflow/example_dags/example_sensor_decorator.py
[2026-04-07T04:15:12.941+0530] {processor.py:914} INFO - Processing file /home/ubantu/miniconda3/envs/airflow-env/lib/python3.11/site-packages/airflow/example_dags/example_sensor_decorator.py for tasks to queue
[2026-04-07T04:15:12.944+0530] {logging_mixin.py:190} INFO - [2026-04-07T04:15:12.943+0530] {dagbag.py:588} INFO - Filling up the DagBag from /home/ubantu/miniconda3/envs/airflow-env/lib/python3.11/site-packages/airflow/example_dags/example_sensor_decorator.py
[2026-04-07T04:15:12.953+0530] {processor.py:925} INFO - DAG(s) 'example_sensor_decorator' retrieved from /home/ubantu/miniconda3/envs/airflow-env/lib/python3.11/site-packages/airflow/example_dags/example_sensor_decorator.py
[2026-04-07T04:15:12.968+0530] {logging_mixin.py:190} INFO - [2026-04-07T04:15:12.968+0530] {dag.py:3239} INFO - Sync 1 DAGs
[2026-04-07T04:15:12.981+0530] {logging_mixin.py:190} INFO - [2026-04-07T04:15:12.980+0530] {dag.py:4180} INFO - Setting next_dagrun for example_sensor_decorator to None, run_after=None
[2026-04-07T04:15:13.002+0530] {processor.py:208} INFO - Processing /home/ubantu/miniconda3/envs/airflow-env/lib/python3.11/site-packages/airflow/example_dags/example_sensor_decorator.py took 0.068 seconds
[2026-04-07T04:16:04.315+0530] {processor.py:186} INFO - Started process (PID=6602) to work on /home/ubantu/miniconda3/envs/airflow-env/lib/python3.11/site-packages/airflow/example_dags/example_sensor_decorator.py
[2026-04-07T04:16:04.317+0530] {processor.py:914} INFO - Processing file /home/ubantu/miniconda3/envs/airflow-env/lib/python3.11/site-packages/airflow/example_dags/example_sensor_decorator.py for tasks to queue
[2026-04-07T04:16:04.319+0530] {logging_mixin.py:190} INFO - [2026-04-07T04:16:04.318+0530] {dagbag.py:588} INFO - Filling up the DagBag from /home/ubantu/miniconda3/envs/airflow-env/lib/python3.11/site-packages/airflow/example_dags/example_sensor_decorator.py
[2026-04-07T04:16:04.328+0530] {processor.py:925} INFO - DAG(s) 'example_sensor_decorator' retrieved from /home/ubantu/miniconda3/envs/airflow-env/lib/python3.11/site-packages/airflow/example_dags/example_sensor_decorator.py
[2026-04-07T04:16:04.343+0530] {logging_mixin.py:190} INFO - [2026-04-07T04:16:04.342+0530] {dag.py:3239} INFO - Sync 1 DAGs
[2026-04-07T04:16:04.355+0530] {logging_mixin.py:190} INFO - [2026-04-07T04:16:04.354+0530] {dag.py:4180} INFO - Setting next_dagrun for example_sensor_decorator to None, run_after=None
[2026-04-07T04:16:04.373+0530] {processor.py:208} INFO - Processing /home/ubantu/miniconda3/envs/airflow-env/lib/python3.11/site-packages/airflow/example_dags/example_sensor_decorator.py took 0.064 seconds
[2026-04-07T04:16:55.340+0530] {processor.py:186} INFO - Started process (PID=6659) to work on /home/ubantu/miniconda3/envs/airflow-env/lib/python3.11/site-packages/airflow/example_dags/example_sensor_decorator.py
[2026-04-07T04:16:55.342+0530] {processor.py:914} INFO - Processing file /home/ubantu/miniconda3/envs/airflow-env/lib/python3.11/site-packages/airflow/example_dags/example_sensor_decorator.py for tasks to queue
[2026-04-07T04:16:55.344+0530] {logging_mixin.py:190} INFO - [2026-04-07T04:16:55.344+0530] {dagbag.py:588} INFO - Filling up the DagBag from /home/ubantu/miniconda3/envs/airflow-env/lib/python3.11/site-packages/airflow/example_dags/example_sensor_decorator.py
[2026-04-07T04:16:55.353+0530] {processor.py:925} INFO - DAG(s) 'example_sensor_decorator' retrieved from /home/ubantu/miniconda3/envs/airflow-env/lib/python3.11/site-packages/airflow/example_dags/example_sensor_decorator.py
[2026-04-07T04:16:55.368+0530] {logging_mixin.py:190} INFO - [2026-04-07T04:16:55.367+0530] {dag.py:3239} INFO - Sync 1 DAGs
[2026-04-07T04:16:55.379+0530] {logging_mixin.py:190} INFO - [2026-04-07T04:16:55.379+0530] {dag.py:4180} INFO - Setting next_dagrun for example_sensor_decorator to None, run_after=None
[2026-04-07T04:16:55.397+0530] {processor.py:208} INFO - Processing /home/ubantu/miniconda3/envs/airflow-env/lib/python3.11/site-packages/airflow/example_dags/example_sensor_decorator.py took 0.063 seconds
[2026-04-07T04:17:43.392+0530] {processor.py:186} INFO - Started process (PID=6721) to work on /home/ubantu/miniconda3/envs/airflow-env/lib/python3.11/site-packages/airflow/example_dags/example_sensor_decorator.py
[2026-04-07T04:17:43.393+0530] {processor.py:914} INFO - Processing file /home/ubantu/miniconda3/envs/airflow-env/lib/python3.11/site-packages/airflow/example_dags/example_sensor_decorator.py for tasks to queue
[2026-04-07T04:17:43.395+0530] {logging_mixin.py:190} INFO - [2026-04-07T04:17:43.395+0530] {dagbag.py:588} INFO - Filling up the DagBag from /home/ubantu/miniconda3/envs/airflow-env/lib/python3.11/site-packages/airflow/example_dags/example_sensor_decorator.py
[2026-04-07T04:17:43.404+0530] {processor.py:925} INFO - DAG(s) 'example_sensor_decorator' retrieved from /home/ubantu/miniconda3/envs/airflow-env/lib/python3.11/site-packages/airflow/example_dags/example_sensor_decorator.py
[2026-04-07T04:17:43.419+0530] {logging_mixin.py:190} INFO - [2026-04-07T04:17:43.419+0530] {dag.py:3239} INFO - Sync 1 DAGs
[2026-04-07T04:17:43.431+0530] {logging_mixin.py:190} INFO - [2026-04-07T04:17:43.431+0530] {dag.py:4180} INFO - Setting next_dagrun for example_sensor_decorator to None, run_after=None
[2026-04-07T04:17:43.450+0530] {processor.py:208} INFO - Processing /home/ubantu/miniconda3/envs/airflow-env/lib/python3.11/site-packages/airflow/example_dags/example_sensor_decorator.py took 0.064 seconds
[2026-04-07T04:18:37.539+0530] {processor.py:186} INFO - Started process (PID=6830) to work on /home/ubantu/miniconda3/envs/airflow-env/lib/python3.11/site-packages/airflow/example_dags/example_sensor_decorator.py
[2026-04-07T04:18:37.540+0530] {processor.py:914} INFO - Processing file /home/ubantu/miniconda3/envs/airflow-env/lib/python3.11/site-packages/airflow/example_dags/example_sensor_decorator.py for tasks to queue
[2026-04-07T04:18:37.543+0530] {logging_mixin.py:190} INFO - [2026-04-07T04:18:37.542+0530] {dagbag.py:588} INFO - Filling up the DagBag from /home/ubantu/miniconda3/envs/airflow-env/lib/python3.11/site-packages/airflow/example_dags/example_sensor_decorator.py
[2026-04-07T04:18:37.552+0530] {processor.py:925} INFO - DAG(s) 'example_sensor_decorator' retrieved from /home/ubantu/miniconda3/envs/airflow-env/lib/python3.11/site-packages/airflow/example_dags/example_sensor_decorator.py
[2026-04-07T04:18:37.567+0530] {logging_mixin.py:190} INFO - [2026-04-07T04:18:37.567+0530] {dag.py:3239} INFO - Sync 1 DAGs
[2026-04-07T04:18:37.578+0530] {logging_mixin.py:190} INFO - [2026-04-07T04:18:37.578+0530] {dag.py:4180} INFO - Setting next_dagrun for example_sensor_decorator to None, run_after=None
[2026-04-07T04:18:37.596+0530] {processor.py:208} INFO - Processing /home/ubantu/miniconda3/envs/airflow-env/lib/python3.11/site-packages/airflow/example_dags/example_sensor_decorator.py took 0.064 seconds
[2026-04-07T04:19:30.276+0530] {processor.py:186} INFO - Started process (PID=6890) to work on /home/ubantu/miniconda3/envs/airflow-env/lib/python3.11/site-packages/airflow/example_dags/example_sensor_decorator.py
[2026-04-07T04:19:30.277+0530] {processor.py:914} INFO - Processing file /home/ubantu/miniconda3/envs/airflow-env/lib/python3.11/site-packages/airflow/example_dags/example_sensor_decorator.py for tasks to queue
[2026-04-07T04:19:30.279+0530] {logging_mixin.py:190} INFO - [2026-04-07T04:19:30.279+0530] {dagbag.py:588} INFO - Filling up the DagBag from /home/ubantu/miniconda3/envs/airflow-env/lib/python3.11/site-packages/airflow/example_dags/example_sensor_decorator.py
[2026-04-07T04:19:30.287+0530] {processor.py:925} INFO - DAG(s) 'example_sensor_decorator' retrieved from /home/ubantu/miniconda3/envs/airflow-env/lib/python3.11/site-packages/airflow/example_dags/example_sensor_decorator.py
[2026-04-07T04:19:30.302+0530] {logging_mixin.py:190} INFO - [2026-04-07T04:19:30.301+0530] {dag.py:3239} INFO - Sync 1 DAGs
[2026-04-07T04:19:30.314+0530] {logging_mixin.py:190} INFO - [2026-04-07T04:19:30.314+0530] {dag.py:4180} INFO - Setting next_dagrun for example_sensor_decorator to None, run_after=None
[2026-04-07T04:19:30.334+0530] {processor.py:208} INFO - Processing /home/ubantu/miniconda3/envs/airflow-env/lib/python3.11/site-packages/airflow/example_dags/example_sensor_decorator.py took 0.064 seconds
[2026-04-07T04:20:20.067+0530] {processor.py:186} INFO - Started process (PID=6951) to work on /home/ubantu/miniconda3/envs/airflow-env/lib/python3.11/site-packages/airflow/example_dags/example_sensor_decorator.py
[2026-04-07T04:20:20.068+0530] {processor.py:914} INFO - Processing file /home/ubantu/miniconda3/envs/airflow-env/lib/python3.11/site-packages/airflow/example_dags/example_sensor_decorator.py for tasks to queue
[2026-04-07T04:20:20.070+0530] {logging_mixin.py:190} INFO - [2026-04-07T04:20:20.070+0530] {dagbag.py:588} INFO - Filling up the DagBag from /home/ubantu/miniconda3/envs/airflow-env/lib/python3.11/site-packages/airflow/example_dags/example_sensor_decorator.py
[2026-04-07T04:20:20.079+0530] {processor.py:925} INFO - DAG(s) 'example_sensor_decorator' retrieved from /home/ubantu/miniconda3/envs/airflow-env/lib/python3.11/site-packages/airflow/example_dags/example_sensor_decorator.py
[2026-04-07T04:20:20.093+0530] {logging_mixin.py:190} INFO - [2026-04-07T04:20:20.093+0530] {dag.py:3239} INFO - Sync 1 DAGs
[2026-04-07T04:20:20.105+0530] {logging_mixin.py:190} INFO - [2026-04-07T04:20:20.105+0530] {dag.py:4180} INFO - Setting next_dagrun for example_sensor_decorator to None, run_after=None
[2026-04-07T04:20:20.126+0530] {processor.py:208} INFO - Processing /home/ubantu/miniconda3/envs/airflow-env/lib/python3.11/site-packages/airflow/example_dags/example_sensor_decorator.py took 0.065 seconds
[2026-04-07T04:21:13.228+0530] {processor.py:186} INFO - Started process (PID=7008) to work on /home/ubantu/miniconda3/envs/airflow-env/lib/python3.11/site-packages/airflow/example_dags/example_sensor_decorator.py
[2026-04-07T04:21:13.229+0530] {processor.py:914} INFO - Processing file /home/ubantu/miniconda3/envs/airflow-env/lib/python3.11/site-packages/airflow/example_dags/example_sensor_decorator.py for tasks to queue
[2026-04-07T04:21:13.231+0530] {logging_mixin.py:190} INFO - [2026-04-07T04:21:13.231+0530] {dagbag.py:588} INFO - Filling up the DagBag from /home/ubantu/miniconda3/envs/airflow-env/lib/python3.11/site-packages/airflow/example_dags/example_sensor_decorator.py
[2026-04-07T04:21:13.240+0530] {processor.py:925} INFO - DAG(s) 'example_sensor_decorator' retrieved from /home/ubantu/miniconda3/envs/airflow-env/lib/python3.11/site-packages/airflow/example_dags/example_sensor_decorator.py
[2026-04-07T04:21:13.255+0530] {logging_mixin.py:190} INFO - [2026-04-07T04:21:13.254+0530] {dag.py:3239} INFO - Sync 1 DAGs
[2026-04-07T04:21:13.266+0530] {logging_mixin.py:190} INFO - [2026-04-07T04:21:13.266+0530] {dag.py:4180} INFO - Setting next_dagrun for example_sensor_decorator to None, run_after=None
[2026-04-07T04:21:13.288+0530] {processor.py:208} INFO - Processing /home/ubantu/miniconda3/envs/airflow-env/lib/python3.11/site-packages/airflow/example_dags/example_sensor_decorator.py took 0.066 seconds
[2026-04-07T04:22:09.239+0530] {processor.py:186} INFO - Started process (PID=7072) to work on /home/ubantu/miniconda3/envs/airflow-env/lib/python3.11/site-packages/airflow/example_dags/example_sensor_decorator.py
[2026-04-07T04:22:09.240+0530] {processor.py:914} INFO - Processing file /home/ubantu/miniconda3/envs/airflow-env/lib/python3.11/site-packages/airflow/example_dags/example_sensor_decorator.py for tasks to queue
[2026-04-07T04:22:09.243+0530] {logging_mixin.py:190} INFO - [2026-04-07T04:22:09.242+0530] {dagbag.py:588} INFO - Filling up the DagBag from /home/ubantu/miniconda3/envs/airflow-env/lib/python3.11/site-packages/airflow/example_dags/example_sensor_decorator.py
[2026-04-07T04:22:09.251+0530] {processor.py:925} INFO - DAG(s) 'example_sensor_decorator' retrieved from /home/ubantu/miniconda3/envs/airflow-env/lib/python3.11/site-packages/airflow/example_dags/example_sensor_decorator.py
[2026-04-07T04:22:09.267+0530] {logging_mixin.py:190} INFO - [2026-04-07T04:22:09.267+0530] {dag.py:3239} INFO - Sync 1 DAGs
[2026-04-07T04:22:09.279+0530] {logging_mixin.py:190} INFO - [2026-04-07T04:22:09.279+0530] {dag.py:4180} INFO - Setting next_dagrun for example_sensor_decorator to None, run_after=None
[2026-04-07T04:22:09.297+0530] {processor.py:208} INFO - Processing /home/ubantu/miniconda3/envs/airflow-env/lib/python3.11/site-packages/airflow/example_dags/example_sensor_decorator.py took 0.063 seconds
[2026-04-07T04:23:02.617+0530] {processor.py:186} INFO - Started process (PID=7157) to work on /home/ubantu/miniconda3/envs/airflow-env/lib/python3.11/site-packages/airflow/example_dags/example_sensor_decorator.py
[2026-04-07T04:23:02.618+0530] {processor.py:914} INFO - Processing file /home/ubantu/miniconda3/envs/airflow-env/lib/python3.11/site-packages/airflow/example_dags/example_sensor_decorator.py for tasks to queue
[2026-04-07T04:23:02.620+0530] {logging_mixin.py:190} INFO - [2026-04-07T04:23:02.620+0530] {dagbag.py:588} INFO - Filling up the DagBag from /home/ubantu/miniconda3/envs/airflow-env/lib/python3.11/site-packages/airflow/example_dags/example_sensor_decorator.py
[2026-04-07T04:23:02.629+0530] {processor.py:925} INFO - DAG(s) 'example_sensor_decorator' retrieved from /home/ubantu/miniconda3/envs/airflow-env/lib/python3.11/site-packages/airflow/example_dags/example_sensor_decorator.py
[2026-04-07T04:23:02.644+0530] {logging_mixin.py:190} INFO - [2026-04-07T04:23:02.644+0530] {dag.py:3239} INFO - Sync 1 DAGs
[2026-04-07T04:23:02.656+0530] {logging_mixin.py:190} INFO - [2026-04-07T04:23:02.655+0530] {dag.py:4180} INFO - Setting next_dagrun for example_sensor_decorator to None, run_after=None
[2026-04-07T04:23:02.673+0530] {processor.py:208} INFO - Processing /home/ubantu/miniconda3/envs/airflow-env/lib/python3.11/site-packages/airflow/example_dags/example_sensor_decorator.py took 0.063 seconds
[2026-04-07T04:23:54.238+0530] {processor.py:186} INFO - Started process (PID=7246) to work on /home/ubantu/miniconda3/envs/airflow-env/lib/python3.11/site-packages/airflow/example_dags/example_sensor_decorator.py
[2026-04-07T04:23:54.240+0530] {processor.py:914} INFO - Processing file /home/ubantu/miniconda3/envs/airflow-env/lib/python3.11/site-packages/airflow/example_dags/example_sensor_decorator.py for tasks to queue
[2026-04-07T04:23:54.244+0530] {logging_mixin.py:190} INFO - [2026-04-07T04:23:54.243+0530] {dagbag.py:588} INFO - Filling up the DagBag from /home/ubantu/miniconda3/envs/airflow-env/lib/python3.11/site-packages/airflow/example_dags/example_sensor_decorator.py
[2026-04-07T04:23:54.260+0530] {processor.py:925} INFO - DAG(s) 'example_sensor_decorator' retrieved from /home/ubantu/miniconda3/envs/airflow-env/lib/python3.11/site-packages/airflow/example_dags/example_sensor_decorator.py
[2026-04-07T04:23:54.278+0530] {logging_mixin.py:190} INFO - [2026-04-07T04:23:54.277+0530] {dag.py:3239} INFO - Sync 1 DAGs
[2026-04-07T04:23:54.289+0530] {logging_mixin.py:190} INFO - [2026-04-07T04:23:54.289+0530] {dag.py:4180} INFO - Setting next_dagrun for example_sensor_decorator to None, run_after=None
[2026-04-07T04:23:54.307+0530] {processor.py:208} INFO - Processing /home/ubantu/miniconda3/envs/airflow-env/lib/python3.11/site-packages/airflow/example_dags/example_sensor_decorator.py took 0.081 seconds
[2026-04-07T04:24:46.107+0530] {processor.py:186} INFO - Started process (PID=7343) to work on /home/ubantu/miniconda3/envs/airflow-env/lib/python3.11/site-packages/airflow/example_dags/example_sensor_decorator.py
[2026-04-07T04:24:46.109+0530] {processor.py:914} INFO - Processing file /home/ubantu/miniconda3/envs/airflow-env/lib/python3.11/site-packages/airflow/example_dags/example_sensor_decorator.py for tasks to queue
[2026-04-07T04:24:46.111+0530] {logging_mixin.py:190} INFO - [2026-04-07T04:24:46.110+0530] {dagbag.py:588} INFO - Filling up the DagBag from /home/ubantu/miniconda3/envs/airflow-env/lib/python3.11/site-packages/airflow/example_dags/example_sensor_decorator.py
[2026-04-07T04:24:46.120+0530] {processor.py:925} INFO - DAG(s) 'example_sensor_decorator' retrieved from /home/ubantu/miniconda3/envs/airflow-env/lib/python3.11/site-packages/airflow/example_dags/example_sensor_decorator.py
[2026-04-07T04:24:46.134+0530] {logging_mixin.py:190} INFO - [2026-04-07T04:24:46.134+0530] {dag.py:3239} INFO - Sync 1 DAGs
[2026-04-07T04:24:46.146+0530] {logging_mixin.py:190} INFO - [2026-04-07T04:24:46.146+0530] {dag.py:4180} INFO - Setting next_dagrun for example_sensor_decorator to None, run_after=None
[2026-04-07T04:24:46.166+0530] {processor.py:208} INFO - Processing /home/ubantu/miniconda3/envs/airflow-env/lib/python3.11/site-packages/airflow/example_dags/example_sensor_decorator.py took 0.064 seconds
[2026-04-07T04:25:40.808+0530] {processor.py:186} INFO - Started process (PID=7435) to work on /home/ubantu/miniconda3/envs/airflow-env/lib/python3.11/site-packages/airflow/example_dags/example_sensor_decorator.py
[2026-04-07T04:25:40.809+0530] {processor.py:914} INFO - Processing file /home/ubantu/miniconda3/envs/airflow-env/lib/python3.11/site-packages/airflow/example_dags/example_sensor_decorator.py for tasks to queue
[2026-04-07T04:25:40.812+0530] {logging_mixin.py:190} INFO - [2026-04-07T04:25:40.812+0530] {dagbag.py:588} INFO - Filling up the DagBag from /home/ubantu/miniconda3/envs/airflow-env/lib/python3.11/site-packages/airflow/example_dags/example_sensor_decorator.py
[2026-04-07T04:25:40.824+0530] {processor.py:925} INFO - DAG(s) 'example_sensor_decorator' retrieved from /home/ubantu/miniconda3/envs/airflow-env/lib/python3.11/site-packages/airflow/example_dags/example_sensor_decorator.py
[2026-04-07T04:25:40.844+0530] {logging_mixin.py:190} INFO - [2026-04-07T04:25:40.844+0530] {dag.py:3239} INFO - Sync 1 DAGs
[2026-04-07T04:25:40.857+0530] {logging_mixin.py:190} INFO - [2026-04-07T04:25:40.857+0530] {dag.py:4180} INFO - Setting next_dagrun for example_sensor_decorator to None, run_after=None
[2026-04-07T04:25:40.875+0530] {processor.py:208} INFO - Processing /home/ubantu/miniconda3/envs/airflow-env/lib/python3.11/site-packages/airflow/example_dags/example_sensor_decorator.py took 0.075 seconds
[2026-04-07T04:26:36.149+0530] {processor.py:186} INFO - Started process (PID=7501) to work on /home/ubantu/miniconda3/envs/airflow-env/lib/python3.11/site-packages/airflow/example_dags/example_sensor_decorator.py
[2026-04-07T04:26:36.150+0530] {processor.py:914} INFO - Processing file /home/ubantu/miniconda3/envs/airflow-env/lib/python3.11/site-packages/airflow/example_dags/example_sensor_decorator.py for tasks to queue
[2026-04-07T04:26:36.152+0530] {logging_mixin.py:190} INFO - [2026-04-07T04:26:36.151+0530] {dagbag.py:588} INFO - Filling up the DagBag from /home/ubantu/miniconda3/envs/airflow-env/lib/python3.11/site-packages/airflow/example_dags/example_sensor_decorator.py
[2026-04-07T04:26:36.159+0530] {processor.py:925} INFO - DAG(s) 'example_sensor_decorator' retrieved from /home/ubantu/miniconda3/envs/airflow-env/lib/python3.11/site-packages/airflow/example_dags/example_sensor_decorator.py
[2026-04-07T04:26:36.176+0530] {logging_mixin.py:190} INFO - [2026-04-07T04:26:36.175+0530] {dag.py:3239} INFO - Sync 1 DAGs
[2026-04-07T04:26:36.193+0530] {logging_mixin.py:190} INFO - [2026-04-07T04:26:36.193+0530] {dag.py:4180} INFO - Setting next_dagrun for example_sensor_decorator to None, run_after=None
[2026-04-07T04:26:36.219+0530] {processor.py:208} INFO - Processing /home/ubantu/miniconda3/envs/airflow-env/lib/python3.11/site-packages/airflow/example_dags/example_sensor_decorator.py took 0.076 seconds
[2026-04-07T04:27:29.721+0530] {processor.py:186} INFO - Started process (PID=7568) to work on /home/ubantu/miniconda3/envs/airflow-env/lib/python3.11/site-packages/airflow/example_dags/example_sensor_decorator.py
[2026-04-07T04:27:29.722+0530] {processor.py:914} INFO - Processing file /home/ubantu/miniconda3/envs/airflow-env/lib/python3.11/site-packages/airflow/example_dags/example_sensor_decorator.py for tasks to queue
[2026-04-07T04:27:29.724+0530] {logging_mixin.py:190} INFO - [2026-04-07T04:27:29.724+0530] {dagbag.py:588} INFO - Filling up the DagBag from /home/ubantu/miniconda3/envs/airflow-env/lib/python3.11/site-packages/airflow/example_dags/example_sensor_decorator.py
[2026-04-07T04:27:29.732+0530] {processor.py:925} INFO - DAG(s) 'example_sensor_decorator' retrieved from /home/ubantu/miniconda3/envs/airflow-env/lib/python3.11/site-packages/airflow/example_dags/example_sensor_decorator.py
[2026-04-07T04:27:29.746+0530] {logging_mixin.py:190} INFO - [2026-04-07T04:27:29.745+0530] {dag.py:3239} INFO - Sync 1 DAGs
[2026-04-07T04:27:29.757+0530] {logging_mixin.py:190} INFO - [2026-04-07T04:27:29.757+0530] {dag.py:4180} INFO - Setting next_dagrun for example_sensor_decorator to None, run_after=None
[2026-04-07T04:27:29.775+0530] {processor.py:208} INFO - Processing /home/ubantu/miniconda3/envs/airflow-env/lib/python3.11/site-packages/airflow/example_dags/example_sensor_decorator.py took 0.063 seconds
[2026-04-07T04:28:20.984+0530] {processor.py:186} INFO - Started process (PID=7629) to work on /home/ubantu/miniconda3/envs/airflow-env/lib/python3.11/site-packages/airflow/example_dags/example_sensor_decorator.py
[2026-04-07T04:28:20.985+0530] {processor.py:914} INFO - Processing file /home/ubantu/miniconda3/envs/airflow-env/lib/python3.11/site-packages/airflow/example_dags/example_sensor_decorator.py for tasks to queue
[2026-04-07T04:28:20.986+0530] {logging_mixin.py:190} INFO - [2026-04-07T04:28:20.986+0530] {dagbag.py:588} INFO - Filling up the DagBag from /home/ubantu/miniconda3/envs/airflow-env/lib/python3.11/site-packages/airflow/example_dags/example_sensor_decorator.py
[2026-04-07T04:28:20.994+0530] {processor.py:925} INFO - DAG(s) 'example_sensor_decorator' retrieved from /home/ubantu/miniconda3/envs/airflow-env/lib/python3.11/site-packages/airflow/example_dags/example_sensor_decorator.py
[2026-04-07T04:28:21.008+0530] {logging_mixin.py:190} INFO - [2026-04-07T04:28:21.007+0530] {dag.py:3239} INFO - Sync 1 DAGs
[2026-04-07T04:28:21.018+0530] {logging_mixin.py:190} INFO - [2026-04-07T04:28:21.018+0530] {dag.py:4180} INFO - Setting next_dagrun for example_sensor_decorator to None, run_after=None
[2026-04-07T04:28:21.038+0530] {processor.py:208} INFO - Processing /home/ubantu/miniconda3/envs/airflow-env/lib/python3.11/site-packages/airflow/example_dags/example_sensor_decorator.py took 0.060 seconds
[2026-04-07T04:29:14.512+0530] {processor.py:186} INFO - Started process (PID=7699) to work on /home/ubantu/miniconda3/envs/airflow-env/lib/python3.11/site-packages/airflow/example_dags/example_sensor_decorator.py
[2026-04-07T04:29:14.514+0530] {processor.py:914} INFO - Processing file /home/ubantu/miniconda3/envs/airflow-env/lib/python3.11/site-packages/airflow/example_dags/example_sensor_decorator.py for tasks to queue
[2026-04-07T04:29:14.516+0530] {logging_mixin.py:190} INFO - [2026-04-07T04:29:14.515+0530] {dagbag.py:588} INFO - Filling up the DagBag from /home/ubantu/miniconda3/envs/airflow-env/lib/python3.11/site-packages/airflow/example_dags/example_sensor_decorator.py
[2026-04-07T04:29:14.523+0530] {processor.py:925} INFO - DAG(s) 'example_sensor_decorator' retrieved from /home/ubantu/miniconda3/envs/airflow-env/lib/python3.11/site-packages/airflow/example_dags/example_sensor_decorator.py
[2026-04-07T04:29:14.537+0530] {logging_mixin.py:190} INFO - [2026-04-07T04:29:14.536+0530] {dag.py:3239} INFO - Sync 1 DAGs
[2026-04-07T04:29:14.547+0530] {logging_mixin.py:190} INFO - [2026-04-07T04:29:14.547+0530] {dag.py:4180} INFO - Setting next_dagrun for example_sensor_decorator to None, run_after=None
[2026-04-07T04:29:14.590+0530] {processor.py:208} INFO - Processing /home/ubantu/miniconda3/envs/airflow-env/lib/python3.11/site-packages/airflow/example_dags/example_sensor_decorator.py took 0.084 seconds
[2026-04-07T04:30:12.143+0530] {processor.py:186} INFO - Started process (PID=7767) to work on /home/ubantu/miniconda3/envs/airflow-env/lib/python3.11/site-packages/airflow/example_dags/example_sensor_decorator.py
[2026-04-07T04:30:12.146+0530] {processor.py:914} INFO - Processing file /home/ubantu/miniconda3/envs/airflow-env/lib/python3.11/site-packages/airflow/example_dags/example_sensor_decorator.py for tasks to queue
[2026-04-07T04:30:12.148+0530] {logging_mixin.py:190} INFO - [2026-04-07T04:30:12.148+0530] {dagbag.py:588} INFO - Filling up the DagBag from /home/ubantu/miniconda3/envs/airflow-env/lib/python3.11/site-packages/airflow/example_dags/example_sensor_decorator.py
[2026-04-07T04:30:12.159+0530] {processor.py:925} INFO - DAG(s) 'example_sensor_decorator' retrieved from /home/ubantu/miniconda3/envs/airflow-env/lib/python3.11/site-packages/airflow/example_dags/example_sensor_decorator.py
[2026-04-07T04:30:12.174+0530] {logging_mixin.py:190} INFO - [2026-04-07T04:30:12.174+0530] {dag.py:3239} INFO - Sync 1 DAGs
[2026-04-07T04:30:12.187+0530] {logging_mixin.py:190} INFO - [2026-04-07T04:30:12.186+0530] {dag.py:4180} INFO - Setting next_dagrun for example_sensor_decorator to None, run_after=None
[2026-04-07T04:30:12.230+0530] {processor.py:208} INFO - Processing /home/ubantu/miniconda3/envs/airflow-env/lib/python3.11/site-packages/airflow/example_dags/example_sensor_decorator.py took 0.094 seconds
[2026-04-07T04:31:09.904+0530] {processor.py:186} INFO - Started process (PID=7835) to work on /home/ubantu/miniconda3/envs/airflow-env/lib/python3.11/site-packages/airflow/example_dags/example_sensor_decorator.py
[2026-04-07T04:31:09.907+0530] {processor.py:914} INFO - Processing file /home/ubantu/miniconda3/envs/airflow-env/lib/python3.11/site-packages/airflow/example_dags/example_sensor_decorator.py for tasks to queue
[2026-04-07T04:31:09.910+0530] {logging_mixin.py:190} INFO - [2026-04-07T04:31:09.909+0530] {dagbag.py:588} INFO - Filling up the DagBag from /home/ubantu/miniconda3/envs/airflow-env/lib/python3.11/site-packages/airflow/example_dags/example_sensor_decorator.py
[2026-04-07T04:31:09.920+0530] {processor.py:925} INFO - DAG(s) 'example_sensor_decorator' retrieved from /home/ubantu/miniconda3/envs/airflow-env/lib/python3.11/site-packages/airflow/example_dags/example_sensor_decorator.py
[2026-04-07T04:31:09.936+0530] {logging_mixin.py:190} INFO - [2026-04-07T04:31:09.936+0530] {dag.py:3239} INFO - Sync 1 DAGs
[2026-04-07T04:31:09.950+0530] {logging_mixin.py:190} INFO - [2026-04-07T04:31:09.950+0530] {dag.py:4180} INFO - Setting next_dagrun for example_sensor_decorator to None, run_after=None
[2026-04-07T04:31:09.993+0530] {processor.py:208} INFO - Processing /home/ubantu/miniconda3/envs/airflow-env/lib/python3.11/site-packages/airflow/example_dags/example_sensor_decorator.py took 0.095 seconds
[2026-04-07T04:32:08.488+0530] {processor.py:186} INFO - Started process (PID=7900) to work on /home/ubantu/miniconda3/envs/airflow-env/lib/python3.11/site-packages/airflow/example_dags/example_sensor_decorator.py
[2026-04-07T04:32:08.490+0530] {processor.py:914} INFO - Processing file /home/ubantu/miniconda3/envs/airflow-env/lib/python3.11/site-packages/airflow/example_dags/example_sensor_decorator.py for tasks to queue
[2026-04-07T04:32:08.492+0530] {logging_mixin.py:190} INFO - [2026-04-07T04:32:08.492+0530] {dagbag.py:588} INFO - Filling up the DagBag from /home/ubantu/miniconda3/envs/airflow-env/lib/python3.11/site-packages/airflow/example_dags/example_sensor_decorator.py
[2026-04-07T04:32:08.503+0530] {processor.py:925} INFO - DAG(s) 'example_sensor_decorator' retrieved from /home/ubantu/miniconda3/envs/airflow-env/lib/python3.11/site-packages/airflow/example_dags/example_sensor_decorator.py
[2026-04-07T04:32:08.520+0530] {logging_mixin.py:190} INFO - [2026-04-07T04:32:08.519+0530] {dag.py:3239} INFO - Sync 1 DAGs
[2026-04-07T04:32:08.532+0530] {logging_mixin.py:190} INFO - [2026-04-07T04:32:08.531+0530] {dag.py:4180} INFO - Setting next_dagrun for example_sensor_decorator to None, run_after=None
[2026-04-07T04:32:08.574+0530] {processor.py:208} INFO - Processing /home/ubantu/miniconda3/envs/airflow-env/lib/python3.11/site-packages/airflow/example_dags/example_sensor_decorator.py took 0.094 seconds
[2026-04-07T04:33:04.444+0530] {processor.py:186} INFO - Started process (PID=7976) to work on /home/ubantu/miniconda3/envs/airflow-env/lib/python3.11/site-packages/airflow/example_dags/example_sensor_decorator.py
[2026-04-07T04:33:04.446+0530] {processor.py:914} INFO - Processing file /home/ubantu/miniconda3/envs/airflow-env/lib/python3.11/site-packages/airflow/example_dags/example_sensor_decorator.py for tasks to queue
[2026-04-07T04:33:04.448+0530] {logging_mixin.py:190} INFO - [2026-04-07T04:33:04.448+0530] {dagbag.py:588} INFO - Filling up the DagBag from /home/ubantu/miniconda3/envs/airflow-env/lib/python3.11/site-packages/airflow/example_dags/example_sensor_decorator.py
[2026-04-07T04:33:04.460+0530] {processor.py:925} INFO - DAG(s) 'example_sensor_decorator' retrieved from /home/ubantu/miniconda3/envs/airflow-env/lib/python3.11/site-packages/airflow/example_dags/example_sensor_decorator.py
[2026-04-07T04:33:04.477+0530] {logging_mixin.py:190} INFO - [2026-04-07T04:33:04.477+0530] {dag.py:3239} INFO - Sync 1 DAGs
[2026-04-07T04:33:04.489+0530] {logging_mixin.py:190} INFO - [2026-04-07T04:33:04.489+0530] {dag.py:4180} INFO - Setting next_dagrun for example_sensor_decorator to None, run_after=None
[2026-04-07T04:33:04.507+0530] {processor.py:208} INFO - Processing /home/ubantu/miniconda3/envs/airflow-env/lib/python3.11/site-packages/airflow/example_dags/example_sensor_decorator.py took 0.071 seconds
[2026-04-07T04:33:59.418+0530] {processor.py:186} INFO - Started process (PID=8157) to work on /home/ubantu/miniconda3/envs/airflow-env/lib/python3.11/site-packages/airflow/example_dags/example_sensor_decorator.py
[2026-04-07T04:33:59.419+0530] {processor.py:914} INFO - Processing file /home/ubantu/miniconda3/envs/airflow-env/lib/python3.11/site-packages/airflow/example_dags/example_sensor_decorator.py for tasks to queue
[2026-04-07T04:33:59.421+0530] {logging_mixin.py:190} INFO - [2026-04-07T04:33:59.421+0530] {dagbag.py:588} INFO - Filling up the DagBag from /home/ubantu/miniconda3/envs/airflow-env/lib/python3.11/site-packages/airflow/example_dags/example_sensor_decorator.py
[2026-04-07T04:33:59.430+0530] {processor.py:925} INFO - DAG(s) 'example_sensor_decorator' retrieved from /home/ubantu/miniconda3/envs/airflow-env/lib/python3.11/site-packages/airflow/example_dags/example_sensor_decorator.py
[2026-04-07T04:33:59.450+0530] {logging_mixin.py:190} INFO - [2026-04-07T04:33:59.449+0530] {dag.py:3239} INFO - Sync 1 DAGs
[2026-04-07T04:33:59.463+0530] {logging_mixin.py:190} INFO - [2026-04-07T04:33:59.463+0530] {dag.py:4180} INFO - Setting next_dagrun for example_sensor_decorator to None, run_after=None
[2026-04-07T04:33:59.481+0530] {processor.py:208} INFO - Processing /home/ubantu/miniconda3/envs/airflow-env/lib/python3.11/site-packages/airflow/example_dags/example_sensor_decorator.py took 0.070 seconds
[2026-04-07T04:34:53.990+0530] {processor.py:186} INFO - Started process (PID=8224) to work on /home/ubantu/miniconda3/envs/airflow-env/lib/python3.11/site-packages/airflow/example_dags/example_sensor_decorator.py
[2026-04-07T04:34:53.991+0530] {processor.py:914} INFO - Processing file /home/ubantu/miniconda3/envs/airflow-env/lib/python3.11/site-packages/airflow/example_dags/example_sensor_decorator.py for tasks to queue
[2026-04-07T04:34:53.993+0530] {logging_mixin.py:190} INFO - [2026-04-07T04:34:53.993+0530] {dagbag.py:588} INFO - Filling up the DagBag from /home/ubantu/miniconda3/envs/airflow-env/lib/python3.11/site-packages/airflow/example_dags/example_sensor_decorator.py
[2026-04-07T04:34:54.002+0530] {processor.py:925} INFO - DAG(s) 'example_sensor_decorator' retrieved from /home/ubantu/miniconda3/envs/airflow-env/lib/python3.11/site-packages/airflow/example_dags/example_sensor_decorator.py
[2026-04-07T04:34:54.017+0530] {logging_mixin.py:190} INFO - [2026-04-07T04:34:54.016+0530] {dag.py:3239} INFO - Sync 1 DAGs
[2026-04-07T04:34:54.029+0530] {logging_mixin.py:190} INFO - [2026-04-07T04:34:54.029+0530] {dag.py:4180} INFO - Setting next_dagrun for example_sensor_decorator to None, run_after=None
[2026-04-07T04:34:54.049+0530] {processor.py:208} INFO - Processing /home/ubantu/miniconda3/envs/airflow-env/lib/python3.11/site-packages/airflow/example_dags/example_sensor_decorator.py took 0.065 seconds
[2026-04-07T04:35:46.803+0530] {processor.py:186} INFO - Started process (PID=8298) to work on /home/ubantu/miniconda3/envs/airflow-env/lib/python3.11/site-packages/airflow/example_dags/example_sensor_decorator.py
[2026-04-07T04:35:46.805+0530] {processor.py:914} INFO - Processing file /home/ubantu/miniconda3/envs/airflow-env/lib/python3.11/site-packages/airflow/example_dags/example_sensor_decorator.py for tasks to queue
[2026-04-07T04:35:46.807+0530] {logging_mixin.py:190} INFO - [2026-04-07T04:35:46.806+0530] {dagbag.py:588} INFO - Filling up the DagBag from /home/ubantu/miniconda3/envs/airflow-env/lib/python3.11/site-packages/airflow/example_dags/example_sensor_decorator.py
[2026-04-07T04:35:46.816+0530] {processor.py:925} INFO - DAG(s) 'example_sensor_decorator' retrieved from /home/ubantu/miniconda3/envs/airflow-env/lib/python3.11/site-packages/airflow/example_dags/example_sensor_decorator.py
[2026-04-07T04:35:46.830+0530] {logging_mixin.py:190} INFO - [2026-04-07T04:35:46.830+0530] {dag.py:3239} INFO - Sync 1 DAGs
[2026-04-07T04:35:46.842+0530] {logging_mixin.py:190} INFO - [2026-04-07T04:35:46.842+0530] {dag.py:4180} INFO - Setting next_dagrun for example_sensor_decorator to None, run_after=None
[2026-04-07T04:35:46.861+0530] {processor.py:208} INFO - Processing /home/ubantu/miniconda3/envs/airflow-env/lib/python3.11/site-packages/airflow/example_dags/example_sensor_decorator.py took 0.063 seconds
[2026-04-07T04:36:41.454+0530] {processor.py:186} INFO - Started process (PID=8372) to work on /home/ubantu/miniconda3/envs/airflow-env/lib/python3.11/site-packages/airflow/example_dags/example_sensor_decorator.py
[2026-04-07T04:36:41.456+0530] {processor.py:914} INFO - Processing file /home/ubantu/miniconda3/envs/airflow-env/lib/python3.11/site-packages/airflow/example_dags/example_sensor_decorator.py for tasks to queue
[2026-04-07T04:36:41.458+0530] {logging_mixin.py:190} INFO - [2026-04-07T04:36:41.458+0530] {dagbag.py:588} INFO - Filling up the DagBag from /home/ubantu/miniconda3/envs/airflow-env/lib/python3.11/site-packages/airflow/example_dags/example_sensor_decorator.py
[2026-04-07T04:36:41.470+0530] {processor.py:925} INFO - DAG(s) 'example_sensor_decorator' retrieved from /home/ubantu/miniconda3/envs/airflow-env/lib/python3.11/site-packages/airflow/example_dags/example_sensor_decorator.py
[2026-04-07T04:36:41.489+0530] {logging_mixin.py:190} INFO - [2026-04-07T04:36:41.489+0530] {dag.py:3239} INFO - Sync 1 DAGs
[2026-04-07T04:36:41.501+0530] {logging_mixin.py:190} INFO - [2026-04-07T04:36:41.501+0530] {dag.py:4180} INFO - Setting next_dagrun for example_sensor_decorator to None, run_after=None
[2026-04-07T04:36:41.518+0530] {processor.py:208} INFO - Processing /home/ubantu/miniconda3/envs/airflow-env/lib/python3.11/site-packages/airflow/example_dags/example_sensor_decorator.py took 0.072 seconds
[2026-04-07T04:37:34.881+0530] {processor.py:186} INFO - Started process (PID=8460) to work on /home/ubantu/miniconda3/envs/airflow-env/lib/python3.11/site-packages/airflow/example_dags/example_sensor_decorator.py
[2026-04-07T04:37:34.883+0530] {processor.py:914} INFO - Processing file /home/ubantu/miniconda3/envs/airflow-env/lib/python3.11/site-packages/airflow/example_dags/example_sensor_decorator.py for tasks to queue
[2026-04-07T04:37:34.884+0530] {logging_mixin.py:190} INFO - [2026-04-07T04:37:34.884+0530] {dagbag.py:588} INFO - Filling up the DagBag from /home/ubantu/miniconda3/envs/airflow-env/lib/python3.11/site-packages/airflow/example_dags/example_sensor_decorator.py
[2026-04-07T04:37:34.895+0530] {processor.py:925} INFO - DAG(s) 'example_sensor_decorator' retrieved from /home/ubantu/miniconda3/envs/airflow-env/lib/python3.11/site-packages/airflow/example_dags/example_sensor_decorator.py
[2026-04-07T04:37:34.911+0530] {logging_mixin.py:190} INFO - [2026-04-07T04:37:34.911+0530] {dag.py:3239} INFO - Sync 1 DAGs
[2026-04-07T04:37:34.924+0530] {logging_mixin.py:190} INFO - [2026-04-07T04:37:34.924+0530] {dag.py:4180} INFO - Setting next_dagrun for example_sensor_decorator to None, run_after=None
[2026-04-07T04:37:34.945+0530] {processor.py:208} INFO - Processing /home/ubantu/miniconda3/envs/airflow-env/lib/python3.11/site-packages/airflow/example_dags/example_sensor_decorator.py took 0.071 seconds
[2026-04-07T04:38:40.237+0530] {processor.py:186} INFO - Started process (PID=8568) to work on /home/ubantu/miniconda3/envs/airflow-env/lib/python3.11/site-packages/airflow/example_dags/example_sensor_decorator.py
[2026-04-07T04:38:40.238+0530] {processor.py:914} INFO - Processing file /home/ubantu/miniconda3/envs/airflow-env/lib/python3.11/site-packages/airflow/example_dags/example_sensor_decorator.py for tasks to queue
[2026-04-07T04:38:40.239+0530] {logging_mixin.py:190} INFO - [2026-04-07T04:38:40.239+0530] {dagbag.py:588} INFO - Filling up the DagBag from /home/ubantu/miniconda3/envs/airflow-env/lib/python3.11/site-packages/airflow/example_dags/example_sensor_decorator.py
[2026-04-07T04:38:40.249+0530] {processor.py:925} INFO - DAG(s) 'example_sensor_decorator' retrieved from /home/ubantu/miniconda3/envs/airflow-env/lib/python3.11/site-packages/airflow/example_dags/example_sensor_decorator.py
[2026-04-07T04:38:40.265+0530] {logging_mixin.py:190} INFO - [2026-04-07T04:38:40.264+0530] {dag.py:3239} INFO - Sync 1 DAGs
[2026-04-07T04:38:40.278+0530] {logging_mixin.py:190} INFO - [2026-04-07T04:38:40.277+0530] {dag.py:4180} INFO - Setting next_dagrun for example_sensor_decorator to None, run_after=None
[2026-04-07T04:38:40.298+0530] {processor.py:208} INFO - Processing /home/ubantu/miniconda3/envs/airflow-env/lib/python3.11/site-packages/airflow/example_dags/example_sensor_decorator.py took 0.067 seconds
[2026-04-07T04:39:37.997+0530] {processor.py:186} INFO - Started process (PID=8644) to work on /home/ubantu/miniconda3/envs/airflow-env/lib/python3.11/site-packages/airflow/example_dags/example_sensor_decorator.py
[2026-04-07T04:39:37.998+0530] {processor.py:914} INFO - Processing file /home/ubantu/miniconda3/envs/airflow-env/lib/python3.11/site-packages/airflow/example_dags/example_sensor_decorator.py for tasks to queue
[2026-04-07T04:39:38.000+0530] {logging_mixin.py:190} INFO - [2026-04-07T04:39:37.999+0530] {dagbag.py:588} INFO - Filling up the DagBag from /home/ubantu/miniconda3/envs/airflow-env/lib/python3.11/site-packages/airflow/example_dags/example_sensor_decorator.py
[2026-04-07T04:39:38.008+0530] {processor.py:925} INFO - DAG(s) 'example_sensor_decorator' retrieved from /home/ubantu/miniconda3/envs/airflow-env/lib/python3.11/site-packages/airflow/example_dags/example_sensor_decorator.py
[2026-04-07T04:39:38.024+0530] {logging_mixin.py:190} INFO - [2026-04-07T04:39:38.023+0530] {dag.py:3239} INFO - Sync 1 DAGs
[2026-04-07T04:39:38.036+0530] {logging_mixin.py:190} INFO - [2026-04-07T04:39:38.036+0530] {dag.py:4180} INFO - Setting next_dagrun for example_sensor_decorator to None, run_after=None
[2026-04-07T04:39:38.053+0530] {processor.py:208} INFO - Processing /home/ubantu/miniconda3/envs/airflow-env/lib/python3.11/site-packages/airflow/example_dags/example_sensor_decorator.py took 0.062 seconds
[2026-04-07T04:40:35.509+0530] {processor.py:186} INFO - Started process (PID=8723) to work on /home/ubantu/miniconda3/envs/airflow-env/lib/python3.11/site-packages/airflow/example_dags/example_sensor_decorator.py
[2026-04-07T04:40:35.510+0530] {processor.py:914} INFO - Processing file /home/ubantu/miniconda3/envs/airflow-env/lib/python3.11/site-packages/airflow/example_dags/example_sensor_decorator.py for tasks to queue
[2026-04-07T04:40:35.512+0530] {logging_mixin.py:190} INFO - [2026-04-07T04:40:35.511+0530] {dagbag.py:588} INFO - Filling up the DagBag from /home/ubantu/miniconda3/envs/airflow-env/lib/python3.11/site-packages/airflow/example_dags/example_sensor_decorator.py
[2026-04-07T04:40:35.521+0530] {processor.py:925} INFO - DAG(s) 'example_sensor_decorator' retrieved from /home/ubantu/miniconda3/envs/airflow-env/lib/python3.11/site-packages/airflow/example_dags/example_sensor_decorator.py
[2026-04-07T04:40:35.538+0530] {logging_mixin.py:190} INFO - [2026-04-07T04:40:35.538+0530] {dag.py:3239} INFO - Sync 1 DAGs
[2026-04-07T04:40:35.551+0530] {logging_mixin.py:190} INFO - [2026-04-07T04:40:35.551+0530] {dag.py:4180} INFO - Setting next_dagrun for example_sensor_decorator to None, run_after=None
[2026-04-07T04:40:35.569+0530] {processor.py:208} INFO - Processing /home/ubantu/miniconda3/envs/airflow-env/lib/python3.11/site-packages/airflow/example_dags/example_sensor_decorator.py took 0.066 seconds
[2026-04-07T04:41:26.094+0530] {processor.py:186} INFO - Started process (PID=8877) to work on /home/ubantu/miniconda3/envs/airflow-env/lib/python3.11/site-packages/airflow/example_dags/example_sensor_decorator.py
[2026-04-07T04:41:26.095+0530] {processor.py:914} INFO - Processing file /home/ubantu/miniconda3/envs/airflow-env/lib/python3.11/site-packages/airflow/example_dags/example_sensor_decorator.py for tasks to queue
[2026-04-07T04:41:26.097+0530] {logging_mixin.py:190} INFO - [2026-04-07T04:41:26.096+0530] {dagbag.py:588} INFO - Filling up the DagBag from /home/ubantu/miniconda3/envs/airflow-env/lib/python3.11/site-packages/airflow/example_dags/example_sensor_decorator.py
[2026-04-07T04:41:26.104+0530] {processor.py:925} INFO - DAG(s) 'example_sensor_decorator' retrieved from /home/ubantu/miniconda3/envs/airflow-env/lib/python3.11/site-packages/airflow/example_dags/example_sensor_decorator.py
[2026-04-07T04:41:26.119+0530] {logging_mixin.py:190} INFO - [2026-04-07T04:41:26.119+0530] {dag.py:3239} INFO - Sync 1 DAGs
[2026-04-07T04:41:26.130+0530] {logging_mixin.py:190} INFO - [2026-04-07T04:41:26.130+0530] {dag.py:4180} INFO - Setting next_dagrun for example_sensor_decorator to None, run_after=None
[2026-04-07T04:41:26.148+0530] {processor.py:208} INFO - Processing /home/ubantu/miniconda3/envs/airflow-env/lib/python3.11/site-packages/airflow/example_dags/example_sensor_decorator.py took 0.059 seconds
[2026-04-07T04:41:33.853+0530] {processor.py:186} INFO - Started process (PID=8893) to work on /home/ubantu/miniconda3/envs/airflow-env/lib/python3.11/site-packages/airflow/example_dags/example_sensor_decorator.py
[2026-04-07T04:41:33.854+0530] {processor.py:914} INFO - Processing file /home/ubantu/miniconda3/envs/airflow-env/lib/python3.11/site-packages/airflow/example_dags/example_sensor_decorator.py for tasks to queue
[2026-04-07T04:41:33.855+0530] {logging_mixin.py:190} INFO - [2026-04-07T04:41:33.855+0530] {dagbag.py:588} INFO - Filling up the DagBag from /home/ubantu/miniconda3/envs/airflow-env/lib/python3.11/site-packages/airflow/example_dags/example_sensor_decorator.py
[2026-04-07T04:41:33.867+0530] {processor.py:925} INFO - DAG(s) 'example_sensor_decorator' retrieved from /home/ubantu/miniconda3/envs/airflow-env/lib/python3.11/site-packages/airflow/example_dags/example_sensor_decorator.py
[2026-04-07T04:41:33.885+0530] {logging_mixin.py:190} INFO - [2026-04-07T04:41:33.884+0530] {dag.py:3239} INFO - Sync 1 DAGs
[2026-04-07T04:41:33.897+0530] {logging_mixin.py:190} INFO - [2026-04-07T04:41:33.897+0530] {dag.py:4180} INFO - Setting next_dagrun for example_sensor_decorator to None, run_after=None
[2026-04-07T04:41:33.917+0530] {processor.py:208} INFO - Processing /home/ubantu/miniconda3/envs/airflow-env/lib/python3.11/site-packages/airflow/example_dags/example_sensor_decorator.py took 0.072 seconds
[2026-04-07T04:42:19.806+0530] {processor.py:186} INFO - Started process (PID=9012) to work on /home/ubantu/miniconda3/envs/airflow-env/lib/python3.11/site-packages/airflow/example_dags/example_sensor_decorator.py
[2026-04-07T04:42:19.807+0530] {processor.py:914} INFO - Processing file /home/ubantu/miniconda3/envs/airflow-env/lib/python3.11/site-packages/airflow/example_dags/example_sensor_decorator.py for tasks to queue
[2026-04-07T04:42:19.809+0530] {logging_mixin.py:190} INFO - [2026-04-07T04:42:19.809+0530] {dagbag.py:588} INFO - Filling up the DagBag from /home/ubantu/miniconda3/envs/airflow-env/lib/python3.11/site-packages/airflow/example_dags/example_sensor_decorator.py
[2026-04-07T04:42:19.818+0530] {processor.py:925} INFO - DAG(s) 'example_sensor_decorator' retrieved from /home/ubantu/miniconda3/envs/airflow-env/lib/python3.11/site-packages/airflow/example_dags/example_sensor_decorator.py
[2026-04-07T04:42:19.839+0530] {logging_mixin.py:190} INFO - [2026-04-07T04:42:19.838+0530] {dag.py:3239} INFO - Sync 1 DAGs
[2026-04-07T04:42:19.852+0530] {logging_mixin.py:190} INFO - [2026-04-07T04:42:19.852+0530] {dag.py:4180} INFO - Setting next_dagrun for example_sensor_decorator to None, run_after=None
[2026-04-07T04:42:19.874+0530] {processor.py:208} INFO - Processing /home/ubantu/miniconda3/envs/airflow-env/lib/python3.11/site-packages/airflow/example_dags/example_sensor_decorator.py took 0.075 seconds
[2026-04-07T04:42:27.986+0530] {processor.py:186} INFO - Started process (PID=9031) to work on /home/ubantu/miniconda3/envs/airflow-env/lib/python3.11/site-packages/airflow/example_dags/example_sensor_decorator.py
[2026-04-07T04:42:27.987+0530] {processor.py:914} INFO - Processing file /home/ubantu/miniconda3/envs/airflow-env/lib/python3.11/site-packages/airflow/example_dags/example_sensor_decorator.py for tasks to queue
[2026-04-07T04:42:27.989+0530] {logging_mixin.py:190} INFO - [2026-04-07T04:42:27.988+0530] {dagbag.py:588} INFO - Filling up the DagBag from /home/ubantu/miniconda3/envs/airflow-env/lib/python3.11/site-packages/airflow/example_dags/example_sensor_decorator.py
[2026-04-07T04:42:28.000+0530] {processor.py:925} INFO - DAG(s) 'example_sensor_decorator' retrieved from /home/ubantu/miniconda3/envs/airflow-env/lib/python3.11/site-packages/airflow/example_dags/example_sensor_decorator.py
[2026-04-07T04:42:28.020+0530] {logging_mixin.py:190} INFO - [2026-04-07T04:42:28.020+0530] {dag.py:3239} INFO - Sync 1 DAGs
[2026-04-07T04:42:28.034+0530] {logging_mixin.py:190} INFO - [2026-04-07T04:42:28.034+0530] {dag.py:4180} INFO - Setting next_dagrun for example_sensor_decorator to None, run_after=None
[2026-04-07T04:42:28.055+0530] {processor.py:208} INFO - Processing /home/ubantu/miniconda3/envs/airflow-env/lib/python3.11/site-packages/airflow/example_dags/example_sensor_decorator.py took 0.077 seconds
[2026-04-07T04:43:17.736+0530] {processor.py:186} INFO - Started process (PID=9159) to work on /home/ubantu/miniconda3/envs/airflow-env/lib/python3.11/site-packages/airflow/example_dags/example_sensor_decorator.py
[2026-04-07T04:43:17.736+0530] {processor.py:914} INFO - Processing file /home/ubantu/miniconda3/envs/airflow-env/lib/python3.11/site-packages/airflow/example_dags/example_sensor_decorator.py for tasks to queue
[2026-04-07T04:43:17.739+0530] {logging_mixin.py:190} INFO - [2026-04-07T04:43:17.738+0530] {dagbag.py:588} INFO - Filling up the DagBag from /home/ubantu/miniconda3/envs/airflow-env/lib/python3.11/site-packages/airflow/example_dags/example_sensor_decorator.py
[2026-04-07T04:43:17.748+0530] {processor.py:925} INFO - DAG(s) 'example_sensor_decorator' retrieved from /home/ubantu/miniconda3/envs/airflow-env/lib/python3.11/site-packages/airflow/example_dags/example_sensor_decorator.py
[2026-04-07T04:43:17.766+0530] {logging_mixin.py:190} INFO - [2026-04-07T04:43:17.765+0530] {dag.py:3239} INFO - Sync 1 DAGs
[2026-04-07T04:43:17.780+0530] {logging_mixin.py:190} INFO - [2026-04-07T04:43:17.780+0530] {dag.py:4180} INFO - Setting next_dagrun for example_sensor_decorator to None, run_after=None
[2026-04-07T04:43:17.798+0530] {processor.py:208} INFO - Processing /home/ubantu/miniconda3/envs/airflow-env/lib/python3.11/site-packages/airflow/example_dags/example_sensor_decorator.py took 0.068 seconds
[2026-04-07T04:43:21.302+0530] {processor.py:186} INFO - Started process (PID=9166) to work on /home/ubantu/miniconda3/envs/airflow-env/lib/python3.11/site-packages/airflow/example_dags/example_sensor_decorator.py
[2026-04-07T04:43:21.303+0530] {processor.py:914} INFO - Processing file /home/ubantu/miniconda3/envs/airflow-env/lib/python3.11/site-packages/airflow/example_dags/example_sensor_decorator.py for tasks to queue
[2026-04-07T04:43:21.304+0530] {logging_mixin.py:190} INFO - [2026-04-07T04:43:21.304+0530] {dagbag.py:588} INFO - Filling up the DagBag from /home/ubantu/miniconda3/envs/airflow-env/lib/python3.11/site-packages/airflow/example_dags/example_sensor_decorator.py
[2026-04-07T04:43:21.313+0530] {processor.py:925} INFO - DAG(s) 'example_sensor_decorator' retrieved from /home/ubantu/miniconda3/envs/airflow-env/lib/python3.11/site-packages/airflow/example_dags/example_sensor_decorator.py
[2026-04-07T04:43:21.328+0530] {logging_mixin.py:190} INFO - [2026-04-07T04:43:21.328+0530] {dag.py:3239} INFO - Sync 1 DAGs
[2026-04-07T04:43:21.340+0530] {logging_mixin.py:190} INFO - [2026-04-07T04:43:21.340+0530] {dag.py:4180} INFO - Setting next_dagrun for example_sensor_decorator to None, run_after=None
[2026-04-07T04:43:21.359+0530] {processor.py:208} INFO - Processing /home/ubantu/miniconda3/envs/airflow-env/lib/python3.11/site-packages/airflow/example_dags/example_sensor_decorator.py took 0.064 seconds
[2026-04-07T04:44:14.294+0530] {processor.py:186} INFO - Started process (PID=9302) to work on /home/ubantu/miniconda3/envs/airflow-env/lib/python3.11/site-packages/airflow/example_dags/example_sensor_decorator.py
[2026-04-07T04:44:14.294+0530] {processor.py:914} INFO - Processing file /home/ubantu/miniconda3/envs/airflow-env/lib/python3.11/site-packages/airflow/example_dags/example_sensor_decorator.py for tasks to queue
[2026-04-07T04:44:14.296+0530] {logging_mixin.py:190} INFO - [2026-04-07T04:44:14.295+0530] {dagbag.py:588} INFO - Filling up the DagBag from /home/ubantu/miniconda3/envs/airflow-env/lib/python3.11/site-packages/airflow/example_dags/example_sensor_decorator.py
[2026-04-07T04:44:14.304+0530] {processor.py:925} INFO - DAG(s) 'example_sensor_decorator' retrieved from /home/ubantu/miniconda3/envs/airflow-env/lib/python3.11/site-packages/airflow/example_dags/example_sensor_decorator.py
[2026-04-07T04:44:14.317+0530] {logging_mixin.py:190} INFO - [2026-04-07T04:44:14.317+0530] {dag.py:3239} INFO - Sync 1 DAGs
[2026-04-07T04:44:14.329+0530] {logging_mixin.py:190} INFO - [2026-04-07T04:44:14.329+0530] {dag.py:4180} INFO - Setting next_dagrun for example_sensor_decorator to None, run_after=None
[2026-04-07T04:44:14.348+0530] {processor.py:208} INFO - Processing /home/ubantu/miniconda3/envs/airflow-env/lib/python3.11/site-packages/airflow/example_dags/example_sensor_decorator.py took 0.060 seconds
[2026-04-07T04:44:18.846+0530] {processor.py:186} INFO - Started process (PID=9310) to work on /home/ubantu/miniconda3/envs/airflow-env/lib/python3.11/site-packages/airflow/example_dags/example_sensor_decorator.py
[2026-04-07T04:44:18.847+0530] {processor.py:914} INFO - Processing file /home/ubantu/miniconda3/envs/airflow-env/lib/python3.11/site-packages/airflow/example_dags/example_sensor_decorator.py for tasks to queue
[2026-04-07T04:44:18.848+0530] {logging_mixin.py:190} INFO - [2026-04-07T04:44:18.848+0530] {dagbag.py:588} INFO - Filling up the DagBag from /home/ubantu/miniconda3/envs/airflow-env/lib/python3.11/site-packages/airflow/example_dags/example_sensor_decorator.py
[2026-04-07T04:44:18.856+0530] {processor.py:925} INFO - DAG(s) 'example_sensor_decorator' retrieved from /home/ubantu/miniconda3/envs/airflow-env/lib/python3.11/site-packages/airflow/example_dags/example_sensor_decorator.py
[2026-04-07T04:44:18.870+0530] {logging_mixin.py:190} INFO - [2026-04-07T04:44:18.870+0530] {dag.py:3239} INFO - Sync 1 DAGs
[2026-04-07T04:44:18.881+0530] {logging_mixin.py:190} INFO - [2026-04-07T04:44:18.881+0530] {dag.py:4180} INFO - Setting next_dagrun for example_sensor_decorator to None, run_after=None
[2026-04-07T04:44:19.001+0530] {processor.py:208} INFO - Processing /home/ubantu/miniconda3/envs/airflow-env/lib/python3.11/site-packages/airflow/example_dags/example_sensor_decorator.py took 0.160 seconds
[2026-04-07T04:45:11.039+0530] {processor.py:186} INFO - Started process (PID=9429) to work on /home/ubantu/miniconda3/envs/airflow-env/lib/python3.11/site-packages/airflow/example_dags/example_sensor_decorator.py
[2026-04-07T04:45:11.039+0530] {processor.py:914} INFO - Processing file /home/ubantu/miniconda3/envs/airflow-env/lib/python3.11/site-packages/airflow/example_dags/example_sensor_decorator.py for tasks to queue
[2026-04-07T04:45:11.040+0530] {logging_mixin.py:190} INFO - [2026-04-07T04:45:11.040+0530] {dagbag.py:588} INFO - Filling up the DagBag from /home/ubantu/miniconda3/envs/airflow-env/lib/python3.11/site-packages/airflow/example_dags/example_sensor_decorator.py
[2026-04-07T04:45:11.049+0530] {processor.py:925} INFO - DAG(s) 'example_sensor_decorator' retrieved from /home/ubantu/miniconda3/envs/airflow-env/lib/python3.11/site-packages/airflow/example_dags/example_sensor_decorator.py
[2026-04-07T04:45:11.064+0530] {logging_mixin.py:190} INFO - [2026-04-07T04:45:11.063+0530] {dag.py:3239} INFO - Sync 1 DAGs
[2026-04-07T04:45:11.076+0530] {logging_mixin.py:190} INFO - [2026-04-07T04:45:11.075+0530] {dag.py:4180} INFO - Setting next_dagrun for example_sensor_decorator to None, run_after=None
[2026-04-07T04:45:11.094+0530] {processor.py:208} INFO - Processing /home/ubantu/miniconda3/envs/airflow-env/lib/python3.11/site-packages/airflow/example_dags/example_sensor_decorator.py took 0.062 seconds
[2026-04-07T04:45:17.435+0530] {processor.py:186} INFO - Started process (PID=9443) to work on /home/ubantu/miniconda3/envs/airflow-env/lib/python3.11/site-packages/airflow/example_dags/example_sensor_decorator.py
[2026-04-07T04:45:17.436+0530] {processor.py:914} INFO - Processing file /home/ubantu/miniconda3/envs/airflow-env/lib/python3.11/site-packages/airflow/example_dags/example_sensor_decorator.py for tasks to queue
[2026-04-07T04:45:17.437+0530] {logging_mixin.py:190} INFO - [2026-04-07T04:45:17.437+0530] {dagbag.py:588} INFO - Filling up the DagBag from /home/ubantu/miniconda3/envs/airflow-env/lib/python3.11/site-packages/airflow/example_dags/example_sensor_decorator.py
[2026-04-07T04:45:17.445+0530] {processor.py:925} INFO - DAG(s) 'example_sensor_decorator' retrieved from /home/ubantu/miniconda3/envs/airflow-env/lib/python3.11/site-packages/airflow/example_dags/example_sensor_decorator.py
[2026-04-07T04:45:17.458+0530] {logging_mixin.py:190} INFO - [2026-04-07T04:45:17.457+0530] {dag.py:3239} INFO - Sync 1 DAGs
[2026-04-07T04:45:17.468+0530] {logging_mixin.py:190} INFO - [2026-04-07T04:45:17.468+0530] {dag.py:4180} INFO - Setting next_dagrun for example_sensor_decorator to None, run_after=None
[2026-04-07T04:45:17.485+0530] {processor.py:208} INFO - Processing /home/ubantu/miniconda3/envs/airflow-env/lib/python3.11/site-packages/airflow/example_dags/example_sensor_decorator.py took 0.057 seconds
[2026-04-07T04:46:03.683+0530] {processor.py:186} INFO - Started process (PID=9546) to work on /home/ubantu/miniconda3/envs/airflow-env/lib/python3.11/site-packages/airflow/example_dags/example_sensor_decorator.py
[2026-04-07T04:46:03.684+0530] {processor.py:914} INFO - Processing file /home/ubantu/miniconda3/envs/airflow-env/lib/python3.11/site-packages/airflow/example_dags/example_sensor_decorator.py for tasks to queue
[2026-04-07T04:46:03.686+0530] {logging_mixin.py:190} INFO - [2026-04-07T04:46:03.685+0530] {dagbag.py:588} INFO - Filling up the DagBag from /home/ubantu/miniconda3/envs/airflow-env/lib/python3.11/site-packages/airflow/example_dags/example_sensor_decorator.py
[2026-04-07T04:46:03.695+0530] {processor.py:925} INFO - DAG(s) 'example_sensor_decorator' retrieved from /home/ubantu/miniconda3/envs/airflow-env/lib/python3.11/site-packages/airflow/example_dags/example_sensor_decorator.py
[2026-04-07T04:46:03.709+0530] {logging_mixin.py:190} INFO - [2026-04-07T04:46:03.709+0530] {dag.py:3239} INFO - Sync 1 DAGs
[2026-04-07T04:46:03.722+0530] {logging_mixin.py:190} INFO - [2026-04-07T04:46:03.722+0530] {dag.py:4180} INFO - Setting next_dagrun for example_sensor_decorator to None, run_after=None
[2026-04-07T04:46:03.740+0530] {processor.py:208} INFO - Processing /home/ubantu/miniconda3/envs/airflow-env/lib/python3.11/site-packages/airflow/example_dags/example_sensor_decorator.py took 0.062 seconds
[2026-04-07T04:46:11.490+0530] {processor.py:186} INFO - Started process (PID=9565) to work on /home/ubantu/miniconda3/envs/airflow-env/lib/python3.11/site-packages/airflow/example_dags/example_sensor_decorator.py
[2026-04-07T04:46:11.491+0530] {processor.py:914} INFO - Processing file /home/ubantu/miniconda3/envs/airflow-env/lib/python3.11/site-packages/airflow/example_dags/example_sensor_decorator.py for tasks to queue
[2026-04-07T04:46:11.493+0530] {logging_mixin.py:190} INFO - [2026-04-07T04:46:11.493+0530] {dagbag.py:588} INFO - Filling up the DagBag from /home/ubantu/miniconda3/envs/airflow-env/lib/python3.11/site-packages/airflow/example_dags/example_sensor_decorator.py
[2026-04-07T04:46:11.502+0530] {processor.py:925} INFO - DAG(s) 'example_sensor_decorator' retrieved from /home/ubantu/miniconda3/envs/airflow-env/lib/python3.11/site-packages/airflow/example_dags/example_sensor_decorator.py
[2026-04-07T04:46:11.518+0530] {logging_mixin.py:190} INFO - [2026-04-07T04:46:11.518+0530] {dag.py:3239} INFO - Sync 1 DAGs
[2026-04-07T04:46:11.530+0530] {logging_mixin.py:190} INFO - [2026-04-07T04:46:11.530+0530] {dag.py:4180} INFO - Setting next_dagrun for example_sensor_decorator to None, run_after=None
[2026-04-07T04:46:11.551+0530] {processor.py:208} INFO - Processing /home/ubantu/miniconda3/envs/airflow-env/lib/python3.11/site-packages/airflow/example_dags/example_sensor_decorator.py took 0.067 seconds
[2026-04-07T04:46:57.318+0530] {processor.py:186} INFO - Started process (PID=9659) to work on /home/ubantu/miniconda3/envs/airflow-env/lib/python3.11/site-packages/airflow/example_dags/example_sensor_decorator.py
[2026-04-07T04:46:57.319+0530] {processor.py:914} INFO - Processing file /home/ubantu/miniconda3/envs/airflow-env/lib/python3.11/site-packages/airflow/example_dags/example_sensor_decorator.py for tasks to queue
[2026-04-07T04:46:57.320+0530] {logging_mixin.py:190} INFO - [2026-04-07T04:46:57.319+0530] {dagbag.py:588} INFO - Filling up the DagBag from /home/ubantu/miniconda3/envs/airflow-env/lib/python3.11/site-packages/airflow/example_dags/example_sensor_decorator.py
[2026-04-07T04:46:57.329+0530] {processor.py:925} INFO - DAG(s) 'example_sensor_decorator' retrieved from /home/ubantu/miniconda3/envs/airflow-env/lib/python3.11/site-packages/airflow/example_dags/example_sensor_decorator.py
[2026-04-07T04:46:57.344+0530] {logging_mixin.py:190} INFO - [2026-04-07T04:46:57.343+0530] {dag.py:3239} INFO - Sync 1 DAGs
[2026-04-07T04:46:57.356+0530] {logging_mixin.py:190} INFO - [2026-04-07T04:46:57.356+0530] {dag.py:4180} INFO - Setting next_dagrun for example_sensor_decorator to None, run_after=None
[2026-04-07T04:46:57.373+0530] {processor.py:208} INFO - Processing /home/ubantu/miniconda3/envs/airflow-env/lib/python3.11/site-packages/airflow/example_dags/example_sensor_decorator.py took 0.062 seconds
[2026-04-07T04:47:09.614+0530] {processor.py:186} INFO - Started process (PID=9691) to work on /home/ubantu/miniconda3/envs/airflow-env/lib/python3.11/site-packages/airflow/example_dags/example_sensor_decorator.py
[2026-04-07T04:47:09.615+0530] {processor.py:914} INFO - Processing file /home/ubantu/miniconda3/envs/airflow-env/lib/python3.11/site-packages/airflow/example_dags/example_sensor_decorator.py for tasks to queue
[2026-04-07T04:47:09.617+0530] {logging_mixin.py:190} INFO - [2026-04-07T04:47:09.616+0530] {dagbag.py:588} INFO - Filling up the DagBag from /home/ubantu/miniconda3/envs/airflow-env/lib/python3.11/site-packages/airflow/example_dags/example_sensor_decorator.py
[2026-04-07T04:47:09.626+0530] {processor.py:925} INFO - DAG(s) 'example_sensor_decorator' retrieved from /home/ubantu/miniconda3/envs/airflow-env/lib/python3.11/site-packages/airflow/example_dags/example_sensor_decorator.py
[2026-04-07T04:47:09.644+0530] {logging_mixin.py:190} INFO - [2026-04-07T04:47:09.643+0530] {dag.py:3239} INFO - Sync 1 DAGs
[2026-04-07T04:47:09.657+0530] {logging_mixin.py:190} INFO - [2026-04-07T04:47:09.656+0530] {dag.py:4180} INFO - Setting next_dagrun for example_sensor_decorator to None, run_after=None
[2026-04-07T04:47:09.674+0530] {processor.py:208} INFO - Processing /home/ubantu/miniconda3/envs/airflow-env/lib/python3.11/site-packages/airflow/example_dags/example_sensor_decorator.py took 0.065 seconds
[2026-04-07T04:47:50.305+0530] {processor.py:186} INFO - Started process (PID=9792) to work on /home/ubantu/miniconda3/envs/airflow-env/lib/python3.11/site-packages/airflow/example_dags/example_sensor_decorator.py
[2026-04-07T04:47:50.306+0530] {processor.py:914} INFO - Processing file /home/ubantu/miniconda3/envs/airflow-env/lib/python3.11/site-packages/airflow/example_dags/example_sensor_decorator.py for tasks to queue
[2026-04-07T04:47:50.308+0530] {logging_mixin.py:190} INFO - [2026-04-07T04:47:50.307+0530] {dagbag.py:588} INFO - Filling up the DagBag from /home/ubantu/miniconda3/envs/airflow-env/lib/python3.11/site-packages/airflow/example_dags/example_sensor_decorator.py
[2026-04-07T04:47:50.318+0530] {processor.py:925} INFO - DAG(s) 'example_sensor_decorator' retrieved from /home/ubantu/miniconda3/envs/airflow-env/lib/python3.11/site-packages/airflow/example_dags/example_sensor_decorator.py
[2026-04-07T04:47:50.335+0530] {logging_mixin.py:190} INFO - [2026-04-07T04:47:50.335+0530] {dag.py:3239} INFO - Sync 1 DAGs
[2026-04-07T04:47:50.347+0530] {logging_mixin.py:190} INFO - [2026-04-07T04:47:50.347+0530] {dag.py:4180} INFO - Setting next_dagrun for example_sensor_decorator to None, run_after=None
[2026-04-07T04:47:50.364+0530] {processor.py:208} INFO - Processing /home/ubantu/miniconda3/envs/airflow-env/lib/python3.11/site-packages/airflow/example_dags/example_sensor_decorator.py took 0.066 seconds
[2026-04-07T04:48:08.574+0530] {processor.py:186} INFO - Started process (PID=9838) to work on /home/ubantu/miniconda3/envs/airflow-env/lib/python3.11/site-packages/airflow/example_dags/example_sensor_decorator.py
[2026-04-07T04:48:08.575+0530] {processor.py:914} INFO - Processing file /home/ubantu/miniconda3/envs/airflow-env/lib/python3.11/site-packages/airflow/example_dags/example_sensor_decorator.py for tasks to queue
[2026-04-07T04:48:08.578+0530] {logging_mixin.py:190} INFO - [2026-04-07T04:48:08.577+0530] {dagbag.py:588} INFO - Filling up the DagBag from /home/ubantu/miniconda3/envs/airflow-env/lib/python3.11/site-packages/airflow/example_dags/example_sensor_decorator.py
[2026-04-07T04:48:08.588+0530] {processor.py:925} INFO - DAG(s) 'example_sensor_decorator' retrieved from /home/ubantu/miniconda3/envs/airflow-env/lib/python3.11/site-packages/airflow/example_dags/example_sensor_decorator.py
[2026-04-07T04:48:08.607+0530] {logging_mixin.py:190} INFO - [2026-04-07T04:48:08.607+0530] {dag.py:3239} INFO - Sync 1 DAGs
[2026-04-07T04:48:08.618+0530] {logging_mixin.py:190} INFO - [2026-04-07T04:48:08.618+0530] {dag.py:4180} INFO - Setting next_dagrun for example_sensor_decorator to None, run_after=None
[2026-04-07T04:48:08.636+0530] {processor.py:208} INFO - Processing /home/ubantu/miniconda3/envs/airflow-env/lib/python3.11/site-packages/airflow/example_dags/example_sensor_decorator.py took 0.068 seconds
[2026-04-07T05:10:06.504+0530] {processor.py:186} INFO - Started process (PID=10980) to work on /home/ubantu/miniconda3/envs/airflow-env/lib/python3.11/site-packages/airflow/example_dags/example_sensor_decorator.py
[2026-04-07T05:10:06.505+0530] {processor.py:914} INFO - Processing file /home/ubantu/miniconda3/envs/airflow-env/lib/python3.11/site-packages/airflow/example_dags/example_sensor_decorator.py for tasks to queue
[2026-04-07T05:10:06.507+0530] {logging_mixin.py:190} INFO - [2026-04-07T05:10:06.507+0530] {dagbag.py:588} INFO - Filling up the DagBag from /home/ubantu/miniconda3/envs/airflow-env/lib/python3.11/site-packages/airflow/example_dags/example_sensor_decorator.py
[2026-04-07T05:10:06.517+0530] {processor.py:925} INFO - DAG(s) 'example_sensor_decorator' retrieved from /home/ubantu/miniconda3/envs/airflow-env/lib/python3.11/site-packages/airflow/example_dags/example_sensor_decorator.py
[2026-04-07T05:10:06.604+0530] {logging_mixin.py:190} INFO - [2026-04-07T05:10:06.603+0530] {dag.py:3239} INFO - Sync 1 DAGs
[2026-04-07T05:10:06.612+0530] {logging_mixin.py:190} INFO - [2026-04-07T05:10:06.612+0530] {dag.py:4180} INFO - Setting next_dagrun for example_sensor_decorator to None, run_after=None
[2026-04-07T05:10:06.630+0530] {processor.py:208} INFO - Processing /home/ubantu/miniconda3/envs/airflow-env/lib/python3.11/site-packages/airflow/example_dags/example_sensor_decorator.py took 0.134 seconds
[2026-04-07T05:11:37.271+0530] {processor.py:186} INFO - Started process (PID=11130) to work on /home/ubantu/miniconda3/envs/airflow-env/lib/python3.11/site-packages/airflow/example_dags/example_sensor_decorator.py
[2026-04-07T05:11:37.272+0530] {processor.py:914} INFO - Processing file /home/ubantu/miniconda3/envs/airflow-env/lib/python3.11/site-packages/airflow/example_dags/example_sensor_decorator.py for tasks to queue
[2026-04-07T05:11:37.275+0530] {logging_mixin.py:190} INFO - [2026-04-07T05:11:37.274+0530] {dagbag.py:588} INFO - Filling up the DagBag from /home/ubantu/miniconda3/envs/airflow-env/lib/python3.11/site-packages/airflow/example_dags/example_sensor_decorator.py
[2026-04-07T05:11:37.285+0530] {processor.py:925} INFO - DAG(s) 'example_sensor_decorator' retrieved from /home/ubantu/miniconda3/envs/airflow-env/lib/python3.11/site-packages/airflow/example_dags/example_sensor_decorator.py
[2026-04-07T05:11:37.304+0530] {logging_mixin.py:190} INFO - [2026-04-07T05:11:37.304+0530] {dag.py:3239} INFO - Sync 1 DAGs
[2026-04-07T05:11:37.316+0530] {logging_mixin.py:190} INFO - [2026-04-07T05:11:37.315+0530] {dag.py:4180} INFO - Setting next_dagrun for example_sensor_decorator to None, run_after=None
[2026-04-07T05:11:37.333+0530] {processor.py:208} INFO - Processing /home/ubantu/miniconda3/envs/airflow-env/lib/python3.11/site-packages/airflow/example_dags/example_sensor_decorator.py took 0.070 seconds
[2026-04-07T05:12:36.574+0530] {processor.py:186} INFO - Started process (PID=11212) to work on /home/ubantu/miniconda3/envs/airflow-env/lib/python3.11/site-packages/airflow/example_dags/example_sensor_decorator.py
[2026-04-07T05:12:36.576+0530] {processor.py:914} INFO - Processing file /home/ubantu/miniconda3/envs/airflow-env/lib/python3.11/site-packages/airflow/example_dags/example_sensor_decorator.py for tasks to queue
[2026-04-07T05:12:36.578+0530] {logging_mixin.py:190} INFO - [2026-04-07T05:12:36.578+0530] {dagbag.py:588} INFO - Filling up the DagBag from /home/ubantu/miniconda3/envs/airflow-env/lib/python3.11/site-packages/airflow/example_dags/example_sensor_decorator.py
[2026-04-07T05:12:36.589+0530] {processor.py:925} INFO - DAG(s) 'example_sensor_decorator' retrieved from /home/ubantu/miniconda3/envs/airflow-env/lib/python3.11/site-packages/airflow/example_dags/example_sensor_decorator.py
[2026-04-07T05:12:36.603+0530] {logging_mixin.py:190} INFO - [2026-04-07T05:12:36.603+0530] {dag.py:3239} INFO - Sync 1 DAGs
[2026-04-07T05:12:36.614+0530] {logging_mixin.py:190} INFO - [2026-04-07T05:12:36.614+0530] {dag.py:4180} INFO - Setting next_dagrun for example_sensor_decorator to None, run_after=None
[2026-04-07T05:12:36.632+0530] {processor.py:208} INFO - Processing /home/ubantu/miniconda3/envs/airflow-env/lib/python3.11/site-packages/airflow/example_dags/example_sensor_decorator.py took 0.065 seconds
[2026-04-07T05:13:37.772+0530] {processor.py:186} INFO - Started process (PID=11303) to work on /home/ubantu/miniconda3/envs/airflow-env/lib/python3.11/site-packages/airflow/example_dags/example_sensor_decorator.py
[2026-04-07T05:13:37.775+0530] {processor.py:914} INFO - Processing file /home/ubantu/miniconda3/envs/airflow-env/lib/python3.11/site-packages/airflow/example_dags/example_sensor_decorator.py for tasks to queue
[2026-04-07T05:13:37.779+0530] {logging_mixin.py:190} INFO - [2026-04-07T05:13:37.779+0530] {dagbag.py:588} INFO - Filling up the DagBag from /home/ubantu/miniconda3/envs/airflow-env/lib/python3.11/site-packages/airflow/example_dags/example_sensor_decorator.py
[2026-04-07T05:13:37.801+0530] {processor.py:925} INFO - DAG(s) 'example_sensor_decorator' retrieved from /home/ubantu/miniconda3/envs/airflow-env/lib/python3.11/site-packages/airflow/example_dags/example_sensor_decorator.py
[2026-04-07T05:13:37.834+0530] {logging_mixin.py:190} INFO - [2026-04-07T05:13:37.834+0530] {dag.py:3239} INFO - Sync 1 DAGs
[2026-04-07T05:13:37.849+0530] {logging_mixin.py:190} INFO - [2026-04-07T05:13:37.849+0530] {dag.py:4180} INFO - Setting next_dagrun for example_sensor_decorator to None, run_after=None
[2026-04-07T05:13:37.980+0530] {processor.py:208} INFO - Processing /home/ubantu/miniconda3/envs/airflow-env/lib/python3.11/site-packages/airflow/example_dags/example_sensor_decorator.py took 0.220 seconds
[2026-04-07T05:17:47.578+0530] {processor.py:186} INFO - Started process (PID=11589) to work on /home/ubantu/miniconda3/envs/airflow-env/lib/python3.11/site-packages/airflow/example_dags/example_sensor_decorator.py
[2026-04-07T05:17:47.579+0530] {processor.py:914} INFO - Processing file /home/ubantu/miniconda3/envs/airflow-env/lib/python3.11/site-packages/airflow/example_dags/example_sensor_decorator.py for tasks to queue
[2026-04-07T05:17:47.581+0530] {logging_mixin.py:190} INFO - [2026-04-07T05:17:47.581+0530] {dagbag.py:588} INFO - Filling up the DagBag from /home/ubantu/miniconda3/envs/airflow-env/lib/python3.11/site-packages/airflow/example_dags/example_sensor_decorator.py
[2026-04-07T05:17:47.591+0530] {processor.py:925} INFO - DAG(s) 'example_sensor_decorator' retrieved from /home/ubantu/miniconda3/envs/airflow-env/lib/python3.11/site-packages/airflow/example_dags/example_sensor_decorator.py
[2026-04-07T05:17:47.607+0530] {logging_mixin.py:190} INFO - [2026-04-07T05:17:47.607+0530] {dag.py:3239} INFO - Sync 1 DAGs
[2026-04-07T05:17:47.618+0530] {logging_mixin.py:190} INFO - [2026-04-07T05:17:47.617+0530] {dag.py:4180} INFO - Setting next_dagrun for example_sensor_decorator to None, run_after=None
[2026-04-07T05:17:47.635+0530] {processor.py:208} INFO - Processing /home/ubantu/miniconda3/envs/airflow-env/lib/python3.11/site-packages/airflow/example_dags/example_sensor_decorator.py took 0.064 seconds
