[2026-04-07T04:07:25.246+0530] {processor.py:186} INFO - Started process (PID=5629) to work on /home/ubantu/miniconda3/envs/airflow-env/lib/python3.11/site-packages/airflow/example_dags/tutorial_objectstorage.py
[2026-04-07T04:07:25.247+0530] {processor.py:914} INFO - Processing file /home/ubantu/miniconda3/envs/airflow-env/lib/python3.11/site-packages/airflow/example_dags/tutorial_objectstorage.py for tasks to queue
[2026-04-07T04:07:25.250+0530] {logging_mixin.py:190} INFO - [2026-04-07T04:07:25.249+0530] {dagbag.py:588} INFO - Filling up the DagBag from /home/ubantu/miniconda3/envs/airflow-env/lib/python3.11/site-packages/airflow/example_dags/tutorial_objectstorage.py
[2026-04-07T04:07:25.263+0530] {processor.py:925} INFO - DAG(s) 'tutorial_objectstorage' retrieved from /home/ubantu/miniconda3/envs/airflow-env/lib/python3.11/site-packages/airflow/example_dags/tutorial_objectstorage.py
[2026-04-07T04:07:25.375+0530] {logging_mixin.py:190} INFO - [2026-04-07T04:07:25.374+0530] {override.py:1911} INFO - Created Permission View: can delete on DAG:tutorial_objectstorage
[2026-04-07T04:07:25.388+0530] {logging_mixin.py:190} INFO - [2026-04-07T04:07:25.388+0530] {override.py:1911} INFO - Created Permission View: can edit on DAG:tutorial_objectstorage
[2026-04-07T04:07:25.399+0530] {logging_mixin.py:190} INFO - [2026-04-07T04:07:25.398+0530] {override.py:1911} INFO - Created Permission View: can read on DAG:tutorial_objectstorage
[2026-04-07T04:07:25.413+0530] {logging_mixin.py:190} INFO - [2026-04-07T04:07:25.412+0530] {override.py:1911} INFO - Created Permission View: can create on DAG Run:tutorial_objectstorage
[2026-04-07T04:07:25.422+0530] {logging_mixin.py:190} INFO - [2026-04-07T04:07:25.422+0530] {override.py:1911} INFO - Created Permission View: can delete on DAG Run:tutorial_objectstorage
[2026-04-07T04:07:25.432+0530] {logging_mixin.py:190} INFO - [2026-04-07T04:07:25.431+0530] {override.py:1911} INFO - Created Permission View: menu access on DAG Run:tutorial_objectstorage
[2026-04-07T04:07:25.443+0530] {logging_mixin.py:190} INFO - [2026-04-07T04:07:25.442+0530] {override.py:1911} INFO - Created Permission View: can read on DAG Run:tutorial_objectstorage
[2026-04-07T04:07:25.443+0530] {logging_mixin.py:190} INFO - [2026-04-07T04:07:25.443+0530] {dag.py:3239} INFO - Sync 1 DAGs
[2026-04-07T04:07:25.460+0530] {logging_mixin.py:190} INFO - [2026-04-07T04:07:25.460+0530] {dag.py:3262} INFO - Creating ORM DAG for tutorial_objectstorage
[2026-04-07T04:07:25.461+0530] {logging_mixin.py:190} INFO - [2026-04-07T04:07:25.461+0530] {dag.py:4180} INFO - Setting next_dagrun for tutorial_objectstorage to None, run_after=None
[2026-04-07T04:07:25.491+0530] {processor.py:208} INFO - Processing /home/ubantu/miniconda3/envs/airflow-env/lib/python3.11/site-packages/airflow/example_dags/tutorial_objectstorage.py took 0.253 seconds
[2026-04-07T04:08:30.245+0530] {processor.py:186} INFO - Started process (PID=5935) to work on /home/ubantu/miniconda3/envs/airflow-env/lib/python3.11/site-packages/airflow/example_dags/tutorial_objectstorage.py
[2026-04-07T04:08:30.246+0530] {processor.py:914} INFO - Processing file /home/ubantu/miniconda3/envs/airflow-env/lib/python3.11/site-packages/airflow/example_dags/tutorial_objectstorage.py for tasks to queue
[2026-04-07T04:08:30.248+0530] {logging_mixin.py:190} INFO - [2026-04-07T04:08:30.248+0530] {dagbag.py:588} INFO - Filling up the DagBag from /home/ubantu/miniconda3/envs/airflow-env/lib/python3.11/site-packages/airflow/example_dags/tutorial_objectstorage.py
[2026-04-07T04:08:30.258+0530] {processor.py:925} INFO - DAG(s) 'tutorial_objectstorage' retrieved from /home/ubantu/miniconda3/envs/airflow-env/lib/python3.11/site-packages/airflow/example_dags/tutorial_objectstorage.py
[2026-04-07T04:08:30.273+0530] {logging_mixin.py:190} INFO - [2026-04-07T04:08:30.272+0530] {dag.py:3239} INFO - Sync 1 DAGs
[2026-04-07T04:08:30.285+0530] {logging_mixin.py:190} INFO - [2026-04-07T04:08:30.285+0530] {dag.py:4180} INFO - Setting next_dagrun for tutorial_objectstorage to None, run_after=None
[2026-04-07T04:08:30.305+0530] {processor.py:208} INFO - Processing /home/ubantu/miniconda3/envs/airflow-env/lib/python3.11/site-packages/airflow/example_dags/tutorial_objectstorage.py took 0.066 seconds
[2026-04-07T04:09:26.929+0530] {processor.py:186} INFO - Started process (PID=6125) to work on /home/ubantu/miniconda3/envs/airflow-env/lib/python3.11/site-packages/airflow/example_dags/tutorial_objectstorage.py
[2026-04-07T04:09:26.930+0530] {processor.py:914} INFO - Processing file /home/ubantu/miniconda3/envs/airflow-env/lib/python3.11/site-packages/airflow/example_dags/tutorial_objectstorage.py for tasks to queue
[2026-04-07T04:09:26.932+0530] {logging_mixin.py:190} INFO - [2026-04-07T04:09:26.932+0530] {dagbag.py:588} INFO - Filling up the DagBag from /home/ubantu/miniconda3/envs/airflow-env/lib/python3.11/site-packages/airflow/example_dags/tutorial_objectstorage.py
[2026-04-07T04:09:26.942+0530] {processor.py:925} INFO - DAG(s) 'tutorial_objectstorage' retrieved from /home/ubantu/miniconda3/envs/airflow-env/lib/python3.11/site-packages/airflow/example_dags/tutorial_objectstorage.py
[2026-04-07T04:09:26.958+0530] {logging_mixin.py:190} INFO - [2026-04-07T04:09:26.957+0530] {dag.py:3239} INFO - Sync 1 DAGs
[2026-04-07T04:09:26.969+0530] {logging_mixin.py:190} INFO - [2026-04-07T04:09:26.969+0530] {dag.py:4180} INFO - Setting next_dagrun for tutorial_objectstorage to None, run_after=None
[2026-04-07T04:09:26.988+0530] {processor.py:208} INFO - Processing /home/ubantu/miniconda3/envs/airflow-env/lib/python3.11/site-packages/airflow/example_dags/tutorial_objectstorage.py took 0.066 seconds
[2026-04-07T04:10:24.005+0530] {processor.py:186} INFO - Started process (PID=6196) to work on /home/ubantu/miniconda3/envs/airflow-env/lib/python3.11/site-packages/airflow/example_dags/tutorial_objectstorage.py
[2026-04-07T04:10:24.006+0530] {processor.py:914} INFO - Processing file /home/ubantu/miniconda3/envs/airflow-env/lib/python3.11/site-packages/airflow/example_dags/tutorial_objectstorage.py for tasks to queue
[2026-04-07T04:10:24.009+0530] {logging_mixin.py:190} INFO - [2026-04-07T04:10:24.008+0530] {dagbag.py:588} INFO - Filling up the DagBag from /home/ubantu/miniconda3/envs/airflow-env/lib/python3.11/site-packages/airflow/example_dags/tutorial_objectstorage.py
[2026-04-07T04:10:24.021+0530] {processor.py:925} INFO - DAG(s) 'tutorial_objectstorage' retrieved from /home/ubantu/miniconda3/envs/airflow-env/lib/python3.11/site-packages/airflow/example_dags/tutorial_objectstorage.py
[2026-04-07T04:10:24.039+0530] {logging_mixin.py:190} INFO - [2026-04-07T04:10:24.038+0530] {dag.py:3239} INFO - Sync 1 DAGs
[2026-04-07T04:10:24.050+0530] {logging_mixin.py:190} INFO - [2026-04-07T04:10:24.050+0530] {dag.py:4180} INFO - Setting next_dagrun for tutorial_objectstorage to None, run_after=None
[2026-04-07T04:10:24.067+0530] {processor.py:208} INFO - Processing /home/ubantu/miniconda3/envs/airflow-env/lib/python3.11/site-packages/airflow/example_dags/tutorial_objectstorage.py took 0.068 seconds
[2026-04-07T04:11:13.594+0530] {processor.py:186} INFO - Started process (PID=6255) to work on /home/ubantu/miniconda3/envs/airflow-env/lib/python3.11/site-packages/airflow/example_dags/tutorial_objectstorage.py
[2026-04-07T04:11:13.595+0530] {processor.py:914} INFO - Processing file /home/ubantu/miniconda3/envs/airflow-env/lib/python3.11/site-packages/airflow/example_dags/tutorial_objectstorage.py for tasks to queue
[2026-04-07T04:11:13.597+0530] {logging_mixin.py:190} INFO - [2026-04-07T04:11:13.597+0530] {dagbag.py:588} INFO - Filling up the DagBag from /home/ubantu/miniconda3/envs/airflow-env/lib/python3.11/site-packages/airflow/example_dags/tutorial_objectstorage.py
[2026-04-07T04:11:13.608+0530] {processor.py:925} INFO - DAG(s) 'tutorial_objectstorage' retrieved from /home/ubantu/miniconda3/envs/airflow-env/lib/python3.11/site-packages/airflow/example_dags/tutorial_objectstorage.py
[2026-04-07T04:11:13.624+0530] {logging_mixin.py:190} INFO - [2026-04-07T04:11:13.624+0530] {dag.py:3239} INFO - Sync 1 DAGs
[2026-04-07T04:11:13.635+0530] {logging_mixin.py:190} INFO - [2026-04-07T04:11:13.634+0530] {dag.py:4180} INFO - Setting next_dagrun for tutorial_objectstorage to None, run_after=None
[2026-04-07T04:11:13.654+0530] {processor.py:208} INFO - Processing /home/ubantu/miniconda3/envs/airflow-env/lib/python3.11/site-packages/airflow/example_dags/tutorial_objectstorage.py took 0.067 seconds
[2026-04-07T04:12:06.399+0530] {processor.py:186} INFO - Started process (PID=6324) to work on /home/ubantu/miniconda3/envs/airflow-env/lib/python3.11/site-packages/airflow/example_dags/tutorial_objectstorage.py
[2026-04-07T04:12:06.400+0530] {processor.py:914} INFO - Processing file /home/ubantu/miniconda3/envs/airflow-env/lib/python3.11/site-packages/airflow/example_dags/tutorial_objectstorage.py for tasks to queue
[2026-04-07T04:12:06.403+0530] {logging_mixin.py:190} INFO - [2026-04-07T04:12:06.403+0530] {dagbag.py:588} INFO - Filling up the DagBag from /home/ubantu/miniconda3/envs/airflow-env/lib/python3.11/site-packages/airflow/example_dags/tutorial_objectstorage.py
[2026-04-07T04:12:06.413+0530] {processor.py:925} INFO - DAG(s) 'tutorial_objectstorage' retrieved from /home/ubantu/miniconda3/envs/airflow-env/lib/python3.11/site-packages/airflow/example_dags/tutorial_objectstorage.py
[2026-04-07T04:12:06.428+0530] {logging_mixin.py:190} INFO - [2026-04-07T04:12:06.428+0530] {dag.py:3239} INFO - Sync 1 DAGs
[2026-04-07T04:12:06.442+0530] {logging_mixin.py:190} INFO - [2026-04-07T04:12:06.442+0530] {dag.py:4180} INFO - Setting next_dagrun for tutorial_objectstorage to None, run_after=None
[2026-04-07T04:12:06.462+0530] {processor.py:208} INFO - Processing /home/ubantu/miniconda3/envs/airflow-env/lib/python3.11/site-packages/airflow/example_dags/tutorial_objectstorage.py took 0.069 seconds
[2026-04-07T04:12:58.858+0530] {processor.py:186} INFO - Started process (PID=6380) to work on /home/ubantu/miniconda3/envs/airflow-env/lib/python3.11/site-packages/airflow/example_dags/tutorial_objectstorage.py
[2026-04-07T04:12:58.859+0530] {processor.py:914} INFO - Processing file /home/ubantu/miniconda3/envs/airflow-env/lib/python3.11/site-packages/airflow/example_dags/tutorial_objectstorage.py for tasks to queue
[2026-04-07T04:12:58.861+0530] {logging_mixin.py:190} INFO - [2026-04-07T04:12:58.861+0530] {dagbag.py:588} INFO - Filling up the DagBag from /home/ubantu/miniconda3/envs/airflow-env/lib/python3.11/site-packages/airflow/example_dags/tutorial_objectstorage.py
[2026-04-07T04:12:58.872+0530] {processor.py:925} INFO - DAG(s) 'tutorial_objectstorage' retrieved from /home/ubantu/miniconda3/envs/airflow-env/lib/python3.11/site-packages/airflow/example_dags/tutorial_objectstorage.py
[2026-04-07T04:12:58.886+0530] {logging_mixin.py:190} INFO - [2026-04-07T04:12:58.886+0530] {dag.py:3239} INFO - Sync 1 DAGs
[2026-04-07T04:12:58.900+0530] {logging_mixin.py:190} INFO - [2026-04-07T04:12:58.900+0530] {dag.py:4180} INFO - Setting next_dagrun for tutorial_objectstorage to None, run_after=None
[2026-04-07T04:12:58.923+0530] {processor.py:208} INFO - Processing /home/ubantu/miniconda3/envs/airflow-env/lib/python3.11/site-packages/airflow/example_dags/tutorial_objectstorage.py took 0.070 seconds
[2026-04-07T04:13:51.306+0530] {processor.py:186} INFO - Started process (PID=6448) to work on /home/ubantu/miniconda3/envs/airflow-env/lib/python3.11/site-packages/airflow/example_dags/tutorial_objectstorage.py
[2026-04-07T04:13:51.307+0530] {processor.py:914} INFO - Processing file /home/ubantu/miniconda3/envs/airflow-env/lib/python3.11/site-packages/airflow/example_dags/tutorial_objectstorage.py for tasks to queue
[2026-04-07T04:13:51.309+0530] {logging_mixin.py:190} INFO - [2026-04-07T04:13:51.308+0530] {dagbag.py:588} INFO - Filling up the DagBag from /home/ubantu/miniconda3/envs/airflow-env/lib/python3.11/site-packages/airflow/example_dags/tutorial_objectstorage.py
[2026-04-07T04:13:51.318+0530] {processor.py:925} INFO - DAG(s) 'tutorial_objectstorage' retrieved from /home/ubantu/miniconda3/envs/airflow-env/lib/python3.11/site-packages/airflow/example_dags/tutorial_objectstorage.py
[2026-04-07T04:13:51.332+0530] {logging_mixin.py:190} INFO - [2026-04-07T04:13:51.332+0530] {dag.py:3239} INFO - Sync 1 DAGs
[2026-04-07T04:13:51.343+0530] {logging_mixin.py:190} INFO - [2026-04-07T04:13:51.343+0530] {dag.py:4180} INFO - Setting next_dagrun for tutorial_objectstorage to None, run_after=None
[2026-04-07T04:13:51.359+0530] {processor.py:208} INFO - Processing /home/ubantu/miniconda3/envs/airflow-env/lib/python3.11/site-packages/airflow/example_dags/tutorial_objectstorage.py took 0.059 seconds
[2026-04-07T04:14:47.140+0530] {processor.py:186} INFO - Started process (PID=6509) to work on /home/ubantu/miniconda3/envs/airflow-env/lib/python3.11/site-packages/airflow/example_dags/tutorial_objectstorage.py
[2026-04-07T04:14:47.141+0530] {processor.py:914} INFO - Processing file /home/ubantu/miniconda3/envs/airflow-env/lib/python3.11/site-packages/airflow/example_dags/tutorial_objectstorage.py for tasks to queue
[2026-04-07T04:14:47.143+0530] {logging_mixin.py:190} INFO - [2026-04-07T04:14:47.143+0530] {dagbag.py:588} INFO - Filling up the DagBag from /home/ubantu/miniconda3/envs/airflow-env/lib/python3.11/site-packages/airflow/example_dags/tutorial_objectstorage.py
[2026-04-07T04:14:47.154+0530] {processor.py:925} INFO - DAG(s) 'tutorial_objectstorage' retrieved from /home/ubantu/miniconda3/envs/airflow-env/lib/python3.11/site-packages/airflow/example_dags/tutorial_objectstorage.py
[2026-04-07T04:14:47.169+0530] {logging_mixin.py:190} INFO - [2026-04-07T04:14:47.169+0530] {dag.py:3239} INFO - Sync 1 DAGs
[2026-04-07T04:14:47.181+0530] {logging_mixin.py:190} INFO - [2026-04-07T04:14:47.181+0530] {dag.py:4180} INFO - Setting next_dagrun for tutorial_objectstorage to None, run_after=None
[2026-04-07T04:14:47.198+0530] {processor.py:208} INFO - Processing /home/ubantu/miniconda3/envs/airflow-env/lib/python3.11/site-packages/airflow/example_dags/tutorial_objectstorage.py took 0.064 seconds
[2026-04-07T04:15:37.434+0530] {processor.py:186} INFO - Started process (PID=6570) to work on /home/ubantu/miniconda3/envs/airflow-env/lib/python3.11/site-packages/airflow/example_dags/tutorial_objectstorage.py
[2026-04-07T04:15:37.435+0530] {processor.py:914} INFO - Processing file /home/ubantu/miniconda3/envs/airflow-env/lib/python3.11/site-packages/airflow/example_dags/tutorial_objectstorage.py for tasks to queue
[2026-04-07T04:15:37.438+0530] {logging_mixin.py:190} INFO - [2026-04-07T04:15:37.437+0530] {dagbag.py:588} INFO - Filling up the DagBag from /home/ubantu/miniconda3/envs/airflow-env/lib/python3.11/site-packages/airflow/example_dags/tutorial_objectstorage.py
[2026-04-07T04:15:37.448+0530] {processor.py:925} INFO - DAG(s) 'tutorial_objectstorage' retrieved from /home/ubantu/miniconda3/envs/airflow-env/lib/python3.11/site-packages/airflow/example_dags/tutorial_objectstorage.py
[2026-04-07T04:15:37.462+0530] {logging_mixin.py:190} INFO - [2026-04-07T04:15:37.462+0530] {dag.py:3239} INFO - Sync 1 DAGs
[2026-04-07T04:15:37.474+0530] {logging_mixin.py:190} INFO - [2026-04-07T04:15:37.474+0530] {dag.py:4180} INFO - Setting next_dagrun for tutorial_objectstorage to None, run_after=None
[2026-04-07T04:15:37.492+0530] {processor.py:208} INFO - Processing /home/ubantu/miniconda3/envs/airflow-env/lib/python3.11/site-packages/airflow/example_dags/tutorial_objectstorage.py took 0.065 seconds
[2026-04-07T04:16:27.899+0530] {processor.py:186} INFO - Started process (PID=6627) to work on /home/ubantu/miniconda3/envs/airflow-env/lib/python3.11/site-packages/airflow/example_dags/tutorial_objectstorage.py
[2026-04-07T04:16:27.900+0530] {processor.py:914} INFO - Processing file /home/ubantu/miniconda3/envs/airflow-env/lib/python3.11/site-packages/airflow/example_dags/tutorial_objectstorage.py for tasks to queue
[2026-04-07T04:16:27.902+0530] {logging_mixin.py:190} INFO - [2026-04-07T04:16:27.901+0530] {dagbag.py:588} INFO - Filling up the DagBag from /home/ubantu/miniconda3/envs/airflow-env/lib/python3.11/site-packages/airflow/example_dags/tutorial_objectstorage.py
[2026-04-07T04:16:27.911+0530] {processor.py:925} INFO - DAG(s) 'tutorial_objectstorage' retrieved from /home/ubantu/miniconda3/envs/airflow-env/lib/python3.11/site-packages/airflow/example_dags/tutorial_objectstorage.py
[2026-04-07T04:16:27.925+0530] {logging_mixin.py:190} INFO - [2026-04-07T04:16:27.925+0530] {dag.py:3239} INFO - Sync 1 DAGs
[2026-04-07T04:16:27.936+0530] {logging_mixin.py:190} INFO - [2026-04-07T04:16:27.936+0530] {dag.py:4180} INFO - Setting next_dagrun for tutorial_objectstorage to None, run_after=None
[2026-04-07T04:16:27.955+0530] {processor.py:208} INFO - Processing /home/ubantu/miniconda3/envs/airflow-env/lib/python3.11/site-packages/airflow/example_dags/tutorial_objectstorage.py took 0.063 seconds
[2026-04-07T04:17:18.191+0530] {processor.py:186} INFO - Started process (PID=6692) to work on /home/ubantu/miniconda3/envs/airflow-env/lib/python3.11/site-packages/airflow/example_dags/tutorial_objectstorage.py
[2026-04-07T04:17:18.192+0530] {processor.py:914} INFO - Processing file /home/ubantu/miniconda3/envs/airflow-env/lib/python3.11/site-packages/airflow/example_dags/tutorial_objectstorage.py for tasks to queue
[2026-04-07T04:17:18.194+0530] {logging_mixin.py:190} INFO - [2026-04-07T04:17:18.194+0530] {dagbag.py:588} INFO - Filling up the DagBag from /home/ubantu/miniconda3/envs/airflow-env/lib/python3.11/site-packages/airflow/example_dags/tutorial_objectstorage.py
[2026-04-07T04:17:18.204+0530] {processor.py:925} INFO - DAG(s) 'tutorial_objectstorage' retrieved from /home/ubantu/miniconda3/envs/airflow-env/lib/python3.11/site-packages/airflow/example_dags/tutorial_objectstorage.py
[2026-04-07T04:17:18.220+0530] {logging_mixin.py:190} INFO - [2026-04-07T04:17:18.220+0530] {dag.py:3239} INFO - Sync 1 DAGs
[2026-04-07T04:17:18.233+0530] {logging_mixin.py:190} INFO - [2026-04-07T04:17:18.233+0530] {dag.py:4180} INFO - Setting next_dagrun for tutorial_objectstorage to None, run_after=None
[2026-04-07T04:17:18.253+0530] {processor.py:208} INFO - Processing /home/ubantu/miniconda3/envs/airflow-env/lib/python3.11/site-packages/airflow/example_dags/tutorial_objectstorage.py took 0.068 seconds
[2026-04-07T04:18:08.006+0530] {processor.py:186} INFO - Started process (PID=6748) to work on /home/ubantu/miniconda3/envs/airflow-env/lib/python3.11/site-packages/airflow/example_dags/tutorial_objectstorage.py
[2026-04-07T04:18:08.007+0530] {processor.py:914} INFO - Processing file /home/ubantu/miniconda3/envs/airflow-env/lib/python3.11/site-packages/airflow/example_dags/tutorial_objectstorage.py for tasks to queue
[2026-04-07T04:18:08.009+0530] {logging_mixin.py:190} INFO - [2026-04-07T04:18:08.008+0530] {dagbag.py:588} INFO - Filling up the DagBag from /home/ubantu/miniconda3/envs/airflow-env/lib/python3.11/site-packages/airflow/example_dags/tutorial_objectstorage.py
[2026-04-07T04:18:08.019+0530] {processor.py:925} INFO - DAG(s) 'tutorial_objectstorage' retrieved from /home/ubantu/miniconda3/envs/airflow-env/lib/python3.11/site-packages/airflow/example_dags/tutorial_objectstorage.py
[2026-04-07T04:18:08.033+0530] {logging_mixin.py:190} INFO - [2026-04-07T04:18:08.033+0530] {dag.py:3239} INFO - Sync 1 DAGs
[2026-04-07T04:18:08.045+0530] {logging_mixin.py:190} INFO - [2026-04-07T04:18:08.044+0530] {dag.py:4180} INFO - Setting next_dagrun for tutorial_objectstorage to None, run_after=None
[2026-04-07T04:18:08.062+0530] {processor.py:208} INFO - Processing /home/ubantu/miniconda3/envs/airflow-env/lib/python3.11/site-packages/airflow/example_dags/tutorial_objectstorage.py took 0.062 seconds
[2026-04-07T04:19:01.644+0530] {processor.py:186} INFO - Started process (PID=6860) to work on /home/ubantu/miniconda3/envs/airflow-env/lib/python3.11/site-packages/airflow/example_dags/tutorial_objectstorage.py
[2026-04-07T04:19:01.645+0530] {processor.py:914} INFO - Processing file /home/ubantu/miniconda3/envs/airflow-env/lib/python3.11/site-packages/airflow/example_dags/tutorial_objectstorage.py for tasks to queue
[2026-04-07T04:19:01.648+0530] {logging_mixin.py:190} INFO - [2026-04-07T04:19:01.647+0530] {dagbag.py:588} INFO - Filling up the DagBag from /home/ubantu/miniconda3/envs/airflow-env/lib/python3.11/site-packages/airflow/example_dags/tutorial_objectstorage.py
[2026-04-07T04:19:01.660+0530] {processor.py:925} INFO - DAG(s) 'tutorial_objectstorage' retrieved from /home/ubantu/miniconda3/envs/airflow-env/lib/python3.11/site-packages/airflow/example_dags/tutorial_objectstorage.py
[2026-04-07T04:19:01.679+0530] {logging_mixin.py:190} INFO - [2026-04-07T04:19:01.679+0530] {dag.py:3239} INFO - Sync 1 DAGs
[2026-04-07T04:19:01.692+0530] {logging_mixin.py:190} INFO - [2026-04-07T04:19:01.691+0530] {dag.py:4180} INFO - Setting next_dagrun for tutorial_objectstorage to None, run_after=None
[2026-04-07T04:19:01.709+0530] {processor.py:208} INFO - Processing /home/ubantu/miniconda3/envs/airflow-env/lib/python3.11/site-packages/airflow/example_dags/tutorial_objectstorage.py took 0.070 seconds
[2026-04-07T04:19:53.076+0530] {processor.py:186} INFO - Started process (PID=6918) to work on /home/ubantu/miniconda3/envs/airflow-env/lib/python3.11/site-packages/airflow/example_dags/tutorial_objectstorage.py
[2026-04-07T04:19:53.077+0530] {processor.py:914} INFO - Processing file /home/ubantu/miniconda3/envs/airflow-env/lib/python3.11/site-packages/airflow/example_dags/tutorial_objectstorage.py for tasks to queue
[2026-04-07T04:19:53.079+0530] {logging_mixin.py:190} INFO - [2026-04-07T04:19:53.079+0530] {dagbag.py:588} INFO - Filling up the DagBag from /home/ubantu/miniconda3/envs/airflow-env/lib/python3.11/site-packages/airflow/example_dags/tutorial_objectstorage.py
[2026-04-07T04:19:53.089+0530] {processor.py:925} INFO - DAG(s) 'tutorial_objectstorage' retrieved from /home/ubantu/miniconda3/envs/airflow-env/lib/python3.11/site-packages/airflow/example_dags/tutorial_objectstorage.py
[2026-04-07T04:19:53.104+0530] {logging_mixin.py:190} INFO - [2026-04-07T04:19:53.104+0530] {dag.py:3239} INFO - Sync 1 DAGs
[2026-04-07T04:19:53.116+0530] {logging_mixin.py:190} INFO - [2026-04-07T04:19:53.115+0530] {dag.py:4180} INFO - Setting next_dagrun for tutorial_objectstorage to None, run_after=None
[2026-04-07T04:19:53.133+0530] {processor.py:208} INFO - Processing /home/ubantu/miniconda3/envs/airflow-env/lib/python3.11/site-packages/airflow/example_dags/tutorial_objectstorage.py took 0.064 seconds
[2026-04-07T04:20:43.474+0530] {processor.py:186} INFO - Started process (PID=6975) to work on /home/ubantu/miniconda3/envs/airflow-env/lib/python3.11/site-packages/airflow/example_dags/tutorial_objectstorage.py
[2026-04-07T04:20:43.475+0530] {processor.py:914} INFO - Processing file /home/ubantu/miniconda3/envs/airflow-env/lib/python3.11/site-packages/airflow/example_dags/tutorial_objectstorage.py for tasks to queue
[2026-04-07T04:20:43.477+0530] {logging_mixin.py:190} INFO - [2026-04-07T04:20:43.477+0530] {dagbag.py:588} INFO - Filling up the DagBag from /home/ubantu/miniconda3/envs/airflow-env/lib/python3.11/site-packages/airflow/example_dags/tutorial_objectstorage.py
[2026-04-07T04:20:43.487+0530] {processor.py:925} INFO - DAG(s) 'tutorial_objectstorage' retrieved from /home/ubantu/miniconda3/envs/airflow-env/lib/python3.11/site-packages/airflow/example_dags/tutorial_objectstorage.py
[2026-04-07T04:20:43.501+0530] {logging_mixin.py:190} INFO - [2026-04-07T04:20:43.501+0530] {dag.py:3239} INFO - Sync 1 DAGs
[2026-04-07T04:20:43.513+0530] {logging_mixin.py:190} INFO - [2026-04-07T04:20:43.513+0530] {dag.py:4180} INFO - Setting next_dagrun for tutorial_objectstorage to None, run_after=None
[2026-04-07T04:20:43.533+0530] {processor.py:208} INFO - Processing /home/ubantu/miniconda3/envs/airflow-env/lib/python3.11/site-packages/airflow/example_dags/tutorial_objectstorage.py took 0.064 seconds
[2026-04-07T04:21:39.002+0530] {processor.py:186} INFO - Started process (PID=7038) to work on /home/ubantu/miniconda3/envs/airflow-env/lib/python3.11/site-packages/airflow/example_dags/tutorial_objectstorage.py
[2026-04-07T04:21:39.003+0530] {processor.py:914} INFO - Processing file /home/ubantu/miniconda3/envs/airflow-env/lib/python3.11/site-packages/airflow/example_dags/tutorial_objectstorage.py for tasks to queue
[2026-04-07T04:21:39.005+0530] {logging_mixin.py:190} INFO - [2026-04-07T04:21:39.004+0530] {dagbag.py:588} INFO - Filling up the DagBag from /home/ubantu/miniconda3/envs/airflow-env/lib/python3.11/site-packages/airflow/example_dags/tutorial_objectstorage.py
[2026-04-07T04:21:39.015+0530] {processor.py:925} INFO - DAG(s) 'tutorial_objectstorage' retrieved from /home/ubantu/miniconda3/envs/airflow-env/lib/python3.11/site-packages/airflow/example_dags/tutorial_objectstorage.py
[2026-04-07T04:21:39.029+0530] {logging_mixin.py:190} INFO - [2026-04-07T04:21:39.029+0530] {dag.py:3239} INFO - Sync 1 DAGs
[2026-04-07T04:21:39.041+0530] {logging_mixin.py:190} INFO - [2026-04-07T04:21:39.041+0530] {dag.py:4180} INFO - Setting next_dagrun for tutorial_objectstorage to None, run_after=None
[2026-04-07T04:21:39.058+0530] {processor.py:208} INFO - Processing /home/ubantu/miniconda3/envs/airflow-env/lib/python3.11/site-packages/airflow/example_dags/tutorial_objectstorage.py took 0.063 seconds
[2026-04-07T04:22:33.025+0530] {processor.py:186} INFO - Started process (PID=7098) to work on /home/ubantu/miniconda3/envs/airflow-env/lib/python3.11/site-packages/airflow/example_dags/tutorial_objectstorage.py
[2026-04-07T04:22:33.026+0530] {processor.py:914} INFO - Processing file /home/ubantu/miniconda3/envs/airflow-env/lib/python3.11/site-packages/airflow/example_dags/tutorial_objectstorage.py for tasks to queue
[2026-04-07T04:22:33.028+0530] {logging_mixin.py:190} INFO - [2026-04-07T04:22:33.027+0530] {dagbag.py:588} INFO - Filling up the DagBag from /home/ubantu/miniconda3/envs/airflow-env/lib/python3.11/site-packages/airflow/example_dags/tutorial_objectstorage.py
[2026-04-07T04:22:33.038+0530] {processor.py:925} INFO - DAG(s) 'tutorial_objectstorage' retrieved from /home/ubantu/miniconda3/envs/airflow-env/lib/python3.11/site-packages/airflow/example_dags/tutorial_objectstorage.py
[2026-04-07T04:22:33.052+0530] {logging_mixin.py:190} INFO - [2026-04-07T04:22:33.052+0530] {dag.py:3239} INFO - Sync 1 DAGs
[2026-04-07T04:22:33.064+0530] {logging_mixin.py:190} INFO - [2026-04-07T04:22:33.064+0530] {dag.py:4180} INFO - Setting next_dagrun for tutorial_objectstorage to None, run_after=None
[2026-04-07T04:22:33.084+0530] {processor.py:208} INFO - Processing /home/ubantu/miniconda3/envs/airflow-env/lib/python3.11/site-packages/airflow/example_dags/tutorial_objectstorage.py took 0.066 seconds
[2026-04-07T04:23:25.585+0530] {processor.py:186} INFO - Started process (PID=7205) to work on /home/ubantu/miniconda3/envs/airflow-env/lib/python3.11/site-packages/airflow/example_dags/tutorial_objectstorage.py
[2026-04-07T04:23:25.586+0530] {processor.py:914} INFO - Processing file /home/ubantu/miniconda3/envs/airflow-env/lib/python3.11/site-packages/airflow/example_dags/tutorial_objectstorage.py for tasks to queue
[2026-04-07T04:23:25.589+0530] {logging_mixin.py:190} INFO - [2026-04-07T04:23:25.589+0530] {dagbag.py:588} INFO - Filling up the DagBag from /home/ubantu/miniconda3/envs/airflow-env/lib/python3.11/site-packages/airflow/example_dags/tutorial_objectstorage.py
[2026-04-07T04:23:25.603+0530] {processor.py:925} INFO - DAG(s) 'tutorial_objectstorage' retrieved from /home/ubantu/miniconda3/envs/airflow-env/lib/python3.11/site-packages/airflow/example_dags/tutorial_objectstorage.py
[2026-04-07T04:23:25.623+0530] {logging_mixin.py:190} INFO - [2026-04-07T04:23:25.623+0530] {dag.py:3239} INFO - Sync 1 DAGs
[2026-04-07T04:23:25.641+0530] {logging_mixin.py:190} INFO - [2026-04-07T04:23:25.640+0530] {dag.py:4180} INFO - Setting next_dagrun for tutorial_objectstorage to None, run_after=None
[2026-04-07T04:23:25.667+0530] {processor.py:208} INFO - Processing /home/ubantu/miniconda3/envs/airflow-env/lib/python3.11/site-packages/airflow/example_dags/tutorial_objectstorage.py took 0.091 seconds
[2026-04-07T04:24:16.243+0530] {processor.py:186} INFO - Started process (PID=7285) to work on /home/ubantu/miniconda3/envs/airflow-env/lib/python3.11/site-packages/airflow/example_dags/tutorial_objectstorage.py
[2026-04-07T04:24:16.244+0530] {processor.py:914} INFO - Processing file /home/ubantu/miniconda3/envs/airflow-env/lib/python3.11/site-packages/airflow/example_dags/tutorial_objectstorage.py for tasks to queue
[2026-04-07T04:24:16.247+0530] {logging_mixin.py:190} INFO - [2026-04-07T04:24:16.247+0530] {dagbag.py:588} INFO - Filling up the DagBag from /home/ubantu/miniconda3/envs/airflow-env/lib/python3.11/site-packages/airflow/example_dags/tutorial_objectstorage.py
[2026-04-07T04:24:16.263+0530] {processor.py:925} INFO - DAG(s) 'tutorial_objectstorage' retrieved from /home/ubantu/miniconda3/envs/airflow-env/lib/python3.11/site-packages/airflow/example_dags/tutorial_objectstorage.py
[2026-04-07T04:24:16.288+0530] {logging_mixin.py:190} INFO - [2026-04-07T04:24:16.288+0530] {dag.py:3239} INFO - Sync 1 DAGs
[2026-04-07T04:24:16.306+0530] {logging_mixin.py:190} INFO - [2026-04-07T04:24:16.306+0530] {dag.py:4180} INFO - Setting next_dagrun for tutorial_objectstorage to None, run_after=None
[2026-04-07T04:24:16.329+0530] {processor.py:208} INFO - Processing /home/ubantu/miniconda3/envs/airflow-env/lib/python3.11/site-packages/airflow/example_dags/tutorial_objectstorage.py took 0.095 seconds
[2026-04-07T04:25:10.425+0530] {processor.py:186} INFO - Started process (PID=7373) to work on /home/ubantu/miniconda3/envs/airflow-env/lib/python3.11/site-packages/airflow/example_dags/tutorial_objectstorage.py
[2026-04-07T04:25:10.427+0530] {processor.py:914} INFO - Processing file /home/ubantu/miniconda3/envs/airflow-env/lib/python3.11/site-packages/airflow/example_dags/tutorial_objectstorage.py for tasks to queue
[2026-04-07T04:25:10.429+0530] {logging_mixin.py:190} INFO - [2026-04-07T04:25:10.428+0530] {dagbag.py:588} INFO - Filling up the DagBag from /home/ubantu/miniconda3/envs/airflow-env/lib/python3.11/site-packages/airflow/example_dags/tutorial_objectstorage.py
[2026-04-07T04:25:10.439+0530] {processor.py:925} INFO - DAG(s) 'tutorial_objectstorage' retrieved from /home/ubantu/miniconda3/envs/airflow-env/lib/python3.11/site-packages/airflow/example_dags/tutorial_objectstorage.py
[2026-04-07T04:25:10.453+0530] {logging_mixin.py:190} INFO - [2026-04-07T04:25:10.453+0530] {dag.py:3239} INFO - Sync 1 DAGs
[2026-04-07T04:25:10.465+0530] {logging_mixin.py:190} INFO - [2026-04-07T04:25:10.465+0530] {dag.py:4180} INFO - Setting next_dagrun for tutorial_objectstorage to None, run_after=None
[2026-04-07T04:25:10.483+0530] {processor.py:208} INFO - Processing /home/ubantu/miniconda3/envs/airflow-env/lib/python3.11/site-packages/airflow/example_dags/tutorial_objectstorage.py took 0.064 seconds
[2026-04-07T04:26:04.782+0530] {processor.py:186} INFO - Started process (PID=7465) to work on /home/ubantu/miniconda3/envs/airflow-env/lib/python3.11/site-packages/airflow/example_dags/tutorial_objectstorage.py
[2026-04-07T04:26:04.784+0530] {processor.py:914} INFO - Processing file /home/ubantu/miniconda3/envs/airflow-env/lib/python3.11/site-packages/airflow/example_dags/tutorial_objectstorage.py for tasks to queue
[2026-04-07T04:26:04.786+0530] {logging_mixin.py:190} INFO - [2026-04-07T04:26:04.785+0530] {dagbag.py:588} INFO - Filling up the DagBag from /home/ubantu/miniconda3/envs/airflow-env/lib/python3.11/site-packages/airflow/example_dags/tutorial_objectstorage.py
[2026-04-07T04:26:04.798+0530] {processor.py:925} INFO - DAG(s) 'tutorial_objectstorage' retrieved from /home/ubantu/miniconda3/envs/airflow-env/lib/python3.11/site-packages/airflow/example_dags/tutorial_objectstorage.py
[2026-04-07T04:26:04.814+0530] {logging_mixin.py:190} INFO - [2026-04-07T04:26:04.814+0530] {dag.py:3239} INFO - Sync 1 DAGs
[2026-04-07T04:26:04.825+0530] {logging_mixin.py:190} INFO - [2026-04-07T04:26:04.825+0530] {dag.py:4180} INFO - Setting next_dagrun for tutorial_objectstorage to None, run_after=None
[2026-04-07T04:26:04.843+0530] {processor.py:208} INFO - Processing /home/ubantu/miniconda3/envs/airflow-env/lib/python3.11/site-packages/airflow/example_dags/tutorial_objectstorage.py took 0.067 seconds
[2026-04-07T04:27:01.379+0530] {processor.py:186} INFO - Started process (PID=7530) to work on /home/ubantu/miniconda3/envs/airflow-env/lib/python3.11/site-packages/airflow/example_dags/tutorial_objectstorage.py
[2026-04-07T04:27:01.380+0530] {processor.py:914} INFO - Processing file /home/ubantu/miniconda3/envs/airflow-env/lib/python3.11/site-packages/airflow/example_dags/tutorial_objectstorage.py for tasks to queue
[2026-04-07T04:27:01.383+0530] {logging_mixin.py:190} INFO - [2026-04-07T04:27:01.382+0530] {dagbag.py:588} INFO - Filling up the DagBag from /home/ubantu/miniconda3/envs/airflow-env/lib/python3.11/site-packages/airflow/example_dags/tutorial_objectstorage.py
[2026-04-07T04:27:01.394+0530] {processor.py:925} INFO - DAG(s) 'tutorial_objectstorage' retrieved from /home/ubantu/miniconda3/envs/airflow-env/lib/python3.11/site-packages/airflow/example_dags/tutorial_objectstorage.py
[2026-04-07T04:27:01.410+0530] {logging_mixin.py:190} INFO - [2026-04-07T04:27:01.410+0530] {dag.py:3239} INFO - Sync 1 DAGs
[2026-04-07T04:27:01.422+0530] {logging_mixin.py:190} INFO - [2026-04-07T04:27:01.422+0530] {dag.py:4180} INFO - Setting next_dagrun for tutorial_objectstorage to None, run_after=None
[2026-04-07T04:27:01.439+0530] {processor.py:208} INFO - Processing /home/ubantu/miniconda3/envs/airflow-env/lib/python3.11/site-packages/airflow/example_dags/tutorial_objectstorage.py took 0.067 seconds
[2026-04-07T04:27:51.607+0530] {processor.py:186} INFO - Started process (PID=7591) to work on /home/ubantu/miniconda3/envs/airflow-env/lib/python3.11/site-packages/airflow/example_dags/tutorial_objectstorage.py
[2026-04-07T04:27:51.608+0530] {processor.py:914} INFO - Processing file /home/ubantu/miniconda3/envs/airflow-env/lib/python3.11/site-packages/airflow/example_dags/tutorial_objectstorage.py for tasks to queue
[2026-04-07T04:27:51.611+0530] {logging_mixin.py:190} INFO - [2026-04-07T04:27:51.610+0530] {dagbag.py:588} INFO - Filling up the DagBag from /home/ubantu/miniconda3/envs/airflow-env/lib/python3.11/site-packages/airflow/example_dags/tutorial_objectstorage.py
[2026-04-07T04:27:51.619+0530] {processor.py:925} INFO - DAG(s) 'tutorial_objectstorage' retrieved from /home/ubantu/miniconda3/envs/airflow-env/lib/python3.11/site-packages/airflow/example_dags/tutorial_objectstorage.py
[2026-04-07T04:27:51.633+0530] {logging_mixin.py:190} INFO - [2026-04-07T04:27:51.633+0530] {dag.py:3239} INFO - Sync 1 DAGs
[2026-04-07T04:27:51.644+0530] {logging_mixin.py:190} INFO - [2026-04-07T04:27:51.644+0530] {dag.py:4180} INFO - Setting next_dagrun for tutorial_objectstorage to None, run_after=None
[2026-04-07T04:27:51.662+0530] {processor.py:208} INFO - Processing /home/ubantu/miniconda3/envs/airflow-env/lib/python3.11/site-packages/airflow/example_dags/tutorial_objectstorage.py took 0.061 seconds
[2026-04-07T04:28:45.119+0530] {processor.py:186} INFO - Started process (PID=7662) to work on /home/ubantu/miniconda3/envs/airflow-env/lib/python3.11/site-packages/airflow/example_dags/tutorial_objectstorage.py
[2026-04-07T04:28:45.121+0530] {processor.py:914} INFO - Processing file /home/ubantu/miniconda3/envs/airflow-env/lib/python3.11/site-packages/airflow/example_dags/tutorial_objectstorage.py for tasks to queue
[2026-04-07T04:28:45.124+0530] {logging_mixin.py:190} INFO - [2026-04-07T04:28:45.123+0530] {dagbag.py:588} INFO - Filling up the DagBag from /home/ubantu/miniconda3/envs/airflow-env/lib/python3.11/site-packages/airflow/example_dags/tutorial_objectstorage.py
[2026-04-07T04:28:45.137+0530] {processor.py:925} INFO - DAG(s) 'tutorial_objectstorage' retrieved from /home/ubantu/miniconda3/envs/airflow-env/lib/python3.11/site-packages/airflow/example_dags/tutorial_objectstorage.py
[2026-04-07T04:28:45.152+0530] {logging_mixin.py:190} INFO - [2026-04-07T04:28:45.152+0530] {dag.py:3239} INFO - Sync 1 DAGs
[2026-04-07T04:28:45.164+0530] {logging_mixin.py:190} INFO - [2026-04-07T04:28:45.164+0530] {dag.py:4180} INFO - Setting next_dagrun for tutorial_objectstorage to None, run_after=None
[2026-04-07T04:28:45.207+0530] {processor.py:208} INFO - Processing /home/ubantu/miniconda3/envs/airflow-env/lib/python3.11/site-packages/airflow/example_dags/tutorial_objectstorage.py took 0.097 seconds
[2026-04-07T04:29:39.594+0530] {processor.py:186} INFO - Started process (PID=7729) to work on /home/ubantu/miniconda3/envs/airflow-env/lib/python3.11/site-packages/airflow/example_dags/tutorial_objectstorage.py
[2026-04-07T04:29:39.595+0530] {processor.py:914} INFO - Processing file /home/ubantu/miniconda3/envs/airflow-env/lib/python3.11/site-packages/airflow/example_dags/tutorial_objectstorage.py for tasks to queue
[2026-04-07T04:29:39.598+0530] {logging_mixin.py:190} INFO - [2026-04-07T04:29:39.598+0530] {dagbag.py:588} INFO - Filling up the DagBag from /home/ubantu/miniconda3/envs/airflow-env/lib/python3.11/site-packages/airflow/example_dags/tutorial_objectstorage.py
[2026-04-07T04:29:39.610+0530] {processor.py:925} INFO - DAG(s) 'tutorial_objectstorage' retrieved from /home/ubantu/miniconda3/envs/airflow-env/lib/python3.11/site-packages/airflow/example_dags/tutorial_objectstorage.py
[2026-04-07T04:29:39.625+0530] {logging_mixin.py:190} INFO - [2026-04-07T04:29:39.625+0530] {dag.py:3239} INFO - Sync 1 DAGs
[2026-04-07T04:29:39.638+0530] {logging_mixin.py:190} INFO - [2026-04-07T04:29:39.638+0530] {dag.py:4180} INFO - Setting next_dagrun for tutorial_objectstorage to None, run_after=None
[2026-04-07T04:29:39.684+0530] {processor.py:208} INFO - Processing /home/ubantu/miniconda3/envs/airflow-env/lib/python3.11/site-packages/airflow/example_dags/tutorial_objectstorage.py took 0.097 seconds
[2026-04-07T04:30:37.496+0530] {processor.py:186} INFO - Started process (PID=7797) to work on /home/ubantu/miniconda3/envs/airflow-env/lib/python3.11/site-packages/airflow/example_dags/tutorial_objectstorage.py
[2026-04-07T04:30:37.497+0530] {processor.py:914} INFO - Processing file /home/ubantu/miniconda3/envs/airflow-env/lib/python3.11/site-packages/airflow/example_dags/tutorial_objectstorage.py for tasks to queue
[2026-04-07T04:30:37.499+0530] {logging_mixin.py:190} INFO - [2026-04-07T04:30:37.499+0530] {dagbag.py:588} INFO - Filling up the DagBag from /home/ubantu/miniconda3/envs/airflow-env/lib/python3.11/site-packages/airflow/example_dags/tutorial_objectstorage.py
[2026-04-07T04:30:37.510+0530] {processor.py:925} INFO - DAG(s) 'tutorial_objectstorage' retrieved from /home/ubantu/miniconda3/envs/airflow-env/lib/python3.11/site-packages/airflow/example_dags/tutorial_objectstorage.py
[2026-04-07T04:30:37.524+0530] {logging_mixin.py:190} INFO - [2026-04-07T04:30:37.524+0530] {dag.py:3239} INFO - Sync 1 DAGs
[2026-04-07T04:30:37.535+0530] {logging_mixin.py:190} INFO - [2026-04-07T04:30:37.535+0530] {dag.py:4180} INFO - Setting next_dagrun for tutorial_objectstorage to None, run_after=None
[2026-04-07T04:30:37.577+0530] {processor.py:208} INFO - Processing /home/ubantu/miniconda3/envs/airflow-env/lib/python3.11/site-packages/airflow/example_dags/tutorial_objectstorage.py took 0.088 seconds
[2026-04-07T04:31:36.962+0530] {processor.py:186} INFO - Started process (PID=7865) to work on /home/ubantu/miniconda3/envs/airflow-env/lib/python3.11/site-packages/airflow/example_dags/tutorial_objectstorage.py
[2026-04-07T04:31:36.964+0530] {processor.py:914} INFO - Processing file /home/ubantu/miniconda3/envs/airflow-env/lib/python3.11/site-packages/airflow/example_dags/tutorial_objectstorage.py for tasks to queue
[2026-04-07T04:31:36.967+0530] {logging_mixin.py:190} INFO - [2026-04-07T04:31:36.966+0530] {dagbag.py:588} INFO - Filling up the DagBag from /home/ubantu/miniconda3/envs/airflow-env/lib/python3.11/site-packages/airflow/example_dags/tutorial_objectstorage.py
[2026-04-07T04:31:36.978+0530] {processor.py:925} INFO - DAG(s) 'tutorial_objectstorage' retrieved from /home/ubantu/miniconda3/envs/airflow-env/lib/python3.11/site-packages/airflow/example_dags/tutorial_objectstorage.py
[2026-04-07T04:31:36.993+0530] {logging_mixin.py:190} INFO - [2026-04-07T04:31:36.993+0530] {dag.py:3239} INFO - Sync 1 DAGs
[2026-04-07T04:31:37.005+0530] {logging_mixin.py:190} INFO - [2026-04-07T04:31:37.005+0530] {dag.py:4180} INFO - Setting next_dagrun for tutorial_objectstorage to None, run_after=None
[2026-04-07T04:31:37.050+0530] {processor.py:208} INFO - Processing /home/ubantu/miniconda3/envs/airflow-env/lib/python3.11/site-packages/airflow/example_dags/tutorial_objectstorage.py took 0.095 seconds
[2026-04-07T04:32:34.269+0530] {processor.py:186} INFO - Started process (PID=7931) to work on /home/ubantu/miniconda3/envs/airflow-env/lib/python3.11/site-packages/airflow/example_dags/tutorial_objectstorage.py
[2026-04-07T04:32:34.271+0530] {processor.py:914} INFO - Processing file /home/ubantu/miniconda3/envs/airflow-env/lib/python3.11/site-packages/airflow/example_dags/tutorial_objectstorage.py for tasks to queue
[2026-04-07T04:32:34.273+0530] {logging_mixin.py:190} INFO - [2026-04-07T04:32:34.273+0530] {dagbag.py:588} INFO - Filling up the DagBag from /home/ubantu/miniconda3/envs/airflow-env/lib/python3.11/site-packages/airflow/example_dags/tutorial_objectstorage.py
[2026-04-07T04:32:34.285+0530] {processor.py:925} INFO - DAG(s) 'tutorial_objectstorage' retrieved from /home/ubantu/miniconda3/envs/airflow-env/lib/python3.11/site-packages/airflow/example_dags/tutorial_objectstorage.py
[2026-04-07T04:32:34.301+0530] {logging_mixin.py:190} INFO - [2026-04-07T04:32:34.301+0530] {dag.py:3239} INFO - Sync 1 DAGs
[2026-04-07T04:32:34.312+0530] {logging_mixin.py:190} INFO - [2026-04-07T04:32:34.312+0530] {dag.py:4180} INFO - Setting next_dagrun for tutorial_objectstorage to None, run_after=None
[2026-04-07T04:32:34.329+0530] {processor.py:208} INFO - Processing /home/ubantu/miniconda3/envs/airflow-env/lib/python3.11/site-packages/airflow/example_dags/tutorial_objectstorage.py took 0.068 seconds
[2026-04-07T04:33:29.045+0530] {processor.py:186} INFO - Started process (PID=8079) to work on /home/ubantu/miniconda3/envs/airflow-env/lib/python3.11/site-packages/airflow/example_dags/tutorial_objectstorage.py
[2026-04-07T04:33:29.046+0530] {processor.py:914} INFO - Processing file /home/ubantu/miniconda3/envs/airflow-env/lib/python3.11/site-packages/airflow/example_dags/tutorial_objectstorage.py for tasks to queue
[2026-04-07T04:33:29.048+0530] {logging_mixin.py:190} INFO - [2026-04-07T04:33:29.048+0530] {dagbag.py:588} INFO - Filling up the DagBag from /home/ubantu/miniconda3/envs/airflow-env/lib/python3.11/site-packages/airflow/example_dags/tutorial_objectstorage.py
[2026-04-07T04:33:29.060+0530] {processor.py:925} INFO - DAG(s) 'tutorial_objectstorage' retrieved from /home/ubantu/miniconda3/envs/airflow-env/lib/python3.11/site-packages/airflow/example_dags/tutorial_objectstorage.py
[2026-04-07T04:33:29.075+0530] {logging_mixin.py:190} INFO - [2026-04-07T04:33:29.075+0530] {dag.py:3239} INFO - Sync 1 DAGs
[2026-04-07T04:33:29.090+0530] {logging_mixin.py:190} INFO - [2026-04-07T04:33:29.090+0530] {dag.py:4180} INFO - Setting next_dagrun for tutorial_objectstorage to None, run_after=None
[2026-04-07T04:33:29.114+0530] {processor.py:208} INFO - Processing /home/ubantu/miniconda3/envs/airflow-env/lib/python3.11/site-packages/airflow/example_dags/tutorial_objectstorage.py took 0.076 seconds
[2026-04-07T04:34:23.366+0530] {processor.py:186} INFO - Started process (PID=8190) to work on /home/ubantu/miniconda3/envs/airflow-env/lib/python3.11/site-packages/airflow/example_dags/tutorial_objectstorage.py
[2026-04-07T04:34:23.367+0530] {processor.py:914} INFO - Processing file /home/ubantu/miniconda3/envs/airflow-env/lib/python3.11/site-packages/airflow/example_dags/tutorial_objectstorage.py for tasks to queue
[2026-04-07T04:34:23.370+0530] {logging_mixin.py:190} INFO - [2026-04-07T04:34:23.369+0530] {dagbag.py:588} INFO - Filling up the DagBag from /home/ubantu/miniconda3/envs/airflow-env/lib/python3.11/site-packages/airflow/example_dags/tutorial_objectstorage.py
[2026-04-07T04:34:23.380+0530] {processor.py:925} INFO - DAG(s) 'tutorial_objectstorage' retrieved from /home/ubantu/miniconda3/envs/airflow-env/lib/python3.11/site-packages/airflow/example_dags/tutorial_objectstorage.py
[2026-04-07T04:34:23.394+0530] {logging_mixin.py:190} INFO - [2026-04-07T04:34:23.393+0530] {dag.py:3239} INFO - Sync 1 DAGs
[2026-04-07T04:34:23.405+0530] {logging_mixin.py:190} INFO - [2026-04-07T04:34:23.404+0530] {dag.py:4180} INFO - Setting next_dagrun for tutorial_objectstorage to None, run_after=None
[2026-04-07T04:34:23.423+0530] {processor.py:208} INFO - Processing /home/ubantu/miniconda3/envs/airflow-env/lib/python3.11/site-packages/airflow/example_dags/tutorial_objectstorage.py took 0.065 seconds
[2026-04-07T04:35:17.016+0530] {processor.py:186} INFO - Started process (PID=8264) to work on /home/ubantu/miniconda3/envs/airflow-env/lib/python3.11/site-packages/airflow/example_dags/tutorial_objectstorage.py
[2026-04-07T04:35:17.017+0530] {processor.py:914} INFO - Processing file /home/ubantu/miniconda3/envs/airflow-env/lib/python3.11/site-packages/airflow/example_dags/tutorial_objectstorage.py for tasks to queue
[2026-04-07T04:35:17.020+0530] {logging_mixin.py:190} INFO - [2026-04-07T04:35:17.019+0530] {dagbag.py:588} INFO - Filling up the DagBag from /home/ubantu/miniconda3/envs/airflow-env/lib/python3.11/site-packages/airflow/example_dags/tutorial_objectstorage.py
[2026-04-07T04:35:17.030+0530] {processor.py:925} INFO - DAG(s) 'tutorial_objectstorage' retrieved from /home/ubantu/miniconda3/envs/airflow-env/lib/python3.11/site-packages/airflow/example_dags/tutorial_objectstorage.py
[2026-04-07T04:35:17.046+0530] {logging_mixin.py:190} INFO - [2026-04-07T04:35:17.046+0530] {dag.py:3239} INFO - Sync 1 DAGs
[2026-04-07T04:35:17.060+0530] {logging_mixin.py:190} INFO - [2026-04-07T04:35:17.060+0530] {dag.py:4180} INFO - Setting next_dagrun for tutorial_objectstorage to None, run_after=None
[2026-04-07T04:35:17.079+0530] {processor.py:208} INFO - Processing /home/ubantu/miniconda3/envs/airflow-env/lib/python3.11/site-packages/airflow/example_dags/tutorial_objectstorage.py took 0.070 seconds
[2026-04-07T04:36:11.447+0530] {processor.py:186} INFO - Started process (PID=8327) to work on /home/ubantu/miniconda3/envs/airflow-env/lib/python3.11/site-packages/airflow/example_dags/tutorial_objectstorage.py
[2026-04-07T04:36:11.449+0530] {processor.py:914} INFO - Processing file /home/ubantu/miniconda3/envs/airflow-env/lib/python3.11/site-packages/airflow/example_dags/tutorial_objectstorage.py for tasks to queue
[2026-04-07T04:36:11.454+0530] {logging_mixin.py:190} INFO - [2026-04-07T04:36:11.453+0530] {dagbag.py:588} INFO - Filling up the DagBag from /home/ubantu/miniconda3/envs/airflow-env/lib/python3.11/site-packages/airflow/example_dags/tutorial_objectstorage.py
[2026-04-07T04:36:11.467+0530] {processor.py:925} INFO - DAG(s) 'tutorial_objectstorage' retrieved from /home/ubantu/miniconda3/envs/airflow-env/lib/python3.11/site-packages/airflow/example_dags/tutorial_objectstorage.py
[2026-04-07T04:36:11.483+0530] {logging_mixin.py:190} INFO - [2026-04-07T04:36:11.483+0530] {dag.py:3239} INFO - Sync 1 DAGs
[2026-04-07T04:36:11.494+0530] {logging_mixin.py:190} INFO - [2026-04-07T04:36:11.494+0530] {dag.py:4180} INFO - Setting next_dagrun for tutorial_objectstorage to None, run_after=None
[2026-04-07T04:36:11.512+0530] {processor.py:208} INFO - Processing /home/ubantu/miniconda3/envs/airflow-env/lib/python3.11/site-packages/airflow/example_dags/tutorial_objectstorage.py took 0.079 seconds
[2026-04-07T04:37:05.590+0530] {processor.py:186} INFO - Started process (PID=8404) to work on /home/ubantu/miniconda3/envs/airflow-env/lib/python3.11/site-packages/airflow/example_dags/tutorial_objectstorage.py
[2026-04-07T04:37:05.591+0530] {processor.py:914} INFO - Processing file /home/ubantu/miniconda3/envs/airflow-env/lib/python3.11/site-packages/airflow/example_dags/tutorial_objectstorage.py for tasks to queue
[2026-04-07T04:37:05.594+0530] {logging_mixin.py:190} INFO - [2026-04-07T04:37:05.593+0530] {dagbag.py:588} INFO - Filling up the DagBag from /home/ubantu/miniconda3/envs/airflow-env/lib/python3.11/site-packages/airflow/example_dags/tutorial_objectstorage.py
[2026-04-07T04:37:05.605+0530] {processor.py:925} INFO - DAG(s) 'tutorial_objectstorage' retrieved from /home/ubantu/miniconda3/envs/airflow-env/lib/python3.11/site-packages/airflow/example_dags/tutorial_objectstorage.py
[2026-04-07T04:37:05.619+0530] {logging_mixin.py:190} INFO - [2026-04-07T04:37:05.618+0530] {dag.py:3239} INFO - Sync 1 DAGs
[2026-04-07T04:37:05.630+0530] {logging_mixin.py:190} INFO - [2026-04-07T04:37:05.630+0530] {dag.py:4180} INFO - Setting next_dagrun for tutorial_objectstorage to None, run_after=None
[2026-04-07T04:37:05.649+0530] {processor.py:208} INFO - Processing /home/ubantu/miniconda3/envs/airflow-env/lib/python3.11/site-packages/airflow/example_dags/tutorial_objectstorage.py took 0.068 seconds
[2026-04-07T04:38:06.069+0530] {processor.py:186} INFO - Started process (PID=8523) to work on /home/ubantu/miniconda3/envs/airflow-env/lib/python3.11/site-packages/airflow/example_dags/tutorial_objectstorage.py
[2026-04-07T04:38:06.070+0530] {processor.py:914} INFO - Processing file /home/ubantu/miniconda3/envs/airflow-env/lib/python3.11/site-packages/airflow/example_dags/tutorial_objectstorage.py for tasks to queue
[2026-04-07T04:38:06.071+0530] {logging_mixin.py:190} INFO - [2026-04-07T04:38:06.070+0530] {dagbag.py:588} INFO - Filling up the DagBag from /home/ubantu/miniconda3/envs/airflow-env/lib/python3.11/site-packages/airflow/example_dags/tutorial_objectstorage.py
[2026-04-07T04:38:06.080+0530] {processor.py:925} INFO - DAG(s) 'tutorial_objectstorage' retrieved from /home/ubantu/miniconda3/envs/airflow-env/lib/python3.11/site-packages/airflow/example_dags/tutorial_objectstorage.py
[2026-04-07T04:38:06.093+0530] {logging_mixin.py:190} INFO - [2026-04-07T04:38:06.093+0530] {dag.py:3239} INFO - Sync 1 DAGs
[2026-04-07T04:38:06.105+0530] {logging_mixin.py:190} INFO - [2026-04-07T04:38:06.104+0530] {dag.py:4180} INFO - Setting next_dagrun for tutorial_objectstorage to None, run_after=None
[2026-04-07T04:38:06.123+0530] {processor.py:208} INFO - Processing /home/ubantu/miniconda3/envs/airflow-env/lib/python3.11/site-packages/airflow/example_dags/tutorial_objectstorage.py took 0.060 seconds
[2026-04-07T04:39:07.708+0530] {processor.py:186} INFO - Started process (PID=8603) to work on /home/ubantu/miniconda3/envs/airflow-env/lib/python3.11/site-packages/airflow/example_dags/tutorial_objectstorage.py
[2026-04-07T04:39:07.709+0530] {processor.py:914} INFO - Processing file /home/ubantu/miniconda3/envs/airflow-env/lib/python3.11/site-packages/airflow/example_dags/tutorial_objectstorage.py for tasks to queue
[2026-04-07T04:39:07.710+0530] {logging_mixin.py:190} INFO - [2026-04-07T04:39:07.710+0530] {dagbag.py:588} INFO - Filling up the DagBag from /home/ubantu/miniconda3/envs/airflow-env/lib/python3.11/site-packages/airflow/example_dags/tutorial_objectstorage.py
[2026-04-07T04:39:07.723+0530] {processor.py:925} INFO - DAG(s) 'tutorial_objectstorage' retrieved from /home/ubantu/miniconda3/envs/airflow-env/lib/python3.11/site-packages/airflow/example_dags/tutorial_objectstorage.py
[2026-04-07T04:39:07.741+0530] {logging_mixin.py:190} INFO - [2026-04-07T04:39:07.741+0530] {dag.py:3239} INFO - Sync 1 DAGs
[2026-04-07T04:39:07.752+0530] {logging_mixin.py:190} INFO - [2026-04-07T04:39:07.752+0530] {dag.py:4180} INFO - Setting next_dagrun for tutorial_objectstorage to None, run_after=None
[2026-04-07T04:39:07.771+0530] {processor.py:208} INFO - Processing /home/ubantu/miniconda3/envs/airflow-env/lib/python3.11/site-packages/airflow/example_dags/tutorial_objectstorage.py took 0.070 seconds
[2026-04-07T04:40:05.186+0530] {processor.py:186} INFO - Started process (PID=8689) to work on /home/ubantu/miniconda3/envs/airflow-env/lib/python3.11/site-packages/airflow/example_dags/tutorial_objectstorage.py
[2026-04-07T04:40:05.187+0530] {processor.py:914} INFO - Processing file /home/ubantu/miniconda3/envs/airflow-env/lib/python3.11/site-packages/airflow/example_dags/tutorial_objectstorage.py for tasks to queue
[2026-04-07T04:40:05.189+0530] {logging_mixin.py:190} INFO - [2026-04-07T04:40:05.188+0530] {dagbag.py:588} INFO - Filling up the DagBag from /home/ubantu/miniconda3/envs/airflow-env/lib/python3.11/site-packages/airflow/example_dags/tutorial_objectstorage.py
[2026-04-07T04:40:05.199+0530] {processor.py:925} INFO - DAG(s) 'tutorial_objectstorage' retrieved from /home/ubantu/miniconda3/envs/airflow-env/lib/python3.11/site-packages/airflow/example_dags/tutorial_objectstorage.py
[2026-04-07T04:40:05.213+0530] {logging_mixin.py:190} INFO - [2026-04-07T04:40:05.213+0530] {dag.py:3239} INFO - Sync 1 DAGs
[2026-04-07T04:40:05.225+0530] {logging_mixin.py:190} INFO - [2026-04-07T04:40:05.225+0530] {dag.py:4180} INFO - Setting next_dagrun for tutorial_objectstorage to None, run_after=None
[2026-04-07T04:40:05.244+0530] {processor.py:208} INFO - Processing /home/ubantu/miniconda3/envs/airflow-env/lib/python3.11/site-packages/airflow/example_dags/tutorial_objectstorage.py took 0.064 seconds
[2026-04-07T04:41:03.608+0530] {processor.py:186} INFO - Started process (PID=8813) to work on /home/ubantu/miniconda3/envs/airflow-env/lib/python3.11/site-packages/airflow/example_dags/tutorial_objectstorage.py
[2026-04-07T04:41:03.609+0530] {processor.py:914} INFO - Processing file /home/ubantu/miniconda3/envs/airflow-env/lib/python3.11/site-packages/airflow/example_dags/tutorial_objectstorage.py for tasks to queue
[2026-04-07T04:41:03.612+0530] {logging_mixin.py:190} INFO - [2026-04-07T04:41:03.611+0530] {dagbag.py:588} INFO - Filling up the DagBag from /home/ubantu/miniconda3/envs/airflow-env/lib/python3.11/site-packages/airflow/example_dags/tutorial_objectstorage.py
[2026-04-07T04:41:03.627+0530] {processor.py:925} INFO - DAG(s) 'tutorial_objectstorage' retrieved from /home/ubantu/miniconda3/envs/airflow-env/lib/python3.11/site-packages/airflow/example_dags/tutorial_objectstorage.py
[2026-04-07T04:41:03.641+0530] {logging_mixin.py:190} INFO - [2026-04-07T04:41:03.641+0530] {dag.py:3239} INFO - Sync 1 DAGs
[2026-04-07T04:41:03.652+0530] {logging_mixin.py:190} INFO - [2026-04-07T04:41:03.652+0530] {dag.py:4180} INFO - Setting next_dagrun for tutorial_objectstorage to None, run_after=None
[2026-04-07T04:41:03.671+0530] {processor.py:208} INFO - Processing /home/ubantu/miniconda3/envs/airflow-env/lib/python3.11/site-packages/airflow/example_dags/tutorial_objectstorage.py took 0.069 seconds
[2026-04-07T04:41:09.211+0530] {processor.py:186} INFO - Started process (PID=8824) to work on /home/ubantu/miniconda3/envs/airflow-env/lib/python3.11/site-packages/airflow/example_dags/tutorial_objectstorage.py
[2026-04-07T04:41:09.212+0530] {processor.py:914} INFO - Processing file /home/ubantu/miniconda3/envs/airflow-env/lib/python3.11/site-packages/airflow/example_dags/tutorial_objectstorage.py for tasks to queue
[2026-04-07T04:41:09.214+0530] {logging_mixin.py:190} INFO - [2026-04-07T04:41:09.214+0530] {dagbag.py:588} INFO - Filling up the DagBag from /home/ubantu/miniconda3/envs/airflow-env/lib/python3.11/site-packages/airflow/example_dags/tutorial_objectstorage.py
[2026-04-07T04:41:09.225+0530] {processor.py:925} INFO - DAG(s) 'tutorial_objectstorage' retrieved from /home/ubantu/miniconda3/envs/airflow-env/lib/python3.11/site-packages/airflow/example_dags/tutorial_objectstorage.py
[2026-04-07T04:41:09.254+0530] {logging_mixin.py:190} INFO - [2026-04-07T04:41:09.254+0530] {dag.py:3239} INFO - Sync 1 DAGs
[2026-04-07T04:41:09.266+0530] {logging_mixin.py:190} INFO - [2026-04-07T04:41:09.266+0530] {dag.py:4180} INFO - Setting next_dagrun for tutorial_objectstorage to None, run_after=None
[2026-04-07T04:41:09.285+0530] {processor.py:208} INFO - Processing /home/ubantu/miniconda3/envs/airflow-env/lib/python3.11/site-packages/airflow/example_dags/tutorial_objectstorage.py took 0.080 seconds
[2026-04-07T04:41:59.859+0530] {processor.py:186} INFO - Started process (PID=8950) to work on /home/ubantu/miniconda3/envs/airflow-env/lib/python3.11/site-packages/airflow/example_dags/tutorial_objectstorage.py
[2026-04-07T04:41:59.860+0530] {processor.py:914} INFO - Processing file /home/ubantu/miniconda3/envs/airflow-env/lib/python3.11/site-packages/airflow/example_dags/tutorial_objectstorage.py for tasks to queue
[2026-04-07T04:41:59.862+0530] {logging_mixin.py:190} INFO - [2026-04-07T04:41:59.862+0530] {dagbag.py:588} INFO - Filling up the DagBag from /home/ubantu/miniconda3/envs/airflow-env/lib/python3.11/site-packages/airflow/example_dags/tutorial_objectstorage.py
[2026-04-07T04:41:59.874+0530] {processor.py:925} INFO - DAG(s) 'tutorial_objectstorage' retrieved from /home/ubantu/miniconda3/envs/airflow-env/lib/python3.11/site-packages/airflow/example_dags/tutorial_objectstorage.py
[2026-04-07T04:41:59.890+0530] {logging_mixin.py:190} INFO - [2026-04-07T04:41:59.890+0530] {dag.py:3239} INFO - Sync 1 DAGs
[2026-04-07T04:41:59.904+0530] {logging_mixin.py:190} INFO - [2026-04-07T04:41:59.903+0530] {dag.py:4180} INFO - Setting next_dagrun for tutorial_objectstorage to None, run_after=None
[2026-04-07T04:41:59.921+0530] {processor.py:208} INFO - Processing /home/ubantu/miniconda3/envs/airflow-env/lib/python3.11/site-packages/airflow/example_dags/tutorial_objectstorage.py took 0.068 seconds
[2026-04-07T04:42:02.596+0530] {processor.py:186} INFO - Started process (PID=8956) to work on /home/ubantu/miniconda3/envs/airflow-env/lib/python3.11/site-packages/airflow/example_dags/tutorial_objectstorage.py
[2026-04-07T04:42:02.597+0530] {processor.py:914} INFO - Processing file /home/ubantu/miniconda3/envs/airflow-env/lib/python3.11/site-packages/airflow/example_dags/tutorial_objectstorage.py for tasks to queue
[2026-04-07T04:42:02.599+0530] {logging_mixin.py:190} INFO - [2026-04-07T04:42:02.598+0530] {dagbag.py:588} INFO - Filling up the DagBag from /home/ubantu/miniconda3/envs/airflow-env/lib/python3.11/site-packages/airflow/example_dags/tutorial_objectstorage.py
[2026-04-07T04:42:02.608+0530] {processor.py:925} INFO - DAG(s) 'tutorial_objectstorage' retrieved from /home/ubantu/miniconda3/envs/airflow-env/lib/python3.11/site-packages/airflow/example_dags/tutorial_objectstorage.py
[2026-04-07T04:42:02.628+0530] {logging_mixin.py:190} INFO - [2026-04-07T04:42:02.627+0530] {dag.py:3239} INFO - Sync 1 DAGs
[2026-04-07T04:42:02.638+0530] {logging_mixin.py:190} INFO - [2026-04-07T04:42:02.638+0530] {dag.py:4180} INFO - Setting next_dagrun for tutorial_objectstorage to None, run_after=None
[2026-04-07T04:42:02.656+0530] {processor.py:208} INFO - Processing /home/ubantu/miniconda3/envs/airflow-env/lib/python3.11/site-packages/airflow/example_dags/tutorial_objectstorage.py took 0.065 seconds
[2026-04-07T04:42:53.027+0530] {processor.py:186} INFO - Started process (PID=9101) to work on /home/ubantu/miniconda3/envs/airflow-env/lib/python3.11/site-packages/airflow/example_dags/tutorial_objectstorage.py
[2026-04-07T04:42:53.028+0530] {processor.py:914} INFO - Processing file /home/ubantu/miniconda3/envs/airflow-env/lib/python3.11/site-packages/airflow/example_dags/tutorial_objectstorage.py for tasks to queue
[2026-04-07T04:42:53.029+0530] {logging_mixin.py:190} INFO - [2026-04-07T04:42:53.029+0530] {dagbag.py:588} INFO - Filling up the DagBag from /home/ubantu/miniconda3/envs/airflow-env/lib/python3.11/site-packages/airflow/example_dags/tutorial_objectstorage.py
[2026-04-07T04:42:53.039+0530] {processor.py:925} INFO - DAG(s) 'tutorial_objectstorage' retrieved from /home/ubantu/miniconda3/envs/airflow-env/lib/python3.11/site-packages/airflow/example_dags/tutorial_objectstorage.py
[2026-04-07T04:42:53.052+0530] {logging_mixin.py:190} INFO - [2026-04-07T04:42:53.052+0530] {dag.py:3239} INFO - Sync 1 DAGs
[2026-04-07T04:42:53.065+0530] {logging_mixin.py:190} INFO - [2026-04-07T04:42:53.064+0530] {dag.py:4180} INFO - Setting next_dagrun for tutorial_objectstorage to None, run_after=None
[2026-04-07T04:42:53.083+0530] {processor.py:208} INFO - Processing /home/ubantu/miniconda3/envs/airflow-env/lib/python3.11/site-packages/airflow/example_dags/tutorial_objectstorage.py took 0.062 seconds
[2026-04-07T04:42:59.440+0530] {processor.py:186} INFO - Started process (PID=9115) to work on /home/ubantu/miniconda3/envs/airflow-env/lib/python3.11/site-packages/airflow/example_dags/tutorial_objectstorage.py
[2026-04-07T04:42:59.441+0530] {processor.py:914} INFO - Processing file /home/ubantu/miniconda3/envs/airflow-env/lib/python3.11/site-packages/airflow/example_dags/tutorial_objectstorage.py for tasks to queue
[2026-04-07T04:42:59.443+0530] {logging_mixin.py:190} INFO - [2026-04-07T04:42:59.443+0530] {dagbag.py:588} INFO - Filling up the DagBag from /home/ubantu/miniconda3/envs/airflow-env/lib/python3.11/site-packages/airflow/example_dags/tutorial_objectstorage.py
[2026-04-07T04:42:59.452+0530] {processor.py:925} INFO - DAG(s) 'tutorial_objectstorage' retrieved from /home/ubantu/miniconda3/envs/airflow-env/lib/python3.11/site-packages/airflow/example_dags/tutorial_objectstorage.py
[2026-04-07T04:42:59.466+0530] {logging_mixin.py:190} INFO - [2026-04-07T04:42:59.466+0530] {dag.py:3239} INFO - Sync 1 DAGs
[2026-04-07T04:42:59.478+0530] {logging_mixin.py:190} INFO - [2026-04-07T04:42:59.478+0530] {dag.py:4180} INFO - Setting next_dagrun for tutorial_objectstorage to None, run_after=None
[2026-04-07T04:42:59.497+0530] {processor.py:208} INFO - Processing /home/ubantu/miniconda3/envs/airflow-env/lib/python3.11/site-packages/airflow/example_dags/tutorial_objectstorage.py took 0.062 seconds
[2026-04-07T04:43:44.567+0530] {processor.py:186} INFO - Started process (PID=9226) to work on /home/ubantu/miniconda3/envs/airflow-env/lib/python3.11/site-packages/airflow/example_dags/tutorial_objectstorage.py
[2026-04-07T04:43:44.568+0530] {processor.py:914} INFO - Processing file /home/ubantu/miniconda3/envs/airflow-env/lib/python3.11/site-packages/airflow/example_dags/tutorial_objectstorage.py for tasks to queue
[2026-04-07T04:43:44.569+0530] {logging_mixin.py:190} INFO - [2026-04-07T04:43:44.569+0530] {dagbag.py:588} INFO - Filling up the DagBag from /home/ubantu/miniconda3/envs/airflow-env/lib/python3.11/site-packages/airflow/example_dags/tutorial_objectstorage.py
[2026-04-07T04:43:44.580+0530] {processor.py:925} INFO - DAG(s) 'tutorial_objectstorage' retrieved from /home/ubantu/miniconda3/envs/airflow-env/lib/python3.11/site-packages/airflow/example_dags/tutorial_objectstorage.py
[2026-04-07T04:43:44.594+0530] {logging_mixin.py:190} INFO - [2026-04-07T04:43:44.593+0530] {dag.py:3239} INFO - Sync 1 DAGs
[2026-04-07T04:43:44.605+0530] {logging_mixin.py:190} INFO - [2026-04-07T04:43:44.605+0530] {dag.py:4180} INFO - Setting next_dagrun for tutorial_objectstorage to None, run_after=None
[2026-04-07T04:43:44.624+0530] {processor.py:208} INFO - Processing /home/ubantu/miniconda3/envs/airflow-env/lib/python3.11/site-packages/airflow/example_dags/tutorial_objectstorage.py took 0.063 seconds
[2026-04-07T04:43:54.044+0530] {processor.py:186} INFO - Started process (PID=9254) to work on /home/ubantu/miniconda3/envs/airflow-env/lib/python3.11/site-packages/airflow/example_dags/tutorial_objectstorage.py
[2026-04-07T04:43:54.045+0530] {processor.py:914} INFO - Processing file /home/ubantu/miniconda3/envs/airflow-env/lib/python3.11/site-packages/airflow/example_dags/tutorial_objectstorage.py for tasks to queue
[2026-04-07T04:43:54.047+0530] {logging_mixin.py:190} INFO - [2026-04-07T04:43:54.047+0530] {dagbag.py:588} INFO - Filling up the DagBag from /home/ubantu/miniconda3/envs/airflow-env/lib/python3.11/site-packages/airflow/example_dags/tutorial_objectstorage.py
[2026-04-07T04:43:54.056+0530] {processor.py:925} INFO - DAG(s) 'tutorial_objectstorage' retrieved from /home/ubantu/miniconda3/envs/airflow-env/lib/python3.11/site-packages/airflow/example_dags/tutorial_objectstorage.py
[2026-04-07T04:43:54.070+0530] {logging_mixin.py:190} INFO - [2026-04-07T04:43:54.070+0530] {dag.py:3239} INFO - Sync 1 DAGs
[2026-04-07T04:43:54.082+0530] {logging_mixin.py:190} INFO - [2026-04-07T04:43:54.081+0530] {dag.py:4180} INFO - Setting next_dagrun for tutorial_objectstorage to None, run_after=None
[2026-04-07T04:43:54.103+0530] {processor.py:208} INFO - Processing /home/ubantu/miniconda3/envs/airflow-env/lib/python3.11/site-packages/airflow/example_dags/tutorial_objectstorage.py took 0.064 seconds
[2026-04-07T04:44:42.411+0530] {processor.py:186} INFO - Started process (PID=9359) to work on /home/ubantu/miniconda3/envs/airflow-env/lib/python3.11/site-packages/airflow/example_dags/tutorial_objectstorage.py
[2026-04-07T04:44:42.412+0530] {processor.py:914} INFO - Processing file /home/ubantu/miniconda3/envs/airflow-env/lib/python3.11/site-packages/airflow/example_dags/tutorial_objectstorage.py for tasks to queue
[2026-04-07T04:44:42.413+0530] {logging_mixin.py:190} INFO - [2026-04-07T04:44:42.413+0530] {dagbag.py:588} INFO - Filling up the DagBag from /home/ubantu/miniconda3/envs/airflow-env/lib/python3.11/site-packages/airflow/example_dags/tutorial_objectstorage.py
[2026-04-07T04:44:42.424+0530] {processor.py:925} INFO - DAG(s) 'tutorial_objectstorage' retrieved from /home/ubantu/miniconda3/envs/airflow-env/lib/python3.11/site-packages/airflow/example_dags/tutorial_objectstorage.py
[2026-04-07T04:44:42.438+0530] {logging_mixin.py:190} INFO - [2026-04-07T04:44:42.438+0530] {dag.py:3239} INFO - Sync 1 DAGs
[2026-04-07T04:44:42.450+0530] {logging_mixin.py:190} INFO - [2026-04-07T04:44:42.449+0530] {dag.py:4180} INFO - Setting next_dagrun for tutorial_objectstorage to None, run_after=None
[2026-04-07T04:44:42.466+0530] {processor.py:208} INFO - Processing /home/ubantu/miniconda3/envs/airflow-env/lib/python3.11/site-packages/airflow/example_dags/tutorial_objectstorage.py took 0.061 seconds
[2026-04-07T04:44:55.987+0530] {processor.py:186} INFO - Started process (PID=9389) to work on /home/ubantu/miniconda3/envs/airflow-env/lib/python3.11/site-packages/airflow/example_dags/tutorial_objectstorage.py
[2026-04-07T04:44:55.988+0530] {processor.py:914} INFO - Processing file /home/ubantu/miniconda3/envs/airflow-env/lib/python3.11/site-packages/airflow/example_dags/tutorial_objectstorage.py for tasks to queue
[2026-04-07T04:44:55.990+0530] {logging_mixin.py:190} INFO - [2026-04-07T04:44:55.989+0530] {dagbag.py:588} INFO - Filling up the DagBag from /home/ubantu/miniconda3/envs/airflow-env/lib/python3.11/site-packages/airflow/example_dags/tutorial_objectstorage.py
[2026-04-07T04:44:55.999+0530] {processor.py:925} INFO - DAG(s) 'tutorial_objectstorage' retrieved from /home/ubantu/miniconda3/envs/airflow-env/lib/python3.11/site-packages/airflow/example_dags/tutorial_objectstorage.py
[2026-04-07T04:44:56.014+0530] {logging_mixin.py:190} INFO - [2026-04-07T04:44:56.014+0530] {dag.py:3239} INFO - Sync 1 DAGs
[2026-04-07T04:44:56.026+0530] {logging_mixin.py:190} INFO - [2026-04-07T04:44:56.026+0530] {dag.py:4180} INFO - Setting next_dagrun for tutorial_objectstorage to None, run_after=None
[2026-04-07T04:44:56.045+0530] {processor.py:208} INFO - Processing /home/ubantu/miniconda3/envs/airflow-env/lib/python3.11/site-packages/airflow/example_dags/tutorial_objectstorage.py took 0.064 seconds
[2026-04-07T04:45:36.806+0530] {processor.py:186} INFO - Started process (PID=9484) to work on /home/ubantu/miniconda3/envs/airflow-env/lib/python3.11/site-packages/airflow/example_dags/tutorial_objectstorage.py
[2026-04-07T04:45:36.808+0530] {processor.py:914} INFO - Processing file /home/ubantu/miniconda3/envs/airflow-env/lib/python3.11/site-packages/airflow/example_dags/tutorial_objectstorage.py for tasks to queue
[2026-04-07T04:45:36.809+0530] {logging_mixin.py:190} INFO - [2026-04-07T04:45:36.809+0530] {dagbag.py:588} INFO - Filling up the DagBag from /home/ubantu/miniconda3/envs/airflow-env/lib/python3.11/site-packages/airflow/example_dags/tutorial_objectstorage.py
[2026-04-07T04:45:36.820+0530] {processor.py:925} INFO - DAG(s) 'tutorial_objectstorage' retrieved from /home/ubantu/miniconda3/envs/airflow-env/lib/python3.11/site-packages/airflow/example_dags/tutorial_objectstorage.py
[2026-04-07T04:45:36.834+0530] {logging_mixin.py:190} INFO - [2026-04-07T04:45:36.834+0530] {dag.py:3239} INFO - Sync 1 DAGs
[2026-04-07T04:45:36.846+0530] {logging_mixin.py:190} INFO - [2026-04-07T04:45:36.846+0530] {dag.py:4180} INFO - Setting next_dagrun for tutorial_objectstorage to None, run_after=None
[2026-04-07T04:45:36.866+0530] {processor.py:208} INFO - Processing /home/ubantu/miniconda3/envs/airflow-env/lib/python3.11/site-packages/airflow/example_dags/tutorial_objectstorage.py took 0.065 seconds
[2026-04-07T04:45:53.251+0530] {processor.py:186} INFO - Started process (PID=9519) to work on /home/ubantu/miniconda3/envs/airflow-env/lib/python3.11/site-packages/airflow/example_dags/tutorial_objectstorage.py
[2026-04-07T04:45:53.252+0530] {processor.py:914} INFO - Processing file /home/ubantu/miniconda3/envs/airflow-env/lib/python3.11/site-packages/airflow/example_dags/tutorial_objectstorage.py for tasks to queue
[2026-04-07T04:45:53.254+0530] {logging_mixin.py:190} INFO - [2026-04-07T04:45:53.253+0530] {dagbag.py:588} INFO - Filling up the DagBag from /home/ubantu/miniconda3/envs/airflow-env/lib/python3.11/site-packages/airflow/example_dags/tutorial_objectstorage.py
[2026-04-07T04:45:53.263+0530] {processor.py:925} INFO - DAG(s) 'tutorial_objectstorage' retrieved from /home/ubantu/miniconda3/envs/airflow-env/lib/python3.11/site-packages/airflow/example_dags/tutorial_objectstorage.py
[2026-04-07T04:45:53.278+0530] {logging_mixin.py:190} INFO - [2026-04-07T04:45:53.277+0530] {dag.py:3239} INFO - Sync 1 DAGs
[2026-04-07T04:45:53.289+0530] {logging_mixin.py:190} INFO - [2026-04-07T04:45:53.289+0530] {dag.py:4180} INFO - Setting next_dagrun for tutorial_objectstorage to None, run_after=None
[2026-04-07T04:45:53.309+0530] {processor.py:208} INFO - Processing /home/ubantu/miniconda3/envs/airflow-env/lib/python3.11/site-packages/airflow/example_dags/tutorial_objectstorage.py took 0.064 seconds
[2026-04-07T04:46:28.253+0530] {processor.py:186} INFO - Started process (PID=9599) to work on /home/ubantu/miniconda3/envs/airflow-env/lib/python3.11/site-packages/airflow/example_dags/tutorial_objectstorage.py
[2026-04-07T04:46:28.254+0530] {processor.py:914} INFO - Processing file /home/ubantu/miniconda3/envs/airflow-env/lib/python3.11/site-packages/airflow/example_dags/tutorial_objectstorage.py for tasks to queue
[2026-04-07T04:46:28.256+0530] {logging_mixin.py:190} INFO - [2026-04-07T04:46:28.255+0530] {dagbag.py:588} INFO - Filling up the DagBag from /home/ubantu/miniconda3/envs/airflow-env/lib/python3.11/site-packages/airflow/example_dags/tutorial_objectstorage.py
[2026-04-07T04:46:28.267+0530] {processor.py:925} INFO - DAG(s) 'tutorial_objectstorage' retrieved from /home/ubantu/miniconda3/envs/airflow-env/lib/python3.11/site-packages/airflow/example_dags/tutorial_objectstorage.py
[2026-04-07T04:46:28.281+0530] {logging_mixin.py:190} INFO - [2026-04-07T04:46:28.281+0530] {dag.py:3239} INFO - Sync 1 DAGs
[2026-04-07T04:46:28.293+0530] {logging_mixin.py:190} INFO - [2026-04-07T04:46:28.292+0530] {dag.py:4180} INFO - Setting next_dagrun for tutorial_objectstorage to None, run_after=None
[2026-04-07T04:46:28.314+0530] {processor.py:208} INFO - Processing /home/ubantu/miniconda3/envs/airflow-env/lib/python3.11/site-packages/airflow/example_dags/tutorial_objectstorage.py took 0.066 seconds
[2026-04-07T04:46:47.232+0530] {processor.py:186} INFO - Started process (PID=9638) to work on /home/ubantu/miniconda3/envs/airflow-env/lib/python3.11/site-packages/airflow/example_dags/tutorial_objectstorage.py
[2026-04-07T04:46:47.233+0530] {processor.py:914} INFO - Processing file /home/ubantu/miniconda3/envs/airflow-env/lib/python3.11/site-packages/airflow/example_dags/tutorial_objectstorage.py for tasks to queue
[2026-04-07T04:46:47.235+0530] {logging_mixin.py:190} INFO - [2026-04-07T04:46:47.235+0530] {dagbag.py:588} INFO - Filling up the DagBag from /home/ubantu/miniconda3/envs/airflow-env/lib/python3.11/site-packages/airflow/example_dags/tutorial_objectstorage.py
[2026-04-07T04:46:47.245+0530] {processor.py:925} INFO - DAG(s) 'tutorial_objectstorage' retrieved from /home/ubantu/miniconda3/envs/airflow-env/lib/python3.11/site-packages/airflow/example_dags/tutorial_objectstorage.py
[2026-04-07T04:46:47.260+0530] {logging_mixin.py:190} INFO - [2026-04-07T04:46:47.260+0530] {dag.py:3239} INFO - Sync 1 DAGs
[2026-04-07T04:46:47.272+0530] {logging_mixin.py:190} INFO - [2026-04-07T04:46:47.272+0530] {dag.py:4180} INFO - Setting next_dagrun for tutorial_objectstorage to None, run_after=None
[2026-04-07T04:46:47.297+0530] {processor.py:208} INFO - Processing /home/ubantu/miniconda3/envs/airflow-env/lib/python3.11/site-packages/airflow/example_dags/tutorial_objectstorage.py took 0.071 seconds
[2026-04-07T04:47:21.047+0530] {processor.py:186} INFO - Started process (PID=9719) to work on /home/ubantu/miniconda3/envs/airflow-env/lib/python3.11/site-packages/airflow/example_dags/tutorial_objectstorage.py
[2026-04-07T04:47:21.049+0530] {processor.py:914} INFO - Processing file /home/ubantu/miniconda3/envs/airflow-env/lib/python3.11/site-packages/airflow/example_dags/tutorial_objectstorage.py for tasks to queue
[2026-04-07T04:47:21.050+0530] {logging_mixin.py:190} INFO - [2026-04-07T04:47:21.050+0530] {dagbag.py:588} INFO - Filling up the DagBag from /home/ubantu/miniconda3/envs/airflow-env/lib/python3.11/site-packages/airflow/example_dags/tutorial_objectstorage.py
[2026-04-07T04:47:21.060+0530] {processor.py:925} INFO - DAG(s) 'tutorial_objectstorage' retrieved from /home/ubantu/miniconda3/envs/airflow-env/lib/python3.11/site-packages/airflow/example_dags/tutorial_objectstorage.py
[2026-04-07T04:47:21.073+0530] {logging_mixin.py:190} INFO - [2026-04-07T04:47:21.073+0530] {dag.py:3239} INFO - Sync 1 DAGs
[2026-04-07T04:47:21.084+0530] {logging_mixin.py:190} INFO - [2026-04-07T04:47:21.084+0530] {dag.py:4180} INFO - Setting next_dagrun for tutorial_objectstorage to None, run_after=None
[2026-04-07T04:47:21.101+0530] {processor.py:208} INFO - Processing /home/ubantu/miniconda3/envs/airflow-env/lib/python3.11/site-packages/airflow/example_dags/tutorial_objectstorage.py took 0.060 seconds
[2026-04-07T04:47:44.553+0530] {processor.py:186} INFO - Started process (PID=9780) to work on /home/ubantu/miniconda3/envs/airflow-env/lib/python3.11/site-packages/airflow/example_dags/tutorial_objectstorage.py
[2026-04-07T04:47:44.554+0530] {processor.py:914} INFO - Processing file /home/ubantu/miniconda3/envs/airflow-env/lib/python3.11/site-packages/airflow/example_dags/tutorial_objectstorage.py for tasks to queue
[2026-04-07T04:47:44.557+0530] {logging_mixin.py:190} INFO - [2026-04-07T04:47:44.557+0530] {dagbag.py:588} INFO - Filling up the DagBag from /home/ubantu/miniconda3/envs/airflow-env/lib/python3.11/site-packages/airflow/example_dags/tutorial_objectstorage.py
[2026-04-07T04:47:44.570+0530] {processor.py:925} INFO - DAG(s) 'tutorial_objectstorage' retrieved from /home/ubantu/miniconda3/envs/airflow-env/lib/python3.11/site-packages/airflow/example_dags/tutorial_objectstorage.py
[2026-04-07T04:47:44.589+0530] {logging_mixin.py:190} INFO - [2026-04-07T04:47:44.589+0530] {dag.py:3239} INFO - Sync 1 DAGs
[2026-04-07T04:47:44.600+0530] {logging_mixin.py:190} INFO - [2026-04-07T04:47:44.600+0530] {dag.py:4180} INFO - Setting next_dagrun for tutorial_objectstorage to None, run_after=None
[2026-04-07T04:47:44.618+0530] {processor.py:208} INFO - Processing /home/ubantu/miniconda3/envs/airflow-env/lib/python3.11/site-packages/airflow/example_dags/tutorial_objectstorage.py took 0.073 seconds
[2026-04-07T04:48:15.265+0530] {processor.py:186} INFO - Started process (PID=9852) to work on /home/ubantu/miniconda3/envs/airflow-env/lib/python3.11/site-packages/airflow/example_dags/tutorial_objectstorage.py
[2026-04-07T04:48:15.266+0530] {processor.py:914} INFO - Processing file /home/ubantu/miniconda3/envs/airflow-env/lib/python3.11/site-packages/airflow/example_dags/tutorial_objectstorage.py for tasks to queue
[2026-04-07T04:48:15.268+0530] {logging_mixin.py:190} INFO - [2026-04-07T04:48:15.267+0530] {dagbag.py:588} INFO - Filling up the DagBag from /home/ubantu/miniconda3/envs/airflow-env/lib/python3.11/site-packages/airflow/example_dags/tutorial_objectstorage.py
[2026-04-07T04:48:15.280+0530] {processor.py:925} INFO - DAG(s) 'tutorial_objectstorage' retrieved from /home/ubantu/miniconda3/envs/airflow-env/lib/python3.11/site-packages/airflow/example_dags/tutorial_objectstorage.py
[2026-04-07T04:48:15.297+0530] {logging_mixin.py:190} INFO - [2026-04-07T04:48:15.297+0530] {dag.py:3239} INFO - Sync 1 DAGs
[2026-04-07T04:48:15.312+0530] {logging_mixin.py:190} INFO - [2026-04-07T04:48:15.312+0530] {dag.py:4180} INFO - Setting next_dagrun for tutorial_objectstorage to None, run_after=None
[2026-04-07T04:48:15.334+0530] {processor.py:208} INFO - Processing /home/ubantu/miniconda3/envs/airflow-env/lib/python3.11/site-packages/airflow/example_dags/tutorial_objectstorage.py took 0.075 seconds
[2026-04-07T05:09:49.319+0530] {processor.py:186} INFO - Started process (PID=10950) to work on /home/ubantu/miniconda3/envs/airflow-env/lib/python3.11/site-packages/airflow/example_dags/tutorial_objectstorage.py
[2026-04-07T05:09:49.320+0530] {processor.py:914} INFO - Processing file /home/ubantu/miniconda3/envs/airflow-env/lib/python3.11/site-packages/airflow/example_dags/tutorial_objectstorage.py for tasks to queue
[2026-04-07T05:09:49.323+0530] {logging_mixin.py:190} INFO - [2026-04-07T05:09:49.322+0530] {dagbag.py:588} INFO - Filling up the DagBag from /home/ubantu/miniconda3/envs/airflow-env/lib/python3.11/site-packages/airflow/example_dags/tutorial_objectstorage.py
[2026-04-07T05:09:49.338+0530] {processor.py:925} INFO - DAG(s) 'tutorial_objectstorage' retrieved from /home/ubantu/miniconda3/envs/airflow-env/lib/python3.11/site-packages/airflow/example_dags/tutorial_objectstorage.py
[2026-04-07T05:09:49.431+0530] {logging_mixin.py:190} INFO - [2026-04-07T05:09:49.430+0530] {dag.py:3239} INFO - Sync 1 DAGs
[2026-04-07T05:09:49.440+0530] {logging_mixin.py:190} INFO - [2026-04-07T05:09:49.440+0530] {dag.py:4180} INFO - Setting next_dagrun for tutorial_objectstorage to None, run_after=None
[2026-04-07T05:09:49.459+0530] {processor.py:208} INFO - Processing /home/ubantu/miniconda3/envs/airflow-env/lib/python3.11/site-packages/airflow/example_dags/tutorial_objectstorage.py took 0.149 seconds
[2026-04-07T05:11:20.470+0530] {processor.py:186} INFO - Started process (PID=11067) to work on /home/ubantu/miniconda3/envs/airflow-env/lib/python3.11/site-packages/airflow/example_dags/tutorial_objectstorage.py
[2026-04-07T05:11:20.471+0530] {processor.py:914} INFO - Processing file /home/ubantu/miniconda3/envs/airflow-env/lib/python3.11/site-packages/airflow/example_dags/tutorial_objectstorage.py for tasks to queue
[2026-04-07T05:11:20.473+0530] {logging_mixin.py:190} INFO - [2026-04-07T05:11:20.472+0530] {dagbag.py:588} INFO - Filling up the DagBag from /home/ubantu/miniconda3/envs/airflow-env/lib/python3.11/site-packages/airflow/example_dags/tutorial_objectstorage.py
[2026-04-07T05:11:20.482+0530] {processor.py:925} INFO - DAG(s) 'tutorial_objectstorage' retrieved from /home/ubantu/miniconda3/envs/airflow-env/lib/python3.11/site-packages/airflow/example_dags/tutorial_objectstorage.py
[2026-04-07T05:11:20.504+0530] {logging_mixin.py:190} INFO - [2026-04-07T05:11:20.504+0530] {dag.py:3239} INFO - Sync 1 DAGs
[2026-04-07T05:11:20.514+0530] {logging_mixin.py:190} INFO - [2026-04-07T05:11:20.514+0530] {dag.py:4180} INFO - Setting next_dagrun for tutorial_objectstorage to None, run_after=None
[2026-04-07T05:11:20.532+0530] {processor.py:208} INFO - Processing /home/ubantu/miniconda3/envs/airflow-env/lib/python3.11/site-packages/airflow/example_dags/tutorial_objectstorage.py took 0.068 seconds
[2026-04-07T05:12:17.558+0530] {processor.py:186} INFO - Started process (PID=11192) to work on /home/ubantu/miniconda3/envs/airflow-env/lib/python3.11/site-packages/airflow/example_dags/tutorial_objectstorage.py
[2026-04-07T05:12:17.559+0530] {processor.py:914} INFO - Processing file /home/ubantu/miniconda3/envs/airflow-env/lib/python3.11/site-packages/airflow/example_dags/tutorial_objectstorage.py for tasks to queue
[2026-04-07T05:12:17.562+0530] {logging_mixin.py:190} INFO - [2026-04-07T05:12:17.561+0530] {dagbag.py:588} INFO - Filling up the DagBag from /home/ubantu/miniconda3/envs/airflow-env/lib/python3.11/site-packages/airflow/example_dags/tutorial_objectstorage.py
[2026-04-07T05:12:17.572+0530] {processor.py:925} INFO - DAG(s) 'tutorial_objectstorage' retrieved from /home/ubantu/miniconda3/envs/airflow-env/lib/python3.11/site-packages/airflow/example_dags/tutorial_objectstorage.py
[2026-04-07T05:12:17.587+0530] {logging_mixin.py:190} INFO - [2026-04-07T05:12:17.587+0530] {dag.py:3239} INFO - Sync 1 DAGs
[2026-04-07T05:12:17.600+0530] {logging_mixin.py:190} INFO - [2026-04-07T05:12:17.600+0530] {dag.py:4180} INFO - Setting next_dagrun for tutorial_objectstorage to None, run_after=None
[2026-04-07T05:12:17.618+0530] {processor.py:208} INFO - Processing /home/ubantu/miniconda3/envs/airflow-env/lib/python3.11/site-packages/airflow/example_dags/tutorial_objectstorage.py took 0.066 seconds
[2026-04-07T05:13:17.779+0530] {processor.py:186} INFO - Started process (PID=11279) to work on /home/ubantu/miniconda3/envs/airflow-env/lib/python3.11/site-packages/airflow/example_dags/tutorial_objectstorage.py
[2026-04-07T05:13:17.780+0530] {processor.py:914} INFO - Processing file /home/ubantu/miniconda3/envs/airflow-env/lib/python3.11/site-packages/airflow/example_dags/tutorial_objectstorage.py for tasks to queue
[2026-04-07T05:13:17.782+0530] {logging_mixin.py:190} INFO - [2026-04-07T05:13:17.781+0530] {dagbag.py:588} INFO - Filling up the DagBag from /home/ubantu/miniconda3/envs/airflow-env/lib/python3.11/site-packages/airflow/example_dags/tutorial_objectstorage.py
[2026-04-07T05:13:17.789+0530] {processor.py:925} INFO - DAG(s) 'tutorial_objectstorage' retrieved from /home/ubantu/miniconda3/envs/airflow-env/lib/python3.11/site-packages/airflow/example_dags/tutorial_objectstorage.py
[2026-04-07T05:13:17.802+0530] {logging_mixin.py:190} INFO - [2026-04-07T05:13:17.802+0530] {dag.py:3239} INFO - Sync 1 DAGs
[2026-04-07T05:13:17.812+0530] {logging_mixin.py:190} INFO - [2026-04-07T05:13:17.812+0530] {dag.py:4180} INFO - Setting next_dagrun for tutorial_objectstorage to None, run_after=None
[2026-04-07T05:13:17.830+0530] {processor.py:208} INFO - Processing /home/ubantu/miniconda3/envs/airflow-env/lib/python3.11/site-packages/airflow/example_dags/tutorial_objectstorage.py took 0.057 seconds
[2026-04-07T05:14:24.040+0530] {processor.py:186} INFO - Started process (PID=11360) to work on /home/ubantu/miniconda3/envs/airflow-env/lib/python3.11/site-packages/airflow/example_dags/tutorial_objectstorage.py
[2026-04-07T05:14:24.041+0530] {processor.py:914} INFO - Processing file /home/ubantu/miniconda3/envs/airflow-env/lib/python3.11/site-packages/airflow/example_dags/tutorial_objectstorage.py for tasks to queue
[2026-04-07T05:14:24.044+0530] {logging_mixin.py:190} INFO - [2026-04-07T05:14:24.043+0530] {dagbag.py:588} INFO - Filling up the DagBag from /home/ubantu/miniconda3/envs/airflow-env/lib/python3.11/site-packages/airflow/example_dags/tutorial_objectstorage.py
[2026-04-07T05:14:24.053+0530] {processor.py:925} INFO - DAG(s) 'tutorial_objectstorage' retrieved from /home/ubantu/miniconda3/envs/airflow-env/lib/python3.11/site-packages/airflow/example_dags/tutorial_objectstorage.py
[2026-04-07T05:14:24.067+0530] {logging_mixin.py:190} INFO - [2026-04-07T05:14:24.066+0530] {dag.py:3239} INFO - Sync 1 DAGs
[2026-04-07T05:14:24.078+0530] {logging_mixin.py:190} INFO - [2026-04-07T05:14:24.078+0530] {dag.py:4180} INFO - Setting next_dagrun for tutorial_objectstorage to None, run_after=None
[2026-04-07T05:14:24.101+0530] {processor.py:208} INFO - Processing /home/ubantu/miniconda3/envs/airflow-env/lib/python3.11/site-packages/airflow/example_dags/tutorial_objectstorage.py took 0.067 seconds
[2026-04-07T05:17:27.403+0530] {processor.py:186} INFO - Started process (PID=11546) to work on /home/ubantu/miniconda3/envs/airflow-env/lib/python3.11/site-packages/airflow/example_dags/tutorial_objectstorage.py
[2026-04-07T05:17:27.405+0530] {processor.py:914} INFO - Processing file /home/ubantu/miniconda3/envs/airflow-env/lib/python3.11/site-packages/airflow/example_dags/tutorial_objectstorage.py for tasks to queue
[2026-04-07T05:17:27.407+0530] {logging_mixin.py:190} INFO - [2026-04-07T05:17:27.406+0530] {dagbag.py:588} INFO - Filling up the DagBag from /home/ubantu/miniconda3/envs/airflow-env/lib/python3.11/site-packages/airflow/example_dags/tutorial_objectstorage.py
[2026-04-07T05:17:27.417+0530] {processor.py:925} INFO - DAG(s) 'tutorial_objectstorage' retrieved from /home/ubantu/miniconda3/envs/airflow-env/lib/python3.11/site-packages/airflow/example_dags/tutorial_objectstorage.py
[2026-04-07T05:17:27.438+0530] {logging_mixin.py:190} INFO - [2026-04-07T05:17:27.438+0530] {dag.py:3239} INFO - Sync 1 DAGs
[2026-04-07T05:17:27.449+0530] {logging_mixin.py:190} INFO - [2026-04-07T05:17:27.449+0530] {dag.py:4180} INFO - Setting next_dagrun for tutorial_objectstorage to None, run_after=None
[2026-04-07T05:17:27.469+0530] {processor.py:208} INFO - Processing /home/ubantu/miniconda3/envs/airflow-env/lib/python3.11/site-packages/airflow/example_dags/tutorial_objectstorage.py took 0.071 seconds
