[2026-04-07T04:07:26.468+0530] {processor.py:186} INFO - Started process (PID=5630) to work on /home/ubantu/miniconda3/envs/airflow-env/lib/python3.11/site-packages/airflow/example_dags/tutorial_dag.py
[2026-04-07T04:07:26.469+0530] {processor.py:914} INFO - Processing file /home/ubantu/miniconda3/envs/airflow-env/lib/python3.11/site-packages/airflow/example_dags/tutorial_dag.py for tasks to queue
[2026-04-07T04:07:26.471+0530] {logging_mixin.py:190} INFO - [2026-04-07T04:07:26.470+0530] {dagbag.py:588} INFO - Filling up the DagBag from /home/ubantu/miniconda3/envs/airflow-env/lib/python3.11/site-packages/airflow/example_dags/tutorial_dag.py
[2026-04-07T04:07:26.479+0530] {processor.py:925} INFO - DAG(s) 'tutorial_dag' retrieved from /home/ubantu/miniconda3/envs/airflow-env/lib/python3.11/site-packages/airflow/example_dags/tutorial_dag.py
[2026-04-07T04:07:26.573+0530] {logging_mixin.py:190} INFO - [2026-04-07T04:07:26.572+0530] {override.py:1911} INFO - Created Permission View: can delete on DAG:tutorial_dag
[2026-04-07T04:07:26.583+0530] {logging_mixin.py:190} INFO - [2026-04-07T04:07:26.582+0530] {override.py:1911} INFO - Created Permission View: can edit on DAG:tutorial_dag
[2026-04-07T04:07:26.589+0530] {logging_mixin.py:190} INFO - [2026-04-07T04:07:26.589+0530] {override.py:1911} INFO - Created Permission View: can read on DAG:tutorial_dag
[2026-04-07T04:07:26.600+0530] {logging_mixin.py:190} INFO - [2026-04-07T04:07:26.599+0530] {override.py:1911} INFO - Created Permission View: can create on DAG Run:tutorial_dag
[2026-04-07T04:07:26.607+0530] {logging_mixin.py:190} INFO - [2026-04-07T04:07:26.607+0530] {override.py:1911} INFO - Created Permission View: can delete on DAG Run:tutorial_dag
[2026-04-07T04:07:26.615+0530] {logging_mixin.py:190} INFO - [2026-04-07T04:07:26.615+0530] {override.py:1911} INFO - Created Permission View: menu access on DAG Run:tutorial_dag
[2026-04-07T04:07:26.622+0530] {logging_mixin.py:190} INFO - [2026-04-07T04:07:26.622+0530] {override.py:1911} INFO - Created Permission View: can read on DAG Run:tutorial_dag
[2026-04-07T04:07:26.623+0530] {logging_mixin.py:190} INFO - [2026-04-07T04:07:26.622+0530] {dag.py:3239} INFO - Sync 1 DAGs
[2026-04-07T04:07:26.634+0530] {logging_mixin.py:190} INFO - [2026-04-07T04:07:26.633+0530] {dag.py:3262} INFO - Creating ORM DAG for tutorial_dag
[2026-04-07T04:07:26.635+0530] {logging_mixin.py:190} INFO - [2026-04-07T04:07:26.634+0530] {dag.py:4180} INFO - Setting next_dagrun for tutorial_dag to None, run_after=None
[2026-04-07T04:07:26.653+0530] {processor.py:208} INFO - Processing /home/ubantu/miniconda3/envs/airflow-env/lib/python3.11/site-packages/airflow/example_dags/tutorial_dag.py took 0.191 seconds
[2026-04-07T04:08:31.401+0530] {processor.py:186} INFO - Started process (PID=5936) to work on /home/ubantu/miniconda3/envs/airflow-env/lib/python3.11/site-packages/airflow/example_dags/tutorial_dag.py
[2026-04-07T04:08:31.402+0530] {processor.py:914} INFO - Processing file /home/ubantu/miniconda3/envs/airflow-env/lib/python3.11/site-packages/airflow/example_dags/tutorial_dag.py for tasks to queue
[2026-04-07T04:08:31.404+0530] {logging_mixin.py:190} INFO - [2026-04-07T04:08:31.404+0530] {dagbag.py:588} INFO - Filling up the DagBag from /home/ubantu/miniconda3/envs/airflow-env/lib/python3.11/site-packages/airflow/example_dags/tutorial_dag.py
[2026-04-07T04:08:31.412+0530] {processor.py:925} INFO - DAG(s) 'tutorial_dag' retrieved from /home/ubantu/miniconda3/envs/airflow-env/lib/python3.11/site-packages/airflow/example_dags/tutorial_dag.py
[2026-04-07T04:08:31.428+0530] {logging_mixin.py:190} INFO - [2026-04-07T04:08:31.428+0530] {dag.py:3239} INFO - Sync 1 DAGs
[2026-04-07T04:08:31.447+0530] {logging_mixin.py:190} INFO - [2026-04-07T04:08:31.447+0530] {dag.py:4180} INFO - Setting next_dagrun for tutorial_dag to None, run_after=None
[2026-04-07T04:08:31.479+0530] {processor.py:208} INFO - Processing /home/ubantu/miniconda3/envs/airflow-env/lib/python3.11/site-packages/airflow/example_dags/tutorial_dag.py took 0.084 seconds
[2026-04-07T04:09:28.084+0530] {processor.py:186} INFO - Started process (PID=6127) to work on /home/ubantu/miniconda3/envs/airflow-env/lib/python3.11/site-packages/airflow/example_dags/tutorial_dag.py
[2026-04-07T04:09:28.086+0530] {processor.py:914} INFO - Processing file /home/ubantu/miniconda3/envs/airflow-env/lib/python3.11/site-packages/airflow/example_dags/tutorial_dag.py for tasks to queue
[2026-04-07T04:09:28.088+0530] {logging_mixin.py:190} INFO - [2026-04-07T04:09:28.088+0530] {dagbag.py:588} INFO - Filling up the DagBag from /home/ubantu/miniconda3/envs/airflow-env/lib/python3.11/site-packages/airflow/example_dags/tutorial_dag.py
[2026-04-07T04:09:28.097+0530] {processor.py:925} INFO - DAG(s) 'tutorial_dag' retrieved from /home/ubantu/miniconda3/envs/airflow-env/lib/python3.11/site-packages/airflow/example_dags/tutorial_dag.py
[2026-04-07T04:09:28.114+0530] {logging_mixin.py:190} INFO - [2026-04-07T04:09:28.114+0530] {dag.py:3239} INFO - Sync 1 DAGs
[2026-04-07T04:09:28.127+0530] {logging_mixin.py:190} INFO - [2026-04-07T04:09:28.127+0530] {dag.py:4180} INFO - Setting next_dagrun for tutorial_dag to None, run_after=None
[2026-04-07T04:09:28.148+0530] {processor.py:208} INFO - Processing /home/ubantu/miniconda3/envs/airflow-env/lib/python3.11/site-packages/airflow/example_dags/tutorial_dag.py took 0.070 seconds
[2026-04-07T04:10:24.188+0530] {processor.py:186} INFO - Started process (PID=6197) to work on /home/ubantu/miniconda3/envs/airflow-env/lib/python3.11/site-packages/airflow/example_dags/tutorial_dag.py
[2026-04-07T04:10:24.190+0530] {processor.py:914} INFO - Processing file /home/ubantu/miniconda3/envs/airflow-env/lib/python3.11/site-packages/airflow/example_dags/tutorial_dag.py for tasks to queue
[2026-04-07T04:10:24.192+0530] {logging_mixin.py:190} INFO - [2026-04-07T04:10:24.192+0530] {dagbag.py:588} INFO - Filling up the DagBag from /home/ubantu/miniconda3/envs/airflow-env/lib/python3.11/site-packages/airflow/example_dags/tutorial_dag.py
[2026-04-07T04:10:24.201+0530] {processor.py:925} INFO - DAG(s) 'tutorial_dag' retrieved from /home/ubantu/miniconda3/envs/airflow-env/lib/python3.11/site-packages/airflow/example_dags/tutorial_dag.py
[2026-04-07T04:10:24.219+0530] {logging_mixin.py:190} INFO - [2026-04-07T04:10:24.218+0530] {dag.py:3239} INFO - Sync 1 DAGs
[2026-04-07T04:10:24.233+0530] {logging_mixin.py:190} INFO - [2026-04-07T04:10:24.233+0530] {dag.py:4180} INFO - Setting next_dagrun for tutorial_dag to None, run_after=None
[2026-04-07T04:10:24.255+0530] {processor.py:208} INFO - Processing /home/ubantu/miniconda3/envs/airflow-env/lib/python3.11/site-packages/airflow/example_dags/tutorial_dag.py took 0.073 seconds
[2026-04-07T04:11:14.739+0530] {processor.py:186} INFO - Started process (PID=6258) to work on /home/ubantu/miniconda3/envs/airflow-env/lib/python3.11/site-packages/airflow/example_dags/tutorial_dag.py
[2026-04-07T04:11:14.740+0530] {processor.py:914} INFO - Processing file /home/ubantu/miniconda3/envs/airflow-env/lib/python3.11/site-packages/airflow/example_dags/tutorial_dag.py for tasks to queue
[2026-04-07T04:11:14.743+0530] {logging_mixin.py:190} INFO - [2026-04-07T04:11:14.742+0530] {dagbag.py:588} INFO - Filling up the DagBag from /home/ubantu/miniconda3/envs/airflow-env/lib/python3.11/site-packages/airflow/example_dags/tutorial_dag.py
[2026-04-07T04:11:14.751+0530] {processor.py:925} INFO - DAG(s) 'tutorial_dag' retrieved from /home/ubantu/miniconda3/envs/airflow-env/lib/python3.11/site-packages/airflow/example_dags/tutorial_dag.py
[2026-04-07T04:11:14.766+0530] {logging_mixin.py:190} INFO - [2026-04-07T04:11:14.766+0530] {dag.py:3239} INFO - Sync 1 DAGs
[2026-04-07T04:11:14.778+0530] {logging_mixin.py:190} INFO - [2026-04-07T04:11:14.778+0530] {dag.py:4180} INFO - Setting next_dagrun for tutorial_dag to None, run_after=None
[2026-04-07T04:11:14.800+0530] {processor.py:208} INFO - Processing /home/ubantu/miniconda3/envs/airflow-env/lib/python3.11/site-packages/airflow/example_dags/tutorial_dag.py took 0.067 seconds
[2026-04-07T04:12:07.379+0530] {processor.py:186} INFO - Started process (PID=6325) to work on /home/ubantu/miniconda3/envs/airflow-env/lib/python3.11/site-packages/airflow/example_dags/tutorial_dag.py
[2026-04-07T04:12:07.380+0530] {processor.py:914} INFO - Processing file /home/ubantu/miniconda3/envs/airflow-env/lib/python3.11/site-packages/airflow/example_dags/tutorial_dag.py for tasks to queue
[2026-04-07T04:12:07.383+0530] {logging_mixin.py:190} INFO - [2026-04-07T04:12:07.383+0530] {dagbag.py:588} INFO - Filling up the DagBag from /home/ubantu/miniconda3/envs/airflow-env/lib/python3.11/site-packages/airflow/example_dags/tutorial_dag.py
[2026-04-07T04:12:07.391+0530] {processor.py:925} INFO - DAG(s) 'tutorial_dag' retrieved from /home/ubantu/miniconda3/envs/airflow-env/lib/python3.11/site-packages/airflow/example_dags/tutorial_dag.py
[2026-04-07T04:12:07.407+0530] {logging_mixin.py:190} INFO - [2026-04-07T04:12:07.406+0530] {dag.py:3239} INFO - Sync 1 DAGs
[2026-04-07T04:12:07.419+0530] {logging_mixin.py:190} INFO - [2026-04-07T04:12:07.419+0530] {dag.py:4180} INFO - Setting next_dagrun for tutorial_dag to None, run_after=None
[2026-04-07T04:12:07.440+0530] {processor.py:208} INFO - Processing /home/ubantu/miniconda3/envs/airflow-env/lib/python3.11/site-packages/airflow/example_dags/tutorial_dag.py took 0.068 seconds
[2026-04-07T04:13:00.018+0530] {processor.py:186} INFO - Started process (PID=6381) to work on /home/ubantu/miniconda3/envs/airflow-env/lib/python3.11/site-packages/airflow/example_dags/tutorial_dag.py
[2026-04-07T04:13:00.019+0530] {processor.py:914} INFO - Processing file /home/ubantu/miniconda3/envs/airflow-env/lib/python3.11/site-packages/airflow/example_dags/tutorial_dag.py for tasks to queue
[2026-04-07T04:13:00.021+0530] {logging_mixin.py:190} INFO - [2026-04-07T04:13:00.021+0530] {dagbag.py:588} INFO - Filling up the DagBag from /home/ubantu/miniconda3/envs/airflow-env/lib/python3.11/site-packages/airflow/example_dags/tutorial_dag.py
[2026-04-07T04:13:00.030+0530] {processor.py:925} INFO - DAG(s) 'tutorial_dag' retrieved from /home/ubantu/miniconda3/envs/airflow-env/lib/python3.11/site-packages/airflow/example_dags/tutorial_dag.py
[2026-04-07T04:13:00.046+0530] {logging_mixin.py:190} INFO - [2026-04-07T04:13:00.046+0530] {dag.py:3239} INFO - Sync 1 DAGs
[2026-04-07T04:13:00.057+0530] {logging_mixin.py:190} INFO - [2026-04-07T04:13:00.057+0530] {dag.py:4180} INFO - Setting next_dagrun for tutorial_dag to None, run_after=None
[2026-04-07T04:13:00.074+0530] {processor.py:208} INFO - Processing /home/ubantu/miniconda3/envs/airflow-env/lib/python3.11/site-packages/airflow/example_dags/tutorial_dag.py took 0.063 seconds
[2026-04-07T04:13:52.459+0530] {processor.py:186} INFO - Started process (PID=6449) to work on /home/ubantu/miniconda3/envs/airflow-env/lib/python3.11/site-packages/airflow/example_dags/tutorial_dag.py
[2026-04-07T04:13:52.460+0530] {processor.py:914} INFO - Processing file /home/ubantu/miniconda3/envs/airflow-env/lib/python3.11/site-packages/airflow/example_dags/tutorial_dag.py for tasks to queue
[2026-04-07T04:13:52.462+0530] {logging_mixin.py:190} INFO - [2026-04-07T04:13:52.462+0530] {dagbag.py:588} INFO - Filling up the DagBag from /home/ubantu/miniconda3/envs/airflow-env/lib/python3.11/site-packages/airflow/example_dags/tutorial_dag.py
[2026-04-07T04:13:52.471+0530] {processor.py:925} INFO - DAG(s) 'tutorial_dag' retrieved from /home/ubantu/miniconda3/envs/airflow-env/lib/python3.11/site-packages/airflow/example_dags/tutorial_dag.py
[2026-04-07T04:13:52.485+0530] {logging_mixin.py:190} INFO - [2026-04-07T04:13:52.485+0530] {dag.py:3239} INFO - Sync 1 DAGs
[2026-04-07T04:13:52.498+0530] {logging_mixin.py:190} INFO - [2026-04-07T04:13:52.497+0530] {dag.py:4180} INFO - Setting next_dagrun for tutorial_dag to None, run_after=None
[2026-04-07T04:13:52.517+0530] {processor.py:208} INFO - Processing /home/ubantu/miniconda3/envs/airflow-env/lib/python3.11/site-packages/airflow/example_dags/tutorial_dag.py took 0.064 seconds
[2026-04-07T04:14:48.294+0530] {processor.py:186} INFO - Started process (PID=6510) to work on /home/ubantu/miniconda3/envs/airflow-env/lib/python3.11/site-packages/airflow/example_dags/tutorial_dag.py
[2026-04-07T04:14:48.295+0530] {processor.py:914} INFO - Processing file /home/ubantu/miniconda3/envs/airflow-env/lib/python3.11/site-packages/airflow/example_dags/tutorial_dag.py for tasks to queue
[2026-04-07T04:14:48.297+0530] {logging_mixin.py:190} INFO - [2026-04-07T04:14:48.297+0530] {dagbag.py:588} INFO - Filling up the DagBag from /home/ubantu/miniconda3/envs/airflow-env/lib/python3.11/site-packages/airflow/example_dags/tutorial_dag.py
[2026-04-07T04:14:48.306+0530] {processor.py:925} INFO - DAG(s) 'tutorial_dag' retrieved from /home/ubantu/miniconda3/envs/airflow-env/lib/python3.11/site-packages/airflow/example_dags/tutorial_dag.py
[2026-04-07T04:14:48.320+0530] {logging_mixin.py:190} INFO - [2026-04-07T04:14:48.320+0530] {dag.py:3239} INFO - Sync 1 DAGs
[2026-04-07T04:14:48.332+0530] {logging_mixin.py:190} INFO - [2026-04-07T04:14:48.332+0530] {dag.py:4180} INFO - Setting next_dagrun for tutorial_dag to None, run_after=None
[2026-04-07T04:14:48.352+0530] {processor.py:208} INFO - Processing /home/ubantu/miniconda3/envs/airflow-env/lib/python3.11/site-packages/airflow/example_dags/tutorial_dag.py took 0.064 seconds
[2026-04-07T04:15:38.541+0530] {processor.py:186} INFO - Started process (PID=6571) to work on /home/ubantu/miniconda3/envs/airflow-env/lib/python3.11/site-packages/airflow/example_dags/tutorial_dag.py
[2026-04-07T04:15:38.542+0530] {processor.py:914} INFO - Processing file /home/ubantu/miniconda3/envs/airflow-env/lib/python3.11/site-packages/airflow/example_dags/tutorial_dag.py for tasks to queue
[2026-04-07T04:15:38.545+0530] {logging_mixin.py:190} INFO - [2026-04-07T04:15:38.544+0530] {dagbag.py:588} INFO - Filling up the DagBag from /home/ubantu/miniconda3/envs/airflow-env/lib/python3.11/site-packages/airflow/example_dags/tutorial_dag.py
[2026-04-07T04:15:38.552+0530] {processor.py:925} INFO - DAG(s) 'tutorial_dag' retrieved from /home/ubantu/miniconda3/envs/airflow-env/lib/python3.11/site-packages/airflow/example_dags/tutorial_dag.py
[2026-04-07T04:15:38.567+0530] {logging_mixin.py:190} INFO - [2026-04-07T04:15:38.567+0530] {dag.py:3239} INFO - Sync 1 DAGs
[2026-04-07T04:15:38.579+0530] {logging_mixin.py:190} INFO - [2026-04-07T04:15:38.578+0530] {dag.py:4180} INFO - Setting next_dagrun for tutorial_dag to None, run_after=None
[2026-04-07T04:15:38.598+0530] {processor.py:208} INFO - Processing /home/ubantu/miniconda3/envs/airflow-env/lib/python3.11/site-packages/airflow/example_dags/tutorial_dag.py took 0.063 seconds
[2026-04-07T04:16:29.044+0530] {processor.py:186} INFO - Started process (PID=6628) to work on /home/ubantu/miniconda3/envs/airflow-env/lib/python3.11/site-packages/airflow/example_dags/tutorial_dag.py
[2026-04-07T04:16:29.046+0530] {processor.py:914} INFO - Processing file /home/ubantu/miniconda3/envs/airflow-env/lib/python3.11/site-packages/airflow/example_dags/tutorial_dag.py for tasks to queue
[2026-04-07T04:16:29.048+0530] {logging_mixin.py:190} INFO - [2026-04-07T04:16:29.047+0530] {dagbag.py:588} INFO - Filling up the DagBag from /home/ubantu/miniconda3/envs/airflow-env/lib/python3.11/site-packages/airflow/example_dags/tutorial_dag.py
[2026-04-07T04:16:29.056+0530] {processor.py:925} INFO - DAG(s) 'tutorial_dag' retrieved from /home/ubantu/miniconda3/envs/airflow-env/lib/python3.11/site-packages/airflow/example_dags/tutorial_dag.py
[2026-04-07T04:16:29.071+0530] {logging_mixin.py:190} INFO - [2026-04-07T04:16:29.071+0530] {dag.py:3239} INFO - Sync 1 DAGs
[2026-04-07T04:16:29.083+0530] {logging_mixin.py:190} INFO - [2026-04-07T04:16:29.083+0530] {dag.py:4180} INFO - Setting next_dagrun for tutorial_dag to None, run_after=None
[2026-04-07T04:16:29.104+0530] {processor.py:208} INFO - Processing /home/ubantu/miniconda3/envs/airflow-env/lib/python3.11/site-packages/airflow/example_dags/tutorial_dag.py took 0.066 seconds
[2026-04-07T04:17:19.343+0530] {processor.py:186} INFO - Started process (PID=6693) to work on /home/ubantu/miniconda3/envs/airflow-env/lib/python3.11/site-packages/airflow/example_dags/tutorial_dag.py
[2026-04-07T04:17:19.344+0530] {processor.py:914} INFO - Processing file /home/ubantu/miniconda3/envs/airflow-env/lib/python3.11/site-packages/airflow/example_dags/tutorial_dag.py for tasks to queue
[2026-04-07T04:17:19.346+0530] {logging_mixin.py:190} INFO - [2026-04-07T04:17:19.346+0530] {dagbag.py:588} INFO - Filling up the DagBag from /home/ubantu/miniconda3/envs/airflow-env/lib/python3.11/site-packages/airflow/example_dags/tutorial_dag.py
[2026-04-07T04:17:19.355+0530] {processor.py:925} INFO - DAG(s) 'tutorial_dag' retrieved from /home/ubantu/miniconda3/envs/airflow-env/lib/python3.11/site-packages/airflow/example_dags/tutorial_dag.py
[2026-04-07T04:17:19.371+0530] {logging_mixin.py:190} INFO - [2026-04-07T04:17:19.370+0530] {dag.py:3239} INFO - Sync 1 DAGs
[2026-04-07T04:17:19.383+0530] {logging_mixin.py:190} INFO - [2026-04-07T04:17:19.383+0530] {dag.py:4180} INFO - Setting next_dagrun for tutorial_dag to None, run_after=None
[2026-04-07T04:17:19.400+0530] {processor.py:208} INFO - Processing /home/ubantu/miniconda3/envs/airflow-env/lib/python3.11/site-packages/airflow/example_dags/tutorial_dag.py took 0.063 seconds
[2026-04-07T04:18:08.796+0530] {processor.py:186} INFO - Started process (PID=6749) to work on /home/ubantu/miniconda3/envs/airflow-env/lib/python3.11/site-packages/airflow/example_dags/tutorial_dag.py
[2026-04-07T04:18:08.797+0530] {processor.py:914} INFO - Processing file /home/ubantu/miniconda3/envs/airflow-env/lib/python3.11/site-packages/airflow/example_dags/tutorial_dag.py for tasks to queue
[2026-04-07T04:18:08.799+0530] {logging_mixin.py:190} INFO - [2026-04-07T04:18:08.798+0530] {dagbag.py:588} INFO - Filling up the DagBag from /home/ubantu/miniconda3/envs/airflow-env/lib/python3.11/site-packages/airflow/example_dags/tutorial_dag.py
[2026-04-07T04:18:08.807+0530] {processor.py:925} INFO - DAG(s) 'tutorial_dag' retrieved from /home/ubantu/miniconda3/envs/airflow-env/lib/python3.11/site-packages/airflow/example_dags/tutorial_dag.py
[2026-04-07T04:18:08.822+0530] {logging_mixin.py:190} INFO - [2026-04-07T04:18:08.822+0530] {dag.py:3239} INFO - Sync 1 DAGs
[2026-04-07T04:18:08.834+0530] {logging_mixin.py:190} INFO - [2026-04-07T04:18:08.834+0530] {dag.py:4180} INFO - Setting next_dagrun for tutorial_dag to None, run_after=None
[2026-04-07T04:18:08.853+0530] {processor.py:208} INFO - Processing /home/ubantu/miniconda3/envs/airflow-env/lib/python3.11/site-packages/airflow/example_dags/tutorial_dag.py took 0.063 seconds
[2026-04-07T04:19:02.794+0530] {processor.py:186} INFO - Started process (PID=6861) to work on /home/ubantu/miniconda3/envs/airflow-env/lib/python3.11/site-packages/airflow/example_dags/tutorial_dag.py
[2026-04-07T04:19:02.795+0530] {processor.py:914} INFO - Processing file /home/ubantu/miniconda3/envs/airflow-env/lib/python3.11/site-packages/airflow/example_dags/tutorial_dag.py for tasks to queue
[2026-04-07T04:19:02.797+0530] {logging_mixin.py:190} INFO - [2026-04-07T04:19:02.796+0530] {dagbag.py:588} INFO - Filling up the DagBag from /home/ubantu/miniconda3/envs/airflow-env/lib/python3.11/site-packages/airflow/example_dags/tutorial_dag.py
[2026-04-07T04:19:02.805+0530] {processor.py:925} INFO - DAG(s) 'tutorial_dag' retrieved from /home/ubantu/miniconda3/envs/airflow-env/lib/python3.11/site-packages/airflow/example_dags/tutorial_dag.py
[2026-04-07T04:19:02.819+0530] {logging_mixin.py:190} INFO - [2026-04-07T04:19:02.819+0530] {dag.py:3239} INFO - Sync 1 DAGs
[2026-04-07T04:19:02.831+0530] {logging_mixin.py:190} INFO - [2026-04-07T04:19:02.831+0530] {dag.py:4180} INFO - Setting next_dagrun for tutorial_dag to None, run_after=None
[2026-04-07T04:19:02.850+0530] {processor.py:208} INFO - Processing /home/ubantu/miniconda3/envs/airflow-env/lib/python3.11/site-packages/airflow/example_dags/tutorial_dag.py took 0.062 seconds
[2026-04-07T04:19:54.222+0530] {processor.py:186} INFO - Started process (PID=6919) to work on /home/ubantu/miniconda3/envs/airflow-env/lib/python3.11/site-packages/airflow/example_dags/tutorial_dag.py
[2026-04-07T04:19:54.223+0530] {processor.py:914} INFO - Processing file /home/ubantu/miniconda3/envs/airflow-env/lib/python3.11/site-packages/airflow/example_dags/tutorial_dag.py for tasks to queue
[2026-04-07T04:19:54.225+0530] {logging_mixin.py:190} INFO - [2026-04-07T04:19:54.225+0530] {dagbag.py:588} INFO - Filling up the DagBag from /home/ubantu/miniconda3/envs/airflow-env/lib/python3.11/site-packages/airflow/example_dags/tutorial_dag.py
[2026-04-07T04:19:54.234+0530] {processor.py:925} INFO - DAG(s) 'tutorial_dag' retrieved from /home/ubantu/miniconda3/envs/airflow-env/lib/python3.11/site-packages/airflow/example_dags/tutorial_dag.py
[2026-04-07T04:19:54.249+0530] {logging_mixin.py:190} INFO - [2026-04-07T04:19:54.248+0530] {dag.py:3239} INFO - Sync 1 DAGs
[2026-04-07T04:19:54.260+0530] {logging_mixin.py:190} INFO - [2026-04-07T04:19:54.260+0530] {dag.py:4180} INFO - Setting next_dagrun for tutorial_dag to None, run_after=None
[2026-04-07T04:19:54.278+0530] {processor.py:208} INFO - Processing /home/ubantu/miniconda3/envs/airflow-env/lib/python3.11/site-packages/airflow/example_dags/tutorial_dag.py took 0.063 seconds
[2026-04-07T04:20:44.620+0530] {processor.py:186} INFO - Started process (PID=6976) to work on /home/ubantu/miniconda3/envs/airflow-env/lib/python3.11/site-packages/airflow/example_dags/tutorial_dag.py
[2026-04-07T04:20:44.621+0530] {processor.py:914} INFO - Processing file /home/ubantu/miniconda3/envs/airflow-env/lib/python3.11/site-packages/airflow/example_dags/tutorial_dag.py for tasks to queue
[2026-04-07T04:20:44.623+0530] {logging_mixin.py:190} INFO - [2026-04-07T04:20:44.622+0530] {dagbag.py:588} INFO - Filling up the DagBag from /home/ubantu/miniconda3/envs/airflow-env/lib/python3.11/site-packages/airflow/example_dags/tutorial_dag.py
[2026-04-07T04:20:44.631+0530] {processor.py:925} INFO - DAG(s) 'tutorial_dag' retrieved from /home/ubantu/miniconda3/envs/airflow-env/lib/python3.11/site-packages/airflow/example_dags/tutorial_dag.py
[2026-04-07T04:20:44.646+0530] {logging_mixin.py:190} INFO - [2026-04-07T04:20:44.646+0530] {dag.py:3239} INFO - Sync 1 DAGs
[2026-04-07T04:20:44.658+0530] {logging_mixin.py:190} INFO - [2026-04-07T04:20:44.658+0530] {dag.py:4180} INFO - Setting next_dagrun for tutorial_dag to None, run_after=None
[2026-04-07T04:20:44.677+0530] {processor.py:208} INFO - Processing /home/ubantu/miniconda3/envs/airflow-env/lib/python3.11/site-packages/airflow/example_dags/tutorial_dag.py took 0.064 seconds
[2026-04-07T04:21:39.997+0530] {processor.py:186} INFO - Started process (PID=7039) to work on /home/ubantu/miniconda3/envs/airflow-env/lib/python3.11/site-packages/airflow/example_dags/tutorial_dag.py
[2026-04-07T04:21:39.998+0530] {processor.py:914} INFO - Processing file /home/ubantu/miniconda3/envs/airflow-env/lib/python3.11/site-packages/airflow/example_dags/tutorial_dag.py for tasks to queue
[2026-04-07T04:21:40.001+0530] {logging_mixin.py:190} INFO - [2026-04-07T04:21:40.000+0530] {dagbag.py:588} INFO - Filling up the DagBag from /home/ubantu/miniconda3/envs/airflow-env/lib/python3.11/site-packages/airflow/example_dags/tutorial_dag.py
[2026-04-07T04:21:40.009+0530] {processor.py:925} INFO - DAG(s) 'tutorial_dag' retrieved from /home/ubantu/miniconda3/envs/airflow-env/lib/python3.11/site-packages/airflow/example_dags/tutorial_dag.py
[2026-04-07T04:21:40.024+0530] {logging_mixin.py:190} INFO - [2026-04-07T04:21:40.024+0530] {dag.py:3239} INFO - Sync 1 DAGs
[2026-04-07T04:21:40.036+0530] {logging_mixin.py:190} INFO - [2026-04-07T04:21:40.036+0530] {dag.py:4180} INFO - Setting next_dagrun for tutorial_dag to None, run_after=None
[2026-04-07T04:21:40.056+0530] {processor.py:208} INFO - Processing /home/ubantu/miniconda3/envs/airflow-env/lib/python3.11/site-packages/airflow/example_dags/tutorial_dag.py took 0.066 seconds
[2026-04-07T04:22:34.170+0530] {processor.py:186} INFO - Started process (PID=7099) to work on /home/ubantu/miniconda3/envs/airflow-env/lib/python3.11/site-packages/airflow/example_dags/tutorial_dag.py
[2026-04-07T04:22:34.171+0530] {processor.py:914} INFO - Processing file /home/ubantu/miniconda3/envs/airflow-env/lib/python3.11/site-packages/airflow/example_dags/tutorial_dag.py for tasks to queue
[2026-04-07T04:22:34.173+0530] {logging_mixin.py:190} INFO - [2026-04-07T04:22:34.173+0530] {dagbag.py:588} INFO - Filling up the DagBag from /home/ubantu/miniconda3/envs/airflow-env/lib/python3.11/site-packages/airflow/example_dags/tutorial_dag.py
[2026-04-07T04:22:34.182+0530] {processor.py:925} INFO - DAG(s) 'tutorial_dag' retrieved from /home/ubantu/miniconda3/envs/airflow-env/lib/python3.11/site-packages/airflow/example_dags/tutorial_dag.py
[2026-04-07T04:22:34.197+0530] {logging_mixin.py:190} INFO - [2026-04-07T04:22:34.197+0530] {dag.py:3239} INFO - Sync 1 DAGs
[2026-04-07T04:22:34.209+0530] {logging_mixin.py:190} INFO - [2026-04-07T04:22:34.209+0530] {dag.py:4180} INFO - Setting next_dagrun for tutorial_dag to None, run_after=None
[2026-04-07T04:22:34.226+0530] {processor.py:208} INFO - Processing /home/ubantu/miniconda3/envs/airflow-env/lib/python3.11/site-packages/airflow/example_dags/tutorial_dag.py took 0.062 seconds
[2026-04-07T04:23:26.731+0530] {processor.py:186} INFO - Started process (PID=7206) to work on /home/ubantu/miniconda3/envs/airflow-env/lib/python3.11/site-packages/airflow/example_dags/tutorial_dag.py
[2026-04-07T04:23:26.733+0530] {processor.py:914} INFO - Processing file /home/ubantu/miniconda3/envs/airflow-env/lib/python3.11/site-packages/airflow/example_dags/tutorial_dag.py for tasks to queue
[2026-04-07T04:23:26.736+0530] {logging_mixin.py:190} INFO - [2026-04-07T04:23:26.735+0530] {dagbag.py:588} INFO - Filling up the DagBag from /home/ubantu/miniconda3/envs/airflow-env/lib/python3.11/site-packages/airflow/example_dags/tutorial_dag.py
[2026-04-07T04:23:26.746+0530] {processor.py:925} INFO - DAG(s) 'tutorial_dag' retrieved from /home/ubantu/miniconda3/envs/airflow-env/lib/python3.11/site-packages/airflow/example_dags/tutorial_dag.py
[2026-04-07T04:23:26.764+0530] {logging_mixin.py:190} INFO - [2026-04-07T04:23:26.764+0530] {dag.py:3239} INFO - Sync 1 DAGs
[2026-04-07T04:23:26.779+0530] {logging_mixin.py:190} INFO - [2026-04-07T04:23:26.779+0530] {dag.py:4180} INFO - Setting next_dagrun for tutorial_dag to None, run_after=None
[2026-04-07T04:23:26.801+0530] {processor.py:208} INFO - Processing /home/ubantu/miniconda3/envs/airflow-env/lib/python3.11/site-packages/airflow/example_dags/tutorial_dag.py took 0.078 seconds
[2026-04-07T04:24:17.391+0530] {processor.py:186} INFO - Started process (PID=7286) to work on /home/ubantu/miniconda3/envs/airflow-env/lib/python3.11/site-packages/airflow/example_dags/tutorial_dag.py
[2026-04-07T04:24:17.392+0530] {processor.py:914} INFO - Processing file /home/ubantu/miniconda3/envs/airflow-env/lib/python3.11/site-packages/airflow/example_dags/tutorial_dag.py for tasks to queue
[2026-04-07T04:24:17.395+0530] {logging_mixin.py:190} INFO - [2026-04-07T04:24:17.394+0530] {dagbag.py:588} INFO - Filling up the DagBag from /home/ubantu/miniconda3/envs/airflow-env/lib/python3.11/site-packages/airflow/example_dags/tutorial_dag.py
[2026-04-07T04:24:17.403+0530] {processor.py:925} INFO - DAG(s) 'tutorial_dag' retrieved from /home/ubantu/miniconda3/envs/airflow-env/lib/python3.11/site-packages/airflow/example_dags/tutorial_dag.py
[2026-04-07T04:24:17.418+0530] {logging_mixin.py:190} INFO - [2026-04-07T04:24:17.418+0530] {dag.py:3239} INFO - Sync 1 DAGs
[2026-04-07T04:24:17.430+0530] {logging_mixin.py:190} INFO - [2026-04-07T04:24:17.430+0530] {dag.py:4180} INFO - Setting next_dagrun for tutorial_dag to None, run_after=None
[2026-04-07T04:24:17.447+0530] {processor.py:208} INFO - Processing /home/ubantu/miniconda3/envs/airflow-env/lib/python3.11/site-packages/airflow/example_dags/tutorial_dag.py took 0.063 seconds
[2026-04-07T04:25:11.579+0530] {processor.py:186} INFO - Started process (PID=7374) to work on /home/ubantu/miniconda3/envs/airflow-env/lib/python3.11/site-packages/airflow/example_dags/tutorial_dag.py
[2026-04-07T04:25:11.580+0530] {processor.py:914} INFO - Processing file /home/ubantu/miniconda3/envs/airflow-env/lib/python3.11/site-packages/airflow/example_dags/tutorial_dag.py for tasks to queue
[2026-04-07T04:25:11.583+0530] {logging_mixin.py:190} INFO - [2026-04-07T04:25:11.582+0530] {dagbag.py:588} INFO - Filling up the DagBag from /home/ubantu/miniconda3/envs/airflow-env/lib/python3.11/site-packages/airflow/example_dags/tutorial_dag.py
[2026-04-07T04:25:11.591+0530] {processor.py:925} INFO - DAG(s) 'tutorial_dag' retrieved from /home/ubantu/miniconda3/envs/airflow-env/lib/python3.11/site-packages/airflow/example_dags/tutorial_dag.py
[2026-04-07T04:25:11.606+0530] {logging_mixin.py:190} INFO - [2026-04-07T04:25:11.606+0530] {dag.py:3239} INFO - Sync 1 DAGs
[2026-04-07T04:25:11.618+0530] {logging_mixin.py:190} INFO - [2026-04-07T04:25:11.617+0530] {dag.py:4180} INFO - Setting next_dagrun for tutorial_dag to None, run_after=None
[2026-04-07T04:25:11.636+0530] {processor.py:208} INFO - Processing /home/ubantu/miniconda3/envs/airflow-env/lib/python3.11/site-packages/airflow/example_dags/tutorial_dag.py took 0.063 seconds
[2026-04-07T04:26:05.929+0530] {processor.py:186} INFO - Started process (PID=7466) to work on /home/ubantu/miniconda3/envs/airflow-env/lib/python3.11/site-packages/airflow/example_dags/tutorial_dag.py
[2026-04-07T04:26:05.930+0530] {processor.py:914} INFO - Processing file /home/ubantu/miniconda3/envs/airflow-env/lib/python3.11/site-packages/airflow/example_dags/tutorial_dag.py for tasks to queue
[2026-04-07T04:26:05.932+0530] {logging_mixin.py:190} INFO - [2026-04-07T04:26:05.932+0530] {dagbag.py:588} INFO - Filling up the DagBag from /home/ubantu/miniconda3/envs/airflow-env/lib/python3.11/site-packages/airflow/example_dags/tutorial_dag.py
[2026-04-07T04:26:05.942+0530] {processor.py:925} INFO - DAG(s) 'tutorial_dag' retrieved from /home/ubantu/miniconda3/envs/airflow-env/lib/python3.11/site-packages/airflow/example_dags/tutorial_dag.py
[2026-04-07T04:26:05.956+0530] {logging_mixin.py:190} INFO - [2026-04-07T04:26:05.956+0530] {dag.py:3239} INFO - Sync 1 DAGs
[2026-04-07T04:26:05.968+0530] {logging_mixin.py:190} INFO - [2026-04-07T04:26:05.968+0530] {dag.py:4180} INFO - Setting next_dagrun for tutorial_dag to None, run_after=None
[2026-04-07T04:26:05.985+0530] {processor.py:208} INFO - Processing /home/ubantu/miniconda3/envs/airflow-env/lib/python3.11/site-packages/airflow/example_dags/tutorial_dag.py took 0.062 seconds
[2026-04-07T04:27:02.525+0530] {processor.py:186} INFO - Started process (PID=7532) to work on /home/ubantu/miniconda3/envs/airflow-env/lib/python3.11/site-packages/airflow/example_dags/tutorial_dag.py
[2026-04-07T04:27:02.526+0530] {processor.py:914} INFO - Processing file /home/ubantu/miniconda3/envs/airflow-env/lib/python3.11/site-packages/airflow/example_dags/tutorial_dag.py for tasks to queue
[2026-04-07T04:27:02.528+0530] {logging_mixin.py:190} INFO - [2026-04-07T04:27:02.528+0530] {dagbag.py:588} INFO - Filling up the DagBag from /home/ubantu/miniconda3/envs/airflow-env/lib/python3.11/site-packages/airflow/example_dags/tutorial_dag.py
[2026-04-07T04:27:02.537+0530] {processor.py:925} INFO - DAG(s) 'tutorial_dag' retrieved from /home/ubantu/miniconda3/envs/airflow-env/lib/python3.11/site-packages/airflow/example_dags/tutorial_dag.py
[2026-04-07T04:27:02.555+0530] {logging_mixin.py:190} INFO - [2026-04-07T04:27:02.555+0530] {dag.py:3239} INFO - Sync 1 DAGs
[2026-04-07T04:27:02.567+0530] {logging_mixin.py:190} INFO - [2026-04-07T04:27:02.566+0530] {dag.py:4180} INFO - Setting next_dagrun for tutorial_dag to None, run_after=None
[2026-04-07T04:27:02.584+0530] {processor.py:208} INFO - Processing /home/ubantu/miniconda3/envs/airflow-env/lib/python3.11/site-packages/airflow/example_dags/tutorial_dag.py took 0.066 seconds
[2026-04-07T04:27:52.750+0530] {processor.py:186} INFO - Started process (PID=7593) to work on /home/ubantu/miniconda3/envs/airflow-env/lib/python3.11/site-packages/airflow/example_dags/tutorial_dag.py
[2026-04-07T04:27:52.751+0530] {processor.py:914} INFO - Processing file /home/ubantu/miniconda3/envs/airflow-env/lib/python3.11/site-packages/airflow/example_dags/tutorial_dag.py for tasks to queue
[2026-04-07T04:27:52.754+0530] {logging_mixin.py:190} INFO - [2026-04-07T04:27:52.753+0530] {dagbag.py:588} INFO - Filling up the DagBag from /home/ubantu/miniconda3/envs/airflow-env/lib/python3.11/site-packages/airflow/example_dags/tutorial_dag.py
[2026-04-07T04:27:52.764+0530] {processor.py:925} INFO - DAG(s) 'tutorial_dag' retrieved from /home/ubantu/miniconda3/envs/airflow-env/lib/python3.11/site-packages/airflow/example_dags/tutorial_dag.py
[2026-04-07T04:27:52.781+0530] {logging_mixin.py:190} INFO - [2026-04-07T04:27:52.781+0530] {dag.py:3239} INFO - Sync 1 DAGs
[2026-04-07T04:27:52.794+0530] {logging_mixin.py:190} INFO - [2026-04-07T04:27:52.794+0530] {dag.py:4180} INFO - Setting next_dagrun for tutorial_dag to None, run_after=None
[2026-04-07T04:27:52.812+0530] {processor.py:208} INFO - Processing /home/ubantu/miniconda3/envs/airflow-env/lib/python3.11/site-packages/airflow/example_dags/tutorial_dag.py took 0.068 seconds
[2026-04-07T04:28:45.392+0530] {processor.py:186} INFO - Started process (PID=7663) to work on /home/ubantu/miniconda3/envs/airflow-env/lib/python3.11/site-packages/airflow/example_dags/tutorial_dag.py
[2026-04-07T04:28:45.395+0530] {processor.py:914} INFO - Processing file /home/ubantu/miniconda3/envs/airflow-env/lib/python3.11/site-packages/airflow/example_dags/tutorial_dag.py for tasks to queue
[2026-04-07T04:28:45.398+0530] {logging_mixin.py:190} INFO - [2026-04-07T04:28:45.398+0530] {dagbag.py:588} INFO - Filling up the DagBag from /home/ubantu/miniconda3/envs/airflow-env/lib/python3.11/site-packages/airflow/example_dags/tutorial_dag.py
[2026-04-07T04:28:45.408+0530] {processor.py:925} INFO - DAG(s) 'tutorial_dag' retrieved from /home/ubantu/miniconda3/envs/airflow-env/lib/python3.11/site-packages/airflow/example_dags/tutorial_dag.py
[2026-04-07T04:28:45.428+0530] {logging_mixin.py:190} INFO - [2026-04-07T04:28:45.428+0530] {dag.py:3239} INFO - Sync 1 DAGs
[2026-04-07T04:28:45.444+0530] {logging_mixin.py:190} INFO - [2026-04-07T04:28:45.444+0530] {dag.py:4180} INFO - Setting next_dagrun for tutorial_dag to None, run_after=None
[2026-04-07T04:28:45.487+0530] {processor.py:208} INFO - Processing /home/ubantu/miniconda3/envs/airflow-env/lib/python3.11/site-packages/airflow/example_dags/tutorial_dag.py took 0.102 seconds
[2026-04-07T04:29:40.876+0530] {processor.py:186} INFO - Started process (PID=7730) to work on /home/ubantu/miniconda3/envs/airflow-env/lib/python3.11/site-packages/airflow/example_dags/tutorial_dag.py
[2026-04-07T04:29:40.878+0530] {processor.py:914} INFO - Processing file /home/ubantu/miniconda3/envs/airflow-env/lib/python3.11/site-packages/airflow/example_dags/tutorial_dag.py for tasks to queue
[2026-04-07T04:29:40.881+0530] {logging_mixin.py:190} INFO - [2026-04-07T04:29:40.880+0530] {dagbag.py:588} INFO - Filling up the DagBag from /home/ubantu/miniconda3/envs/airflow-env/lib/python3.11/site-packages/airflow/example_dags/tutorial_dag.py
[2026-04-07T04:29:40.891+0530] {processor.py:925} INFO - DAG(s) 'tutorial_dag' retrieved from /home/ubantu/miniconda3/envs/airflow-env/lib/python3.11/site-packages/airflow/example_dags/tutorial_dag.py
[2026-04-07T04:29:40.908+0530] {logging_mixin.py:190} INFO - [2026-04-07T04:29:40.908+0530] {dag.py:3239} INFO - Sync 1 DAGs
[2026-04-07T04:29:40.919+0530] {logging_mixin.py:190} INFO - [2026-04-07T04:29:40.919+0530] {dag.py:4180} INFO - Setting next_dagrun for tutorial_dag to None, run_after=None
[2026-04-07T04:29:40.961+0530] {processor.py:208} INFO - Processing /home/ubantu/miniconda3/envs/airflow-env/lib/python3.11/site-packages/airflow/example_dags/tutorial_dag.py took 0.092 seconds
[2026-04-07T04:30:38.647+0530] {processor.py:186} INFO - Started process (PID=7798) to work on /home/ubantu/miniconda3/envs/airflow-env/lib/python3.11/site-packages/airflow/example_dags/tutorial_dag.py
[2026-04-07T04:30:38.649+0530] {processor.py:914} INFO - Processing file /home/ubantu/miniconda3/envs/airflow-env/lib/python3.11/site-packages/airflow/example_dags/tutorial_dag.py for tasks to queue
[2026-04-07T04:30:38.652+0530] {logging_mixin.py:190} INFO - [2026-04-07T04:30:38.651+0530] {dagbag.py:588} INFO - Filling up the DagBag from /home/ubantu/miniconda3/envs/airflow-env/lib/python3.11/site-packages/airflow/example_dags/tutorial_dag.py
[2026-04-07T04:30:38.661+0530] {processor.py:925} INFO - DAG(s) 'tutorial_dag' retrieved from /home/ubantu/miniconda3/envs/airflow-env/lib/python3.11/site-packages/airflow/example_dags/tutorial_dag.py
[2026-04-07T04:30:38.679+0530] {logging_mixin.py:190} INFO - [2026-04-07T04:30:38.679+0530] {dag.py:3239} INFO - Sync 1 DAGs
[2026-04-07T04:30:38.692+0530] {logging_mixin.py:190} INFO - [2026-04-07T04:30:38.692+0530] {dag.py:4180} INFO - Setting next_dagrun for tutorial_dag to None, run_after=None
[2026-04-07T04:30:38.737+0530] {processor.py:208} INFO - Processing /home/ubantu/miniconda3/envs/airflow-env/lib/python3.11/site-packages/airflow/example_dags/tutorial_dag.py took 0.097 seconds
[2026-04-07T04:31:38.110+0530] {processor.py:186} INFO - Started process (PID=7866) to work on /home/ubantu/miniconda3/envs/airflow-env/lib/python3.11/site-packages/airflow/example_dags/tutorial_dag.py
[2026-04-07T04:31:38.112+0530] {processor.py:914} INFO - Processing file /home/ubantu/miniconda3/envs/airflow-env/lib/python3.11/site-packages/airflow/example_dags/tutorial_dag.py for tasks to queue
[2026-04-07T04:31:38.114+0530] {logging_mixin.py:190} INFO - [2026-04-07T04:31:38.114+0530] {dagbag.py:588} INFO - Filling up the DagBag from /home/ubantu/miniconda3/envs/airflow-env/lib/python3.11/site-packages/airflow/example_dags/tutorial_dag.py
[2026-04-07T04:31:38.124+0530] {processor.py:925} INFO - DAG(s) 'tutorial_dag' retrieved from /home/ubantu/miniconda3/envs/airflow-env/lib/python3.11/site-packages/airflow/example_dags/tutorial_dag.py
[2026-04-07T04:31:38.140+0530] {logging_mixin.py:190} INFO - [2026-04-07T04:31:38.140+0530] {dag.py:3239} INFO - Sync 1 DAGs
[2026-04-07T04:31:38.152+0530] {logging_mixin.py:190} INFO - [2026-04-07T04:31:38.152+0530] {dag.py:4180} INFO - Setting next_dagrun for tutorial_dag to None, run_after=None
[2026-04-07T04:31:38.193+0530] {processor.py:208} INFO - Processing /home/ubantu/miniconda3/envs/airflow-env/lib/python3.11/site-packages/airflow/example_dags/tutorial_dag.py took 0.090 seconds
[2026-04-07T04:32:35.416+0530] {processor.py:186} INFO - Started process (PID=7932) to work on /home/ubantu/miniconda3/envs/airflow-env/lib/python3.11/site-packages/airflow/example_dags/tutorial_dag.py
[2026-04-07T04:32:35.417+0530] {processor.py:914} INFO - Processing file /home/ubantu/miniconda3/envs/airflow-env/lib/python3.11/site-packages/airflow/example_dags/tutorial_dag.py for tasks to queue
[2026-04-07T04:32:35.420+0530] {logging_mixin.py:190} INFO - [2026-04-07T04:32:35.419+0530] {dagbag.py:588} INFO - Filling up the DagBag from /home/ubantu/miniconda3/envs/airflow-env/lib/python3.11/site-packages/airflow/example_dags/tutorial_dag.py
[2026-04-07T04:32:35.428+0530] {processor.py:925} INFO - DAG(s) 'tutorial_dag' retrieved from /home/ubantu/miniconda3/envs/airflow-env/lib/python3.11/site-packages/airflow/example_dags/tutorial_dag.py
[2026-04-07T04:32:35.445+0530] {logging_mixin.py:190} INFO - [2026-04-07T04:32:35.445+0530] {dag.py:3239} INFO - Sync 1 DAGs
[2026-04-07T04:32:35.460+0530] {logging_mixin.py:190} INFO - [2026-04-07T04:32:35.460+0530] {dag.py:4180} INFO - Setting next_dagrun for tutorial_dag to None, run_after=None
[2026-04-07T04:32:35.483+0530] {processor.py:208} INFO - Processing /home/ubantu/miniconda3/envs/airflow-env/lib/python3.11/site-packages/airflow/example_dags/tutorial_dag.py took 0.074 seconds
[2026-04-07T04:33:29.993+0530] {processor.py:186} INFO - Started process (PID=8111) to work on /home/ubantu/miniconda3/envs/airflow-env/lib/python3.11/site-packages/airflow/example_dags/tutorial_dag.py
[2026-04-07T04:33:29.994+0530] {processor.py:914} INFO - Processing file /home/ubantu/miniconda3/envs/airflow-env/lib/python3.11/site-packages/airflow/example_dags/tutorial_dag.py for tasks to queue
[2026-04-07T04:33:29.996+0530] {logging_mixin.py:190} INFO - [2026-04-07T04:33:29.996+0530] {dagbag.py:588} INFO - Filling up the DagBag from /home/ubantu/miniconda3/envs/airflow-env/lib/python3.11/site-packages/airflow/example_dags/tutorial_dag.py
[2026-04-07T04:33:30.006+0530] {processor.py:925} INFO - DAG(s) 'tutorial_dag' retrieved from /home/ubantu/miniconda3/envs/airflow-env/lib/python3.11/site-packages/airflow/example_dags/tutorial_dag.py
[2026-04-07T04:33:30.026+0530] {logging_mixin.py:190} INFO - [2026-04-07T04:33:30.025+0530] {dag.py:3239} INFO - Sync 1 DAGs
[2026-04-07T04:33:30.041+0530] {logging_mixin.py:190} INFO - [2026-04-07T04:33:30.040+0530] {dag.py:4180} INFO - Setting next_dagrun for tutorial_dag to None, run_after=None
[2026-04-07T04:33:30.063+0530] {processor.py:208} INFO - Processing /home/ubantu/miniconda3/envs/airflow-env/lib/python3.11/site-packages/airflow/example_dags/tutorial_dag.py took 0.077 seconds
[2026-04-07T04:34:24.507+0530] {processor.py:186} INFO - Started process (PID=8191) to work on /home/ubantu/miniconda3/envs/airflow-env/lib/python3.11/site-packages/airflow/example_dags/tutorial_dag.py
[2026-04-07T04:34:24.509+0530] {processor.py:914} INFO - Processing file /home/ubantu/miniconda3/envs/airflow-env/lib/python3.11/site-packages/airflow/example_dags/tutorial_dag.py for tasks to queue
[2026-04-07T04:34:24.511+0530] {logging_mixin.py:190} INFO - [2026-04-07T04:34:24.510+0530] {dagbag.py:588} INFO - Filling up the DagBag from /home/ubantu/miniconda3/envs/airflow-env/lib/python3.11/site-packages/airflow/example_dags/tutorial_dag.py
[2026-04-07T04:34:24.518+0530] {processor.py:925} INFO - DAG(s) 'tutorial_dag' retrieved from /home/ubantu/miniconda3/envs/airflow-env/lib/python3.11/site-packages/airflow/example_dags/tutorial_dag.py
[2026-04-07T04:34:24.532+0530] {logging_mixin.py:190} INFO - [2026-04-07T04:34:24.532+0530] {dag.py:3239} INFO - Sync 1 DAGs
[2026-04-07T04:34:24.544+0530] {logging_mixin.py:190} INFO - [2026-04-07T04:34:24.544+0530] {dag.py:4180} INFO - Setting next_dagrun for tutorial_dag to None, run_after=None
[2026-04-07T04:34:24.564+0530] {processor.py:208} INFO - Processing /home/ubantu/miniconda3/envs/airflow-env/lib/python3.11/site-packages/airflow/example_dags/tutorial_dag.py took 0.063 seconds
[2026-04-07T04:35:17.572+0530] {processor.py:186} INFO - Started process (PID=8265) to work on /home/ubantu/miniconda3/envs/airflow-env/lib/python3.11/site-packages/airflow/example_dags/tutorial_dag.py
[2026-04-07T04:35:17.573+0530] {processor.py:914} INFO - Processing file /home/ubantu/miniconda3/envs/airflow-env/lib/python3.11/site-packages/airflow/example_dags/tutorial_dag.py for tasks to queue
[2026-04-07T04:35:17.575+0530] {logging_mixin.py:190} INFO - [2026-04-07T04:35:17.575+0530] {dagbag.py:588} INFO - Filling up the DagBag from /home/ubantu/miniconda3/envs/airflow-env/lib/python3.11/site-packages/airflow/example_dags/tutorial_dag.py
[2026-04-07T04:35:17.584+0530] {processor.py:925} INFO - DAG(s) 'tutorial_dag' retrieved from /home/ubantu/miniconda3/envs/airflow-env/lib/python3.11/site-packages/airflow/example_dags/tutorial_dag.py
[2026-04-07T04:35:17.600+0530] {logging_mixin.py:190} INFO - [2026-04-07T04:35:17.600+0530] {dag.py:3239} INFO - Sync 1 DAGs
[2026-04-07T04:35:17.613+0530] {logging_mixin.py:190} INFO - [2026-04-07T04:35:17.613+0530] {dag.py:4180} INFO - Setting next_dagrun for tutorial_dag to None, run_after=None
[2026-04-07T04:35:17.634+0530] {processor.py:208} INFO - Processing /home/ubantu/miniconda3/envs/airflow-env/lib/python3.11/site-packages/airflow/example_dags/tutorial_dag.py took 0.069 seconds
[2026-04-07T04:36:12.571+0530] {processor.py:186} INFO - Started process (PID=8328) to work on /home/ubantu/miniconda3/envs/airflow-env/lib/python3.11/site-packages/airflow/example_dags/tutorial_dag.py
[2026-04-07T04:36:12.572+0530] {processor.py:914} INFO - Processing file /home/ubantu/miniconda3/envs/airflow-env/lib/python3.11/site-packages/airflow/example_dags/tutorial_dag.py for tasks to queue
[2026-04-07T04:36:12.574+0530] {logging_mixin.py:190} INFO - [2026-04-07T04:36:12.573+0530] {dagbag.py:588} INFO - Filling up the DagBag from /home/ubantu/miniconda3/envs/airflow-env/lib/python3.11/site-packages/airflow/example_dags/tutorial_dag.py
[2026-04-07T04:36:12.582+0530] {processor.py:925} INFO - DAG(s) 'tutorial_dag' retrieved from /home/ubantu/miniconda3/envs/airflow-env/lib/python3.11/site-packages/airflow/example_dags/tutorial_dag.py
[2026-04-07T04:36:12.595+0530] {logging_mixin.py:190} INFO - [2026-04-07T04:36:12.594+0530] {dag.py:3239} INFO - Sync 1 DAGs
[2026-04-07T04:36:12.605+0530] {logging_mixin.py:190} INFO - [2026-04-07T04:36:12.605+0530] {dag.py:4180} INFO - Setting next_dagrun for tutorial_dag to None, run_after=None
[2026-04-07T04:36:12.622+0530] {processor.py:208} INFO - Processing /home/ubantu/miniconda3/envs/airflow-env/lib/python3.11/site-packages/airflow/example_dags/tutorial_dag.py took 0.057 seconds
[2026-04-07T04:37:06.120+0530] {processor.py:186} INFO - Started process (PID=8405) to work on /home/ubantu/miniconda3/envs/airflow-env/lib/python3.11/site-packages/airflow/example_dags/tutorial_dag.py
[2026-04-07T04:37:06.121+0530] {processor.py:914} INFO - Processing file /home/ubantu/miniconda3/envs/airflow-env/lib/python3.11/site-packages/airflow/example_dags/tutorial_dag.py for tasks to queue
[2026-04-07T04:37:06.124+0530] {logging_mixin.py:190} INFO - [2026-04-07T04:37:06.123+0530] {dagbag.py:588} INFO - Filling up the DagBag from /home/ubantu/miniconda3/envs/airflow-env/lib/python3.11/site-packages/airflow/example_dags/tutorial_dag.py
[2026-04-07T04:37:06.134+0530] {processor.py:925} INFO - DAG(s) 'tutorial_dag' retrieved from /home/ubantu/miniconda3/envs/airflow-env/lib/python3.11/site-packages/airflow/example_dags/tutorial_dag.py
[2026-04-07T04:37:06.152+0530] {logging_mixin.py:190} INFO - [2026-04-07T04:37:06.152+0530] {dag.py:3239} INFO - Sync 1 DAGs
[2026-04-07T04:37:06.163+0530] {logging_mixin.py:190} INFO - [2026-04-07T04:37:06.163+0530] {dag.py:4180} INFO - Setting next_dagrun for tutorial_dag to None, run_after=None
[2026-04-07T04:37:06.180+0530] {processor.py:208} INFO - Processing /home/ubantu/miniconda3/envs/airflow-env/lib/python3.11/site-packages/airflow/example_dags/tutorial_dag.py took 0.068 seconds
[2026-04-07T04:38:07.211+0530] {processor.py:186} INFO - Started process (PID=8524) to work on /home/ubantu/miniconda3/envs/airflow-env/lib/python3.11/site-packages/airflow/example_dags/tutorial_dag.py
[2026-04-07T04:38:07.212+0530] {processor.py:914} INFO - Processing file /home/ubantu/miniconda3/envs/airflow-env/lib/python3.11/site-packages/airflow/example_dags/tutorial_dag.py for tasks to queue
[2026-04-07T04:38:07.213+0530] {logging_mixin.py:190} INFO - [2026-04-07T04:38:07.212+0530] {dagbag.py:588} INFO - Filling up the DagBag from /home/ubantu/miniconda3/envs/airflow-env/lib/python3.11/site-packages/airflow/example_dags/tutorial_dag.py
[2026-04-07T04:38:07.221+0530] {processor.py:925} INFO - DAG(s) 'tutorial_dag' retrieved from /home/ubantu/miniconda3/envs/airflow-env/lib/python3.11/site-packages/airflow/example_dags/tutorial_dag.py
[2026-04-07T04:38:07.234+0530] {logging_mixin.py:190} INFO - [2026-04-07T04:38:07.234+0530] {dag.py:3239} INFO - Sync 1 DAGs
[2026-04-07T04:38:07.246+0530] {logging_mixin.py:190} INFO - [2026-04-07T04:38:07.246+0530] {dag.py:4180} INFO - Setting next_dagrun for tutorial_dag to None, run_after=None
[2026-04-07T04:38:07.264+0530] {processor.py:208} INFO - Processing /home/ubantu/miniconda3/envs/airflow-env/lib/python3.11/site-packages/airflow/example_dags/tutorial_dag.py took 0.059 seconds
[2026-04-07T04:39:08.372+0530] {processor.py:186} INFO - Started process (PID=8604) to work on /home/ubantu/miniconda3/envs/airflow-env/lib/python3.11/site-packages/airflow/example_dags/tutorial_dag.py
[2026-04-07T04:39:08.373+0530] {processor.py:914} INFO - Processing file /home/ubantu/miniconda3/envs/airflow-env/lib/python3.11/site-packages/airflow/example_dags/tutorial_dag.py for tasks to queue
[2026-04-07T04:39:08.375+0530] {logging_mixin.py:190} INFO - [2026-04-07T04:39:08.374+0530] {dagbag.py:588} INFO - Filling up the DagBag from /home/ubantu/miniconda3/envs/airflow-env/lib/python3.11/site-packages/airflow/example_dags/tutorial_dag.py
[2026-04-07T04:39:08.385+0530] {processor.py:925} INFO - DAG(s) 'tutorial_dag' retrieved from /home/ubantu/miniconda3/envs/airflow-env/lib/python3.11/site-packages/airflow/example_dags/tutorial_dag.py
[2026-04-07T04:39:08.405+0530] {logging_mixin.py:190} INFO - [2026-04-07T04:39:08.404+0530] {dag.py:3239} INFO - Sync 1 DAGs
[2026-04-07T04:39:08.421+0530] {logging_mixin.py:190} INFO - [2026-04-07T04:39:08.421+0530] {dag.py:4180} INFO - Setting next_dagrun for tutorial_dag to None, run_after=None
[2026-04-07T04:39:08.442+0530] {processor.py:208} INFO - Processing /home/ubantu/miniconda3/envs/airflow-env/lib/python3.11/site-packages/airflow/example_dags/tutorial_dag.py took 0.077 seconds
[2026-04-07T04:40:05.862+0530] {processor.py:186} INFO - Started process (PID=8690) to work on /home/ubantu/miniconda3/envs/airflow-env/lib/python3.11/site-packages/airflow/example_dags/tutorial_dag.py
[2026-04-07T04:40:05.863+0530] {processor.py:914} INFO - Processing file /home/ubantu/miniconda3/envs/airflow-env/lib/python3.11/site-packages/airflow/example_dags/tutorial_dag.py for tasks to queue
[2026-04-07T04:40:05.865+0530] {logging_mixin.py:190} INFO - [2026-04-07T04:40:05.865+0530] {dagbag.py:588} INFO - Filling up the DagBag from /home/ubantu/miniconda3/envs/airflow-env/lib/python3.11/site-packages/airflow/example_dags/tutorial_dag.py
[2026-04-07T04:40:05.877+0530] {processor.py:925} INFO - DAG(s) 'tutorial_dag' retrieved from /home/ubantu/miniconda3/envs/airflow-env/lib/python3.11/site-packages/airflow/example_dags/tutorial_dag.py
[2026-04-07T04:40:05.899+0530] {logging_mixin.py:190} INFO - [2026-04-07T04:40:05.899+0530] {dag.py:3239} INFO - Sync 1 DAGs
[2026-04-07T04:40:05.916+0530] {logging_mixin.py:190} INFO - [2026-04-07T04:40:05.915+0530] {dag.py:4180} INFO - Setting next_dagrun for tutorial_dag to None, run_after=None
[2026-04-07T04:40:05.936+0530] {processor.py:208} INFO - Processing /home/ubantu/miniconda3/envs/airflow-env/lib/python3.11/site-packages/airflow/example_dags/tutorial_dag.py took 0.082 seconds
[2026-04-07T04:41:04.790+0530] {processor.py:186} INFO - Started process (PID=8816) to work on /home/ubantu/miniconda3/envs/airflow-env/lib/python3.11/site-packages/airflow/example_dags/tutorial_dag.py
[2026-04-07T04:41:04.791+0530] {processor.py:914} INFO - Processing file /home/ubantu/miniconda3/envs/airflow-env/lib/python3.11/site-packages/airflow/example_dags/tutorial_dag.py for tasks to queue
[2026-04-07T04:41:04.792+0530] {logging_mixin.py:190} INFO - [2026-04-07T04:41:04.791+0530] {dagbag.py:588} INFO - Filling up the DagBag from /home/ubantu/miniconda3/envs/airflow-env/lib/python3.11/site-packages/airflow/example_dags/tutorial_dag.py
[2026-04-07T04:41:04.800+0530] {processor.py:925} INFO - DAG(s) 'tutorial_dag' retrieved from /home/ubantu/miniconda3/envs/airflow-env/lib/python3.11/site-packages/airflow/example_dags/tutorial_dag.py
[2026-04-07T04:41:04.817+0530] {logging_mixin.py:190} INFO - [2026-04-07T04:41:04.816+0530] {dag.py:3239} INFO - Sync 1 DAGs
[2026-04-07T04:41:04.828+0530] {logging_mixin.py:190} INFO - [2026-04-07T04:41:04.828+0530] {dag.py:4180} INFO - Setting next_dagrun for tutorial_dag to None, run_after=None
[2026-04-07T04:41:04.846+0530] {processor.py:208} INFO - Processing /home/ubantu/miniconda3/envs/airflow-env/lib/python3.11/site-packages/airflow/example_dags/tutorial_dag.py took 0.063 seconds
[2026-04-07T04:41:09.478+0530] {processor.py:186} INFO - Started process (PID=8825) to work on /home/ubantu/miniconda3/envs/airflow-env/lib/python3.11/site-packages/airflow/example_dags/tutorial_dag.py
[2026-04-07T04:41:09.479+0530] {processor.py:914} INFO - Processing file /home/ubantu/miniconda3/envs/airflow-env/lib/python3.11/site-packages/airflow/example_dags/tutorial_dag.py for tasks to queue
[2026-04-07T04:41:09.482+0530] {logging_mixin.py:190} INFO - [2026-04-07T04:41:09.481+0530] {dagbag.py:588} INFO - Filling up the DagBag from /home/ubantu/miniconda3/envs/airflow-env/lib/python3.11/site-packages/airflow/example_dags/tutorial_dag.py
[2026-04-07T04:41:09.493+0530] {processor.py:925} INFO - DAG(s) 'tutorial_dag' retrieved from /home/ubantu/miniconda3/envs/airflow-env/lib/python3.11/site-packages/airflow/example_dags/tutorial_dag.py
[2026-04-07T04:41:09.519+0530] {logging_mixin.py:190} INFO - [2026-04-07T04:41:09.519+0530] {dag.py:3239} INFO - Sync 1 DAGs
[2026-04-07T04:41:09.535+0530] {logging_mixin.py:190} INFO - [2026-04-07T04:41:09.535+0530] {dag.py:4180} INFO - Setting next_dagrun for tutorial_dag to None, run_after=None
[2026-04-07T04:41:09.561+0530] {processor.py:208} INFO - Processing /home/ubantu/miniconda3/envs/airflow-env/lib/python3.11/site-packages/airflow/example_dags/tutorial_dag.py took 0.092 seconds
[2026-04-07T04:42:00.234+0530] {processor.py:186} INFO - Started process (PID=8951) to work on /home/ubantu/miniconda3/envs/airflow-env/lib/python3.11/site-packages/airflow/example_dags/tutorial_dag.py
[2026-04-07T04:42:00.235+0530] {processor.py:914} INFO - Processing file /home/ubantu/miniconda3/envs/airflow-env/lib/python3.11/site-packages/airflow/example_dags/tutorial_dag.py for tasks to queue
[2026-04-07T04:42:00.237+0530] {logging_mixin.py:190} INFO - [2026-04-07T04:42:00.236+0530] {dagbag.py:588} INFO - Filling up the DagBag from /home/ubantu/miniconda3/envs/airflow-env/lib/python3.11/site-packages/airflow/example_dags/tutorial_dag.py
[2026-04-07T04:42:00.247+0530] {processor.py:925} INFO - DAG(s) 'tutorial_dag' retrieved from /home/ubantu/miniconda3/envs/airflow-env/lib/python3.11/site-packages/airflow/example_dags/tutorial_dag.py
[2026-04-07T04:42:00.267+0530] {logging_mixin.py:190} INFO - [2026-04-07T04:42:00.267+0530] {dag.py:3239} INFO - Sync 1 DAGs
[2026-04-07T04:42:00.280+0530] {logging_mixin.py:190} INFO - [2026-04-07T04:42:00.280+0530] {dag.py:4180} INFO - Setting next_dagrun for tutorial_dag to None, run_after=None
[2026-04-07T04:42:00.298+0530] {processor.py:208} INFO - Processing /home/ubantu/miniconda3/envs/airflow-env/lib/python3.11/site-packages/airflow/example_dags/tutorial_dag.py took 0.070 seconds
[2026-04-07T04:42:02.943+0530] {processor.py:186} INFO - Started process (PID=8958) to work on /home/ubantu/miniconda3/envs/airflow-env/lib/python3.11/site-packages/airflow/example_dags/tutorial_dag.py
[2026-04-07T04:42:02.944+0530] {processor.py:914} INFO - Processing file /home/ubantu/miniconda3/envs/airflow-env/lib/python3.11/site-packages/airflow/example_dags/tutorial_dag.py for tasks to queue
[2026-04-07T04:42:02.946+0530] {logging_mixin.py:190} INFO - [2026-04-07T04:42:02.945+0530] {dagbag.py:588} INFO - Filling up the DagBag from /home/ubantu/miniconda3/envs/airflow-env/lib/python3.11/site-packages/airflow/example_dags/tutorial_dag.py
[2026-04-07T04:42:02.953+0530] {processor.py:925} INFO - DAG(s) 'tutorial_dag' retrieved from /home/ubantu/miniconda3/envs/airflow-env/lib/python3.11/site-packages/airflow/example_dags/tutorial_dag.py
[2026-04-07T04:42:02.971+0530] {logging_mixin.py:190} INFO - [2026-04-07T04:42:02.971+0530] {dag.py:3239} INFO - Sync 1 DAGs
[2026-04-07T04:42:02.984+0530] {logging_mixin.py:190} INFO - [2026-04-07T04:42:02.983+0530] {dag.py:4180} INFO - Setting next_dagrun for tutorial_dag to None, run_after=None
[2026-04-07T04:42:03.002+0530] {processor.py:208} INFO - Processing /home/ubantu/miniconda3/envs/airflow-env/lib/python3.11/site-packages/airflow/example_dags/tutorial_dag.py took 0.064 seconds
[2026-04-07T04:42:53.798+0530] {processor.py:186} INFO - Started process (PID=9104) to work on /home/ubantu/miniconda3/envs/airflow-env/lib/python3.11/site-packages/airflow/example_dags/tutorial_dag.py
[2026-04-07T04:42:53.799+0530] {processor.py:914} INFO - Processing file /home/ubantu/miniconda3/envs/airflow-env/lib/python3.11/site-packages/airflow/example_dags/tutorial_dag.py for tasks to queue
[2026-04-07T04:42:53.800+0530] {logging_mixin.py:190} INFO - [2026-04-07T04:42:53.800+0530] {dagbag.py:588} INFO - Filling up the DagBag from /home/ubantu/miniconda3/envs/airflow-env/lib/python3.11/site-packages/airflow/example_dags/tutorial_dag.py
[2026-04-07T04:42:53.809+0530] {processor.py:925} INFO - DAG(s) 'tutorial_dag' retrieved from /home/ubantu/miniconda3/envs/airflow-env/lib/python3.11/site-packages/airflow/example_dags/tutorial_dag.py
[2026-04-07T04:42:53.827+0530] {logging_mixin.py:190} INFO - [2026-04-07T04:42:53.827+0530] {dag.py:3239} INFO - Sync 1 DAGs
[2026-04-07T04:42:53.841+0530] {logging_mixin.py:190} INFO - [2026-04-07T04:42:53.841+0530] {dag.py:4180} INFO - Setting next_dagrun for tutorial_dag to None, run_after=None
[2026-04-07T04:42:53.860+0530] {processor.py:208} INFO - Processing /home/ubantu/miniconda3/envs/airflow-env/lib/python3.11/site-packages/airflow/example_dags/tutorial_dag.py took 0.068 seconds
[2026-04-07T04:43:00.007+0530] {processor.py:186} INFO - Started process (PID=9118) to work on /home/ubantu/miniconda3/envs/airflow-env/lib/python3.11/site-packages/airflow/example_dags/tutorial_dag.py
[2026-04-07T04:43:00.008+0530] {processor.py:914} INFO - Processing file /home/ubantu/miniconda3/envs/airflow-env/lib/python3.11/site-packages/airflow/example_dags/tutorial_dag.py for tasks to queue
[2026-04-07T04:43:00.011+0530] {logging_mixin.py:190} INFO - [2026-04-07T04:43:00.010+0530] {dagbag.py:588} INFO - Filling up the DagBag from /home/ubantu/miniconda3/envs/airflow-env/lib/python3.11/site-packages/airflow/example_dags/tutorial_dag.py
[2026-04-07T04:43:00.019+0530] {processor.py:925} INFO - DAG(s) 'tutorial_dag' retrieved from /home/ubantu/miniconda3/envs/airflow-env/lib/python3.11/site-packages/airflow/example_dags/tutorial_dag.py
[2026-04-07T04:43:00.036+0530] {logging_mixin.py:190} INFO - [2026-04-07T04:43:00.036+0530] {dag.py:3239} INFO - Sync 1 DAGs
[2026-04-07T04:43:00.049+0530] {logging_mixin.py:190} INFO - [2026-04-07T04:43:00.049+0530] {dag.py:4180} INFO - Setting next_dagrun for tutorial_dag to None, run_after=None
[2026-04-07T04:43:00.068+0530] {processor.py:208} INFO - Processing /home/ubantu/miniconda3/envs/airflow-env/lib/python3.11/site-packages/airflow/example_dags/tutorial_dag.py took 0.068 seconds
[2026-04-07T04:43:45.706+0530] {processor.py:186} INFO - Started process (PID=9229) to work on /home/ubantu/miniconda3/envs/airflow-env/lib/python3.11/site-packages/airflow/example_dags/tutorial_dag.py
[2026-04-07T04:43:45.707+0530] {processor.py:914} INFO - Processing file /home/ubantu/miniconda3/envs/airflow-env/lib/python3.11/site-packages/airflow/example_dags/tutorial_dag.py for tasks to queue
[2026-04-07T04:43:45.709+0530] {logging_mixin.py:190} INFO - [2026-04-07T04:43:45.708+0530] {dagbag.py:588} INFO - Filling up the DagBag from /home/ubantu/miniconda3/envs/airflow-env/lib/python3.11/site-packages/airflow/example_dags/tutorial_dag.py
[2026-04-07T04:43:45.717+0530] {processor.py:925} INFO - DAG(s) 'tutorial_dag' retrieved from /home/ubantu/miniconda3/envs/airflow-env/lib/python3.11/site-packages/airflow/example_dags/tutorial_dag.py
[2026-04-07T04:43:45.731+0530] {logging_mixin.py:190} INFO - [2026-04-07T04:43:45.731+0530] {dag.py:3239} INFO - Sync 1 DAGs
[2026-04-07T04:43:45.743+0530] {logging_mixin.py:190} INFO - [2026-04-07T04:43:45.743+0530] {dag.py:4180} INFO - Setting next_dagrun for tutorial_dag to None, run_after=None
[2026-04-07T04:43:45.764+0530] {processor.py:208} INFO - Processing /home/ubantu/miniconda3/envs/airflow-env/lib/python3.11/site-packages/airflow/example_dags/tutorial_dag.py took 0.064 seconds
[2026-04-07T04:43:54.719+0530] {processor.py:186} INFO - Started process (PID=9256) to work on /home/ubantu/miniconda3/envs/airflow-env/lib/python3.11/site-packages/airflow/example_dags/tutorial_dag.py
[2026-04-07T04:43:54.720+0530] {processor.py:914} INFO - Processing file /home/ubantu/miniconda3/envs/airflow-env/lib/python3.11/site-packages/airflow/example_dags/tutorial_dag.py for tasks to queue
[2026-04-07T04:43:54.722+0530] {logging_mixin.py:190} INFO - [2026-04-07T04:43:54.722+0530] {dagbag.py:588} INFO - Filling up the DagBag from /home/ubantu/miniconda3/envs/airflow-env/lib/python3.11/site-packages/airflow/example_dags/tutorial_dag.py
[2026-04-07T04:43:54.731+0530] {processor.py:925} INFO - DAG(s) 'tutorial_dag' retrieved from /home/ubantu/miniconda3/envs/airflow-env/lib/python3.11/site-packages/airflow/example_dags/tutorial_dag.py
[2026-04-07T04:43:54.749+0530] {logging_mixin.py:190} INFO - [2026-04-07T04:43:54.749+0530] {dag.py:3239} INFO - Sync 1 DAGs
[2026-04-07T04:43:54.763+0530] {logging_mixin.py:190} INFO - [2026-04-07T04:43:54.762+0530] {dag.py:4180} INFO - Setting next_dagrun for tutorial_dag to None, run_after=None
[2026-04-07T04:43:54.782+0530] {processor.py:208} INFO - Processing /home/ubantu/miniconda3/envs/airflow-env/lib/python3.11/site-packages/airflow/example_dags/tutorial_dag.py took 0.069 seconds
[2026-04-07T04:44:43.558+0530] {processor.py:186} INFO - Started process (PID=9361) to work on /home/ubantu/miniconda3/envs/airflow-env/lib/python3.11/site-packages/airflow/example_dags/tutorial_dag.py
[2026-04-07T04:44:43.559+0530] {processor.py:914} INFO - Processing file /home/ubantu/miniconda3/envs/airflow-env/lib/python3.11/site-packages/airflow/example_dags/tutorial_dag.py for tasks to queue
[2026-04-07T04:44:43.560+0530] {logging_mixin.py:190} INFO - [2026-04-07T04:44:43.560+0530] {dagbag.py:588} INFO - Filling up the DagBag from /home/ubantu/miniconda3/envs/airflow-env/lib/python3.11/site-packages/airflow/example_dags/tutorial_dag.py
[2026-04-07T04:44:43.569+0530] {processor.py:925} INFO - DAG(s) 'tutorial_dag' retrieved from /home/ubantu/miniconda3/envs/airflow-env/lib/python3.11/site-packages/airflow/example_dags/tutorial_dag.py
[2026-04-07T04:44:43.584+0530] {logging_mixin.py:190} INFO - [2026-04-07T04:44:43.583+0530] {dag.py:3239} INFO - Sync 1 DAGs
[2026-04-07T04:44:43.596+0530] {logging_mixin.py:190} INFO - [2026-04-07T04:44:43.596+0530] {dag.py:4180} INFO - Setting next_dagrun for tutorial_dag to None, run_after=None
[2026-04-07T04:44:43.616+0530] {processor.py:208} INFO - Processing /home/ubantu/miniconda3/envs/airflow-env/lib/python3.11/site-packages/airflow/example_dags/tutorial_dag.py took 0.065 seconds
[2026-04-07T04:44:57.139+0530] {processor.py:186} INFO - Started process (PID=9391) to work on /home/ubantu/miniconda3/envs/airflow-env/lib/python3.11/site-packages/airflow/example_dags/tutorial_dag.py
[2026-04-07T04:44:57.140+0530] {processor.py:914} INFO - Processing file /home/ubantu/miniconda3/envs/airflow-env/lib/python3.11/site-packages/airflow/example_dags/tutorial_dag.py for tasks to queue
[2026-04-07T04:44:57.142+0530] {logging_mixin.py:190} INFO - [2026-04-07T04:44:57.141+0530] {dagbag.py:588} INFO - Filling up the DagBag from /home/ubantu/miniconda3/envs/airflow-env/lib/python3.11/site-packages/airflow/example_dags/tutorial_dag.py
[2026-04-07T04:44:57.149+0530] {processor.py:925} INFO - DAG(s) 'tutorial_dag' retrieved from /home/ubantu/miniconda3/envs/airflow-env/lib/python3.11/site-packages/airflow/example_dags/tutorial_dag.py
[2026-04-07T04:44:57.164+0530] {logging_mixin.py:190} INFO - [2026-04-07T04:44:57.164+0530] {dag.py:3239} INFO - Sync 1 DAGs
[2026-04-07T04:44:57.176+0530] {logging_mixin.py:190} INFO - [2026-04-07T04:44:57.176+0530] {dag.py:4180} INFO - Setting next_dagrun for tutorial_dag to None, run_after=None
[2026-04-07T04:44:57.196+0530] {processor.py:208} INFO - Processing /home/ubantu/miniconda3/envs/airflow-env/lib/python3.11/site-packages/airflow/example_dags/tutorial_dag.py took 0.064 seconds
[2026-04-07T04:45:37.960+0530] {processor.py:186} INFO - Started process (PID=9486) to work on /home/ubantu/miniconda3/envs/airflow-env/lib/python3.11/site-packages/airflow/example_dags/tutorial_dag.py
[2026-04-07T04:45:37.961+0530] {processor.py:914} INFO - Processing file /home/ubantu/miniconda3/envs/airflow-env/lib/python3.11/site-packages/airflow/example_dags/tutorial_dag.py for tasks to queue
[2026-04-07T04:45:37.963+0530] {logging_mixin.py:190} INFO - [2026-04-07T04:45:37.962+0530] {dagbag.py:588} INFO - Filling up the DagBag from /home/ubantu/miniconda3/envs/airflow-env/lib/python3.11/site-packages/airflow/example_dags/tutorial_dag.py
[2026-04-07T04:45:37.971+0530] {processor.py:925} INFO - DAG(s) 'tutorial_dag' retrieved from /home/ubantu/miniconda3/envs/airflow-env/lib/python3.11/site-packages/airflow/example_dags/tutorial_dag.py
[2026-04-07T04:45:37.986+0530] {logging_mixin.py:190} INFO - [2026-04-07T04:45:37.986+0530] {dag.py:3239} INFO - Sync 1 DAGs
[2026-04-07T04:45:37.999+0530] {logging_mixin.py:190} INFO - [2026-04-07T04:45:37.999+0530] {dag.py:4180} INFO - Setting next_dagrun for tutorial_dag to None, run_after=None
[2026-04-07T04:45:38.016+0530] {processor.py:208} INFO - Processing /home/ubantu/miniconda3/envs/airflow-env/lib/python3.11/site-packages/airflow/example_dags/tutorial_dag.py took 0.062 seconds
[2026-04-07T04:45:54.407+0530] {processor.py:186} INFO - Started process (PID=9521) to work on /home/ubantu/miniconda3/envs/airflow-env/lib/python3.11/site-packages/airflow/example_dags/tutorial_dag.py
[2026-04-07T04:45:54.408+0530] {processor.py:914} INFO - Processing file /home/ubantu/miniconda3/envs/airflow-env/lib/python3.11/site-packages/airflow/example_dags/tutorial_dag.py for tasks to queue
[2026-04-07T04:45:54.410+0530] {logging_mixin.py:190} INFO - [2026-04-07T04:45:54.409+0530] {dagbag.py:588} INFO - Filling up the DagBag from /home/ubantu/miniconda3/envs/airflow-env/lib/python3.11/site-packages/airflow/example_dags/tutorial_dag.py
[2026-04-07T04:45:54.417+0530] {processor.py:925} INFO - DAG(s) 'tutorial_dag' retrieved from /home/ubantu/miniconda3/envs/airflow-env/lib/python3.11/site-packages/airflow/example_dags/tutorial_dag.py
[2026-04-07T04:45:54.432+0530] {logging_mixin.py:190} INFO - [2026-04-07T04:45:54.432+0530] {dag.py:3239} INFO - Sync 1 DAGs
[2026-04-07T04:45:54.444+0530] {logging_mixin.py:190} INFO - [2026-04-07T04:45:54.444+0530] {dag.py:4180} INFO - Setting next_dagrun for tutorial_dag to None, run_after=None
[2026-04-07T04:45:54.463+0530] {processor.py:208} INFO - Processing /home/ubantu/miniconda3/envs/airflow-env/lib/python3.11/site-packages/airflow/example_dags/tutorial_dag.py took 0.062 seconds
[2026-04-07T04:46:28.408+0530] {processor.py:186} INFO - Started process (PID=9600) to work on /home/ubantu/miniconda3/envs/airflow-env/lib/python3.11/site-packages/airflow/example_dags/tutorial_dag.py
[2026-04-07T04:46:28.409+0530] {processor.py:914} INFO - Processing file /home/ubantu/miniconda3/envs/airflow-env/lib/python3.11/site-packages/airflow/example_dags/tutorial_dag.py for tasks to queue
[2026-04-07T04:46:28.410+0530] {logging_mixin.py:190} INFO - [2026-04-07T04:46:28.410+0530] {dagbag.py:588} INFO - Filling up the DagBag from /home/ubantu/miniconda3/envs/airflow-env/lib/python3.11/site-packages/airflow/example_dags/tutorial_dag.py
[2026-04-07T04:46:28.419+0530] {processor.py:925} INFO - DAG(s) 'tutorial_dag' retrieved from /home/ubantu/miniconda3/envs/airflow-env/lib/python3.11/site-packages/airflow/example_dags/tutorial_dag.py
[2026-04-07T04:46:28.435+0530] {logging_mixin.py:190} INFO - [2026-04-07T04:46:28.434+0530] {dag.py:3239} INFO - Sync 1 DAGs
[2026-04-07T04:46:28.447+0530] {logging_mixin.py:190} INFO - [2026-04-07T04:46:28.446+0530] {dag.py:4180} INFO - Setting next_dagrun for tutorial_dag to None, run_after=None
[2026-04-07T04:46:28.464+0530] {processor.py:208} INFO - Processing /home/ubantu/miniconda3/envs/airflow-env/lib/python3.11/site-packages/airflow/example_dags/tutorial_dag.py took 0.062 seconds
[2026-04-07T04:46:47.697+0530] {processor.py:186} INFO - Started process (PID=9640) to work on /home/ubantu/miniconda3/envs/airflow-env/lib/python3.11/site-packages/airflow/example_dags/tutorial_dag.py
[2026-04-07T04:46:47.698+0530] {processor.py:914} INFO - Processing file /home/ubantu/miniconda3/envs/airflow-env/lib/python3.11/site-packages/airflow/example_dags/tutorial_dag.py for tasks to queue
[2026-04-07T04:46:47.700+0530] {logging_mixin.py:190} INFO - [2026-04-07T04:46:47.699+0530] {dagbag.py:588} INFO - Filling up the DagBag from /home/ubantu/miniconda3/envs/airflow-env/lib/python3.11/site-packages/airflow/example_dags/tutorial_dag.py
[2026-04-07T04:46:47.708+0530] {processor.py:925} INFO - DAG(s) 'tutorial_dag' retrieved from /home/ubantu/miniconda3/envs/airflow-env/lib/python3.11/site-packages/airflow/example_dags/tutorial_dag.py
[2026-04-07T04:46:47.723+0530] {logging_mixin.py:190} INFO - [2026-04-07T04:46:47.723+0530] {dag.py:3239} INFO - Sync 1 DAGs
[2026-04-07T04:46:47.734+0530] {logging_mixin.py:190} INFO - [2026-04-07T04:46:47.734+0530] {dag.py:4180} INFO - Setting next_dagrun for tutorial_dag to None, run_after=None
[2026-04-07T04:46:47.753+0530] {processor.py:208} INFO - Processing /home/ubantu/miniconda3/envs/airflow-env/lib/python3.11/site-packages/airflow/example_dags/tutorial_dag.py took 0.062 seconds
[2026-04-07T04:47:22.193+0530] {processor.py:186} INFO - Started process (PID=9721) to work on /home/ubantu/miniconda3/envs/airflow-env/lib/python3.11/site-packages/airflow/example_dags/tutorial_dag.py
[2026-04-07T04:47:22.194+0530] {processor.py:914} INFO - Processing file /home/ubantu/miniconda3/envs/airflow-env/lib/python3.11/site-packages/airflow/example_dags/tutorial_dag.py for tasks to queue
[2026-04-07T04:47:22.196+0530] {logging_mixin.py:190} INFO - [2026-04-07T04:47:22.195+0530] {dagbag.py:588} INFO - Filling up the DagBag from /home/ubantu/miniconda3/envs/airflow-env/lib/python3.11/site-packages/airflow/example_dags/tutorial_dag.py
[2026-04-07T04:47:22.204+0530] {processor.py:925} INFO - DAG(s) 'tutorial_dag' retrieved from /home/ubantu/miniconda3/envs/airflow-env/lib/python3.11/site-packages/airflow/example_dags/tutorial_dag.py
[2026-04-07T04:47:22.218+0530] {logging_mixin.py:190} INFO - [2026-04-07T04:47:22.218+0530] {dag.py:3239} INFO - Sync 1 DAGs
[2026-04-07T04:47:22.230+0530] {logging_mixin.py:190} INFO - [2026-04-07T04:47:22.230+0530] {dag.py:4180} INFO - Setting next_dagrun for tutorial_dag to None, run_after=None
[2026-04-07T04:47:22.247+0530] {processor.py:208} INFO - Processing /home/ubantu/miniconda3/envs/airflow-env/lib/python3.11/site-packages/airflow/example_dags/tutorial_dag.py took 0.059 seconds
[2026-04-07T04:47:45.714+0530] {processor.py:186} INFO - Started process (PID=9783) to work on /home/ubantu/miniconda3/envs/airflow-env/lib/python3.11/site-packages/airflow/example_dags/tutorial_dag.py
[2026-04-07T04:47:45.715+0530] {processor.py:914} INFO - Processing file /home/ubantu/miniconda3/envs/airflow-env/lib/python3.11/site-packages/airflow/example_dags/tutorial_dag.py for tasks to queue
[2026-04-07T04:47:45.717+0530] {logging_mixin.py:190} INFO - [2026-04-07T04:47:45.716+0530] {dagbag.py:588} INFO - Filling up the DagBag from /home/ubantu/miniconda3/envs/airflow-env/lib/python3.11/site-packages/airflow/example_dags/tutorial_dag.py
[2026-04-07T04:47:45.724+0530] {processor.py:925} INFO - DAG(s) 'tutorial_dag' retrieved from /home/ubantu/miniconda3/envs/airflow-env/lib/python3.11/site-packages/airflow/example_dags/tutorial_dag.py
[2026-04-07T04:47:45.738+0530] {logging_mixin.py:190} INFO - [2026-04-07T04:47:45.737+0530] {dag.py:3239} INFO - Sync 1 DAGs
[2026-04-07T04:47:45.748+0530] {logging_mixin.py:190} INFO - [2026-04-07T04:47:45.748+0530] {dag.py:4180} INFO - Setting next_dagrun for tutorial_dag to None, run_after=None
[2026-04-07T04:47:45.766+0530] {processor.py:208} INFO - Processing /home/ubantu/miniconda3/envs/airflow-env/lib/python3.11/site-packages/airflow/example_dags/tutorial_dag.py took 0.057 seconds
[2026-04-07T05:09:50.343+0530] {processor.py:186} INFO - Started process (PID=10952) to work on /home/ubantu/miniconda3/envs/airflow-env/lib/python3.11/site-packages/airflow/example_dags/tutorial_dag.py
[2026-04-07T05:09:50.344+0530] {processor.py:914} INFO - Processing file /home/ubantu/miniconda3/envs/airflow-env/lib/python3.11/site-packages/airflow/example_dags/tutorial_dag.py for tasks to queue
[2026-04-07T05:09:50.346+0530] {logging_mixin.py:190} INFO - [2026-04-07T05:09:50.346+0530] {dagbag.py:588} INFO - Filling up the DagBag from /home/ubantu/miniconda3/envs/airflow-env/lib/python3.11/site-packages/airflow/example_dags/tutorial_dag.py
[2026-04-07T05:09:50.353+0530] {processor.py:925} INFO - DAG(s) 'tutorial_dag' retrieved from /home/ubantu/miniconda3/envs/airflow-env/lib/python3.11/site-packages/airflow/example_dags/tutorial_dag.py
[2026-04-07T05:09:50.444+0530] {logging_mixin.py:190} INFO - [2026-04-07T05:09:50.443+0530] {dag.py:3239} INFO - Sync 1 DAGs
[2026-04-07T05:09:50.452+0530] {logging_mixin.py:190} INFO - [2026-04-07T05:09:50.452+0530] {dag.py:4180} INFO - Setting next_dagrun for tutorial_dag to None, run_after=None
[2026-04-07T05:09:50.470+0530] {processor.py:208} INFO - Processing /home/ubantu/miniconda3/envs/airflow-env/lib/python3.11/site-packages/airflow/example_dags/tutorial_dag.py took 0.132 seconds
[2026-04-07T05:11:20.629+0530] {processor.py:186} INFO - Started process (PID=11068) to work on /home/ubantu/miniconda3/envs/airflow-env/lib/python3.11/site-packages/airflow/example_dags/tutorial_dag.py
[2026-04-07T05:11:20.630+0530] {processor.py:914} INFO - Processing file /home/ubantu/miniconda3/envs/airflow-env/lib/python3.11/site-packages/airflow/example_dags/tutorial_dag.py for tasks to queue
[2026-04-07T05:11:20.633+0530] {logging_mixin.py:190} INFO - [2026-04-07T05:11:20.632+0530] {dagbag.py:588} INFO - Filling up the DagBag from /home/ubantu/miniconda3/envs/airflow-env/lib/python3.11/site-packages/airflow/example_dags/tutorial_dag.py
[2026-04-07T05:11:20.641+0530] {processor.py:925} INFO - DAG(s) 'tutorial_dag' retrieved from /home/ubantu/miniconda3/envs/airflow-env/lib/python3.11/site-packages/airflow/example_dags/tutorial_dag.py
[2026-04-07T05:11:20.660+0530] {logging_mixin.py:190} INFO - [2026-04-07T05:11:20.660+0530] {dag.py:3239} INFO - Sync 1 DAGs
[2026-04-07T05:11:20.672+0530] {logging_mixin.py:190} INFO - [2026-04-07T05:11:20.672+0530] {dag.py:4180} INFO - Setting next_dagrun for tutorial_dag to None, run_after=None
[2026-04-07T05:11:20.690+0530] {processor.py:208} INFO - Processing /home/ubantu/miniconda3/envs/airflow-env/lib/python3.11/site-packages/airflow/example_dags/tutorial_dag.py took 0.066 seconds
[2026-04-07T05:12:18.716+0530] {processor.py:186} INFO - Started process (PID=11193) to work on /home/ubantu/miniconda3/envs/airflow-env/lib/python3.11/site-packages/airflow/example_dags/tutorial_dag.py
[2026-04-07T05:12:18.717+0530] {processor.py:914} INFO - Processing file /home/ubantu/miniconda3/envs/airflow-env/lib/python3.11/site-packages/airflow/example_dags/tutorial_dag.py for tasks to queue
[2026-04-07T05:12:18.720+0530] {logging_mixin.py:190} INFO - [2026-04-07T05:12:18.719+0530] {dagbag.py:588} INFO - Filling up the DagBag from /home/ubantu/miniconda3/envs/airflow-env/lib/python3.11/site-packages/airflow/example_dags/tutorial_dag.py
[2026-04-07T05:12:18.730+0530] {processor.py:925} INFO - DAG(s) 'tutorial_dag' retrieved from /home/ubantu/miniconda3/envs/airflow-env/lib/python3.11/site-packages/airflow/example_dags/tutorial_dag.py
[2026-04-07T05:12:18.747+0530] {logging_mixin.py:190} INFO - [2026-04-07T05:12:18.746+0530] {dag.py:3239} INFO - Sync 1 DAGs
[2026-04-07T05:12:18.758+0530] {logging_mixin.py:190} INFO - [2026-04-07T05:12:18.758+0530] {dag.py:4180} INFO - Setting next_dagrun for tutorial_dag to None, run_after=None
[2026-04-07T05:12:18.776+0530] {processor.py:208} INFO - Processing /home/ubantu/miniconda3/envs/airflow-env/lib/python3.11/site-packages/airflow/example_dags/tutorial_dag.py took 0.067 seconds
[2026-04-07T05:13:18.916+0530] {processor.py:186} INFO - Started process (PID=11280) to work on /home/ubantu/miniconda3/envs/airflow-env/lib/python3.11/site-packages/airflow/example_dags/tutorial_dag.py
[2026-04-07T05:13:18.917+0530] {processor.py:914} INFO - Processing file /home/ubantu/miniconda3/envs/airflow-env/lib/python3.11/site-packages/airflow/example_dags/tutorial_dag.py for tasks to queue
[2026-04-07T05:13:18.919+0530] {logging_mixin.py:190} INFO - [2026-04-07T05:13:18.918+0530] {dagbag.py:588} INFO - Filling up the DagBag from /home/ubantu/miniconda3/envs/airflow-env/lib/python3.11/site-packages/airflow/example_dags/tutorial_dag.py
[2026-04-07T05:13:18.926+0530] {processor.py:925} INFO - DAG(s) 'tutorial_dag' retrieved from /home/ubantu/miniconda3/envs/airflow-env/lib/python3.11/site-packages/airflow/example_dags/tutorial_dag.py
[2026-04-07T05:13:18.939+0530] {logging_mixin.py:190} INFO - [2026-04-07T05:13:18.939+0530] {dag.py:3239} INFO - Sync 1 DAGs
[2026-04-07T05:13:18.950+0530] {logging_mixin.py:190} INFO - [2026-04-07T05:13:18.950+0530] {dag.py:4180} INFO - Setting next_dagrun for tutorial_dag to None, run_after=None
[2026-04-07T05:13:18.969+0530] {processor.py:208} INFO - Processing /home/ubantu/miniconda3/envs/airflow-env/lib/python3.11/site-packages/airflow/example_dags/tutorial_dag.py took 0.058 seconds
[2026-04-07T05:17:28.559+0530] {processor.py:186} INFO - Started process (PID=11548) to work on /home/ubantu/miniconda3/envs/airflow-env/lib/python3.11/site-packages/airflow/example_dags/tutorial_dag.py
[2026-04-07T05:17:28.560+0530] {processor.py:914} INFO - Processing file /home/ubantu/miniconda3/envs/airflow-env/lib/python3.11/site-packages/airflow/example_dags/tutorial_dag.py for tasks to queue
[2026-04-07T05:17:28.562+0530] {logging_mixin.py:190} INFO - [2026-04-07T05:17:28.562+0530] {dagbag.py:588} INFO - Filling up the DagBag from /home/ubantu/miniconda3/envs/airflow-env/lib/python3.11/site-packages/airflow/example_dags/tutorial_dag.py
[2026-04-07T05:17:28.572+0530] {processor.py:925} INFO - DAG(s) 'tutorial_dag' retrieved from /home/ubantu/miniconda3/envs/airflow-env/lib/python3.11/site-packages/airflow/example_dags/tutorial_dag.py
[2026-04-07T05:17:28.596+0530] {logging_mixin.py:190} INFO - [2026-04-07T05:17:28.595+0530] {dag.py:3239} INFO - Sync 1 DAGs
[2026-04-07T05:17:28.608+0530] {logging_mixin.py:190} INFO - [2026-04-07T05:17:28.607+0530] {dag.py:4180} INFO - Setting next_dagrun for tutorial_dag to None, run_after=None
[2026-04-07T05:17:28.624+0530] {processor.py:208} INFO - Processing /home/ubantu/miniconda3/envs/airflow-env/lib/python3.11/site-packages/airflow/example_dags/tutorial_dag.py took 0.072 seconds
