[2026-04-07T04:07:23.901+0530] {processor.py:186} INFO - Started process (PID=5628) to work on /home/ubantu/miniconda3/envs/airflow-env/lib/python3.11/site-packages/airflow/example_dags/tutorial_taskflow_api.py
[2026-04-07T04:07:23.902+0530] {processor.py:914} INFO - Processing file /home/ubantu/miniconda3/envs/airflow-env/lib/python3.11/site-packages/airflow/example_dags/tutorial_taskflow_api.py for tasks to queue
[2026-04-07T04:07:23.905+0530] {logging_mixin.py:190} INFO - [2026-04-07T04:07:23.904+0530] {dagbag.py:588} INFO - Filling up the DagBag from /home/ubantu/miniconda3/envs/airflow-env/lib/python3.11/site-packages/airflow/example_dags/tutorial_taskflow_api.py
[2026-04-07T04:07:23.917+0530] {processor.py:925} INFO - DAG(s) 'tutorial_taskflow_api' retrieved from /home/ubantu/miniconda3/envs/airflow-env/lib/python3.11/site-packages/airflow/example_dags/tutorial_taskflow_api.py
[2026-04-07T04:07:24.015+0530] {logging_mixin.py:190} INFO - [2026-04-07T04:07:24.015+0530] {override.py:1911} INFO - Created Permission View: can delete on DAG:tutorial_taskflow_api
[2026-04-07T04:07:24.025+0530] {logging_mixin.py:190} INFO - [2026-04-07T04:07:24.025+0530] {override.py:1911} INFO - Created Permission View: can edit on DAG:tutorial_taskflow_api
[2026-04-07T04:07:24.032+0530] {logging_mixin.py:190} INFO - [2026-04-07T04:07:24.032+0530] {override.py:1911} INFO - Created Permission View: can read on DAG:tutorial_taskflow_api
[2026-04-07T04:07:24.044+0530] {logging_mixin.py:190} INFO - [2026-04-07T04:07:24.043+0530] {override.py:1911} INFO - Created Permission View: can create on DAG Run:tutorial_taskflow_api
[2026-04-07T04:07:24.053+0530] {logging_mixin.py:190} INFO - [2026-04-07T04:07:24.053+0530] {override.py:1911} INFO - Created Permission View: can delete on DAG Run:tutorial_taskflow_api
[2026-04-07T04:07:24.062+0530] {logging_mixin.py:190} INFO - [2026-04-07T04:07:24.062+0530] {override.py:1911} INFO - Created Permission View: menu access on DAG Run:tutorial_taskflow_api
[2026-04-07T04:07:24.071+0530] {logging_mixin.py:190} INFO - [2026-04-07T04:07:24.071+0530] {override.py:1911} INFO - Created Permission View: can read on DAG Run:tutorial_taskflow_api
[2026-04-07T04:07:24.072+0530] {logging_mixin.py:190} INFO - [2026-04-07T04:07:24.072+0530] {dag.py:3239} INFO - Sync 1 DAGs
[2026-04-07T04:07:24.085+0530] {logging_mixin.py:190} INFO - [2026-04-07T04:07:24.085+0530] {dag.py:3262} INFO - Creating ORM DAG for tutorial_taskflow_api
[2026-04-07T04:07:24.086+0530] {logging_mixin.py:190} INFO - [2026-04-07T04:07:24.086+0530] {dag.py:4180} INFO - Setting next_dagrun for tutorial_taskflow_api to None, run_after=None
[2026-04-07T04:07:24.106+0530] {processor.py:208} INFO - Processing /home/ubantu/miniconda3/envs/airflow-env/lib/python3.11/site-packages/airflow/example_dags/tutorial_taskflow_api.py took 0.212 seconds
[2026-04-07T04:08:29.689+0530] {processor.py:186} INFO - Started process (PID=5934) to work on /home/ubantu/miniconda3/envs/airflow-env/lib/python3.11/site-packages/airflow/example_dags/tutorial_taskflow_api.py
[2026-04-07T04:08:29.690+0530] {processor.py:914} INFO - Processing file /home/ubantu/miniconda3/envs/airflow-env/lib/python3.11/site-packages/airflow/example_dags/tutorial_taskflow_api.py for tasks to queue
[2026-04-07T04:08:29.692+0530] {logging_mixin.py:190} INFO - [2026-04-07T04:08:29.692+0530] {dagbag.py:588} INFO - Filling up the DagBag from /home/ubantu/miniconda3/envs/airflow-env/lib/python3.11/site-packages/airflow/example_dags/tutorial_taskflow_api.py
[2026-04-07T04:08:29.700+0530] {processor.py:925} INFO - DAG(s) 'tutorial_taskflow_api' retrieved from /home/ubantu/miniconda3/envs/airflow-env/lib/python3.11/site-packages/airflow/example_dags/tutorial_taskflow_api.py
[2026-04-07T04:08:29.713+0530] {logging_mixin.py:190} INFO - [2026-04-07T04:08:29.712+0530] {dag.py:3239} INFO - Sync 1 DAGs
[2026-04-07T04:08:29.723+0530] {logging_mixin.py:190} INFO - [2026-04-07T04:08:29.723+0530] {dag.py:4180} INFO - Setting next_dagrun for tutorial_taskflow_api to None, run_after=None
[2026-04-07T04:08:29.740+0530] {processor.py:208} INFO - Processing /home/ubantu/miniconda3/envs/airflow-env/lib/python3.11/site-packages/airflow/example_dags/tutorial_taskflow_api.py took 0.056 seconds
[2026-04-07T04:09:26.455+0530] {processor.py:186} INFO - Started process (PID=6117) to work on /home/ubantu/miniconda3/envs/airflow-env/lib/python3.11/site-packages/airflow/example_dags/tutorial_taskflow_api.py
[2026-04-07T04:09:26.456+0530] {processor.py:914} INFO - Processing file /home/ubantu/miniconda3/envs/airflow-env/lib/python3.11/site-packages/airflow/example_dags/tutorial_taskflow_api.py for tasks to queue
[2026-04-07T04:09:26.459+0530] {logging_mixin.py:190} INFO - [2026-04-07T04:09:26.459+0530] {dagbag.py:588} INFO - Filling up the DagBag from /home/ubantu/miniconda3/envs/airflow-env/lib/python3.11/site-packages/airflow/example_dags/tutorial_taskflow_api.py
[2026-04-07T04:09:26.468+0530] {processor.py:925} INFO - DAG(s) 'tutorial_taskflow_api' retrieved from /home/ubantu/miniconda3/envs/airflow-env/lib/python3.11/site-packages/airflow/example_dags/tutorial_taskflow_api.py
[2026-04-07T04:09:26.484+0530] {logging_mixin.py:190} INFO - [2026-04-07T04:09:26.484+0530] {dag.py:3239} INFO - Sync 1 DAGs
[2026-04-07T04:09:26.496+0530] {logging_mixin.py:190} INFO - [2026-04-07T04:09:26.496+0530] {dag.py:4180} INFO - Setting next_dagrun for tutorial_taskflow_api to None, run_after=None
[2026-04-07T04:09:26.513+0530] {processor.py:208} INFO - Processing /home/ubantu/miniconda3/envs/airflow-env/lib/python3.11/site-packages/airflow/example_dags/tutorial_taskflow_api.py took 0.066 seconds
[2026-04-07T04:10:22.857+0530] {processor.py:186} INFO - Started process (PID=6195) to work on /home/ubantu/miniconda3/envs/airflow-env/lib/python3.11/site-packages/airflow/example_dags/tutorial_taskflow_api.py
[2026-04-07T04:10:22.858+0530] {processor.py:914} INFO - Processing file /home/ubantu/miniconda3/envs/airflow-env/lib/python3.11/site-packages/airflow/example_dags/tutorial_taskflow_api.py for tasks to queue
[2026-04-07T04:10:22.860+0530] {logging_mixin.py:190} INFO - [2026-04-07T04:10:22.860+0530] {dagbag.py:588} INFO - Filling up the DagBag from /home/ubantu/miniconda3/envs/airflow-env/lib/python3.11/site-packages/airflow/example_dags/tutorial_taskflow_api.py
[2026-04-07T04:10:22.869+0530] {processor.py:925} INFO - DAG(s) 'tutorial_taskflow_api' retrieved from /home/ubantu/miniconda3/envs/airflow-env/lib/python3.11/site-packages/airflow/example_dags/tutorial_taskflow_api.py
[2026-04-07T04:10:22.883+0530] {logging_mixin.py:190} INFO - [2026-04-07T04:10:22.883+0530] {dag.py:3239} INFO - Sync 1 DAGs
[2026-04-07T04:10:22.894+0530] {logging_mixin.py:190} INFO - [2026-04-07T04:10:22.894+0530] {dag.py:4180} INFO - Setting next_dagrun for tutorial_taskflow_api to None, run_after=None
[2026-04-07T04:10:22.913+0530] {processor.py:208} INFO - Processing /home/ubantu/miniconda3/envs/airflow-env/lib/python3.11/site-packages/airflow/example_dags/tutorial_taskflow_api.py took 0.062 seconds
[2026-04-07T04:11:12.446+0530] {processor.py:186} INFO - Started process (PID=6254) to work on /home/ubantu/miniconda3/envs/airflow-env/lib/python3.11/site-packages/airflow/example_dags/tutorial_taskflow_api.py
[2026-04-07T04:11:12.447+0530] {processor.py:914} INFO - Processing file /home/ubantu/miniconda3/envs/airflow-env/lib/python3.11/site-packages/airflow/example_dags/tutorial_taskflow_api.py for tasks to queue
[2026-04-07T04:11:12.450+0530] {logging_mixin.py:190} INFO - [2026-04-07T04:11:12.449+0530] {dagbag.py:588} INFO - Filling up the DagBag from /home/ubantu/miniconda3/envs/airflow-env/lib/python3.11/site-packages/airflow/example_dags/tutorial_taskflow_api.py
[2026-04-07T04:11:12.458+0530] {processor.py:925} INFO - DAG(s) 'tutorial_taskflow_api' retrieved from /home/ubantu/miniconda3/envs/airflow-env/lib/python3.11/site-packages/airflow/example_dags/tutorial_taskflow_api.py
[2026-04-07T04:11:12.473+0530] {logging_mixin.py:190} INFO - [2026-04-07T04:11:12.472+0530] {dag.py:3239} INFO - Sync 1 DAGs
[2026-04-07T04:11:12.484+0530] {logging_mixin.py:190} INFO - [2026-04-07T04:11:12.484+0530] {dag.py:4180} INFO - Setting next_dagrun for tutorial_taskflow_api to None, run_after=None
[2026-04-07T04:11:12.507+0530] {processor.py:208} INFO - Processing /home/ubantu/miniconda3/envs/airflow-env/lib/python3.11/site-packages/airflow/example_dags/tutorial_taskflow_api.py took 0.067 seconds
[2026-04-07T04:12:05.252+0530] {processor.py:186} INFO - Started process (PID=6323) to work on /home/ubantu/miniconda3/envs/airflow-env/lib/python3.11/site-packages/airflow/example_dags/tutorial_taskflow_api.py
[2026-04-07T04:12:05.253+0530] {processor.py:914} INFO - Processing file /home/ubantu/miniconda3/envs/airflow-env/lib/python3.11/site-packages/airflow/example_dags/tutorial_taskflow_api.py for tasks to queue
[2026-04-07T04:12:05.255+0530] {logging_mixin.py:190} INFO - [2026-04-07T04:12:05.255+0530] {dagbag.py:588} INFO - Filling up the DagBag from /home/ubantu/miniconda3/envs/airflow-env/lib/python3.11/site-packages/airflow/example_dags/tutorial_taskflow_api.py
[2026-04-07T04:12:05.265+0530] {processor.py:925} INFO - DAG(s) 'tutorial_taskflow_api' retrieved from /home/ubantu/miniconda3/envs/airflow-env/lib/python3.11/site-packages/airflow/example_dags/tutorial_taskflow_api.py
[2026-04-07T04:12:05.282+0530] {logging_mixin.py:190} INFO - [2026-04-07T04:12:05.281+0530] {dag.py:3239} INFO - Sync 1 DAGs
[2026-04-07T04:12:05.295+0530] {logging_mixin.py:190} INFO - [2026-04-07T04:12:05.295+0530] {dag.py:4180} INFO - Setting next_dagrun for tutorial_taskflow_api to None, run_after=None
[2026-04-07T04:12:05.316+0530] {processor.py:208} INFO - Processing /home/ubantu/miniconda3/envs/airflow-env/lib/python3.11/site-packages/airflow/example_dags/tutorial_taskflow_api.py took 0.070 seconds
[2026-04-07T04:12:58.301+0530] {processor.py:186} INFO - Started process (PID=6379) to work on /home/ubantu/miniconda3/envs/airflow-env/lib/python3.11/site-packages/airflow/example_dags/tutorial_taskflow_api.py
[2026-04-07T04:12:58.302+0530] {processor.py:914} INFO - Processing file /home/ubantu/miniconda3/envs/airflow-env/lib/python3.11/site-packages/airflow/example_dags/tutorial_taskflow_api.py for tasks to queue
[2026-04-07T04:12:58.305+0530] {logging_mixin.py:190} INFO - [2026-04-07T04:12:58.304+0530] {dagbag.py:588} INFO - Filling up the DagBag from /home/ubantu/miniconda3/envs/airflow-env/lib/python3.11/site-packages/airflow/example_dags/tutorial_taskflow_api.py
[2026-04-07T04:12:58.315+0530] {processor.py:925} INFO - DAG(s) 'tutorial_taskflow_api' retrieved from /home/ubantu/miniconda3/envs/airflow-env/lib/python3.11/site-packages/airflow/example_dags/tutorial_taskflow_api.py
[2026-04-07T04:12:58.331+0530] {logging_mixin.py:190} INFO - [2026-04-07T04:12:58.330+0530] {dag.py:3239} INFO - Sync 1 DAGs
[2026-04-07T04:12:58.342+0530] {logging_mixin.py:190} INFO - [2026-04-07T04:12:58.342+0530] {dag.py:4180} INFO - Setting next_dagrun for tutorial_taskflow_api to None, run_after=None
[2026-04-07T04:12:58.359+0530] {processor.py:208} INFO - Processing /home/ubantu/miniconda3/envs/airflow-env/lib/python3.11/site-packages/airflow/example_dags/tutorial_taskflow_api.py took 0.065 seconds
[2026-04-07T04:13:50.629+0530] {processor.py:186} INFO - Started process (PID=6447) to work on /home/ubantu/miniconda3/envs/airflow-env/lib/python3.11/site-packages/airflow/example_dags/tutorial_taskflow_api.py
[2026-04-07T04:13:50.630+0530] {processor.py:914} INFO - Processing file /home/ubantu/miniconda3/envs/airflow-env/lib/python3.11/site-packages/airflow/example_dags/tutorial_taskflow_api.py for tasks to queue
[2026-04-07T04:13:50.632+0530] {logging_mixin.py:190} INFO - [2026-04-07T04:13:50.632+0530] {dagbag.py:588} INFO - Filling up the DagBag from /home/ubantu/miniconda3/envs/airflow-env/lib/python3.11/site-packages/airflow/example_dags/tutorial_taskflow_api.py
[2026-04-07T04:13:50.641+0530] {processor.py:925} INFO - DAG(s) 'tutorial_taskflow_api' retrieved from /home/ubantu/miniconda3/envs/airflow-env/lib/python3.11/site-packages/airflow/example_dags/tutorial_taskflow_api.py
[2026-04-07T04:13:50.656+0530] {logging_mixin.py:190} INFO - [2026-04-07T04:13:50.656+0530] {dag.py:3239} INFO - Sync 1 DAGs
[2026-04-07T04:13:50.667+0530] {logging_mixin.py:190} INFO - [2026-04-07T04:13:50.667+0530] {dag.py:4180} INFO - Setting next_dagrun for tutorial_taskflow_api to None, run_after=None
[2026-04-07T04:13:50.684+0530] {processor.py:208} INFO - Processing /home/ubantu/miniconda3/envs/airflow-env/lib/python3.11/site-packages/airflow/example_dags/tutorial_taskflow_api.py took 0.062 seconds
[2026-04-07T04:14:46.496+0530] {processor.py:186} INFO - Started process (PID=6508) to work on /home/ubantu/miniconda3/envs/airflow-env/lib/python3.11/site-packages/airflow/example_dags/tutorial_taskflow_api.py
[2026-04-07T04:14:46.497+0530] {processor.py:914} INFO - Processing file /home/ubantu/miniconda3/envs/airflow-env/lib/python3.11/site-packages/airflow/example_dags/tutorial_taskflow_api.py for tasks to queue
[2026-04-07T04:14:46.499+0530] {logging_mixin.py:190} INFO - [2026-04-07T04:14:46.499+0530] {dagbag.py:588} INFO - Filling up the DagBag from /home/ubantu/miniconda3/envs/airflow-env/lib/python3.11/site-packages/airflow/example_dags/tutorial_taskflow_api.py
[2026-04-07T04:14:46.509+0530] {processor.py:925} INFO - DAG(s) 'tutorial_taskflow_api' retrieved from /home/ubantu/miniconda3/envs/airflow-env/lib/python3.11/site-packages/airflow/example_dags/tutorial_taskflow_api.py
[2026-04-07T04:14:46.524+0530] {logging_mixin.py:190} INFO - [2026-04-07T04:14:46.524+0530] {dag.py:3239} INFO - Sync 1 DAGs
[2026-04-07T04:14:46.535+0530] {logging_mixin.py:190} INFO - [2026-04-07T04:14:46.535+0530] {dag.py:4180} INFO - Setting next_dagrun for tutorial_taskflow_api to None, run_after=None
[2026-04-07T04:14:46.554+0530] {processor.py:208} INFO - Processing /home/ubantu/miniconda3/envs/airflow-env/lib/python3.11/site-packages/airflow/example_dags/tutorial_taskflow_api.py took 0.065 seconds
[2026-04-07T04:15:37.235+0530] {processor.py:186} INFO - Started process (PID=6569) to work on /home/ubantu/miniconda3/envs/airflow-env/lib/python3.11/site-packages/airflow/example_dags/tutorial_taskflow_api.py
[2026-04-07T04:15:37.236+0530] {processor.py:914} INFO - Processing file /home/ubantu/miniconda3/envs/airflow-env/lib/python3.11/site-packages/airflow/example_dags/tutorial_taskflow_api.py for tasks to queue
[2026-04-07T04:15:37.239+0530] {logging_mixin.py:190} INFO - [2026-04-07T04:15:37.238+0530] {dagbag.py:588} INFO - Filling up the DagBag from /home/ubantu/miniconda3/envs/airflow-env/lib/python3.11/site-packages/airflow/example_dags/tutorial_taskflow_api.py
[2026-04-07T04:15:37.248+0530] {processor.py:925} INFO - DAG(s) 'tutorial_taskflow_api' retrieved from /home/ubantu/miniconda3/envs/airflow-env/lib/python3.11/site-packages/airflow/example_dags/tutorial_taskflow_api.py
[2026-04-07T04:15:37.263+0530] {logging_mixin.py:190} INFO - [2026-04-07T04:15:37.263+0530] {dag.py:3239} INFO - Sync 1 DAGs
[2026-04-07T04:15:37.275+0530] {logging_mixin.py:190} INFO - [2026-04-07T04:15:37.275+0530] {dag.py:4180} INFO - Setting next_dagrun for tutorial_taskflow_api to None, run_after=None
[2026-04-07T04:15:37.295+0530] {processor.py:208} INFO - Processing /home/ubantu/miniconda3/envs/airflow-env/lib/python3.11/site-packages/airflow/example_dags/tutorial_taskflow_api.py took 0.066 seconds
[2026-04-07T04:16:26.753+0530] {processor.py:186} INFO - Started process (PID=6626) to work on /home/ubantu/miniconda3/envs/airflow-env/lib/python3.11/site-packages/airflow/example_dags/tutorial_taskflow_api.py
[2026-04-07T04:16:26.754+0530] {processor.py:914} INFO - Processing file /home/ubantu/miniconda3/envs/airflow-env/lib/python3.11/site-packages/airflow/example_dags/tutorial_taskflow_api.py for tasks to queue
[2026-04-07T04:16:26.757+0530] {logging_mixin.py:190} INFO - [2026-04-07T04:16:26.757+0530] {dagbag.py:588} INFO - Filling up the DagBag from /home/ubantu/miniconda3/envs/airflow-env/lib/python3.11/site-packages/airflow/example_dags/tutorial_taskflow_api.py
[2026-04-07T04:16:26.766+0530] {processor.py:925} INFO - DAG(s) 'tutorial_taskflow_api' retrieved from /home/ubantu/miniconda3/envs/airflow-env/lib/python3.11/site-packages/airflow/example_dags/tutorial_taskflow_api.py
[2026-04-07T04:16:26.780+0530] {logging_mixin.py:190} INFO - [2026-04-07T04:16:26.780+0530] {dag.py:3239} INFO - Sync 1 DAGs
[2026-04-07T04:16:26.792+0530] {logging_mixin.py:190} INFO - [2026-04-07T04:16:26.792+0530] {dag.py:4180} INFO - Setting next_dagrun for tutorial_taskflow_api to None, run_after=None
[2026-04-07T04:16:26.809+0530] {processor.py:208} INFO - Processing /home/ubantu/miniconda3/envs/airflow-env/lib/python3.11/site-packages/airflow/example_dags/tutorial_taskflow_api.py took 0.062 seconds
[2026-04-07T04:17:17.021+0530] {processor.py:186} INFO - Started process (PID=6691) to work on /home/ubantu/miniconda3/envs/airflow-env/lib/python3.11/site-packages/airflow/example_dags/tutorial_taskflow_api.py
[2026-04-07T04:17:17.022+0530] {processor.py:914} INFO - Processing file /home/ubantu/miniconda3/envs/airflow-env/lib/python3.11/site-packages/airflow/example_dags/tutorial_taskflow_api.py for tasks to queue
[2026-04-07T04:17:17.024+0530] {logging_mixin.py:190} INFO - [2026-04-07T04:17:17.024+0530] {dagbag.py:588} INFO - Filling up the DagBag from /home/ubantu/miniconda3/envs/airflow-env/lib/python3.11/site-packages/airflow/example_dags/tutorial_taskflow_api.py
[2026-04-07T04:17:17.034+0530] {processor.py:925} INFO - DAG(s) 'tutorial_taskflow_api' retrieved from /home/ubantu/miniconda3/envs/airflow-env/lib/python3.11/site-packages/airflow/example_dags/tutorial_taskflow_api.py
[2026-04-07T04:17:17.049+0530] {logging_mixin.py:190} INFO - [2026-04-07T04:17:17.048+0530] {dag.py:3239} INFO - Sync 1 DAGs
[2026-04-07T04:17:17.061+0530] {logging_mixin.py:190} INFO - [2026-04-07T04:17:17.061+0530] {dag.py:4180} INFO - Setting next_dagrun for tutorial_taskflow_api to None, run_after=None
[2026-04-07T04:17:17.082+0530] {processor.py:208} INFO - Processing /home/ubantu/miniconda3/envs/airflow-env/lib/python3.11/site-packages/airflow/example_dags/tutorial_taskflow_api.py took 0.067 seconds
[2026-04-07T04:18:07.100+0530] {processor.py:186} INFO - Started process (PID=6747) to work on /home/ubantu/miniconda3/envs/airflow-env/lib/python3.11/site-packages/airflow/example_dags/tutorial_taskflow_api.py
[2026-04-07T04:18:07.101+0530] {processor.py:914} INFO - Processing file /home/ubantu/miniconda3/envs/airflow-env/lib/python3.11/site-packages/airflow/example_dags/tutorial_taskflow_api.py for tasks to queue
[2026-04-07T04:18:07.103+0530] {logging_mixin.py:190} INFO - [2026-04-07T04:18:07.103+0530] {dagbag.py:588} INFO - Filling up the DagBag from /home/ubantu/miniconda3/envs/airflow-env/lib/python3.11/site-packages/airflow/example_dags/tutorial_taskflow_api.py
[2026-04-07T04:18:07.112+0530] {processor.py:925} INFO - DAG(s) 'tutorial_taskflow_api' retrieved from /home/ubantu/miniconda3/envs/airflow-env/lib/python3.11/site-packages/airflow/example_dags/tutorial_taskflow_api.py
[2026-04-07T04:18:07.127+0530] {logging_mixin.py:190} INFO - [2026-04-07T04:18:07.127+0530] {dag.py:3239} INFO - Sync 1 DAGs
[2026-04-07T04:18:07.139+0530] {logging_mixin.py:190} INFO - [2026-04-07T04:18:07.139+0530] {dag.py:4180} INFO - Setting next_dagrun for tutorial_taskflow_api to None, run_after=None
[2026-04-07T04:18:07.157+0530] {processor.py:208} INFO - Processing /home/ubantu/miniconda3/envs/airflow-env/lib/python3.11/site-packages/airflow/example_dags/tutorial_taskflow_api.py took 0.063 seconds
[2026-04-07T04:19:00.502+0530] {processor.py:186} INFO - Started process (PID=6859) to work on /home/ubantu/miniconda3/envs/airflow-env/lib/python3.11/site-packages/airflow/example_dags/tutorial_taskflow_api.py
[2026-04-07T04:19:00.503+0530] {processor.py:914} INFO - Processing file /home/ubantu/miniconda3/envs/airflow-env/lib/python3.11/site-packages/airflow/example_dags/tutorial_taskflow_api.py for tasks to queue
[2026-04-07T04:19:00.505+0530] {logging_mixin.py:190} INFO - [2026-04-07T04:19:00.505+0530] {dagbag.py:588} INFO - Filling up the DagBag from /home/ubantu/miniconda3/envs/airflow-env/lib/python3.11/site-packages/airflow/example_dags/tutorial_taskflow_api.py
[2026-04-07T04:19:00.514+0530] {processor.py:925} INFO - DAG(s) 'tutorial_taskflow_api' retrieved from /home/ubantu/miniconda3/envs/airflow-env/lib/python3.11/site-packages/airflow/example_dags/tutorial_taskflow_api.py
[2026-04-07T04:19:00.529+0530] {logging_mixin.py:190} INFO - [2026-04-07T04:19:00.529+0530] {dag.py:3239} INFO - Sync 1 DAGs
[2026-04-07T04:19:00.540+0530] {logging_mixin.py:190} INFO - [2026-04-07T04:19:00.540+0530] {dag.py:4180} INFO - Setting next_dagrun for tutorial_taskflow_api to None, run_after=None
[2026-04-07T04:19:00.560+0530] {processor.py:208} INFO - Processing /home/ubantu/miniconda3/envs/airflow-env/lib/python3.11/site-packages/airflow/example_dags/tutorial_taskflow_api.py took 0.065 seconds
[2026-04-07T04:19:51.932+0530] {processor.py:186} INFO - Started process (PID=6917) to work on /home/ubantu/miniconda3/envs/airflow-env/lib/python3.11/site-packages/airflow/example_dags/tutorial_taskflow_api.py
[2026-04-07T04:19:51.933+0530] {processor.py:914} INFO - Processing file /home/ubantu/miniconda3/envs/airflow-env/lib/python3.11/site-packages/airflow/example_dags/tutorial_taskflow_api.py for tasks to queue
[2026-04-07T04:19:51.936+0530] {logging_mixin.py:190} INFO - [2026-04-07T04:19:51.935+0530] {dagbag.py:588} INFO - Filling up the DagBag from /home/ubantu/miniconda3/envs/airflow-env/lib/python3.11/site-packages/airflow/example_dags/tutorial_taskflow_api.py
[2026-04-07T04:19:51.946+0530] {processor.py:925} INFO - DAG(s) 'tutorial_taskflow_api' retrieved from /home/ubantu/miniconda3/envs/airflow-env/lib/python3.11/site-packages/airflow/example_dags/tutorial_taskflow_api.py
[2026-04-07T04:19:51.961+0530] {logging_mixin.py:190} INFO - [2026-04-07T04:19:51.961+0530] {dag.py:3239} INFO - Sync 1 DAGs
[2026-04-07T04:19:51.973+0530] {logging_mixin.py:190} INFO - [2026-04-07T04:19:51.972+0530] {dag.py:4180} INFO - Setting next_dagrun for tutorial_taskflow_api to None, run_after=None
[2026-04-07T04:19:51.991+0530] {processor.py:208} INFO - Processing /home/ubantu/miniconda3/envs/airflow-env/lib/python3.11/site-packages/airflow/example_dags/tutorial_taskflow_api.py took 0.066 seconds
[2026-04-07T04:20:42.317+0530] {processor.py:186} INFO - Started process (PID=6974) to work on /home/ubantu/miniconda3/envs/airflow-env/lib/python3.11/site-packages/airflow/example_dags/tutorial_taskflow_api.py
[2026-04-07T04:20:42.318+0530] {processor.py:914} INFO - Processing file /home/ubantu/miniconda3/envs/airflow-env/lib/python3.11/site-packages/airflow/example_dags/tutorial_taskflow_api.py for tasks to queue
[2026-04-07T04:20:42.320+0530] {logging_mixin.py:190} INFO - [2026-04-07T04:20:42.320+0530] {dagbag.py:588} INFO - Filling up the DagBag from /home/ubantu/miniconda3/envs/airflow-env/lib/python3.11/site-packages/airflow/example_dags/tutorial_taskflow_api.py
[2026-04-07T04:20:42.329+0530] {processor.py:925} INFO - DAG(s) 'tutorial_taskflow_api' retrieved from /home/ubantu/miniconda3/envs/airflow-env/lib/python3.11/site-packages/airflow/example_dags/tutorial_taskflow_api.py
[2026-04-07T04:20:42.344+0530] {logging_mixin.py:190} INFO - [2026-04-07T04:20:42.343+0530] {dag.py:3239} INFO - Sync 1 DAGs
[2026-04-07T04:20:42.356+0530] {logging_mixin.py:190} INFO - [2026-04-07T04:20:42.356+0530] {dag.py:4180} INFO - Setting next_dagrun for tutorial_taskflow_api to None, run_after=None
[2026-04-07T04:20:42.373+0530] {processor.py:208} INFO - Processing /home/ubantu/miniconda3/envs/airflow-env/lib/python3.11/site-packages/airflow/example_dags/tutorial_taskflow_api.py took 0.062 seconds
[2026-04-07T04:21:38.435+0530] {processor.py:186} INFO - Started process (PID=7037) to work on /home/ubantu/miniconda3/envs/airflow-env/lib/python3.11/site-packages/airflow/example_dags/tutorial_taskflow_api.py
[2026-04-07T04:21:38.436+0530] {processor.py:914} INFO - Processing file /home/ubantu/miniconda3/envs/airflow-env/lib/python3.11/site-packages/airflow/example_dags/tutorial_taskflow_api.py for tasks to queue
[2026-04-07T04:21:38.438+0530] {logging_mixin.py:190} INFO - [2026-04-07T04:21:38.438+0530] {dagbag.py:588} INFO - Filling up the DagBag from /home/ubantu/miniconda3/envs/airflow-env/lib/python3.11/site-packages/airflow/example_dags/tutorial_taskflow_api.py
[2026-04-07T04:21:38.447+0530] {processor.py:925} INFO - DAG(s) 'tutorial_taskflow_api' retrieved from /home/ubantu/miniconda3/envs/airflow-env/lib/python3.11/site-packages/airflow/example_dags/tutorial_taskflow_api.py
[2026-04-07T04:21:38.462+0530] {logging_mixin.py:190} INFO - [2026-04-07T04:21:38.462+0530] {dag.py:3239} INFO - Sync 1 DAGs
[2026-04-07T04:21:38.474+0530] {logging_mixin.py:190} INFO - [2026-04-07T04:21:38.474+0530] {dag.py:4180} INFO - Setting next_dagrun for tutorial_taskflow_api to None, run_after=None
[2026-04-07T04:21:38.496+0530] {processor.py:208} INFO - Processing /home/ubantu/miniconda3/envs/airflow-env/lib/python3.11/site-packages/airflow/example_dags/tutorial_taskflow_api.py took 0.067 seconds
[2026-04-07T04:22:31.881+0530] {processor.py:186} INFO - Started process (PID=7097) to work on /home/ubantu/miniconda3/envs/airflow-env/lib/python3.11/site-packages/airflow/example_dags/tutorial_taskflow_api.py
[2026-04-07T04:22:31.882+0530] {processor.py:914} INFO - Processing file /home/ubantu/miniconda3/envs/airflow-env/lib/python3.11/site-packages/airflow/example_dags/tutorial_taskflow_api.py for tasks to queue
[2026-04-07T04:22:31.885+0530] {logging_mixin.py:190} INFO - [2026-04-07T04:22:31.884+0530] {dagbag.py:588} INFO - Filling up the DagBag from /home/ubantu/miniconda3/envs/airflow-env/lib/python3.11/site-packages/airflow/example_dags/tutorial_taskflow_api.py
[2026-04-07T04:22:31.893+0530] {processor.py:925} INFO - DAG(s) 'tutorial_taskflow_api' retrieved from /home/ubantu/miniconda3/envs/airflow-env/lib/python3.11/site-packages/airflow/example_dags/tutorial_taskflow_api.py
[2026-04-07T04:22:31.908+0530] {logging_mixin.py:190} INFO - [2026-04-07T04:22:31.908+0530] {dag.py:3239} INFO - Sync 1 DAGs
[2026-04-07T04:22:31.920+0530] {logging_mixin.py:190} INFO - [2026-04-07T04:22:31.920+0530] {dag.py:4180} INFO - Setting next_dagrun for tutorial_taskflow_api to None, run_after=None
[2026-04-07T04:22:31.940+0530] {processor.py:208} INFO - Processing /home/ubantu/miniconda3/envs/airflow-env/lib/python3.11/site-packages/airflow/example_dags/tutorial_taskflow_api.py took 0.066 seconds
[2026-04-07T04:23:24.436+0530] {processor.py:186} INFO - Started process (PID=7204) to work on /home/ubantu/miniconda3/envs/airflow-env/lib/python3.11/site-packages/airflow/example_dags/tutorial_taskflow_api.py
[2026-04-07T04:23:24.437+0530] {processor.py:914} INFO - Processing file /home/ubantu/miniconda3/envs/airflow-env/lib/python3.11/site-packages/airflow/example_dags/tutorial_taskflow_api.py for tasks to queue
[2026-04-07T04:23:24.439+0530] {logging_mixin.py:190} INFO - [2026-04-07T04:23:24.439+0530] {dagbag.py:588} INFO - Filling up the DagBag from /home/ubantu/miniconda3/envs/airflow-env/lib/python3.11/site-packages/airflow/example_dags/tutorial_taskflow_api.py
[2026-04-07T04:23:24.447+0530] {processor.py:925} INFO - DAG(s) 'tutorial_taskflow_api' retrieved from /home/ubantu/miniconda3/envs/airflow-env/lib/python3.11/site-packages/airflow/example_dags/tutorial_taskflow_api.py
[2026-04-07T04:23:24.463+0530] {logging_mixin.py:190} INFO - [2026-04-07T04:23:24.462+0530] {dag.py:3239} INFO - Sync 1 DAGs
[2026-04-07T04:23:24.474+0530] {logging_mixin.py:190} INFO - [2026-04-07T04:23:24.474+0530] {dag.py:4180} INFO - Setting next_dagrun for tutorial_taskflow_api to None, run_after=None
[2026-04-07T04:23:24.492+0530] {processor.py:208} INFO - Processing /home/ubantu/miniconda3/envs/airflow-env/lib/python3.11/site-packages/airflow/example_dags/tutorial_taskflow_api.py took 0.061 seconds
[2026-04-07T04:24:15.091+0530] {processor.py:186} INFO - Started process (PID=7284) to work on /home/ubantu/miniconda3/envs/airflow-env/lib/python3.11/site-packages/airflow/example_dags/tutorial_taskflow_api.py
[2026-04-07T04:24:15.093+0530] {processor.py:914} INFO - Processing file /home/ubantu/miniconda3/envs/airflow-env/lib/python3.11/site-packages/airflow/example_dags/tutorial_taskflow_api.py for tasks to queue
[2026-04-07T04:24:15.098+0530] {logging_mixin.py:190} INFO - [2026-04-07T04:24:15.096+0530] {dagbag.py:588} INFO - Filling up the DagBag from /home/ubantu/miniconda3/envs/airflow-env/lib/python3.11/site-packages/airflow/example_dags/tutorial_taskflow_api.py
[2026-04-07T04:24:15.109+0530] {processor.py:925} INFO - DAG(s) 'tutorial_taskflow_api' retrieved from /home/ubantu/miniconda3/envs/airflow-env/lib/python3.11/site-packages/airflow/example_dags/tutorial_taskflow_api.py
[2026-04-07T04:24:15.124+0530] {logging_mixin.py:190} INFO - [2026-04-07T04:24:15.123+0530] {dag.py:3239} INFO - Sync 1 DAGs
[2026-04-07T04:24:15.134+0530] {logging_mixin.py:190} INFO - [2026-04-07T04:24:15.134+0530] {dag.py:4180} INFO - Setting next_dagrun for tutorial_taskflow_api to None, run_after=None
[2026-04-07T04:24:15.153+0530] {processor.py:208} INFO - Processing /home/ubantu/miniconda3/envs/airflow-env/lib/python3.11/site-packages/airflow/example_dags/tutorial_taskflow_api.py took 0.074 seconds
[2026-04-07T04:25:09.862+0530] {processor.py:186} INFO - Started process (PID=7372) to work on /home/ubantu/miniconda3/envs/airflow-env/lib/python3.11/site-packages/airflow/example_dags/tutorial_taskflow_api.py
[2026-04-07T04:25:09.864+0530] {processor.py:914} INFO - Processing file /home/ubantu/miniconda3/envs/airflow-env/lib/python3.11/site-packages/airflow/example_dags/tutorial_taskflow_api.py for tasks to queue
[2026-04-07T04:25:09.866+0530] {logging_mixin.py:190} INFO - [2026-04-07T04:25:09.865+0530] {dagbag.py:588} INFO - Filling up the DagBag from /home/ubantu/miniconda3/envs/airflow-env/lib/python3.11/site-packages/airflow/example_dags/tutorial_taskflow_api.py
[2026-04-07T04:25:09.876+0530] {processor.py:925} INFO - DAG(s) 'tutorial_taskflow_api' retrieved from /home/ubantu/miniconda3/envs/airflow-env/lib/python3.11/site-packages/airflow/example_dags/tutorial_taskflow_api.py
[2026-04-07T04:25:09.891+0530] {logging_mixin.py:190} INFO - [2026-04-07T04:25:09.891+0530] {dag.py:3239} INFO - Sync 1 DAGs
[2026-04-07T04:25:09.902+0530] {logging_mixin.py:190} INFO - [2026-04-07T04:25:09.902+0530] {dag.py:4180} INFO - Setting next_dagrun for tutorial_taskflow_api to None, run_after=None
[2026-04-07T04:25:09.922+0530] {processor.py:208} INFO - Processing /home/ubantu/miniconda3/envs/airflow-env/lib/python3.11/site-packages/airflow/example_dags/tutorial_taskflow_api.py took 0.066 seconds
[2026-04-07T04:26:03.631+0530] {processor.py:186} INFO - Started process (PID=7464) to work on /home/ubantu/miniconda3/envs/airflow-env/lib/python3.11/site-packages/airflow/example_dags/tutorial_taskflow_api.py
[2026-04-07T04:26:03.632+0530] {processor.py:914} INFO - Processing file /home/ubantu/miniconda3/envs/airflow-env/lib/python3.11/site-packages/airflow/example_dags/tutorial_taskflow_api.py for tasks to queue
[2026-04-07T04:26:03.634+0530] {logging_mixin.py:190} INFO - [2026-04-07T04:26:03.634+0530] {dagbag.py:588} INFO - Filling up the DagBag from /home/ubantu/miniconda3/envs/airflow-env/lib/python3.11/site-packages/airflow/example_dags/tutorial_taskflow_api.py
[2026-04-07T04:26:03.644+0530] {processor.py:925} INFO - DAG(s) 'tutorial_taskflow_api' retrieved from /home/ubantu/miniconda3/envs/airflow-env/lib/python3.11/site-packages/airflow/example_dags/tutorial_taskflow_api.py
[2026-04-07T04:26:03.661+0530] {logging_mixin.py:190} INFO - [2026-04-07T04:26:03.660+0530] {dag.py:3239} INFO - Sync 1 DAGs
[2026-04-07T04:26:03.675+0530] {logging_mixin.py:190} INFO - [2026-04-07T04:26:03.674+0530] {dag.py:4180} INFO - Setting next_dagrun for tutorial_taskflow_api to None, run_after=None
[2026-04-07T04:26:03.692+0530] {processor.py:208} INFO - Processing /home/ubantu/miniconda3/envs/airflow-env/lib/python3.11/site-packages/airflow/example_dags/tutorial_taskflow_api.py took 0.067 seconds
[2026-04-07T04:27:00.232+0530] {processor.py:186} INFO - Started process (PID=7529) to work on /home/ubantu/miniconda3/envs/airflow-env/lib/python3.11/site-packages/airflow/example_dags/tutorial_taskflow_api.py
[2026-04-07T04:27:00.233+0530] {processor.py:914} INFO - Processing file /home/ubantu/miniconda3/envs/airflow-env/lib/python3.11/site-packages/airflow/example_dags/tutorial_taskflow_api.py for tasks to queue
[2026-04-07T04:27:00.236+0530] {logging_mixin.py:190} INFO - [2026-04-07T04:27:00.235+0530] {dagbag.py:588} INFO - Filling up the DagBag from /home/ubantu/miniconda3/envs/airflow-env/lib/python3.11/site-packages/airflow/example_dags/tutorial_taskflow_api.py
[2026-04-07T04:27:00.247+0530] {processor.py:925} INFO - DAG(s) 'tutorial_taskflow_api' retrieved from /home/ubantu/miniconda3/envs/airflow-env/lib/python3.11/site-packages/airflow/example_dags/tutorial_taskflow_api.py
[2026-04-07T04:27:00.263+0530] {logging_mixin.py:190} INFO - [2026-04-07T04:27:00.262+0530] {dag.py:3239} INFO - Sync 1 DAGs
[2026-04-07T04:27:00.273+0530] {logging_mixin.py:190} INFO - [2026-04-07T04:27:00.273+0530] {dag.py:4180} INFO - Setting next_dagrun for tutorial_taskflow_api to None, run_after=None
[2026-04-07T04:27:00.292+0530] {processor.py:208} INFO - Processing /home/ubantu/miniconda3/envs/airflow-env/lib/python3.11/site-packages/airflow/example_dags/tutorial_taskflow_api.py took 0.068 seconds
[2026-04-07T04:27:50.454+0530] {processor.py:186} INFO - Started process (PID=7590) to work on /home/ubantu/miniconda3/envs/airflow-env/lib/python3.11/site-packages/airflow/example_dags/tutorial_taskflow_api.py
[2026-04-07T04:27:50.456+0530] {processor.py:914} INFO - Processing file /home/ubantu/miniconda3/envs/airflow-env/lib/python3.11/site-packages/airflow/example_dags/tutorial_taskflow_api.py for tasks to queue
[2026-04-07T04:27:50.458+0530] {logging_mixin.py:190} INFO - [2026-04-07T04:27:50.458+0530] {dagbag.py:588} INFO - Filling up the DagBag from /home/ubantu/miniconda3/envs/airflow-env/lib/python3.11/site-packages/airflow/example_dags/tutorial_taskflow_api.py
[2026-04-07T04:27:50.470+0530] {processor.py:925} INFO - DAG(s) 'tutorial_taskflow_api' retrieved from /home/ubantu/miniconda3/envs/airflow-env/lib/python3.11/site-packages/airflow/example_dags/tutorial_taskflow_api.py
[2026-04-07T04:27:50.487+0530] {logging_mixin.py:190} INFO - [2026-04-07T04:27:50.487+0530] {dag.py:3239} INFO - Sync 1 DAGs
[2026-04-07T04:27:50.498+0530] {logging_mixin.py:190} INFO - [2026-04-07T04:27:50.497+0530] {dag.py:4180} INFO - Setting next_dagrun for tutorial_taskflow_api to None, run_after=None
[2026-04-07T04:27:50.516+0530] {processor.py:208} INFO - Processing /home/ubantu/miniconda3/envs/airflow-env/lib/python3.11/site-packages/airflow/example_dags/tutorial_taskflow_api.py took 0.070 seconds
[2026-04-07T04:28:44.430+0530] {processor.py:186} INFO - Started process (PID=7661) to work on /home/ubantu/miniconda3/envs/airflow-env/lib/python3.11/site-packages/airflow/example_dags/tutorial_taskflow_api.py
[2026-04-07T04:28:44.433+0530] {processor.py:914} INFO - Processing file /home/ubantu/miniconda3/envs/airflow-env/lib/python3.11/site-packages/airflow/example_dags/tutorial_taskflow_api.py for tasks to queue
[2026-04-07T04:28:44.435+0530] {logging_mixin.py:190} INFO - [2026-04-07T04:28:44.435+0530] {dagbag.py:588} INFO - Filling up the DagBag from /home/ubantu/miniconda3/envs/airflow-env/lib/python3.11/site-packages/airflow/example_dags/tutorial_taskflow_api.py
[2026-04-07T04:28:44.447+0530] {processor.py:925} INFO - DAG(s) 'tutorial_taskflow_api' retrieved from /home/ubantu/miniconda3/envs/airflow-env/lib/python3.11/site-packages/airflow/example_dags/tutorial_taskflow_api.py
[2026-04-07T04:28:44.468+0530] {logging_mixin.py:190} INFO - [2026-04-07T04:28:44.467+0530] {dag.py:3239} INFO - Sync 1 DAGs
[2026-04-07T04:28:44.484+0530] {logging_mixin.py:190} INFO - [2026-04-07T04:28:44.483+0530] {dag.py:4180} INFO - Setting next_dagrun for tutorial_taskflow_api to None, run_after=None
[2026-04-07T04:28:44.527+0530] {processor.py:208} INFO - Processing /home/ubantu/miniconda3/envs/airflow-env/lib/python3.11/site-packages/airflow/example_dags/tutorial_taskflow_api.py took 0.104 seconds
[2026-04-07T04:29:38.863+0530] {processor.py:186} INFO - Started process (PID=7728) to work on /home/ubantu/miniconda3/envs/airflow-env/lib/python3.11/site-packages/airflow/example_dags/tutorial_taskflow_api.py
[2026-04-07T04:29:38.865+0530] {processor.py:914} INFO - Processing file /home/ubantu/miniconda3/envs/airflow-env/lib/python3.11/site-packages/airflow/example_dags/tutorial_taskflow_api.py for tasks to queue
[2026-04-07T04:29:38.869+0530] {logging_mixin.py:190} INFO - [2026-04-07T04:29:38.868+0530] {dagbag.py:588} INFO - Filling up the DagBag from /home/ubantu/miniconda3/envs/airflow-env/lib/python3.11/site-packages/airflow/example_dags/tutorial_taskflow_api.py
[2026-04-07T04:29:38.887+0530] {processor.py:925} INFO - DAG(s) 'tutorial_taskflow_api' retrieved from /home/ubantu/miniconda3/envs/airflow-env/lib/python3.11/site-packages/airflow/example_dags/tutorial_taskflow_api.py
[2026-04-07T04:29:38.905+0530] {logging_mixin.py:190} INFO - [2026-04-07T04:29:38.904+0530] {dag.py:3239} INFO - Sync 1 DAGs
[2026-04-07T04:29:38.916+0530] {logging_mixin.py:190} INFO - [2026-04-07T04:29:38.916+0530] {dag.py:4180} INFO - Setting next_dagrun for tutorial_taskflow_api to None, run_after=None
[2026-04-07T04:29:38.962+0530] {processor.py:208} INFO - Processing /home/ubantu/miniconda3/envs/airflow-env/lib/python3.11/site-packages/airflow/example_dags/tutorial_taskflow_api.py took 0.112 seconds
[2026-04-07T04:30:37.149+0530] {processor.py:186} INFO - Started process (PID=7796) to work on /home/ubantu/miniconda3/envs/airflow-env/lib/python3.11/site-packages/airflow/example_dags/tutorial_taskflow_api.py
[2026-04-07T04:30:37.152+0530] {processor.py:914} INFO - Processing file /home/ubantu/miniconda3/envs/airflow-env/lib/python3.11/site-packages/airflow/example_dags/tutorial_taskflow_api.py for tasks to queue
[2026-04-07T04:30:37.154+0530] {logging_mixin.py:190} INFO - [2026-04-07T04:30:37.154+0530] {dagbag.py:588} INFO - Filling up the DagBag from /home/ubantu/miniconda3/envs/airflow-env/lib/python3.11/site-packages/airflow/example_dags/tutorial_taskflow_api.py
[2026-04-07T04:30:37.165+0530] {processor.py:925} INFO - DAG(s) 'tutorial_taskflow_api' retrieved from /home/ubantu/miniconda3/envs/airflow-env/lib/python3.11/site-packages/airflow/example_dags/tutorial_taskflow_api.py
[2026-04-07T04:30:37.185+0530] {logging_mixin.py:190} INFO - [2026-04-07T04:30:37.185+0530] {dag.py:3239} INFO - Sync 1 DAGs
[2026-04-07T04:30:37.198+0530] {logging_mixin.py:190} INFO - [2026-04-07T04:30:37.197+0530] {dag.py:4180} INFO - Setting next_dagrun for tutorial_taskflow_api to None, run_after=None
[2026-04-07T04:30:37.236+0530] {processor.py:208} INFO - Processing /home/ubantu/miniconda3/envs/airflow-env/lib/python3.11/site-packages/airflow/example_dags/tutorial_taskflow_api.py took 0.095 seconds
[2026-04-07T04:31:35.816+0530] {processor.py:186} INFO - Started process (PID=7863) to work on /home/ubantu/miniconda3/envs/airflow-env/lib/python3.11/site-packages/airflow/example_dags/tutorial_taskflow_api.py
[2026-04-07T04:31:35.818+0530] {processor.py:914} INFO - Processing file /home/ubantu/miniconda3/envs/airflow-env/lib/python3.11/site-packages/airflow/example_dags/tutorial_taskflow_api.py for tasks to queue
[2026-04-07T04:31:35.820+0530] {logging_mixin.py:190} INFO - [2026-04-07T04:31:35.819+0530] {dagbag.py:588} INFO - Filling up the DagBag from /home/ubantu/miniconda3/envs/airflow-env/lib/python3.11/site-packages/airflow/example_dags/tutorial_taskflow_api.py
[2026-04-07T04:31:35.829+0530] {processor.py:925} INFO - DAG(s) 'tutorial_taskflow_api' retrieved from /home/ubantu/miniconda3/envs/airflow-env/lib/python3.11/site-packages/airflow/example_dags/tutorial_taskflow_api.py
[2026-04-07T04:31:35.845+0530] {logging_mixin.py:190} INFO - [2026-04-07T04:31:35.845+0530] {dag.py:3239} INFO - Sync 1 DAGs
[2026-04-07T04:31:35.858+0530] {logging_mixin.py:190} INFO - [2026-04-07T04:31:35.857+0530] {dag.py:4180} INFO - Setting next_dagrun for tutorial_taskflow_api to None, run_after=None
[2026-04-07T04:31:35.899+0530] {processor.py:208} INFO - Processing /home/ubantu/miniconda3/envs/airflow-env/lib/python3.11/site-packages/airflow/example_dags/tutorial_taskflow_api.py took 0.090 seconds
[2026-04-07T04:32:33.005+0530] {processor.py:186} INFO - Started process (PID=7930) to work on /home/ubantu/miniconda3/envs/airflow-env/lib/python3.11/site-packages/airflow/example_dags/tutorial_taskflow_api.py
[2026-04-07T04:32:33.007+0530] {processor.py:914} INFO - Processing file /home/ubantu/miniconda3/envs/airflow-env/lib/python3.11/site-packages/airflow/example_dags/tutorial_taskflow_api.py for tasks to queue
[2026-04-07T04:32:33.009+0530] {logging_mixin.py:190} INFO - [2026-04-07T04:32:33.009+0530] {dagbag.py:588} INFO - Filling up the DagBag from /home/ubantu/miniconda3/envs/airflow-env/lib/python3.11/site-packages/airflow/example_dags/tutorial_taskflow_api.py
[2026-04-07T04:32:33.021+0530] {processor.py:925} INFO - DAG(s) 'tutorial_taskflow_api' retrieved from /home/ubantu/miniconda3/envs/airflow-env/lib/python3.11/site-packages/airflow/example_dags/tutorial_taskflow_api.py
[2026-04-07T04:32:33.050+0530] {logging_mixin.py:190} INFO - [2026-04-07T04:32:33.049+0530] {dag.py:3239} INFO - Sync 1 DAGs
[2026-04-07T04:32:33.077+0530] {logging_mixin.py:190} INFO - [2026-04-07T04:32:33.076+0530] {dag.py:4180} INFO - Setting next_dagrun for tutorial_taskflow_api to None, run_after=None
[2026-04-07T04:32:33.114+0530] {processor.py:208} INFO - Processing /home/ubantu/miniconda3/envs/airflow-env/lib/python3.11/site-packages/airflow/example_dags/tutorial_taskflow_api.py took 0.117 seconds
[2026-04-07T04:33:28.498+0530] {processor.py:186} INFO - Started process (PID=8076) to work on /home/ubantu/miniconda3/envs/airflow-env/lib/python3.11/site-packages/airflow/example_dags/tutorial_taskflow_api.py
[2026-04-07T04:33:28.500+0530] {processor.py:914} INFO - Processing file /home/ubantu/miniconda3/envs/airflow-env/lib/python3.11/site-packages/airflow/example_dags/tutorial_taskflow_api.py for tasks to queue
[2026-04-07T04:33:28.502+0530] {logging_mixin.py:190} INFO - [2026-04-07T04:33:28.502+0530] {dagbag.py:588} INFO - Filling up the DagBag from /home/ubantu/miniconda3/envs/airflow-env/lib/python3.11/site-packages/airflow/example_dags/tutorial_taskflow_api.py
[2026-04-07T04:33:28.513+0530] {processor.py:925} INFO - DAG(s) 'tutorial_taskflow_api' retrieved from /home/ubantu/miniconda3/envs/airflow-env/lib/python3.11/site-packages/airflow/example_dags/tutorial_taskflow_api.py
[2026-04-07T04:33:28.531+0530] {logging_mixin.py:190} INFO - [2026-04-07T04:33:28.531+0530] {dag.py:3239} INFO - Sync 1 DAGs
[2026-04-07T04:33:28.544+0530] {logging_mixin.py:190} INFO - [2026-04-07T04:33:28.544+0530] {dag.py:4180} INFO - Setting next_dagrun for tutorial_taskflow_api to None, run_after=None
[2026-04-07T04:33:28.562+0530] {processor.py:208} INFO - Processing /home/ubantu/miniconda3/envs/airflow-env/lib/python3.11/site-packages/airflow/example_dags/tutorial_taskflow_api.py took 0.070 seconds
[2026-04-07T04:34:22.130+0530] {processor.py:186} INFO - Started process (PID=8189) to work on /home/ubantu/miniconda3/envs/airflow-env/lib/python3.11/site-packages/airflow/example_dags/tutorial_taskflow_api.py
[2026-04-07T04:34:22.132+0530] {processor.py:914} INFO - Processing file /home/ubantu/miniconda3/envs/airflow-env/lib/python3.11/site-packages/airflow/example_dags/tutorial_taskflow_api.py for tasks to queue
[2026-04-07T04:34:22.136+0530] {logging_mixin.py:190} INFO - [2026-04-07T04:34:22.135+0530] {dagbag.py:588} INFO - Filling up the DagBag from /home/ubantu/miniconda3/envs/airflow-env/lib/python3.11/site-packages/airflow/example_dags/tutorial_taskflow_api.py
[2026-04-07T04:34:22.155+0530] {processor.py:925} INFO - DAG(s) 'tutorial_taskflow_api' retrieved from /home/ubantu/miniconda3/envs/airflow-env/lib/python3.11/site-packages/airflow/example_dags/tutorial_taskflow_api.py
[2026-04-07T04:34:22.184+0530] {logging_mixin.py:190} INFO - [2026-04-07T04:34:22.184+0530] {dag.py:3239} INFO - Sync 1 DAGs
[2026-04-07T04:34:22.203+0530] {logging_mixin.py:190} INFO - [2026-04-07T04:34:22.202+0530] {dag.py:4180} INFO - Setting next_dagrun for tutorial_taskflow_api to None, run_after=None
[2026-04-07T04:34:22.236+0530] {processor.py:208} INFO - Processing /home/ubantu/miniconda3/envs/airflow-env/lib/python3.11/site-packages/airflow/example_dags/tutorial_taskflow_api.py took 0.119 seconds
[2026-04-07T04:35:15.872+0530] {processor.py:186} INFO - Started process (PID=8263) to work on /home/ubantu/miniconda3/envs/airflow-env/lib/python3.11/site-packages/airflow/example_dags/tutorial_taskflow_api.py
[2026-04-07T04:35:15.873+0530] {processor.py:914} INFO - Processing file /home/ubantu/miniconda3/envs/airflow-env/lib/python3.11/site-packages/airflow/example_dags/tutorial_taskflow_api.py for tasks to queue
[2026-04-07T04:35:15.875+0530] {logging_mixin.py:190} INFO - [2026-04-07T04:35:15.875+0530] {dagbag.py:588} INFO - Filling up the DagBag from /home/ubantu/miniconda3/envs/airflow-env/lib/python3.11/site-packages/airflow/example_dags/tutorial_taskflow_api.py
[2026-04-07T04:35:15.885+0530] {processor.py:925} INFO - DAG(s) 'tutorial_taskflow_api' retrieved from /home/ubantu/miniconda3/envs/airflow-env/lib/python3.11/site-packages/airflow/example_dags/tutorial_taskflow_api.py
[2026-04-07T04:35:15.900+0530] {logging_mixin.py:190} INFO - [2026-04-07T04:35:15.900+0530] {dag.py:3239} INFO - Sync 1 DAGs
[2026-04-07T04:35:15.912+0530] {logging_mixin.py:190} INFO - [2026-04-07T04:35:15.912+0530] {dag.py:4180} INFO - Setting next_dagrun for tutorial_taskflow_api to None, run_after=None
[2026-04-07T04:35:15.929+0530] {processor.py:208} INFO - Processing /home/ubantu/miniconda3/envs/airflow-env/lib/python3.11/site-packages/airflow/example_dags/tutorial_taskflow_api.py took 0.064 seconds
[2026-04-07T04:36:10.281+0530] {processor.py:186} INFO - Started process (PID=8326) to work on /home/ubantu/miniconda3/envs/airflow-env/lib/python3.11/site-packages/airflow/example_dags/tutorial_taskflow_api.py
[2026-04-07T04:36:10.282+0530] {processor.py:914} INFO - Processing file /home/ubantu/miniconda3/envs/airflow-env/lib/python3.11/site-packages/airflow/example_dags/tutorial_taskflow_api.py for tasks to queue
[2026-04-07T04:36:10.285+0530] {logging_mixin.py:190} INFO - [2026-04-07T04:36:10.284+0530] {dagbag.py:588} INFO - Filling up the DagBag from /home/ubantu/miniconda3/envs/airflow-env/lib/python3.11/site-packages/airflow/example_dags/tutorial_taskflow_api.py
[2026-04-07T04:36:10.296+0530] {processor.py:925} INFO - DAG(s) 'tutorial_taskflow_api' retrieved from /home/ubantu/miniconda3/envs/airflow-env/lib/python3.11/site-packages/airflow/example_dags/tutorial_taskflow_api.py
[2026-04-07T04:36:10.317+0530] {logging_mixin.py:190} INFO - [2026-04-07T04:36:10.316+0530] {dag.py:3239} INFO - Sync 1 DAGs
[2026-04-07T04:36:10.333+0530] {logging_mixin.py:190} INFO - [2026-04-07T04:36:10.333+0530] {dag.py:4180} INFO - Setting next_dagrun for tutorial_taskflow_api to None, run_after=None
[2026-04-07T04:36:10.355+0530] {processor.py:208} INFO - Processing /home/ubantu/miniconda3/envs/airflow-env/lib/python3.11/site-packages/airflow/example_dags/tutorial_taskflow_api.py took 0.082 seconds
[2026-04-07T04:37:04.445+0530] {processor.py:186} INFO - Started process (PID=8400) to work on /home/ubantu/miniconda3/envs/airflow-env/lib/python3.11/site-packages/airflow/example_dags/tutorial_taskflow_api.py
[2026-04-07T04:37:04.446+0530] {processor.py:914} INFO - Processing file /home/ubantu/miniconda3/envs/airflow-env/lib/python3.11/site-packages/airflow/example_dags/tutorial_taskflow_api.py for tasks to queue
[2026-04-07T04:37:04.449+0530] {logging_mixin.py:190} INFO - [2026-04-07T04:37:04.449+0530] {dagbag.py:588} INFO - Filling up the DagBag from /home/ubantu/miniconda3/envs/airflow-env/lib/python3.11/site-packages/airflow/example_dags/tutorial_taskflow_api.py
[2026-04-07T04:37:04.461+0530] {processor.py:925} INFO - DAG(s) 'tutorial_taskflow_api' retrieved from /home/ubantu/miniconda3/envs/airflow-env/lib/python3.11/site-packages/airflow/example_dags/tutorial_taskflow_api.py
[2026-04-07T04:37:04.481+0530] {logging_mixin.py:190} INFO - [2026-04-07T04:37:04.481+0530] {dag.py:3239} INFO - Sync 1 DAGs
[2026-04-07T04:37:04.493+0530] {logging_mixin.py:190} INFO - [2026-04-07T04:37:04.493+0530] {dag.py:4180} INFO - Setting next_dagrun for tutorial_taskflow_api to None, run_after=None
[2026-04-07T04:37:04.517+0530] {processor.py:208} INFO - Processing /home/ubantu/miniconda3/envs/airflow-env/lib/python3.11/site-packages/airflow/example_dags/tutorial_taskflow_api.py took 0.079 seconds
[2026-04-07T04:38:05.504+0530] {processor.py:186} INFO - Started process (PID=8522) to work on /home/ubantu/miniconda3/envs/airflow-env/lib/python3.11/site-packages/airflow/example_dags/tutorial_taskflow_api.py
[2026-04-07T04:38:05.505+0530] {processor.py:914} INFO - Processing file /home/ubantu/miniconda3/envs/airflow-env/lib/python3.11/site-packages/airflow/example_dags/tutorial_taskflow_api.py for tasks to queue
[2026-04-07T04:38:05.506+0530] {logging_mixin.py:190} INFO - [2026-04-07T04:38:05.505+0530] {dagbag.py:588} INFO - Filling up the DagBag from /home/ubantu/miniconda3/envs/airflow-env/lib/python3.11/site-packages/airflow/example_dags/tutorial_taskflow_api.py
[2026-04-07T04:38:05.514+0530] {processor.py:925} INFO - DAG(s) 'tutorial_taskflow_api' retrieved from /home/ubantu/miniconda3/envs/airflow-env/lib/python3.11/site-packages/airflow/example_dags/tutorial_taskflow_api.py
[2026-04-07T04:38:05.527+0530] {logging_mixin.py:190} INFO - [2026-04-07T04:38:05.527+0530] {dag.py:3239} INFO - Sync 1 DAGs
[2026-04-07T04:38:05.538+0530] {logging_mixin.py:190} INFO - [2026-04-07T04:38:05.538+0530] {dag.py:4180} INFO - Setting next_dagrun for tutorial_taskflow_api to None, run_after=None
[2026-04-07T04:38:05.556+0530] {processor.py:208} INFO - Processing /home/ubantu/miniconda3/envs/airflow-env/lib/python3.11/site-packages/airflow/example_dags/tutorial_taskflow_api.py took 0.057 seconds
[2026-04-07T04:39:06.545+0530] {processor.py:186} INFO - Started process (PID=8602) to work on /home/ubantu/miniconda3/envs/airflow-env/lib/python3.11/site-packages/airflow/example_dags/tutorial_taskflow_api.py
[2026-04-07T04:39:06.546+0530] {processor.py:914} INFO - Processing file /home/ubantu/miniconda3/envs/airflow-env/lib/python3.11/site-packages/airflow/example_dags/tutorial_taskflow_api.py for tasks to queue
[2026-04-07T04:39:06.548+0530] {logging_mixin.py:190} INFO - [2026-04-07T04:39:06.547+0530] {dagbag.py:588} INFO - Filling up the DagBag from /home/ubantu/miniconda3/envs/airflow-env/lib/python3.11/site-packages/airflow/example_dags/tutorial_taskflow_api.py
[2026-04-07T04:39:06.561+0530] {processor.py:925} INFO - DAG(s) 'tutorial_taskflow_api' retrieved from /home/ubantu/miniconda3/envs/airflow-env/lib/python3.11/site-packages/airflow/example_dags/tutorial_taskflow_api.py
[2026-04-07T04:39:06.581+0530] {logging_mixin.py:190} INFO - [2026-04-07T04:39:06.580+0530] {dag.py:3239} INFO - Sync 1 DAGs
[2026-04-07T04:39:06.595+0530] {logging_mixin.py:190} INFO - [2026-04-07T04:39:06.595+0530] {dag.py:4180} INFO - Setting next_dagrun for tutorial_taskflow_api to None, run_after=None
[2026-04-07T04:39:06.615+0530] {processor.py:208} INFO - Processing /home/ubantu/miniconda3/envs/airflow-env/lib/python3.11/site-packages/airflow/example_dags/tutorial_taskflow_api.py took 0.080 seconds
[2026-04-07T04:40:04.647+0530] {processor.py:186} INFO - Started process (PID=8688) to work on /home/ubantu/miniconda3/envs/airflow-env/lib/python3.11/site-packages/airflow/example_dags/tutorial_taskflow_api.py
[2026-04-07T04:40:04.648+0530] {processor.py:914} INFO - Processing file /home/ubantu/miniconda3/envs/airflow-env/lib/python3.11/site-packages/airflow/example_dags/tutorial_taskflow_api.py for tasks to queue
[2026-04-07T04:40:04.649+0530] {logging_mixin.py:190} INFO - [2026-04-07T04:40:04.649+0530] {dagbag.py:588} INFO - Filling up the DagBag from /home/ubantu/miniconda3/envs/airflow-env/lib/python3.11/site-packages/airflow/example_dags/tutorial_taskflow_api.py
[2026-04-07T04:40:04.658+0530] {processor.py:925} INFO - DAG(s) 'tutorial_taskflow_api' retrieved from /home/ubantu/miniconda3/envs/airflow-env/lib/python3.11/site-packages/airflow/example_dags/tutorial_taskflow_api.py
[2026-04-07T04:40:04.673+0530] {logging_mixin.py:190} INFO - [2026-04-07T04:40:04.673+0530] {dag.py:3239} INFO - Sync 1 DAGs
[2026-04-07T04:40:04.685+0530] {logging_mixin.py:190} INFO - [2026-04-07T04:40:04.685+0530] {dag.py:4180} INFO - Setting next_dagrun for tutorial_taskflow_api to None, run_after=None
[2026-04-07T04:40:04.706+0530] {processor.py:208} INFO - Processing /home/ubantu/miniconda3/envs/airflow-env/lib/python3.11/site-packages/airflow/example_dags/tutorial_taskflow_api.py took 0.064 seconds
[2026-04-07T04:41:01.257+0530] {processor.py:186} INFO - Started process (PID=8804) to work on /home/ubantu/miniconda3/envs/airflow-env/lib/python3.11/site-packages/airflow/example_dags/tutorial_taskflow_api.py
[2026-04-07T04:41:01.258+0530] {processor.py:914} INFO - Processing file /home/ubantu/miniconda3/envs/airflow-env/lib/python3.11/site-packages/airflow/example_dags/tutorial_taskflow_api.py for tasks to queue
[2026-04-07T04:41:01.260+0530] {logging_mixin.py:190} INFO - [2026-04-07T04:41:01.259+0530] {dagbag.py:588} INFO - Filling up the DagBag from /home/ubantu/miniconda3/envs/airflow-env/lib/python3.11/site-packages/airflow/example_dags/tutorial_taskflow_api.py
[2026-04-07T04:41:01.270+0530] {processor.py:925} INFO - DAG(s) 'tutorial_taskflow_api' retrieved from /home/ubantu/miniconda3/envs/airflow-env/lib/python3.11/site-packages/airflow/example_dags/tutorial_taskflow_api.py
[2026-04-07T04:41:01.285+0530] {logging_mixin.py:190} INFO - [2026-04-07T04:41:01.285+0530] {dag.py:3239} INFO - Sync 1 DAGs
[2026-04-07T04:41:01.297+0530] {logging_mixin.py:190} INFO - [2026-04-07T04:41:01.297+0530] {dag.py:4180} INFO - Setting next_dagrun for tutorial_taskflow_api to None, run_after=None
[2026-04-07T04:41:01.318+0530] {processor.py:208} INFO - Processing /home/ubantu/miniconda3/envs/airflow-env/lib/python3.11/site-packages/airflow/example_dags/tutorial_taskflow_api.py took 0.067 seconds
[2026-04-07T04:41:07.956+0530] {processor.py:186} INFO - Started process (PID=8822) to work on /home/ubantu/miniconda3/envs/airflow-env/lib/python3.11/site-packages/airflow/example_dags/tutorial_taskflow_api.py
[2026-04-07T04:41:07.957+0530] {processor.py:914} INFO - Processing file /home/ubantu/miniconda3/envs/airflow-env/lib/python3.11/site-packages/airflow/example_dags/tutorial_taskflow_api.py for tasks to queue
[2026-04-07T04:41:07.961+0530] {logging_mixin.py:190} INFO - [2026-04-07T04:41:07.960+0530] {dagbag.py:588} INFO - Filling up the DagBag from /home/ubantu/miniconda3/envs/airflow-env/lib/python3.11/site-packages/airflow/example_dags/tutorial_taskflow_api.py
[2026-04-07T04:41:07.981+0530] {processor.py:925} INFO - DAG(s) 'tutorial_taskflow_api' retrieved from /home/ubantu/miniconda3/envs/airflow-env/lib/python3.11/site-packages/airflow/example_dags/tutorial_taskflow_api.py
[2026-04-07T04:41:08.016+0530] {logging_mixin.py:190} INFO - [2026-04-07T04:41:08.016+0530] {dag.py:3239} INFO - Sync 1 DAGs
[2026-04-07T04:41:08.028+0530] {logging_mixin.py:190} INFO - [2026-04-07T04:41:08.027+0530] {dag.py:4180} INFO - Setting next_dagrun for tutorial_taskflow_api to None, run_after=None
[2026-04-07T04:41:08.046+0530] {processor.py:208} INFO - Processing /home/ubantu/miniconda3/envs/airflow-env/lib/python3.11/site-packages/airflow/example_dags/tutorial_taskflow_api.py took 0.106 seconds
[2026-04-07T04:41:58.715+0530] {processor.py:186} INFO - Started process (PID=8947) to work on /home/ubantu/miniconda3/envs/airflow-env/lib/python3.11/site-packages/airflow/example_dags/tutorial_taskflow_api.py
[2026-04-07T04:41:58.717+0530] {processor.py:914} INFO - Processing file /home/ubantu/miniconda3/envs/airflow-env/lib/python3.11/site-packages/airflow/example_dags/tutorial_taskflow_api.py for tasks to queue
[2026-04-07T04:41:58.718+0530] {logging_mixin.py:190} INFO - [2026-04-07T04:41:58.718+0530] {dagbag.py:588} INFO - Filling up the DagBag from /home/ubantu/miniconda3/envs/airflow-env/lib/python3.11/site-packages/airflow/example_dags/tutorial_taskflow_api.py
[2026-04-07T04:41:58.731+0530] {processor.py:925} INFO - DAG(s) 'tutorial_taskflow_api' retrieved from /home/ubantu/miniconda3/envs/airflow-env/lib/python3.11/site-packages/airflow/example_dags/tutorial_taskflow_api.py
[2026-04-07T04:41:58.750+0530] {logging_mixin.py:190} INFO - [2026-04-07T04:41:58.750+0530] {dag.py:3239} INFO - Sync 1 DAGs
[2026-04-07T04:41:58.762+0530] {logging_mixin.py:190} INFO - [2026-04-07T04:41:58.761+0530] {dag.py:4180} INFO - Setting next_dagrun for tutorial_taskflow_api to None, run_after=None
[2026-04-07T04:41:58.780+0530] {processor.py:208} INFO - Processing /home/ubantu/miniconda3/envs/airflow-env/lib/python3.11/site-packages/airflow/example_dags/tutorial_taskflow_api.py took 0.073 seconds
[2026-04-07T04:42:01.416+0530] {processor.py:186} INFO - Started process (PID=8954) to work on /home/ubantu/miniconda3/envs/airflow-env/lib/python3.11/site-packages/airflow/example_dags/tutorial_taskflow_api.py
[2026-04-07T04:42:01.417+0530] {processor.py:914} INFO - Processing file /home/ubantu/miniconda3/envs/airflow-env/lib/python3.11/site-packages/airflow/example_dags/tutorial_taskflow_api.py for tasks to queue
[2026-04-07T04:42:01.419+0530] {logging_mixin.py:190} INFO - [2026-04-07T04:42:01.419+0530] {dagbag.py:588} INFO - Filling up the DagBag from /home/ubantu/miniconda3/envs/airflow-env/lib/python3.11/site-packages/airflow/example_dags/tutorial_taskflow_api.py
[2026-04-07T04:42:01.432+0530] {processor.py:925} INFO - DAG(s) 'tutorial_taskflow_api' retrieved from /home/ubantu/miniconda3/envs/airflow-env/lib/python3.11/site-packages/airflow/example_dags/tutorial_taskflow_api.py
[2026-04-07T04:42:01.458+0530] {logging_mixin.py:190} INFO - [2026-04-07T04:42:01.458+0530] {dag.py:3239} INFO - Sync 1 DAGs
[2026-04-07T04:42:01.474+0530] {logging_mixin.py:190} INFO - [2026-04-07T04:42:01.473+0530] {dag.py:4180} INFO - Setting next_dagrun for tutorial_taskflow_api to None, run_after=None
[2026-04-07T04:42:01.493+0530] {processor.py:208} INFO - Processing /home/ubantu/miniconda3/envs/airflow-env/lib/python3.11/site-packages/airflow/example_dags/tutorial_taskflow_api.py took 0.085 seconds
[2026-04-07T04:42:51.877+0530] {processor.py:186} INFO - Started process (PID=9098) to work on /home/ubantu/miniconda3/envs/airflow-env/lib/python3.11/site-packages/airflow/example_dags/tutorial_taskflow_api.py
[2026-04-07T04:42:51.878+0530] {processor.py:914} INFO - Processing file /home/ubantu/miniconda3/envs/airflow-env/lib/python3.11/site-packages/airflow/example_dags/tutorial_taskflow_api.py for tasks to queue
[2026-04-07T04:42:51.879+0530] {logging_mixin.py:190} INFO - [2026-04-07T04:42:51.878+0530] {dagbag.py:588} INFO - Filling up the DagBag from /home/ubantu/miniconda3/envs/airflow-env/lib/python3.11/site-packages/airflow/example_dags/tutorial_taskflow_api.py
[2026-04-07T04:42:51.887+0530] {processor.py:925} INFO - DAG(s) 'tutorial_taskflow_api' retrieved from /home/ubantu/miniconda3/envs/airflow-env/lib/python3.11/site-packages/airflow/example_dags/tutorial_taskflow_api.py
[2026-04-07T04:42:51.901+0530] {logging_mixin.py:190} INFO - [2026-04-07T04:42:51.901+0530] {dag.py:3239} INFO - Sync 1 DAGs
[2026-04-07T04:42:51.913+0530] {logging_mixin.py:190} INFO - [2026-04-07T04:42:51.913+0530] {dag.py:4180} INFO - Setting next_dagrun for tutorial_taskflow_api to None, run_after=None
[2026-04-07T04:42:51.932+0530] {processor.py:208} INFO - Processing /home/ubantu/miniconda3/envs/airflow-env/lib/python3.11/site-packages/airflow/example_dags/tutorial_taskflow_api.py took 0.061 seconds
[2026-04-07T04:42:58.295+0530] {processor.py:186} INFO - Started process (PID=9113) to work on /home/ubantu/miniconda3/envs/airflow-env/lib/python3.11/site-packages/airflow/example_dags/tutorial_taskflow_api.py
[2026-04-07T04:42:58.296+0530] {processor.py:914} INFO - Processing file /home/ubantu/miniconda3/envs/airflow-env/lib/python3.11/site-packages/airflow/example_dags/tutorial_taskflow_api.py for tasks to queue
[2026-04-07T04:42:58.298+0530] {logging_mixin.py:190} INFO - [2026-04-07T04:42:58.298+0530] {dagbag.py:588} INFO - Filling up the DagBag from /home/ubantu/miniconda3/envs/airflow-env/lib/python3.11/site-packages/airflow/example_dags/tutorial_taskflow_api.py
[2026-04-07T04:42:58.308+0530] {processor.py:925} INFO - DAG(s) 'tutorial_taskflow_api' retrieved from /home/ubantu/miniconda3/envs/airflow-env/lib/python3.11/site-packages/airflow/example_dags/tutorial_taskflow_api.py
[2026-04-07T04:42:58.322+0530] {logging_mixin.py:190} INFO - [2026-04-07T04:42:58.322+0530] {dag.py:3239} INFO - Sync 1 DAGs
[2026-04-07T04:42:58.335+0530] {logging_mixin.py:190} INFO - [2026-04-07T04:42:58.334+0530] {dag.py:4180} INFO - Setting next_dagrun for tutorial_taskflow_api to None, run_after=None
[2026-04-07T04:42:58.355+0530] {processor.py:208} INFO - Processing /home/ubantu/miniconda3/envs/airflow-env/lib/python3.11/site-packages/airflow/example_dags/tutorial_taskflow_api.py took 0.066 seconds
[2026-04-07T04:43:43.411+0530] {processor.py:186} INFO - Started process (PID=9224) to work on /home/ubantu/miniconda3/envs/airflow-env/lib/python3.11/site-packages/airflow/example_dags/tutorial_taskflow_api.py
[2026-04-07T04:43:43.413+0530] {processor.py:914} INFO - Processing file /home/ubantu/miniconda3/envs/airflow-env/lib/python3.11/site-packages/airflow/example_dags/tutorial_taskflow_api.py for tasks to queue
[2026-04-07T04:43:43.414+0530] {logging_mixin.py:190} INFO - [2026-04-07T04:43:43.414+0530] {dagbag.py:588} INFO - Filling up the DagBag from /home/ubantu/miniconda3/envs/airflow-env/lib/python3.11/site-packages/airflow/example_dags/tutorial_taskflow_api.py
[2026-04-07T04:43:43.425+0530] {processor.py:925} INFO - DAG(s) 'tutorial_taskflow_api' retrieved from /home/ubantu/miniconda3/envs/airflow-env/lib/python3.11/site-packages/airflow/example_dags/tutorial_taskflow_api.py
[2026-04-07T04:43:43.441+0530] {logging_mixin.py:190} INFO - [2026-04-07T04:43:43.440+0530] {dag.py:3239} INFO - Sync 1 DAGs
[2026-04-07T04:43:43.451+0530] {logging_mixin.py:190} INFO - [2026-04-07T04:43:43.451+0530] {dag.py:4180} INFO - Setting next_dagrun for tutorial_taskflow_api to None, run_after=None
[2026-04-07T04:43:43.469+0530] {processor.py:208} INFO - Processing /home/ubantu/miniconda3/envs/airflow-env/lib/python3.11/site-packages/airflow/example_dags/tutorial_taskflow_api.py took 0.066 seconds
[2026-04-07T04:43:52.952+0530] {processor.py:186} INFO - Started process (PID=9252) to work on /home/ubantu/miniconda3/envs/airflow-env/lib/python3.11/site-packages/airflow/example_dags/tutorial_taskflow_api.py
[2026-04-07T04:43:52.953+0530] {processor.py:914} INFO - Processing file /home/ubantu/miniconda3/envs/airflow-env/lib/python3.11/site-packages/airflow/example_dags/tutorial_taskflow_api.py for tasks to queue
[2026-04-07T04:43:52.956+0530] {logging_mixin.py:190} INFO - [2026-04-07T04:43:52.956+0530] {dagbag.py:588} INFO - Filling up the DagBag from /home/ubantu/miniconda3/envs/airflow-env/lib/python3.11/site-packages/airflow/example_dags/tutorial_taskflow_api.py
[2026-04-07T04:43:52.968+0530] {processor.py:925} INFO - DAG(s) 'tutorial_taskflow_api' retrieved from /home/ubantu/miniconda3/envs/airflow-env/lib/python3.11/site-packages/airflow/example_dags/tutorial_taskflow_api.py
[2026-04-07T04:43:52.987+0530] {logging_mixin.py:190} INFO - [2026-04-07T04:43:52.986+0530] {dag.py:3239} INFO - Sync 1 DAGs
[2026-04-07T04:43:53.001+0530] {logging_mixin.py:190} INFO - [2026-04-07T04:43:53.001+0530] {dag.py:4180} INFO - Setting next_dagrun for tutorial_taskflow_api to None, run_after=None
[2026-04-07T04:43:53.020+0530] {processor.py:208} INFO - Processing /home/ubantu/miniconda3/envs/airflow-env/lib/python3.11/site-packages/airflow/example_dags/tutorial_taskflow_api.py took 0.075 seconds
[2026-04-07T04:44:41.265+0530] {processor.py:186} INFO - Started process (PID=9357) to work on /home/ubantu/miniconda3/envs/airflow-env/lib/python3.11/site-packages/airflow/example_dags/tutorial_taskflow_api.py
[2026-04-07T04:44:41.266+0530] {processor.py:914} INFO - Processing file /home/ubantu/miniconda3/envs/airflow-env/lib/python3.11/site-packages/airflow/example_dags/tutorial_taskflow_api.py for tasks to queue
[2026-04-07T04:44:41.268+0530] {logging_mixin.py:190} INFO - [2026-04-07T04:44:41.267+0530] {dagbag.py:588} INFO - Filling up the DagBag from /home/ubantu/miniconda3/envs/airflow-env/lib/python3.11/site-packages/airflow/example_dags/tutorial_taskflow_api.py
[2026-04-07T04:44:41.277+0530] {processor.py:925} INFO - DAG(s) 'tutorial_taskflow_api' retrieved from /home/ubantu/miniconda3/envs/airflow-env/lib/python3.11/site-packages/airflow/example_dags/tutorial_taskflow_api.py
[2026-04-07T04:44:41.293+0530] {logging_mixin.py:190} INFO - [2026-04-07T04:44:41.292+0530] {dag.py:3239} INFO - Sync 1 DAGs
[2026-04-07T04:44:41.304+0530] {logging_mixin.py:190} INFO - [2026-04-07T04:44:41.304+0530] {dag.py:4180} INFO - Setting next_dagrun for tutorial_taskflow_api to None, run_after=None
[2026-04-07T04:44:41.323+0530] {processor.py:208} INFO - Processing /home/ubantu/miniconda3/envs/airflow-env/lib/python3.11/site-packages/airflow/example_dags/tutorial_taskflow_api.py took 0.064 seconds
[2026-04-07T04:44:55.750+0530] {processor.py:186} INFO - Started process (PID=9388) to work on /home/ubantu/miniconda3/envs/airflow-env/lib/python3.11/site-packages/airflow/example_dags/tutorial_taskflow_api.py
[2026-04-07T04:44:55.751+0530] {processor.py:914} INFO - Processing file /home/ubantu/miniconda3/envs/airflow-env/lib/python3.11/site-packages/airflow/example_dags/tutorial_taskflow_api.py for tasks to queue
[2026-04-07T04:44:55.753+0530] {logging_mixin.py:190} INFO - [2026-04-07T04:44:55.752+0530] {dagbag.py:588} INFO - Filling up the DagBag from /home/ubantu/miniconda3/envs/airflow-env/lib/python3.11/site-packages/airflow/example_dags/tutorial_taskflow_api.py
[2026-04-07T04:44:55.761+0530] {processor.py:925} INFO - DAG(s) 'tutorial_taskflow_api' retrieved from /home/ubantu/miniconda3/envs/airflow-env/lib/python3.11/site-packages/airflow/example_dags/tutorial_taskflow_api.py
[2026-04-07T04:44:55.775+0530] {logging_mixin.py:190} INFO - [2026-04-07T04:44:55.775+0530] {dag.py:3239} INFO - Sync 1 DAGs
[2026-04-07T04:44:55.787+0530] {logging_mixin.py:190} INFO - [2026-04-07T04:44:55.787+0530] {dag.py:4180} INFO - Setting next_dagrun for tutorial_taskflow_api to None, run_after=None
[2026-04-07T04:44:55.806+0530] {processor.py:208} INFO - Processing /home/ubantu/miniconda3/envs/airflow-env/lib/python3.11/site-packages/airflow/example_dags/tutorial_taskflow_api.py took 0.062 seconds
[2026-04-07T04:45:36.237+0530] {processor.py:186} INFO - Started process (PID=9481) to work on /home/ubantu/miniconda3/envs/airflow-env/lib/python3.11/site-packages/airflow/example_dags/tutorial_taskflow_api.py
[2026-04-07T04:45:36.238+0530] {processor.py:914} INFO - Processing file /home/ubantu/miniconda3/envs/airflow-env/lib/python3.11/site-packages/airflow/example_dags/tutorial_taskflow_api.py for tasks to queue
[2026-04-07T04:45:36.240+0530] {logging_mixin.py:190} INFO - [2026-04-07T04:45:36.239+0530] {dagbag.py:588} INFO - Filling up the DagBag from /home/ubantu/miniconda3/envs/airflow-env/lib/python3.11/site-packages/airflow/example_dags/tutorial_taskflow_api.py
[2026-04-07T04:45:36.249+0530] {processor.py:925} INFO - DAG(s) 'tutorial_taskflow_api' retrieved from /home/ubantu/miniconda3/envs/airflow-env/lib/python3.11/site-packages/airflow/example_dags/tutorial_taskflow_api.py
[2026-04-07T04:45:36.264+0530] {logging_mixin.py:190} INFO - [2026-04-07T04:45:36.264+0530] {dag.py:3239} INFO - Sync 1 DAGs
[2026-04-07T04:45:36.276+0530] {logging_mixin.py:190} INFO - [2026-04-07T04:45:36.276+0530] {dag.py:4180} INFO - Setting next_dagrun for tutorial_taskflow_api to None, run_after=None
[2026-04-07T04:45:36.294+0530] {processor.py:208} INFO - Processing /home/ubantu/miniconda3/envs/airflow-env/lib/python3.11/site-packages/airflow/example_dags/tutorial_taskflow_api.py took 0.063 seconds
[2026-04-07T04:45:53.002+0530] {processor.py:186} INFO - Started process (PID=9518) to work on /home/ubantu/miniconda3/envs/airflow-env/lib/python3.11/site-packages/airflow/example_dags/tutorial_taskflow_api.py
[2026-04-07T04:45:53.003+0530] {processor.py:914} INFO - Processing file /home/ubantu/miniconda3/envs/airflow-env/lib/python3.11/site-packages/airflow/example_dags/tutorial_taskflow_api.py for tasks to queue
[2026-04-07T04:45:53.005+0530] {logging_mixin.py:190} INFO - [2026-04-07T04:45:53.005+0530] {dagbag.py:588} INFO - Filling up the DagBag from /home/ubantu/miniconda3/envs/airflow-env/lib/python3.11/site-packages/airflow/example_dags/tutorial_taskflow_api.py
[2026-04-07T04:45:53.014+0530] {processor.py:925} INFO - DAG(s) 'tutorial_taskflow_api' retrieved from /home/ubantu/miniconda3/envs/airflow-env/lib/python3.11/site-packages/airflow/example_dags/tutorial_taskflow_api.py
[2026-04-07T04:45:53.030+0530] {logging_mixin.py:190} INFO - [2026-04-07T04:45:53.030+0530] {dag.py:3239} INFO - Sync 1 DAGs
[2026-04-07T04:45:53.041+0530] {logging_mixin.py:190} INFO - [2026-04-07T04:45:53.041+0530] {dag.py:4180} INFO - Setting next_dagrun for tutorial_taskflow_api to None, run_after=None
[2026-04-07T04:45:53.060+0530] {processor.py:208} INFO - Processing /home/ubantu/miniconda3/envs/airflow-env/lib/python3.11/site-packages/airflow/example_dags/tutorial_taskflow_api.py took 0.064 seconds
[2026-04-07T04:46:27.108+0530] {processor.py:186} INFO - Started process (PID=9597) to work on /home/ubantu/miniconda3/envs/airflow-env/lib/python3.11/site-packages/airflow/example_dags/tutorial_taskflow_api.py
[2026-04-07T04:46:27.109+0530] {processor.py:914} INFO - Processing file /home/ubantu/miniconda3/envs/airflow-env/lib/python3.11/site-packages/airflow/example_dags/tutorial_taskflow_api.py for tasks to queue
[2026-04-07T04:46:27.111+0530] {logging_mixin.py:190} INFO - [2026-04-07T04:46:27.110+0530] {dagbag.py:588} INFO - Filling up the DagBag from /home/ubantu/miniconda3/envs/airflow-env/lib/python3.11/site-packages/airflow/example_dags/tutorial_taskflow_api.py
[2026-04-07T04:46:27.120+0530] {processor.py:925} INFO - DAG(s) 'tutorial_taskflow_api' retrieved from /home/ubantu/miniconda3/envs/airflow-env/lib/python3.11/site-packages/airflow/example_dags/tutorial_taskflow_api.py
[2026-04-07T04:46:27.135+0530] {logging_mixin.py:190} INFO - [2026-04-07T04:46:27.134+0530] {dag.py:3239} INFO - Sync 1 DAGs
[2026-04-07T04:46:27.146+0530] {logging_mixin.py:190} INFO - [2026-04-07T04:46:27.146+0530] {dag.py:4180} INFO - Setting next_dagrun for tutorial_taskflow_api to None, run_after=None
[2026-04-07T04:46:27.163+0530] {processor.py:208} INFO - Processing /home/ubantu/miniconda3/envs/airflow-env/lib/python3.11/site-packages/airflow/example_dags/tutorial_taskflow_api.py took 0.060 seconds
[2026-04-07T04:46:46.090+0530] {processor.py:186} INFO - Started process (PID=9636) to work on /home/ubantu/miniconda3/envs/airflow-env/lib/python3.11/site-packages/airflow/example_dags/tutorial_taskflow_api.py
[2026-04-07T04:46:46.090+0530] {processor.py:914} INFO - Processing file /home/ubantu/miniconda3/envs/airflow-env/lib/python3.11/site-packages/airflow/example_dags/tutorial_taskflow_api.py for tasks to queue
[2026-04-07T04:46:46.092+0530] {logging_mixin.py:190} INFO - [2026-04-07T04:46:46.092+0530] {dagbag.py:588} INFO - Filling up the DagBag from /home/ubantu/miniconda3/envs/airflow-env/lib/python3.11/site-packages/airflow/example_dags/tutorial_taskflow_api.py
[2026-04-07T04:46:46.101+0530] {processor.py:925} INFO - DAG(s) 'tutorial_taskflow_api' retrieved from /home/ubantu/miniconda3/envs/airflow-env/lib/python3.11/site-packages/airflow/example_dags/tutorial_taskflow_api.py
[2026-04-07T04:46:46.115+0530] {logging_mixin.py:190} INFO - [2026-04-07T04:46:46.115+0530] {dag.py:3239} INFO - Sync 1 DAGs
[2026-04-07T04:46:46.127+0530] {logging_mixin.py:190} INFO - [2026-04-07T04:46:46.127+0530] {dag.py:4180} INFO - Setting next_dagrun for tutorial_taskflow_api to None, run_after=None
[2026-04-07T04:46:46.146+0530] {processor.py:208} INFO - Processing /home/ubantu/miniconda3/envs/airflow-env/lib/python3.11/site-packages/airflow/example_dags/tutorial_taskflow_api.py took 0.062 seconds
[2026-04-07T04:47:19.868+0530] {processor.py:186} INFO - Started process (PID=9716) to work on /home/ubantu/miniconda3/envs/airflow-env/lib/python3.11/site-packages/airflow/example_dags/tutorial_taskflow_api.py
[2026-04-07T04:47:19.869+0530] {processor.py:914} INFO - Processing file /home/ubantu/miniconda3/envs/airflow-env/lib/python3.11/site-packages/airflow/example_dags/tutorial_taskflow_api.py for tasks to queue
[2026-04-07T04:47:19.871+0530] {logging_mixin.py:190} INFO - [2026-04-07T04:47:19.870+0530] {dagbag.py:588} INFO - Filling up the DagBag from /home/ubantu/miniconda3/envs/airflow-env/lib/python3.11/site-packages/airflow/example_dags/tutorial_taskflow_api.py
[2026-04-07T04:47:19.881+0530] {processor.py:925} INFO - DAG(s) 'tutorial_taskflow_api' retrieved from /home/ubantu/miniconda3/envs/airflow-env/lib/python3.11/site-packages/airflow/example_dags/tutorial_taskflow_api.py
[2026-04-07T04:47:19.897+0530] {logging_mixin.py:190} INFO - [2026-04-07T04:47:19.897+0530] {dag.py:3239} INFO - Sync 1 DAGs
[2026-04-07T04:47:19.909+0530] {logging_mixin.py:190} INFO - [2026-04-07T04:47:19.909+0530] {dag.py:4180} INFO - Setting next_dagrun for tutorial_taskflow_api to None, run_after=None
[2026-04-07T04:47:19.926+0530] {processor.py:208} INFO - Processing /home/ubantu/miniconda3/envs/airflow-env/lib/python3.11/site-packages/airflow/example_dags/tutorial_taskflow_api.py took 0.064 seconds
[2026-04-07T04:47:43.404+0530] {processor.py:186} INFO - Started process (PID=9778) to work on /home/ubantu/miniconda3/envs/airflow-env/lib/python3.11/site-packages/airflow/example_dags/tutorial_taskflow_api.py
[2026-04-07T04:47:43.405+0530] {processor.py:914} INFO - Processing file /home/ubantu/miniconda3/envs/airflow-env/lib/python3.11/site-packages/airflow/example_dags/tutorial_taskflow_api.py for tasks to queue
[2026-04-07T04:47:43.407+0530] {logging_mixin.py:190} INFO - [2026-04-07T04:47:43.406+0530] {dagbag.py:588} INFO - Filling up the DagBag from /home/ubantu/miniconda3/envs/airflow-env/lib/python3.11/site-packages/airflow/example_dags/tutorial_taskflow_api.py
[2026-04-07T04:47:43.415+0530] {processor.py:925} INFO - DAG(s) 'tutorial_taskflow_api' retrieved from /home/ubantu/miniconda3/envs/airflow-env/lib/python3.11/site-packages/airflow/example_dags/tutorial_taskflow_api.py
[2026-04-07T04:47:43.434+0530] {logging_mixin.py:190} INFO - [2026-04-07T04:47:43.433+0530] {dag.py:3239} INFO - Sync 1 DAGs
[2026-04-07T04:47:43.450+0530] {logging_mixin.py:190} INFO - [2026-04-07T04:47:43.450+0530] {dag.py:4180} INFO - Setting next_dagrun for tutorial_taskflow_api to None, run_after=None
[2026-04-07T04:47:43.474+0530] {processor.py:208} INFO - Processing /home/ubantu/miniconda3/envs/airflow-env/lib/python3.11/site-packages/airflow/example_dags/tutorial_taskflow_api.py took 0.075 seconds
[2026-04-07T04:48:14.118+0530] {processor.py:186} INFO - Started process (PID=9850) to work on /home/ubantu/miniconda3/envs/airflow-env/lib/python3.11/site-packages/airflow/example_dags/tutorial_taskflow_api.py
[2026-04-07T04:48:14.119+0530] {processor.py:914} INFO - Processing file /home/ubantu/miniconda3/envs/airflow-env/lib/python3.11/site-packages/airflow/example_dags/tutorial_taskflow_api.py for tasks to queue
[2026-04-07T04:48:14.120+0530] {logging_mixin.py:190} INFO - [2026-04-07T04:48:14.120+0530] {dagbag.py:588} INFO - Filling up the DagBag from /home/ubantu/miniconda3/envs/airflow-env/lib/python3.11/site-packages/airflow/example_dags/tutorial_taskflow_api.py
[2026-04-07T04:48:14.129+0530] {processor.py:925} INFO - DAG(s) 'tutorial_taskflow_api' retrieved from /home/ubantu/miniconda3/envs/airflow-env/lib/python3.11/site-packages/airflow/example_dags/tutorial_taskflow_api.py
[2026-04-07T04:48:14.143+0530] {logging_mixin.py:190} INFO - [2026-04-07T04:48:14.143+0530] {dag.py:3239} INFO - Sync 1 DAGs
[2026-04-07T04:48:14.155+0530] {logging_mixin.py:190} INFO - [2026-04-07T04:48:14.155+0530] {dag.py:4180} INFO - Setting next_dagrun for tutorial_taskflow_api to None, run_after=None
[2026-04-07T04:48:14.172+0530] {processor.py:208} INFO - Processing /home/ubantu/miniconda3/envs/airflow-env/lib/python3.11/site-packages/airflow/example_dags/tutorial_taskflow_api.py took 0.060 seconds
[2026-04-07T05:09:48.271+0530] {processor.py:186} INFO - Started process (PID=10949) to work on /home/ubantu/miniconda3/envs/airflow-env/lib/python3.11/site-packages/airflow/example_dags/tutorial_taskflow_api.py
[2026-04-07T05:09:48.272+0530] {processor.py:914} INFO - Processing file /home/ubantu/miniconda3/envs/airflow-env/lib/python3.11/site-packages/airflow/example_dags/tutorial_taskflow_api.py for tasks to queue
[2026-04-07T05:09:48.275+0530] {logging_mixin.py:190} INFO - [2026-04-07T05:09:48.275+0530] {dagbag.py:588} INFO - Filling up the DagBag from /home/ubantu/miniconda3/envs/airflow-env/lib/python3.11/site-packages/airflow/example_dags/tutorial_taskflow_api.py
[2026-04-07T05:09:48.285+0530] {processor.py:925} INFO - DAG(s) 'tutorial_taskflow_api' retrieved from /home/ubantu/miniconda3/envs/airflow-env/lib/python3.11/site-packages/airflow/example_dags/tutorial_taskflow_api.py
[2026-04-07T05:09:48.378+0530] {logging_mixin.py:190} INFO - [2026-04-07T05:09:48.377+0530] {dag.py:3239} INFO - Sync 1 DAGs
[2026-04-07T05:09:48.387+0530] {logging_mixin.py:190} INFO - [2026-04-07T05:09:48.387+0530] {dag.py:4180} INFO - Setting next_dagrun for tutorial_taskflow_api to None, run_after=None
[2026-04-07T05:09:48.408+0530] {processor.py:208} INFO - Processing /home/ubantu/miniconda3/envs/airflow-env/lib/python3.11/site-packages/airflow/example_dags/tutorial_taskflow_api.py took 0.144 seconds
[2026-04-07T05:11:20.084+0530] {processor.py:186} INFO - Started process (PID=11066) to work on /home/ubantu/miniconda3/envs/airflow-env/lib/python3.11/site-packages/airflow/example_dags/tutorial_taskflow_api.py
[2026-04-07T05:11:20.085+0530] {processor.py:914} INFO - Processing file /home/ubantu/miniconda3/envs/airflow-env/lib/python3.11/site-packages/airflow/example_dags/tutorial_taskflow_api.py for tasks to queue
[2026-04-07T05:11:20.088+0530] {logging_mixin.py:190} INFO - [2026-04-07T05:11:20.087+0530] {dagbag.py:588} INFO - Filling up the DagBag from /home/ubantu/miniconda3/envs/airflow-env/lib/python3.11/site-packages/airflow/example_dags/tutorial_taskflow_api.py
[2026-04-07T05:11:20.097+0530] {processor.py:925} INFO - DAG(s) 'tutorial_taskflow_api' retrieved from /home/ubantu/miniconda3/envs/airflow-env/lib/python3.11/site-packages/airflow/example_dags/tutorial_taskflow_api.py
[2026-04-07T05:11:20.118+0530] {logging_mixin.py:190} INFO - [2026-04-07T05:11:20.118+0530] {dag.py:3239} INFO - Sync 1 DAGs
[2026-04-07T05:11:20.130+0530] {logging_mixin.py:190} INFO - [2026-04-07T05:11:20.130+0530] {dag.py:4180} INFO - Setting next_dagrun for tutorial_taskflow_api to None, run_after=None
[2026-04-07T05:11:20.148+0530] {processor.py:208} INFO - Processing /home/ubantu/miniconda3/envs/airflow-env/lib/python3.11/site-packages/airflow/example_dags/tutorial_taskflow_api.py took 0.070 seconds
[2026-04-07T05:12:17.012+0530] {processor.py:186} INFO - Started process (PID=11191) to work on /home/ubantu/miniconda3/envs/airflow-env/lib/python3.11/site-packages/airflow/example_dags/tutorial_taskflow_api.py
[2026-04-07T05:12:17.013+0530] {processor.py:914} INFO - Processing file /home/ubantu/miniconda3/envs/airflow-env/lib/python3.11/site-packages/airflow/example_dags/tutorial_taskflow_api.py for tasks to queue
[2026-04-07T05:12:17.016+0530] {logging_mixin.py:190} INFO - [2026-04-07T05:12:17.015+0530] {dagbag.py:588} INFO - Filling up the DagBag from /home/ubantu/miniconda3/envs/airflow-env/lib/python3.11/site-packages/airflow/example_dags/tutorial_taskflow_api.py
[2026-04-07T05:12:17.028+0530] {processor.py:925} INFO - DAG(s) 'tutorial_taskflow_api' retrieved from /home/ubantu/miniconda3/envs/airflow-env/lib/python3.11/site-packages/airflow/example_dags/tutorial_taskflow_api.py
[2026-04-07T05:12:17.047+0530] {logging_mixin.py:190} INFO - [2026-04-07T05:12:17.047+0530] {dag.py:3239} INFO - Sync 1 DAGs
[2026-04-07T05:12:17.058+0530] {logging_mixin.py:190} INFO - [2026-04-07T05:12:17.058+0530] {dag.py:4180} INFO - Setting next_dagrun for tutorial_taskflow_api to None, run_after=None
[2026-04-07T05:12:17.077+0530] {processor.py:208} INFO - Processing /home/ubantu/miniconda3/envs/airflow-env/lib/python3.11/site-packages/airflow/example_dags/tutorial_taskflow_api.py took 0.072 seconds
[2026-04-07T05:13:16.636+0530] {processor.py:186} INFO - Started process (PID=11278) to work on /home/ubantu/miniconda3/envs/airflow-env/lib/python3.11/site-packages/airflow/example_dags/tutorial_taskflow_api.py
[2026-04-07T05:13:16.637+0530] {processor.py:914} INFO - Processing file /home/ubantu/miniconda3/envs/airflow-env/lib/python3.11/site-packages/airflow/example_dags/tutorial_taskflow_api.py for tasks to queue
[2026-04-07T05:13:16.639+0530] {logging_mixin.py:190} INFO - [2026-04-07T05:13:16.639+0530] {dagbag.py:588} INFO - Filling up the DagBag from /home/ubantu/miniconda3/envs/airflow-env/lib/python3.11/site-packages/airflow/example_dags/tutorial_taskflow_api.py
[2026-04-07T05:13:16.649+0530] {processor.py:925} INFO - DAG(s) 'tutorial_taskflow_api' retrieved from /home/ubantu/miniconda3/envs/airflow-env/lib/python3.11/site-packages/airflow/example_dags/tutorial_taskflow_api.py
[2026-04-07T05:13:16.669+0530] {logging_mixin.py:190} INFO - [2026-04-07T05:13:16.669+0530] {dag.py:3239} INFO - Sync 1 DAGs
[2026-04-07T05:13:16.686+0530] {logging_mixin.py:190} INFO - [2026-04-07T05:13:16.685+0530] {dag.py:4180} INFO - Setting next_dagrun for tutorial_taskflow_api to None, run_after=None
[2026-04-07T05:13:16.712+0530] {processor.py:208} INFO - Processing /home/ubantu/miniconda3/envs/airflow-env/lib/python3.11/site-packages/airflow/example_dags/tutorial_taskflow_api.py took 0.081 seconds
[2026-04-07T05:14:22.893+0530] {processor.py:186} INFO - Started process (PID=11359) to work on /home/ubantu/miniconda3/envs/airflow-env/lib/python3.11/site-packages/airflow/example_dags/tutorial_taskflow_api.py
[2026-04-07T05:14:22.894+0530] {processor.py:914} INFO - Processing file /home/ubantu/miniconda3/envs/airflow-env/lib/python3.11/site-packages/airflow/example_dags/tutorial_taskflow_api.py for tasks to queue
[2026-04-07T05:14:22.896+0530] {logging_mixin.py:190} INFO - [2026-04-07T05:14:22.896+0530] {dagbag.py:588} INFO - Filling up the DagBag from /home/ubantu/miniconda3/envs/airflow-env/lib/python3.11/site-packages/airflow/example_dags/tutorial_taskflow_api.py
[2026-04-07T05:14:22.905+0530] {processor.py:925} INFO - DAG(s) 'tutorial_taskflow_api' retrieved from /home/ubantu/miniconda3/envs/airflow-env/lib/python3.11/site-packages/airflow/example_dags/tutorial_taskflow_api.py
[2026-04-07T05:14:22.922+0530] {logging_mixin.py:190} INFO - [2026-04-07T05:14:22.922+0530] {dag.py:3239} INFO - Sync 1 DAGs
[2026-04-07T05:14:22.935+0530] {logging_mixin.py:190} INFO - [2026-04-07T05:14:22.935+0530] {dag.py:4180} INFO - Setting next_dagrun for tutorial_taskflow_api to None, run_after=None
[2026-04-07T05:14:22.958+0530] {processor.py:208} INFO - Processing /home/ubantu/miniconda3/envs/airflow-env/lib/python3.11/site-packages/airflow/example_dags/tutorial_taskflow_api.py took 0.071 seconds
[2026-04-07T05:17:26.860+0530] {processor.py:186} INFO - Started process (PID=11545) to work on /home/ubantu/miniconda3/envs/airflow-env/lib/python3.11/site-packages/airflow/example_dags/tutorial_taskflow_api.py
[2026-04-07T05:17:26.861+0530] {processor.py:914} INFO - Processing file /home/ubantu/miniconda3/envs/airflow-env/lib/python3.11/site-packages/airflow/example_dags/tutorial_taskflow_api.py for tasks to queue
[2026-04-07T05:17:26.864+0530] {logging_mixin.py:190} INFO - [2026-04-07T05:17:26.864+0530] {dagbag.py:588} INFO - Filling up the DagBag from /home/ubantu/miniconda3/envs/airflow-env/lib/python3.11/site-packages/airflow/example_dags/tutorial_taskflow_api.py
[2026-04-07T05:17:26.874+0530] {processor.py:925} INFO - DAG(s) 'tutorial_taskflow_api' retrieved from /home/ubantu/miniconda3/envs/airflow-env/lib/python3.11/site-packages/airflow/example_dags/tutorial_taskflow_api.py
[2026-04-07T05:17:26.897+0530] {logging_mixin.py:190} INFO - [2026-04-07T05:17:26.897+0530] {dag.py:3239} INFO - Sync 1 DAGs
[2026-04-07T05:17:26.909+0530] {logging_mixin.py:190} INFO - [2026-04-07T05:17:26.909+0530] {dag.py:4180} INFO - Setting next_dagrun for tutorial_taskflow_api to None, run_after=None
[2026-04-07T05:17:26.929+0530] {processor.py:208} INFO - Processing /home/ubantu/miniconda3/envs/airflow-env/lib/python3.11/site-packages/airflow/example_dags/tutorial_taskflow_api.py took 0.074 seconds
